[2024-11-18T16:55:12.812+0300] {processor.py:186} INFO - Started process (PID=70) to work on /opt/airflow/dags/telegram_notifications.py
[2024-11-18T16:55:12.814+0300] {processor.py:914} INFO - Processing file /opt/airflow/dags/telegram_notifications.py for tasks to queue
[2024-11-18T16:55:12.817+0300] {logging_mixin.py:190} INFO - [2024-11-18T16:55:12.816+0300] {dagbag.py:588} INFO - Filling up the DagBag from /opt/airflow/dags/telegram_notifications.py
[2024-11-18T16:55:12.835+0300] {processor.py:927} WARNING - No viable dags retrieved from /opt/airflow/dags/telegram_notifications.py
[2024-11-18T16:55:12.861+0300] {processor.py:208} INFO - Processing /opt/airflow/dags/telegram_notifications.py took 0.056 seconds
[2024-11-18T16:55:43.366+0300] {processor.py:186} INFO - Started process (PID=156) to work on /opt/airflow/dags/telegram_notifications.py
[2024-11-18T16:55:43.367+0300] {processor.py:914} INFO - Processing file /opt/airflow/dags/telegram_notifications.py for tasks to queue
[2024-11-18T16:55:43.369+0300] {logging_mixin.py:190} INFO - [2024-11-18T16:55:43.369+0300] {dagbag.py:588} INFO - Filling up the DagBag from /opt/airflow/dags/telegram_notifications.py
[2024-11-18T16:55:43.385+0300] {processor.py:927} WARNING - No viable dags retrieved from /opt/airflow/dags/telegram_notifications.py
[2024-11-18T16:55:43.397+0300] {processor.py:208} INFO - Processing /opt/airflow/dags/telegram_notifications.py took 0.035 seconds
[2024-11-18T16:56:14.696+0300] {processor.py:186} INFO - Started process (PID=233) to work on /opt/airflow/dags/telegram_notifications.py
[2024-11-18T16:56:14.697+0300] {processor.py:914} INFO - Processing file /opt/airflow/dags/telegram_notifications.py for tasks to queue
[2024-11-18T16:56:14.700+0300] {logging_mixin.py:190} INFO - [2024-11-18T16:56:14.699+0300] {dagbag.py:588} INFO - Filling up the DagBag from /opt/airflow/dags/telegram_notifications.py
[2024-11-18T16:56:14.716+0300] {processor.py:927} WARNING - No viable dags retrieved from /opt/airflow/dags/telegram_notifications.py
[2024-11-18T16:56:14.728+0300] {processor.py:208} INFO - Processing /opt/airflow/dags/telegram_notifications.py took 0.037 seconds
[2024-11-18T16:56:45.054+0300] {processor.py:186} INFO - Started process (PID=302) to work on /opt/airflow/dags/telegram_notifications.py
[2024-11-18T16:56:45.055+0300] {processor.py:914} INFO - Processing file /opt/airflow/dags/telegram_notifications.py for tasks to queue
[2024-11-18T16:56:45.058+0300] {logging_mixin.py:190} INFO - [2024-11-18T16:56:45.058+0300] {dagbag.py:588} INFO - Filling up the DagBag from /opt/airflow/dags/telegram_notifications.py
[2024-11-18T16:56:45.080+0300] {processor.py:927} WARNING - No viable dags retrieved from /opt/airflow/dags/telegram_notifications.py
[2024-11-18T16:56:45.091+0300] {processor.py:208} INFO - Processing /opt/airflow/dags/telegram_notifications.py took 0.041 seconds
[2024-11-18T16:57:15.446+0300] {processor.py:186} INFO - Started process (PID=371) to work on /opt/airflow/dags/telegram_notifications.py
[2024-11-18T16:57:15.447+0300] {processor.py:914} INFO - Processing file /opt/airflow/dags/telegram_notifications.py for tasks to queue
[2024-11-18T16:57:15.450+0300] {logging_mixin.py:190} INFO - [2024-11-18T16:57:15.450+0300] {dagbag.py:588} INFO - Filling up the DagBag from /opt/airflow/dags/telegram_notifications.py
[2024-11-18T16:57:15.468+0300] {processor.py:927} WARNING - No viable dags retrieved from /opt/airflow/dags/telegram_notifications.py
[2024-11-18T16:57:15.485+0300] {processor.py:208} INFO - Processing /opt/airflow/dags/telegram_notifications.py took 0.044 seconds
[2024-11-18T16:57:46.106+0300] {processor.py:186} INFO - Started process (PID=440) to work on /opt/airflow/dags/telegram_notifications.py
[2024-11-18T16:57:46.108+0300] {processor.py:914} INFO - Processing file /opt/airflow/dags/telegram_notifications.py for tasks to queue
[2024-11-18T16:57:46.111+0300] {logging_mixin.py:190} INFO - [2024-11-18T16:57:46.111+0300] {dagbag.py:588} INFO - Filling up the DagBag from /opt/airflow/dags/telegram_notifications.py
[2024-11-18T16:57:46.144+0300] {processor.py:927} WARNING - No viable dags retrieved from /opt/airflow/dags/telegram_notifications.py
[2024-11-18T16:57:46.163+0300] {processor.py:208} INFO - Processing /opt/airflow/dags/telegram_notifications.py took 0.065 seconds
[2024-11-18T16:58:16.776+0300] {processor.py:186} INFO - Started process (PID=509) to work on /opt/airflow/dags/telegram_notifications.py
[2024-11-18T16:58:16.778+0300] {processor.py:914} INFO - Processing file /opt/airflow/dags/telegram_notifications.py for tasks to queue
[2024-11-18T16:58:16.784+0300] {logging_mixin.py:190} INFO - [2024-11-18T16:58:16.784+0300] {dagbag.py:588} INFO - Filling up the DagBag from /opt/airflow/dags/telegram_notifications.py
[2024-11-18T16:58:16.849+0300] {processor.py:927} WARNING - No viable dags retrieved from /opt/airflow/dags/telegram_notifications.py
[2024-11-18T16:58:16.876+0300] {processor.py:208} INFO - Processing /opt/airflow/dags/telegram_notifications.py took 0.107 seconds
[2024-11-18T16:58:47.087+0300] {processor.py:186} INFO - Started process (PID=577) to work on /opt/airflow/dags/telegram_notifications.py
[2024-11-18T16:58:47.088+0300] {processor.py:914} INFO - Processing file /opt/airflow/dags/telegram_notifications.py for tasks to queue
[2024-11-18T16:58:47.090+0300] {logging_mixin.py:190} INFO - [2024-11-18T16:58:47.090+0300] {dagbag.py:588} INFO - Filling up the DagBag from /opt/airflow/dags/telegram_notifications.py
[2024-11-18T16:58:47.104+0300] {processor.py:927} WARNING - No viable dags retrieved from /opt/airflow/dags/telegram_notifications.py
[2024-11-18T16:58:47.114+0300] {processor.py:208} INFO - Processing /opt/airflow/dags/telegram_notifications.py took 0.031 seconds
