[2024-11-08T18:11:21.423+0300] {processor.py:186} INFO - Started process (PID=104) to work on /home/airflow/.local/lib/python3.12/site-packages/airflow/example_dags/example_complex.py
[2024-11-08T18:11:21.426+0300] {processor.py:914} INFO - Processing file /home/airflow/.local/lib/python3.12/site-packages/airflow/example_dags/example_complex.py for tasks to queue
[2024-11-08T18:11:21.434+0300] {logging_mixin.py:190} INFO - [2024-11-08T18:11:21.433+0300] {dagbag.py:588} INFO - Filling up the DagBag from /home/airflow/.local/lib/python3.12/site-packages/airflow/example_dags/example_complex.py
[2024-11-08T18:11:21.483+0300] {processor.py:925} INFO - DAG(s) 'example_complex' retrieved from /home/airflow/.local/lib/python3.12/site-packages/airflow/example_dags/example_complex.py
[2024-11-08T18:11:21.585+0300] {logging_mixin.py:190} INFO - [2024-11-08T18:11:21.584+0300] {dag.py:3239} INFO - Sync 1 DAGs
[2024-11-08T18:11:21.628+0300] {logging_mixin.py:190} INFO - [2024-11-08T18:11:21.628+0300] {dag.py:4180} INFO - Setting next_dagrun for example_complex to None, run_after=None
[2024-11-08T18:11:21.699+0300] {processor.py:208} INFO - Processing /home/airflow/.local/lib/python3.12/site-packages/airflow/example_dags/example_complex.py took 0.285 seconds
[2024-11-08T18:11:51.968+0300] {processor.py:186} INFO - Started process (PID=196) to work on /home/airflow/.local/lib/python3.12/site-packages/airflow/example_dags/example_complex.py
[2024-11-08T18:11:51.969+0300] {processor.py:914} INFO - Processing file /home/airflow/.local/lib/python3.12/site-packages/airflow/example_dags/example_complex.py for tasks to queue
[2024-11-08T18:11:51.971+0300] {logging_mixin.py:190} INFO - [2024-11-08T18:11:51.971+0300] {dagbag.py:588} INFO - Filling up the DagBag from /home/airflow/.local/lib/python3.12/site-packages/airflow/example_dags/example_complex.py
[2024-11-08T18:11:51.982+0300] {processor.py:925} INFO - DAG(s) 'example_complex' retrieved from /home/airflow/.local/lib/python3.12/site-packages/airflow/example_dags/example_complex.py
[2024-11-08T18:11:52.010+0300] {logging_mixin.py:190} INFO - [2024-11-08T18:11:52.010+0300] {dag.py:3239} INFO - Sync 1 DAGs
[2024-11-08T18:11:52.023+0300] {logging_mixin.py:190} INFO - [2024-11-08T18:11:52.022+0300] {dag.py:4180} INFO - Setting next_dagrun for example_complex to None, run_after=None
[2024-11-08T18:11:52.042+0300] {processor.py:208} INFO - Processing /home/airflow/.local/lib/python3.12/site-packages/airflow/example_dags/example_complex.py took 0.080 seconds
[2024-11-08T18:12:23.027+0300] {processor.py:186} INFO - Started process (PID=270) to work on /home/airflow/.local/lib/python3.12/site-packages/airflow/example_dags/example_complex.py
[2024-11-08T18:12:23.028+0300] {processor.py:914} INFO - Processing file /home/airflow/.local/lib/python3.12/site-packages/airflow/example_dags/example_complex.py for tasks to queue
[2024-11-08T18:12:23.030+0300] {logging_mixin.py:190} INFO - [2024-11-08T18:12:23.030+0300] {dagbag.py:588} INFO - Filling up the DagBag from /home/airflow/.local/lib/python3.12/site-packages/airflow/example_dags/example_complex.py
[2024-11-08T18:12:23.039+0300] {processor.py:925} INFO - DAG(s) 'example_complex' retrieved from /home/airflow/.local/lib/python3.12/site-packages/airflow/example_dags/example_complex.py
[2024-11-08T18:12:23.067+0300] {logging_mixin.py:190} INFO - [2024-11-08T18:12:23.066+0300] {dag.py:3239} INFO - Sync 1 DAGs
[2024-11-08T18:12:23.079+0300] {logging_mixin.py:190} INFO - [2024-11-08T18:12:23.079+0300] {dag.py:4180} INFO - Setting next_dagrun for example_complex to None, run_after=None
[2024-11-08T18:12:23.107+0300] {processor.py:208} INFO - Processing /home/airflow/.local/lib/python3.12/site-packages/airflow/example_dags/example_complex.py took 0.086 seconds
[2024-11-08T18:12:53.448+0300] {processor.py:186} INFO - Started process (PID=342) to work on /home/airflow/.local/lib/python3.12/site-packages/airflow/example_dags/example_complex.py
[2024-11-08T18:12:53.449+0300] {processor.py:914} INFO - Processing file /home/airflow/.local/lib/python3.12/site-packages/airflow/example_dags/example_complex.py for tasks to queue
[2024-11-08T18:12:53.451+0300] {logging_mixin.py:190} INFO - [2024-11-08T18:12:53.451+0300] {dagbag.py:588} INFO - Filling up the DagBag from /home/airflow/.local/lib/python3.12/site-packages/airflow/example_dags/example_complex.py
[2024-11-08T18:12:53.464+0300] {processor.py:925} INFO - DAG(s) 'example_complex' retrieved from /home/airflow/.local/lib/python3.12/site-packages/airflow/example_dags/example_complex.py
[2024-11-08T18:12:53.489+0300] {logging_mixin.py:190} INFO - [2024-11-08T18:12:53.489+0300] {dag.py:3239} INFO - Sync 1 DAGs
[2024-11-08T18:12:53.501+0300] {logging_mixin.py:190} INFO - [2024-11-08T18:12:53.501+0300] {dag.py:4180} INFO - Setting next_dagrun for example_complex to None, run_after=None
[2024-11-08T18:12:53.519+0300] {processor.py:208} INFO - Processing /home/airflow/.local/lib/python3.12/site-packages/airflow/example_dags/example_complex.py took 0.076 seconds
[2024-11-08T18:13:23.833+0300] {processor.py:186} INFO - Started process (PID=411) to work on /home/airflow/.local/lib/python3.12/site-packages/airflow/example_dags/example_complex.py
[2024-11-08T18:13:23.834+0300] {processor.py:914} INFO - Processing file /home/airflow/.local/lib/python3.12/site-packages/airflow/example_dags/example_complex.py for tasks to queue
[2024-11-08T18:13:23.837+0300] {logging_mixin.py:190} INFO - [2024-11-08T18:13:23.836+0300] {dagbag.py:588} INFO - Filling up the DagBag from /home/airflow/.local/lib/python3.12/site-packages/airflow/example_dags/example_complex.py
[2024-11-08T18:13:23.847+0300] {processor.py:925} INFO - DAG(s) 'example_complex' retrieved from /home/airflow/.local/lib/python3.12/site-packages/airflow/example_dags/example_complex.py
[2024-11-08T18:13:23.875+0300] {logging_mixin.py:190} INFO - [2024-11-08T18:13:23.874+0300] {dag.py:3239} INFO - Sync 1 DAGs
[2024-11-08T18:13:23.889+0300] {logging_mixin.py:190} INFO - [2024-11-08T18:13:23.888+0300] {dag.py:4180} INFO - Setting next_dagrun for example_complex to None, run_after=None
[2024-11-08T18:13:23.922+0300] {processor.py:208} INFO - Processing /home/airflow/.local/lib/python3.12/site-packages/airflow/example_dags/example_complex.py took 0.094 seconds
[2024-11-08T18:13:54.249+0300] {processor.py:186} INFO - Started process (PID=480) to work on /home/airflow/.local/lib/python3.12/site-packages/airflow/example_dags/example_complex.py
[2024-11-08T18:13:54.250+0300] {processor.py:914} INFO - Processing file /home/airflow/.local/lib/python3.12/site-packages/airflow/example_dags/example_complex.py for tasks to queue
[2024-11-08T18:13:54.252+0300] {logging_mixin.py:190} INFO - [2024-11-08T18:13:54.252+0300] {dagbag.py:588} INFO - Filling up the DagBag from /home/airflow/.local/lib/python3.12/site-packages/airflow/example_dags/example_complex.py
[2024-11-08T18:13:54.264+0300] {processor.py:925} INFO - DAG(s) 'example_complex' retrieved from /home/airflow/.local/lib/python3.12/site-packages/airflow/example_dags/example_complex.py
[2024-11-08T18:13:54.291+0300] {logging_mixin.py:190} INFO - [2024-11-08T18:13:54.291+0300] {dag.py:3239} INFO - Sync 1 DAGs
[2024-11-08T18:13:54.303+0300] {logging_mixin.py:190} INFO - [2024-11-08T18:13:54.302+0300] {dag.py:4180} INFO - Setting next_dagrun for example_complex to None, run_after=None
[2024-11-08T18:13:54.336+0300] {processor.py:208} INFO - Processing /home/airflow/.local/lib/python3.12/site-packages/airflow/example_dags/example_complex.py took 0.092 seconds
[2024-11-08T18:14:25.370+0300] {processor.py:186} INFO - Started process (PID=549) to work on /home/airflow/.local/lib/python3.12/site-packages/airflow/example_dags/example_complex.py
[2024-11-08T18:14:25.371+0300] {processor.py:914} INFO - Processing file /home/airflow/.local/lib/python3.12/site-packages/airflow/example_dags/example_complex.py for tasks to queue
[2024-11-08T18:14:25.374+0300] {logging_mixin.py:190} INFO - [2024-11-08T18:14:25.373+0300] {dagbag.py:588} INFO - Filling up the DagBag from /home/airflow/.local/lib/python3.12/site-packages/airflow/example_dags/example_complex.py
[2024-11-08T18:14:25.383+0300] {processor.py:925} INFO - DAG(s) 'example_complex' retrieved from /home/airflow/.local/lib/python3.12/site-packages/airflow/example_dags/example_complex.py
[2024-11-08T18:14:25.409+0300] {logging_mixin.py:190} INFO - [2024-11-08T18:14:25.409+0300] {dag.py:3239} INFO - Sync 1 DAGs
[2024-11-08T18:14:25.422+0300] {logging_mixin.py:190} INFO - [2024-11-08T18:14:25.421+0300] {dag.py:4180} INFO - Setting next_dagrun for example_complex to None, run_after=None
[2024-11-08T18:14:25.451+0300] {processor.py:208} INFO - Processing /home/airflow/.local/lib/python3.12/site-packages/airflow/example_dags/example_complex.py took 0.087 seconds
[2024-11-08T18:14:55.630+0300] {processor.py:186} INFO - Started process (PID=617) to work on /home/airflow/.local/lib/python3.12/site-packages/airflow/example_dags/example_complex.py
[2024-11-08T18:14:55.631+0300] {processor.py:914} INFO - Processing file /home/airflow/.local/lib/python3.12/site-packages/airflow/example_dags/example_complex.py for tasks to queue
[2024-11-08T18:14:55.634+0300] {logging_mixin.py:190} INFO - [2024-11-08T18:14:55.633+0300] {dagbag.py:588} INFO - Filling up the DagBag from /home/airflow/.local/lib/python3.12/site-packages/airflow/example_dags/example_complex.py
[2024-11-08T18:14:55.644+0300] {processor.py:925} INFO - DAG(s) 'example_complex' retrieved from /home/airflow/.local/lib/python3.12/site-packages/airflow/example_dags/example_complex.py
[2024-11-08T18:14:55.667+0300] {logging_mixin.py:190} INFO - [2024-11-08T18:14:55.667+0300] {dag.py:3239} INFO - Sync 1 DAGs
[2024-11-08T18:14:55.678+0300] {logging_mixin.py:190} INFO - [2024-11-08T18:14:55.678+0300] {dag.py:4180} INFO - Setting next_dagrun for example_complex to None, run_after=None
[2024-11-08T18:14:55.696+0300] {processor.py:208} INFO - Processing /home/airflow/.local/lib/python3.12/site-packages/airflow/example_dags/example_complex.py took 0.072 seconds
[2024-11-08T18:15:26.620+0300] {processor.py:186} INFO - Started process (PID=686) to work on /home/airflow/.local/lib/python3.12/site-packages/airflow/example_dags/example_complex.py
[2024-11-08T18:15:26.622+0300] {processor.py:914} INFO - Processing file /home/airflow/.local/lib/python3.12/site-packages/airflow/example_dags/example_complex.py for tasks to queue
[2024-11-08T18:15:26.629+0300] {logging_mixin.py:190} INFO - [2024-11-08T18:15:26.627+0300] {dagbag.py:588} INFO - Filling up the DagBag from /home/airflow/.local/lib/python3.12/site-packages/airflow/example_dags/example_complex.py
[2024-11-08T18:15:26.651+0300] {processor.py:925} INFO - DAG(s) 'example_complex' retrieved from /home/airflow/.local/lib/python3.12/site-packages/airflow/example_dags/example_complex.py
[2024-11-08T18:15:26.699+0300] {logging_mixin.py:190} INFO - [2024-11-08T18:15:26.698+0300] {dag.py:3239} INFO - Sync 1 DAGs
[2024-11-08T18:15:26.726+0300] {logging_mixin.py:190} INFO - [2024-11-08T18:15:26.726+0300] {dag.py:4180} INFO - Setting next_dagrun for example_complex to None, run_after=None
[2024-11-08T18:15:26.756+0300] {processor.py:208} INFO - Processing /home/airflow/.local/lib/python3.12/site-packages/airflow/example_dags/example_complex.py took 0.146 seconds
[2024-11-08T18:15:57.107+0300] {processor.py:186} INFO - Started process (PID=755) to work on /home/airflow/.local/lib/python3.12/site-packages/airflow/example_dags/example_complex.py
[2024-11-08T18:15:57.108+0300] {processor.py:914} INFO - Processing file /home/airflow/.local/lib/python3.12/site-packages/airflow/example_dags/example_complex.py for tasks to queue
[2024-11-08T18:15:57.111+0300] {logging_mixin.py:190} INFO - [2024-11-08T18:15:57.111+0300] {dagbag.py:588} INFO - Filling up the DagBag from /home/airflow/.local/lib/python3.12/site-packages/airflow/example_dags/example_complex.py
[2024-11-08T18:15:57.121+0300] {processor.py:925} INFO - DAG(s) 'example_complex' retrieved from /home/airflow/.local/lib/python3.12/site-packages/airflow/example_dags/example_complex.py
[2024-11-08T18:15:57.149+0300] {logging_mixin.py:190} INFO - [2024-11-08T18:15:57.149+0300] {dag.py:3239} INFO - Sync 1 DAGs
[2024-11-08T18:15:57.162+0300] {logging_mixin.py:190} INFO - [2024-11-08T18:15:57.162+0300] {dag.py:4180} INFO - Setting next_dagrun for example_complex to None, run_after=None
[2024-11-08T18:15:57.181+0300] {processor.py:208} INFO - Processing /home/airflow/.local/lib/python3.12/site-packages/airflow/example_dags/example_complex.py took 0.079 seconds
[2024-11-08T18:16:28.003+0300] {processor.py:186} INFO - Started process (PID=824) to work on /home/airflow/.local/lib/python3.12/site-packages/airflow/example_dags/example_complex.py
[2024-11-08T18:16:28.005+0300] {processor.py:914} INFO - Processing file /home/airflow/.local/lib/python3.12/site-packages/airflow/example_dags/example_complex.py for tasks to queue
[2024-11-08T18:16:28.007+0300] {logging_mixin.py:190} INFO - [2024-11-08T18:16:28.007+0300] {dagbag.py:588} INFO - Filling up the DagBag from /home/airflow/.local/lib/python3.12/site-packages/airflow/example_dags/example_complex.py
[2024-11-08T18:16:28.017+0300] {processor.py:925} INFO - DAG(s) 'example_complex' retrieved from /home/airflow/.local/lib/python3.12/site-packages/airflow/example_dags/example_complex.py
[2024-11-08T18:16:28.044+0300] {logging_mixin.py:190} INFO - [2024-11-08T18:16:28.044+0300] {dag.py:3239} INFO - Sync 1 DAGs
[2024-11-08T18:16:28.057+0300] {logging_mixin.py:190} INFO - [2024-11-08T18:16:28.057+0300] {dag.py:4180} INFO - Setting next_dagrun for example_complex to None, run_after=None
[2024-11-08T18:16:28.078+0300] {processor.py:208} INFO - Processing /home/airflow/.local/lib/python3.12/site-packages/airflow/example_dags/example_complex.py took 0.079 seconds
[2024-11-08T18:16:58.857+0300] {processor.py:186} INFO - Started process (PID=893) to work on /home/airflow/.local/lib/python3.12/site-packages/airflow/example_dags/example_complex.py
[2024-11-08T18:16:58.858+0300] {processor.py:914} INFO - Processing file /home/airflow/.local/lib/python3.12/site-packages/airflow/example_dags/example_complex.py for tasks to queue
[2024-11-08T18:16:58.861+0300] {logging_mixin.py:190} INFO - [2024-11-08T18:16:58.860+0300] {dagbag.py:588} INFO - Filling up the DagBag from /home/airflow/.local/lib/python3.12/site-packages/airflow/example_dags/example_complex.py
[2024-11-08T18:16:58.871+0300] {processor.py:925} INFO - DAG(s) 'example_complex' retrieved from /home/airflow/.local/lib/python3.12/site-packages/airflow/example_dags/example_complex.py
[2024-11-08T18:16:58.898+0300] {logging_mixin.py:190} INFO - [2024-11-08T18:16:58.897+0300] {dag.py:3239} INFO - Sync 1 DAGs
[2024-11-08T18:16:58.910+0300] {logging_mixin.py:190} INFO - [2024-11-08T18:16:58.910+0300] {dag.py:4180} INFO - Setting next_dagrun for example_complex to None, run_after=None
[2024-11-08T18:16:58.928+0300] {processor.py:208} INFO - Processing /home/airflow/.local/lib/python3.12/site-packages/airflow/example_dags/example_complex.py took 0.076 seconds
[2024-11-08T18:27:58.891+0300] {processor.py:186} INFO - Started process (PID=76) to work on /home/airflow/.local/lib/python3.12/site-packages/airflow/example_dags/example_complex.py
[2024-11-08T18:27:58.893+0300] {processor.py:914} INFO - Processing file /home/airflow/.local/lib/python3.12/site-packages/airflow/example_dags/example_complex.py for tasks to queue
[2024-11-08T18:27:58.896+0300] {logging_mixin.py:190} INFO - [2024-11-08T18:27:58.896+0300] {dagbag.py:588} INFO - Filling up the DagBag from /home/airflow/.local/lib/python3.12/site-packages/airflow/example_dags/example_complex.py
[2024-11-08T18:27:58.910+0300] {processor.py:925} INFO - DAG(s) 'example_complex' retrieved from /home/airflow/.local/lib/python3.12/site-packages/airflow/example_dags/example_complex.py
[2024-11-08T18:27:58.955+0300] {logging_mixin.py:190} INFO - [2024-11-08T18:27:58.954+0300] {dag.py:3239} INFO - Sync 1 DAGs
[2024-11-08T18:27:58.974+0300] {logging_mixin.py:190} INFO - [2024-11-08T18:27:58.974+0300] {dag.py:4180} INFO - Setting next_dagrun for example_complex to None, run_after=None
[2024-11-08T18:27:59.003+0300] {processor.py:208} INFO - Processing /home/airflow/.local/lib/python3.12/site-packages/airflow/example_dags/example_complex.py took 0.121 seconds
[2024-11-08T18:28:29.493+0300] {processor.py:186} INFO - Started process (PID=145) to work on /home/airflow/.local/lib/python3.12/site-packages/airflow/example_dags/example_complex.py
[2024-11-08T18:28:29.495+0300] {processor.py:914} INFO - Processing file /home/airflow/.local/lib/python3.12/site-packages/airflow/example_dags/example_complex.py for tasks to queue
[2024-11-08T18:28:29.497+0300] {logging_mixin.py:190} INFO - [2024-11-08T18:28:29.497+0300] {dagbag.py:588} INFO - Filling up the DagBag from /home/airflow/.local/lib/python3.12/site-packages/airflow/example_dags/example_complex.py
[2024-11-08T18:28:29.507+0300] {processor.py:925} INFO - DAG(s) 'example_complex' retrieved from /home/airflow/.local/lib/python3.12/site-packages/airflow/example_dags/example_complex.py
[2024-11-08T18:28:29.539+0300] {logging_mixin.py:190} INFO - [2024-11-08T18:28:29.539+0300] {dag.py:3239} INFO - Sync 1 DAGs
[2024-11-08T18:28:29.552+0300] {logging_mixin.py:190} INFO - [2024-11-08T18:28:29.552+0300] {dag.py:4180} INFO - Setting next_dagrun for example_complex to None, run_after=None
[2024-11-08T18:28:29.582+0300] {processor.py:208} INFO - Processing /home/airflow/.local/lib/python3.12/site-packages/airflow/example_dags/example_complex.py took 0.094 seconds
[2024-11-08T18:28:59.863+0300] {processor.py:186} INFO - Started process (PID=214) to work on /home/airflow/.local/lib/python3.12/site-packages/airflow/example_dags/example_complex.py
[2024-11-08T18:28:59.864+0300] {processor.py:914} INFO - Processing file /home/airflow/.local/lib/python3.12/site-packages/airflow/example_dags/example_complex.py for tasks to queue
[2024-11-08T18:28:59.866+0300] {logging_mixin.py:190} INFO - [2024-11-08T18:28:59.866+0300] {dagbag.py:588} INFO - Filling up the DagBag from /home/airflow/.local/lib/python3.12/site-packages/airflow/example_dags/example_complex.py
[2024-11-08T18:28:59.878+0300] {processor.py:925} INFO - DAG(s) 'example_complex' retrieved from /home/airflow/.local/lib/python3.12/site-packages/airflow/example_dags/example_complex.py
[2024-11-08T18:28:59.909+0300] {logging_mixin.py:190} INFO - [2024-11-08T18:28:59.908+0300] {dag.py:3239} INFO - Sync 1 DAGs
[2024-11-08T18:28:59.920+0300] {logging_mixin.py:190} INFO - [2024-11-08T18:28:59.920+0300] {dag.py:4180} INFO - Setting next_dagrun for example_complex to None, run_after=None
[2024-11-08T18:28:59.934+0300] {processor.py:208} INFO - Processing /home/airflow/.local/lib/python3.12/site-packages/airflow/example_dags/example_complex.py took 0.076 seconds
[2024-11-08T18:29:30.381+0300] {processor.py:186} INFO - Started process (PID=283) to work on /home/airflow/.local/lib/python3.12/site-packages/airflow/example_dags/example_complex.py
[2024-11-08T18:29:30.382+0300] {processor.py:914} INFO - Processing file /home/airflow/.local/lib/python3.12/site-packages/airflow/example_dags/example_complex.py for tasks to queue
[2024-11-08T18:29:30.384+0300] {logging_mixin.py:190} INFO - [2024-11-08T18:29:30.384+0300] {dagbag.py:588} INFO - Filling up the DagBag from /home/airflow/.local/lib/python3.12/site-packages/airflow/example_dags/example_complex.py
[2024-11-08T18:29:30.395+0300] {processor.py:925} INFO - DAG(s) 'example_complex' retrieved from /home/airflow/.local/lib/python3.12/site-packages/airflow/example_dags/example_complex.py
[2024-11-08T18:29:30.425+0300] {logging_mixin.py:190} INFO - [2024-11-08T18:29:30.425+0300] {dag.py:3239} INFO - Sync 1 DAGs
[2024-11-08T18:29:30.437+0300] {logging_mixin.py:190} INFO - [2024-11-08T18:29:30.437+0300] {dag.py:4180} INFO - Setting next_dagrun for example_complex to None, run_after=None
[2024-11-08T18:29:30.455+0300] {processor.py:208} INFO - Processing /home/airflow/.local/lib/python3.12/site-packages/airflow/example_dags/example_complex.py took 0.078 seconds
[2024-11-08T18:30:01.346+0300] {processor.py:186} INFO - Started process (PID=358) to work on /home/airflow/.local/lib/python3.12/site-packages/airflow/example_dags/example_complex.py
[2024-11-08T18:30:01.347+0300] {processor.py:914} INFO - Processing file /home/airflow/.local/lib/python3.12/site-packages/airflow/example_dags/example_complex.py for tasks to queue
[2024-11-08T18:30:01.350+0300] {logging_mixin.py:190} INFO - [2024-11-08T18:30:01.349+0300] {dagbag.py:588} INFO - Filling up the DagBag from /home/airflow/.local/lib/python3.12/site-packages/airflow/example_dags/example_complex.py
[2024-11-08T18:30:01.359+0300] {processor.py:925} INFO - DAG(s) 'example_complex' retrieved from /home/airflow/.local/lib/python3.12/site-packages/airflow/example_dags/example_complex.py
[2024-11-08T18:30:01.384+0300] {logging_mixin.py:190} INFO - [2024-11-08T18:30:01.384+0300] {dag.py:3239} INFO - Sync 1 DAGs
[2024-11-08T18:30:01.398+0300] {logging_mixin.py:190} INFO - [2024-11-08T18:30:01.398+0300] {dag.py:4180} INFO - Setting next_dagrun for example_complex to None, run_after=None
[2024-11-08T18:30:01.415+0300] {processor.py:208} INFO - Processing /home/airflow/.local/lib/python3.12/site-packages/airflow/example_dags/example_complex.py took 0.075 seconds
[2024-11-08T18:30:32.303+0300] {processor.py:186} INFO - Started process (PID=427) to work on /home/airflow/.local/lib/python3.12/site-packages/airflow/example_dags/example_complex.py
[2024-11-08T18:30:32.304+0300] {processor.py:914} INFO - Processing file /home/airflow/.local/lib/python3.12/site-packages/airflow/example_dags/example_complex.py for tasks to queue
[2024-11-08T18:30:32.309+0300] {logging_mixin.py:190} INFO - [2024-11-08T18:30:32.308+0300] {dagbag.py:588} INFO - Filling up the DagBag from /home/airflow/.local/lib/python3.12/site-packages/airflow/example_dags/example_complex.py
[2024-11-08T18:30:32.323+0300] {processor.py:925} INFO - DAG(s) 'example_complex' retrieved from /home/airflow/.local/lib/python3.12/site-packages/airflow/example_dags/example_complex.py
[2024-11-08T18:30:32.355+0300] {logging_mixin.py:190} INFO - [2024-11-08T18:30:32.355+0300] {dag.py:3239} INFO - Sync 1 DAGs
[2024-11-08T18:30:32.367+0300] {logging_mixin.py:190} INFO - [2024-11-08T18:30:32.367+0300] {dag.py:4180} INFO - Setting next_dagrun for example_complex to None, run_after=None
[2024-11-08T18:30:32.387+0300] {processor.py:208} INFO - Processing /home/airflow/.local/lib/python3.12/site-packages/airflow/example_dags/example_complex.py took 0.091 seconds
[2024-11-08T18:31:02.880+0300] {processor.py:186} INFO - Started process (PID=496) to work on /home/airflow/.local/lib/python3.12/site-packages/airflow/example_dags/example_complex.py
[2024-11-08T18:31:02.881+0300] {processor.py:914} INFO - Processing file /home/airflow/.local/lib/python3.12/site-packages/airflow/example_dags/example_complex.py for tasks to queue
[2024-11-08T18:31:02.883+0300] {logging_mixin.py:190} INFO - [2024-11-08T18:31:02.883+0300] {dagbag.py:588} INFO - Filling up the DagBag from /home/airflow/.local/lib/python3.12/site-packages/airflow/example_dags/example_complex.py
[2024-11-08T18:31:02.892+0300] {processor.py:925} INFO - DAG(s) 'example_complex' retrieved from /home/airflow/.local/lib/python3.12/site-packages/airflow/example_dags/example_complex.py
[2024-11-08T18:31:02.915+0300] {logging_mixin.py:190} INFO - [2024-11-08T18:31:02.915+0300] {dag.py:3239} INFO - Sync 1 DAGs
[2024-11-08T18:31:02.927+0300] {logging_mixin.py:190} INFO - [2024-11-08T18:31:02.927+0300] {dag.py:4180} INFO - Setting next_dagrun for example_complex to None, run_after=None
[2024-11-08T18:31:02.952+0300] {processor.py:208} INFO - Processing /home/airflow/.local/lib/python3.12/site-packages/airflow/example_dags/example_complex.py took 0.077 seconds
[2024-11-08T18:31:33.271+0300] {processor.py:186} INFO - Started process (PID=565) to work on /home/airflow/.local/lib/python3.12/site-packages/airflow/example_dags/example_complex.py
[2024-11-08T18:31:33.273+0300] {processor.py:914} INFO - Processing file /home/airflow/.local/lib/python3.12/site-packages/airflow/example_dags/example_complex.py for tasks to queue
[2024-11-08T18:31:33.276+0300] {logging_mixin.py:190} INFO - [2024-11-08T18:31:33.275+0300] {dagbag.py:588} INFO - Filling up the DagBag from /home/airflow/.local/lib/python3.12/site-packages/airflow/example_dags/example_complex.py
[2024-11-08T18:31:33.286+0300] {processor.py:925} INFO - DAG(s) 'example_complex' retrieved from /home/airflow/.local/lib/python3.12/site-packages/airflow/example_dags/example_complex.py
[2024-11-08T18:31:33.316+0300] {logging_mixin.py:190} INFO - [2024-11-08T18:31:33.315+0300] {dag.py:3239} INFO - Sync 1 DAGs
[2024-11-08T18:31:33.329+0300] {logging_mixin.py:190} INFO - [2024-11-08T18:31:33.329+0300] {dag.py:4180} INFO - Setting next_dagrun for example_complex to None, run_after=None
[2024-11-08T18:31:33.346+0300] {processor.py:208} INFO - Processing /home/airflow/.local/lib/python3.12/site-packages/airflow/example_dags/example_complex.py took 0.080 seconds
[2024-11-08T18:32:04.747+0300] {processor.py:186} INFO - Started process (PID=634) to work on /home/airflow/.local/lib/python3.12/site-packages/airflow/example_dags/example_complex.py
[2024-11-08T18:32:04.748+0300] {processor.py:914} INFO - Processing file /home/airflow/.local/lib/python3.12/site-packages/airflow/example_dags/example_complex.py for tasks to queue
[2024-11-08T18:32:04.750+0300] {logging_mixin.py:190} INFO - [2024-11-08T18:32:04.750+0300] {dagbag.py:588} INFO - Filling up the DagBag from /home/airflow/.local/lib/python3.12/site-packages/airflow/example_dags/example_complex.py
[2024-11-08T18:32:04.759+0300] {processor.py:925} INFO - DAG(s) 'example_complex' retrieved from /home/airflow/.local/lib/python3.12/site-packages/airflow/example_dags/example_complex.py
[2024-11-08T18:32:04.788+0300] {logging_mixin.py:190} INFO - [2024-11-08T18:32:04.788+0300] {dag.py:3239} INFO - Sync 1 DAGs
[2024-11-08T18:32:04.799+0300] {logging_mixin.py:190} INFO - [2024-11-08T18:32:04.798+0300] {dag.py:4180} INFO - Setting next_dagrun for example_complex to None, run_after=None
[2024-11-08T18:32:04.829+0300] {processor.py:208} INFO - Processing /home/airflow/.local/lib/python3.12/site-packages/airflow/example_dags/example_complex.py took 0.086 seconds
[2024-11-08T18:32:35.586+0300] {processor.py:186} INFO - Started process (PID=703) to work on /home/airflow/.local/lib/python3.12/site-packages/airflow/example_dags/example_complex.py
[2024-11-08T18:32:35.588+0300] {processor.py:914} INFO - Processing file /home/airflow/.local/lib/python3.12/site-packages/airflow/example_dags/example_complex.py for tasks to queue
[2024-11-08T18:32:35.593+0300] {logging_mixin.py:190} INFO - [2024-11-08T18:32:35.592+0300] {dagbag.py:588} INFO - Filling up the DagBag from /home/airflow/.local/lib/python3.12/site-packages/airflow/example_dags/example_complex.py
[2024-11-08T18:32:35.607+0300] {processor.py:925} INFO - DAG(s) 'example_complex' retrieved from /home/airflow/.local/lib/python3.12/site-packages/airflow/example_dags/example_complex.py
[2024-11-08T18:32:35.634+0300] {logging_mixin.py:190} INFO - [2024-11-08T18:32:35.634+0300] {dag.py:3239} INFO - Sync 1 DAGs
[2024-11-08T18:32:35.647+0300] {logging_mixin.py:190} INFO - [2024-11-08T18:32:35.647+0300] {dag.py:4180} INFO - Setting next_dagrun for example_complex to None, run_after=None
[2024-11-08T18:32:35.667+0300] {processor.py:208} INFO - Processing /home/airflow/.local/lib/python3.12/site-packages/airflow/example_dags/example_complex.py took 0.086 seconds
[2024-11-08T18:33:05.921+0300] {processor.py:186} INFO - Started process (PID=771) to work on /home/airflow/.local/lib/python3.12/site-packages/airflow/example_dags/example_complex.py
[2024-11-08T18:33:05.927+0300] {processor.py:914} INFO - Processing file /home/airflow/.local/lib/python3.12/site-packages/airflow/example_dags/example_complex.py for tasks to queue
[2024-11-08T18:33:05.943+0300] {logging_mixin.py:190} INFO - [2024-11-08T18:33:05.940+0300] {dagbag.py:588} INFO - Filling up the DagBag from /home/airflow/.local/lib/python3.12/site-packages/airflow/example_dags/example_complex.py
[2024-11-08T18:33:05.962+0300] {processor.py:925} INFO - DAG(s) 'example_complex' retrieved from /home/airflow/.local/lib/python3.12/site-packages/airflow/example_dags/example_complex.py
[2024-11-08T18:33:05.989+0300] {logging_mixin.py:190} INFO - [2024-11-08T18:33:05.989+0300] {dag.py:3239} INFO - Sync 1 DAGs
[2024-11-08T18:33:06.001+0300] {logging_mixin.py:190} INFO - [2024-11-08T18:33:06.001+0300] {dag.py:4180} INFO - Setting next_dagrun for example_complex to None, run_after=None
[2024-11-08T18:33:06.038+0300] {processor.py:208} INFO - Processing /home/airflow/.local/lib/python3.12/site-packages/airflow/example_dags/example_complex.py took 0.146 seconds
[2024-11-08T18:33:36.865+0300] {processor.py:186} INFO - Started process (PID=840) to work on /home/airflow/.local/lib/python3.12/site-packages/airflow/example_dags/example_complex.py
[2024-11-08T18:33:36.866+0300] {processor.py:914} INFO - Processing file /home/airflow/.local/lib/python3.12/site-packages/airflow/example_dags/example_complex.py for tasks to queue
[2024-11-08T18:33:36.868+0300] {logging_mixin.py:190} INFO - [2024-11-08T18:33:36.868+0300] {dagbag.py:588} INFO - Filling up the DagBag from /home/airflow/.local/lib/python3.12/site-packages/airflow/example_dags/example_complex.py
[2024-11-08T18:33:36.880+0300] {processor.py:925} INFO - DAG(s) 'example_complex' retrieved from /home/airflow/.local/lib/python3.12/site-packages/airflow/example_dags/example_complex.py
[2024-11-08T18:33:36.908+0300] {logging_mixin.py:190} INFO - [2024-11-08T18:33:36.907+0300] {dag.py:3239} INFO - Sync 1 DAGs
[2024-11-08T18:33:36.923+0300] {logging_mixin.py:190} INFO - [2024-11-08T18:33:36.922+0300] {dag.py:4180} INFO - Setting next_dagrun for example_complex to None, run_after=None
[2024-11-08T18:33:36.948+0300] {processor.py:208} INFO - Processing /home/airflow/.local/lib/python3.12/site-packages/airflow/example_dags/example_complex.py took 0.088 seconds
[2024-11-08T18:34:08.006+0300] {processor.py:186} INFO - Started process (PID=909) to work on /home/airflow/.local/lib/python3.12/site-packages/airflow/example_dags/example_complex.py
[2024-11-08T18:34:08.007+0300] {processor.py:914} INFO - Processing file /home/airflow/.local/lib/python3.12/site-packages/airflow/example_dags/example_complex.py for tasks to queue
[2024-11-08T18:34:08.009+0300] {logging_mixin.py:190} INFO - [2024-11-08T18:34:08.009+0300] {dagbag.py:588} INFO - Filling up the DagBag from /home/airflow/.local/lib/python3.12/site-packages/airflow/example_dags/example_complex.py
[2024-11-08T18:34:08.020+0300] {processor.py:925} INFO - DAG(s) 'example_complex' retrieved from /home/airflow/.local/lib/python3.12/site-packages/airflow/example_dags/example_complex.py
[2024-11-08T18:34:08.047+0300] {logging_mixin.py:190} INFO - [2024-11-08T18:34:08.047+0300] {dag.py:3239} INFO - Sync 1 DAGs
[2024-11-08T18:34:08.060+0300] {logging_mixin.py:190} INFO - [2024-11-08T18:34:08.060+0300] {dag.py:4180} INFO - Setting next_dagrun for example_complex to None, run_after=None
[2024-11-08T18:34:08.078+0300] {processor.py:208} INFO - Processing /home/airflow/.local/lib/python3.12/site-packages/airflow/example_dags/example_complex.py took 0.077 seconds
[2024-11-08T18:34:38.379+0300] {processor.py:186} INFO - Started process (PID=978) to work on /home/airflow/.local/lib/python3.12/site-packages/airflow/example_dags/example_complex.py
[2024-11-08T18:34:38.380+0300] {processor.py:914} INFO - Processing file /home/airflow/.local/lib/python3.12/site-packages/airflow/example_dags/example_complex.py for tasks to queue
[2024-11-08T18:34:38.382+0300] {logging_mixin.py:190} INFO - [2024-11-08T18:34:38.382+0300] {dagbag.py:588} INFO - Filling up the DagBag from /home/airflow/.local/lib/python3.12/site-packages/airflow/example_dags/example_complex.py
[2024-11-08T18:34:38.393+0300] {processor.py:925} INFO - DAG(s) 'example_complex' retrieved from /home/airflow/.local/lib/python3.12/site-packages/airflow/example_dags/example_complex.py
[2024-11-08T18:34:38.420+0300] {logging_mixin.py:190} INFO - [2024-11-08T18:34:38.420+0300] {dag.py:3239} INFO - Sync 1 DAGs
[2024-11-08T18:34:38.432+0300] {logging_mixin.py:190} INFO - [2024-11-08T18:34:38.432+0300] {dag.py:4180} INFO - Setting next_dagrun for example_complex to None, run_after=None
[2024-11-08T18:34:38.448+0300] {processor.py:208} INFO - Processing /home/airflow/.local/lib/python3.12/site-packages/airflow/example_dags/example_complex.py took 0.074 seconds
[2024-11-08T18:35:08.981+0300] {processor.py:186} INFO - Started process (PID=1047) to work on /home/airflow/.local/lib/python3.12/site-packages/airflow/example_dags/example_complex.py
[2024-11-08T18:35:08.982+0300] {processor.py:914} INFO - Processing file /home/airflow/.local/lib/python3.12/site-packages/airflow/example_dags/example_complex.py for tasks to queue
[2024-11-08T18:35:08.984+0300] {logging_mixin.py:190} INFO - [2024-11-08T18:35:08.984+0300] {dagbag.py:588} INFO - Filling up the DagBag from /home/airflow/.local/lib/python3.12/site-packages/airflow/example_dags/example_complex.py
[2024-11-08T18:35:08.999+0300] {processor.py:925} INFO - DAG(s) 'example_complex' retrieved from /home/airflow/.local/lib/python3.12/site-packages/airflow/example_dags/example_complex.py
[2024-11-08T18:35:09.025+0300] {logging_mixin.py:190} INFO - [2024-11-08T18:35:09.024+0300] {dag.py:3239} INFO - Sync 1 DAGs
[2024-11-08T18:35:09.038+0300] {logging_mixin.py:190} INFO - [2024-11-08T18:35:09.038+0300] {dag.py:4180} INFO - Setting next_dagrun for example_complex to None, run_after=None
[2024-11-08T18:35:09.060+0300] {processor.py:208} INFO - Processing /home/airflow/.local/lib/python3.12/site-packages/airflow/example_dags/example_complex.py took 0.085 seconds
[2024-11-08T18:35:39.527+0300] {processor.py:186} INFO - Started process (PID=1116) to work on /home/airflow/.local/lib/python3.12/site-packages/airflow/example_dags/example_complex.py
[2024-11-08T18:35:39.529+0300] {processor.py:914} INFO - Processing file /home/airflow/.local/lib/python3.12/site-packages/airflow/example_dags/example_complex.py for tasks to queue
[2024-11-08T18:35:39.531+0300] {logging_mixin.py:190} INFO - [2024-11-08T18:35:39.531+0300] {dagbag.py:588} INFO - Filling up the DagBag from /home/airflow/.local/lib/python3.12/site-packages/airflow/example_dags/example_complex.py
[2024-11-08T18:35:39.542+0300] {processor.py:925} INFO - DAG(s) 'example_complex' retrieved from /home/airflow/.local/lib/python3.12/site-packages/airflow/example_dags/example_complex.py
[2024-11-08T18:35:39.569+0300] {logging_mixin.py:190} INFO - [2024-11-08T18:35:39.569+0300] {dag.py:3239} INFO - Sync 1 DAGs
[2024-11-08T18:35:39.582+0300] {logging_mixin.py:190} INFO - [2024-11-08T18:35:39.581+0300] {dag.py:4180} INFO - Setting next_dagrun for example_complex to None, run_after=None
[2024-11-08T18:35:39.600+0300] {processor.py:208} INFO - Processing /home/airflow/.local/lib/python3.12/site-packages/airflow/example_dags/example_complex.py took 0.078 seconds
[2024-11-08T18:36:10.692+0300] {processor.py:186} INFO - Started process (PID=1185) to work on /home/airflow/.local/lib/python3.12/site-packages/airflow/example_dags/example_complex.py
[2024-11-08T18:36:10.693+0300] {processor.py:914} INFO - Processing file /home/airflow/.local/lib/python3.12/site-packages/airflow/example_dags/example_complex.py for tasks to queue
[2024-11-08T18:36:10.695+0300] {logging_mixin.py:190} INFO - [2024-11-08T18:36:10.695+0300] {dagbag.py:588} INFO - Filling up the DagBag from /home/airflow/.local/lib/python3.12/site-packages/airflow/example_dags/example_complex.py
[2024-11-08T18:36:10.706+0300] {processor.py:925} INFO - DAG(s) 'example_complex' retrieved from /home/airflow/.local/lib/python3.12/site-packages/airflow/example_dags/example_complex.py
[2024-11-08T18:36:10.737+0300] {logging_mixin.py:190} INFO - [2024-11-08T18:36:10.736+0300] {dag.py:3239} INFO - Sync 1 DAGs
[2024-11-08T18:36:10.750+0300] {logging_mixin.py:190} INFO - [2024-11-08T18:36:10.750+0300] {dag.py:4180} INFO - Setting next_dagrun for example_complex to None, run_after=None
[2024-11-08T18:36:10.772+0300] {processor.py:208} INFO - Processing /home/airflow/.local/lib/python3.12/site-packages/airflow/example_dags/example_complex.py took 0.085 seconds
[2024-11-08T18:36:41.314+0300] {processor.py:186} INFO - Started process (PID=1253) to work on /home/airflow/.local/lib/python3.12/site-packages/airflow/example_dags/example_complex.py
[2024-11-08T18:36:41.315+0300] {processor.py:914} INFO - Processing file /home/airflow/.local/lib/python3.12/site-packages/airflow/example_dags/example_complex.py for tasks to queue
[2024-11-08T18:36:41.318+0300] {logging_mixin.py:190} INFO - [2024-11-08T18:36:41.318+0300] {dagbag.py:588} INFO - Filling up the DagBag from /home/airflow/.local/lib/python3.12/site-packages/airflow/example_dags/example_complex.py
[2024-11-08T18:36:41.334+0300] {processor.py:925} INFO - DAG(s) 'example_complex' retrieved from /home/airflow/.local/lib/python3.12/site-packages/airflow/example_dags/example_complex.py
[2024-11-08T18:36:41.367+0300] {logging_mixin.py:190} INFO - [2024-11-08T18:36:41.367+0300] {dag.py:3239} INFO - Sync 1 DAGs
[2024-11-08T18:36:41.384+0300] {logging_mixin.py:190} INFO - [2024-11-08T18:36:41.384+0300] {dag.py:4180} INFO - Setting next_dagrun for example_complex to None, run_after=None
[2024-11-08T18:36:41.412+0300] {processor.py:208} INFO - Processing /home/airflow/.local/lib/python3.12/site-packages/airflow/example_dags/example_complex.py took 0.105 seconds
[2024-11-08T18:37:11.966+0300] {processor.py:186} INFO - Started process (PID=1322) to work on /home/airflow/.local/lib/python3.12/site-packages/airflow/example_dags/example_complex.py
[2024-11-08T18:37:11.969+0300] {processor.py:914} INFO - Processing file /home/airflow/.local/lib/python3.12/site-packages/airflow/example_dags/example_complex.py for tasks to queue
[2024-11-08T18:37:11.974+0300] {logging_mixin.py:190} INFO - [2024-11-08T18:37:11.973+0300] {dagbag.py:588} INFO - Filling up the DagBag from /home/airflow/.local/lib/python3.12/site-packages/airflow/example_dags/example_complex.py
[2024-11-08T18:37:11.992+0300] {processor.py:925} INFO - DAG(s) 'example_complex' retrieved from /home/airflow/.local/lib/python3.12/site-packages/airflow/example_dags/example_complex.py
[2024-11-08T18:37:12.040+0300] {logging_mixin.py:190} INFO - [2024-11-08T18:37:12.040+0300] {dag.py:3239} INFO - Sync 1 DAGs
[2024-11-08T18:37:12.052+0300] {logging_mixin.py:190} INFO - [2024-11-08T18:37:12.051+0300] {dag.py:4180} INFO - Setting next_dagrun for example_complex to None, run_after=None
[2024-11-08T18:37:12.085+0300] {processor.py:208} INFO - Processing /home/airflow/.local/lib/python3.12/site-packages/airflow/example_dags/example_complex.py took 0.128 seconds
[2024-11-08T18:37:42.642+0300] {processor.py:186} INFO - Started process (PID=1391) to work on /home/airflow/.local/lib/python3.12/site-packages/airflow/example_dags/example_complex.py
[2024-11-08T18:37:42.643+0300] {processor.py:914} INFO - Processing file /home/airflow/.local/lib/python3.12/site-packages/airflow/example_dags/example_complex.py for tasks to queue
[2024-11-08T18:37:42.645+0300] {logging_mixin.py:190} INFO - [2024-11-08T18:37:42.645+0300] {dagbag.py:588} INFO - Filling up the DagBag from /home/airflow/.local/lib/python3.12/site-packages/airflow/example_dags/example_complex.py
[2024-11-08T18:37:42.655+0300] {processor.py:925} INFO - DAG(s) 'example_complex' retrieved from /home/airflow/.local/lib/python3.12/site-packages/airflow/example_dags/example_complex.py
[2024-11-08T18:37:42.683+0300] {logging_mixin.py:190} INFO - [2024-11-08T18:37:42.682+0300] {dag.py:3239} INFO - Sync 1 DAGs
[2024-11-08T18:37:42.695+0300] {logging_mixin.py:190} INFO - [2024-11-08T18:37:42.695+0300] {dag.py:4180} INFO - Setting next_dagrun for example_complex to None, run_after=None
[2024-11-08T18:37:42.729+0300] {processor.py:208} INFO - Processing /home/airflow/.local/lib/python3.12/site-packages/airflow/example_dags/example_complex.py took 0.092 seconds
[2024-11-08T18:38:13.672+0300] {processor.py:186} INFO - Started process (PID=1460) to work on /home/airflow/.local/lib/python3.12/site-packages/airflow/example_dags/example_complex.py
[2024-11-08T18:38:13.673+0300] {processor.py:914} INFO - Processing file /home/airflow/.local/lib/python3.12/site-packages/airflow/example_dags/example_complex.py for tasks to queue
[2024-11-08T18:38:13.675+0300] {logging_mixin.py:190} INFO - [2024-11-08T18:38:13.674+0300] {dagbag.py:588} INFO - Filling up the DagBag from /home/airflow/.local/lib/python3.12/site-packages/airflow/example_dags/example_complex.py
[2024-11-08T18:38:13.685+0300] {processor.py:925} INFO - DAG(s) 'example_complex' retrieved from /home/airflow/.local/lib/python3.12/site-packages/airflow/example_dags/example_complex.py
[2024-11-08T18:38:13.713+0300] {logging_mixin.py:190} INFO - [2024-11-08T18:38:13.713+0300] {dag.py:3239} INFO - Sync 1 DAGs
[2024-11-08T18:38:13.726+0300] {logging_mixin.py:190} INFO - [2024-11-08T18:38:13.726+0300] {dag.py:4180} INFO - Setting next_dagrun for example_complex to None, run_after=None
[2024-11-08T18:38:13.743+0300] {processor.py:208} INFO - Processing /home/airflow/.local/lib/python3.12/site-packages/airflow/example_dags/example_complex.py took 0.076 seconds
[2024-11-08T18:38:44.706+0300] {processor.py:186} INFO - Started process (PID=1529) to work on /home/airflow/.local/lib/python3.12/site-packages/airflow/example_dags/example_complex.py
[2024-11-08T18:38:44.707+0300] {processor.py:914} INFO - Processing file /home/airflow/.local/lib/python3.12/site-packages/airflow/example_dags/example_complex.py for tasks to queue
[2024-11-08T18:38:44.713+0300] {logging_mixin.py:190} INFO - [2024-11-08T18:38:44.712+0300] {dagbag.py:588} INFO - Filling up the DagBag from /home/airflow/.local/lib/python3.12/site-packages/airflow/example_dags/example_complex.py
[2024-11-08T18:38:44.726+0300] {processor.py:925} INFO - DAG(s) 'example_complex' retrieved from /home/airflow/.local/lib/python3.12/site-packages/airflow/example_dags/example_complex.py
[2024-11-08T18:38:44.756+0300] {logging_mixin.py:190} INFO - [2024-11-08T18:38:44.756+0300] {dag.py:3239} INFO - Sync 1 DAGs
[2024-11-08T18:38:44.770+0300] {logging_mixin.py:190} INFO - [2024-11-08T18:38:44.770+0300] {dag.py:4180} INFO - Setting next_dagrun for example_complex to None, run_after=None
[2024-11-08T18:38:44.790+0300] {processor.py:208} INFO - Processing /home/airflow/.local/lib/python3.12/site-packages/airflow/example_dags/example_complex.py took 0.092 seconds
[2024-11-08T18:39:15.404+0300] {processor.py:186} INFO - Started process (PID=1598) to work on /home/airflow/.local/lib/python3.12/site-packages/airflow/example_dags/example_complex.py
[2024-11-08T18:39:15.406+0300] {processor.py:914} INFO - Processing file /home/airflow/.local/lib/python3.12/site-packages/airflow/example_dags/example_complex.py for tasks to queue
[2024-11-08T18:39:15.408+0300] {logging_mixin.py:190} INFO - [2024-11-08T18:39:15.408+0300] {dagbag.py:588} INFO - Filling up the DagBag from /home/airflow/.local/lib/python3.12/site-packages/airflow/example_dags/example_complex.py
[2024-11-08T18:39:15.418+0300] {processor.py:925} INFO - DAG(s) 'example_complex' retrieved from /home/airflow/.local/lib/python3.12/site-packages/airflow/example_dags/example_complex.py
[2024-11-08T18:39:15.449+0300] {logging_mixin.py:190} INFO - [2024-11-08T18:39:15.449+0300] {dag.py:3239} INFO - Sync 1 DAGs
[2024-11-08T18:39:15.464+0300] {logging_mixin.py:190} INFO - [2024-11-08T18:39:15.464+0300] {dag.py:4180} INFO - Setting next_dagrun for example_complex to None, run_after=None
[2024-11-08T18:39:15.483+0300] {processor.py:208} INFO - Processing /home/airflow/.local/lib/python3.12/site-packages/airflow/example_dags/example_complex.py took 0.083 seconds
[2024-11-08T18:39:46.086+0300] {processor.py:186} INFO - Started process (PID=1667) to work on /home/airflow/.local/lib/python3.12/site-packages/airflow/example_dags/example_complex.py
[2024-11-08T18:39:46.087+0300] {processor.py:914} INFO - Processing file /home/airflow/.local/lib/python3.12/site-packages/airflow/example_dags/example_complex.py for tasks to queue
[2024-11-08T18:39:46.089+0300] {logging_mixin.py:190} INFO - [2024-11-08T18:39:46.089+0300] {dagbag.py:588} INFO - Filling up the DagBag from /home/airflow/.local/lib/python3.12/site-packages/airflow/example_dags/example_complex.py
[2024-11-08T18:39:46.098+0300] {processor.py:925} INFO - DAG(s) 'example_complex' retrieved from /home/airflow/.local/lib/python3.12/site-packages/airflow/example_dags/example_complex.py
[2024-11-08T18:39:46.123+0300] {logging_mixin.py:190} INFO - [2024-11-08T18:39:46.123+0300] {dag.py:3239} INFO - Sync 1 DAGs
[2024-11-08T18:39:46.134+0300] {logging_mixin.py:190} INFO - [2024-11-08T18:39:46.134+0300] {dag.py:4180} INFO - Setting next_dagrun for example_complex to None, run_after=None
[2024-11-08T18:39:46.150+0300] {processor.py:208} INFO - Processing /home/airflow/.local/lib/python3.12/site-packages/airflow/example_dags/example_complex.py took 0.069 seconds
[2024-11-08T18:40:17.000+0300] {processor.py:186} INFO - Started process (PID=1738) to work on /home/airflow/.local/lib/python3.12/site-packages/airflow/example_dags/example_complex.py
[2024-11-08T18:40:17.001+0300] {processor.py:914} INFO - Processing file /home/airflow/.local/lib/python3.12/site-packages/airflow/example_dags/example_complex.py for tasks to queue
[2024-11-08T18:40:17.005+0300] {logging_mixin.py:190} INFO - [2024-11-08T18:40:17.004+0300] {dagbag.py:588} INFO - Filling up the DagBag from /home/airflow/.local/lib/python3.12/site-packages/airflow/example_dags/example_complex.py
[2024-11-08T18:40:17.015+0300] {processor.py:925} INFO - DAG(s) 'example_complex' retrieved from /home/airflow/.local/lib/python3.12/site-packages/airflow/example_dags/example_complex.py
[2024-11-08T18:40:17.042+0300] {logging_mixin.py:190} INFO - [2024-11-08T18:40:17.042+0300] {dag.py:3239} INFO - Sync 1 DAGs
[2024-11-08T18:40:17.057+0300] {logging_mixin.py:190} INFO - [2024-11-08T18:40:17.057+0300] {dag.py:4180} INFO - Setting next_dagrun for example_complex to None, run_after=None
[2024-11-08T18:40:17.091+0300] {processor.py:208} INFO - Processing /home/airflow/.local/lib/python3.12/site-packages/airflow/example_dags/example_complex.py took 0.096 seconds
[2024-11-08T18:40:48.045+0300] {processor.py:186} INFO - Started process (PID=1807) to work on /home/airflow/.local/lib/python3.12/site-packages/airflow/example_dags/example_complex.py
[2024-11-08T18:40:48.046+0300] {processor.py:914} INFO - Processing file /home/airflow/.local/lib/python3.12/site-packages/airflow/example_dags/example_complex.py for tasks to queue
[2024-11-08T18:40:48.048+0300] {logging_mixin.py:190} INFO - [2024-11-08T18:40:48.048+0300] {dagbag.py:588} INFO - Filling up the DagBag from /home/airflow/.local/lib/python3.12/site-packages/airflow/example_dags/example_complex.py
[2024-11-08T18:40:48.057+0300] {processor.py:925} INFO - DAG(s) 'example_complex' retrieved from /home/airflow/.local/lib/python3.12/site-packages/airflow/example_dags/example_complex.py
[2024-11-08T18:40:48.087+0300] {logging_mixin.py:190} INFO - [2024-11-08T18:40:48.086+0300] {dag.py:3239} INFO - Sync 1 DAGs
[2024-11-08T18:40:48.098+0300] {logging_mixin.py:190} INFO - [2024-11-08T18:40:48.098+0300] {dag.py:4180} INFO - Setting next_dagrun for example_complex to None, run_after=None
[2024-11-08T18:40:48.116+0300] {processor.py:208} INFO - Processing /home/airflow/.local/lib/python3.12/site-packages/airflow/example_dags/example_complex.py took 0.076 seconds
[2024-11-08T18:41:18.475+0300] {processor.py:186} INFO - Started process (PID=1876) to work on /home/airflow/.local/lib/python3.12/site-packages/airflow/example_dags/example_complex.py
[2024-11-08T18:41:18.476+0300] {processor.py:914} INFO - Processing file /home/airflow/.local/lib/python3.12/site-packages/airflow/example_dags/example_complex.py for tasks to queue
[2024-11-08T18:41:18.479+0300] {logging_mixin.py:190} INFO - [2024-11-08T18:41:18.479+0300] {dagbag.py:588} INFO - Filling up the DagBag from /home/airflow/.local/lib/python3.12/site-packages/airflow/example_dags/example_complex.py
[2024-11-08T18:41:18.488+0300] {processor.py:925} INFO - DAG(s) 'example_complex' retrieved from /home/airflow/.local/lib/python3.12/site-packages/airflow/example_dags/example_complex.py
[2024-11-08T18:41:18.514+0300] {logging_mixin.py:190} INFO - [2024-11-08T18:41:18.514+0300] {dag.py:3239} INFO - Sync 1 DAGs
[2024-11-08T18:41:18.525+0300] {logging_mixin.py:190} INFO - [2024-11-08T18:41:18.525+0300] {dag.py:4180} INFO - Setting next_dagrun for example_complex to None, run_after=None
[2024-11-08T18:41:18.542+0300] {processor.py:208} INFO - Processing /home/airflow/.local/lib/python3.12/site-packages/airflow/example_dags/example_complex.py took 0.073 seconds
[2024-11-08T18:41:49.198+0300] {processor.py:186} INFO - Started process (PID=1945) to work on /home/airflow/.local/lib/python3.12/site-packages/airflow/example_dags/example_complex.py
[2024-11-08T18:41:49.199+0300] {processor.py:914} INFO - Processing file /home/airflow/.local/lib/python3.12/site-packages/airflow/example_dags/example_complex.py for tasks to queue
[2024-11-08T18:41:49.201+0300] {logging_mixin.py:190} INFO - [2024-11-08T18:41:49.200+0300] {dagbag.py:588} INFO - Filling up the DagBag from /home/airflow/.local/lib/python3.12/site-packages/airflow/example_dags/example_complex.py
[2024-11-08T18:41:49.209+0300] {processor.py:925} INFO - DAG(s) 'example_complex' retrieved from /home/airflow/.local/lib/python3.12/site-packages/airflow/example_dags/example_complex.py
[2024-11-08T18:41:49.234+0300] {logging_mixin.py:190} INFO - [2024-11-08T18:41:49.233+0300] {dag.py:3239} INFO - Sync 1 DAGs
[2024-11-08T18:41:49.244+0300] {logging_mixin.py:190} INFO - [2024-11-08T18:41:49.244+0300] {dag.py:4180} INFO - Setting next_dagrun for example_complex to None, run_after=None
[2024-11-08T18:41:49.261+0300] {processor.py:208} INFO - Processing /home/airflow/.local/lib/python3.12/site-packages/airflow/example_dags/example_complex.py took 0.068 seconds
[2024-11-08T18:42:20.415+0300] {processor.py:186} INFO - Started process (PID=2014) to work on /home/airflow/.local/lib/python3.12/site-packages/airflow/example_dags/example_complex.py
[2024-11-08T18:42:20.416+0300] {processor.py:914} INFO - Processing file /home/airflow/.local/lib/python3.12/site-packages/airflow/example_dags/example_complex.py for tasks to queue
[2024-11-08T18:42:20.419+0300] {logging_mixin.py:190} INFO - [2024-11-08T18:42:20.418+0300] {dagbag.py:588} INFO - Filling up the DagBag from /home/airflow/.local/lib/python3.12/site-packages/airflow/example_dags/example_complex.py
[2024-11-08T18:42:20.428+0300] {processor.py:925} INFO - DAG(s) 'example_complex' retrieved from /home/airflow/.local/lib/python3.12/site-packages/airflow/example_dags/example_complex.py
[2024-11-08T18:42:20.453+0300] {logging_mixin.py:190} INFO - [2024-11-08T18:42:20.453+0300] {dag.py:3239} INFO - Sync 1 DAGs
[2024-11-08T18:42:20.465+0300] {logging_mixin.py:190} INFO - [2024-11-08T18:42:20.465+0300] {dag.py:4180} INFO - Setting next_dagrun for example_complex to None, run_after=None
[2024-11-08T18:42:20.481+0300] {processor.py:208} INFO - Processing /home/airflow/.local/lib/python3.12/site-packages/airflow/example_dags/example_complex.py took 0.072 seconds
[2024-11-08T18:42:51.332+0300] {processor.py:186} INFO - Started process (PID=2083) to work on /home/airflow/.local/lib/python3.12/site-packages/airflow/example_dags/example_complex.py
[2024-11-08T18:42:51.333+0300] {processor.py:914} INFO - Processing file /home/airflow/.local/lib/python3.12/site-packages/airflow/example_dags/example_complex.py for tasks to queue
[2024-11-08T18:42:51.336+0300] {logging_mixin.py:190} INFO - [2024-11-08T18:42:51.335+0300] {dagbag.py:588} INFO - Filling up the DagBag from /home/airflow/.local/lib/python3.12/site-packages/airflow/example_dags/example_complex.py
[2024-11-08T18:42:51.345+0300] {processor.py:925} INFO - DAG(s) 'example_complex' retrieved from /home/airflow/.local/lib/python3.12/site-packages/airflow/example_dags/example_complex.py
[2024-11-08T18:42:51.371+0300] {logging_mixin.py:190} INFO - [2024-11-08T18:42:51.370+0300] {dag.py:3239} INFO - Sync 1 DAGs
[2024-11-08T18:42:51.383+0300] {logging_mixin.py:190} INFO - [2024-11-08T18:42:51.383+0300] {dag.py:4180} INFO - Setting next_dagrun for example_complex to None, run_after=None
[2024-11-08T18:42:51.403+0300] {processor.py:208} INFO - Processing /home/airflow/.local/lib/python3.12/site-packages/airflow/example_dags/example_complex.py took 0.076 seconds
[2024-11-08T18:43:21.967+0300] {processor.py:186} INFO - Started process (PID=2152) to work on /home/airflow/.local/lib/python3.12/site-packages/airflow/example_dags/example_complex.py
[2024-11-08T18:43:21.969+0300] {processor.py:914} INFO - Processing file /home/airflow/.local/lib/python3.12/site-packages/airflow/example_dags/example_complex.py for tasks to queue
[2024-11-08T18:43:21.972+0300] {logging_mixin.py:190} INFO - [2024-11-08T18:43:21.972+0300] {dagbag.py:588} INFO - Filling up the DagBag from /home/airflow/.local/lib/python3.12/site-packages/airflow/example_dags/example_complex.py
[2024-11-08T18:43:21.985+0300] {processor.py:925} INFO - DAG(s) 'example_complex' retrieved from /home/airflow/.local/lib/python3.12/site-packages/airflow/example_dags/example_complex.py
[2024-11-08T18:43:22.013+0300] {logging_mixin.py:190} INFO - [2024-11-08T18:43:22.013+0300] {dag.py:3239} INFO - Sync 1 DAGs
[2024-11-08T18:43:22.027+0300] {logging_mixin.py:190} INFO - [2024-11-08T18:43:22.027+0300] {dag.py:4180} INFO - Setting next_dagrun for example_complex to None, run_after=None
[2024-11-08T18:43:22.046+0300] {processor.py:208} INFO - Processing /home/airflow/.local/lib/python3.12/site-packages/airflow/example_dags/example_complex.py took 0.084 seconds
[2024-11-08T18:43:52.785+0300] {processor.py:186} INFO - Started process (PID=2221) to work on /home/airflow/.local/lib/python3.12/site-packages/airflow/example_dags/example_complex.py
[2024-11-08T18:43:52.786+0300] {processor.py:914} INFO - Processing file /home/airflow/.local/lib/python3.12/site-packages/airflow/example_dags/example_complex.py for tasks to queue
[2024-11-08T18:43:52.788+0300] {logging_mixin.py:190} INFO - [2024-11-08T18:43:52.788+0300] {dagbag.py:588} INFO - Filling up the DagBag from /home/airflow/.local/lib/python3.12/site-packages/airflow/example_dags/example_complex.py
[2024-11-08T18:43:52.800+0300] {processor.py:925} INFO - DAG(s) 'example_complex' retrieved from /home/airflow/.local/lib/python3.12/site-packages/airflow/example_dags/example_complex.py
[2024-11-08T18:43:52.833+0300] {logging_mixin.py:190} INFO - [2024-11-08T18:43:52.832+0300] {dag.py:3239} INFO - Sync 1 DAGs
[2024-11-08T18:43:52.846+0300] {logging_mixin.py:190} INFO - [2024-11-08T18:43:52.845+0300] {dag.py:4180} INFO - Setting next_dagrun for example_complex to None, run_after=None
[2024-11-08T18:43:52.864+0300] {processor.py:208} INFO - Processing /home/airflow/.local/lib/python3.12/site-packages/airflow/example_dags/example_complex.py took 0.086 seconds
[2024-11-08T18:44:23.252+0300] {processor.py:186} INFO - Started process (PID=2290) to work on /home/airflow/.local/lib/python3.12/site-packages/airflow/example_dags/example_complex.py
[2024-11-08T18:44:23.253+0300] {processor.py:914} INFO - Processing file /home/airflow/.local/lib/python3.12/site-packages/airflow/example_dags/example_complex.py for tasks to queue
[2024-11-08T18:44:23.256+0300] {logging_mixin.py:190} INFO - [2024-11-08T18:44:23.255+0300] {dagbag.py:588} INFO - Filling up the DagBag from /home/airflow/.local/lib/python3.12/site-packages/airflow/example_dags/example_complex.py
[2024-11-08T18:44:23.268+0300] {processor.py:925} INFO - DAG(s) 'example_complex' retrieved from /home/airflow/.local/lib/python3.12/site-packages/airflow/example_dags/example_complex.py
[2024-11-08T18:44:23.295+0300] {logging_mixin.py:190} INFO - [2024-11-08T18:44:23.295+0300] {dag.py:3239} INFO - Sync 1 DAGs
[2024-11-08T18:44:23.308+0300] {logging_mixin.py:190} INFO - [2024-11-08T18:44:23.308+0300] {dag.py:4180} INFO - Setting next_dagrun for example_complex to None, run_after=None
[2024-11-08T18:44:23.328+0300] {processor.py:208} INFO - Processing /home/airflow/.local/lib/python3.12/site-packages/airflow/example_dags/example_complex.py took 0.081 seconds
[2024-11-08T18:44:53.823+0300] {processor.py:186} INFO - Started process (PID=2358) to work on /home/airflow/.local/lib/python3.12/site-packages/airflow/example_dags/example_complex.py
[2024-11-08T18:44:53.825+0300] {processor.py:914} INFO - Processing file /home/airflow/.local/lib/python3.12/site-packages/airflow/example_dags/example_complex.py for tasks to queue
[2024-11-08T18:44:53.827+0300] {logging_mixin.py:190} INFO - [2024-11-08T18:44:53.827+0300] {dagbag.py:588} INFO - Filling up the DagBag from /home/airflow/.local/lib/python3.12/site-packages/airflow/example_dags/example_complex.py
[2024-11-08T18:44:53.839+0300] {processor.py:925} INFO - DAG(s) 'example_complex' retrieved from /home/airflow/.local/lib/python3.12/site-packages/airflow/example_dags/example_complex.py
[2024-11-08T18:44:53.869+0300] {logging_mixin.py:190} INFO - [2024-11-08T18:44:53.869+0300] {dag.py:3239} INFO - Sync 1 DAGs
[2024-11-08T18:44:53.881+0300] {logging_mixin.py:190} INFO - [2024-11-08T18:44:53.881+0300] {dag.py:4180} INFO - Setting next_dagrun for example_complex to None, run_after=None
[2024-11-08T18:44:53.898+0300] {processor.py:208} INFO - Processing /home/airflow/.local/lib/python3.12/site-packages/airflow/example_dags/example_complex.py took 0.079 seconds
[2024-11-08T18:45:25.240+0300] {processor.py:186} INFO - Started process (PID=2427) to work on /home/airflow/.local/lib/python3.12/site-packages/airflow/example_dags/example_complex.py
[2024-11-08T18:45:25.242+0300] {processor.py:914} INFO - Processing file /home/airflow/.local/lib/python3.12/site-packages/airflow/example_dags/example_complex.py for tasks to queue
[2024-11-08T18:45:25.244+0300] {logging_mixin.py:190} INFO - [2024-11-08T18:45:25.244+0300] {dagbag.py:588} INFO - Filling up the DagBag from /home/airflow/.local/lib/python3.12/site-packages/airflow/example_dags/example_complex.py
[2024-11-08T18:45:25.254+0300] {processor.py:925} INFO - DAG(s) 'example_complex' retrieved from /home/airflow/.local/lib/python3.12/site-packages/airflow/example_dags/example_complex.py
[2024-11-08T18:45:25.283+0300] {logging_mixin.py:190} INFO - [2024-11-08T18:45:25.283+0300] {dag.py:3239} INFO - Sync 1 DAGs
[2024-11-08T18:45:25.297+0300] {logging_mixin.py:190} INFO - [2024-11-08T18:45:25.297+0300] {dag.py:4180} INFO - Setting next_dagrun for example_complex to None, run_after=None
[2024-11-08T18:45:25.315+0300] {processor.py:208} INFO - Processing /home/airflow/.local/lib/python3.12/site-packages/airflow/example_dags/example_complex.py took 0.080 seconds
[2024-11-08T18:45:56.764+0300] {processor.py:186} INFO - Started process (PID=2496) to work on /home/airflow/.local/lib/python3.12/site-packages/airflow/example_dags/example_complex.py
[2024-11-08T18:45:56.766+0300] {processor.py:914} INFO - Processing file /home/airflow/.local/lib/python3.12/site-packages/airflow/example_dags/example_complex.py for tasks to queue
[2024-11-08T18:45:56.768+0300] {logging_mixin.py:190} INFO - [2024-11-08T18:45:56.768+0300] {dagbag.py:588} INFO - Filling up the DagBag from /home/airflow/.local/lib/python3.12/site-packages/airflow/example_dags/example_complex.py
[2024-11-08T18:45:56.780+0300] {processor.py:925} INFO - DAG(s) 'example_complex' retrieved from /home/airflow/.local/lib/python3.12/site-packages/airflow/example_dags/example_complex.py
[2024-11-08T18:45:56.809+0300] {logging_mixin.py:190} INFO - [2024-11-08T18:45:56.809+0300] {dag.py:3239} INFO - Sync 1 DAGs
[2024-11-08T18:45:56.982+0300] {logging_mixin.py:190} INFO - [2024-11-08T18:45:56.981+0300] {dag.py:4180} INFO - Setting next_dagrun for example_complex to None, run_after=None
[2024-11-08T18:45:57.014+0300] {processor.py:208} INFO - Processing /home/airflow/.local/lib/python3.12/site-packages/airflow/example_dags/example_complex.py took 0.254 seconds
[2024-11-08T18:46:27.314+0300] {processor.py:186} INFO - Started process (PID=2565) to work on /home/airflow/.local/lib/python3.12/site-packages/airflow/example_dags/example_complex.py
[2024-11-08T18:46:27.316+0300] {processor.py:914} INFO - Processing file /home/airflow/.local/lib/python3.12/site-packages/airflow/example_dags/example_complex.py for tasks to queue
[2024-11-08T18:46:27.319+0300] {logging_mixin.py:190} INFO - [2024-11-08T18:46:27.319+0300] {dagbag.py:588} INFO - Filling up the DagBag from /home/airflow/.local/lib/python3.12/site-packages/airflow/example_dags/example_complex.py
[2024-11-08T18:46:27.333+0300] {processor.py:925} INFO - DAG(s) 'example_complex' retrieved from /home/airflow/.local/lib/python3.12/site-packages/airflow/example_dags/example_complex.py
[2024-11-08T18:46:27.378+0300] {logging_mixin.py:190} INFO - [2024-11-08T18:46:27.378+0300] {dag.py:3239} INFO - Sync 1 DAGs
[2024-11-08T18:46:27.393+0300] {logging_mixin.py:190} INFO - [2024-11-08T18:46:27.392+0300] {dag.py:4180} INFO - Setting next_dagrun for example_complex to None, run_after=None
[2024-11-08T18:46:27.418+0300] {processor.py:208} INFO - Processing /home/airflow/.local/lib/python3.12/site-packages/airflow/example_dags/example_complex.py took 0.109 seconds
[2024-11-08T18:46:58.230+0300] {processor.py:186} INFO - Started process (PID=2634) to work on /home/airflow/.local/lib/python3.12/site-packages/airflow/example_dags/example_complex.py
[2024-11-08T18:46:58.231+0300] {processor.py:914} INFO - Processing file /home/airflow/.local/lib/python3.12/site-packages/airflow/example_dags/example_complex.py for tasks to queue
[2024-11-08T18:46:58.234+0300] {logging_mixin.py:190} INFO - [2024-11-08T18:46:58.233+0300] {dagbag.py:588} INFO - Filling up the DagBag from /home/airflow/.local/lib/python3.12/site-packages/airflow/example_dags/example_complex.py
[2024-11-08T18:46:58.245+0300] {processor.py:925} INFO - DAG(s) 'example_complex' retrieved from /home/airflow/.local/lib/python3.12/site-packages/airflow/example_dags/example_complex.py
[2024-11-08T18:46:58.275+0300] {logging_mixin.py:190} INFO - [2024-11-08T18:46:58.274+0300] {dag.py:3239} INFO - Sync 1 DAGs
[2024-11-08T18:46:58.287+0300] {logging_mixin.py:190} INFO - [2024-11-08T18:46:58.287+0300] {dag.py:4180} INFO - Setting next_dagrun for example_complex to None, run_after=None
[2024-11-08T18:46:58.317+0300] {processor.py:208} INFO - Processing /home/airflow/.local/lib/python3.12/site-packages/airflow/example_dags/example_complex.py took 0.093 seconds
[2024-11-08T18:47:29.947+0300] {processor.py:186} INFO - Started process (PID=2703) to work on /home/airflow/.local/lib/python3.12/site-packages/airflow/example_dags/example_complex.py
[2024-11-08T18:47:29.948+0300] {processor.py:914} INFO - Processing file /home/airflow/.local/lib/python3.12/site-packages/airflow/example_dags/example_complex.py for tasks to queue
[2024-11-08T18:47:29.950+0300] {logging_mixin.py:190} INFO - [2024-11-08T18:47:29.950+0300] {dagbag.py:588} INFO - Filling up the DagBag from /home/airflow/.local/lib/python3.12/site-packages/airflow/example_dags/example_complex.py
[2024-11-08T18:47:30.130+0300] {processor.py:925} INFO - DAG(s) 'example_complex' retrieved from /home/airflow/.local/lib/python3.12/site-packages/airflow/example_dags/example_complex.py
[2024-11-08T18:47:30.154+0300] {logging_mixin.py:190} INFO - [2024-11-08T18:47:30.153+0300] {dag.py:3239} INFO - Sync 1 DAGs
[2024-11-08T18:47:30.167+0300] {logging_mixin.py:190} INFO - [2024-11-08T18:47:30.167+0300] {dag.py:4180} INFO - Setting next_dagrun for example_complex to None, run_after=None
[2024-11-08T18:47:30.188+0300] {processor.py:208} INFO - Processing /home/airflow/.local/lib/python3.12/site-packages/airflow/example_dags/example_complex.py took 0.246 seconds
[2024-11-08T18:48:00.656+0300] {processor.py:186} INFO - Started process (PID=2772) to work on /home/airflow/.local/lib/python3.12/site-packages/airflow/example_dags/example_complex.py
[2024-11-08T18:48:00.657+0300] {processor.py:914} INFO - Processing file /home/airflow/.local/lib/python3.12/site-packages/airflow/example_dags/example_complex.py for tasks to queue
[2024-11-08T18:48:00.660+0300] {logging_mixin.py:190} INFO - [2024-11-08T18:48:00.660+0300] {dagbag.py:588} INFO - Filling up the DagBag from /home/airflow/.local/lib/python3.12/site-packages/airflow/example_dags/example_complex.py
[2024-11-08T18:48:00.676+0300] {processor.py:925} INFO - DAG(s) 'example_complex' retrieved from /home/airflow/.local/lib/python3.12/site-packages/airflow/example_dags/example_complex.py
[2024-11-08T18:48:00.709+0300] {logging_mixin.py:190} INFO - [2024-11-08T18:48:00.709+0300] {dag.py:3239} INFO - Sync 1 DAGs
[2024-11-08T18:48:00.725+0300] {logging_mixin.py:190} INFO - [2024-11-08T18:48:00.725+0300] {dag.py:4180} INFO - Setting next_dagrun for example_complex to None, run_after=None
[2024-11-08T18:48:00.749+0300] {processor.py:208} INFO - Processing /home/airflow/.local/lib/python3.12/site-packages/airflow/example_dags/example_complex.py took 0.099 seconds
[2024-11-08T18:48:31.474+0300] {processor.py:186} INFO - Started process (PID=2841) to work on /home/airflow/.local/lib/python3.12/site-packages/airflow/example_dags/example_complex.py
[2024-11-08T18:48:31.475+0300] {processor.py:914} INFO - Processing file /home/airflow/.local/lib/python3.12/site-packages/airflow/example_dags/example_complex.py for tasks to queue
[2024-11-08T18:48:31.478+0300] {logging_mixin.py:190} INFO - [2024-11-08T18:48:31.477+0300] {dagbag.py:588} INFO - Filling up the DagBag from /home/airflow/.local/lib/python3.12/site-packages/airflow/example_dags/example_complex.py
[2024-11-08T18:48:31.489+0300] {processor.py:925} INFO - DAG(s) 'example_complex' retrieved from /home/airflow/.local/lib/python3.12/site-packages/airflow/example_dags/example_complex.py
[2024-11-08T18:48:31.517+0300] {logging_mixin.py:190} INFO - [2024-11-08T18:48:31.517+0300] {dag.py:3239} INFO - Sync 1 DAGs
[2024-11-08T18:48:31.529+0300] {logging_mixin.py:190} INFO - [2024-11-08T18:48:31.529+0300] {dag.py:4180} INFO - Setting next_dagrun for example_complex to None, run_after=None
[2024-11-08T18:48:31.561+0300] {processor.py:208} INFO - Processing /home/airflow/.local/lib/python3.12/site-packages/airflow/example_dags/example_complex.py took 0.092 seconds
[2024-11-08T18:49:01.964+0300] {processor.py:186} INFO - Started process (PID=2911) to work on /home/airflow/.local/lib/python3.12/site-packages/airflow/example_dags/example_complex.py
[2024-11-08T18:49:01.966+0300] {processor.py:914} INFO - Processing file /home/airflow/.local/lib/python3.12/site-packages/airflow/example_dags/example_complex.py for tasks to queue
[2024-11-08T18:49:01.968+0300] {logging_mixin.py:190} INFO - [2024-11-08T18:49:01.967+0300] {dagbag.py:588} INFO - Filling up the DagBag from /home/airflow/.local/lib/python3.12/site-packages/airflow/example_dags/example_complex.py
[2024-11-08T18:49:01.977+0300] {processor.py:925} INFO - DAG(s) 'example_complex' retrieved from /home/airflow/.local/lib/python3.12/site-packages/airflow/example_dags/example_complex.py
[2024-11-08T18:49:02.005+0300] {logging_mixin.py:190} INFO - [2024-11-08T18:49:02.005+0300] {dag.py:3239} INFO - Sync 1 DAGs
[2024-11-08T18:49:02.018+0300] {logging_mixin.py:190} INFO - [2024-11-08T18:49:02.017+0300] {dag.py:4180} INFO - Setting next_dagrun for example_complex to None, run_after=None
[2024-11-08T18:49:02.049+0300] {processor.py:208} INFO - Processing /home/airflow/.local/lib/python3.12/site-packages/airflow/example_dags/example_complex.py took 0.090 seconds
[2024-11-08T18:49:33.254+0300] {processor.py:186} INFO - Started process (PID=2980) to work on /home/airflow/.local/lib/python3.12/site-packages/airflow/example_dags/example_complex.py
[2024-11-08T18:49:33.255+0300] {processor.py:914} INFO - Processing file /home/airflow/.local/lib/python3.12/site-packages/airflow/example_dags/example_complex.py for tasks to queue
[2024-11-08T18:49:33.258+0300] {logging_mixin.py:190} INFO - [2024-11-08T18:49:33.258+0300] {dagbag.py:588} INFO - Filling up the DagBag from /home/airflow/.local/lib/python3.12/site-packages/airflow/example_dags/example_complex.py
[2024-11-08T18:49:33.273+0300] {processor.py:925} INFO - DAG(s) 'example_complex' retrieved from /home/airflow/.local/lib/python3.12/site-packages/airflow/example_dags/example_complex.py
[2024-11-08T18:49:33.313+0300] {logging_mixin.py:190} INFO - [2024-11-08T18:49:33.313+0300] {dag.py:3239} INFO - Sync 1 DAGs
[2024-11-08T18:49:33.331+0300] {logging_mixin.py:190} INFO - [2024-11-08T18:49:33.330+0300] {dag.py:4180} INFO - Setting next_dagrun for example_complex to None, run_after=None
[2024-11-08T18:49:33.366+0300] {processor.py:208} INFO - Processing /home/airflow/.local/lib/python3.12/site-packages/airflow/example_dags/example_complex.py took 0.126 seconds
[2024-11-08T18:50:04.273+0300] {processor.py:186} INFO - Started process (PID=3055) to work on /home/airflow/.local/lib/python3.12/site-packages/airflow/example_dags/example_complex.py
[2024-11-08T18:50:04.274+0300] {processor.py:914} INFO - Processing file /home/airflow/.local/lib/python3.12/site-packages/airflow/example_dags/example_complex.py for tasks to queue
[2024-11-08T18:50:04.276+0300] {logging_mixin.py:190} INFO - [2024-11-08T18:50:04.276+0300] {dagbag.py:588} INFO - Filling up the DagBag from /home/airflow/.local/lib/python3.12/site-packages/airflow/example_dags/example_complex.py
[2024-11-08T18:50:04.288+0300] {processor.py:925} INFO - DAG(s) 'example_complex' retrieved from /home/airflow/.local/lib/python3.12/site-packages/airflow/example_dags/example_complex.py
[2024-11-08T18:50:04.317+0300] {logging_mixin.py:190} INFO - [2024-11-08T18:50:04.317+0300] {dag.py:3239} INFO - Sync 1 DAGs
[2024-11-08T18:50:04.332+0300] {logging_mixin.py:190} INFO - [2024-11-08T18:50:04.332+0300] {dag.py:4180} INFO - Setting next_dagrun for example_complex to None, run_after=None
[2024-11-08T18:50:04.360+0300] {processor.py:208} INFO - Processing /home/airflow/.local/lib/python3.12/site-packages/airflow/example_dags/example_complex.py took 0.092 seconds
[2024-11-08T18:53:14.550+0300] {processor.py:186} INFO - Started process (PID=75) to work on /home/airflow/.local/lib/python3.12/site-packages/airflow/example_dags/example_complex.py
[2024-11-08T18:53:14.551+0300] {processor.py:914} INFO - Processing file /home/airflow/.local/lib/python3.12/site-packages/airflow/example_dags/example_complex.py for tasks to queue
[2024-11-08T18:53:14.554+0300] {logging_mixin.py:190} INFO - [2024-11-08T18:53:14.554+0300] {dagbag.py:588} INFO - Filling up the DagBag from /home/airflow/.local/lib/python3.12/site-packages/airflow/example_dags/example_complex.py
[2024-11-08T18:53:14.564+0300] {processor.py:925} INFO - DAG(s) 'example_complex' retrieved from /home/airflow/.local/lib/python3.12/site-packages/airflow/example_dags/example_complex.py
[2024-11-08T18:53:14.602+0300] {logging_mixin.py:190} INFO - [2024-11-08T18:53:14.601+0300] {dag.py:3239} INFO - Sync 1 DAGs
[2024-11-08T18:53:14.613+0300] {logging_mixin.py:190} INFO - [2024-11-08T18:53:14.613+0300] {dag.py:4180} INFO - Setting next_dagrun for example_complex to None, run_after=None
[2024-11-08T18:53:14.632+0300] {processor.py:208} INFO - Processing /home/airflow/.local/lib/python3.12/site-packages/airflow/example_dags/example_complex.py took 0.087 seconds
[2024-11-08T18:53:44.877+0300] {processor.py:186} INFO - Started process (PID=145) to work on /home/airflow/.local/lib/python3.12/site-packages/airflow/example_dags/example_complex.py
[2024-11-08T18:53:44.878+0300] {processor.py:914} INFO - Processing file /home/airflow/.local/lib/python3.12/site-packages/airflow/example_dags/example_complex.py for tasks to queue
[2024-11-08T18:53:44.881+0300] {logging_mixin.py:190} INFO - [2024-11-08T18:53:44.881+0300] {dagbag.py:588} INFO - Filling up the DagBag from /home/airflow/.local/lib/python3.12/site-packages/airflow/example_dags/example_complex.py
[2024-11-08T18:53:44.892+0300] {processor.py:925} INFO - DAG(s) 'example_complex' retrieved from /home/airflow/.local/lib/python3.12/site-packages/airflow/example_dags/example_complex.py
[2024-11-08T18:53:44.920+0300] {logging_mixin.py:190} INFO - [2024-11-08T18:53:44.920+0300] {dag.py:3239} INFO - Sync 1 DAGs
[2024-11-08T18:53:44.932+0300] {logging_mixin.py:190} INFO - [2024-11-08T18:53:44.931+0300] {dag.py:4180} INFO - Setting next_dagrun for example_complex to None, run_after=None
[2024-11-08T18:53:44.949+0300] {processor.py:208} INFO - Processing /home/airflow/.local/lib/python3.12/site-packages/airflow/example_dags/example_complex.py took 0.078 seconds
[2024-11-08T18:54:15.492+0300] {processor.py:186} INFO - Started process (PID=214) to work on /home/airflow/.local/lib/python3.12/site-packages/airflow/example_dags/example_complex.py
[2024-11-08T18:54:15.494+0300] {processor.py:914} INFO - Processing file /home/airflow/.local/lib/python3.12/site-packages/airflow/example_dags/example_complex.py for tasks to queue
[2024-11-08T18:54:15.496+0300] {logging_mixin.py:190} INFO - [2024-11-08T18:54:15.496+0300] {dagbag.py:588} INFO - Filling up the DagBag from /home/airflow/.local/lib/python3.12/site-packages/airflow/example_dags/example_complex.py
[2024-11-08T18:54:15.506+0300] {processor.py:925} INFO - DAG(s) 'example_complex' retrieved from /home/airflow/.local/lib/python3.12/site-packages/airflow/example_dags/example_complex.py
[2024-11-08T18:54:15.530+0300] {logging_mixin.py:190} INFO - [2024-11-08T18:54:15.530+0300] {dag.py:3239} INFO - Sync 1 DAGs
[2024-11-08T18:54:15.541+0300] {logging_mixin.py:190} INFO - [2024-11-08T18:54:15.541+0300] {dag.py:4180} INFO - Setting next_dagrun for example_complex to None, run_after=None
[2024-11-08T18:54:15.558+0300] {processor.py:208} INFO - Processing /home/airflow/.local/lib/python3.12/site-packages/airflow/example_dags/example_complex.py took 0.070 seconds
[2024-11-08T18:55:28.902+0300] {processor.py:186} INFO - Started process (PID=77) to work on /home/airflow/.local/lib/python3.12/site-packages/airflow/example_dags/example_complex.py
[2024-11-08T18:55:28.903+0300] {processor.py:914} INFO - Processing file /home/airflow/.local/lib/python3.12/site-packages/airflow/example_dags/example_complex.py for tasks to queue
[2024-11-08T18:55:28.906+0300] {logging_mixin.py:190} INFO - [2024-11-08T18:55:28.906+0300] {dagbag.py:588} INFO - Filling up the DagBag from /home/airflow/.local/lib/python3.12/site-packages/airflow/example_dags/example_complex.py
[2024-11-08T18:55:28.921+0300] {processor.py:925} INFO - DAG(s) 'example_complex' retrieved from /home/airflow/.local/lib/python3.12/site-packages/airflow/example_dags/example_complex.py
[2024-11-08T18:55:28.957+0300] {logging_mixin.py:190} INFO - [2024-11-08T18:55:28.957+0300] {dag.py:3239} INFO - Sync 1 DAGs
[2024-11-08T18:55:28.973+0300] {logging_mixin.py:190} INFO - [2024-11-08T18:55:28.973+0300] {dag.py:4180} INFO - Setting next_dagrun for example_complex to None, run_after=None
[2024-11-08T18:55:29.010+0300] {processor.py:208} INFO - Processing /home/airflow/.local/lib/python3.12/site-packages/airflow/example_dags/example_complex.py took 0.115 seconds
[2024-11-08T18:55:59.060+0300] {processor.py:186} INFO - Started process (PID=146) to work on /home/airflow/.local/lib/python3.12/site-packages/airflow/example_dags/example_complex.py
[2024-11-08T18:55:59.061+0300] {processor.py:914} INFO - Processing file /home/airflow/.local/lib/python3.12/site-packages/airflow/example_dags/example_complex.py for tasks to queue
[2024-11-08T18:55:59.065+0300] {logging_mixin.py:190} INFO - [2024-11-08T18:55:59.064+0300] {dagbag.py:588} INFO - Filling up the DagBag from /home/airflow/.local/lib/python3.12/site-packages/airflow/example_dags/example_complex.py
[2024-11-08T18:55:59.074+0300] {processor.py:925} INFO - DAG(s) 'example_complex' retrieved from /home/airflow/.local/lib/python3.12/site-packages/airflow/example_dags/example_complex.py
[2024-11-08T18:55:59.104+0300] {logging_mixin.py:190} INFO - [2024-11-08T18:55:59.104+0300] {dag.py:3239} INFO - Sync 1 DAGs
[2024-11-08T18:55:59.116+0300] {logging_mixin.py:190} INFO - [2024-11-08T18:55:59.116+0300] {dag.py:4180} INFO - Setting next_dagrun for example_complex to None, run_after=None
[2024-11-08T18:55:59.133+0300] {processor.py:208} INFO - Processing /home/airflow/.local/lib/python3.12/site-packages/airflow/example_dags/example_complex.py took 0.080 seconds
[2024-11-08T18:56:51.977+0300] {processor.py:186} INFO - Started process (PID=75) to work on /home/airflow/.local/lib/python3.12/site-packages/airflow/example_dags/example_complex.py
[2024-11-08T18:56:51.978+0300] {processor.py:914} INFO - Processing file /home/airflow/.local/lib/python3.12/site-packages/airflow/example_dags/example_complex.py for tasks to queue
[2024-11-08T18:56:51.980+0300] {logging_mixin.py:190} INFO - [2024-11-08T18:56:51.980+0300] {dagbag.py:588} INFO - Filling up the DagBag from /home/airflow/.local/lib/python3.12/site-packages/airflow/example_dags/example_complex.py
[2024-11-08T18:56:51.990+0300] {processor.py:925} INFO - DAG(s) 'example_complex' retrieved from /home/airflow/.local/lib/python3.12/site-packages/airflow/example_dags/example_complex.py
[2024-11-08T18:56:52.019+0300] {logging_mixin.py:190} INFO - [2024-11-08T18:56:52.019+0300] {dag.py:3239} INFO - Sync 1 DAGs
[2024-11-08T18:56:52.032+0300] {logging_mixin.py:190} INFO - [2024-11-08T18:56:52.032+0300] {dag.py:4180} INFO - Setting next_dagrun for example_complex to None, run_after=None
[2024-11-08T18:56:52.050+0300] {processor.py:208} INFO - Processing /home/airflow/.local/lib/python3.12/site-packages/airflow/example_dags/example_complex.py took 0.078 seconds
[2024-11-08T18:57:22.389+0300] {processor.py:186} INFO - Started process (PID=144) to work on /home/airflow/.local/lib/python3.12/site-packages/airflow/example_dags/example_complex.py
[2024-11-08T18:57:22.390+0300] {processor.py:914} INFO - Processing file /home/airflow/.local/lib/python3.12/site-packages/airflow/example_dags/example_complex.py for tasks to queue
[2024-11-08T18:57:22.392+0300] {logging_mixin.py:190} INFO - [2024-11-08T18:57:22.392+0300] {dagbag.py:588} INFO - Filling up the DagBag from /home/airflow/.local/lib/python3.12/site-packages/airflow/example_dags/example_complex.py
[2024-11-08T18:57:22.401+0300] {processor.py:925} INFO - DAG(s) 'example_complex' retrieved from /home/airflow/.local/lib/python3.12/site-packages/airflow/example_dags/example_complex.py
[2024-11-08T18:57:22.428+0300] {logging_mixin.py:190} INFO - [2024-11-08T18:57:22.427+0300] {dag.py:3239} INFO - Sync 1 DAGs
[2024-11-08T18:57:22.439+0300] {logging_mixin.py:190} INFO - [2024-11-08T18:57:22.438+0300] {dag.py:4180} INFO - Setting next_dagrun for example_complex to None, run_after=None
[2024-11-08T18:57:22.460+0300] {processor.py:208} INFO - Processing /home/airflow/.local/lib/python3.12/site-packages/airflow/example_dags/example_complex.py took 0.075 seconds
[2024-11-08T18:57:53.051+0300] {processor.py:186} INFO - Started process (PID=213) to work on /home/airflow/.local/lib/python3.12/site-packages/airflow/example_dags/example_complex.py
[2024-11-08T18:57:53.052+0300] {processor.py:914} INFO - Processing file /home/airflow/.local/lib/python3.12/site-packages/airflow/example_dags/example_complex.py for tasks to queue
[2024-11-08T18:57:53.054+0300] {logging_mixin.py:190} INFO - [2024-11-08T18:57:53.053+0300] {dagbag.py:588} INFO - Filling up the DagBag from /home/airflow/.local/lib/python3.12/site-packages/airflow/example_dags/example_complex.py
[2024-11-08T18:57:53.062+0300] {processor.py:925} INFO - DAG(s) 'example_complex' retrieved from /home/airflow/.local/lib/python3.12/site-packages/airflow/example_dags/example_complex.py
[2024-11-08T18:57:53.087+0300] {logging_mixin.py:190} INFO - [2024-11-08T18:57:53.086+0300] {dag.py:3239} INFO - Sync 1 DAGs
[2024-11-08T18:57:53.098+0300] {logging_mixin.py:190} INFO - [2024-11-08T18:57:53.097+0300] {dag.py:4180} INFO - Setting next_dagrun for example_complex to None, run_after=None
[2024-11-08T18:57:53.113+0300] {processor.py:208} INFO - Processing /home/airflow/.local/lib/python3.12/site-packages/airflow/example_dags/example_complex.py took 0.067 seconds
[2024-11-08T18:58:23.877+0300] {processor.py:186} INFO - Started process (PID=282) to work on /home/airflow/.local/lib/python3.12/site-packages/airflow/example_dags/example_complex.py
[2024-11-08T18:58:23.878+0300] {processor.py:914} INFO - Processing file /home/airflow/.local/lib/python3.12/site-packages/airflow/example_dags/example_complex.py for tasks to queue
[2024-11-08T18:58:23.880+0300] {logging_mixin.py:190} INFO - [2024-11-08T18:58:23.880+0300] {dagbag.py:588} INFO - Filling up the DagBag from /home/airflow/.local/lib/python3.12/site-packages/airflow/example_dags/example_complex.py
[2024-11-08T18:58:23.889+0300] {processor.py:925} INFO - DAG(s) 'example_complex' retrieved from /home/airflow/.local/lib/python3.12/site-packages/airflow/example_dags/example_complex.py
[2024-11-08T18:58:23.917+0300] {logging_mixin.py:190} INFO - [2024-11-08T18:58:23.917+0300] {dag.py:3239} INFO - Sync 1 DAGs
[2024-11-08T18:58:23.928+0300] {logging_mixin.py:190} INFO - [2024-11-08T18:58:23.928+0300] {dag.py:4180} INFO - Setting next_dagrun for example_complex to None, run_after=None
[2024-11-08T18:58:23.949+0300] {processor.py:208} INFO - Processing /home/airflow/.local/lib/python3.12/site-packages/airflow/example_dags/example_complex.py took 0.076 seconds
[2024-11-08T18:58:55.388+0300] {processor.py:186} INFO - Started process (PID=351) to work on /home/airflow/.local/lib/python3.12/site-packages/airflow/example_dags/example_complex.py
[2024-11-08T18:58:55.391+0300] {processor.py:914} INFO - Processing file /home/airflow/.local/lib/python3.12/site-packages/airflow/example_dags/example_complex.py for tasks to queue
[2024-11-08T18:58:55.398+0300] {logging_mixin.py:190} INFO - [2024-11-08T18:58:55.397+0300] {dagbag.py:588} INFO - Filling up the DagBag from /home/airflow/.local/lib/python3.12/site-packages/airflow/example_dags/example_complex.py
[2024-11-08T18:58:55.416+0300] {processor.py:925} INFO - DAG(s) 'example_complex' retrieved from /home/airflow/.local/lib/python3.12/site-packages/airflow/example_dags/example_complex.py
[2024-11-08T18:58:55.443+0300] {logging_mixin.py:190} INFO - [2024-11-08T18:58:55.443+0300] {dag.py:3239} INFO - Sync 1 DAGs
[2024-11-08T18:58:55.456+0300] {logging_mixin.py:190} INFO - [2024-11-08T18:58:55.456+0300] {dag.py:4180} INFO - Setting next_dagrun for example_complex to None, run_after=None
[2024-11-08T18:58:55.506+0300] {processor.py:208} INFO - Processing /home/airflow/.local/lib/python3.12/site-packages/airflow/example_dags/example_complex.py took 0.139 seconds
[2024-11-08T18:59:26.379+0300] {processor.py:186} INFO - Started process (PID=420) to work on /home/airflow/.local/lib/python3.12/site-packages/airflow/example_dags/example_complex.py
[2024-11-08T18:59:26.380+0300] {processor.py:914} INFO - Processing file /home/airflow/.local/lib/python3.12/site-packages/airflow/example_dags/example_complex.py for tasks to queue
[2024-11-08T18:59:26.382+0300] {logging_mixin.py:190} INFO - [2024-11-08T18:59:26.382+0300] {dagbag.py:588} INFO - Filling up the DagBag from /home/airflow/.local/lib/python3.12/site-packages/airflow/example_dags/example_complex.py
[2024-11-08T18:59:26.393+0300] {processor.py:925} INFO - DAG(s) 'example_complex' retrieved from /home/airflow/.local/lib/python3.12/site-packages/airflow/example_dags/example_complex.py
[2024-11-08T18:59:26.419+0300] {logging_mixin.py:190} INFO - [2024-11-08T18:59:26.419+0300] {dag.py:3239} INFO - Sync 1 DAGs
[2024-11-08T18:59:26.430+0300] {logging_mixin.py:190} INFO - [2024-11-08T18:59:26.429+0300] {dag.py:4180} INFO - Setting next_dagrun for example_complex to None, run_after=None
[2024-11-08T18:59:26.452+0300] {processor.py:208} INFO - Processing /home/airflow/.local/lib/python3.12/site-packages/airflow/example_dags/example_complex.py took 0.078 seconds
[2024-11-08T18:59:57.495+0300] {processor.py:186} INFO - Started process (PID=497) to work on /home/airflow/.local/lib/python3.12/site-packages/airflow/example_dags/example_complex.py
[2024-11-08T18:59:57.496+0300] {processor.py:914} INFO - Processing file /home/airflow/.local/lib/python3.12/site-packages/airflow/example_dags/example_complex.py for tasks to queue
[2024-11-08T18:59:57.499+0300] {logging_mixin.py:190} INFO - [2024-11-08T18:59:57.499+0300] {dagbag.py:588} INFO - Filling up the DagBag from /home/airflow/.local/lib/python3.12/site-packages/airflow/example_dags/example_complex.py
[2024-11-08T18:59:57.513+0300] {processor.py:925} INFO - DAG(s) 'example_complex' retrieved from /home/airflow/.local/lib/python3.12/site-packages/airflow/example_dags/example_complex.py
[2024-11-08T18:59:57.548+0300] {logging_mixin.py:190} INFO - [2024-11-08T18:59:57.548+0300] {dag.py:3239} INFO - Sync 1 DAGs
[2024-11-08T18:59:57.565+0300] {logging_mixin.py:190} INFO - [2024-11-08T18:59:57.565+0300] {dag.py:4180} INFO - Setting next_dagrun for example_complex to None, run_after=None
[2024-11-08T18:59:57.599+0300] {processor.py:208} INFO - Processing /home/airflow/.local/lib/python3.12/site-packages/airflow/example_dags/example_complex.py took 0.110 seconds
[2024-11-08T19:00:28.435+0300] {processor.py:186} INFO - Started process (PID=568) to work on /home/airflow/.local/lib/python3.12/site-packages/airflow/example_dags/example_complex.py
[2024-11-08T19:00:28.437+0300] {processor.py:914} INFO - Processing file /home/airflow/.local/lib/python3.12/site-packages/airflow/example_dags/example_complex.py for tasks to queue
[2024-11-08T19:00:28.441+0300] {logging_mixin.py:190} INFO - [2024-11-08T19:00:28.440+0300] {dagbag.py:588} INFO - Filling up the DagBag from /home/airflow/.local/lib/python3.12/site-packages/airflow/example_dags/example_complex.py
[2024-11-08T19:00:28.454+0300] {processor.py:925} INFO - DAG(s) 'example_complex' retrieved from /home/airflow/.local/lib/python3.12/site-packages/airflow/example_dags/example_complex.py
[2024-11-08T19:00:28.501+0300] {logging_mixin.py:190} INFO - [2024-11-08T19:00:28.501+0300] {dag.py:3239} INFO - Sync 1 DAGs
[2024-11-08T19:00:28.521+0300] {logging_mixin.py:190} INFO - [2024-11-08T19:00:28.521+0300] {dag.py:4180} INFO - Setting next_dagrun for example_complex to None, run_after=None
[2024-11-08T19:00:28.551+0300] {processor.py:208} INFO - Processing /home/airflow/.local/lib/python3.12/site-packages/airflow/example_dags/example_complex.py took 0.122 seconds
[2024-11-08T19:00:59.136+0300] {processor.py:186} INFO - Started process (PID=637) to work on /home/airflow/.local/lib/python3.12/site-packages/airflow/example_dags/example_complex.py
[2024-11-08T19:00:59.137+0300] {processor.py:914} INFO - Processing file /home/airflow/.local/lib/python3.12/site-packages/airflow/example_dags/example_complex.py for tasks to queue
[2024-11-08T19:00:59.139+0300] {logging_mixin.py:190} INFO - [2024-11-08T19:00:59.139+0300] {dagbag.py:588} INFO - Filling up the DagBag from /home/airflow/.local/lib/python3.12/site-packages/airflow/example_dags/example_complex.py
[2024-11-08T19:00:59.153+0300] {processor.py:925} INFO - DAG(s) 'example_complex' retrieved from /home/airflow/.local/lib/python3.12/site-packages/airflow/example_dags/example_complex.py
[2024-11-08T19:00:59.181+0300] {logging_mixin.py:190} INFO - [2024-11-08T19:00:59.181+0300] {dag.py:3239} INFO - Sync 1 DAGs
[2024-11-08T19:00:59.195+0300] {logging_mixin.py:190} INFO - [2024-11-08T19:00:59.195+0300] {dag.py:4180} INFO - Setting next_dagrun for example_complex to None, run_after=None
[2024-11-08T19:00:59.213+0300] {processor.py:208} INFO - Processing /home/airflow/.local/lib/python3.12/site-packages/airflow/example_dags/example_complex.py took 0.083 seconds
[2024-11-08T19:01:30.114+0300] {processor.py:186} INFO - Started process (PID=705) to work on /home/airflow/.local/lib/python3.12/site-packages/airflow/example_dags/example_complex.py
[2024-11-08T19:01:30.115+0300] {processor.py:914} INFO - Processing file /home/airflow/.local/lib/python3.12/site-packages/airflow/example_dags/example_complex.py for tasks to queue
[2024-11-08T19:01:30.118+0300] {logging_mixin.py:190} INFO - [2024-11-08T19:01:30.117+0300] {dagbag.py:588} INFO - Filling up the DagBag from /home/airflow/.local/lib/python3.12/site-packages/airflow/example_dags/example_complex.py
[2024-11-08T19:01:30.127+0300] {processor.py:925} INFO - DAG(s) 'example_complex' retrieved from /home/airflow/.local/lib/python3.12/site-packages/airflow/example_dags/example_complex.py
[2024-11-08T19:01:30.154+0300] {logging_mixin.py:190} INFO - [2024-11-08T19:01:30.154+0300] {dag.py:3239} INFO - Sync 1 DAGs
[2024-11-08T19:01:30.167+0300] {logging_mixin.py:190} INFO - [2024-11-08T19:01:30.167+0300] {dag.py:4180} INFO - Setting next_dagrun for example_complex to None, run_after=None
[2024-11-08T19:01:30.184+0300] {processor.py:208} INFO - Processing /home/airflow/.local/lib/python3.12/site-packages/airflow/example_dags/example_complex.py took 0.075 seconds
[2024-11-08T19:02:00.638+0300] {processor.py:186} INFO - Started process (PID=774) to work on /home/airflow/.local/lib/python3.12/site-packages/airflow/example_dags/example_complex.py
[2024-11-08T19:02:00.639+0300] {processor.py:914} INFO - Processing file /home/airflow/.local/lib/python3.12/site-packages/airflow/example_dags/example_complex.py for tasks to queue
[2024-11-08T19:02:00.641+0300] {logging_mixin.py:190} INFO - [2024-11-08T19:02:00.641+0300] {dagbag.py:588} INFO - Filling up the DagBag from /home/airflow/.local/lib/python3.12/site-packages/airflow/example_dags/example_complex.py
[2024-11-08T19:02:00.650+0300] {processor.py:925} INFO - DAG(s) 'example_complex' retrieved from /home/airflow/.local/lib/python3.12/site-packages/airflow/example_dags/example_complex.py
[2024-11-08T19:02:00.675+0300] {logging_mixin.py:190} INFO - [2024-11-08T19:02:00.675+0300] {dag.py:3239} INFO - Sync 1 DAGs
[2024-11-08T19:02:00.687+0300] {logging_mixin.py:190} INFO - [2024-11-08T19:02:00.687+0300] {dag.py:4180} INFO - Setting next_dagrun for example_complex to None, run_after=None
[2024-11-08T19:02:00.716+0300] {processor.py:208} INFO - Processing /home/airflow/.local/lib/python3.12/site-packages/airflow/example_dags/example_complex.py took 0.083 seconds
[2024-11-08T19:02:30.882+0300] {processor.py:186} INFO - Started process (PID=842) to work on /home/airflow/.local/lib/python3.12/site-packages/airflow/example_dags/example_complex.py
[2024-11-08T19:02:30.884+0300] {processor.py:914} INFO - Processing file /home/airflow/.local/lib/python3.12/site-packages/airflow/example_dags/example_complex.py for tasks to queue
[2024-11-08T19:02:30.886+0300] {logging_mixin.py:190} INFO - [2024-11-08T19:02:30.886+0300] {dagbag.py:588} INFO - Filling up the DagBag from /home/airflow/.local/lib/python3.12/site-packages/airflow/example_dags/example_complex.py
[2024-11-08T19:02:30.895+0300] {processor.py:925} INFO - DAG(s) 'example_complex' retrieved from /home/airflow/.local/lib/python3.12/site-packages/airflow/example_dags/example_complex.py
[2024-11-08T19:02:30.921+0300] {logging_mixin.py:190} INFO - [2024-11-08T19:02:30.921+0300] {dag.py:3239} INFO - Sync 1 DAGs
[2024-11-08T19:02:30.933+0300] {logging_mixin.py:190} INFO - [2024-11-08T19:02:30.933+0300] {dag.py:4180} INFO - Setting next_dagrun for example_complex to None, run_after=None
[2024-11-08T19:02:30.948+0300] {processor.py:208} INFO - Processing /home/airflow/.local/lib/python3.12/site-packages/airflow/example_dags/example_complex.py took 0.070 seconds
[2024-11-08T19:03:01.296+0300] {processor.py:186} INFO - Started process (PID=912) to work on /home/airflow/.local/lib/python3.12/site-packages/airflow/example_dags/example_complex.py
[2024-11-08T19:03:01.297+0300] {processor.py:914} INFO - Processing file /home/airflow/.local/lib/python3.12/site-packages/airflow/example_dags/example_complex.py for tasks to queue
[2024-11-08T19:03:01.300+0300] {logging_mixin.py:190} INFO - [2024-11-08T19:03:01.300+0300] {dagbag.py:588} INFO - Filling up the DagBag from /home/airflow/.local/lib/python3.12/site-packages/airflow/example_dags/example_complex.py
[2024-11-08T19:03:01.309+0300] {processor.py:925} INFO - DAG(s) 'example_complex' retrieved from /home/airflow/.local/lib/python3.12/site-packages/airflow/example_dags/example_complex.py
[2024-11-08T19:03:01.336+0300] {logging_mixin.py:190} INFO - [2024-11-08T19:03:01.335+0300] {dag.py:3239} INFO - Sync 1 DAGs
[2024-11-08T19:03:01.348+0300] {logging_mixin.py:190} INFO - [2024-11-08T19:03:01.348+0300] {dag.py:4180} INFO - Setting next_dagrun for example_complex to None, run_after=None
[2024-11-08T19:03:01.365+0300] {processor.py:208} INFO - Processing /home/airflow/.local/lib/python3.12/site-packages/airflow/example_dags/example_complex.py took 0.074 seconds
[2024-11-08T19:03:32.153+0300] {processor.py:186} INFO - Started process (PID=981) to work on /home/airflow/.local/lib/python3.12/site-packages/airflow/example_dags/example_complex.py
[2024-11-08T19:03:32.155+0300] {processor.py:914} INFO - Processing file /home/airflow/.local/lib/python3.12/site-packages/airflow/example_dags/example_complex.py for tasks to queue
[2024-11-08T19:03:32.157+0300] {logging_mixin.py:190} INFO - [2024-11-08T19:03:32.157+0300] {dagbag.py:588} INFO - Filling up the DagBag from /home/airflow/.local/lib/python3.12/site-packages/airflow/example_dags/example_complex.py
[2024-11-08T19:03:32.169+0300] {processor.py:925} INFO - DAG(s) 'example_complex' retrieved from /home/airflow/.local/lib/python3.12/site-packages/airflow/example_dags/example_complex.py
[2024-11-08T19:03:32.199+0300] {logging_mixin.py:190} INFO - [2024-11-08T19:03:32.198+0300] {dag.py:3239} INFO - Sync 1 DAGs
[2024-11-08T19:03:32.212+0300] {logging_mixin.py:190} INFO - [2024-11-08T19:03:32.212+0300] {dag.py:4180} INFO - Setting next_dagrun for example_complex to None, run_after=None
[2024-11-08T19:03:32.245+0300] {processor.py:208} INFO - Processing /home/airflow/.local/lib/python3.12/site-packages/airflow/example_dags/example_complex.py took 0.098 seconds
[2024-11-08T19:04:03.047+0300] {processor.py:186} INFO - Started process (PID=1050) to work on /home/airflow/.local/lib/python3.12/site-packages/airflow/example_dags/example_complex.py
[2024-11-08T19:04:03.048+0300] {processor.py:914} INFO - Processing file /home/airflow/.local/lib/python3.12/site-packages/airflow/example_dags/example_complex.py for tasks to queue
[2024-11-08T19:04:03.051+0300] {logging_mixin.py:190} INFO - [2024-11-08T19:04:03.051+0300] {dagbag.py:588} INFO - Filling up the DagBag from /home/airflow/.local/lib/python3.12/site-packages/airflow/example_dags/example_complex.py
[2024-11-08T19:04:03.062+0300] {processor.py:925} INFO - DAG(s) 'example_complex' retrieved from /home/airflow/.local/lib/python3.12/site-packages/airflow/example_dags/example_complex.py
[2024-11-08T19:04:03.088+0300] {logging_mixin.py:190} INFO - [2024-11-08T19:04:03.088+0300] {dag.py:3239} INFO - Sync 1 DAGs
[2024-11-08T19:04:03.100+0300] {logging_mixin.py:190} INFO - [2024-11-08T19:04:03.099+0300] {dag.py:4180} INFO - Setting next_dagrun for example_complex to None, run_after=None
[2024-11-08T19:04:03.118+0300] {processor.py:208} INFO - Processing /home/airflow/.local/lib/python3.12/site-packages/airflow/example_dags/example_complex.py took 0.076 seconds
[2024-11-08T19:04:33.823+0300] {processor.py:186} INFO - Started process (PID=1119) to work on /home/airflow/.local/lib/python3.12/site-packages/airflow/example_dags/example_complex.py
[2024-11-08T19:04:33.824+0300] {processor.py:914} INFO - Processing file /home/airflow/.local/lib/python3.12/site-packages/airflow/example_dags/example_complex.py for tasks to queue
[2024-11-08T19:04:33.827+0300] {logging_mixin.py:190} INFO - [2024-11-08T19:04:33.826+0300] {dagbag.py:588} INFO - Filling up the DagBag from /home/airflow/.local/lib/python3.12/site-packages/airflow/example_dags/example_complex.py
[2024-11-08T19:04:33.839+0300] {processor.py:925} INFO - DAG(s) 'example_complex' retrieved from /home/airflow/.local/lib/python3.12/site-packages/airflow/example_dags/example_complex.py
[2024-11-08T19:04:33.867+0300] {logging_mixin.py:190} INFO - [2024-11-08T19:04:33.867+0300] {dag.py:3239} INFO - Sync 1 DAGs
[2024-11-08T19:04:33.878+0300] {logging_mixin.py:190} INFO - [2024-11-08T19:04:33.878+0300] {dag.py:4180} INFO - Setting next_dagrun for example_complex to None, run_after=None
[2024-11-08T19:04:33.896+0300] {processor.py:208} INFO - Processing /home/airflow/.local/lib/python3.12/site-packages/airflow/example_dags/example_complex.py took 0.078 seconds
[2024-11-08T19:05:04.753+0300] {processor.py:186} INFO - Started process (PID=1188) to work on /home/airflow/.local/lib/python3.12/site-packages/airflow/example_dags/example_complex.py
[2024-11-08T19:05:04.754+0300] {processor.py:914} INFO - Processing file /home/airflow/.local/lib/python3.12/site-packages/airflow/example_dags/example_complex.py for tasks to queue
[2024-11-08T19:05:04.756+0300] {logging_mixin.py:190} INFO - [2024-11-08T19:05:04.755+0300] {dagbag.py:588} INFO - Filling up the DagBag from /home/airflow/.local/lib/python3.12/site-packages/airflow/example_dags/example_complex.py
[2024-11-08T19:05:04.765+0300] {processor.py:925} INFO - DAG(s) 'example_complex' retrieved from /home/airflow/.local/lib/python3.12/site-packages/airflow/example_dags/example_complex.py
[2024-11-08T19:05:04.793+0300] {logging_mixin.py:190} INFO - [2024-11-08T19:05:04.793+0300] {dag.py:3239} INFO - Sync 1 DAGs
[2024-11-08T19:05:04.805+0300] {logging_mixin.py:190} INFO - [2024-11-08T19:05:04.805+0300] {dag.py:4180} INFO - Setting next_dagrun for example_complex to None, run_after=None
[2024-11-08T19:05:04.823+0300] {processor.py:208} INFO - Processing /home/airflow/.local/lib/python3.12/site-packages/airflow/example_dags/example_complex.py took 0.075 seconds
