[2024-11-08T18:11:27.163+0300] {processor.py:186} INFO - Started process (PID=122) to work on /home/airflow/.local/lib/python3.12/site-packages/airflow/example_dags/example_sensors.py
[2024-11-08T18:11:27.164+0300] {processor.py:914} INFO - Processing file /home/airflow/.local/lib/python3.12/site-packages/airflow/example_dags/example_sensors.py for tasks to queue
[2024-11-08T18:11:27.169+0300] {logging_mixin.py:190} INFO - [2024-11-08T18:11:27.168+0300] {dagbag.py:588} INFO - Filling up the DagBag from /home/airflow/.local/lib/python3.12/site-packages/airflow/example_dags/example_sensors.py
[2024-11-08T18:11:27.182+0300] {processor.py:925} INFO - DAG(s) 'example_sensors' retrieved from /home/airflow/.local/lib/python3.12/site-packages/airflow/example_dags/example_sensors.py
[2024-11-08T18:11:27.224+0300] {logging_mixin.py:190} INFO - [2024-11-08T18:11:27.224+0300] {dag.py:3239} INFO - Sync 1 DAGs
[2024-11-08T18:11:27.248+0300] {logging_mixin.py:190} INFO - [2024-11-08T18:11:27.247+0300] {dag.py:4180} INFO - Setting next_dagrun for example_sensors to None, run_after=None
[2024-11-08T18:11:27.280+0300] {processor.py:208} INFO - Processing /home/airflow/.local/lib/python3.12/site-packages/airflow/example_dags/example_sensors.py took 0.125 seconds
[2024-11-08T18:11:58.324+0300] {processor.py:186} INFO - Started process (PID=215) to work on /home/airflow/.local/lib/python3.12/site-packages/airflow/example_dags/example_sensors.py
[2024-11-08T18:11:58.326+0300] {processor.py:914} INFO - Processing file /home/airflow/.local/lib/python3.12/site-packages/airflow/example_dags/example_sensors.py for tasks to queue
[2024-11-08T18:11:58.328+0300] {logging_mixin.py:190} INFO - [2024-11-08T18:11:58.327+0300] {dagbag.py:588} INFO - Filling up the DagBag from /home/airflow/.local/lib/python3.12/site-packages/airflow/example_dags/example_sensors.py
[2024-11-08T18:11:58.338+0300] {processor.py:925} INFO - DAG(s) 'example_sensors' retrieved from /home/airflow/.local/lib/python3.12/site-packages/airflow/example_dags/example_sensors.py
[2024-11-08T18:11:58.363+0300] {logging_mixin.py:190} INFO - [2024-11-08T18:11:58.363+0300] {dag.py:3239} INFO - Sync 1 DAGs
[2024-11-08T18:11:58.375+0300] {logging_mixin.py:190} INFO - [2024-11-08T18:11:58.375+0300] {dag.py:4180} INFO - Setting next_dagrun for example_sensors to None, run_after=None
[2024-11-08T18:11:58.405+0300] {processor.py:208} INFO - Processing /home/airflow/.local/lib/python3.12/site-packages/airflow/example_dags/example_sensors.py took 0.086 seconds
[2024-11-08T18:12:29.277+0300] {processor.py:186} INFO - Started process (PID=288) to work on /home/airflow/.local/lib/python3.12/site-packages/airflow/example_dags/example_sensors.py
[2024-11-08T18:12:29.279+0300] {processor.py:914} INFO - Processing file /home/airflow/.local/lib/python3.12/site-packages/airflow/example_dags/example_sensors.py for tasks to queue
[2024-11-08T18:12:29.281+0300] {logging_mixin.py:190} INFO - [2024-11-08T18:12:29.281+0300] {dagbag.py:588} INFO - Filling up the DagBag from /home/airflow/.local/lib/python3.12/site-packages/airflow/example_dags/example_sensors.py
[2024-11-08T18:12:29.292+0300] {processor.py:925} INFO - DAG(s) 'example_sensors' retrieved from /home/airflow/.local/lib/python3.12/site-packages/airflow/example_dags/example_sensors.py
[2024-11-08T18:12:29.315+0300] {logging_mixin.py:190} INFO - [2024-11-08T18:12:29.315+0300] {dag.py:3239} INFO - Sync 1 DAGs
[2024-11-08T18:12:29.326+0300] {logging_mixin.py:190} INFO - [2024-11-08T18:12:29.326+0300] {dag.py:4180} INFO - Setting next_dagrun for example_sensors to None, run_after=None
[2024-11-08T18:12:29.342+0300] {processor.py:208} INFO - Processing /home/airflow/.local/lib/python3.12/site-packages/airflow/example_dags/example_sensors.py took 0.070 seconds
[2024-11-08T18:12:59.720+0300] {processor.py:186} INFO - Started process (PID=360) to work on /home/airflow/.local/lib/python3.12/site-packages/airflow/example_dags/example_sensors.py
[2024-11-08T18:12:59.721+0300] {processor.py:914} INFO - Processing file /home/airflow/.local/lib/python3.12/site-packages/airflow/example_dags/example_sensors.py for tasks to queue
[2024-11-08T18:12:59.723+0300] {logging_mixin.py:190} INFO - [2024-11-08T18:12:59.723+0300] {dagbag.py:588} INFO - Filling up the DagBag from /home/airflow/.local/lib/python3.12/site-packages/airflow/example_dags/example_sensors.py
[2024-11-08T18:12:59.733+0300] {processor.py:925} INFO - DAG(s) 'example_sensors' retrieved from /home/airflow/.local/lib/python3.12/site-packages/airflow/example_dags/example_sensors.py
[2024-11-08T18:12:59.757+0300] {logging_mixin.py:190} INFO - [2024-11-08T18:12:59.757+0300] {dag.py:3239} INFO - Sync 1 DAGs
[2024-11-08T18:12:59.768+0300] {logging_mixin.py:190} INFO - [2024-11-08T18:12:59.768+0300] {dag.py:4180} INFO - Setting next_dagrun for example_sensors to None, run_after=None
[2024-11-08T18:12:59.798+0300] {processor.py:208} INFO - Processing /home/airflow/.local/lib/python3.12/site-packages/airflow/example_dags/example_sensors.py took 0.083 seconds
[2024-11-08T18:13:30.122+0300] {processor.py:186} INFO - Started process (PID=429) to work on /home/airflow/.local/lib/python3.12/site-packages/airflow/example_dags/example_sensors.py
[2024-11-08T18:13:30.123+0300] {processor.py:914} INFO - Processing file /home/airflow/.local/lib/python3.12/site-packages/airflow/example_dags/example_sensors.py for tasks to queue
[2024-11-08T18:13:30.125+0300] {logging_mixin.py:190} INFO - [2024-11-08T18:13:30.124+0300] {dagbag.py:588} INFO - Filling up the DagBag from /home/airflow/.local/lib/python3.12/site-packages/airflow/example_dags/example_sensors.py
[2024-11-08T18:13:30.133+0300] {processor.py:925} INFO - DAG(s) 'example_sensors' retrieved from /home/airflow/.local/lib/python3.12/site-packages/airflow/example_dags/example_sensors.py
[2024-11-08T18:13:30.156+0300] {logging_mixin.py:190} INFO - [2024-11-08T18:13:30.156+0300] {dag.py:3239} INFO - Sync 1 DAGs
[2024-11-08T18:13:30.170+0300] {logging_mixin.py:190} INFO - [2024-11-08T18:13:30.170+0300] {dag.py:4180} INFO - Setting next_dagrun for example_sensors to None, run_after=None
[2024-11-08T18:13:30.186+0300] {processor.py:208} INFO - Processing /home/airflow/.local/lib/python3.12/site-packages/airflow/example_dags/example_sensors.py took 0.069 seconds
[2024-11-08T18:14:00.385+0300] {processor.py:186} INFO - Started process (PID=498) to work on /home/airflow/.local/lib/python3.12/site-packages/airflow/example_dags/example_sensors.py
[2024-11-08T18:14:00.386+0300] {processor.py:914} INFO - Processing file /home/airflow/.local/lib/python3.12/site-packages/airflow/example_dags/example_sensors.py for tasks to queue
[2024-11-08T18:14:00.388+0300] {logging_mixin.py:190} INFO - [2024-11-08T18:14:00.387+0300] {dagbag.py:588} INFO - Filling up the DagBag from /home/airflow/.local/lib/python3.12/site-packages/airflow/example_dags/example_sensors.py
[2024-11-08T18:14:00.398+0300] {processor.py:925} INFO - DAG(s) 'example_sensors' retrieved from /home/airflow/.local/lib/python3.12/site-packages/airflow/example_dags/example_sensors.py
[2024-11-08T18:14:00.421+0300] {logging_mixin.py:190} INFO - [2024-11-08T18:14:00.421+0300] {dag.py:3239} INFO - Sync 1 DAGs
[2024-11-08T18:14:00.433+0300] {logging_mixin.py:190} INFO - [2024-11-08T18:14:00.432+0300] {dag.py:4180} INFO - Setting next_dagrun for example_sensors to None, run_after=None
[2024-11-08T18:14:00.461+0300] {processor.py:208} INFO - Processing /home/airflow/.local/lib/python3.12/site-packages/airflow/example_dags/example_sensors.py took 0.083 seconds
[2024-11-08T18:14:30.667+0300] {processor.py:186} INFO - Started process (PID=567) to work on /home/airflow/.local/lib/python3.12/site-packages/airflow/example_dags/example_sensors.py
[2024-11-08T18:14:30.667+0300] {processor.py:914} INFO - Processing file /home/airflow/.local/lib/python3.12/site-packages/airflow/example_dags/example_sensors.py for tasks to queue
[2024-11-08T18:14:30.670+0300] {logging_mixin.py:190} INFO - [2024-11-08T18:14:30.669+0300] {dagbag.py:588} INFO - Filling up the DagBag from /home/airflow/.local/lib/python3.12/site-packages/airflow/example_dags/example_sensors.py
[2024-11-08T18:14:30.680+0300] {processor.py:925} INFO - DAG(s) 'example_sensors' retrieved from /home/airflow/.local/lib/python3.12/site-packages/airflow/example_dags/example_sensors.py
[2024-11-08T18:14:30.705+0300] {logging_mixin.py:190} INFO - [2024-11-08T18:14:30.705+0300] {dag.py:3239} INFO - Sync 1 DAGs
[2024-11-08T18:14:30.719+0300] {logging_mixin.py:190} INFO - [2024-11-08T18:14:30.719+0300] {dag.py:4180} INFO - Setting next_dagrun for example_sensors to None, run_after=None
[2024-11-08T18:14:30.748+0300] {processor.py:208} INFO - Processing /home/airflow/.local/lib/python3.12/site-packages/airflow/example_dags/example_sensors.py took 0.086 seconds
[2024-11-08T18:15:01.175+0300] {processor.py:186} INFO - Started process (PID=635) to work on /home/airflow/.local/lib/python3.12/site-packages/airflow/example_dags/example_sensors.py
[2024-11-08T18:15:01.176+0300] {processor.py:914} INFO - Processing file /home/airflow/.local/lib/python3.12/site-packages/airflow/example_dags/example_sensors.py for tasks to queue
[2024-11-08T18:15:01.179+0300] {logging_mixin.py:190} INFO - [2024-11-08T18:15:01.178+0300] {dagbag.py:588} INFO - Filling up the DagBag from /home/airflow/.local/lib/python3.12/site-packages/airflow/example_dags/example_sensors.py
[2024-11-08T18:15:01.188+0300] {processor.py:925} INFO - DAG(s) 'example_sensors' retrieved from /home/airflow/.local/lib/python3.12/site-packages/airflow/example_dags/example_sensors.py
[2024-11-08T18:15:01.217+0300] {logging_mixin.py:190} INFO - [2024-11-08T18:15:01.217+0300] {dag.py:3239} INFO - Sync 1 DAGs
[2024-11-08T18:15:01.233+0300] {logging_mixin.py:190} INFO - [2024-11-08T18:15:01.233+0300] {dag.py:4180} INFO - Setting next_dagrun for example_sensors to None, run_after=None
[2024-11-08T18:15:01.268+0300] {processor.py:208} INFO - Processing /home/airflow/.local/lib/python3.12/site-packages/airflow/example_dags/example_sensors.py took 0.099 seconds
[2024-11-08T18:15:31.606+0300] {processor.py:186} INFO - Started process (PID=704) to work on /home/airflow/.local/lib/python3.12/site-packages/airflow/example_dags/example_sensors.py
[2024-11-08T18:15:31.609+0300] {processor.py:914} INFO - Processing file /home/airflow/.local/lib/python3.12/site-packages/airflow/example_dags/example_sensors.py for tasks to queue
[2024-11-08T18:15:31.612+0300] {logging_mixin.py:190} INFO - [2024-11-08T18:15:31.612+0300] {dagbag.py:588} INFO - Filling up the DagBag from /home/airflow/.local/lib/python3.12/site-packages/airflow/example_dags/example_sensors.py
[2024-11-08T18:15:31.625+0300] {processor.py:925} INFO - DAG(s) 'example_sensors' retrieved from /home/airflow/.local/lib/python3.12/site-packages/airflow/example_dags/example_sensors.py
[2024-11-08T18:15:31.662+0300] {logging_mixin.py:190} INFO - [2024-11-08T18:15:31.661+0300] {dag.py:3239} INFO - Sync 1 DAGs
[2024-11-08T18:15:31.678+0300] {logging_mixin.py:190} INFO - [2024-11-08T18:15:31.677+0300] {dag.py:4180} INFO - Setting next_dagrun for example_sensors to None, run_after=None
[2024-11-08T18:15:31.711+0300] {processor.py:208} INFO - Processing /home/airflow/.local/lib/python3.12/site-packages/airflow/example_dags/example_sensors.py took 0.117 seconds
[2024-11-08T18:16:02.285+0300] {processor.py:186} INFO - Started process (PID=773) to work on /home/airflow/.local/lib/python3.12/site-packages/airflow/example_dags/example_sensors.py
[2024-11-08T18:16:02.286+0300] {processor.py:914} INFO - Processing file /home/airflow/.local/lib/python3.12/site-packages/airflow/example_dags/example_sensors.py for tasks to queue
[2024-11-08T18:16:02.289+0300] {logging_mixin.py:190} INFO - [2024-11-08T18:16:02.289+0300] {dagbag.py:588} INFO - Filling up the DagBag from /home/airflow/.local/lib/python3.12/site-packages/airflow/example_dags/example_sensors.py
[2024-11-08T18:16:02.299+0300] {processor.py:925} INFO - DAG(s) 'example_sensors' retrieved from /home/airflow/.local/lib/python3.12/site-packages/airflow/example_dags/example_sensors.py
[2024-11-08T18:16:02.326+0300] {logging_mixin.py:190} INFO - [2024-11-08T18:16:02.326+0300] {dag.py:3239} INFO - Sync 1 DAGs
[2024-11-08T18:16:02.343+0300] {logging_mixin.py:190} INFO - [2024-11-08T18:16:02.343+0300] {dag.py:4180} INFO - Setting next_dagrun for example_sensors to None, run_after=None
[2024-11-08T18:16:02.361+0300] {processor.py:208} INFO - Processing /home/airflow/.local/lib/python3.12/site-packages/airflow/example_dags/example_sensors.py took 0.081 seconds
[2024-11-08T18:16:32.631+0300] {processor.py:186} INFO - Started process (PID=842) to work on /home/airflow/.local/lib/python3.12/site-packages/airflow/example_dags/example_sensors.py
[2024-11-08T18:16:32.633+0300] {processor.py:914} INFO - Processing file /home/airflow/.local/lib/python3.12/site-packages/airflow/example_dags/example_sensors.py for tasks to queue
[2024-11-08T18:16:32.636+0300] {logging_mixin.py:190} INFO - [2024-11-08T18:16:32.636+0300] {dagbag.py:588} INFO - Filling up the DagBag from /home/airflow/.local/lib/python3.12/site-packages/airflow/example_dags/example_sensors.py
[2024-11-08T18:16:32.648+0300] {processor.py:925} INFO - DAG(s) 'example_sensors' retrieved from /home/airflow/.local/lib/python3.12/site-packages/airflow/example_dags/example_sensors.py
[2024-11-08T18:16:32.675+0300] {logging_mixin.py:190} INFO - [2024-11-08T18:16:32.675+0300] {dag.py:3239} INFO - Sync 1 DAGs
[2024-11-08T18:16:32.688+0300] {logging_mixin.py:190} INFO - [2024-11-08T18:16:32.688+0300] {dag.py:4180} INFO - Setting next_dagrun for example_sensors to None, run_after=None
[2024-11-08T18:16:32.719+0300] {processor.py:208} INFO - Processing /home/airflow/.local/lib/python3.12/site-packages/airflow/example_dags/example_sensors.py took 0.093 seconds
[2024-11-08T18:17:03.200+0300] {processor.py:186} INFO - Started process (PID=911) to work on /home/airflow/.local/lib/python3.12/site-packages/airflow/example_dags/example_sensors.py
[2024-11-08T18:17:03.204+0300] {processor.py:914} INFO - Processing file /home/airflow/.local/lib/python3.12/site-packages/airflow/example_dags/example_sensors.py for tasks to queue
[2024-11-08T18:17:03.211+0300] {logging_mixin.py:190} INFO - [2024-11-08T18:17:03.211+0300] {dagbag.py:588} INFO - Filling up the DagBag from /home/airflow/.local/lib/python3.12/site-packages/airflow/example_dags/example_sensors.py
[2024-11-08T18:17:03.231+0300] {processor.py:925} INFO - DAG(s) 'example_sensors' retrieved from /home/airflow/.local/lib/python3.12/site-packages/airflow/example_dags/example_sensors.py
[2024-11-08T18:17:03.257+0300] {logging_mixin.py:190} INFO - [2024-11-08T18:17:03.257+0300] {dag.py:3239} INFO - Sync 1 DAGs
[2024-11-08T18:17:03.270+0300] {logging_mixin.py:190} INFO - [2024-11-08T18:17:03.270+0300] {dag.py:4180} INFO - Setting next_dagrun for example_sensors to None, run_after=None
[2024-11-08T18:17:03.302+0300] {processor.py:208} INFO - Processing /home/airflow/.local/lib/python3.12/site-packages/airflow/example_dags/example_sensors.py took 0.124 seconds
[2024-11-08T18:28:00.660+0300] {processor.py:186} INFO - Started process (PID=100) to work on /home/airflow/.local/lib/python3.12/site-packages/airflow/example_dags/example_sensors.py
[2024-11-08T18:28:00.662+0300] {processor.py:914} INFO - Processing file /home/airflow/.local/lib/python3.12/site-packages/airflow/example_dags/example_sensors.py for tasks to queue
[2024-11-08T18:28:00.666+0300] {logging_mixin.py:190} INFO - [2024-11-08T18:28:00.665+0300] {dagbag.py:588} INFO - Filling up the DagBag from /home/airflow/.local/lib/python3.12/site-packages/airflow/example_dags/example_sensors.py
[2024-11-08T18:28:00.682+0300] {processor.py:925} INFO - DAG(s) 'example_sensors' retrieved from /home/airflow/.local/lib/python3.12/site-packages/airflow/example_dags/example_sensors.py
[2024-11-08T18:28:00.726+0300] {logging_mixin.py:190} INFO - [2024-11-08T18:28:00.726+0300] {dag.py:3239} INFO - Sync 1 DAGs
[2024-11-08T18:28:00.748+0300] {logging_mixin.py:190} INFO - [2024-11-08T18:28:00.748+0300] {dag.py:4180} INFO - Setting next_dagrun for example_sensors to None, run_after=None
[2024-11-08T18:28:00.780+0300] {processor.py:208} INFO - Processing /home/airflow/.local/lib/python3.12/site-packages/airflow/example_dags/example_sensors.py took 0.129 seconds
[2024-11-08T18:28:31.075+0300] {processor.py:186} INFO - Started process (PID=169) to work on /home/airflow/.local/lib/python3.12/site-packages/airflow/example_dags/example_sensors.py
[2024-11-08T18:28:31.076+0300] {processor.py:914} INFO - Processing file /home/airflow/.local/lib/python3.12/site-packages/airflow/example_dags/example_sensors.py for tasks to queue
[2024-11-08T18:28:31.079+0300] {logging_mixin.py:190} INFO - [2024-11-08T18:28:31.079+0300] {dagbag.py:588} INFO - Filling up the DagBag from /home/airflow/.local/lib/python3.12/site-packages/airflow/example_dags/example_sensors.py
[2024-11-08T18:28:31.089+0300] {processor.py:925} INFO - DAG(s) 'example_sensors' retrieved from /home/airflow/.local/lib/python3.12/site-packages/airflow/example_dags/example_sensors.py
[2024-11-08T18:28:31.115+0300] {logging_mixin.py:190} INFO - [2024-11-08T18:28:31.115+0300] {dag.py:3239} INFO - Sync 1 DAGs
[2024-11-08T18:28:31.129+0300] {logging_mixin.py:190} INFO - [2024-11-08T18:28:31.128+0300] {dag.py:4180} INFO - Setting next_dagrun for example_sensors to None, run_after=None
[2024-11-08T18:28:31.147+0300] {processor.py:208} INFO - Processing /home/airflow/.local/lib/python3.12/site-packages/airflow/example_dags/example_sensors.py took 0.077 seconds
[2024-11-08T18:29:01.527+0300] {processor.py:186} INFO - Started process (PID=238) to work on /home/airflow/.local/lib/python3.12/site-packages/airflow/example_dags/example_sensors.py
[2024-11-08T18:29:01.528+0300] {processor.py:914} INFO - Processing file /home/airflow/.local/lib/python3.12/site-packages/airflow/example_dags/example_sensors.py for tasks to queue
[2024-11-08T18:29:01.532+0300] {logging_mixin.py:190} INFO - [2024-11-08T18:29:01.532+0300] {dagbag.py:588} INFO - Filling up the DagBag from /home/airflow/.local/lib/python3.12/site-packages/airflow/example_dags/example_sensors.py
[2024-11-08T18:29:01.545+0300] {processor.py:925} INFO - DAG(s) 'example_sensors' retrieved from /home/airflow/.local/lib/python3.12/site-packages/airflow/example_dags/example_sensors.py
[2024-11-08T18:29:01.579+0300] {logging_mixin.py:190} INFO - [2024-11-08T18:29:01.578+0300] {dag.py:3239} INFO - Sync 1 DAGs
[2024-11-08T18:29:01.594+0300] {logging_mixin.py:190} INFO - [2024-11-08T18:29:01.593+0300] {dag.py:4180} INFO - Setting next_dagrun for example_sensors to None, run_after=None
[2024-11-08T18:29:01.613+0300] {processor.py:208} INFO - Processing /home/airflow/.local/lib/python3.12/site-packages/airflow/example_dags/example_sensors.py took 0.092 seconds
[2024-11-08T18:29:32.794+0300] {processor.py:186} INFO - Started process (PID=307) to work on /home/airflow/.local/lib/python3.12/site-packages/airflow/example_dags/example_sensors.py
[2024-11-08T18:29:32.795+0300] {processor.py:914} INFO - Processing file /home/airflow/.local/lib/python3.12/site-packages/airflow/example_dags/example_sensors.py for tasks to queue
[2024-11-08T18:29:32.798+0300] {logging_mixin.py:190} INFO - [2024-11-08T18:29:32.797+0300] {dagbag.py:588} INFO - Filling up the DagBag from /home/airflow/.local/lib/python3.12/site-packages/airflow/example_dags/example_sensors.py
[2024-11-08T18:29:32.806+0300] {processor.py:925} INFO - DAG(s) 'example_sensors' retrieved from /home/airflow/.local/lib/python3.12/site-packages/airflow/example_dags/example_sensors.py
[2024-11-08T18:29:32.829+0300] {logging_mixin.py:190} INFO - [2024-11-08T18:29:32.828+0300] {dag.py:3239} INFO - Sync 1 DAGs
[2024-11-08T18:29:32.841+0300] {logging_mixin.py:190} INFO - [2024-11-08T18:29:32.841+0300] {dag.py:4180} INFO - Setting next_dagrun for example_sensors to None, run_after=None
[2024-11-08T18:29:32.857+0300] {processor.py:208} INFO - Processing /home/airflow/.local/lib/python3.12/site-packages/airflow/example_dags/example_sensors.py took 0.067 seconds
[2024-11-08T18:30:03.701+0300] {processor.py:186} INFO - Started process (PID=376) to work on /home/airflow/.local/lib/python3.12/site-packages/airflow/example_dags/example_sensors.py
[2024-11-08T18:30:03.703+0300] {processor.py:914} INFO - Processing file /home/airflow/.local/lib/python3.12/site-packages/airflow/example_dags/example_sensors.py for tasks to queue
[2024-11-08T18:30:03.706+0300] {logging_mixin.py:190} INFO - [2024-11-08T18:30:03.705+0300] {dagbag.py:588} INFO - Filling up the DagBag from /home/airflow/.local/lib/python3.12/site-packages/airflow/example_dags/example_sensors.py
[2024-11-08T18:30:03.716+0300] {processor.py:925} INFO - DAG(s) 'example_sensors' retrieved from /home/airflow/.local/lib/python3.12/site-packages/airflow/example_dags/example_sensors.py
[2024-11-08T18:30:03.736+0300] {logging_mixin.py:190} INFO - [2024-11-08T18:30:03.736+0300] {dag.py:3239} INFO - Sync 1 DAGs
[2024-11-08T18:30:03.748+0300] {logging_mixin.py:190} INFO - [2024-11-08T18:30:03.748+0300] {dag.py:4180} INFO - Setting next_dagrun for example_sensors to None, run_after=None
[2024-11-08T18:30:03.766+0300] {processor.py:208} INFO - Processing /home/airflow/.local/lib/python3.12/site-packages/airflow/example_dags/example_sensors.py took 0.070 seconds
[2024-11-08T18:30:34.755+0300] {processor.py:186} INFO - Started process (PID=445) to work on /home/airflow/.local/lib/python3.12/site-packages/airflow/example_dags/example_sensors.py
[2024-11-08T18:30:34.756+0300] {processor.py:914} INFO - Processing file /home/airflow/.local/lib/python3.12/site-packages/airflow/example_dags/example_sensors.py for tasks to queue
[2024-11-08T18:30:34.759+0300] {logging_mixin.py:190} INFO - [2024-11-08T18:30:34.758+0300] {dagbag.py:588} INFO - Filling up the DagBag from /home/airflow/.local/lib/python3.12/site-packages/airflow/example_dags/example_sensors.py
[2024-11-08T18:30:34.768+0300] {processor.py:925} INFO - DAG(s) 'example_sensors' retrieved from /home/airflow/.local/lib/python3.12/site-packages/airflow/example_dags/example_sensors.py
[2024-11-08T18:30:34.796+0300] {logging_mixin.py:190} INFO - [2024-11-08T18:30:34.796+0300] {dag.py:3239} INFO - Sync 1 DAGs
[2024-11-08T18:30:34.810+0300] {logging_mixin.py:190} INFO - [2024-11-08T18:30:34.810+0300] {dag.py:4180} INFO - Setting next_dagrun for example_sensors to None, run_after=None
[2024-11-08T18:30:34.830+0300] {processor.py:208} INFO - Processing /home/airflow/.local/lib/python3.12/site-packages/airflow/example_dags/example_sensors.py took 0.080 seconds
[2024-11-08T18:31:05.239+0300] {processor.py:186} INFO - Started process (PID=514) to work on /home/airflow/.local/lib/python3.12/site-packages/airflow/example_dags/example_sensors.py
[2024-11-08T18:31:05.241+0300] {processor.py:914} INFO - Processing file /home/airflow/.local/lib/python3.12/site-packages/airflow/example_dags/example_sensors.py for tasks to queue
[2024-11-08T18:31:05.243+0300] {logging_mixin.py:190} INFO - [2024-11-08T18:31:05.243+0300] {dagbag.py:588} INFO - Filling up the DagBag from /home/airflow/.local/lib/python3.12/site-packages/airflow/example_dags/example_sensors.py
[2024-11-08T18:31:05.254+0300] {processor.py:925} INFO - DAG(s) 'example_sensors' retrieved from /home/airflow/.local/lib/python3.12/site-packages/airflow/example_dags/example_sensors.py
[2024-11-08T18:31:05.277+0300] {logging_mixin.py:190} INFO - [2024-11-08T18:31:05.277+0300] {dag.py:3239} INFO - Sync 1 DAGs
[2024-11-08T18:31:05.288+0300] {logging_mixin.py:190} INFO - [2024-11-08T18:31:05.288+0300] {dag.py:4180} INFO - Setting next_dagrun for example_sensors to None, run_after=None
[2024-11-08T18:31:05.306+0300] {processor.py:208} INFO - Processing /home/airflow/.local/lib/python3.12/site-packages/airflow/example_dags/example_sensors.py took 0.072 seconds
[2024-11-08T18:31:35.593+0300] {processor.py:186} INFO - Started process (PID=583) to work on /home/airflow/.local/lib/python3.12/site-packages/airflow/example_dags/example_sensors.py
[2024-11-08T18:31:35.594+0300] {processor.py:914} INFO - Processing file /home/airflow/.local/lib/python3.12/site-packages/airflow/example_dags/example_sensors.py for tasks to queue
[2024-11-08T18:31:35.596+0300] {logging_mixin.py:190} INFO - [2024-11-08T18:31:35.596+0300] {dagbag.py:588} INFO - Filling up the DagBag from /home/airflow/.local/lib/python3.12/site-packages/airflow/example_dags/example_sensors.py
[2024-11-08T18:31:35.606+0300] {processor.py:925} INFO - DAG(s) 'example_sensors' retrieved from /home/airflow/.local/lib/python3.12/site-packages/airflow/example_dags/example_sensors.py
[2024-11-08T18:31:35.628+0300] {logging_mixin.py:190} INFO - [2024-11-08T18:31:35.628+0300] {dag.py:3239} INFO - Sync 1 DAGs
[2024-11-08T18:31:35.640+0300] {logging_mixin.py:190} INFO - [2024-11-08T18:31:35.640+0300] {dag.py:4180} INFO - Setting next_dagrun for example_sensors to None, run_after=None
[2024-11-08T18:31:35.656+0300] {processor.py:208} INFO - Processing /home/airflow/.local/lib/python3.12/site-packages/airflow/example_dags/example_sensors.py took 0.067 seconds
[2024-11-08T18:32:06.781+0300] {processor.py:186} INFO - Started process (PID=652) to work on /home/airflow/.local/lib/python3.12/site-packages/airflow/example_dags/example_sensors.py
[2024-11-08T18:32:06.783+0300] {processor.py:914} INFO - Processing file /home/airflow/.local/lib/python3.12/site-packages/airflow/example_dags/example_sensors.py for tasks to queue
[2024-11-08T18:32:06.785+0300] {logging_mixin.py:190} INFO - [2024-11-08T18:32:06.785+0300] {dagbag.py:588} INFO - Filling up the DagBag from /home/airflow/.local/lib/python3.12/site-packages/airflow/example_dags/example_sensors.py
[2024-11-08T18:32:06.794+0300] {processor.py:925} INFO - DAG(s) 'example_sensors' retrieved from /home/airflow/.local/lib/python3.12/site-packages/airflow/example_dags/example_sensors.py
[2024-11-08T18:32:06.815+0300] {logging_mixin.py:190} INFO - [2024-11-08T18:32:06.814+0300] {dag.py:3239} INFO - Sync 1 DAGs
[2024-11-08T18:32:06.826+0300] {logging_mixin.py:190} INFO - [2024-11-08T18:32:06.826+0300] {dag.py:4180} INFO - Setting next_dagrun for example_sensors to None, run_after=None
[2024-11-08T18:32:06.847+0300] {processor.py:208} INFO - Processing /home/airflow/.local/lib/python3.12/site-packages/airflow/example_dags/example_sensors.py took 0.071 seconds
[2024-11-08T18:32:37.303+0300] {processor.py:186} INFO - Started process (PID=722) to work on /home/airflow/.local/lib/python3.12/site-packages/airflow/example_dags/example_sensors.py
[2024-11-08T18:32:37.305+0300] {processor.py:914} INFO - Processing file /home/airflow/.local/lib/python3.12/site-packages/airflow/example_dags/example_sensors.py for tasks to queue
[2024-11-08T18:32:37.308+0300] {logging_mixin.py:190} INFO - [2024-11-08T18:32:37.308+0300] {dagbag.py:588} INFO - Filling up the DagBag from /home/airflow/.local/lib/python3.12/site-packages/airflow/example_dags/example_sensors.py
[2024-11-08T18:32:37.319+0300] {processor.py:925} INFO - DAG(s) 'example_sensors' retrieved from /home/airflow/.local/lib/python3.12/site-packages/airflow/example_dags/example_sensors.py
[2024-11-08T18:32:37.345+0300] {logging_mixin.py:190} INFO - [2024-11-08T18:32:37.345+0300] {dag.py:3239} INFO - Sync 1 DAGs
[2024-11-08T18:32:37.358+0300] {logging_mixin.py:190} INFO - [2024-11-08T18:32:37.357+0300] {dag.py:4180} INFO - Setting next_dagrun for example_sensors to None, run_after=None
[2024-11-08T18:32:37.376+0300] {processor.py:208} INFO - Processing /home/airflow/.local/lib/python3.12/site-packages/airflow/example_dags/example_sensors.py took 0.077 seconds
[2024-11-08T18:33:07.587+0300] {processor.py:186} INFO - Started process (PID=789) to work on /home/airflow/.local/lib/python3.12/site-packages/airflow/example_dags/example_sensors.py
[2024-11-08T18:33:07.589+0300] {processor.py:914} INFO - Processing file /home/airflow/.local/lib/python3.12/site-packages/airflow/example_dags/example_sensors.py for tasks to queue
[2024-11-08T18:33:07.591+0300] {logging_mixin.py:190} INFO - [2024-11-08T18:33:07.591+0300] {dagbag.py:588} INFO - Filling up the DagBag from /home/airflow/.local/lib/python3.12/site-packages/airflow/example_dags/example_sensors.py
[2024-11-08T18:33:07.601+0300] {processor.py:925} INFO - DAG(s) 'example_sensors' retrieved from /home/airflow/.local/lib/python3.12/site-packages/airflow/example_dags/example_sensors.py
[2024-11-08T18:33:07.624+0300] {logging_mixin.py:190} INFO - [2024-11-08T18:33:07.624+0300] {dag.py:3239} INFO - Sync 1 DAGs
[2024-11-08T18:33:07.637+0300] {logging_mixin.py:190} INFO - [2024-11-08T18:33:07.637+0300] {dag.py:4180} INFO - Setting next_dagrun for example_sensors to None, run_after=None
[2024-11-08T18:33:07.654+0300] {processor.py:208} INFO - Processing /home/airflow/.local/lib/python3.12/site-packages/airflow/example_dags/example_sensors.py took 0.072 seconds
[2024-11-08T18:33:38.149+0300] {processor.py:186} INFO - Started process (PID=858) to work on /home/airflow/.local/lib/python3.12/site-packages/airflow/example_dags/example_sensors.py
[2024-11-08T18:33:38.151+0300] {processor.py:914} INFO - Processing file /home/airflow/.local/lib/python3.12/site-packages/airflow/example_dags/example_sensors.py for tasks to queue
[2024-11-08T18:33:38.153+0300] {logging_mixin.py:190} INFO - [2024-11-08T18:33:38.153+0300] {dagbag.py:588} INFO - Filling up the DagBag from /home/airflow/.local/lib/python3.12/site-packages/airflow/example_dags/example_sensors.py
[2024-11-08T18:33:38.164+0300] {processor.py:925} INFO - DAG(s) 'example_sensors' retrieved from /home/airflow/.local/lib/python3.12/site-packages/airflow/example_dags/example_sensors.py
[2024-11-08T18:33:38.187+0300] {logging_mixin.py:190} INFO - [2024-11-08T18:33:38.187+0300] {dag.py:3239} INFO - Sync 1 DAGs
[2024-11-08T18:33:38.200+0300] {logging_mixin.py:190} INFO - [2024-11-08T18:33:38.199+0300] {dag.py:4180} INFO - Setting next_dagrun for example_sensors to None, run_after=None
[2024-11-08T18:33:38.220+0300] {processor.py:208} INFO - Processing /home/airflow/.local/lib/python3.12/site-packages/airflow/example_dags/example_sensors.py took 0.075 seconds
[2024-11-08T18:34:09.187+0300] {processor.py:186} INFO - Started process (PID=927) to work on /home/airflow/.local/lib/python3.12/site-packages/airflow/example_dags/example_sensors.py
[2024-11-08T18:34:09.188+0300] {processor.py:914} INFO - Processing file /home/airflow/.local/lib/python3.12/site-packages/airflow/example_dags/example_sensors.py for tasks to queue
[2024-11-08T18:34:09.190+0300] {logging_mixin.py:190} INFO - [2024-11-08T18:34:09.190+0300] {dagbag.py:588} INFO - Filling up the DagBag from /home/airflow/.local/lib/python3.12/site-packages/airflow/example_dags/example_sensors.py
[2024-11-08T18:34:09.198+0300] {processor.py:925} INFO - DAG(s) 'example_sensors' retrieved from /home/airflow/.local/lib/python3.12/site-packages/airflow/example_dags/example_sensors.py
[2024-11-08T18:34:09.219+0300] {logging_mixin.py:190} INFO - [2024-11-08T18:34:09.219+0300] {dag.py:3239} INFO - Sync 1 DAGs
[2024-11-08T18:34:09.231+0300] {logging_mixin.py:190} INFO - [2024-11-08T18:34:09.231+0300] {dag.py:4180} INFO - Setting next_dagrun for example_sensors to None, run_after=None
[2024-11-08T18:34:09.249+0300] {processor.py:208} INFO - Processing /home/airflow/.local/lib/python3.12/site-packages/airflow/example_dags/example_sensors.py took 0.067 seconds
[2024-11-08T18:34:39.791+0300] {processor.py:186} INFO - Started process (PID=996) to work on /home/airflow/.local/lib/python3.12/site-packages/airflow/example_dags/example_sensors.py
[2024-11-08T18:34:39.792+0300] {processor.py:914} INFO - Processing file /home/airflow/.local/lib/python3.12/site-packages/airflow/example_dags/example_sensors.py for tasks to queue
[2024-11-08T18:34:39.794+0300] {logging_mixin.py:190} INFO - [2024-11-08T18:34:39.794+0300] {dagbag.py:588} INFO - Filling up the DagBag from /home/airflow/.local/lib/python3.12/site-packages/airflow/example_dags/example_sensors.py
[2024-11-08T18:34:39.804+0300] {processor.py:925} INFO - DAG(s) 'example_sensors' retrieved from /home/airflow/.local/lib/python3.12/site-packages/airflow/example_dags/example_sensors.py
[2024-11-08T18:34:39.828+0300] {logging_mixin.py:190} INFO - [2024-11-08T18:34:39.828+0300] {dag.py:3239} INFO - Sync 1 DAGs
[2024-11-08T18:34:39.840+0300] {logging_mixin.py:190} INFO - [2024-11-08T18:34:39.840+0300] {dag.py:4180} INFO - Setting next_dagrun for example_sensors to None, run_after=None
[2024-11-08T18:34:39.860+0300] {processor.py:208} INFO - Processing /home/airflow/.local/lib/python3.12/site-packages/airflow/example_dags/example_sensors.py took 0.074 seconds
[2024-11-08T18:35:10.388+0300] {processor.py:186} INFO - Started process (PID=1065) to work on /home/airflow/.local/lib/python3.12/site-packages/airflow/example_dags/example_sensors.py
[2024-11-08T18:35:10.389+0300] {processor.py:914} INFO - Processing file /home/airflow/.local/lib/python3.12/site-packages/airflow/example_dags/example_sensors.py for tasks to queue
[2024-11-08T18:35:10.391+0300] {logging_mixin.py:190} INFO - [2024-11-08T18:35:10.391+0300] {dagbag.py:588} INFO - Filling up the DagBag from /home/airflow/.local/lib/python3.12/site-packages/airflow/example_dags/example_sensors.py
[2024-11-08T18:35:10.404+0300] {processor.py:925} INFO - DAG(s) 'example_sensors' retrieved from /home/airflow/.local/lib/python3.12/site-packages/airflow/example_dags/example_sensors.py
[2024-11-08T18:35:10.428+0300] {logging_mixin.py:190} INFO - [2024-11-08T18:35:10.428+0300] {dag.py:3239} INFO - Sync 1 DAGs
[2024-11-08T18:35:10.440+0300] {logging_mixin.py:190} INFO - [2024-11-08T18:35:10.440+0300] {dag.py:4180} INFO - Setting next_dagrun for example_sensors to None, run_after=None
[2024-11-08T18:35:10.456+0300] {processor.py:208} INFO - Processing /home/airflow/.local/lib/python3.12/site-packages/airflow/example_dags/example_sensors.py took 0.073 seconds
[2024-11-08T18:35:40.740+0300] {processor.py:186} INFO - Started process (PID=1134) to work on /home/airflow/.local/lib/python3.12/site-packages/airflow/example_dags/example_sensors.py
[2024-11-08T18:35:40.741+0300] {processor.py:914} INFO - Processing file /home/airflow/.local/lib/python3.12/site-packages/airflow/example_dags/example_sensors.py for tasks to queue
[2024-11-08T18:35:40.743+0300] {logging_mixin.py:190} INFO - [2024-11-08T18:35:40.743+0300] {dagbag.py:588} INFO - Filling up the DagBag from /home/airflow/.local/lib/python3.12/site-packages/airflow/example_dags/example_sensors.py
[2024-11-08T18:35:40.754+0300] {processor.py:925} INFO - DAG(s) 'example_sensors' retrieved from /home/airflow/.local/lib/python3.12/site-packages/airflow/example_dags/example_sensors.py
[2024-11-08T18:35:40.781+0300] {logging_mixin.py:190} INFO - [2024-11-08T18:35:40.781+0300] {dag.py:3239} INFO - Sync 1 DAGs
[2024-11-08T18:35:40.796+0300] {logging_mixin.py:190} INFO - [2024-11-08T18:35:40.796+0300] {dag.py:4180} INFO - Setting next_dagrun for example_sensors to None, run_after=None
[2024-11-08T18:35:40.819+0300] {processor.py:208} INFO - Processing /home/airflow/.local/lib/python3.12/site-packages/airflow/example_dags/example_sensors.py took 0.085 seconds
[2024-11-08T18:36:11.973+0300] {processor.py:186} INFO - Started process (PID=1203) to work on /home/airflow/.local/lib/python3.12/site-packages/airflow/example_dags/example_sensors.py
[2024-11-08T18:36:11.974+0300] {processor.py:914} INFO - Processing file /home/airflow/.local/lib/python3.12/site-packages/airflow/example_dags/example_sensors.py for tasks to queue
[2024-11-08T18:36:11.977+0300] {logging_mixin.py:190} INFO - [2024-11-08T18:36:11.977+0300] {dagbag.py:588} INFO - Filling up the DagBag from /home/airflow/.local/lib/python3.12/site-packages/airflow/example_dags/example_sensors.py
[2024-11-08T18:36:11.986+0300] {processor.py:925} INFO - DAG(s) 'example_sensors' retrieved from /home/airflow/.local/lib/python3.12/site-packages/airflow/example_dags/example_sensors.py
[2024-11-08T18:36:12.012+0300] {logging_mixin.py:190} INFO - [2024-11-08T18:36:12.012+0300] {dag.py:3239} INFO - Sync 1 DAGs
[2024-11-08T18:36:12.023+0300] {logging_mixin.py:190} INFO - [2024-11-08T18:36:12.023+0300] {dag.py:4180} INFO - Setting next_dagrun for example_sensors to None, run_after=None
[2024-11-08T18:36:12.043+0300] {processor.py:208} INFO - Processing /home/airflow/.local/lib/python3.12/site-packages/airflow/example_dags/example_sensors.py took 0.074 seconds
[2024-11-08T18:36:43.069+0300] {processor.py:186} INFO - Started process (PID=1271) to work on /home/airflow/.local/lib/python3.12/site-packages/airflow/example_dags/example_sensors.py
[2024-11-08T18:36:43.070+0300] {processor.py:914} INFO - Processing file /home/airflow/.local/lib/python3.12/site-packages/airflow/example_dags/example_sensors.py for tasks to queue
[2024-11-08T18:36:43.073+0300] {logging_mixin.py:190} INFO - [2024-11-08T18:36:43.072+0300] {dagbag.py:588} INFO - Filling up the DagBag from /home/airflow/.local/lib/python3.12/site-packages/airflow/example_dags/example_sensors.py
[2024-11-08T18:36:43.084+0300] {processor.py:925} INFO - DAG(s) 'example_sensors' retrieved from /home/airflow/.local/lib/python3.12/site-packages/airflow/example_dags/example_sensors.py
[2024-11-08T18:36:43.113+0300] {logging_mixin.py:190} INFO - [2024-11-08T18:36:43.112+0300] {dag.py:3239} INFO - Sync 1 DAGs
[2024-11-08T18:36:43.126+0300] {logging_mixin.py:190} INFO - [2024-11-08T18:36:43.125+0300] {dag.py:4180} INFO - Setting next_dagrun for example_sensors to None, run_after=None
[2024-11-08T18:36:43.147+0300] {processor.py:208} INFO - Processing /home/airflow/.local/lib/python3.12/site-packages/airflow/example_dags/example_sensors.py took 0.083 seconds
[2024-11-08T18:37:13.534+0300] {processor.py:186} INFO - Started process (PID=1340) to work on /home/airflow/.local/lib/python3.12/site-packages/airflow/example_dags/example_sensors.py
[2024-11-08T18:37:13.535+0300] {processor.py:914} INFO - Processing file /home/airflow/.local/lib/python3.12/site-packages/airflow/example_dags/example_sensors.py for tasks to queue
[2024-11-08T18:37:13.538+0300] {logging_mixin.py:190} INFO - [2024-11-08T18:37:13.537+0300] {dagbag.py:588} INFO - Filling up the DagBag from /home/airflow/.local/lib/python3.12/site-packages/airflow/example_dags/example_sensors.py
[2024-11-08T18:37:13.551+0300] {processor.py:925} INFO - DAG(s) 'example_sensors' retrieved from /home/airflow/.local/lib/python3.12/site-packages/airflow/example_dags/example_sensors.py
[2024-11-08T18:37:13.581+0300] {logging_mixin.py:190} INFO - [2024-11-08T18:37:13.581+0300] {dag.py:3239} INFO - Sync 1 DAGs
[2024-11-08T18:37:13.595+0300] {logging_mixin.py:190} INFO - [2024-11-08T18:37:13.595+0300] {dag.py:4180} INFO - Setting next_dagrun for example_sensors to None, run_after=None
[2024-11-08T18:37:13.619+0300] {processor.py:208} INFO - Processing /home/airflow/.local/lib/python3.12/site-packages/airflow/example_dags/example_sensors.py took 0.090 seconds
[2024-11-08T18:37:44.240+0300] {processor.py:186} INFO - Started process (PID=1409) to work on /home/airflow/.local/lib/python3.12/site-packages/airflow/example_dags/example_sensors.py
[2024-11-08T18:37:44.242+0300] {processor.py:914} INFO - Processing file /home/airflow/.local/lib/python3.12/site-packages/airflow/example_dags/example_sensors.py for tasks to queue
[2024-11-08T18:37:44.244+0300] {logging_mixin.py:190} INFO - [2024-11-08T18:37:44.244+0300] {dagbag.py:588} INFO - Filling up the DagBag from /home/airflow/.local/lib/python3.12/site-packages/airflow/example_dags/example_sensors.py
[2024-11-08T18:37:44.254+0300] {processor.py:925} INFO - DAG(s) 'example_sensors' retrieved from /home/airflow/.local/lib/python3.12/site-packages/airflow/example_dags/example_sensors.py
[2024-11-08T18:37:44.279+0300] {logging_mixin.py:190} INFO - [2024-11-08T18:37:44.279+0300] {dag.py:3239} INFO - Sync 1 DAGs
[2024-11-08T18:37:44.295+0300] {logging_mixin.py:190} INFO - [2024-11-08T18:37:44.294+0300] {dag.py:4180} INFO - Setting next_dagrun for example_sensors to None, run_after=None
[2024-11-08T18:37:44.319+0300] {processor.py:208} INFO - Processing /home/airflow/.local/lib/python3.12/site-packages/airflow/example_dags/example_sensors.py took 0.084 seconds
[2024-11-08T18:38:15.017+0300] {processor.py:186} INFO - Started process (PID=1478) to work on /home/airflow/.local/lib/python3.12/site-packages/airflow/example_dags/example_sensors.py
[2024-11-08T18:38:15.018+0300] {processor.py:914} INFO - Processing file /home/airflow/.local/lib/python3.12/site-packages/airflow/example_dags/example_sensors.py for tasks to queue
[2024-11-08T18:38:15.021+0300] {logging_mixin.py:190} INFO - [2024-11-08T18:38:15.020+0300] {dagbag.py:588} INFO - Filling up the DagBag from /home/airflow/.local/lib/python3.12/site-packages/airflow/example_dags/example_sensors.py
[2024-11-08T18:38:15.030+0300] {processor.py:925} INFO - DAG(s) 'example_sensors' retrieved from /home/airflow/.local/lib/python3.12/site-packages/airflow/example_dags/example_sensors.py
[2024-11-08T18:38:15.052+0300] {logging_mixin.py:190} INFO - [2024-11-08T18:38:15.052+0300] {dag.py:3239} INFO - Sync 1 DAGs
[2024-11-08T18:38:15.068+0300] {logging_mixin.py:190} INFO - [2024-11-08T18:38:15.068+0300] {dag.py:4180} INFO - Setting next_dagrun for example_sensors to None, run_after=None
[2024-11-08T18:38:15.087+0300] {processor.py:208} INFO - Processing /home/airflow/.local/lib/python3.12/site-packages/airflow/example_dags/example_sensors.py took 0.074 seconds
[2024-11-08T18:38:45.930+0300] {processor.py:186} INFO - Started process (PID=1547) to work on /home/airflow/.local/lib/python3.12/site-packages/airflow/example_dags/example_sensors.py
[2024-11-08T18:38:45.931+0300] {processor.py:914} INFO - Processing file /home/airflow/.local/lib/python3.12/site-packages/airflow/example_dags/example_sensors.py for tasks to queue
[2024-11-08T18:38:45.933+0300] {logging_mixin.py:190} INFO - [2024-11-08T18:38:45.933+0300] {dagbag.py:588} INFO - Filling up the DagBag from /home/airflow/.local/lib/python3.12/site-packages/airflow/example_dags/example_sensors.py
[2024-11-08T18:38:45.942+0300] {processor.py:925} INFO - DAG(s) 'example_sensors' retrieved from /home/airflow/.local/lib/python3.12/site-packages/airflow/example_dags/example_sensors.py
[2024-11-08T18:38:45.969+0300] {logging_mixin.py:190} INFO - [2024-11-08T18:38:45.968+0300] {dag.py:3239} INFO - Sync 1 DAGs
[2024-11-08T18:38:45.982+0300] {logging_mixin.py:190} INFO - [2024-11-08T18:38:45.981+0300] {dag.py:4180} INFO - Setting next_dagrun for example_sensors to None, run_after=None
[2024-11-08T18:38:46.000+0300] {processor.py:208} INFO - Processing /home/airflow/.local/lib/python3.12/site-packages/airflow/example_dags/example_sensors.py took 0.075 seconds
[2024-11-08T18:39:17.788+0300] {processor.py:186} INFO - Started process (PID=1616) to work on /home/airflow/.local/lib/python3.12/site-packages/airflow/example_dags/example_sensors.py
[2024-11-08T18:39:17.791+0300] {processor.py:914} INFO - Processing file /home/airflow/.local/lib/python3.12/site-packages/airflow/example_dags/example_sensors.py for tasks to queue
[2024-11-08T18:39:17.797+0300] {logging_mixin.py:190} INFO - [2024-11-08T18:39:17.796+0300] {dagbag.py:588} INFO - Filling up the DagBag from /home/airflow/.local/lib/python3.12/site-packages/airflow/example_dags/example_sensors.py
[2024-11-08T18:39:17.811+0300] {processor.py:925} INFO - DAG(s) 'example_sensors' retrieved from /home/airflow/.local/lib/python3.12/site-packages/airflow/example_dags/example_sensors.py
[2024-11-08T18:39:17.839+0300] {logging_mixin.py:190} INFO - [2024-11-08T18:39:17.838+0300] {dag.py:3239} INFO - Sync 1 DAGs
[2024-11-08T18:39:17.852+0300] {logging_mixin.py:190} INFO - [2024-11-08T18:39:17.852+0300] {dag.py:4180} INFO - Setting next_dagrun for example_sensors to None, run_after=None
[2024-11-08T18:39:17.882+0300] {processor.py:208} INFO - Processing /home/airflow/.local/lib/python3.12/site-packages/airflow/example_dags/example_sensors.py took 0.112 seconds
[2024-11-08T18:39:48.136+0300] {processor.py:186} INFO - Started process (PID=1685) to work on /home/airflow/.local/lib/python3.12/site-packages/airflow/example_dags/example_sensors.py
[2024-11-08T18:39:48.137+0300] {processor.py:914} INFO - Processing file /home/airflow/.local/lib/python3.12/site-packages/airflow/example_dags/example_sensors.py for tasks to queue
[2024-11-08T18:39:48.139+0300] {logging_mixin.py:190} INFO - [2024-11-08T18:39:48.139+0300] {dagbag.py:588} INFO - Filling up the DagBag from /home/airflow/.local/lib/python3.12/site-packages/airflow/example_dags/example_sensors.py
[2024-11-08T18:39:48.150+0300] {processor.py:925} INFO - DAG(s) 'example_sensors' retrieved from /home/airflow/.local/lib/python3.12/site-packages/airflow/example_dags/example_sensors.py
[2024-11-08T18:39:48.174+0300] {logging_mixin.py:190} INFO - [2024-11-08T18:39:48.173+0300] {dag.py:3239} INFO - Sync 1 DAGs
[2024-11-08T18:39:48.186+0300] {logging_mixin.py:190} INFO - [2024-11-08T18:39:48.186+0300] {dag.py:4180} INFO - Setting next_dagrun for example_sensors to None, run_after=None
[2024-11-08T18:39:48.201+0300] {processor.py:208} INFO - Processing /home/airflow/.local/lib/python3.12/site-packages/airflow/example_dags/example_sensors.py took 0.069 seconds
[2024-11-08T18:40:18.421+0300] {processor.py:186} INFO - Started process (PID=1756) to work on /home/airflow/.local/lib/python3.12/site-packages/airflow/example_dags/example_sensors.py
[2024-11-08T18:40:18.423+0300] {processor.py:914} INFO - Processing file /home/airflow/.local/lib/python3.12/site-packages/airflow/example_dags/example_sensors.py for tasks to queue
[2024-11-08T18:40:18.425+0300] {logging_mixin.py:190} INFO - [2024-11-08T18:40:18.425+0300] {dagbag.py:588} INFO - Filling up the DagBag from /home/airflow/.local/lib/python3.12/site-packages/airflow/example_dags/example_sensors.py
[2024-11-08T18:40:18.435+0300] {processor.py:925} INFO - DAG(s) 'example_sensors' retrieved from /home/airflow/.local/lib/python3.12/site-packages/airflow/example_dags/example_sensors.py
[2024-11-08T18:40:18.458+0300] {logging_mixin.py:190} INFO - [2024-11-08T18:40:18.457+0300] {dag.py:3239} INFO - Sync 1 DAGs
[2024-11-08T18:40:18.469+0300] {logging_mixin.py:190} INFO - [2024-11-08T18:40:18.469+0300] {dag.py:4180} INFO - Setting next_dagrun for example_sensors to None, run_after=None
[2024-11-08T18:40:18.485+0300] {processor.py:208} INFO - Processing /home/airflow/.local/lib/python3.12/site-packages/airflow/example_dags/example_sensors.py took 0.070 seconds
[2024-11-08T18:40:49.221+0300] {processor.py:186} INFO - Started process (PID=1825) to work on /home/airflow/.local/lib/python3.12/site-packages/airflow/example_dags/example_sensors.py
[2024-11-08T18:40:49.222+0300] {processor.py:914} INFO - Processing file /home/airflow/.local/lib/python3.12/site-packages/airflow/example_dags/example_sensors.py for tasks to queue
[2024-11-08T18:40:49.224+0300] {logging_mixin.py:190} INFO - [2024-11-08T18:40:49.224+0300] {dagbag.py:588} INFO - Filling up the DagBag from /home/airflow/.local/lib/python3.12/site-packages/airflow/example_dags/example_sensors.py
[2024-11-08T18:40:49.233+0300] {processor.py:925} INFO - DAG(s) 'example_sensors' retrieved from /home/airflow/.local/lib/python3.12/site-packages/airflow/example_dags/example_sensors.py
[2024-11-08T18:40:49.255+0300] {logging_mixin.py:190} INFO - [2024-11-08T18:40:49.255+0300] {dag.py:3239} INFO - Sync 1 DAGs
[2024-11-08T18:40:49.269+0300] {logging_mixin.py:190} INFO - [2024-11-08T18:40:49.269+0300] {dag.py:4180} INFO - Setting next_dagrun for example_sensors to None, run_after=None
[2024-11-08T18:40:49.286+0300] {processor.py:208} INFO - Processing /home/airflow/.local/lib/python3.12/site-packages/airflow/example_dags/example_sensors.py took 0.069 seconds
[2024-11-08T18:41:19.851+0300] {processor.py:186} INFO - Started process (PID=1894) to work on /home/airflow/.local/lib/python3.12/site-packages/airflow/example_dags/example_sensors.py
[2024-11-08T18:41:19.853+0300] {processor.py:914} INFO - Processing file /home/airflow/.local/lib/python3.12/site-packages/airflow/example_dags/example_sensors.py for tasks to queue
[2024-11-08T18:41:19.855+0300] {logging_mixin.py:190} INFO - [2024-11-08T18:41:19.855+0300] {dagbag.py:588} INFO - Filling up the DagBag from /home/airflow/.local/lib/python3.12/site-packages/airflow/example_dags/example_sensors.py
[2024-11-08T18:41:19.865+0300] {processor.py:925} INFO - DAG(s) 'example_sensors' retrieved from /home/airflow/.local/lib/python3.12/site-packages/airflow/example_dags/example_sensors.py
[2024-11-08T18:41:19.887+0300] {logging_mixin.py:190} INFO - [2024-11-08T18:41:19.887+0300] {dag.py:3239} INFO - Sync 1 DAGs
[2024-11-08T18:41:19.899+0300] {logging_mixin.py:190} INFO - [2024-11-08T18:41:19.899+0300] {dag.py:4180} INFO - Setting next_dagrun for example_sensors to None, run_after=None
[2024-11-08T18:41:19.915+0300] {processor.py:208} INFO - Processing /home/airflow/.local/lib/python3.12/site-packages/airflow/example_dags/example_sensors.py took 0.068 seconds
[2024-11-08T18:41:50.499+0300] {processor.py:186} INFO - Started process (PID=1963) to work on /home/airflow/.local/lib/python3.12/site-packages/airflow/example_dags/example_sensors.py
[2024-11-08T18:41:50.500+0300] {processor.py:914} INFO - Processing file /home/airflow/.local/lib/python3.12/site-packages/airflow/example_dags/example_sensors.py for tasks to queue
[2024-11-08T18:41:50.503+0300] {logging_mixin.py:190} INFO - [2024-11-08T18:41:50.502+0300] {dagbag.py:588} INFO - Filling up the DagBag from /home/airflow/.local/lib/python3.12/site-packages/airflow/example_dags/example_sensors.py
[2024-11-08T18:41:50.514+0300] {processor.py:925} INFO - DAG(s) 'example_sensors' retrieved from /home/airflow/.local/lib/python3.12/site-packages/airflow/example_dags/example_sensors.py
[2024-11-08T18:41:50.538+0300] {logging_mixin.py:190} INFO - [2024-11-08T18:41:50.538+0300] {dag.py:3239} INFO - Sync 1 DAGs
[2024-11-08T18:41:50.551+0300] {logging_mixin.py:190} INFO - [2024-11-08T18:41:50.550+0300] {dag.py:4180} INFO - Setting next_dagrun for example_sensors to None, run_after=None
[2024-11-08T18:41:50.569+0300] {processor.py:208} INFO - Processing /home/airflow/.local/lib/python3.12/site-packages/airflow/example_dags/example_sensors.py took 0.076 seconds
[2024-11-08T18:42:21.682+0300] {processor.py:186} INFO - Started process (PID=2032) to work on /home/airflow/.local/lib/python3.12/site-packages/airflow/example_dags/example_sensors.py
[2024-11-08T18:42:21.684+0300] {processor.py:914} INFO - Processing file /home/airflow/.local/lib/python3.12/site-packages/airflow/example_dags/example_sensors.py for tasks to queue
[2024-11-08T18:42:21.686+0300] {logging_mixin.py:190} INFO - [2024-11-08T18:42:21.686+0300] {dagbag.py:588} INFO - Filling up the DagBag from /home/airflow/.local/lib/python3.12/site-packages/airflow/example_dags/example_sensors.py
[2024-11-08T18:42:21.695+0300] {processor.py:925} INFO - DAG(s) 'example_sensors' retrieved from /home/airflow/.local/lib/python3.12/site-packages/airflow/example_dags/example_sensors.py
[2024-11-08T18:42:21.719+0300] {logging_mixin.py:190} INFO - [2024-11-08T18:42:21.719+0300] {dag.py:3239} INFO - Sync 1 DAGs
[2024-11-08T18:42:21.732+0300] {logging_mixin.py:190} INFO - [2024-11-08T18:42:21.731+0300] {dag.py:4180} INFO - Setting next_dagrun for example_sensors to None, run_after=None
[2024-11-08T18:42:21.749+0300] {processor.py:208} INFO - Processing /home/airflow/.local/lib/python3.12/site-packages/airflow/example_dags/example_sensors.py took 0.073 seconds
[2024-11-08T18:42:52.629+0300] {processor.py:186} INFO - Started process (PID=2101) to work on /home/airflow/.local/lib/python3.12/site-packages/airflow/example_dags/example_sensors.py
[2024-11-08T18:42:52.630+0300] {processor.py:914} INFO - Processing file /home/airflow/.local/lib/python3.12/site-packages/airflow/example_dags/example_sensors.py for tasks to queue
[2024-11-08T18:42:52.632+0300] {logging_mixin.py:190} INFO - [2024-11-08T18:42:52.632+0300] {dagbag.py:588} INFO - Filling up the DagBag from /home/airflow/.local/lib/python3.12/site-packages/airflow/example_dags/example_sensors.py
[2024-11-08T18:42:52.642+0300] {processor.py:925} INFO - DAG(s) 'example_sensors' retrieved from /home/airflow/.local/lib/python3.12/site-packages/airflow/example_dags/example_sensors.py
[2024-11-08T18:42:52.664+0300] {logging_mixin.py:190} INFO - [2024-11-08T18:42:52.664+0300] {dag.py:3239} INFO - Sync 1 DAGs
[2024-11-08T18:42:52.676+0300] {logging_mixin.py:190} INFO - [2024-11-08T18:42:52.675+0300] {dag.py:4180} INFO - Setting next_dagrun for example_sensors to None, run_after=None
[2024-11-08T18:42:52.693+0300] {processor.py:208} INFO - Processing /home/airflow/.local/lib/python3.12/site-packages/airflow/example_dags/example_sensors.py took 0.069 seconds
[2024-11-08T18:43:23.672+0300] {processor.py:186} INFO - Started process (PID=2170) to work on /home/airflow/.local/lib/python3.12/site-packages/airflow/example_dags/example_sensors.py
[2024-11-08T18:43:23.674+0300] {processor.py:914} INFO - Processing file /home/airflow/.local/lib/python3.12/site-packages/airflow/example_dags/example_sensors.py for tasks to queue
[2024-11-08T18:43:23.678+0300] {logging_mixin.py:190} INFO - [2024-11-08T18:43:23.677+0300] {dagbag.py:588} INFO - Filling up the DagBag from /home/airflow/.local/lib/python3.12/site-packages/airflow/example_dags/example_sensors.py
[2024-11-08T18:43:23.689+0300] {processor.py:925} INFO - DAG(s) 'example_sensors' retrieved from /home/airflow/.local/lib/python3.12/site-packages/airflow/example_dags/example_sensors.py
[2024-11-08T18:43:23.715+0300] {logging_mixin.py:190} INFO - [2024-11-08T18:43:23.715+0300] {dag.py:3239} INFO - Sync 1 DAGs
[2024-11-08T18:43:23.728+0300] {logging_mixin.py:190} INFO - [2024-11-08T18:43:23.727+0300] {dag.py:4180} INFO - Setting next_dagrun for example_sensors to None, run_after=None
[2024-11-08T18:43:23.749+0300] {processor.py:208} INFO - Processing /home/airflow/.local/lib/python3.12/site-packages/airflow/example_dags/example_sensors.py took 0.086 seconds
[2024-11-08T18:43:54.322+0300] {processor.py:186} INFO - Started process (PID=2238) to work on /home/airflow/.local/lib/python3.12/site-packages/airflow/example_dags/example_sensors.py
[2024-11-08T18:43:54.323+0300] {processor.py:914} INFO - Processing file /home/airflow/.local/lib/python3.12/site-packages/airflow/example_dags/example_sensors.py for tasks to queue
[2024-11-08T18:43:54.325+0300] {logging_mixin.py:190} INFO - [2024-11-08T18:43:54.325+0300] {dagbag.py:588} INFO - Filling up the DagBag from /home/airflow/.local/lib/python3.12/site-packages/airflow/example_dags/example_sensors.py
[2024-11-08T18:43:54.335+0300] {processor.py:925} INFO - DAG(s) 'example_sensors' retrieved from /home/airflow/.local/lib/python3.12/site-packages/airflow/example_dags/example_sensors.py
[2024-11-08T18:43:54.359+0300] {logging_mixin.py:190} INFO - [2024-11-08T18:43:54.359+0300] {dag.py:3239} INFO - Sync 1 DAGs
[2024-11-08T18:43:54.373+0300] {logging_mixin.py:190} INFO - [2024-11-08T18:43:54.372+0300] {dag.py:4180} INFO - Setting next_dagrun for example_sensors to None, run_after=None
[2024-11-08T18:43:54.391+0300] {processor.py:208} INFO - Processing /home/airflow/.local/lib/python3.12/site-packages/airflow/example_dags/example_sensors.py took 0.075 seconds
[2024-11-08T18:44:24.832+0300] {processor.py:186} INFO - Started process (PID=2308) to work on /home/airflow/.local/lib/python3.12/site-packages/airflow/example_dags/example_sensors.py
[2024-11-08T18:44:24.833+0300] {processor.py:914} INFO - Processing file /home/airflow/.local/lib/python3.12/site-packages/airflow/example_dags/example_sensors.py for tasks to queue
[2024-11-08T18:44:24.837+0300] {logging_mixin.py:190} INFO - [2024-11-08T18:44:24.837+0300] {dagbag.py:588} INFO - Filling up the DagBag from /home/airflow/.local/lib/python3.12/site-packages/airflow/example_dags/example_sensors.py
[2024-11-08T18:44:24.851+0300] {processor.py:925} INFO - DAG(s) 'example_sensors' retrieved from /home/airflow/.local/lib/python3.12/site-packages/airflow/example_dags/example_sensors.py
[2024-11-08T18:44:24.888+0300] {logging_mixin.py:190} INFO - [2024-11-08T18:44:24.887+0300] {dag.py:3239} INFO - Sync 1 DAGs
[2024-11-08T18:44:24.904+0300] {logging_mixin.py:190} INFO - [2024-11-08T18:44:24.903+0300] {dag.py:4180} INFO - Setting next_dagrun for example_sensors to None, run_after=None
[2024-11-08T18:44:24.924+0300] {processor.py:208} INFO - Processing /home/airflow/.local/lib/python3.12/site-packages/airflow/example_dags/example_sensors.py took 0.099 seconds
[2024-11-08T18:44:55.097+0300] {processor.py:186} INFO - Started process (PID=2376) to work on /home/airflow/.local/lib/python3.12/site-packages/airflow/example_dags/example_sensors.py
[2024-11-08T18:44:55.098+0300] {processor.py:914} INFO - Processing file /home/airflow/.local/lib/python3.12/site-packages/airflow/example_dags/example_sensors.py for tasks to queue
[2024-11-08T18:44:55.101+0300] {logging_mixin.py:190} INFO - [2024-11-08T18:44:55.101+0300] {dagbag.py:588} INFO - Filling up the DagBag from /home/airflow/.local/lib/python3.12/site-packages/airflow/example_dags/example_sensors.py
[2024-11-08T18:44:55.110+0300] {processor.py:925} INFO - DAG(s) 'example_sensors' retrieved from /home/airflow/.local/lib/python3.12/site-packages/airflow/example_dags/example_sensors.py
[2024-11-08T18:44:55.134+0300] {logging_mixin.py:190} INFO - [2024-11-08T18:44:55.134+0300] {dag.py:3239} INFO - Sync 1 DAGs
[2024-11-08T18:44:55.145+0300] {logging_mixin.py:190} INFO - [2024-11-08T18:44:55.145+0300] {dag.py:4180} INFO - Setting next_dagrun for example_sensors to None, run_after=None
[2024-11-08T18:44:55.160+0300] {processor.py:208} INFO - Processing /home/airflow/.local/lib/python3.12/site-packages/airflow/example_dags/example_sensors.py took 0.068 seconds
[2024-11-08T18:45:26.577+0300] {processor.py:186} INFO - Started process (PID=2445) to work on /home/airflow/.local/lib/python3.12/site-packages/airflow/example_dags/example_sensors.py
[2024-11-08T18:45:26.578+0300] {processor.py:914} INFO - Processing file /home/airflow/.local/lib/python3.12/site-packages/airflow/example_dags/example_sensors.py for tasks to queue
[2024-11-08T18:45:26.581+0300] {logging_mixin.py:190} INFO - [2024-11-08T18:45:26.581+0300] {dagbag.py:588} INFO - Filling up the DagBag from /home/airflow/.local/lib/python3.12/site-packages/airflow/example_dags/example_sensors.py
[2024-11-08T18:45:26.591+0300] {processor.py:925} INFO - DAG(s) 'example_sensors' retrieved from /home/airflow/.local/lib/python3.12/site-packages/airflow/example_dags/example_sensors.py
[2024-11-08T18:45:26.616+0300] {logging_mixin.py:190} INFO - [2024-11-08T18:45:26.616+0300] {dag.py:3239} INFO - Sync 1 DAGs
[2024-11-08T18:45:26.630+0300] {logging_mixin.py:190} INFO - [2024-11-08T18:45:26.630+0300] {dag.py:4180} INFO - Setting next_dagrun for example_sensors to None, run_after=None
[2024-11-08T18:45:26.649+0300] {processor.py:208} INFO - Processing /home/airflow/.local/lib/python3.12/site-packages/airflow/example_dags/example_sensors.py took 0.078 seconds
[2024-11-08T18:45:59.991+0300] {processor.py:186} INFO - Started process (PID=2514) to work on /home/airflow/.local/lib/python3.12/site-packages/airflow/example_dags/example_sensors.py
[2024-11-08T18:45:59.995+0300] {processor.py:914} INFO - Processing file /home/airflow/.local/lib/python3.12/site-packages/airflow/example_dags/example_sensors.py for tasks to queue
[2024-11-08T18:45:59.998+0300] {logging_mixin.py:190} INFO - [2024-11-08T18:45:59.998+0300] {dagbag.py:588} INFO - Filling up the DagBag from /home/airflow/.local/lib/python3.12/site-packages/airflow/example_dags/example_sensors.py
[2024-11-08T18:46:00.032+0300] {processor.py:925} INFO - DAG(s) 'example_sensors' retrieved from /home/airflow/.local/lib/python3.12/site-packages/airflow/example_dags/example_sensors.py
[2024-11-08T18:46:00.254+0300] {logging_mixin.py:190} INFO - [2024-11-08T18:46:00.254+0300] {dag.py:3239} INFO - Sync 1 DAGs
[2024-11-08T18:46:00.267+0300] {logging_mixin.py:190} INFO - [2024-11-08T18:46:00.267+0300] {dag.py:4180} INFO - Setting next_dagrun for example_sensors to None, run_after=None
[2024-11-08T18:46:00.286+0300] {processor.py:208} INFO - Processing /home/airflow/.local/lib/python3.12/site-packages/airflow/example_dags/example_sensors.py took 0.311 seconds
[2024-11-08T18:46:30.441+0300] {processor.py:186} INFO - Started process (PID=2583) to work on /home/airflow/.local/lib/python3.12/site-packages/airflow/example_dags/example_sensors.py
[2024-11-08T18:46:30.442+0300] {processor.py:914} INFO - Processing file /home/airflow/.local/lib/python3.12/site-packages/airflow/example_dags/example_sensors.py for tasks to queue
[2024-11-08T18:46:30.445+0300] {logging_mixin.py:190} INFO - [2024-11-08T18:46:30.445+0300] {dagbag.py:588} INFO - Filling up the DagBag from /home/airflow/.local/lib/python3.12/site-packages/airflow/example_dags/example_sensors.py
[2024-11-08T18:46:30.456+0300] {processor.py:925} INFO - DAG(s) 'example_sensors' retrieved from /home/airflow/.local/lib/python3.12/site-packages/airflow/example_dags/example_sensors.py
[2024-11-08T18:46:30.484+0300] {logging_mixin.py:190} INFO - [2024-11-08T18:46:30.483+0300] {dag.py:3239} INFO - Sync 1 DAGs
[2024-11-08T18:46:30.661+0300] {logging_mixin.py:190} INFO - [2024-11-08T18:46:30.661+0300] {dag.py:4180} INFO - Setting next_dagrun for example_sensors to None, run_after=None
[2024-11-08T18:46:30.692+0300] {processor.py:208} INFO - Processing /home/airflow/.local/lib/python3.12/site-packages/airflow/example_dags/example_sensors.py took 0.257 seconds
[2024-11-08T18:47:00.869+0300] {processor.py:186} INFO - Started process (PID=2652) to work on /home/airflow/.local/lib/python3.12/site-packages/airflow/example_dags/example_sensors.py
[2024-11-08T18:47:00.871+0300] {processor.py:914} INFO - Processing file /home/airflow/.local/lib/python3.12/site-packages/airflow/example_dags/example_sensors.py for tasks to queue
[2024-11-08T18:47:00.876+0300] {logging_mixin.py:190} INFO - [2024-11-08T18:47:00.875+0300] {dagbag.py:588} INFO - Filling up the DagBag from /home/airflow/.local/lib/python3.12/site-packages/airflow/example_dags/example_sensors.py
[2024-11-08T18:47:00.897+0300] {processor.py:925} INFO - DAG(s) 'example_sensors' retrieved from /home/airflow/.local/lib/python3.12/site-packages/airflow/example_dags/example_sensors.py
[2024-11-08T18:47:00.932+0300] {logging_mixin.py:190} INFO - [2024-11-08T18:47:00.932+0300] {dag.py:3239} INFO - Sync 1 DAGs
[2024-11-08T18:47:00.949+0300] {logging_mixin.py:190} INFO - [2024-11-08T18:47:00.949+0300] {dag.py:4180} INFO - Setting next_dagrun for example_sensors to None, run_after=None
[2024-11-08T18:47:00.973+0300] {processor.py:208} INFO - Processing /home/airflow/.local/lib/python3.12/site-packages/airflow/example_dags/example_sensors.py took 0.112 seconds
[2024-11-08T18:47:32.598+0300] {processor.py:186} INFO - Started process (PID=2721) to work on /home/airflow/.local/lib/python3.12/site-packages/airflow/example_dags/example_sensors.py
[2024-11-08T18:47:32.599+0300] {processor.py:914} INFO - Processing file /home/airflow/.local/lib/python3.12/site-packages/airflow/example_dags/example_sensors.py for tasks to queue
[2024-11-08T18:47:32.601+0300] {logging_mixin.py:190} INFO - [2024-11-08T18:47:32.601+0300] {dagbag.py:588} INFO - Filling up the DagBag from /home/airflow/.local/lib/python3.12/site-packages/airflow/example_dags/example_sensors.py
[2024-11-08T18:47:32.610+0300] {processor.py:925} INFO - DAG(s) 'example_sensors' retrieved from /home/airflow/.local/lib/python3.12/site-packages/airflow/example_dags/example_sensors.py
[2024-11-08T18:47:32.631+0300] {logging_mixin.py:190} INFO - [2024-11-08T18:47:32.631+0300] {dag.py:3239} INFO - Sync 1 DAGs
[2024-11-08T18:47:32.642+0300] {logging_mixin.py:190} INFO - [2024-11-08T18:47:32.641+0300] {dag.py:4180} INFO - Setting next_dagrun for example_sensors to None, run_after=None
[2024-11-08T18:47:32.671+0300] {processor.py:208} INFO - Processing /home/airflow/.local/lib/python3.12/site-packages/airflow/example_dags/example_sensors.py took 0.077 seconds
[2024-11-08T18:48:03.413+0300] {processor.py:186} INFO - Started process (PID=2796) to work on /home/airflow/.local/lib/python3.12/site-packages/airflow/example_dags/example_sensors.py
[2024-11-08T18:48:03.415+0300] {processor.py:914} INFO - Processing file /home/airflow/.local/lib/python3.12/site-packages/airflow/example_dags/example_sensors.py for tasks to queue
[2024-11-08T18:48:03.417+0300] {logging_mixin.py:190} INFO - [2024-11-08T18:48:03.417+0300] {dagbag.py:588} INFO - Filling up the DagBag from /home/airflow/.local/lib/python3.12/site-packages/airflow/example_dags/example_sensors.py
[2024-11-08T18:48:03.428+0300] {processor.py:925} INFO - DAG(s) 'example_sensors' retrieved from /home/airflow/.local/lib/python3.12/site-packages/airflow/example_dags/example_sensors.py
[2024-11-08T18:48:03.452+0300] {logging_mixin.py:190} INFO - [2024-11-08T18:48:03.452+0300] {dag.py:3239} INFO - Sync 1 DAGs
[2024-11-08T18:48:03.466+0300] {logging_mixin.py:190} INFO - [2024-11-08T18:48:03.466+0300] {dag.py:4180} INFO - Setting next_dagrun for example_sensors to None, run_after=None
[2024-11-08T18:48:03.488+0300] {processor.py:208} INFO - Processing /home/airflow/.local/lib/python3.12/site-packages/airflow/example_dags/example_sensors.py took 0.081 seconds
[2024-11-08T18:48:33.843+0300] {processor.py:186} INFO - Started process (PID=2866) to work on /home/airflow/.local/lib/python3.12/site-packages/airflow/example_dags/example_sensors.py
[2024-11-08T18:48:33.844+0300] {processor.py:914} INFO - Processing file /home/airflow/.local/lib/python3.12/site-packages/airflow/example_dags/example_sensors.py for tasks to queue
[2024-11-08T18:48:33.846+0300] {logging_mixin.py:190} INFO - [2024-11-08T18:48:33.846+0300] {dagbag.py:588} INFO - Filling up the DagBag from /home/airflow/.local/lib/python3.12/site-packages/airflow/example_dags/example_sensors.py
[2024-11-08T18:48:33.855+0300] {processor.py:925} INFO - DAG(s) 'example_sensors' retrieved from /home/airflow/.local/lib/python3.12/site-packages/airflow/example_dags/example_sensors.py
[2024-11-08T18:48:33.879+0300] {logging_mixin.py:190} INFO - [2024-11-08T18:48:33.879+0300] {dag.py:3239} INFO - Sync 1 DAGs
[2024-11-08T18:48:33.895+0300] {logging_mixin.py:190} INFO - [2024-11-08T18:48:33.895+0300] {dag.py:4180} INFO - Setting next_dagrun for example_sensors to None, run_after=None
[2024-11-08T18:48:33.920+0300] {processor.py:208} INFO - Processing /home/airflow/.local/lib/python3.12/site-packages/airflow/example_dags/example_sensors.py took 0.083 seconds
[2024-11-08T18:49:04.516+0300] {processor.py:186} INFO - Started process (PID=2935) to work on /home/airflow/.local/lib/python3.12/site-packages/airflow/example_dags/example_sensors.py
[2024-11-08T18:49:04.517+0300] {processor.py:914} INFO - Processing file /home/airflow/.local/lib/python3.12/site-packages/airflow/example_dags/example_sensors.py for tasks to queue
[2024-11-08T18:49:04.519+0300] {logging_mixin.py:190} INFO - [2024-11-08T18:49:04.519+0300] {dagbag.py:588} INFO - Filling up the DagBag from /home/airflow/.local/lib/python3.12/site-packages/airflow/example_dags/example_sensors.py
[2024-11-08T18:49:04.533+0300] {processor.py:925} INFO - DAG(s) 'example_sensors' retrieved from /home/airflow/.local/lib/python3.12/site-packages/airflow/example_dags/example_sensors.py
[2024-11-08T18:49:04.561+0300] {logging_mixin.py:190} INFO - [2024-11-08T18:49:04.561+0300] {dag.py:3239} INFO - Sync 1 DAGs
[2024-11-08T18:49:04.573+0300] {logging_mixin.py:190} INFO - [2024-11-08T18:49:04.573+0300] {dag.py:4180} INFO - Setting next_dagrun for example_sensors to None, run_after=None
[2024-11-08T18:49:04.589+0300] {processor.py:208} INFO - Processing /home/airflow/.local/lib/python3.12/site-packages/airflow/example_dags/example_sensors.py took 0.078 seconds
[2024-11-08T18:49:35.253+0300] {processor.py:186} INFO - Started process (PID=3004) to work on /home/airflow/.local/lib/python3.12/site-packages/airflow/example_dags/example_sensors.py
[2024-11-08T18:49:35.255+0300] {processor.py:914} INFO - Processing file /home/airflow/.local/lib/python3.12/site-packages/airflow/example_dags/example_sensors.py for tasks to queue
[2024-11-08T18:49:35.258+0300] {logging_mixin.py:190} INFO - [2024-11-08T18:49:35.258+0300] {dagbag.py:588} INFO - Filling up the DagBag from /home/airflow/.local/lib/python3.12/site-packages/airflow/example_dags/example_sensors.py
[2024-11-08T18:49:35.272+0300] {processor.py:925} INFO - DAG(s) 'example_sensors' retrieved from /home/airflow/.local/lib/python3.12/site-packages/airflow/example_dags/example_sensors.py
[2024-11-08T18:49:35.301+0300] {logging_mixin.py:190} INFO - [2024-11-08T18:49:35.301+0300] {dag.py:3239} INFO - Sync 1 DAGs
[2024-11-08T18:49:35.318+0300] {logging_mixin.py:190} INFO - [2024-11-08T18:49:35.318+0300] {dag.py:4180} INFO - Setting next_dagrun for example_sensors to None, run_after=None
[2024-11-08T18:49:35.341+0300] {processor.py:208} INFO - Processing /home/airflow/.local/lib/python3.12/site-packages/airflow/example_dags/example_sensors.py took 0.094 seconds
[2024-11-08T18:50:06.147+0300] {processor.py:186} INFO - Started process (PID=3073) to work on /home/airflow/.local/lib/python3.12/site-packages/airflow/example_dags/example_sensors.py
[2024-11-08T18:50:06.149+0300] {processor.py:914} INFO - Processing file /home/airflow/.local/lib/python3.12/site-packages/airflow/example_dags/example_sensors.py for tasks to queue
[2024-11-08T18:50:06.152+0300] {logging_mixin.py:190} INFO - [2024-11-08T18:50:06.152+0300] {dagbag.py:588} INFO - Filling up the DagBag from /home/airflow/.local/lib/python3.12/site-packages/airflow/example_dags/example_sensors.py
[2024-11-08T18:50:06.164+0300] {processor.py:925} INFO - DAG(s) 'example_sensors' retrieved from /home/airflow/.local/lib/python3.12/site-packages/airflow/example_dags/example_sensors.py
[2024-11-08T18:50:06.190+0300] {logging_mixin.py:190} INFO - [2024-11-08T18:50:06.190+0300] {dag.py:3239} INFO - Sync 1 DAGs
[2024-11-08T18:50:06.206+0300] {logging_mixin.py:190} INFO - [2024-11-08T18:50:06.206+0300] {dag.py:4180} INFO - Setting next_dagrun for example_sensors to None, run_after=None
[2024-11-08T18:50:06.227+0300] {processor.py:208} INFO - Processing /home/airflow/.local/lib/python3.12/site-packages/airflow/example_dags/example_sensors.py took 0.086 seconds
[2024-11-08T18:53:16.038+0300] {processor.py:186} INFO - Started process (PID=93) to work on /home/airflow/.local/lib/python3.12/site-packages/airflow/example_dags/example_sensors.py
[2024-11-08T18:53:16.039+0300] {processor.py:914} INFO - Processing file /home/airflow/.local/lib/python3.12/site-packages/airflow/example_dags/example_sensors.py for tasks to queue
[2024-11-08T18:53:16.042+0300] {logging_mixin.py:190} INFO - [2024-11-08T18:53:16.041+0300] {dagbag.py:588} INFO - Filling up the DagBag from /home/airflow/.local/lib/python3.12/site-packages/airflow/example_dags/example_sensors.py
[2024-11-08T18:53:16.055+0300] {processor.py:925} INFO - DAG(s) 'example_sensors' retrieved from /home/airflow/.local/lib/python3.12/site-packages/airflow/example_dags/example_sensors.py
[2024-11-08T18:53:16.089+0300] {logging_mixin.py:190} INFO - [2024-11-08T18:53:16.089+0300] {dag.py:3239} INFO - Sync 1 DAGs
[2024-11-08T18:53:16.105+0300] {logging_mixin.py:190} INFO - [2024-11-08T18:53:16.104+0300] {dag.py:4180} INFO - Setting next_dagrun for example_sensors to None, run_after=None
[2024-11-08T18:53:16.129+0300] {processor.py:208} INFO - Processing /home/airflow/.local/lib/python3.12/site-packages/airflow/example_dags/example_sensors.py took 0.099 seconds
[2024-11-08T18:53:46.499+0300] {processor.py:186} INFO - Started process (PID=163) to work on /home/airflow/.local/lib/python3.12/site-packages/airflow/example_dags/example_sensors.py
[2024-11-08T18:53:46.500+0300] {processor.py:914} INFO - Processing file /home/airflow/.local/lib/python3.12/site-packages/airflow/example_dags/example_sensors.py for tasks to queue
[2024-11-08T18:53:46.503+0300] {logging_mixin.py:190} INFO - [2024-11-08T18:53:46.503+0300] {dagbag.py:588} INFO - Filling up the DagBag from /home/airflow/.local/lib/python3.12/site-packages/airflow/example_dags/example_sensors.py
[2024-11-08T18:53:46.512+0300] {processor.py:925} INFO - DAG(s) 'example_sensors' retrieved from /home/airflow/.local/lib/python3.12/site-packages/airflow/example_dags/example_sensors.py
[2024-11-08T18:53:46.537+0300] {logging_mixin.py:190} INFO - [2024-11-08T18:53:46.537+0300] {dag.py:3239} INFO - Sync 1 DAGs
[2024-11-08T18:53:46.550+0300] {logging_mixin.py:190} INFO - [2024-11-08T18:53:46.550+0300] {dag.py:4180} INFO - Setting next_dagrun for example_sensors to None, run_after=None
[2024-11-08T18:53:46.579+0300] {processor.py:208} INFO - Processing /home/airflow/.local/lib/python3.12/site-packages/airflow/example_dags/example_sensors.py took 0.085 seconds
[2024-11-08T18:54:17.284+0300] {processor.py:186} INFO - Started process (PID=232) to work on /home/airflow/.local/lib/python3.12/site-packages/airflow/example_dags/example_sensors.py
[2024-11-08T18:54:17.286+0300] {processor.py:914} INFO - Processing file /home/airflow/.local/lib/python3.12/site-packages/airflow/example_dags/example_sensors.py for tasks to queue
[2024-11-08T18:54:17.289+0300] {logging_mixin.py:190} INFO - [2024-11-08T18:54:17.288+0300] {dagbag.py:588} INFO - Filling up the DagBag from /home/airflow/.local/lib/python3.12/site-packages/airflow/example_dags/example_sensors.py
[2024-11-08T18:54:17.298+0300] {processor.py:925} INFO - DAG(s) 'example_sensors' retrieved from /home/airflow/.local/lib/python3.12/site-packages/airflow/example_dags/example_sensors.py
[2024-11-08T18:54:17.320+0300] {logging_mixin.py:190} INFO - [2024-11-08T18:54:17.320+0300] {dag.py:3239} INFO - Sync 1 DAGs
[2024-11-08T18:54:17.332+0300] {logging_mixin.py:190} INFO - [2024-11-08T18:54:17.332+0300] {dag.py:4180} INFO - Setting next_dagrun for example_sensors to None, run_after=None
[2024-11-08T18:54:17.350+0300] {processor.py:208} INFO - Processing /home/airflow/.local/lib/python3.12/site-packages/airflow/example_dags/example_sensors.py took 0.072 seconds
[2024-11-08T18:55:30.943+0300] {processor.py:186} INFO - Started process (PID=95) to work on /home/airflow/.local/lib/python3.12/site-packages/airflow/example_dags/example_sensors.py
[2024-11-08T18:55:30.945+0300] {processor.py:914} INFO - Processing file /home/airflow/.local/lib/python3.12/site-packages/airflow/example_dags/example_sensors.py for tasks to queue
[2024-11-08T18:55:30.948+0300] {logging_mixin.py:190} INFO - [2024-11-08T18:55:30.947+0300] {dagbag.py:588} INFO - Filling up the DagBag from /home/airflow/.local/lib/python3.12/site-packages/airflow/example_dags/example_sensors.py
[2024-11-08T18:55:30.958+0300] {processor.py:925} INFO - DAG(s) 'example_sensors' retrieved from /home/airflow/.local/lib/python3.12/site-packages/airflow/example_dags/example_sensors.py
[2024-11-08T18:55:30.990+0300] {logging_mixin.py:190} INFO - [2024-11-08T18:55:30.990+0300] {dag.py:3239} INFO - Sync 1 DAGs
[2024-11-08T18:55:31.008+0300] {logging_mixin.py:190} INFO - [2024-11-08T18:55:31.008+0300] {dag.py:4180} INFO - Setting next_dagrun for example_sensors to None, run_after=None
[2024-11-08T18:55:31.031+0300] {processor.py:208} INFO - Processing /home/airflow/.local/lib/python3.12/site-packages/airflow/example_dags/example_sensors.py took 0.092 seconds
[2024-11-08T18:56:01.617+0300] {processor.py:186} INFO - Started process (PID=164) to work on /home/airflow/.local/lib/python3.12/site-packages/airflow/example_dags/example_sensors.py
[2024-11-08T18:56:01.618+0300] {processor.py:914} INFO - Processing file /home/airflow/.local/lib/python3.12/site-packages/airflow/example_dags/example_sensors.py for tasks to queue
[2024-11-08T18:56:01.620+0300] {logging_mixin.py:190} INFO - [2024-11-08T18:56:01.620+0300] {dagbag.py:588} INFO - Filling up the DagBag from /home/airflow/.local/lib/python3.12/site-packages/airflow/example_dags/example_sensors.py
[2024-11-08T18:56:01.632+0300] {processor.py:925} INFO - DAG(s) 'example_sensors' retrieved from /home/airflow/.local/lib/python3.12/site-packages/airflow/example_dags/example_sensors.py
[2024-11-08T18:56:01.659+0300] {logging_mixin.py:190} INFO - [2024-11-08T18:56:01.658+0300] {dag.py:3239} INFO - Sync 1 DAGs
[2024-11-08T18:56:01.670+0300] {logging_mixin.py:190} INFO - [2024-11-08T18:56:01.669+0300] {dag.py:4180} INFO - Setting next_dagrun for example_sensors to None, run_after=None
[2024-11-08T18:56:01.686+0300] {processor.py:208} INFO - Processing /home/airflow/.local/lib/python3.12/site-packages/airflow/example_dags/example_sensors.py took 0.073 seconds
[2024-11-08T18:56:53.354+0300] {processor.py:186} INFO - Started process (PID=93) to work on /home/airflow/.local/lib/python3.12/site-packages/airflow/example_dags/example_sensors.py
[2024-11-08T18:56:53.355+0300] {processor.py:914} INFO - Processing file /home/airflow/.local/lib/python3.12/site-packages/airflow/example_dags/example_sensors.py for tasks to queue
[2024-11-08T18:56:53.359+0300] {logging_mixin.py:190} INFO - [2024-11-08T18:56:53.358+0300] {dagbag.py:588} INFO - Filling up the DagBag from /home/airflow/.local/lib/python3.12/site-packages/airflow/example_dags/example_sensors.py
[2024-11-08T18:56:53.372+0300] {processor.py:925} INFO - DAG(s) 'example_sensors' retrieved from /home/airflow/.local/lib/python3.12/site-packages/airflow/example_dags/example_sensors.py
[2024-11-08T18:56:53.409+0300] {logging_mixin.py:190} INFO - [2024-11-08T18:56:53.409+0300] {dag.py:3239} INFO - Sync 1 DAGs
[2024-11-08T18:56:53.433+0300] {logging_mixin.py:190} INFO - [2024-11-08T18:56:53.432+0300] {dag.py:4180} INFO - Setting next_dagrun for example_sensors to None, run_after=None
[2024-11-08T18:56:53.459+0300] {processor.py:208} INFO - Processing /home/airflow/.local/lib/python3.12/site-packages/airflow/example_dags/example_sensors.py took 0.113 seconds
[2024-11-08T18:57:23.576+0300] {processor.py:186} INFO - Started process (PID=161) to work on /home/airflow/.local/lib/python3.12/site-packages/airflow/example_dags/example_sensors.py
[2024-11-08T18:57:23.577+0300] {processor.py:914} INFO - Processing file /home/airflow/.local/lib/python3.12/site-packages/airflow/example_dags/example_sensors.py for tasks to queue
[2024-11-08T18:57:23.580+0300] {logging_mixin.py:190} INFO - [2024-11-08T18:57:23.579+0300] {dagbag.py:588} INFO - Filling up the DagBag from /home/airflow/.local/lib/python3.12/site-packages/airflow/example_dags/example_sensors.py
[2024-11-08T18:57:23.591+0300] {processor.py:925} INFO - DAG(s) 'example_sensors' retrieved from /home/airflow/.local/lib/python3.12/site-packages/airflow/example_dags/example_sensors.py
[2024-11-08T18:57:23.613+0300] {logging_mixin.py:190} INFO - [2024-11-08T18:57:23.613+0300] {dag.py:3239} INFO - Sync 1 DAGs
[2024-11-08T18:57:23.628+0300] {logging_mixin.py:190} INFO - [2024-11-08T18:57:23.628+0300] {dag.py:4180} INFO - Setting next_dagrun for example_sensors to None, run_after=None
[2024-11-08T18:57:23.649+0300] {processor.py:208} INFO - Processing /home/airflow/.local/lib/python3.12/site-packages/airflow/example_dags/example_sensors.py took 0.077 seconds
[2024-11-08T18:57:54.367+0300] {processor.py:186} INFO - Started process (PID=231) to work on /home/airflow/.local/lib/python3.12/site-packages/airflow/example_dags/example_sensors.py
[2024-11-08T18:57:54.368+0300] {processor.py:914} INFO - Processing file /home/airflow/.local/lib/python3.12/site-packages/airflow/example_dags/example_sensors.py for tasks to queue
[2024-11-08T18:57:54.370+0300] {logging_mixin.py:190} INFO - [2024-11-08T18:57:54.370+0300] {dagbag.py:588} INFO - Filling up the DagBag from /home/airflow/.local/lib/python3.12/site-packages/airflow/example_dags/example_sensors.py
[2024-11-08T18:57:54.379+0300] {processor.py:925} INFO - DAG(s) 'example_sensors' retrieved from /home/airflow/.local/lib/python3.12/site-packages/airflow/example_dags/example_sensors.py
[2024-11-08T18:57:54.400+0300] {logging_mixin.py:190} INFO - [2024-11-08T18:57:54.400+0300] {dag.py:3239} INFO - Sync 1 DAGs
[2024-11-08T18:57:54.413+0300] {logging_mixin.py:190} INFO - [2024-11-08T18:57:54.413+0300] {dag.py:4180} INFO - Setting next_dagrun for example_sensors to None, run_after=None
[2024-11-08T18:57:54.429+0300] {processor.py:208} INFO - Processing /home/airflow/.local/lib/python3.12/site-packages/airflow/example_dags/example_sensors.py took 0.068 seconds
[2024-11-08T18:58:25.519+0300] {processor.py:186} INFO - Started process (PID=300) to work on /home/airflow/.local/lib/python3.12/site-packages/airflow/example_dags/example_sensors.py
[2024-11-08T18:58:25.520+0300] {processor.py:914} INFO - Processing file /home/airflow/.local/lib/python3.12/site-packages/airflow/example_dags/example_sensors.py for tasks to queue
[2024-11-08T18:58:25.522+0300] {logging_mixin.py:190} INFO - [2024-11-08T18:58:25.522+0300] {dagbag.py:588} INFO - Filling up the DagBag from /home/airflow/.local/lib/python3.12/site-packages/airflow/example_dags/example_sensors.py
[2024-11-08T18:58:25.534+0300] {processor.py:925} INFO - DAG(s) 'example_sensors' retrieved from /home/airflow/.local/lib/python3.12/site-packages/airflow/example_dags/example_sensors.py
[2024-11-08T18:58:25.559+0300] {logging_mixin.py:190} INFO - [2024-11-08T18:58:25.559+0300] {dag.py:3239} INFO - Sync 1 DAGs
[2024-11-08T18:58:25.573+0300] {logging_mixin.py:190} INFO - [2024-11-08T18:58:25.573+0300] {dag.py:4180} INFO - Setting next_dagrun for example_sensors to None, run_after=None
[2024-11-08T18:58:25.592+0300] {processor.py:208} INFO - Processing /home/airflow/.local/lib/python3.12/site-packages/airflow/example_dags/example_sensors.py took 0.077 seconds
[2024-11-08T18:58:56.895+0300] {processor.py:186} INFO - Started process (PID=369) to work on /home/airflow/.local/lib/python3.12/site-packages/airflow/example_dags/example_sensors.py
[2024-11-08T18:58:56.897+0300] {processor.py:914} INFO - Processing file /home/airflow/.local/lib/python3.12/site-packages/airflow/example_dags/example_sensors.py for tasks to queue
[2024-11-08T18:58:56.899+0300] {logging_mixin.py:190} INFO - [2024-11-08T18:58:56.898+0300] {dagbag.py:588} INFO - Filling up the DagBag from /home/airflow/.local/lib/python3.12/site-packages/airflow/example_dags/example_sensors.py
[2024-11-08T18:58:56.910+0300] {processor.py:925} INFO - DAG(s) 'example_sensors' retrieved from /home/airflow/.local/lib/python3.12/site-packages/airflow/example_dags/example_sensors.py
[2024-11-08T18:58:56.930+0300] {logging_mixin.py:190} INFO - [2024-11-08T18:58:56.930+0300] {dag.py:3239} INFO - Sync 1 DAGs
[2024-11-08T18:58:56.942+0300] {logging_mixin.py:190} INFO - [2024-11-08T18:58:56.942+0300] {dag.py:4180} INFO - Setting next_dagrun for example_sensors to None, run_after=None
[2024-11-08T18:58:56.960+0300] {processor.py:208} INFO - Processing /home/airflow/.local/lib/python3.12/site-packages/airflow/example_dags/example_sensors.py took 0.069 seconds
[2024-11-08T18:59:28.017+0300] {processor.py:186} INFO - Started process (PID=438) to work on /home/airflow/.local/lib/python3.12/site-packages/airflow/example_dags/example_sensors.py
[2024-11-08T18:59:28.018+0300] {processor.py:914} INFO - Processing file /home/airflow/.local/lib/python3.12/site-packages/airflow/example_dags/example_sensors.py for tasks to queue
[2024-11-08T18:59:28.021+0300] {logging_mixin.py:190} INFO - [2024-11-08T18:59:28.021+0300] {dagbag.py:588} INFO - Filling up the DagBag from /home/airflow/.local/lib/python3.12/site-packages/airflow/example_dags/example_sensors.py
[2024-11-08T18:59:28.032+0300] {processor.py:925} INFO - DAG(s) 'example_sensors' retrieved from /home/airflow/.local/lib/python3.12/site-packages/airflow/example_dags/example_sensors.py
[2024-11-08T18:59:28.055+0300] {logging_mixin.py:190} INFO - [2024-11-08T18:59:28.054+0300] {dag.py:3239} INFO - Sync 1 DAGs
[2024-11-08T18:59:28.067+0300] {logging_mixin.py:190} INFO - [2024-11-08T18:59:28.066+0300] {dag.py:4180} INFO - Setting next_dagrun for example_sensors to None, run_after=None
[2024-11-08T18:59:28.085+0300] {processor.py:208} INFO - Processing /home/airflow/.local/lib/python3.12/site-packages/airflow/example_dags/example_sensors.py took 0.073 seconds
[2024-11-08T18:59:59.134+0300] {processor.py:186} INFO - Started process (PID=515) to work on /home/airflow/.local/lib/python3.12/site-packages/airflow/example_dags/example_sensors.py
[2024-11-08T18:59:59.135+0300] {processor.py:914} INFO - Processing file /home/airflow/.local/lib/python3.12/site-packages/airflow/example_dags/example_sensors.py for tasks to queue
[2024-11-08T18:59:59.138+0300] {logging_mixin.py:190} INFO - [2024-11-08T18:59:59.138+0300] {dagbag.py:588} INFO - Filling up the DagBag from /home/airflow/.local/lib/python3.12/site-packages/airflow/example_dags/example_sensors.py
[2024-11-08T18:59:59.151+0300] {processor.py:925} INFO - DAG(s) 'example_sensors' retrieved from /home/airflow/.local/lib/python3.12/site-packages/airflow/example_dags/example_sensors.py
[2024-11-08T18:59:59.178+0300] {logging_mixin.py:190} INFO - [2024-11-08T18:59:59.178+0300] {dag.py:3239} INFO - Sync 1 DAGs
[2024-11-08T18:59:59.191+0300] {logging_mixin.py:190} INFO - [2024-11-08T18:59:59.191+0300] {dag.py:4180} INFO - Setting next_dagrun for example_sensors to None, run_after=None
[2024-11-08T18:59:59.212+0300] {processor.py:208} INFO - Processing /home/airflow/.local/lib/python3.12/site-packages/airflow/example_dags/example_sensors.py took 0.084 seconds
[2024-11-08T19:00:30.405+0300] {processor.py:186} INFO - Started process (PID=586) to work on /home/airflow/.local/lib/python3.12/site-packages/airflow/example_dags/example_sensors.py
[2024-11-08T19:00:30.407+0300] {processor.py:914} INFO - Processing file /home/airflow/.local/lib/python3.12/site-packages/airflow/example_dags/example_sensors.py for tasks to queue
[2024-11-08T19:00:30.409+0300] {logging_mixin.py:190} INFO - [2024-11-08T19:00:30.409+0300] {dagbag.py:588} INFO - Filling up the DagBag from /home/airflow/.local/lib/python3.12/site-packages/airflow/example_dags/example_sensors.py
[2024-11-08T19:00:30.420+0300] {processor.py:925} INFO - DAG(s) 'example_sensors' retrieved from /home/airflow/.local/lib/python3.12/site-packages/airflow/example_dags/example_sensors.py
[2024-11-08T19:00:30.448+0300] {logging_mixin.py:190} INFO - [2024-11-08T19:00:30.448+0300] {dag.py:3239} INFO - Sync 1 DAGs
[2024-11-08T19:00:30.465+0300] {logging_mixin.py:190} INFO - [2024-11-08T19:00:30.465+0300] {dag.py:4180} INFO - Setting next_dagrun for example_sensors to None, run_after=None
[2024-11-08T19:00:30.488+0300] {processor.py:208} INFO - Processing /home/airflow/.local/lib/python3.12/site-packages/airflow/example_dags/example_sensors.py took 0.088 seconds
[2024-11-08T19:01:00.712+0300] {processor.py:186} INFO - Started process (PID=656) to work on /home/airflow/.local/lib/python3.12/site-packages/airflow/example_dags/example_sensors.py
[2024-11-08T19:01:00.713+0300] {processor.py:914} INFO - Processing file /home/airflow/.local/lib/python3.12/site-packages/airflow/example_dags/example_sensors.py for tasks to queue
[2024-11-08T19:01:00.716+0300] {logging_mixin.py:190} INFO - [2024-11-08T19:01:00.716+0300] {dagbag.py:588} INFO - Filling up the DagBag from /home/airflow/.local/lib/python3.12/site-packages/airflow/example_dags/example_sensors.py
[2024-11-08T19:01:00.726+0300] {processor.py:925} INFO - DAG(s) 'example_sensors' retrieved from /home/airflow/.local/lib/python3.12/site-packages/airflow/example_dags/example_sensors.py
[2024-11-08T19:01:00.752+0300] {logging_mixin.py:190} INFO - [2024-11-08T19:01:00.752+0300] {dag.py:3239} INFO - Sync 1 DAGs
[2024-11-08T19:01:00.768+0300] {logging_mixin.py:190} INFO - [2024-11-08T19:01:00.768+0300] {dag.py:4180} INFO - Setting next_dagrun for example_sensors to None, run_after=None
[2024-11-08T19:01:00.788+0300] {processor.py:208} INFO - Processing /home/airflow/.local/lib/python3.12/site-packages/airflow/example_dags/example_sensors.py took 0.081 seconds
[2024-11-08T19:01:31.360+0300] {processor.py:186} INFO - Started process (PID=723) to work on /home/airflow/.local/lib/python3.12/site-packages/airflow/example_dags/example_sensors.py
[2024-11-08T19:01:31.361+0300] {processor.py:914} INFO - Processing file /home/airflow/.local/lib/python3.12/site-packages/airflow/example_dags/example_sensors.py for tasks to queue
[2024-11-08T19:01:31.363+0300] {logging_mixin.py:190} INFO - [2024-11-08T19:01:31.363+0300] {dagbag.py:588} INFO - Filling up the DagBag from /home/airflow/.local/lib/python3.12/site-packages/airflow/example_dags/example_sensors.py
[2024-11-08T19:01:31.372+0300] {processor.py:925} INFO - DAG(s) 'example_sensors' retrieved from /home/airflow/.local/lib/python3.12/site-packages/airflow/example_dags/example_sensors.py
[2024-11-08T19:01:31.396+0300] {logging_mixin.py:190} INFO - [2024-11-08T19:01:31.395+0300] {dag.py:3239} INFO - Sync 1 DAGs
[2024-11-08T19:01:31.407+0300] {logging_mixin.py:190} INFO - [2024-11-08T19:01:31.406+0300] {dag.py:4180} INFO - Setting next_dagrun for example_sensors to None, run_after=None
[2024-11-08T19:01:31.426+0300] {processor.py:208} INFO - Processing /home/airflow/.local/lib/python3.12/site-packages/airflow/example_dags/example_sensors.py took 0.070 seconds
[2024-11-08T19:02:01.820+0300] {processor.py:186} INFO - Started process (PID=792) to work on /home/airflow/.local/lib/python3.12/site-packages/airflow/example_dags/example_sensors.py
[2024-11-08T19:02:01.821+0300] {processor.py:914} INFO - Processing file /home/airflow/.local/lib/python3.12/site-packages/airflow/example_dags/example_sensors.py for tasks to queue
[2024-11-08T19:02:01.824+0300] {logging_mixin.py:190} INFO - [2024-11-08T19:02:01.823+0300] {dagbag.py:588} INFO - Filling up the DagBag from /home/airflow/.local/lib/python3.12/site-packages/airflow/example_dags/example_sensors.py
[2024-11-08T19:02:01.833+0300] {processor.py:925} INFO - DAG(s) 'example_sensors' retrieved from /home/airflow/.local/lib/python3.12/site-packages/airflow/example_dags/example_sensors.py
[2024-11-08T19:02:01.856+0300] {logging_mixin.py:190} INFO - [2024-11-08T19:02:01.856+0300] {dag.py:3239} INFO - Sync 1 DAGs
[2024-11-08T19:02:01.868+0300] {logging_mixin.py:190} INFO - [2024-11-08T19:02:01.868+0300] {dag.py:4180} INFO - Setting next_dagrun for example_sensors to None, run_after=None
[2024-11-08T19:02:01.888+0300] {processor.py:208} INFO - Processing /home/airflow/.local/lib/python3.12/site-packages/airflow/example_dags/example_sensors.py took 0.073 seconds
[2024-11-08T19:02:32.502+0300] {processor.py:186} INFO - Started process (PID=861) to work on /home/airflow/.local/lib/python3.12/site-packages/airflow/example_dags/example_sensors.py
[2024-11-08T19:02:32.503+0300] {processor.py:914} INFO - Processing file /home/airflow/.local/lib/python3.12/site-packages/airflow/example_dags/example_sensors.py for tasks to queue
[2024-11-08T19:02:32.506+0300] {logging_mixin.py:190} INFO - [2024-11-08T19:02:32.506+0300] {dagbag.py:588} INFO - Filling up the DagBag from /home/airflow/.local/lib/python3.12/site-packages/airflow/example_dags/example_sensors.py
[2024-11-08T19:02:32.514+0300] {processor.py:925} INFO - DAG(s) 'example_sensors' retrieved from /home/airflow/.local/lib/python3.12/site-packages/airflow/example_dags/example_sensors.py
[2024-11-08T19:02:32.536+0300] {logging_mixin.py:190} INFO - [2024-11-08T19:02:32.536+0300] {dag.py:3239} INFO - Sync 1 DAGs
[2024-11-08T19:02:32.548+0300] {logging_mixin.py:190} INFO - [2024-11-08T19:02:32.547+0300] {dag.py:4180} INFO - Setting next_dagrun for example_sensors to None, run_after=None
[2024-11-08T19:02:32.570+0300] {processor.py:208} INFO - Processing /home/airflow/.local/lib/python3.12/site-packages/airflow/example_dags/example_sensors.py took 0.072 seconds
[2024-11-08T19:03:03.456+0300] {processor.py:186} INFO - Started process (PID=930) to work on /home/airflow/.local/lib/python3.12/site-packages/airflow/example_dags/example_sensors.py
[2024-11-08T19:03:03.457+0300] {processor.py:914} INFO - Processing file /home/airflow/.local/lib/python3.12/site-packages/airflow/example_dags/example_sensors.py for tasks to queue
[2024-11-08T19:03:03.459+0300] {logging_mixin.py:190} INFO - [2024-11-08T19:03:03.459+0300] {dagbag.py:588} INFO - Filling up the DagBag from /home/airflow/.local/lib/python3.12/site-packages/airflow/example_dags/example_sensors.py
[2024-11-08T19:03:03.471+0300] {processor.py:925} INFO - DAG(s) 'example_sensors' retrieved from /home/airflow/.local/lib/python3.12/site-packages/airflow/example_dags/example_sensors.py
[2024-11-08T19:03:03.497+0300] {logging_mixin.py:190} INFO - [2024-11-08T19:03:03.496+0300] {dag.py:3239} INFO - Sync 1 DAGs
[2024-11-08T19:03:03.517+0300] {logging_mixin.py:190} INFO - [2024-11-08T19:03:03.516+0300] {dag.py:4180} INFO - Setting next_dagrun for example_sensors to None, run_after=None
[2024-11-08T19:03:03.540+0300] {processor.py:208} INFO - Processing /home/airflow/.local/lib/python3.12/site-packages/airflow/example_dags/example_sensors.py took 0.090 seconds
[2024-11-08T19:03:34.498+0300] {processor.py:186} INFO - Started process (PID=999) to work on /home/airflow/.local/lib/python3.12/site-packages/airflow/example_dags/example_sensors.py
[2024-11-08T19:03:34.500+0300] {processor.py:914} INFO - Processing file /home/airflow/.local/lib/python3.12/site-packages/airflow/example_dags/example_sensors.py for tasks to queue
[2024-11-08T19:03:34.502+0300] {logging_mixin.py:190} INFO - [2024-11-08T19:03:34.502+0300] {dagbag.py:588} INFO - Filling up the DagBag from /home/airflow/.local/lib/python3.12/site-packages/airflow/example_dags/example_sensors.py
[2024-11-08T19:03:34.511+0300] {processor.py:925} INFO - DAG(s) 'example_sensors' retrieved from /home/airflow/.local/lib/python3.12/site-packages/airflow/example_dags/example_sensors.py
[2024-11-08T19:03:34.534+0300] {logging_mixin.py:190} INFO - [2024-11-08T19:03:34.534+0300] {dag.py:3239} INFO - Sync 1 DAGs
[2024-11-08T19:03:34.546+0300] {logging_mixin.py:190} INFO - [2024-11-08T19:03:34.546+0300] {dag.py:4180} INFO - Setting next_dagrun for example_sensors to None, run_after=None
[2024-11-08T19:03:34.563+0300] {processor.py:208} INFO - Processing /home/airflow/.local/lib/python3.12/site-packages/airflow/example_dags/example_sensors.py took 0.070 seconds
[2024-11-08T19:04:05.153+0300] {processor.py:186} INFO - Started process (PID=1068) to work on /home/airflow/.local/lib/python3.12/site-packages/airflow/example_dags/example_sensors.py
[2024-11-08T19:04:05.154+0300] {processor.py:914} INFO - Processing file /home/airflow/.local/lib/python3.12/site-packages/airflow/example_dags/example_sensors.py for tasks to queue
[2024-11-08T19:04:05.156+0300] {logging_mixin.py:190} INFO - [2024-11-08T19:04:05.156+0300] {dagbag.py:588} INFO - Filling up the DagBag from /home/airflow/.local/lib/python3.12/site-packages/airflow/example_dags/example_sensors.py
[2024-11-08T19:04:05.166+0300] {processor.py:925} INFO - DAG(s) 'example_sensors' retrieved from /home/airflow/.local/lib/python3.12/site-packages/airflow/example_dags/example_sensors.py
[2024-11-08T19:04:05.188+0300] {logging_mixin.py:190} INFO - [2024-11-08T19:04:05.188+0300] {dag.py:3239} INFO - Sync 1 DAGs
[2024-11-08T19:04:05.199+0300] {logging_mixin.py:190} INFO - [2024-11-08T19:04:05.199+0300] {dag.py:4180} INFO - Setting next_dagrun for example_sensors to None, run_after=None
[2024-11-08T19:04:05.214+0300] {processor.py:208} INFO - Processing /home/airflow/.local/lib/python3.12/site-packages/airflow/example_dags/example_sensors.py took 0.066 seconds
[2024-11-08T19:04:35.912+0300] {processor.py:186} INFO - Started process (PID=1137) to work on /home/airflow/.local/lib/python3.12/site-packages/airflow/example_dags/example_sensors.py
[2024-11-08T19:04:35.913+0300] {processor.py:914} INFO - Processing file /home/airflow/.local/lib/python3.12/site-packages/airflow/example_dags/example_sensors.py for tasks to queue
[2024-11-08T19:04:35.915+0300] {logging_mixin.py:190} INFO - [2024-11-08T19:04:35.915+0300] {dagbag.py:588} INFO - Filling up the DagBag from /home/airflow/.local/lib/python3.12/site-packages/airflow/example_dags/example_sensors.py
[2024-11-08T19:04:35.925+0300] {processor.py:925} INFO - DAG(s) 'example_sensors' retrieved from /home/airflow/.local/lib/python3.12/site-packages/airflow/example_dags/example_sensors.py
[2024-11-08T19:04:35.946+0300] {logging_mixin.py:190} INFO - [2024-11-08T19:04:35.946+0300] {dag.py:3239} INFO - Sync 1 DAGs
[2024-11-08T19:04:35.960+0300] {logging_mixin.py:190} INFO - [2024-11-08T19:04:35.959+0300] {dag.py:4180} INFO - Setting next_dagrun for example_sensors to None, run_after=None
[2024-11-08T19:04:35.979+0300] {processor.py:208} INFO - Processing /home/airflow/.local/lib/python3.12/site-packages/airflow/example_dags/example_sensors.py took 0.071 seconds
[2024-11-08T19:05:06.684+0300] {processor.py:186} INFO - Started process (PID=1206) to work on /home/airflow/.local/lib/python3.12/site-packages/airflow/example_dags/example_sensors.py
[2024-11-08T19:05:06.685+0300] {processor.py:914} INFO - Processing file /home/airflow/.local/lib/python3.12/site-packages/airflow/example_dags/example_sensors.py for tasks to queue
[2024-11-08T19:05:06.687+0300] {logging_mixin.py:190} INFO - [2024-11-08T19:05:06.687+0300] {dagbag.py:588} INFO - Filling up the DagBag from /home/airflow/.local/lib/python3.12/site-packages/airflow/example_dags/example_sensors.py
[2024-11-08T19:05:06.699+0300] {processor.py:925} INFO - DAG(s) 'example_sensors' retrieved from /home/airflow/.local/lib/python3.12/site-packages/airflow/example_dags/example_sensors.py
[2024-11-08T19:05:06.729+0300] {logging_mixin.py:190} INFO - [2024-11-08T19:05:06.729+0300] {dag.py:3239} INFO - Sync 1 DAGs
[2024-11-08T19:05:06.743+0300] {logging_mixin.py:190} INFO - [2024-11-08T19:05:06.743+0300] {dag.py:4180} INFO - Setting next_dagrun for example_sensors to None, run_after=None
[2024-11-08T19:05:06.773+0300] {processor.py:208} INFO - Processing /home/airflow/.local/lib/python3.12/site-packages/airflow/example_dags/example_sensors.py took 0.095 seconds
