[2024-11-08T18:11:19.602+0300] {processor.py:186} INFO - Started process (PID=93) to work on /home/airflow/.local/lib/python3.12/site-packages/airflow/example_dags/tutorial_dag.py
[2024-11-08T18:11:19.603+0300] {processor.py:914} INFO - Processing file /home/airflow/.local/lib/python3.12/site-packages/airflow/example_dags/tutorial_dag.py for tasks to queue
[2024-11-08T18:11:19.606+0300] {logging_mixin.py:190} INFO - [2024-11-08T18:11:19.606+0300] {dagbag.py:588} INFO - Filling up the DagBag from /home/airflow/.local/lib/python3.12/site-packages/airflow/example_dags/tutorial_dag.py
[2024-11-08T18:11:19.614+0300] {processor.py:925} INFO - DAG(s) 'tutorial_dag' retrieved from /home/airflow/.local/lib/python3.12/site-packages/airflow/example_dags/tutorial_dag.py
[2024-11-08T18:11:19.637+0300] {logging_mixin.py:190} INFO - [2024-11-08T18:11:19.637+0300] {dag.py:3239} INFO - Sync 1 DAGs
[2024-11-08T18:11:19.653+0300] {logging_mixin.py:190} INFO - [2024-11-08T18:11:19.653+0300] {dag.py:4180} INFO - Setting next_dagrun for tutorial_dag to None, run_after=None
[2024-11-08T18:11:19.675+0300] {processor.py:208} INFO - Processing /home/airflow/.local/lib/python3.12/site-packages/airflow/example_dags/tutorial_dag.py took 0.078 seconds
[2024-11-08T18:11:50.270+0300] {processor.py:186} INFO - Started process (PID=186) to work on /home/airflow/.local/lib/python3.12/site-packages/airflow/example_dags/tutorial_dag.py
[2024-11-08T18:11:50.272+0300] {processor.py:914} INFO - Processing file /home/airflow/.local/lib/python3.12/site-packages/airflow/example_dags/tutorial_dag.py for tasks to queue
[2024-11-08T18:11:50.274+0300] {logging_mixin.py:190} INFO - [2024-11-08T18:11:50.274+0300] {dagbag.py:588} INFO - Filling up the DagBag from /home/airflow/.local/lib/python3.12/site-packages/airflow/example_dags/tutorial_dag.py
[2024-11-08T18:11:50.280+0300] {processor.py:925} INFO - DAG(s) 'tutorial_dag' retrieved from /home/airflow/.local/lib/python3.12/site-packages/airflow/example_dags/tutorial_dag.py
[2024-11-08T18:11:50.300+0300] {logging_mixin.py:190} INFO - [2024-11-08T18:11:50.300+0300] {dag.py:3239} INFO - Sync 1 DAGs
[2024-11-08T18:11:50.314+0300] {logging_mixin.py:190} INFO - [2024-11-08T18:11:50.314+0300] {dag.py:4180} INFO - Setting next_dagrun for tutorial_dag to None, run_after=None
[2024-11-08T18:11:50.332+0300] {processor.py:208} INFO - Processing /home/airflow/.local/lib/python3.12/site-packages/airflow/example_dags/tutorial_dag.py took 0.069 seconds
[2024-11-08T18:12:21.092+0300] {processor.py:186} INFO - Started process (PID=259) to work on /home/airflow/.local/lib/python3.12/site-packages/airflow/example_dags/tutorial_dag.py
[2024-11-08T18:12:21.094+0300] {processor.py:914} INFO - Processing file /home/airflow/.local/lib/python3.12/site-packages/airflow/example_dags/tutorial_dag.py for tasks to queue
[2024-11-08T18:12:21.097+0300] {logging_mixin.py:190} INFO - [2024-11-08T18:12:21.097+0300] {dagbag.py:588} INFO - Filling up the DagBag from /home/airflow/.local/lib/python3.12/site-packages/airflow/example_dags/tutorial_dag.py
[2024-11-08T18:12:21.103+0300] {processor.py:925} INFO - DAG(s) 'tutorial_dag' retrieved from /home/airflow/.local/lib/python3.12/site-packages/airflow/example_dags/tutorial_dag.py
[2024-11-08T18:12:21.122+0300] {logging_mixin.py:190} INFO - [2024-11-08T18:12:21.122+0300] {dag.py:3239} INFO - Sync 1 DAGs
[2024-11-08T18:12:21.135+0300] {logging_mixin.py:190} INFO - [2024-11-08T18:12:21.135+0300] {dag.py:4180} INFO - Setting next_dagrun for tutorial_dag to None, run_after=None
[2024-11-08T18:12:21.155+0300] {processor.py:208} INFO - Processing /home/airflow/.local/lib/python3.12/site-packages/airflow/example_dags/tutorial_dag.py took 0.067 seconds
[2024-11-08T18:12:51.715+0300] {processor.py:186} INFO - Started process (PID=331) to work on /home/airflow/.local/lib/python3.12/site-packages/airflow/example_dags/tutorial_dag.py
[2024-11-08T18:12:51.717+0300] {processor.py:914} INFO - Processing file /home/airflow/.local/lib/python3.12/site-packages/airflow/example_dags/tutorial_dag.py for tasks to queue
[2024-11-08T18:12:51.720+0300] {logging_mixin.py:190} INFO - [2024-11-08T18:12:51.720+0300] {dagbag.py:588} INFO - Filling up the DagBag from /home/airflow/.local/lib/python3.12/site-packages/airflow/example_dags/tutorial_dag.py
[2024-11-08T18:12:51.728+0300] {processor.py:925} INFO - DAG(s) 'tutorial_dag' retrieved from /home/airflow/.local/lib/python3.12/site-packages/airflow/example_dags/tutorial_dag.py
[2024-11-08T18:12:51.756+0300] {logging_mixin.py:190} INFO - [2024-11-08T18:12:51.755+0300] {dag.py:3239} INFO - Sync 1 DAGs
[2024-11-08T18:12:51.778+0300] {logging_mixin.py:190} INFO - [2024-11-08T18:12:51.778+0300] {dag.py:4180} INFO - Setting next_dagrun for tutorial_dag to None, run_after=None
[2024-11-08T18:12:51.804+0300] {processor.py:208} INFO - Processing /home/airflow/.local/lib/python3.12/site-packages/airflow/example_dags/tutorial_dag.py took 0.096 seconds
[2024-11-08T18:13:22.060+0300] {processor.py:186} INFO - Started process (PID=400) to work on /home/airflow/.local/lib/python3.12/site-packages/airflow/example_dags/tutorial_dag.py
[2024-11-08T18:13:22.061+0300] {processor.py:914} INFO - Processing file /home/airflow/.local/lib/python3.12/site-packages/airflow/example_dags/tutorial_dag.py for tasks to queue
[2024-11-08T18:13:22.064+0300] {logging_mixin.py:190} INFO - [2024-11-08T18:13:22.063+0300] {dagbag.py:588} INFO - Filling up the DagBag from /home/airflow/.local/lib/python3.12/site-packages/airflow/example_dags/tutorial_dag.py
[2024-11-08T18:13:22.070+0300] {processor.py:925} INFO - DAG(s) 'tutorial_dag' retrieved from /home/airflow/.local/lib/python3.12/site-packages/airflow/example_dags/tutorial_dag.py
[2024-11-08T18:13:22.090+0300] {logging_mixin.py:190} INFO - [2024-11-08T18:13:22.090+0300] {dag.py:3239} INFO - Sync 1 DAGs
[2024-11-08T18:13:22.102+0300] {logging_mixin.py:190} INFO - [2024-11-08T18:13:22.102+0300] {dag.py:4180} INFO - Setting next_dagrun for tutorial_dag to None, run_after=None
[2024-11-08T18:13:22.122+0300] {processor.py:208} INFO - Processing /home/airflow/.local/lib/python3.12/site-packages/airflow/example_dags/tutorial_dag.py took 0.066 seconds
[2024-11-08T18:13:52.364+0300] {processor.py:186} INFO - Started process (PID=468) to work on /home/airflow/.local/lib/python3.12/site-packages/airflow/example_dags/tutorial_dag.py
[2024-11-08T18:13:52.365+0300] {processor.py:914} INFO - Processing file /home/airflow/.local/lib/python3.12/site-packages/airflow/example_dags/tutorial_dag.py for tasks to queue
[2024-11-08T18:13:52.367+0300] {logging_mixin.py:190} INFO - [2024-11-08T18:13:52.367+0300] {dagbag.py:588} INFO - Filling up the DagBag from /home/airflow/.local/lib/python3.12/site-packages/airflow/example_dags/tutorial_dag.py
[2024-11-08T18:13:52.374+0300] {processor.py:925} INFO - DAG(s) 'tutorial_dag' retrieved from /home/airflow/.local/lib/python3.12/site-packages/airflow/example_dags/tutorial_dag.py
[2024-11-08T18:13:52.390+0300] {logging_mixin.py:190} INFO - [2024-11-08T18:13:52.390+0300] {dag.py:3239} INFO - Sync 1 DAGs
[2024-11-08T18:13:52.402+0300] {logging_mixin.py:190} INFO - [2024-11-08T18:13:52.401+0300] {dag.py:4180} INFO - Setting next_dagrun for tutorial_dag to None, run_after=None
[2024-11-08T18:13:52.417+0300] {processor.py:208} INFO - Processing /home/airflow/.local/lib/python3.12/site-packages/airflow/example_dags/tutorial_dag.py took 0.059 seconds
[2024-11-08T18:14:23.415+0300] {processor.py:186} INFO - Started process (PID=538) to work on /home/airflow/.local/lib/python3.12/site-packages/airflow/example_dags/tutorial_dag.py
[2024-11-08T18:14:23.416+0300] {processor.py:914} INFO - Processing file /home/airflow/.local/lib/python3.12/site-packages/airflow/example_dags/tutorial_dag.py for tasks to queue
[2024-11-08T18:14:23.418+0300] {logging_mixin.py:190} INFO - [2024-11-08T18:14:23.418+0300] {dagbag.py:588} INFO - Filling up the DagBag from /home/airflow/.local/lib/python3.12/site-packages/airflow/example_dags/tutorial_dag.py
[2024-11-08T18:14:23.424+0300] {processor.py:925} INFO - DAG(s) 'tutorial_dag' retrieved from /home/airflow/.local/lib/python3.12/site-packages/airflow/example_dags/tutorial_dag.py
[2024-11-08T18:14:23.442+0300] {logging_mixin.py:190} INFO - [2024-11-08T18:14:23.442+0300] {dag.py:3239} INFO - Sync 1 DAGs
[2024-11-08T18:14:23.454+0300] {logging_mixin.py:190} INFO - [2024-11-08T18:14:23.454+0300] {dag.py:4180} INFO - Setting next_dagrun for tutorial_dag to None, run_after=None
[2024-11-08T18:14:23.472+0300] {processor.py:208} INFO - Processing /home/airflow/.local/lib/python3.12/site-packages/airflow/example_dags/tutorial_dag.py took 0.062 seconds
[2024-11-08T18:14:53.810+0300] {processor.py:186} INFO - Started process (PID=606) to work on /home/airflow/.local/lib/python3.12/site-packages/airflow/example_dags/tutorial_dag.py
[2024-11-08T18:14:53.812+0300] {processor.py:914} INFO - Processing file /home/airflow/.local/lib/python3.12/site-packages/airflow/example_dags/tutorial_dag.py for tasks to queue
[2024-11-08T18:14:53.814+0300] {logging_mixin.py:190} INFO - [2024-11-08T18:14:53.813+0300] {dagbag.py:588} INFO - Filling up the DagBag from /home/airflow/.local/lib/python3.12/site-packages/airflow/example_dags/tutorial_dag.py
[2024-11-08T18:14:53.820+0300] {processor.py:925} INFO - DAG(s) 'tutorial_dag' retrieved from /home/airflow/.local/lib/python3.12/site-packages/airflow/example_dags/tutorial_dag.py
[2024-11-08T18:14:53.838+0300] {logging_mixin.py:190} INFO - [2024-11-08T18:14:53.837+0300] {dag.py:3239} INFO - Sync 1 DAGs
[2024-11-08T18:14:53.852+0300] {logging_mixin.py:190} INFO - [2024-11-08T18:14:53.851+0300] {dag.py:4180} INFO - Setting next_dagrun for tutorial_dag to None, run_after=None
[2024-11-08T18:14:53.867+0300] {processor.py:208} INFO - Processing /home/airflow/.local/lib/python3.12/site-packages/airflow/example_dags/tutorial_dag.py took 0.062 seconds
[2024-11-08T18:15:24.431+0300] {processor.py:186} INFO - Started process (PID=675) to work on /home/airflow/.local/lib/python3.12/site-packages/airflow/example_dags/tutorial_dag.py
[2024-11-08T18:15:24.432+0300] {processor.py:914} INFO - Processing file /home/airflow/.local/lib/python3.12/site-packages/airflow/example_dags/tutorial_dag.py for tasks to queue
[2024-11-08T18:15:24.436+0300] {logging_mixin.py:190} INFO - [2024-11-08T18:15:24.435+0300] {dagbag.py:588} INFO - Filling up the DagBag from /home/airflow/.local/lib/python3.12/site-packages/airflow/example_dags/tutorial_dag.py
[2024-11-08T18:15:24.445+0300] {processor.py:925} INFO - DAG(s) 'tutorial_dag' retrieved from /home/airflow/.local/lib/python3.12/site-packages/airflow/example_dags/tutorial_dag.py
[2024-11-08T18:15:24.473+0300] {logging_mixin.py:190} INFO - [2024-11-08T18:15:24.473+0300] {dag.py:3239} INFO - Sync 1 DAGs
[2024-11-08T18:15:24.494+0300] {logging_mixin.py:190} INFO - [2024-11-08T18:15:24.494+0300] {dag.py:4180} INFO - Setting next_dagrun for tutorial_dag to None, run_after=None
[2024-11-08T18:15:24.525+0300] {processor.py:208} INFO - Processing /home/airflow/.local/lib/python3.12/site-packages/airflow/example_dags/tutorial_dag.py took 0.101 seconds
[2024-11-08T18:15:55.294+0300] {processor.py:186} INFO - Started process (PID=744) to work on /home/airflow/.local/lib/python3.12/site-packages/airflow/example_dags/tutorial_dag.py
[2024-11-08T18:15:55.296+0300] {processor.py:914} INFO - Processing file /home/airflow/.local/lib/python3.12/site-packages/airflow/example_dags/tutorial_dag.py for tasks to queue
[2024-11-08T18:15:55.299+0300] {logging_mixin.py:190} INFO - [2024-11-08T18:15:55.299+0300] {dagbag.py:588} INFO - Filling up the DagBag from /home/airflow/.local/lib/python3.12/site-packages/airflow/example_dags/tutorial_dag.py
[2024-11-08T18:15:55.309+0300] {processor.py:925} INFO - DAG(s) 'tutorial_dag' retrieved from /home/airflow/.local/lib/python3.12/site-packages/airflow/example_dags/tutorial_dag.py
[2024-11-08T18:15:55.331+0300] {logging_mixin.py:190} INFO - [2024-11-08T18:15:55.331+0300] {dag.py:3239} INFO - Sync 1 DAGs
[2024-11-08T18:15:55.351+0300] {logging_mixin.py:190} INFO - [2024-11-08T18:15:55.351+0300] {dag.py:4180} INFO - Setting next_dagrun for tutorial_dag to None, run_after=None
[2024-11-08T18:15:55.375+0300] {processor.py:208} INFO - Processing /home/airflow/.local/lib/python3.12/site-packages/airflow/example_dags/tutorial_dag.py took 0.088 seconds
[2024-11-08T18:16:26.026+0300] {processor.py:186} INFO - Started process (PID=813) to work on /home/airflow/.local/lib/python3.12/site-packages/airflow/example_dags/tutorial_dag.py
[2024-11-08T18:16:26.027+0300] {processor.py:914} INFO - Processing file /home/airflow/.local/lib/python3.12/site-packages/airflow/example_dags/tutorial_dag.py for tasks to queue
[2024-11-08T18:16:26.029+0300] {logging_mixin.py:190} INFO - [2024-11-08T18:16:26.029+0300] {dagbag.py:588} INFO - Filling up the DagBag from /home/airflow/.local/lib/python3.12/site-packages/airflow/example_dags/tutorial_dag.py
[2024-11-08T18:16:26.036+0300] {processor.py:925} INFO - DAG(s) 'tutorial_dag' retrieved from /home/airflow/.local/lib/python3.12/site-packages/airflow/example_dags/tutorial_dag.py
[2024-11-08T18:16:26.055+0300] {logging_mixin.py:190} INFO - [2024-11-08T18:16:26.055+0300] {dag.py:3239} INFO - Sync 1 DAGs
[2024-11-08T18:16:26.071+0300] {logging_mixin.py:190} INFO - [2024-11-08T18:16:26.071+0300] {dag.py:4180} INFO - Setting next_dagrun for tutorial_dag to None, run_after=None
[2024-11-08T18:16:26.092+0300] {processor.py:208} INFO - Processing /home/airflow/.local/lib/python3.12/site-packages/airflow/example_dags/tutorial_dag.py took 0.071 seconds
[2024-11-08T18:16:56.889+0300] {processor.py:186} INFO - Started process (PID=881) to work on /home/airflow/.local/lib/python3.12/site-packages/airflow/example_dags/tutorial_dag.py
[2024-11-08T18:16:56.890+0300] {processor.py:914} INFO - Processing file /home/airflow/.local/lib/python3.12/site-packages/airflow/example_dags/tutorial_dag.py for tasks to queue
[2024-11-08T18:16:56.893+0300] {logging_mixin.py:190} INFO - [2024-11-08T18:16:56.892+0300] {dagbag.py:588} INFO - Filling up the DagBag from /home/airflow/.local/lib/python3.12/site-packages/airflow/example_dags/tutorial_dag.py
[2024-11-08T18:16:56.900+0300] {processor.py:925} INFO - DAG(s) 'tutorial_dag' retrieved from /home/airflow/.local/lib/python3.12/site-packages/airflow/example_dags/tutorial_dag.py
[2024-11-08T18:16:56.916+0300] {logging_mixin.py:190} INFO - [2024-11-08T18:16:56.916+0300] {dag.py:3239} INFO - Sync 1 DAGs
[2024-11-08T18:16:56.928+0300] {logging_mixin.py:190} INFO - [2024-11-08T18:16:56.928+0300] {dag.py:4180} INFO - Setting next_dagrun for tutorial_dag to None, run_after=None
[2024-11-08T18:16:56.945+0300] {processor.py:208} INFO - Processing /home/airflow/.local/lib/python3.12/site-packages/airflow/example_dags/tutorial_dag.py took 0.061 seconds
[2024-11-08T18:27:57.753+0300] {processor.py:186} INFO - Started process (PID=65) to work on /home/airflow/.local/lib/python3.12/site-packages/airflow/example_dags/tutorial_dag.py
[2024-11-08T18:27:57.754+0300] {processor.py:914} INFO - Processing file /home/airflow/.local/lib/python3.12/site-packages/airflow/example_dags/tutorial_dag.py for tasks to queue
[2024-11-08T18:27:57.757+0300] {logging_mixin.py:190} INFO - [2024-11-08T18:27:57.756+0300] {dagbag.py:588} INFO - Filling up the DagBag from /home/airflow/.local/lib/python3.12/site-packages/airflow/example_dags/tutorial_dag.py
[2024-11-08T18:27:57.766+0300] {processor.py:925} INFO - DAG(s) 'tutorial_dag' retrieved from /home/airflow/.local/lib/python3.12/site-packages/airflow/example_dags/tutorial_dag.py
[2024-11-08T18:27:57.790+0300] {logging_mixin.py:190} INFO - [2024-11-08T18:27:57.790+0300] {dag.py:3239} INFO - Sync 1 DAGs
[2024-11-08T18:27:57.805+0300] {logging_mixin.py:190} INFO - [2024-11-08T18:27:57.805+0300] {dag.py:4180} INFO - Setting next_dagrun for tutorial_dag to None, run_after=None
[2024-11-08T18:27:57.825+0300] {processor.py:208} INFO - Processing /home/airflow/.local/lib/python3.12/site-packages/airflow/example_dags/tutorial_dag.py took 0.078 seconds
[2024-11-08T18:28:28.468+0300] {processor.py:186} INFO - Started process (PID=134) to work on /home/airflow/.local/lib/python3.12/site-packages/airflow/example_dags/tutorial_dag.py
[2024-11-08T18:28:28.469+0300] {processor.py:914} INFO - Processing file /home/airflow/.local/lib/python3.12/site-packages/airflow/example_dags/tutorial_dag.py for tasks to queue
[2024-11-08T18:28:28.471+0300] {logging_mixin.py:190} INFO - [2024-11-08T18:28:28.471+0300] {dagbag.py:588} INFO - Filling up the DagBag from /home/airflow/.local/lib/python3.12/site-packages/airflow/example_dags/tutorial_dag.py
[2024-11-08T18:28:28.478+0300] {processor.py:925} INFO - DAG(s) 'tutorial_dag' retrieved from /home/airflow/.local/lib/python3.12/site-packages/airflow/example_dags/tutorial_dag.py
[2024-11-08T18:28:28.496+0300] {logging_mixin.py:190} INFO - [2024-11-08T18:28:28.496+0300] {dag.py:3239} INFO - Sync 1 DAGs
[2024-11-08T18:28:28.508+0300] {logging_mixin.py:190} INFO - [2024-11-08T18:28:28.508+0300] {dag.py:4180} INFO - Setting next_dagrun for tutorial_dag to None, run_after=None
[2024-11-08T18:28:28.527+0300] {processor.py:208} INFO - Processing /home/airflow/.local/lib/python3.12/site-packages/airflow/example_dags/tutorial_dag.py took 0.065 seconds
[2024-11-08T18:28:58.684+0300] {processor.py:186} INFO - Started process (PID=202) to work on /home/airflow/.local/lib/python3.12/site-packages/airflow/example_dags/tutorial_dag.py
[2024-11-08T18:28:58.685+0300] {processor.py:914} INFO - Processing file /home/airflow/.local/lib/python3.12/site-packages/airflow/example_dags/tutorial_dag.py for tasks to queue
[2024-11-08T18:28:58.688+0300] {logging_mixin.py:190} INFO - [2024-11-08T18:28:58.687+0300] {dagbag.py:588} INFO - Filling up the DagBag from /home/airflow/.local/lib/python3.12/site-packages/airflow/example_dags/tutorial_dag.py
[2024-11-08T18:28:58.694+0300] {processor.py:925} INFO - DAG(s) 'tutorial_dag' retrieved from /home/airflow/.local/lib/python3.12/site-packages/airflow/example_dags/tutorial_dag.py
[2024-11-08T18:28:58.711+0300] {logging_mixin.py:190} INFO - [2024-11-08T18:28:58.710+0300] {dag.py:3239} INFO - Sync 1 DAGs
[2024-11-08T18:28:58.722+0300] {logging_mixin.py:190} INFO - [2024-11-08T18:28:58.722+0300] {dag.py:4180} INFO - Setting next_dagrun for tutorial_dag to None, run_after=None
[2024-11-08T18:28:58.741+0300] {processor.py:208} INFO - Processing /home/airflow/.local/lib/python3.12/site-packages/airflow/example_dags/tutorial_dag.py took 0.061 seconds
[2024-11-08T18:29:29.628+0300] {processor.py:186} INFO - Started process (PID=271) to work on /home/airflow/.local/lib/python3.12/site-packages/airflow/example_dags/tutorial_dag.py
[2024-11-08T18:29:29.629+0300] {processor.py:914} INFO - Processing file /home/airflow/.local/lib/python3.12/site-packages/airflow/example_dags/tutorial_dag.py for tasks to queue
[2024-11-08T18:29:29.632+0300] {logging_mixin.py:190} INFO - [2024-11-08T18:29:29.631+0300] {dagbag.py:588} INFO - Filling up the DagBag from /home/airflow/.local/lib/python3.12/site-packages/airflow/example_dags/tutorial_dag.py
[2024-11-08T18:29:29.639+0300] {processor.py:925} INFO - DAG(s) 'tutorial_dag' retrieved from /home/airflow/.local/lib/python3.12/site-packages/airflow/example_dags/tutorial_dag.py
[2024-11-08T18:29:29.657+0300] {logging_mixin.py:190} INFO - [2024-11-08T18:29:29.657+0300] {dag.py:3239} INFO - Sync 1 DAGs
[2024-11-08T18:29:29.672+0300] {logging_mixin.py:190} INFO - [2024-11-08T18:29:29.671+0300] {dag.py:4180} INFO - Setting next_dagrun for tutorial_dag to None, run_after=None
[2024-11-08T18:29:29.691+0300] {processor.py:208} INFO - Processing /home/airflow/.local/lib/python3.12/site-packages/airflow/example_dags/tutorial_dag.py took 0.068 seconds
[2024-11-08T18:30:00.439+0300] {processor.py:186} INFO - Started process (PID=341) to work on /home/airflow/.local/lib/python3.12/site-packages/airflow/example_dags/tutorial_dag.py
[2024-11-08T18:30:00.440+0300] {processor.py:914} INFO - Processing file /home/airflow/.local/lib/python3.12/site-packages/airflow/example_dags/tutorial_dag.py for tasks to queue
[2024-11-08T18:30:00.443+0300] {logging_mixin.py:190} INFO - [2024-11-08T18:30:00.442+0300] {dagbag.py:588} INFO - Filling up the DagBag from /home/airflow/.local/lib/python3.12/site-packages/airflow/example_dags/tutorial_dag.py
[2024-11-08T18:30:00.449+0300] {processor.py:925} INFO - DAG(s) 'tutorial_dag' retrieved from /home/airflow/.local/lib/python3.12/site-packages/airflow/example_dags/tutorial_dag.py
[2024-11-08T18:30:00.465+0300] {logging_mixin.py:190} INFO - [2024-11-08T18:30:00.465+0300] {dag.py:3239} INFO - Sync 1 DAGs
[2024-11-08T18:30:00.479+0300] {logging_mixin.py:190} INFO - [2024-11-08T18:30:00.479+0300] {dag.py:4180} INFO - Setting next_dagrun for tutorial_dag to None, run_after=None
[2024-11-08T18:30:00.506+0300] {processor.py:208} INFO - Processing /home/airflow/.local/lib/python3.12/site-packages/airflow/example_dags/tutorial_dag.py took 0.072 seconds
[2024-11-08T18:30:31.190+0300] {processor.py:186} INFO - Started process (PID=415) to work on /home/airflow/.local/lib/python3.12/site-packages/airflow/example_dags/tutorial_dag.py
[2024-11-08T18:30:31.192+0300] {processor.py:914} INFO - Processing file /home/airflow/.local/lib/python3.12/site-packages/airflow/example_dags/tutorial_dag.py for tasks to queue
[2024-11-08T18:30:31.197+0300] {logging_mixin.py:190} INFO - [2024-11-08T18:30:31.197+0300] {dagbag.py:588} INFO - Filling up the DagBag from /home/airflow/.local/lib/python3.12/site-packages/airflow/example_dags/tutorial_dag.py
[2024-11-08T18:30:31.211+0300] {processor.py:925} INFO - DAG(s) 'tutorial_dag' retrieved from /home/airflow/.local/lib/python3.12/site-packages/airflow/example_dags/tutorial_dag.py
[2024-11-08T18:30:31.242+0300] {logging_mixin.py:190} INFO - [2024-11-08T18:30:31.242+0300] {dag.py:3239} INFO - Sync 1 DAGs
[2024-11-08T18:30:31.268+0300] {logging_mixin.py:190} INFO - [2024-11-08T18:30:31.268+0300] {dag.py:4180} INFO - Setting next_dagrun for tutorial_dag to None, run_after=None
[2024-11-08T18:30:31.298+0300] {processor.py:208} INFO - Processing /home/airflow/.local/lib/python3.12/site-packages/airflow/example_dags/tutorial_dag.py took 0.119 seconds
[2024-11-08T18:31:02.099+0300] {processor.py:186} INFO - Started process (PID=485) to work on /home/airflow/.local/lib/python3.12/site-packages/airflow/example_dags/tutorial_dag.py
[2024-11-08T18:31:02.100+0300] {processor.py:914} INFO - Processing file /home/airflow/.local/lib/python3.12/site-packages/airflow/example_dags/tutorial_dag.py for tasks to queue
[2024-11-08T18:31:02.102+0300] {logging_mixin.py:190} INFO - [2024-11-08T18:31:02.102+0300] {dagbag.py:588} INFO - Filling up the DagBag from /home/airflow/.local/lib/python3.12/site-packages/airflow/example_dags/tutorial_dag.py
[2024-11-08T18:31:02.109+0300] {processor.py:925} INFO - DAG(s) 'tutorial_dag' retrieved from /home/airflow/.local/lib/python3.12/site-packages/airflow/example_dags/tutorial_dag.py
[2024-11-08T18:31:02.130+0300] {logging_mixin.py:190} INFO - [2024-11-08T18:31:02.130+0300] {dag.py:3239} INFO - Sync 1 DAGs
[2024-11-08T18:31:02.145+0300] {logging_mixin.py:190} INFO - [2024-11-08T18:31:02.145+0300] {dag.py:4180} INFO - Setting next_dagrun for tutorial_dag to None, run_after=None
[2024-11-08T18:31:02.164+0300] {processor.py:208} INFO - Processing /home/airflow/.local/lib/python3.12/site-packages/airflow/example_dags/tutorial_dag.py took 0.070 seconds
[2024-11-08T18:31:32.472+0300] {processor.py:186} INFO - Started process (PID=553) to work on /home/airflow/.local/lib/python3.12/site-packages/airflow/example_dags/tutorial_dag.py
[2024-11-08T18:31:32.473+0300] {processor.py:914} INFO - Processing file /home/airflow/.local/lib/python3.12/site-packages/airflow/example_dags/tutorial_dag.py for tasks to queue
[2024-11-08T18:31:32.476+0300] {logging_mixin.py:190} INFO - [2024-11-08T18:31:32.475+0300] {dagbag.py:588} INFO - Filling up the DagBag from /home/airflow/.local/lib/python3.12/site-packages/airflow/example_dags/tutorial_dag.py
[2024-11-08T18:31:32.483+0300] {processor.py:925} INFO - DAG(s) 'tutorial_dag' retrieved from /home/airflow/.local/lib/python3.12/site-packages/airflow/example_dags/tutorial_dag.py
[2024-11-08T18:31:32.500+0300] {logging_mixin.py:190} INFO - [2024-11-08T18:31:32.500+0300] {dag.py:3239} INFO - Sync 1 DAGs
[2024-11-08T18:31:32.512+0300] {logging_mixin.py:190} INFO - [2024-11-08T18:31:32.512+0300] {dag.py:4180} INFO - Setting next_dagrun for tutorial_dag to None, run_after=None
[2024-11-08T18:31:32.528+0300] {processor.py:208} INFO - Processing /home/airflow/.local/lib/python3.12/site-packages/airflow/example_dags/tutorial_dag.py took 0.062 seconds
[2024-11-08T18:32:03.540+0300] {processor.py:186} INFO - Started process (PID=622) to work on /home/airflow/.local/lib/python3.12/site-packages/airflow/example_dags/tutorial_dag.py
[2024-11-08T18:32:03.541+0300] {processor.py:914} INFO - Processing file /home/airflow/.local/lib/python3.12/site-packages/airflow/example_dags/tutorial_dag.py for tasks to queue
[2024-11-08T18:32:03.544+0300] {logging_mixin.py:190} INFO - [2024-11-08T18:32:03.543+0300] {dagbag.py:588} INFO - Filling up the DagBag from /home/airflow/.local/lib/python3.12/site-packages/airflow/example_dags/tutorial_dag.py
[2024-11-08T18:32:03.551+0300] {processor.py:925} INFO - DAG(s) 'tutorial_dag' retrieved from /home/airflow/.local/lib/python3.12/site-packages/airflow/example_dags/tutorial_dag.py
[2024-11-08T18:32:03.568+0300] {logging_mixin.py:190} INFO - [2024-11-08T18:32:03.567+0300] {dag.py:3239} INFO - Sync 1 DAGs
[2024-11-08T18:32:03.580+0300] {logging_mixin.py:190} INFO - [2024-11-08T18:32:03.579+0300] {dag.py:4180} INFO - Setting next_dagrun for tutorial_dag to None, run_after=None
[2024-11-08T18:32:03.597+0300] {processor.py:208} INFO - Processing /home/airflow/.local/lib/python3.12/site-packages/airflow/example_dags/tutorial_dag.py took 0.062 seconds
[2024-11-08T18:32:34.160+0300] {processor.py:186} INFO - Started process (PID=691) to work on /home/airflow/.local/lib/python3.12/site-packages/airflow/example_dags/tutorial_dag.py
[2024-11-08T18:32:34.162+0300] {processor.py:914} INFO - Processing file /home/airflow/.local/lib/python3.12/site-packages/airflow/example_dags/tutorial_dag.py for tasks to queue
[2024-11-08T18:32:34.164+0300] {logging_mixin.py:190} INFO - [2024-11-08T18:32:34.163+0300] {dagbag.py:588} INFO - Filling up the DagBag from /home/airflow/.local/lib/python3.12/site-packages/airflow/example_dags/tutorial_dag.py
[2024-11-08T18:32:34.171+0300] {processor.py:925} INFO - DAG(s) 'tutorial_dag' retrieved from /home/airflow/.local/lib/python3.12/site-packages/airflow/example_dags/tutorial_dag.py
[2024-11-08T18:32:34.192+0300] {logging_mixin.py:190} INFO - [2024-11-08T18:32:34.192+0300] {dag.py:3239} INFO - Sync 1 DAGs
[2024-11-08T18:32:34.205+0300] {logging_mixin.py:190} INFO - [2024-11-08T18:32:34.205+0300] {dag.py:4180} INFO - Setting next_dagrun for tutorial_dag to None, run_after=None
[2024-11-08T18:32:34.238+0300] {processor.py:208} INFO - Processing /home/airflow/.local/lib/python3.12/site-packages/airflow/example_dags/tutorial_dag.py took 0.083 seconds
[2024-11-08T18:33:05.024+0300] {processor.py:186} INFO - Started process (PID=760) to work on /home/airflow/.local/lib/python3.12/site-packages/airflow/example_dags/tutorial_dag.py
[2024-11-08T18:33:05.025+0300] {processor.py:914} INFO - Processing file /home/airflow/.local/lib/python3.12/site-packages/airflow/example_dags/tutorial_dag.py for tasks to queue
[2024-11-08T18:33:05.028+0300] {logging_mixin.py:190} INFO - [2024-11-08T18:33:05.027+0300] {dagbag.py:588} INFO - Filling up the DagBag from /home/airflow/.local/lib/python3.12/site-packages/airflow/example_dags/tutorial_dag.py
[2024-11-08T18:33:05.034+0300] {processor.py:925} INFO - DAG(s) 'tutorial_dag' retrieved from /home/airflow/.local/lib/python3.12/site-packages/airflow/example_dags/tutorial_dag.py
[2024-11-08T18:33:05.055+0300] {logging_mixin.py:190} INFO - [2024-11-08T18:33:05.054+0300] {dag.py:3239} INFO - Sync 1 DAGs
[2024-11-08T18:33:05.070+0300] {logging_mixin.py:190} INFO - [2024-11-08T18:33:05.069+0300] {dag.py:4180} INFO - Setting next_dagrun for tutorial_dag to None, run_after=None
[2024-11-08T18:33:05.089+0300] {processor.py:208} INFO - Processing /home/airflow/.local/lib/python3.12/site-packages/airflow/example_dags/tutorial_dag.py took 0.070 seconds
[2024-11-08T18:33:35.849+0300] {processor.py:186} INFO - Started process (PID=829) to work on /home/airflow/.local/lib/python3.12/site-packages/airflow/example_dags/tutorial_dag.py
[2024-11-08T18:33:35.850+0300] {processor.py:914} INFO - Processing file /home/airflow/.local/lib/python3.12/site-packages/airflow/example_dags/tutorial_dag.py for tasks to queue
[2024-11-08T18:33:35.853+0300] {logging_mixin.py:190} INFO - [2024-11-08T18:33:35.852+0300] {dagbag.py:588} INFO - Filling up the DagBag from /home/airflow/.local/lib/python3.12/site-packages/airflow/example_dags/tutorial_dag.py
[2024-11-08T18:33:35.860+0300] {processor.py:925} INFO - DAG(s) 'tutorial_dag' retrieved from /home/airflow/.local/lib/python3.12/site-packages/airflow/example_dags/tutorial_dag.py
[2024-11-08T18:33:35.880+0300] {logging_mixin.py:190} INFO - [2024-11-08T18:33:35.880+0300] {dag.py:3239} INFO - Sync 1 DAGs
[2024-11-08T18:33:35.894+0300] {logging_mixin.py:190} INFO - [2024-11-08T18:33:35.894+0300] {dag.py:4180} INFO - Setting next_dagrun for tutorial_dag to None, run_after=None
[2024-11-08T18:33:35.913+0300] {processor.py:208} INFO - Processing /home/airflow/.local/lib/python3.12/site-packages/airflow/example_dags/tutorial_dag.py took 0.069 seconds
[2024-11-08T18:34:06.462+0300] {processor.py:186} INFO - Started process (PID=898) to work on /home/airflow/.local/lib/python3.12/site-packages/airflow/example_dags/tutorial_dag.py
[2024-11-08T18:34:06.463+0300] {processor.py:914} INFO - Processing file /home/airflow/.local/lib/python3.12/site-packages/airflow/example_dags/tutorial_dag.py for tasks to queue
[2024-11-08T18:34:06.465+0300] {logging_mixin.py:190} INFO - [2024-11-08T18:34:06.465+0300] {dagbag.py:588} INFO - Filling up the DagBag from /home/airflow/.local/lib/python3.12/site-packages/airflow/example_dags/tutorial_dag.py
[2024-11-08T18:34:06.473+0300] {processor.py:925} INFO - DAG(s) 'tutorial_dag' retrieved from /home/airflow/.local/lib/python3.12/site-packages/airflow/example_dags/tutorial_dag.py
[2024-11-08T18:34:06.492+0300] {logging_mixin.py:190} INFO - [2024-11-08T18:34:06.492+0300] {dag.py:3239} INFO - Sync 1 DAGs
[2024-11-08T18:34:06.506+0300] {logging_mixin.py:190} INFO - [2024-11-08T18:34:06.506+0300] {dag.py:4180} INFO - Setting next_dagrun for tutorial_dag to None, run_after=None
[2024-11-08T18:34:06.532+0300] {processor.py:208} INFO - Processing /home/airflow/.local/lib/python3.12/site-packages/airflow/example_dags/tutorial_dag.py took 0.075 seconds
[2024-11-08T18:34:37.224+0300] {processor.py:186} INFO - Started process (PID=966) to work on /home/airflow/.local/lib/python3.12/site-packages/airflow/example_dags/tutorial_dag.py
[2024-11-08T18:34:37.225+0300] {processor.py:914} INFO - Processing file /home/airflow/.local/lib/python3.12/site-packages/airflow/example_dags/tutorial_dag.py for tasks to queue
[2024-11-08T18:34:37.227+0300] {logging_mixin.py:190} INFO - [2024-11-08T18:34:37.227+0300] {dagbag.py:588} INFO - Filling up the DagBag from /home/airflow/.local/lib/python3.12/site-packages/airflow/example_dags/tutorial_dag.py
[2024-11-08T18:34:37.232+0300] {processor.py:925} INFO - DAG(s) 'tutorial_dag' retrieved from /home/airflow/.local/lib/python3.12/site-packages/airflow/example_dags/tutorial_dag.py
[2024-11-08T18:34:37.249+0300] {logging_mixin.py:190} INFO - [2024-11-08T18:34:37.248+0300] {dag.py:3239} INFO - Sync 1 DAGs
[2024-11-08T18:34:37.263+0300] {logging_mixin.py:190} INFO - [2024-11-08T18:34:37.263+0300] {dag.py:4180} INFO - Setting next_dagrun for tutorial_dag to None, run_after=None
[2024-11-08T18:34:37.279+0300] {processor.py:208} INFO - Processing /home/airflow/.local/lib/python3.12/site-packages/airflow/example_dags/tutorial_dag.py took 0.060 seconds
[2024-11-08T18:35:08.156+0300] {processor.py:186} INFO - Started process (PID=1035) to work on /home/airflow/.local/lib/python3.12/site-packages/airflow/example_dags/tutorial_dag.py
[2024-11-08T18:35:08.157+0300] {processor.py:914} INFO - Processing file /home/airflow/.local/lib/python3.12/site-packages/airflow/example_dags/tutorial_dag.py for tasks to queue
[2024-11-08T18:35:08.160+0300] {logging_mixin.py:190} INFO - [2024-11-08T18:35:08.160+0300] {dagbag.py:588} INFO - Filling up the DagBag from /home/airflow/.local/lib/python3.12/site-packages/airflow/example_dags/tutorial_dag.py
[2024-11-08T18:35:08.166+0300] {processor.py:925} INFO - DAG(s) 'tutorial_dag' retrieved from /home/airflow/.local/lib/python3.12/site-packages/airflow/example_dags/tutorial_dag.py
[2024-11-08T18:35:08.183+0300] {logging_mixin.py:190} INFO - [2024-11-08T18:35:08.183+0300] {dag.py:3239} INFO - Sync 1 DAGs
[2024-11-08T18:35:08.196+0300] {logging_mixin.py:190} INFO - [2024-11-08T18:35:08.196+0300] {dag.py:4180} INFO - Setting next_dagrun for tutorial_dag to None, run_after=None
[2024-11-08T18:35:08.214+0300] {processor.py:208} INFO - Processing /home/airflow/.local/lib/python3.12/site-packages/airflow/example_dags/tutorial_dag.py took 0.063 seconds
[2024-11-08T18:35:38.576+0300] {processor.py:186} INFO - Started process (PID=1104) to work on /home/airflow/.local/lib/python3.12/site-packages/airflow/example_dags/tutorial_dag.py
[2024-11-08T18:35:38.577+0300] {processor.py:914} INFO - Processing file /home/airflow/.local/lib/python3.12/site-packages/airflow/example_dags/tutorial_dag.py for tasks to queue
[2024-11-08T18:35:38.579+0300] {logging_mixin.py:190} INFO - [2024-11-08T18:35:38.579+0300] {dagbag.py:588} INFO - Filling up the DagBag from /home/airflow/.local/lib/python3.12/site-packages/airflow/example_dags/tutorial_dag.py
[2024-11-08T18:35:38.586+0300] {processor.py:925} INFO - DAG(s) 'tutorial_dag' retrieved from /home/airflow/.local/lib/python3.12/site-packages/airflow/example_dags/tutorial_dag.py
[2024-11-08T18:35:38.605+0300] {logging_mixin.py:190} INFO - [2024-11-08T18:35:38.605+0300] {dag.py:3239} INFO - Sync 1 DAGs
[2024-11-08T18:35:38.615+0300] {logging_mixin.py:190} INFO - [2024-11-08T18:35:38.615+0300] {dag.py:4180} INFO - Setting next_dagrun for tutorial_dag to None, run_after=None
[2024-11-08T18:35:38.635+0300] {processor.py:208} INFO - Processing /home/airflow/.local/lib/python3.12/site-packages/airflow/example_dags/tutorial_dag.py took 0.064 seconds
[2024-11-08T18:36:09.591+0300] {processor.py:186} INFO - Started process (PID=1174) to work on /home/airflow/.local/lib/python3.12/site-packages/airflow/example_dags/tutorial_dag.py
[2024-11-08T18:36:09.592+0300] {processor.py:914} INFO - Processing file /home/airflow/.local/lib/python3.12/site-packages/airflow/example_dags/tutorial_dag.py for tasks to queue
[2024-11-08T18:36:09.594+0300] {logging_mixin.py:190} INFO - [2024-11-08T18:36:09.594+0300] {dagbag.py:588} INFO - Filling up the DagBag from /home/airflow/.local/lib/python3.12/site-packages/airflow/example_dags/tutorial_dag.py
[2024-11-08T18:36:09.600+0300] {processor.py:925} INFO - DAG(s) 'tutorial_dag' retrieved from /home/airflow/.local/lib/python3.12/site-packages/airflow/example_dags/tutorial_dag.py
[2024-11-08T18:36:09.622+0300] {logging_mixin.py:190} INFO - [2024-11-08T18:36:09.621+0300] {dag.py:3239} INFO - Sync 1 DAGs
[2024-11-08T18:36:09.638+0300] {logging_mixin.py:190} INFO - [2024-11-08T18:36:09.638+0300] {dag.py:4180} INFO - Setting next_dagrun for tutorial_dag to None, run_after=None
[2024-11-08T18:36:09.671+0300] {processor.py:208} INFO - Processing /home/airflow/.local/lib/python3.12/site-packages/airflow/example_dags/tutorial_dag.py took 0.085 seconds
[2024-11-08T18:36:39.983+0300] {processor.py:186} INFO - Started process (PID=1241) to work on /home/airflow/.local/lib/python3.12/site-packages/airflow/example_dags/tutorial_dag.py
[2024-11-08T18:36:39.985+0300] {processor.py:914} INFO - Processing file /home/airflow/.local/lib/python3.12/site-packages/airflow/example_dags/tutorial_dag.py for tasks to queue
[2024-11-08T18:36:39.988+0300] {logging_mixin.py:190} INFO - [2024-11-08T18:36:39.988+0300] {dagbag.py:588} INFO - Filling up the DagBag from /home/airflow/.local/lib/python3.12/site-packages/airflow/example_dags/tutorial_dag.py
[2024-11-08T18:36:39.996+0300] {processor.py:925} INFO - DAG(s) 'tutorial_dag' retrieved from /home/airflow/.local/lib/python3.12/site-packages/airflow/example_dags/tutorial_dag.py
[2024-11-08T18:36:40.017+0300] {logging_mixin.py:190} INFO - [2024-11-08T18:36:40.017+0300] {dag.py:3239} INFO - Sync 1 DAGs
[2024-11-08T18:36:40.034+0300] {logging_mixin.py:190} INFO - [2024-11-08T18:36:40.034+0300] {dag.py:4180} INFO - Setting next_dagrun for tutorial_dag to None, run_after=None
[2024-11-08T18:36:40.061+0300] {processor.py:208} INFO - Processing /home/airflow/.local/lib/python3.12/site-packages/airflow/example_dags/tutorial_dag.py took 0.083 seconds
[2024-11-08T18:37:10.635+0300] {processor.py:186} INFO - Started process (PID=1310) to work on /home/airflow/.local/lib/python3.12/site-packages/airflow/example_dags/tutorial_dag.py
[2024-11-08T18:37:10.637+0300] {processor.py:914} INFO - Processing file /home/airflow/.local/lib/python3.12/site-packages/airflow/example_dags/tutorial_dag.py for tasks to queue
[2024-11-08T18:37:10.639+0300] {logging_mixin.py:190} INFO - [2024-11-08T18:37:10.639+0300] {dagbag.py:588} INFO - Filling up the DagBag from /home/airflow/.local/lib/python3.12/site-packages/airflow/example_dags/tutorial_dag.py
[2024-11-08T18:37:10.646+0300] {processor.py:925} INFO - DAG(s) 'tutorial_dag' retrieved from /home/airflow/.local/lib/python3.12/site-packages/airflow/example_dags/tutorial_dag.py
[2024-11-08T18:37:10.666+0300] {logging_mixin.py:190} INFO - [2024-11-08T18:37:10.666+0300] {dag.py:3239} INFO - Sync 1 DAGs
[2024-11-08T18:37:10.678+0300] {logging_mixin.py:190} INFO - [2024-11-08T18:37:10.678+0300] {dag.py:4180} INFO - Setting next_dagrun for tutorial_dag to None, run_after=None
[2024-11-08T18:37:10.698+0300] {processor.py:208} INFO - Processing /home/airflow/.local/lib/python3.12/site-packages/airflow/example_dags/tutorial_dag.py took 0.067 seconds
[2024-11-08T18:37:41.485+0300] {processor.py:186} INFO - Started process (PID=1379) to work on /home/airflow/.local/lib/python3.12/site-packages/airflow/example_dags/tutorial_dag.py
[2024-11-08T18:37:41.487+0300] {processor.py:914} INFO - Processing file /home/airflow/.local/lib/python3.12/site-packages/airflow/example_dags/tutorial_dag.py for tasks to queue
[2024-11-08T18:37:41.490+0300] {logging_mixin.py:190} INFO - [2024-11-08T18:37:41.489+0300] {dagbag.py:588} INFO - Filling up the DagBag from /home/airflow/.local/lib/python3.12/site-packages/airflow/example_dags/tutorial_dag.py
[2024-11-08T18:37:41.498+0300] {processor.py:925} INFO - DAG(s) 'tutorial_dag' retrieved from /home/airflow/.local/lib/python3.12/site-packages/airflow/example_dags/tutorial_dag.py
[2024-11-08T18:37:41.525+0300] {logging_mixin.py:190} INFO - [2024-11-08T18:37:41.525+0300] {dag.py:3239} INFO - Sync 1 DAGs
[2024-11-08T18:37:41.543+0300] {logging_mixin.py:190} INFO - [2024-11-08T18:37:41.543+0300] {dag.py:4180} INFO - Setting next_dagrun for tutorial_dag to None, run_after=None
[2024-11-08T18:37:41.565+0300] {processor.py:208} INFO - Processing /home/airflow/.local/lib/python3.12/site-packages/airflow/example_dags/tutorial_dag.py took 0.085 seconds
[2024-11-08T18:38:12.488+0300] {processor.py:186} INFO - Started process (PID=1449) to work on /home/airflow/.local/lib/python3.12/site-packages/airflow/example_dags/tutorial_dag.py
[2024-11-08T18:38:12.490+0300] {processor.py:914} INFO - Processing file /home/airflow/.local/lib/python3.12/site-packages/airflow/example_dags/tutorial_dag.py for tasks to queue
[2024-11-08T18:38:12.493+0300] {logging_mixin.py:190} INFO - [2024-11-08T18:38:12.493+0300] {dagbag.py:588} INFO - Filling up the DagBag from /home/airflow/.local/lib/python3.12/site-packages/airflow/example_dags/tutorial_dag.py
[2024-11-08T18:38:12.499+0300] {processor.py:925} INFO - DAG(s) 'tutorial_dag' retrieved from /home/airflow/.local/lib/python3.12/site-packages/airflow/example_dags/tutorial_dag.py
[2024-11-08T18:38:12.520+0300] {logging_mixin.py:190} INFO - [2024-11-08T18:38:12.520+0300] {dag.py:3239} INFO - Sync 1 DAGs
[2024-11-08T18:38:12.533+0300] {logging_mixin.py:190} INFO - [2024-11-08T18:38:12.532+0300] {dag.py:4180} INFO - Setting next_dagrun for tutorial_dag to None, run_after=None
[2024-11-08T18:38:12.562+0300] {processor.py:208} INFO - Processing /home/airflow/.local/lib/python3.12/site-packages/airflow/example_dags/tutorial_dag.py took 0.079 seconds
[2024-11-08T18:38:43.558+0300] {processor.py:186} INFO - Started process (PID=1518) to work on /home/airflow/.local/lib/python3.12/site-packages/airflow/example_dags/tutorial_dag.py
[2024-11-08T18:38:43.559+0300] {processor.py:914} INFO - Processing file /home/airflow/.local/lib/python3.12/site-packages/airflow/example_dags/tutorial_dag.py for tasks to queue
[2024-11-08T18:38:43.563+0300] {logging_mixin.py:190} INFO - [2024-11-08T18:38:43.562+0300] {dagbag.py:588} INFO - Filling up the DagBag from /home/airflow/.local/lib/python3.12/site-packages/airflow/example_dags/tutorial_dag.py
[2024-11-08T18:38:43.570+0300] {processor.py:925} INFO - DAG(s) 'tutorial_dag' retrieved from /home/airflow/.local/lib/python3.12/site-packages/airflow/example_dags/tutorial_dag.py
[2024-11-08T18:38:43.594+0300] {logging_mixin.py:190} INFO - [2024-11-08T18:38:43.594+0300] {dag.py:3239} INFO - Sync 1 DAGs
[2024-11-08T18:38:43.611+0300] {logging_mixin.py:190} INFO - [2024-11-08T18:38:43.610+0300] {dag.py:4180} INFO - Setting next_dagrun for tutorial_dag to None, run_after=None
[2024-11-08T18:38:43.645+0300] {processor.py:208} INFO - Processing /home/airflow/.local/lib/python3.12/site-packages/airflow/example_dags/tutorial_dag.py took 0.093 seconds
[2024-11-08T18:39:14.350+0300] {processor.py:186} INFO - Started process (PID=1587) to work on /home/airflow/.local/lib/python3.12/site-packages/airflow/example_dags/tutorial_dag.py
[2024-11-08T18:39:14.352+0300] {processor.py:914} INFO - Processing file /home/airflow/.local/lib/python3.12/site-packages/airflow/example_dags/tutorial_dag.py for tasks to queue
[2024-11-08T18:39:14.357+0300] {logging_mixin.py:190} INFO - [2024-11-08T18:39:14.355+0300] {dagbag.py:588} INFO - Filling up the DagBag from /home/airflow/.local/lib/python3.12/site-packages/airflow/example_dags/tutorial_dag.py
[2024-11-08T18:39:14.365+0300] {processor.py:925} INFO - DAG(s) 'tutorial_dag' retrieved from /home/airflow/.local/lib/python3.12/site-packages/airflow/example_dags/tutorial_dag.py
[2024-11-08T18:39:14.396+0300] {logging_mixin.py:190} INFO - [2024-11-08T18:39:14.395+0300] {dag.py:3239} INFO - Sync 1 DAGs
[2024-11-08T18:39:14.413+0300] {logging_mixin.py:190} INFO - [2024-11-08T18:39:14.413+0300] {dag.py:4180} INFO - Setting next_dagrun for tutorial_dag to None, run_after=None
[2024-11-08T18:39:14.444+0300] {processor.py:208} INFO - Processing /home/airflow/.local/lib/python3.12/site-packages/airflow/example_dags/tutorial_dag.py took 0.101 seconds
[2024-11-08T18:39:44.754+0300] {processor.py:186} INFO - Started process (PID=1655) to work on /home/airflow/.local/lib/python3.12/site-packages/airflow/example_dags/tutorial_dag.py
[2024-11-08T18:39:44.755+0300] {processor.py:914} INFO - Processing file /home/airflow/.local/lib/python3.12/site-packages/airflow/example_dags/tutorial_dag.py for tasks to queue
[2024-11-08T18:39:44.758+0300] {logging_mixin.py:190} INFO - [2024-11-08T18:39:44.758+0300] {dagbag.py:588} INFO - Filling up the DagBag from /home/airflow/.local/lib/python3.12/site-packages/airflow/example_dags/tutorial_dag.py
[2024-11-08T18:39:44.767+0300] {processor.py:925} INFO - DAG(s) 'tutorial_dag' retrieved from /home/airflow/.local/lib/python3.12/site-packages/airflow/example_dags/tutorial_dag.py
[2024-11-08T18:39:44.787+0300] {logging_mixin.py:190} INFO - [2024-11-08T18:39:44.787+0300] {dag.py:3239} INFO - Sync 1 DAGs
[2024-11-08T18:39:44.800+0300] {logging_mixin.py:190} INFO - [2024-11-08T18:39:44.799+0300] {dag.py:4180} INFO - Setting next_dagrun for tutorial_dag to None, run_after=None
[2024-11-08T18:39:44.820+0300] {processor.py:208} INFO - Processing /home/airflow/.local/lib/python3.12/site-packages/airflow/example_dags/tutorial_dag.py took 0.073 seconds
[2024-11-08T18:40:15.969+0300] {processor.py:186} INFO - Started process (PID=1727) to work on /home/airflow/.local/lib/python3.12/site-packages/airflow/example_dags/tutorial_dag.py
[2024-11-08T18:40:15.970+0300] {processor.py:914} INFO - Processing file /home/airflow/.local/lib/python3.12/site-packages/airflow/example_dags/tutorial_dag.py for tasks to queue
[2024-11-08T18:40:15.973+0300] {logging_mixin.py:190} INFO - [2024-11-08T18:40:15.973+0300] {dagbag.py:588} INFO - Filling up the DagBag from /home/airflow/.local/lib/python3.12/site-packages/airflow/example_dags/tutorial_dag.py
[2024-11-08T18:40:15.982+0300] {processor.py:925} INFO - DAG(s) 'tutorial_dag' retrieved from /home/airflow/.local/lib/python3.12/site-packages/airflow/example_dags/tutorial_dag.py
[2024-11-08T18:40:16.000+0300] {logging_mixin.py:190} INFO - [2024-11-08T18:40:16.000+0300] {dag.py:3239} INFO - Sync 1 DAGs
[2024-11-08T18:40:16.014+0300] {logging_mixin.py:190} INFO - [2024-11-08T18:40:16.014+0300] {dag.py:4180} INFO - Setting next_dagrun for tutorial_dag to None, run_after=None
[2024-11-08T18:40:16.045+0300] {processor.py:208} INFO - Processing /home/airflow/.local/lib/python3.12/site-packages/airflow/example_dags/tutorial_dag.py took 0.083 seconds
[2024-11-08T18:40:46.322+0300] {processor.py:186} INFO - Started process (PID=1795) to work on /home/airflow/.local/lib/python3.12/site-packages/airflow/example_dags/tutorial_dag.py
[2024-11-08T18:40:46.323+0300] {processor.py:914} INFO - Processing file /home/airflow/.local/lib/python3.12/site-packages/airflow/example_dags/tutorial_dag.py for tasks to queue
[2024-11-08T18:40:46.325+0300] {logging_mixin.py:190} INFO - [2024-11-08T18:40:46.325+0300] {dagbag.py:588} INFO - Filling up the DagBag from /home/airflow/.local/lib/python3.12/site-packages/airflow/example_dags/tutorial_dag.py
[2024-11-08T18:40:46.332+0300] {processor.py:925} INFO - DAG(s) 'tutorial_dag' retrieved from /home/airflow/.local/lib/python3.12/site-packages/airflow/example_dags/tutorial_dag.py
[2024-11-08T18:40:46.348+0300] {logging_mixin.py:190} INFO - [2024-11-08T18:40:46.348+0300] {dag.py:3239} INFO - Sync 1 DAGs
[2024-11-08T18:40:46.361+0300] {logging_mixin.py:190} INFO - [2024-11-08T18:40:46.361+0300] {dag.py:4180} INFO - Setting next_dagrun for tutorial_dag to None, run_after=None
[2024-11-08T18:40:46.391+0300] {processor.py:208} INFO - Processing /home/airflow/.local/lib/python3.12/site-packages/airflow/example_dags/tutorial_dag.py took 0.074 seconds
[2024-11-08T18:41:16.982+0300] {processor.py:186} INFO - Started process (PID=1864) to work on /home/airflow/.local/lib/python3.12/site-packages/airflow/example_dags/tutorial_dag.py
[2024-11-08T18:41:16.983+0300] {processor.py:914} INFO - Processing file /home/airflow/.local/lib/python3.12/site-packages/airflow/example_dags/tutorial_dag.py for tasks to queue
[2024-11-08T18:41:16.986+0300] {logging_mixin.py:190} INFO - [2024-11-08T18:41:16.986+0300] {dagbag.py:588} INFO - Filling up the DagBag from /home/airflow/.local/lib/python3.12/site-packages/airflow/example_dags/tutorial_dag.py
[2024-11-08T18:41:16.992+0300] {processor.py:925} INFO - DAG(s) 'tutorial_dag' retrieved from /home/airflow/.local/lib/python3.12/site-packages/airflow/example_dags/tutorial_dag.py
[2024-11-08T18:41:17.009+0300] {logging_mixin.py:190} INFO - [2024-11-08T18:41:17.008+0300] {dag.py:3239} INFO - Sync 1 DAGs
[2024-11-08T18:41:17.020+0300] {logging_mixin.py:190} INFO - [2024-11-08T18:41:17.020+0300] {dag.py:4180} INFO - Setting next_dagrun for tutorial_dag to None, run_after=None
[2024-11-08T18:41:17.038+0300] {processor.py:208} INFO - Processing /home/airflow/.local/lib/python3.12/site-packages/airflow/example_dags/tutorial_dag.py took 0.061 seconds
[2024-11-08T18:41:47.897+0300] {processor.py:186} INFO - Started process (PID=1933) to work on /home/airflow/.local/lib/python3.12/site-packages/airflow/example_dags/tutorial_dag.py
[2024-11-08T18:41:47.899+0300] {processor.py:914} INFO - Processing file /home/airflow/.local/lib/python3.12/site-packages/airflow/example_dags/tutorial_dag.py for tasks to queue
[2024-11-08T18:41:47.902+0300] {logging_mixin.py:190} INFO - [2024-11-08T18:41:47.901+0300] {dagbag.py:588} INFO - Filling up the DagBag from /home/airflow/.local/lib/python3.12/site-packages/airflow/example_dags/tutorial_dag.py
[2024-11-08T18:41:47.908+0300] {processor.py:925} INFO - DAG(s) 'tutorial_dag' retrieved from /home/airflow/.local/lib/python3.12/site-packages/airflow/example_dags/tutorial_dag.py
[2024-11-08T18:41:47.926+0300] {logging_mixin.py:190} INFO - [2024-11-08T18:41:47.926+0300] {dag.py:3239} INFO - Sync 1 DAGs
[2024-11-08T18:41:47.940+0300] {logging_mixin.py:190} INFO - [2024-11-08T18:41:47.940+0300] {dag.py:4180} INFO - Setting next_dagrun for tutorial_dag to None, run_after=None
[2024-11-08T18:41:47.971+0300] {processor.py:208} INFO - Processing /home/airflow/.local/lib/python3.12/site-packages/airflow/example_dags/tutorial_dag.py took 0.080 seconds
[2024-11-08T18:42:18.398+0300] {processor.py:186} INFO - Started process (PID=2002) to work on /home/airflow/.local/lib/python3.12/site-packages/airflow/example_dags/tutorial_dag.py
[2024-11-08T18:42:18.399+0300] {processor.py:914} INFO - Processing file /home/airflow/.local/lib/python3.12/site-packages/airflow/example_dags/tutorial_dag.py for tasks to queue
[2024-11-08T18:42:18.402+0300] {logging_mixin.py:190} INFO - [2024-11-08T18:42:18.401+0300] {dagbag.py:588} INFO - Filling up the DagBag from /home/airflow/.local/lib/python3.12/site-packages/airflow/example_dags/tutorial_dag.py
[2024-11-08T18:42:18.409+0300] {processor.py:925} INFO - DAG(s) 'tutorial_dag' retrieved from /home/airflow/.local/lib/python3.12/site-packages/airflow/example_dags/tutorial_dag.py
[2024-11-08T18:42:18.425+0300] {logging_mixin.py:190} INFO - [2024-11-08T18:42:18.425+0300] {dag.py:3239} INFO - Sync 1 DAGs
[2024-11-08T18:42:18.437+0300] {logging_mixin.py:190} INFO - [2024-11-08T18:42:18.437+0300] {dag.py:4180} INFO - Setting next_dagrun for tutorial_dag to None, run_after=None
[2024-11-08T18:42:18.452+0300] {processor.py:208} INFO - Processing /home/airflow/.local/lib/python3.12/site-packages/airflow/example_dags/tutorial_dag.py took 0.060 seconds
[2024-11-08T18:42:49.272+0300] {processor.py:186} INFO - Started process (PID=2071) to work on /home/airflow/.local/lib/python3.12/site-packages/airflow/example_dags/tutorial_dag.py
[2024-11-08T18:42:49.274+0300] {processor.py:914} INFO - Processing file /home/airflow/.local/lib/python3.12/site-packages/airflow/example_dags/tutorial_dag.py for tasks to queue
[2024-11-08T18:42:49.276+0300] {logging_mixin.py:190} INFO - [2024-11-08T18:42:49.276+0300] {dagbag.py:588} INFO - Filling up the DagBag from /home/airflow/.local/lib/python3.12/site-packages/airflow/example_dags/tutorial_dag.py
[2024-11-08T18:42:49.282+0300] {processor.py:925} INFO - DAG(s) 'tutorial_dag' retrieved from /home/airflow/.local/lib/python3.12/site-packages/airflow/example_dags/tutorial_dag.py
[2024-11-08T18:42:49.301+0300] {logging_mixin.py:190} INFO - [2024-11-08T18:42:49.300+0300] {dag.py:3239} INFO - Sync 1 DAGs
[2024-11-08T18:42:49.313+0300] {logging_mixin.py:190} INFO - [2024-11-08T18:42:49.313+0300] {dag.py:4180} INFO - Setting next_dagrun for tutorial_dag to None, run_after=None
[2024-11-08T18:42:49.336+0300] {processor.py:208} INFO - Processing /home/airflow/.local/lib/python3.12/site-packages/airflow/example_dags/tutorial_dag.py took 0.069 seconds
[2024-11-08T18:43:19.532+0300] {processor.py:186} INFO - Started process (PID=2140) to work on /home/airflow/.local/lib/python3.12/site-packages/airflow/example_dags/tutorial_dag.py
[2024-11-08T18:43:19.534+0300] {processor.py:914} INFO - Processing file /home/airflow/.local/lib/python3.12/site-packages/airflow/example_dags/tutorial_dag.py for tasks to queue
[2024-11-08T18:43:19.536+0300] {logging_mixin.py:190} INFO - [2024-11-08T18:43:19.536+0300] {dagbag.py:588} INFO - Filling up the DagBag from /home/airflow/.local/lib/python3.12/site-packages/airflow/example_dags/tutorial_dag.py
[2024-11-08T18:43:19.542+0300] {processor.py:925} INFO - DAG(s) 'tutorial_dag' retrieved from /home/airflow/.local/lib/python3.12/site-packages/airflow/example_dags/tutorial_dag.py
[2024-11-08T18:43:19.559+0300] {logging_mixin.py:190} INFO - [2024-11-08T18:43:19.559+0300] {dag.py:3239} INFO - Sync 1 DAGs
[2024-11-08T18:43:19.572+0300] {logging_mixin.py:190} INFO - [2024-11-08T18:43:19.572+0300] {dag.py:4180} INFO - Setting next_dagrun for tutorial_dag to None, run_after=None
[2024-11-08T18:43:19.588+0300] {processor.py:208} INFO - Processing /home/airflow/.local/lib/python3.12/site-packages/airflow/example_dags/tutorial_dag.py took 0.060 seconds
[2024-11-08T18:43:50.483+0300] {processor.py:186} INFO - Started process (PID=2209) to work on /home/airflow/.local/lib/python3.12/site-packages/airflow/example_dags/tutorial_dag.py
[2024-11-08T18:43:50.484+0300] {processor.py:914} INFO - Processing file /home/airflow/.local/lib/python3.12/site-packages/airflow/example_dags/tutorial_dag.py for tasks to queue
[2024-11-08T18:43:50.487+0300] {logging_mixin.py:190} INFO - [2024-11-08T18:43:50.486+0300] {dagbag.py:588} INFO - Filling up the DagBag from /home/airflow/.local/lib/python3.12/site-packages/airflow/example_dags/tutorial_dag.py
[2024-11-08T18:43:50.494+0300] {processor.py:925} INFO - DAG(s) 'tutorial_dag' retrieved from /home/airflow/.local/lib/python3.12/site-packages/airflow/example_dags/tutorial_dag.py
[2024-11-08T18:43:50.513+0300] {logging_mixin.py:190} INFO - [2024-11-08T18:43:50.512+0300] {dag.py:3239} INFO - Sync 1 DAGs
[2024-11-08T18:43:50.525+0300] {logging_mixin.py:190} INFO - [2024-11-08T18:43:50.524+0300] {dag.py:4180} INFO - Setting next_dagrun for tutorial_dag to None, run_after=None
[2024-11-08T18:43:50.543+0300] {processor.py:208} INFO - Processing /home/airflow/.local/lib/python3.12/site-packages/airflow/example_dags/tutorial_dag.py took 0.065 seconds
[2024-11-08T18:44:21.176+0300] {processor.py:186} INFO - Started process (PID=2278) to work on /home/airflow/.local/lib/python3.12/site-packages/airflow/example_dags/tutorial_dag.py
[2024-11-08T18:44:21.178+0300] {processor.py:914} INFO - Processing file /home/airflow/.local/lib/python3.12/site-packages/airflow/example_dags/tutorial_dag.py for tasks to queue
[2024-11-08T18:44:21.181+0300] {logging_mixin.py:190} INFO - [2024-11-08T18:44:21.181+0300] {dagbag.py:588} INFO - Filling up the DagBag from /home/airflow/.local/lib/python3.12/site-packages/airflow/example_dags/tutorial_dag.py
[2024-11-08T18:44:21.188+0300] {processor.py:925} INFO - DAG(s) 'tutorial_dag' retrieved from /home/airflow/.local/lib/python3.12/site-packages/airflow/example_dags/tutorial_dag.py
[2024-11-08T18:44:21.208+0300] {logging_mixin.py:190} INFO - [2024-11-08T18:44:21.208+0300] {dag.py:3239} INFO - Sync 1 DAGs
[2024-11-08T18:44:21.223+0300] {logging_mixin.py:190} INFO - [2024-11-08T18:44:21.223+0300] {dag.py:4180} INFO - Setting next_dagrun for tutorial_dag to None, run_after=None
[2024-11-08T18:44:21.256+0300] {processor.py:208} INFO - Processing /home/airflow/.local/lib/python3.12/site-packages/airflow/example_dags/tutorial_dag.py took 0.084 seconds
[2024-11-08T18:44:51.690+0300] {processor.py:186} INFO - Started process (PID=2346) to work on /home/airflow/.local/lib/python3.12/site-packages/airflow/example_dags/tutorial_dag.py
[2024-11-08T18:44:51.691+0300] {processor.py:914} INFO - Processing file /home/airflow/.local/lib/python3.12/site-packages/airflow/example_dags/tutorial_dag.py for tasks to queue
[2024-11-08T18:44:51.695+0300] {logging_mixin.py:190} INFO - [2024-11-08T18:44:51.695+0300] {dagbag.py:588} INFO - Filling up the DagBag from /home/airflow/.local/lib/python3.12/site-packages/airflow/example_dags/tutorial_dag.py
[2024-11-08T18:44:51.702+0300] {processor.py:925} INFO - DAG(s) 'tutorial_dag' retrieved from /home/airflow/.local/lib/python3.12/site-packages/airflow/example_dags/tutorial_dag.py
[2024-11-08T18:44:51.725+0300] {logging_mixin.py:190} INFO - [2024-11-08T18:44:51.724+0300] {dag.py:3239} INFO - Sync 1 DAGs
[2024-11-08T18:44:51.745+0300] {logging_mixin.py:190} INFO - [2024-11-08T18:44:51.745+0300] {dag.py:4180} INFO - Setting next_dagrun for tutorial_dag to None, run_after=None
[2024-11-08T18:44:51.770+0300] {processor.py:208} INFO - Processing /home/airflow/.local/lib/python3.12/site-packages/airflow/example_dags/tutorial_dag.py took 0.085 seconds
[2024-11-08T18:45:23.599+0300] {processor.py:186} INFO - Started process (PID=2415) to work on /home/airflow/.local/lib/python3.12/site-packages/airflow/example_dags/tutorial_dag.py
[2024-11-08T18:45:23.601+0300] {processor.py:914} INFO - Processing file /home/airflow/.local/lib/python3.12/site-packages/airflow/example_dags/tutorial_dag.py for tasks to queue
[2024-11-08T18:45:23.603+0300] {logging_mixin.py:190} INFO - [2024-11-08T18:45:23.603+0300] {dagbag.py:588} INFO - Filling up the DagBag from /home/airflow/.local/lib/python3.12/site-packages/airflow/example_dags/tutorial_dag.py
[2024-11-08T18:45:23.610+0300] {processor.py:925} INFO - DAG(s) 'tutorial_dag' retrieved from /home/airflow/.local/lib/python3.12/site-packages/airflow/example_dags/tutorial_dag.py
[2024-11-08T18:45:23.630+0300] {logging_mixin.py:190} INFO - [2024-11-08T18:45:23.630+0300] {dag.py:3239} INFO - Sync 1 DAGs
[2024-11-08T18:45:23.644+0300] {logging_mixin.py:190} INFO - [2024-11-08T18:45:23.644+0300] {dag.py:4180} INFO - Setting next_dagrun for tutorial_dag to None, run_after=None
[2024-11-08T18:45:23.826+0300] {processor.py:208} INFO - Processing /home/airflow/.local/lib/python3.12/site-packages/airflow/example_dags/tutorial_dag.py took 0.232 seconds
[2024-11-08T18:45:54.065+0300] {processor.py:186} INFO - Started process (PID=2484) to work on /home/airflow/.local/lib/python3.12/site-packages/airflow/example_dags/tutorial_dag.py
[2024-11-08T18:45:54.066+0300] {processor.py:914} INFO - Processing file /home/airflow/.local/lib/python3.12/site-packages/airflow/example_dags/tutorial_dag.py for tasks to queue
[2024-11-08T18:45:54.069+0300] {logging_mixin.py:190} INFO - [2024-11-08T18:45:54.069+0300] {dagbag.py:588} INFO - Filling up the DagBag from /home/airflow/.local/lib/python3.12/site-packages/airflow/example_dags/tutorial_dag.py
[2024-11-08T18:45:54.076+0300] {processor.py:925} INFO - DAG(s) 'tutorial_dag' retrieved from /home/airflow/.local/lib/python3.12/site-packages/airflow/example_dags/tutorial_dag.py
[2024-11-08T18:45:54.094+0300] {logging_mixin.py:190} INFO - [2024-11-08T18:45:54.094+0300] {dag.py:3239} INFO - Sync 1 DAGs
[2024-11-08T18:45:54.106+0300] {logging_mixin.py:190} INFO - [2024-11-08T18:45:54.106+0300] {dag.py:4180} INFO - Setting next_dagrun for tutorial_dag to None, run_after=None
[2024-11-08T18:45:54.140+0300] {processor.py:208} INFO - Processing /home/airflow/.local/lib/python3.12/site-packages/airflow/example_dags/tutorial_dag.py took 0.079 seconds
[2024-11-08T18:46:24.326+0300] {processor.py:186} INFO - Started process (PID=2553) to work on /home/airflow/.local/lib/python3.12/site-packages/airflow/example_dags/tutorial_dag.py
[2024-11-08T18:46:24.328+0300] {processor.py:914} INFO - Processing file /home/airflow/.local/lib/python3.12/site-packages/airflow/example_dags/tutorial_dag.py for tasks to queue
[2024-11-08T18:46:24.333+0300] {logging_mixin.py:190} INFO - [2024-11-08T18:46:24.333+0300] {dagbag.py:588} INFO - Filling up the DagBag from /home/airflow/.local/lib/python3.12/site-packages/airflow/example_dags/tutorial_dag.py
[2024-11-08T18:46:24.341+0300] {processor.py:925} INFO - DAG(s) 'tutorial_dag' retrieved from /home/airflow/.local/lib/python3.12/site-packages/airflow/example_dags/tutorial_dag.py
[2024-11-08T18:46:24.365+0300] {logging_mixin.py:190} INFO - [2024-11-08T18:46:24.365+0300] {dag.py:3239} INFO - Sync 1 DAGs
[2024-11-08T18:46:24.383+0300] {logging_mixin.py:190} INFO - [2024-11-08T18:46:24.383+0300] {dag.py:4180} INFO - Setting next_dagrun for tutorial_dag to None, run_after=None
[2024-11-08T18:46:24.421+0300] {processor.py:208} INFO - Processing /home/airflow/.local/lib/python3.12/site-packages/airflow/example_dags/tutorial_dag.py took 0.101 seconds
[2024-11-08T18:46:54.593+0300] {processor.py:186} INFO - Started process (PID=2622) to work on /home/airflow/.local/lib/python3.12/site-packages/airflow/example_dags/tutorial_dag.py
[2024-11-08T18:46:54.595+0300] {processor.py:914} INFO - Processing file /home/airflow/.local/lib/python3.12/site-packages/airflow/example_dags/tutorial_dag.py for tasks to queue
[2024-11-08T18:46:54.599+0300] {logging_mixin.py:190} INFO - [2024-11-08T18:46:54.599+0300] {dagbag.py:588} INFO - Filling up the DagBag from /home/airflow/.local/lib/python3.12/site-packages/airflow/example_dags/tutorial_dag.py
[2024-11-08T18:46:54.607+0300] {processor.py:925} INFO - DAG(s) 'tutorial_dag' retrieved from /home/airflow/.local/lib/python3.12/site-packages/airflow/example_dags/tutorial_dag.py
[2024-11-08T18:46:54.631+0300] {logging_mixin.py:190} INFO - [2024-11-08T18:46:54.631+0300] {dag.py:3239} INFO - Sync 1 DAGs
[2024-11-08T18:46:54.651+0300] {logging_mixin.py:190} INFO - [2024-11-08T18:46:54.651+0300] {dag.py:4180} INFO - Setting next_dagrun for tutorial_dag to None, run_after=None
[2024-11-08T18:46:54.693+0300] {processor.py:208} INFO - Processing /home/airflow/.local/lib/python3.12/site-packages/airflow/example_dags/tutorial_dag.py took 0.105 seconds
[2024-11-08T18:47:25.946+0300] {processor.py:186} INFO - Started process (PID=2691) to work on /home/airflow/.local/lib/python3.12/site-packages/airflow/example_dags/tutorial_dag.py
[2024-11-08T18:47:25.948+0300] {processor.py:914} INFO - Processing file /home/airflow/.local/lib/python3.12/site-packages/airflow/example_dags/tutorial_dag.py for tasks to queue
[2024-11-08T18:47:25.951+0300] {logging_mixin.py:190} INFO - [2024-11-08T18:47:25.950+0300] {dagbag.py:588} INFO - Filling up the DagBag from /home/airflow/.local/lib/python3.12/site-packages/airflow/example_dags/tutorial_dag.py
[2024-11-08T18:47:25.966+0300] {processor.py:925} INFO - DAG(s) 'tutorial_dag' retrieved from /home/airflow/.local/lib/python3.12/site-packages/airflow/example_dags/tutorial_dag.py
[2024-11-08T18:47:25.991+0300] {logging_mixin.py:190} INFO - [2024-11-08T18:47:25.990+0300] {dag.py:3239} INFO - Sync 1 DAGs
[2024-11-08T18:47:26.155+0300] {logging_mixin.py:190} INFO - [2024-11-08T18:47:26.155+0300] {dag.py:4180} INFO - Setting next_dagrun for tutorial_dag to None, run_after=None
[2024-11-08T18:47:26.173+0300] {processor.py:208} INFO - Processing /home/airflow/.local/lib/python3.12/site-packages/airflow/example_dags/tutorial_dag.py took 0.233 seconds
[2024-11-08T18:47:56.393+0300] {processor.py:186} INFO - Started process (PID=2760) to work on /home/airflow/.local/lib/python3.12/site-packages/airflow/example_dags/tutorial_dag.py
[2024-11-08T18:47:56.395+0300] {processor.py:914} INFO - Processing file /home/airflow/.local/lib/python3.12/site-packages/airflow/example_dags/tutorial_dag.py for tasks to queue
[2024-11-08T18:47:56.398+0300] {logging_mixin.py:190} INFO - [2024-11-08T18:47:56.398+0300] {dagbag.py:588} INFO - Filling up the DagBag from /home/airflow/.local/lib/python3.12/site-packages/airflow/example_dags/tutorial_dag.py
[2024-11-08T18:47:56.407+0300] {processor.py:925} INFO - DAG(s) 'tutorial_dag' retrieved from /home/airflow/.local/lib/python3.12/site-packages/airflow/example_dags/tutorial_dag.py
[2024-11-08T18:47:56.427+0300] {logging_mixin.py:190} INFO - [2024-11-08T18:47:56.426+0300] {dag.py:3239} INFO - Sync 1 DAGs
[2024-11-08T18:47:56.456+0300] {logging_mixin.py:190} INFO - [2024-11-08T18:47:56.456+0300] {dag.py:4180} INFO - Setting next_dagrun for tutorial_dag to None, run_after=None
[2024-11-08T18:47:56.479+0300] {processor.py:208} INFO - Processing /home/airflow/.local/lib/python3.12/site-packages/airflow/example_dags/tutorial_dag.py took 0.094 seconds
[2024-11-08T18:48:27.245+0300] {processor.py:186} INFO - Started process (PID=2829) to work on /home/airflow/.local/lib/python3.12/site-packages/airflow/example_dags/tutorial_dag.py
[2024-11-08T18:48:27.246+0300] {processor.py:914} INFO - Processing file /home/airflow/.local/lib/python3.12/site-packages/airflow/example_dags/tutorial_dag.py for tasks to queue
[2024-11-08T18:48:27.249+0300] {logging_mixin.py:190} INFO - [2024-11-08T18:48:27.249+0300] {dagbag.py:588} INFO - Filling up the DagBag from /home/airflow/.local/lib/python3.12/site-packages/airflow/example_dags/tutorial_dag.py
[2024-11-08T18:48:27.262+0300] {processor.py:925} INFO - DAG(s) 'tutorial_dag' retrieved from /home/airflow/.local/lib/python3.12/site-packages/airflow/example_dags/tutorial_dag.py
[2024-11-08T18:48:27.285+0300] {logging_mixin.py:190} INFO - [2024-11-08T18:48:27.285+0300] {dag.py:3239} INFO - Sync 1 DAGs
[2024-11-08T18:48:27.298+0300] {logging_mixin.py:190} INFO - [2024-11-08T18:48:27.297+0300] {dag.py:4180} INFO - Setting next_dagrun for tutorial_dag to None, run_after=None
[2024-11-08T18:48:27.331+0300] {processor.py:208} INFO - Processing /home/airflow/.local/lib/python3.12/site-packages/airflow/example_dags/tutorial_dag.py took 0.095 seconds
[2024-11-08T18:48:57.597+0300] {processor.py:186} INFO - Started process (PID=2899) to work on /home/airflow/.local/lib/python3.12/site-packages/airflow/example_dags/tutorial_dag.py
[2024-11-08T18:48:57.598+0300] {processor.py:914} INFO - Processing file /home/airflow/.local/lib/python3.12/site-packages/airflow/example_dags/tutorial_dag.py for tasks to queue
[2024-11-08T18:48:57.600+0300] {logging_mixin.py:190} INFO - [2024-11-08T18:48:57.600+0300] {dagbag.py:588} INFO - Filling up the DagBag from /home/airflow/.local/lib/python3.12/site-packages/airflow/example_dags/tutorial_dag.py
[2024-11-08T18:48:57.608+0300] {processor.py:925} INFO - DAG(s) 'tutorial_dag' retrieved from /home/airflow/.local/lib/python3.12/site-packages/airflow/example_dags/tutorial_dag.py
[2024-11-08T18:48:57.634+0300] {logging_mixin.py:190} INFO - [2024-11-08T18:48:57.634+0300] {dag.py:3239} INFO - Sync 1 DAGs
[2024-11-08T18:48:57.648+0300] {logging_mixin.py:190} INFO - [2024-11-08T18:48:57.648+0300] {dag.py:4180} INFO - Setting next_dagrun for tutorial_dag to None, run_after=None
[2024-11-08T18:48:57.670+0300] {processor.py:208} INFO - Processing /home/airflow/.local/lib/python3.12/site-packages/airflow/example_dags/tutorial_dag.py took 0.078 seconds
[2024-11-08T18:49:28.607+0300] {processor.py:186} INFO - Started process (PID=2968) to work on /home/airflow/.local/lib/python3.12/site-packages/airflow/example_dags/tutorial_dag.py
[2024-11-08T18:49:28.613+0300] {processor.py:914} INFO - Processing file /home/airflow/.local/lib/python3.12/site-packages/airflow/example_dags/tutorial_dag.py for tasks to queue
[2024-11-08T18:49:28.623+0300] {logging_mixin.py:190} INFO - [2024-11-08T18:49:28.622+0300] {dagbag.py:588} INFO - Filling up the DagBag from /home/airflow/.local/lib/python3.12/site-packages/airflow/example_dags/tutorial_dag.py
[2024-11-08T18:49:28.644+0300] {processor.py:925} INFO - DAG(s) 'tutorial_dag' retrieved from /home/airflow/.local/lib/python3.12/site-packages/airflow/example_dags/tutorial_dag.py
[2024-11-08T18:49:28.677+0300] {logging_mixin.py:190} INFO - [2024-11-08T18:49:28.676+0300] {dag.py:3239} INFO - Sync 1 DAGs
[2024-11-08T18:49:28.694+0300] {logging_mixin.py:190} INFO - [2024-11-08T18:49:28.693+0300] {dag.py:4180} INFO - Setting next_dagrun for tutorial_dag to None, run_after=None
[2024-11-08T18:49:28.718+0300] {processor.py:208} INFO - Processing /home/airflow/.local/lib/python3.12/site-packages/airflow/example_dags/tutorial_dag.py took 0.140 seconds
[2024-11-08T18:49:59.102+0300] {processor.py:186} INFO - Started process (PID=3037) to work on /home/airflow/.local/lib/python3.12/site-packages/airflow/example_dags/tutorial_dag.py
[2024-11-08T18:49:59.104+0300] {processor.py:914} INFO - Processing file /home/airflow/.local/lib/python3.12/site-packages/airflow/example_dags/tutorial_dag.py for tasks to queue
[2024-11-08T18:49:59.108+0300] {logging_mixin.py:190} INFO - [2024-11-08T18:49:59.107+0300] {dagbag.py:588} INFO - Filling up the DagBag from /home/airflow/.local/lib/python3.12/site-packages/airflow/example_dags/tutorial_dag.py
[2024-11-08T18:49:59.117+0300] {processor.py:925} INFO - DAG(s) 'tutorial_dag' retrieved from /home/airflow/.local/lib/python3.12/site-packages/airflow/example_dags/tutorial_dag.py
[2024-11-08T18:49:59.140+0300] {logging_mixin.py:190} INFO - [2024-11-08T18:49:59.139+0300] {dag.py:3239} INFO - Sync 1 DAGs
[2024-11-08T18:49:59.156+0300] {logging_mixin.py:190} INFO - [2024-11-08T18:49:59.156+0300] {dag.py:4180} INFO - Setting next_dagrun for tutorial_dag to None, run_after=None
[2024-11-08T18:49:59.192+0300] {processor.py:208} INFO - Processing /home/airflow/.local/lib/python3.12/site-packages/airflow/example_dags/tutorial_dag.py took 0.095 seconds
[2024-11-08T18:53:13.653+0300] {processor.py:186} INFO - Started process (PID=64) to work on /home/airflow/.local/lib/python3.12/site-packages/airflow/example_dags/tutorial_dag.py
[2024-11-08T18:53:13.654+0300] {processor.py:914} INFO - Processing file /home/airflow/.local/lib/python3.12/site-packages/airflow/example_dags/tutorial_dag.py for tasks to queue
[2024-11-08T18:53:13.658+0300] {logging_mixin.py:190} INFO - [2024-11-08T18:53:13.657+0300] {dagbag.py:588} INFO - Filling up the DagBag from /home/airflow/.local/lib/python3.12/site-packages/airflow/example_dags/tutorial_dag.py
[2024-11-08T18:53:13.665+0300] {processor.py:925} INFO - DAG(s) 'tutorial_dag' retrieved from /home/airflow/.local/lib/python3.12/site-packages/airflow/example_dags/tutorial_dag.py
[2024-11-08T18:53:13.687+0300] {logging_mixin.py:190} INFO - [2024-11-08T18:53:13.687+0300] {dag.py:3239} INFO - Sync 1 DAGs
[2024-11-08T18:53:13.698+0300] {logging_mixin.py:190} INFO - [2024-11-08T18:53:13.698+0300] {dag.py:4180} INFO - Setting next_dagrun for tutorial_dag to None, run_after=None
[2024-11-08T18:53:13.731+0300] {processor.py:208} INFO - Processing /home/airflow/.local/lib/python3.12/site-packages/airflow/example_dags/tutorial_dag.py took 0.082 seconds
[2024-11-08T18:53:43.795+0300] {processor.py:186} INFO - Started process (PID=134) to work on /home/airflow/.local/lib/python3.12/site-packages/airflow/example_dags/tutorial_dag.py
[2024-11-08T18:53:43.796+0300] {processor.py:914} INFO - Processing file /home/airflow/.local/lib/python3.12/site-packages/airflow/example_dags/tutorial_dag.py for tasks to queue
[2024-11-08T18:53:43.798+0300] {logging_mixin.py:190} INFO - [2024-11-08T18:53:43.797+0300] {dagbag.py:588} INFO - Filling up the DagBag from /home/airflow/.local/lib/python3.12/site-packages/airflow/example_dags/tutorial_dag.py
[2024-11-08T18:53:43.804+0300] {processor.py:925} INFO - DAG(s) 'tutorial_dag' retrieved from /home/airflow/.local/lib/python3.12/site-packages/airflow/example_dags/tutorial_dag.py
[2024-11-08T18:53:43.822+0300] {logging_mixin.py:190} INFO - [2024-11-08T18:53:43.822+0300] {dag.py:3239} INFO - Sync 1 DAGs
[2024-11-08T18:53:43.836+0300] {logging_mixin.py:190} INFO - [2024-11-08T18:53:43.835+0300] {dag.py:4180} INFO - Setting next_dagrun for tutorial_dag to None, run_after=None
[2024-11-08T18:53:43.855+0300] {processor.py:208} INFO - Processing /home/airflow/.local/lib/python3.12/site-packages/airflow/example_dags/tutorial_dag.py took 0.065 seconds
[2024-11-08T18:54:14.225+0300] {processor.py:186} INFO - Started process (PID=202) to work on /home/airflow/.local/lib/python3.12/site-packages/airflow/example_dags/tutorial_dag.py
[2024-11-08T18:54:14.226+0300] {processor.py:914} INFO - Processing file /home/airflow/.local/lib/python3.12/site-packages/airflow/example_dags/tutorial_dag.py for tasks to queue
[2024-11-08T18:54:14.229+0300] {logging_mixin.py:190} INFO - [2024-11-08T18:54:14.228+0300] {dagbag.py:588} INFO - Filling up the DagBag from /home/airflow/.local/lib/python3.12/site-packages/airflow/example_dags/tutorial_dag.py
[2024-11-08T18:54:14.236+0300] {processor.py:925} INFO - DAG(s) 'tutorial_dag' retrieved from /home/airflow/.local/lib/python3.12/site-packages/airflow/example_dags/tutorial_dag.py
[2024-11-08T18:54:14.253+0300] {logging_mixin.py:190} INFO - [2024-11-08T18:54:14.253+0300] {dag.py:3239} INFO - Sync 1 DAGs
[2024-11-08T18:54:14.266+0300] {logging_mixin.py:190} INFO - [2024-11-08T18:54:14.265+0300] {dag.py:4180} INFO - Setting next_dagrun for tutorial_dag to None, run_after=None
[2024-11-08T18:54:14.284+0300] {processor.py:208} INFO - Processing /home/airflow/.local/lib/python3.12/site-packages/airflow/example_dags/tutorial_dag.py took 0.065 seconds
[2024-11-08T18:55:27.839+0300] {processor.py:186} INFO - Started process (PID=66) to work on /home/airflow/.local/lib/python3.12/site-packages/airflow/example_dags/tutorial_dag.py
[2024-11-08T18:55:27.840+0300] {processor.py:914} INFO - Processing file /home/airflow/.local/lib/python3.12/site-packages/airflow/example_dags/tutorial_dag.py for tasks to queue
[2024-11-08T18:55:27.844+0300] {logging_mixin.py:190} INFO - [2024-11-08T18:55:27.843+0300] {dagbag.py:588} INFO - Filling up the DagBag from /home/airflow/.local/lib/python3.12/site-packages/airflow/example_dags/tutorial_dag.py
[2024-11-08T18:55:27.853+0300] {processor.py:925} INFO - DAG(s) 'tutorial_dag' retrieved from /home/airflow/.local/lib/python3.12/site-packages/airflow/example_dags/tutorial_dag.py
[2024-11-08T18:55:27.879+0300] {logging_mixin.py:190} INFO - [2024-11-08T18:55:27.879+0300] {dag.py:3239} INFO - Sync 1 DAGs
[2024-11-08T18:55:27.897+0300] {logging_mixin.py:190} INFO - [2024-11-08T18:55:27.897+0300] {dag.py:4180} INFO - Setting next_dagrun for tutorial_dag to None, run_after=None
[2024-11-08T18:55:27.922+0300] {processor.py:208} INFO - Processing /home/airflow/.local/lib/python3.12/site-packages/airflow/example_dags/tutorial_dag.py took 0.090 seconds
[2024-11-08T18:55:58.010+0300] {processor.py:186} INFO - Started process (PID=134) to work on /home/airflow/.local/lib/python3.12/site-packages/airflow/example_dags/tutorial_dag.py
[2024-11-08T18:55:58.014+0300] {processor.py:914} INFO - Processing file /home/airflow/.local/lib/python3.12/site-packages/airflow/example_dags/tutorial_dag.py for tasks to queue
[2024-11-08T18:55:58.019+0300] {logging_mixin.py:190} INFO - [2024-11-08T18:55:58.018+0300] {dagbag.py:588} INFO - Filling up the DagBag from /home/airflow/.local/lib/python3.12/site-packages/airflow/example_dags/tutorial_dag.py
[2024-11-08T18:55:58.026+0300] {processor.py:925} INFO - DAG(s) 'tutorial_dag' retrieved from /home/airflow/.local/lib/python3.12/site-packages/airflow/example_dags/tutorial_dag.py
[2024-11-08T18:55:58.045+0300] {logging_mixin.py:190} INFO - [2024-11-08T18:55:58.045+0300] {dag.py:3239} INFO - Sync 1 DAGs
[2024-11-08T18:55:58.056+0300] {logging_mixin.py:190} INFO - [2024-11-08T18:55:58.056+0300] {dag.py:4180} INFO - Setting next_dagrun for tutorial_dag to None, run_after=None
[2024-11-08T18:55:58.092+0300] {processor.py:208} INFO - Processing /home/airflow/.local/lib/python3.12/site-packages/airflow/example_dags/tutorial_dag.py took 0.090 seconds
[2024-11-08T18:56:50.968+0300] {processor.py:186} INFO - Started process (PID=64) to work on /home/airflow/.local/lib/python3.12/site-packages/airflow/example_dags/tutorial_dag.py
[2024-11-08T18:56:50.970+0300] {processor.py:914} INFO - Processing file /home/airflow/.local/lib/python3.12/site-packages/airflow/example_dags/tutorial_dag.py for tasks to queue
[2024-11-08T18:56:50.975+0300] {logging_mixin.py:190} INFO - [2024-11-08T18:56:50.974+0300] {dagbag.py:588} INFO - Filling up the DagBag from /home/airflow/.local/lib/python3.12/site-packages/airflow/example_dags/tutorial_dag.py
[2024-11-08T18:56:50.991+0300] {processor.py:925} INFO - DAG(s) 'tutorial_dag' retrieved from /home/airflow/.local/lib/python3.12/site-packages/airflow/example_dags/tutorial_dag.py
[2024-11-08T18:56:51.024+0300] {logging_mixin.py:190} INFO - [2024-11-08T18:56:51.024+0300] {dag.py:3239} INFO - Sync 1 DAGs
[2024-11-08T18:56:51.043+0300] {logging_mixin.py:190} INFO - [2024-11-08T18:56:51.043+0300] {dag.py:4180} INFO - Setting next_dagrun for tutorial_dag to None, run_after=None
[2024-11-08T18:56:51.079+0300] {processor.py:208} INFO - Processing /home/airflow/.local/lib/python3.12/site-packages/airflow/example_dags/tutorial_dag.py took 0.122 seconds
[2024-11-08T18:57:21.596+0300] {processor.py:186} INFO - Started process (PID=133) to work on /home/airflow/.local/lib/python3.12/site-packages/airflow/example_dags/tutorial_dag.py
[2024-11-08T18:57:21.597+0300] {processor.py:914} INFO - Processing file /home/airflow/.local/lib/python3.12/site-packages/airflow/example_dags/tutorial_dag.py for tasks to queue
[2024-11-08T18:57:21.599+0300] {logging_mixin.py:190} INFO - [2024-11-08T18:57:21.599+0300] {dagbag.py:588} INFO - Filling up the DagBag from /home/airflow/.local/lib/python3.12/site-packages/airflow/example_dags/tutorial_dag.py
[2024-11-08T18:57:21.606+0300] {processor.py:925} INFO - DAG(s) 'tutorial_dag' retrieved from /home/airflow/.local/lib/python3.12/site-packages/airflow/example_dags/tutorial_dag.py
[2024-11-08T18:57:21.629+0300] {logging_mixin.py:190} INFO - [2024-11-08T18:57:21.629+0300] {dag.py:3239} INFO - Sync 1 DAGs
[2024-11-08T18:57:21.642+0300] {logging_mixin.py:190} INFO - [2024-11-08T18:57:21.641+0300] {dag.py:4180} INFO - Setting next_dagrun for tutorial_dag to None, run_after=None
[2024-11-08T18:57:21.660+0300] {processor.py:208} INFO - Processing /home/airflow/.local/lib/python3.12/site-packages/airflow/example_dags/tutorial_dag.py took 0.069 seconds
[2024-11-08T18:57:52.272+0300] {processor.py:186} INFO - Started process (PID=202) to work on /home/airflow/.local/lib/python3.12/site-packages/airflow/example_dags/tutorial_dag.py
[2024-11-08T18:57:52.273+0300] {processor.py:914} INFO - Processing file /home/airflow/.local/lib/python3.12/site-packages/airflow/example_dags/tutorial_dag.py for tasks to queue
[2024-11-08T18:57:52.275+0300] {logging_mixin.py:190} INFO - [2024-11-08T18:57:52.275+0300] {dagbag.py:588} INFO - Filling up the DagBag from /home/airflow/.local/lib/python3.12/site-packages/airflow/example_dags/tutorial_dag.py
[2024-11-08T18:57:52.282+0300] {processor.py:925} INFO - DAG(s) 'tutorial_dag' retrieved from /home/airflow/.local/lib/python3.12/site-packages/airflow/example_dags/tutorial_dag.py
[2024-11-08T18:57:52.301+0300] {logging_mixin.py:190} INFO - [2024-11-08T18:57:52.300+0300] {dag.py:3239} INFO - Sync 1 DAGs
[2024-11-08T18:57:52.315+0300] {logging_mixin.py:190} INFO - [2024-11-08T18:57:52.315+0300] {dag.py:4180} INFO - Setting next_dagrun for tutorial_dag to None, run_after=None
[2024-11-08T18:57:52.337+0300] {processor.py:208} INFO - Processing /home/airflow/.local/lib/python3.12/site-packages/airflow/example_dags/tutorial_dag.py took 0.072 seconds
[2024-11-08T18:58:23.180+0300] {processor.py:186} INFO - Started process (PID=271) to work on /home/airflow/.local/lib/python3.12/site-packages/airflow/example_dags/tutorial_dag.py
[2024-11-08T18:58:23.181+0300] {processor.py:914} INFO - Processing file /home/airflow/.local/lib/python3.12/site-packages/airflow/example_dags/tutorial_dag.py for tasks to queue
[2024-11-08T18:58:23.183+0300] {logging_mixin.py:190} INFO - [2024-11-08T18:58:23.183+0300] {dagbag.py:588} INFO - Filling up the DagBag from /home/airflow/.local/lib/python3.12/site-packages/airflow/example_dags/tutorial_dag.py
[2024-11-08T18:58:23.190+0300] {processor.py:925} INFO - DAG(s) 'tutorial_dag' retrieved from /home/airflow/.local/lib/python3.12/site-packages/airflow/example_dags/tutorial_dag.py
[2024-11-08T18:58:23.206+0300] {logging_mixin.py:190} INFO - [2024-11-08T18:58:23.206+0300] {dag.py:3239} INFO - Sync 1 DAGs
[2024-11-08T18:58:23.217+0300] {logging_mixin.py:190} INFO - [2024-11-08T18:58:23.217+0300] {dag.py:4180} INFO - Setting next_dagrun for tutorial_dag to None, run_after=None
[2024-11-08T18:58:23.233+0300] {processor.py:208} INFO - Processing /home/airflow/.local/lib/python3.12/site-packages/airflow/example_dags/tutorial_dag.py took 0.058 seconds
[2024-11-08T18:58:54.507+0300] {processor.py:186} INFO - Started process (PID=340) to work on /home/airflow/.local/lib/python3.12/site-packages/airflow/example_dags/tutorial_dag.py
[2024-11-08T18:58:54.509+0300] {processor.py:914} INFO - Processing file /home/airflow/.local/lib/python3.12/site-packages/airflow/example_dags/tutorial_dag.py for tasks to queue
[2024-11-08T18:58:54.511+0300] {logging_mixin.py:190} INFO - [2024-11-08T18:58:54.511+0300] {dagbag.py:588} INFO - Filling up the DagBag from /home/airflow/.local/lib/python3.12/site-packages/airflow/example_dags/tutorial_dag.py
[2024-11-08T18:58:54.519+0300] {processor.py:925} INFO - DAG(s) 'tutorial_dag' retrieved from /home/airflow/.local/lib/python3.12/site-packages/airflow/example_dags/tutorial_dag.py
[2024-11-08T18:58:54.536+0300] {logging_mixin.py:190} INFO - [2024-11-08T18:58:54.536+0300] {dag.py:3239} INFO - Sync 1 DAGs
[2024-11-08T18:58:54.547+0300] {logging_mixin.py:190} INFO - [2024-11-08T18:58:54.547+0300] {dag.py:4180} INFO - Setting next_dagrun for tutorial_dag to None, run_after=None
[2024-11-08T18:58:54.563+0300] {processor.py:208} INFO - Processing /home/airflow/.local/lib/python3.12/site-packages/airflow/example_dags/tutorial_dag.py took 0.060 seconds
[2024-11-08T18:59:25.757+0300] {processor.py:186} INFO - Started process (PID=409) to work on /home/airflow/.local/lib/python3.12/site-packages/airflow/example_dags/tutorial_dag.py
[2024-11-08T18:59:25.758+0300] {processor.py:914} INFO - Processing file /home/airflow/.local/lib/python3.12/site-packages/airflow/example_dags/tutorial_dag.py for tasks to queue
[2024-11-08T18:59:25.760+0300] {logging_mixin.py:190} INFO - [2024-11-08T18:59:25.760+0300] {dagbag.py:588} INFO - Filling up the DagBag from /home/airflow/.local/lib/python3.12/site-packages/airflow/example_dags/tutorial_dag.py
[2024-11-08T18:59:25.769+0300] {processor.py:925} INFO - DAG(s) 'tutorial_dag' retrieved from /home/airflow/.local/lib/python3.12/site-packages/airflow/example_dags/tutorial_dag.py
[2024-11-08T18:59:25.785+0300] {logging_mixin.py:190} INFO - [2024-11-08T18:59:25.785+0300] {dag.py:3239} INFO - Sync 1 DAGs
[2024-11-08T18:59:25.799+0300] {logging_mixin.py:190} INFO - [2024-11-08T18:59:25.799+0300] {dag.py:4180} INFO - Setting next_dagrun for tutorial_dag to None, run_after=None
[2024-11-08T18:59:25.816+0300] {processor.py:208} INFO - Processing /home/airflow/.local/lib/python3.12/site-packages/airflow/example_dags/tutorial_dag.py took 0.066 seconds
[2024-11-08T18:59:56.443+0300] {processor.py:186} INFO - Started process (PID=482) to work on /home/airflow/.local/lib/python3.12/site-packages/airflow/example_dags/tutorial_dag.py
[2024-11-08T18:59:56.445+0300] {processor.py:914} INFO - Processing file /home/airflow/.local/lib/python3.12/site-packages/airflow/example_dags/tutorial_dag.py for tasks to queue
[2024-11-08T18:59:56.447+0300] {logging_mixin.py:190} INFO - [2024-11-08T18:59:56.447+0300] {dagbag.py:588} INFO - Filling up the DagBag from /home/airflow/.local/lib/python3.12/site-packages/airflow/example_dags/tutorial_dag.py
[2024-11-08T18:59:56.454+0300] {processor.py:925} INFO - DAG(s) 'tutorial_dag' retrieved from /home/airflow/.local/lib/python3.12/site-packages/airflow/example_dags/tutorial_dag.py
[2024-11-08T18:59:56.478+0300] {logging_mixin.py:190} INFO - [2024-11-08T18:59:56.478+0300] {dag.py:3239} INFO - Sync 1 DAGs
[2024-11-08T18:59:56.497+0300] {logging_mixin.py:190} INFO - [2024-11-08T18:59:56.497+0300] {dag.py:4180} INFO - Setting next_dagrun for tutorial_dag to None, run_after=None
[2024-11-08T18:59:56.524+0300] {processor.py:208} INFO - Processing /home/airflow/.local/lib/python3.12/site-packages/airflow/example_dags/tutorial_dag.py took 0.086 seconds
[2024-11-08T19:00:26.758+0300] {processor.py:186} INFO - Started process (PID=556) to work on /home/airflow/.local/lib/python3.12/site-packages/airflow/example_dags/tutorial_dag.py
[2024-11-08T19:00:26.759+0300] {processor.py:914} INFO - Processing file /home/airflow/.local/lib/python3.12/site-packages/airflow/example_dags/tutorial_dag.py for tasks to queue
[2024-11-08T19:00:26.761+0300] {logging_mixin.py:190} INFO - [2024-11-08T19:00:26.761+0300] {dagbag.py:588} INFO - Filling up the DagBag from /home/airflow/.local/lib/python3.12/site-packages/airflow/example_dags/tutorial_dag.py
[2024-11-08T19:00:26.772+0300] {processor.py:925} INFO - DAG(s) 'tutorial_dag' retrieved from /home/airflow/.local/lib/python3.12/site-packages/airflow/example_dags/tutorial_dag.py
[2024-11-08T19:00:26.789+0300] {logging_mixin.py:190} INFO - [2024-11-08T19:00:26.788+0300] {dag.py:3239} INFO - Sync 1 DAGs
[2024-11-08T19:00:26.806+0300] {logging_mixin.py:190} INFO - [2024-11-08T19:00:26.806+0300] {dag.py:4180} INFO - Setting next_dagrun for tutorial_dag to None, run_after=None
[2024-11-08T19:00:26.833+0300] {processor.py:208} INFO - Processing /home/airflow/.local/lib/python3.12/site-packages/airflow/example_dags/tutorial_dag.py took 0.081 seconds
[2024-11-08T19:00:57.120+0300] {processor.py:186} INFO - Started process (PID=625) to work on /home/airflow/.local/lib/python3.12/site-packages/airflow/example_dags/tutorial_dag.py
[2024-11-08T19:00:57.121+0300] {processor.py:914} INFO - Processing file /home/airflow/.local/lib/python3.12/site-packages/airflow/example_dags/tutorial_dag.py for tasks to queue
[2024-11-08T19:00:57.123+0300] {logging_mixin.py:190} INFO - [2024-11-08T19:00:57.123+0300] {dagbag.py:588} INFO - Filling up the DagBag from /home/airflow/.local/lib/python3.12/site-packages/airflow/example_dags/tutorial_dag.py
[2024-11-08T19:00:57.130+0300] {processor.py:925} INFO - DAG(s) 'tutorial_dag' retrieved from /home/airflow/.local/lib/python3.12/site-packages/airflow/example_dags/tutorial_dag.py
[2024-11-08T19:00:57.147+0300] {logging_mixin.py:190} INFO - [2024-11-08T19:00:57.147+0300] {dag.py:3239} INFO - Sync 1 DAGs
[2024-11-08T19:00:57.158+0300] {logging_mixin.py:190} INFO - [2024-11-08T19:00:57.158+0300] {dag.py:4180} INFO - Setting next_dagrun for tutorial_dag to None, run_after=None
[2024-11-08T19:00:57.174+0300] {processor.py:208} INFO - Processing /home/airflow/.local/lib/python3.12/site-packages/airflow/example_dags/tutorial_dag.py took 0.059 seconds
[2024-11-08T19:01:28.015+0300] {processor.py:186} INFO - Started process (PID=693) to work on /home/airflow/.local/lib/python3.12/site-packages/airflow/example_dags/tutorial_dag.py
[2024-11-08T19:01:28.017+0300] {processor.py:914} INFO - Processing file /home/airflow/.local/lib/python3.12/site-packages/airflow/example_dags/tutorial_dag.py for tasks to queue
[2024-11-08T19:01:28.019+0300] {logging_mixin.py:190} INFO - [2024-11-08T19:01:28.019+0300] {dagbag.py:588} INFO - Filling up the DagBag from /home/airflow/.local/lib/python3.12/site-packages/airflow/example_dags/tutorial_dag.py
[2024-11-08T19:01:28.027+0300] {processor.py:925} INFO - DAG(s) 'tutorial_dag' retrieved from /home/airflow/.local/lib/python3.12/site-packages/airflow/example_dags/tutorial_dag.py
[2024-11-08T19:01:28.045+0300] {logging_mixin.py:190} INFO - [2024-11-08T19:01:28.045+0300] {dag.py:3239} INFO - Sync 1 DAGs
[2024-11-08T19:01:28.058+0300] {logging_mixin.py:190} INFO - [2024-11-08T19:01:28.058+0300] {dag.py:4180} INFO - Setting next_dagrun for tutorial_dag to None, run_after=None
[2024-11-08T19:01:28.077+0300] {processor.py:208} INFO - Processing /home/airflow/.local/lib/python3.12/site-packages/airflow/example_dags/tutorial_dag.py took 0.067 seconds
[2024-11-08T19:01:58.558+0300] {processor.py:186} INFO - Started process (PID=762) to work on /home/airflow/.local/lib/python3.12/site-packages/airflow/example_dags/tutorial_dag.py
[2024-11-08T19:01:58.560+0300] {processor.py:914} INFO - Processing file /home/airflow/.local/lib/python3.12/site-packages/airflow/example_dags/tutorial_dag.py for tasks to queue
[2024-11-08T19:01:58.563+0300] {logging_mixin.py:190} INFO - [2024-11-08T19:01:58.562+0300] {dagbag.py:588} INFO - Filling up the DagBag from /home/airflow/.local/lib/python3.12/site-packages/airflow/example_dags/tutorial_dag.py
[2024-11-08T19:01:58.570+0300] {processor.py:925} INFO - DAG(s) 'tutorial_dag' retrieved from /home/airflow/.local/lib/python3.12/site-packages/airflow/example_dags/tutorial_dag.py
[2024-11-08T19:01:58.590+0300] {logging_mixin.py:190} INFO - [2024-11-08T19:01:58.589+0300] {dag.py:3239} INFO - Sync 1 DAGs
[2024-11-08T19:01:58.604+0300] {logging_mixin.py:190} INFO - [2024-11-08T19:01:58.604+0300] {dag.py:4180} INFO - Setting next_dagrun for tutorial_dag to None, run_after=None
[2024-11-08T19:01:58.635+0300] {processor.py:208} INFO - Processing /home/airflow/.local/lib/python3.12/site-packages/airflow/example_dags/tutorial_dag.py took 0.083 seconds
[2024-11-08T19:02:29.114+0300] {processor.py:186} INFO - Started process (PID=831) to work on /home/airflow/.local/lib/python3.12/site-packages/airflow/example_dags/tutorial_dag.py
[2024-11-08T19:02:29.115+0300] {processor.py:914} INFO - Processing file /home/airflow/.local/lib/python3.12/site-packages/airflow/example_dags/tutorial_dag.py for tasks to queue
[2024-11-08T19:02:29.117+0300] {logging_mixin.py:190} INFO - [2024-11-08T19:02:29.117+0300] {dagbag.py:588} INFO - Filling up the DagBag from /home/airflow/.local/lib/python3.12/site-packages/airflow/example_dags/tutorial_dag.py
[2024-11-08T19:02:29.123+0300] {processor.py:925} INFO - DAG(s) 'tutorial_dag' retrieved from /home/airflow/.local/lib/python3.12/site-packages/airflow/example_dags/tutorial_dag.py
[2024-11-08T19:02:29.142+0300] {logging_mixin.py:190} INFO - [2024-11-08T19:02:29.142+0300] {dag.py:3239} INFO - Sync 1 DAGs
[2024-11-08T19:02:29.155+0300] {logging_mixin.py:190} INFO - [2024-11-08T19:02:29.155+0300] {dag.py:4180} INFO - Setting next_dagrun for tutorial_dag to None, run_after=None
[2024-11-08T19:02:29.172+0300] {processor.py:208} INFO - Processing /home/airflow/.local/lib/python3.12/site-packages/airflow/example_dags/tutorial_dag.py took 0.063 seconds
[2024-11-08T19:03:00.226+0300] {processor.py:186} INFO - Started process (PID=900) to work on /home/airflow/.local/lib/python3.12/site-packages/airflow/example_dags/tutorial_dag.py
[2024-11-08T19:03:00.228+0300] {processor.py:914} INFO - Processing file /home/airflow/.local/lib/python3.12/site-packages/airflow/example_dags/tutorial_dag.py for tasks to queue
[2024-11-08T19:03:00.230+0300] {logging_mixin.py:190} INFO - [2024-11-08T19:03:00.230+0300] {dagbag.py:588} INFO - Filling up the DagBag from /home/airflow/.local/lib/python3.12/site-packages/airflow/example_dags/tutorial_dag.py
[2024-11-08T19:03:00.238+0300] {processor.py:925} INFO - DAG(s) 'tutorial_dag' retrieved from /home/airflow/.local/lib/python3.12/site-packages/airflow/example_dags/tutorial_dag.py
[2024-11-08T19:03:00.256+0300] {logging_mixin.py:190} INFO - [2024-11-08T19:03:00.256+0300] {dag.py:3239} INFO - Sync 1 DAGs
[2024-11-08T19:03:00.269+0300] {logging_mixin.py:190} INFO - [2024-11-08T19:03:00.269+0300] {dag.py:4180} INFO - Setting next_dagrun for tutorial_dag to None, run_after=None
[2024-11-08T19:03:00.288+0300] {processor.py:208} INFO - Processing /home/airflow/.local/lib/python3.12/site-packages/airflow/example_dags/tutorial_dag.py took 0.066 seconds
[2024-11-08T19:03:31.040+0300] {processor.py:186} INFO - Started process (PID=969) to work on /home/airflow/.local/lib/python3.12/site-packages/airflow/example_dags/tutorial_dag.py
[2024-11-08T19:03:31.042+0300] {processor.py:914} INFO - Processing file /home/airflow/.local/lib/python3.12/site-packages/airflow/example_dags/tutorial_dag.py for tasks to queue
[2024-11-08T19:03:31.044+0300] {logging_mixin.py:190} INFO - [2024-11-08T19:03:31.044+0300] {dagbag.py:588} INFO - Filling up the DagBag from /home/airflow/.local/lib/python3.12/site-packages/airflow/example_dags/tutorial_dag.py
[2024-11-08T19:03:31.051+0300] {processor.py:925} INFO - DAG(s) 'tutorial_dag' retrieved from /home/airflow/.local/lib/python3.12/site-packages/airflow/example_dags/tutorial_dag.py
[2024-11-08T19:03:31.071+0300] {logging_mixin.py:190} INFO - [2024-11-08T19:03:31.071+0300] {dag.py:3239} INFO - Sync 1 DAGs
[2024-11-08T19:03:31.084+0300] {logging_mixin.py:190} INFO - [2024-11-08T19:03:31.083+0300] {dag.py:4180} INFO - Setting next_dagrun for tutorial_dag to None, run_after=None
[2024-11-08T19:03:31.104+0300] {processor.py:208} INFO - Processing /home/airflow/.local/lib/python3.12/site-packages/airflow/example_dags/tutorial_dag.py took 0.069 seconds
[2024-11-08T19:04:02.091+0300] {processor.py:186} INFO - Started process (PID=1038) to work on /home/airflow/.local/lib/python3.12/site-packages/airflow/example_dags/tutorial_dag.py
[2024-11-08T19:04:02.092+0300] {processor.py:914} INFO - Processing file /home/airflow/.local/lib/python3.12/site-packages/airflow/example_dags/tutorial_dag.py for tasks to queue
[2024-11-08T19:04:02.095+0300] {logging_mixin.py:190} INFO - [2024-11-08T19:04:02.094+0300] {dagbag.py:588} INFO - Filling up the DagBag from /home/airflow/.local/lib/python3.12/site-packages/airflow/example_dags/tutorial_dag.py
[2024-11-08T19:04:02.101+0300] {processor.py:925} INFO - DAG(s) 'tutorial_dag' retrieved from /home/airflow/.local/lib/python3.12/site-packages/airflow/example_dags/tutorial_dag.py
[2024-11-08T19:04:02.117+0300] {logging_mixin.py:190} INFO - [2024-11-08T19:04:02.117+0300] {dag.py:3239} INFO - Sync 1 DAGs
[2024-11-08T19:04:02.127+0300] {logging_mixin.py:190} INFO - [2024-11-08T19:04:02.127+0300] {dag.py:4180} INFO - Setting next_dagrun for tutorial_dag to None, run_after=None
[2024-11-08T19:04:02.144+0300] {processor.py:208} INFO - Processing /home/airflow/.local/lib/python3.12/site-packages/airflow/example_dags/tutorial_dag.py took 0.057 seconds
[2024-11-08T19:04:32.591+0300] {processor.py:186} INFO - Started process (PID=1107) to work on /home/airflow/.local/lib/python3.12/site-packages/airflow/example_dags/tutorial_dag.py
[2024-11-08T19:04:32.592+0300] {processor.py:914} INFO - Processing file /home/airflow/.local/lib/python3.12/site-packages/airflow/example_dags/tutorial_dag.py for tasks to queue
[2024-11-08T19:04:32.594+0300] {logging_mixin.py:190} INFO - [2024-11-08T19:04:32.594+0300] {dagbag.py:588} INFO - Filling up the DagBag from /home/airflow/.local/lib/python3.12/site-packages/airflow/example_dags/tutorial_dag.py
[2024-11-08T19:04:32.600+0300] {processor.py:925} INFO - DAG(s) 'tutorial_dag' retrieved from /home/airflow/.local/lib/python3.12/site-packages/airflow/example_dags/tutorial_dag.py
[2024-11-08T19:04:32.616+0300] {logging_mixin.py:190} INFO - [2024-11-08T19:04:32.615+0300] {dag.py:3239} INFO - Sync 1 DAGs
[2024-11-08T19:04:32.627+0300] {logging_mixin.py:190} INFO - [2024-11-08T19:04:32.627+0300] {dag.py:4180} INFO - Setting next_dagrun for tutorial_dag to None, run_after=None
[2024-11-08T19:04:32.643+0300] {processor.py:208} INFO - Processing /home/airflow/.local/lib/python3.12/site-packages/airflow/example_dags/tutorial_dag.py took 0.058 seconds
[2024-11-08T19:05:03.481+0300] {processor.py:186} INFO - Started process (PID=1176) to work on /home/airflow/.local/lib/python3.12/site-packages/airflow/example_dags/tutorial_dag.py
[2024-11-08T19:05:03.482+0300] {processor.py:914} INFO - Processing file /home/airflow/.local/lib/python3.12/site-packages/airflow/example_dags/tutorial_dag.py for tasks to queue
[2024-11-08T19:05:03.484+0300] {logging_mixin.py:190} INFO - [2024-11-08T19:05:03.484+0300] {dagbag.py:588} INFO - Filling up the DagBag from /home/airflow/.local/lib/python3.12/site-packages/airflow/example_dags/tutorial_dag.py
[2024-11-08T19:05:03.490+0300] {processor.py:925} INFO - DAG(s) 'tutorial_dag' retrieved from /home/airflow/.local/lib/python3.12/site-packages/airflow/example_dags/tutorial_dag.py
[2024-11-08T19:05:03.508+0300] {logging_mixin.py:190} INFO - [2024-11-08T19:05:03.507+0300] {dag.py:3239} INFO - Sync 1 DAGs
[2024-11-08T19:05:03.520+0300] {logging_mixin.py:190} INFO - [2024-11-08T19:05:03.520+0300] {dag.py:4180} INFO - Setting next_dagrun for tutorial_dag to None, run_after=None
[2024-11-08T19:05:03.539+0300] {processor.py:208} INFO - Processing /home/airflow/.local/lib/python3.12/site-packages/airflow/example_dags/tutorial_dag.py took 0.062 seconds
