[2024-11-01T12:53:40.679+0000] {local_task_job_runner.py:123} INFO - ::group::Pre task execution logs
[2024-11-01T12:53:40.697+0000] {taskinstance.py:2612} INFO - Dependencies all met for dep_context=non-requeueable deps ti=<TaskInstance: currency_rate_dag.send_currency_rate manual__2024-11-01T12:53:39.139596+00:00 [queued]>
[2024-11-01T12:53:40.707+0000] {taskinstance.py:2612} INFO - Dependencies all met for dep_context=requeueable deps ti=<TaskInstance: currency_rate_dag.send_currency_rate manual__2024-11-01T12:53:39.139596+00:00 [queued]>
[2024-11-01T12:53:40.708+0000] {taskinstance.py:2865} INFO - Starting attempt 1 of 2
[2024-11-01T12:53:40.722+0000] {taskinstance.py:2888} INFO - Executing <Task(PythonOperator): send_currency_rate> on 2024-11-01 12:53:39.139596+00:00
[2024-11-01T12:53:40.728+0000] {warnings.py:112} WARNING - /home/***/.local/lib/python3.12/site-packages/***/task/task_runner/standard_task_runner.py:70: DeprecationWarning: This process (pid=74) is multi-threaded, use of fork() may lead to deadlocks in the child.
  pid = os.fork()

[2024-11-01T12:53:40.730+0000] {standard_task_runner.py:104} INFO - Running: ['***', 'tasks', 'run', 'currency_rate_dag', 'send_currency_rate', 'manual__2024-11-01T12:53:39.139596+00:00', '--job-id', '21', '--raw', '--subdir', 'DAGS_FOLDER/telegram-dag.py', '--cfg-path', '/tmp/tmp3rz7jfyq']
[2024-11-01T12:53:40.731+0000] {standard_task_runner.py:72} INFO - Started process 76 to run task
[2024-11-01T12:53:40.731+0000] {standard_task_runner.py:105} INFO - Job 21: Subtask send_currency_rate
[2024-11-01T12:53:40.779+0000] {task_command.py:467} INFO - Running <TaskInstance: currency_rate_dag.send_currency_rate manual__2024-11-01T12:53:39.139596+00:00 [running]> on host e07dba6ee931
[2024-11-01T12:53:40.853+0000] {taskinstance.py:3131} INFO - Exporting env vars: AIRFLOW_CTX_DAG_OWNER='***' AIRFLOW_CTX_DAG_ID='currency_rate_dag' AIRFLOW_CTX_TASK_ID='send_currency_rate' AIRFLOW_CTX_EXECUTION_DATE='2024-11-01T12:53:39.139596+00:00' AIRFLOW_CTX_TRY_NUMBER='1' AIRFLOW_CTX_DAG_RUN_ID='manual__2024-11-01T12:53:39.139596+00:00'
[2024-11-01T12:53:40.855+0000] {logging_mixin.py:190} INFO - Task instance is in running state
[2024-11-01T12:53:40.855+0000] {logging_mixin.py:190} INFO -  Previous state of the Task instance: queued
[2024-11-01T12:53:40.856+0000] {logging_mixin.py:190} INFO - Current task name:send_currency_rate state:running start_date:2024-11-01 12:53:40.699157+00:00
[2024-11-01T12:53:40.857+0000] {logging_mixin.py:190} INFO - Dag name:currency_rate_dag and current dag run status:running
[2024-11-01T12:53:40.857+0000] {taskinstance.py:731} INFO - ::endgroup::
[2024-11-01T12:53:42.754+0000] {python.py:240} INFO - Done. Returned value was: None
[2024-11-01T12:53:42.790+0000] {taskinstance.py:340} INFO - ::group::Post task execution logs
[2024-11-01T12:53:42.791+0000] {taskinstance.py:352} INFO - Marking task as SUCCESS. dag_id=currency_rate_dag, task_id=send_currency_rate, run_id=manual__2024-11-01T12:53:39.139596+00:00, execution_date=20241101T125339, start_date=20241101T125340, end_date=20241101T125342
[2024-11-01T12:53:42.816+0000] {logging_mixin.py:190} INFO - Task instance in success state
[2024-11-01T12:53:42.817+0000] {logging_mixin.py:190} INFO -  Previous state of the Task instance: running
[2024-11-01T12:53:42.818+0000] {logging_mixin.py:190} INFO - Dag name:currency_rate_dag queued_at:2024-11-01 12:53:39.158371+00:00
[2024-11-01T12:53:42.819+0000] {logging_mixin.py:190} INFO - Task hostname:e07dba6ee931 operator:PythonOperator
[2024-11-01T12:53:42.854+0000] {local_task_job_runner.py:266} INFO - Task exited with return code 0
[2024-11-01T12:53:42.874+0000] {taskinstance.py:3900} INFO - 0 downstream tasks scheduled from follow-on schedule check
[2024-11-01T12:53:42.876+0000] {local_task_job_runner.py:245} INFO - ::endgroup::
