[2024-11-08T18:40:02.470+0300] {local_task_job_runner.py:123} INFO - ::group::Pre task execution logs
[2024-11-08T18:40:02.484+0300] {taskinstance.py:2612} INFO - Dependencies all met for dep_context=non-requeueable deps ti=<TaskInstance: fraud_transaction_analysis2.send_telegram_message manual__2024-11-08T15:39:49.564874+00:00 [queued]>
[2024-11-08T18:40:02.492+0300] {taskinstance.py:2612} INFO - Dependencies all met for dep_context=requeueable deps ti=<TaskInstance: fraud_transaction_analysis2.send_telegram_message manual__2024-11-08T15:39:49.564874+00:00 [queued]>
[2024-11-08T18:40:02.493+0300] {taskinstance.py:2865} INFO - Starting attempt 1 of 1
[2024-11-08T18:40:02.506+0300] {taskinstance.py:2888} INFO - Executing <Task(TelegramOperator): send_telegram_message> on 2024-11-08 15:39:49.564874+00:00
[2024-11-08T18:40:02.512+0300] {warnings.py:112} WARNING - /home/***/.local/lib/python3.12/site-packages/***/task/task_runner/standard_task_runner.py:70: DeprecationWarning: This process (pid=246) is multi-threaded, use of fork() may lead to deadlocks in the child.
  pid = os.fork()

[2024-11-08T18:40:02.514+0300] {standard_task_runner.py:72} INFO - Started process 248 to run task
[2024-11-08T18:40:02.514+0300] {standard_task_runner.py:104} INFO - Running: ['***', 'tasks', 'run', 'fraud_transaction_analysis2', 'send_telegram_message', 'manual__2024-11-08T15:39:49.564874+00:00', '--job-id', '234', '--raw', '--subdir', 'DAGS_FOLDER/fraud_transaction_analysis2-dag.py', '--cfg-path', '/tmp/tmp6dvm68ov']
[2024-11-08T18:40:02.515+0300] {standard_task_runner.py:105} INFO - Job 234: Subtask send_telegram_message
[2024-11-08T18:40:02.553+0300] {task_command.py:467} INFO - Running <TaskInstance: fraud_transaction_analysis2.send_telegram_message manual__2024-11-08T15:39:49.564874+00:00 [running]> on host 1168f67a661e
[2024-11-08T18:40:02.624+0300] {taskinstance.py:3131} INFO - Exporting env vars: AIRFLOW_CTX_DAG_OWNER='***' AIRFLOW_CTX_DAG_ID='fraud_transaction_analysis2' AIRFLOW_CTX_TASK_ID='send_telegram_message' AIRFLOW_CTX_EXECUTION_DATE='2024-11-08T15:39:49.564874+00:00' AIRFLOW_CTX_TRY_NUMBER='1' AIRFLOW_CTX_DAG_RUN_ID='manual__2024-11-08T15:39:49.564874+00:00'
[2024-11-08T18:40:02.625+0300] {logging_mixin.py:190} INFO - Task instance is in running state
[2024-11-08T18:40:02.626+0300] {logging_mixin.py:190} INFO -  Previous state of the Task instance: queued
[2024-11-08T18:40:02.627+0300] {logging_mixin.py:190} INFO - Current task name:send_telegram_message state:running start_date:2024-11-08 15:40:02.485661+00:00
[2024-11-08T18:40:02.627+0300] {logging_mixin.py:190} INFO - Dag name:fraud_transaction_analysis2 and current dag run status:running
[2024-11-08T18:40:02.628+0300] {taskinstance.py:731} INFO - ::endgroup::
[2024-11-08T18:40:02.635+0300] {base.py:84} INFO - Retrieving connection 'telegram_default'
[2024-11-08T18:40:03.490+0300] {_client.py:1773} INFO - HTTP Request: POST https://api.telegram.org/bot7891446819:AAEGULObbcnCnd-J60AxChFllx8pM5Qbp5A/sendMessage "HTTP/1.1 200 OK"
[2024-11-08T18:40:03.504+0300] {taskinstance.py:340} INFO - ::group::Post task execution logs
[2024-11-08T18:40:03.505+0300] {taskinstance.py:352} INFO - Marking task as SUCCESS. dag_id=fraud_transaction_analysis2, task_id=send_telegram_message, run_id=manual__2024-11-08T15:39:49.564874+00:00, execution_date=20241108T153949, start_date=20241108T154002, end_date=20241108T154003
[2024-11-08T18:40:03.529+0300] {logging_mixin.py:190} INFO - Task instance in success state
[2024-11-08T18:40:03.530+0300] {logging_mixin.py:190} INFO -  Previous state of the Task instance: running
[2024-11-08T18:40:03.531+0300] {logging_mixin.py:190} INFO - Dag name:fraud_transaction_analysis2 queued_at:2024-11-08 15:39:49.588195+00:00
[2024-11-08T18:40:03.532+0300] {logging_mixin.py:190} INFO - Task hostname:1168f67a661e operator:TelegramOperator
[2024-11-08T18:40:03.578+0300] {local_task_job_runner.py:266} INFO - Task exited with return code 0
[2024-11-08T18:40:03.618+0300] {taskinstance.py:3900} INFO - 0 downstream tasks scheduled from follow-on schedule check
[2024-11-08T18:40:03.622+0300] {local_task_job_runner.py:245} INFO - ::endgroup::
