[2024-11-06T00:18:40.537+0300] {local_task_job_runner.py:123} INFO - ::group::Pre task execution logs
[2024-11-06T00:18:40.557+0300] {taskinstance.py:2612} INFO - Dependencies all met for dep_context=non-requeueable deps ti=<TaskInstance: fraud_transaction_analysis2.convert_to_btc manual__2024-11-05T21:18:28.493593+00:00 [queued]>
[2024-11-06T00:18:40.566+0300] {taskinstance.py:2612} INFO - Dependencies all met for dep_context=requeueable deps ti=<TaskInstance: fraud_transaction_analysis2.convert_to_btc manual__2024-11-05T21:18:28.493593+00:00 [queued]>
[2024-11-06T00:18:40.567+0300] {taskinstance.py:2865} INFO - Starting attempt 1 of 1
[2024-11-06T00:18:40.585+0300] {taskinstance.py:2888} INFO - Executing <Task(PythonOperator): convert_to_btc> on 2024-11-05 21:18:28.493593+00:00
[2024-11-06T00:18:40.596+0300] {warnings.py:112} WARNING - /home/***/.local/lib/python3.12/site-packages/***/task/task_runner/standard_task_runner.py:70: DeprecationWarning: This process (pid=83) is multi-threaded, use of fork() may lead to deadlocks in the child.
  pid = os.fork()

[2024-11-06T00:18:40.599+0300] {standard_task_runner.py:72} INFO - Started process 85 to run task
[2024-11-06T00:18:40.598+0300] {standard_task_runner.py:104} INFO - Running: ['***', 'tasks', 'run', 'fraud_transaction_analysis2', 'convert_to_btc', 'manual__2024-11-05T21:18:28.493593+00:00', '--job-id', '151', '--raw', '--subdir', 'DAGS_FOLDER/fraud_transaction_analysis2-dag.py', '--cfg-path', '/tmp/tmpkb3sdco_']
[2024-11-06T00:18:40.601+0300] {standard_task_runner.py:105} INFO - Job 151: Subtask convert_to_btc
[2024-11-06T00:18:40.676+0300] {task_command.py:467} INFO - Running <TaskInstance: fraud_transaction_analysis2.convert_to_btc manual__2024-11-05T21:18:28.493593+00:00 [running]> on host 1168f67a661e
[2024-11-06T00:18:40.828+0300] {taskinstance.py:3131} INFO - Exporting env vars: AIRFLOW_CTX_DAG_OWNER='***' AIRFLOW_CTX_DAG_ID='fraud_transaction_analysis2' AIRFLOW_CTX_TASK_ID='convert_to_btc' AIRFLOW_CTX_EXECUTION_DATE='2024-11-05T21:18:28.493593+00:00' AIRFLOW_CTX_TRY_NUMBER='1' AIRFLOW_CTX_DAG_RUN_ID='manual__2024-11-05T21:18:28.493593+00:00'
[2024-11-06T00:18:40.830+0300] {logging_mixin.py:190} INFO - Task instance is in running state
[2024-11-06T00:18:40.831+0300] {logging_mixin.py:190} INFO -  Previous state of the Task instance: queued
[2024-11-06T00:18:40.832+0300] {logging_mixin.py:190} INFO - Current task name:convert_to_btc state:running start_date:2024-11-05 21:18:40.558436+00:00
[2024-11-06T00:18:40.833+0300] {logging_mixin.py:190} INFO - Dag name:fraud_transaction_analysis2 and current dag run status:running
[2024-11-06T00:18:40.834+0300] {taskinstance.py:731} INFO - ::endgroup::
[2024-11-06T00:18:40.835+0300] {python.py:240} INFO - Done. Returned value was: 0.8652935603624653
[2024-11-06T00:18:40.854+0300] {taskinstance.py:340} INFO - ::group::Post task execution logs
[2024-11-06T00:18:40.856+0300] {taskinstance.py:352} INFO - Marking task as SUCCESS. dag_id=fraud_transaction_analysis2, task_id=convert_to_btc, run_id=manual__2024-11-05T21:18:28.493593+00:00, execution_date=20241105T211828, start_date=20241105T211840, end_date=20241105T211840
[2024-11-06T00:18:40.866+0300] {logging_mixin.py:190} INFO - Task instance in success state
[2024-11-06T00:18:40.867+0300] {logging_mixin.py:190} INFO -  Previous state of the Task instance: running
[2024-11-06T00:18:40.869+0300] {logging_mixin.py:190} INFO - Dag name:fraud_transaction_analysis2 queued_at:2024-11-05 21:18:28.522372+00:00
[2024-11-06T00:18:40.870+0300] {logging_mixin.py:190} INFO - Task hostname:1168f67a661e operator:PythonOperator
[2024-11-06T00:18:40.899+0300] {local_task_job_runner.py:266} INFO - Task exited with return code 0
[2024-11-06T00:18:40.922+0300] {warnings.py:112} WARNING - /home/***/.local/lib/python3.12/site-packages/***/models/baseoperator.py:1378: AirflowProviderDeprecationWarning: Call to deprecated class PostgresOperator. (Please use `***.providers.common.sql.operators.sql.SQLExecuteQueryOperator`.Also, you can provide `hook_params={'schema': <database>}`.)
  result = cls.__new__(cls)

[2024-11-06T00:18:41.006+0300] {taskinstance.py:3900} INFO - 1 downstream tasks scheduled from follow-on schedule check
[2024-11-06T00:18:41.026+0300] {local_task_job_runner.py:245} INFO - ::endgroup::
