[2024-11-05T20:38:04.683+0000] {local_task_job_runner.py:123} INFO - ::group::Pre task execution logs
[2024-11-05T20:38:04.702+0000] {taskinstance.py:2612} INFO - Dependencies all met for dep_context=non-requeueable deps ti=<TaskInstance: fraud_transaction_analysis2.convert_to_btc scheduled__2024-11-04T00:00:00+00:00 [queued]>
[2024-11-05T20:38:04.713+0000] {taskinstance.py:2612} INFO - Dependencies all met for dep_context=requeueable deps ti=<TaskInstance: fraud_transaction_analysis2.convert_to_btc scheduled__2024-11-04T00:00:00+00:00 [queued]>
[2024-11-05T20:38:04.714+0000] {taskinstance.py:2865} INFO - Starting attempt 1 of 1
[2024-11-05T20:38:04.729+0000] {taskinstance.py:2888} INFO - Executing <Task(PythonOperator): convert_to_btc> on 2024-11-04 00:00:00+00:00
[2024-11-05T20:38:04.738+0000] {warnings.py:112} WARNING - /home/***/.local/lib/python3.12/site-packages/***/task/task_runner/standard_task_runner.py:70: DeprecationWarning: This process (pid=75) is multi-threaded, use of fork() may lead to deadlocks in the child.
  pid = os.fork()

[2024-11-05T20:38:04.740+0000] {standard_task_runner.py:104} INFO - Running: ['***', 'tasks', 'run', 'fraud_transaction_analysis2', 'convert_to_btc', 'scheduled__2024-11-04T00:00:00+00:00', '--job-id', '107', '--raw', '--subdir', 'DAGS_FOLDER/fraud_transaction_analysis2-dag.py', '--cfg-path', '/tmp/tmpdsbe9bhs']
[2024-11-05T20:38:04.740+0000] {standard_task_runner.py:72} INFO - Started process 77 to run task
[2024-11-05T20:38:04.741+0000] {standard_task_runner.py:105} INFO - Job 107: Subtask convert_to_btc
[2024-11-05T20:38:04.798+0000] {task_command.py:467} INFO - Running <TaskInstance: fraud_transaction_analysis2.convert_to_btc scheduled__2024-11-04T00:00:00+00:00 [running]> on host 21d07c241839
[2024-11-05T20:38:04.893+0000] {taskinstance.py:3131} INFO - Exporting env vars: AIRFLOW_CTX_DAG_OWNER='***' AIRFLOW_CTX_DAG_ID='fraud_transaction_analysis2' AIRFLOW_CTX_TASK_ID='convert_to_btc' AIRFLOW_CTX_EXECUTION_DATE='2024-11-04T00:00:00+00:00' AIRFLOW_CTX_TRY_NUMBER='1' AIRFLOW_CTX_DAG_RUN_ID='scheduled__2024-11-04T00:00:00+00:00'
[2024-11-05T20:38:04.895+0000] {logging_mixin.py:190} INFO - Task instance is in running state
[2024-11-05T20:38:04.895+0000] {logging_mixin.py:190} INFO -  Previous state of the Task instance: queued
[2024-11-05T20:38:04.896+0000] {logging_mixin.py:190} INFO - Current task name:convert_to_btc state:running start_date:2024-11-05 20:38:04.703438+00:00
[2024-11-05T20:38:04.897+0000] {logging_mixin.py:190} INFO - Dag name:fraud_transaction_analysis2 and current dag run status:running
[2024-11-05T20:38:04.897+0000] {taskinstance.py:731} INFO - ::endgroup::
[2024-11-05T20:38:04.898+0000] {python.py:240} INFO - Done. Returned value was: 0.8630554159205255
[2024-11-05T20:38:04.922+0000] {taskinstance.py:340} INFO - ::group::Post task execution logs
[2024-11-05T20:38:04.923+0000] {taskinstance.py:352} INFO - Marking task as SUCCESS. dag_id=fraud_transaction_analysis2, task_id=convert_to_btc, run_id=scheduled__2024-11-04T00:00:00+00:00, execution_date=20241104T000000, start_date=20241105T203804, end_date=20241105T203804
[2024-11-05T20:38:04.932+0000] {logging_mixin.py:190} INFO - Task instance in success state
[2024-11-05T20:38:04.933+0000] {logging_mixin.py:190} INFO -  Previous state of the Task instance: running
[2024-11-05T20:38:04.934+0000] {logging_mixin.py:190} INFO - Dag name:fraud_transaction_analysis2 queued_at:2024-11-05 20:37:54.224136+00:00
[2024-11-05T20:38:04.934+0000] {logging_mixin.py:190} INFO - Task hostname:21d07c241839 operator:PythonOperator
[2024-11-05T20:38:04.957+0000] {local_task_job_runner.py:266} INFO - Task exited with return code 0
[2024-11-05T20:38:04.969+0000] {warnings.py:112} WARNING - /home/***/.local/lib/python3.12/site-packages/***/models/baseoperator.py:1378: AirflowProviderDeprecationWarning: Call to deprecated class PostgresOperator. (Please use `***.providers.common.sql.operators.sql.SQLExecuteQueryOperator`.Also, you can provide `hook_params={'schema': <database>}`.)
  result = cls.__new__(cls)

[2024-11-05T20:38:04.987+0000] {taskinstance.py:3900} INFO - 1 downstream tasks scheduled from follow-on schedule check
[2024-11-05T20:38:04.990+0000] {local_task_job_runner.py:245} INFO - ::endgroup::
