[2024-11-05T06:24:20.290+0000] {local_task_job_runner.py:123} INFO - ::group::Pre task execution logs
[2024-11-05T06:24:20.306+0000] {taskinstance.py:2612} INFO - Dependencies all met for dep_context=non-requeueable deps ti=<TaskInstance: currency_rate_dag.send_currency_rate scheduled__2024-11-04T12:00:00+00:00 [queued]>
[2024-11-05T06:24:20.315+0000] {taskinstance.py:2612} INFO - Dependencies all met for dep_context=requeueable deps ti=<TaskInstance: currency_rate_dag.send_currency_rate scheduled__2024-11-04T12:00:00+00:00 [queued]>
[2024-11-05T06:24:20.316+0000] {taskinstance.py:2865} INFO - Starting attempt 1 of 2
[2024-11-05T06:24:20.331+0000] {taskinstance.py:2888} INFO - Executing <Task(PythonOperator): send_currency_rate> on 2024-11-04 12:00:00+00:00
[2024-11-05T06:24:20.339+0000] {warnings.py:112} WARNING - /home/***/.local/lib/python3.12/site-packages/***/task/task_runner/standard_task_runner.py:70: DeprecationWarning: This process (pid=69) is multi-threaded, use of fork() may lead to deadlocks in the child.
  pid = os.fork()

[2024-11-05T06:24:20.341+0000] {standard_task_runner.py:72} INFO - Started process 78 to run task
[2024-11-05T06:24:20.341+0000] {standard_task_runner.py:104} INFO - Running: ['***', 'tasks', 'run', 'currency_rate_dag', 'send_currency_rate', 'scheduled__2024-11-04T12:00:00+00:00', '--job-id', '68', '--raw', '--subdir', 'DAGS_FOLDER/telegram-dag.py', '--cfg-path', '/tmp/tmp4m9e5sls']
[2024-11-05T06:24:20.342+0000] {standard_task_runner.py:105} INFO - Job 68: Subtask send_currency_rate
[2024-11-05T06:24:20.407+0000] {task_command.py:467} INFO - Running <TaskInstance: currency_rate_dag.send_currency_rate scheduled__2024-11-04T12:00:00+00:00 [running]> on host 1488fd0dc185
[2024-11-05T06:24:20.510+0000] {taskinstance.py:3131} INFO - Exporting env vars: AIRFLOW_CTX_DAG_OWNER='***' AIRFLOW_CTX_DAG_ID='currency_rate_dag' AIRFLOW_CTX_TASK_ID='send_currency_rate' AIRFLOW_CTX_EXECUTION_DATE='2024-11-04T12:00:00+00:00' AIRFLOW_CTX_TRY_NUMBER='1' AIRFLOW_CTX_DAG_RUN_ID='scheduled__2024-11-04T12:00:00+00:00'
[2024-11-05T06:24:20.512+0000] {logging_mixin.py:190} INFO - Task instance is in running state
[2024-11-05T06:24:20.512+0000] {logging_mixin.py:190} INFO -  Previous state of the Task instance: queued
[2024-11-05T06:24:20.513+0000] {logging_mixin.py:190} INFO - Current task name:send_currency_rate state:running start_date:2024-11-05 06:24:20.306776+00:00
[2024-11-05T06:24:20.514+0000] {logging_mixin.py:190} INFO - Dag name:currency_rate_dag and current dag run status:running
[2024-11-05T06:24:20.514+0000] {taskinstance.py:731} INFO - ::endgroup::
[2024-11-05T06:24:21.917+0000] {python.py:240} INFO - Done. Returned value was: None
[2024-11-05T06:24:21.927+0000] {taskinstance.py:340} INFO - ::group::Post task execution logs
[2024-11-05T06:24:21.928+0000] {taskinstance.py:352} INFO - Marking task as SUCCESS. dag_id=currency_rate_dag, task_id=send_currency_rate, run_id=scheduled__2024-11-04T12:00:00+00:00, execution_date=20241104T120000, start_date=20241105T062420, end_date=20241105T062421
[2024-11-05T06:24:21.939+0000] {logging_mixin.py:190} INFO - Task instance in success state
[2024-11-05T06:24:21.940+0000] {logging_mixin.py:190} INFO -  Previous state of the Task instance: running
[2024-11-05T06:24:21.940+0000] {logging_mixin.py:190} INFO - Dag name:currency_rate_dag queued_at:2024-11-05 06:24:15.989219+00:00
[2024-11-05T06:24:21.941+0000] {logging_mixin.py:190} INFO - Task hostname:1488fd0dc185 operator:PythonOperator
[2024-11-05T06:24:21.963+0000] {local_task_job_runner.py:266} INFO - Task exited with return code 0
[2024-11-05T06:24:21.978+0000] {taskinstance.py:3900} INFO - 0 downstream tasks scheduled from follow-on schedule check
[2024-11-05T06:24:21.981+0000] {local_task_job_runner.py:245} INFO - ::endgroup::
