[2024-11-01T12:43:07.681+0000] {local_task_job_runner.py:123} INFO - ::group::Pre task execution logs
[2024-11-01T12:43:07.699+0000] {taskinstance.py:2612} INFO - Dependencies all met for dep_context=non-requeueable deps ti=<TaskInstance: currency_rate_dag.send_currency_rate manual__2024-11-01T12:43:06.319910+00:00 [queued]>
[2024-11-01T12:43:07.710+0000] {taskinstance.py:2612} INFO - Dependencies all met for dep_context=requeueable deps ti=<TaskInstance: currency_rate_dag.send_currency_rate manual__2024-11-01T12:43:06.319910+00:00 [queued]>
[2024-11-01T12:43:07.711+0000] {taskinstance.py:2865} INFO - Starting attempt 1 of 2
[2024-11-01T12:43:07.727+0000] {taskinstance.py:2888} INFO - Executing <Task(PythonOperator): send_currency_rate> on 2024-11-01 12:43:06.319910+00:00
[2024-11-01T12:43:07.734+0000] {warnings.py:112} WARNING - /home/***/.local/lib/python3.12/site-packages/***/task/task_runner/standard_task_runner.py:70: DeprecationWarning: This process (pid=107) is multi-threaded, use of fork() may lead to deadlocks in the child.
  pid = os.fork()

[2024-11-01T12:43:07.736+0000] {standard_task_runner.py:72} INFO - Started process 109 to run task
[2024-11-01T12:43:07.737+0000] {standard_task_runner.py:104} INFO - Running: ['***', 'tasks', 'run', 'currency_rate_dag', 'send_currency_rate', 'manual__2024-11-01T12:43:06.319910+00:00', '--job-id', '15', '--raw', '--subdir', 'DAGS_FOLDER/telegram-dag.py', '--cfg-path', '/tmp/tmpovcb88fj']
[2024-11-01T12:43:07.738+0000] {standard_task_runner.py:105} INFO - Job 15: Subtask send_currency_rate
[2024-11-01T12:43:07.794+0000] {task_command.py:467} INFO - Running <TaskInstance: currency_rate_dag.send_currency_rate manual__2024-11-01T12:43:06.319910+00:00 [running]> on host e07dba6ee931
[2024-11-01T12:43:07.882+0000] {taskinstance.py:3131} INFO - Exporting env vars: AIRFLOW_CTX_DAG_OWNER='***' AIRFLOW_CTX_DAG_ID='currency_rate_dag' AIRFLOW_CTX_TASK_ID='send_currency_rate' AIRFLOW_CTX_EXECUTION_DATE='2024-11-01T12:43:06.319910+00:00' AIRFLOW_CTX_TRY_NUMBER='1' AIRFLOW_CTX_DAG_RUN_ID='manual__2024-11-01T12:43:06.319910+00:00'
[2024-11-01T12:43:07.885+0000] {logging_mixin.py:190} INFO - Task instance is in running state
[2024-11-01T12:43:07.886+0000] {logging_mixin.py:190} INFO -  Previous state of the Task instance: queued
[2024-11-01T12:43:07.887+0000] {logging_mixin.py:190} INFO - Current task name:send_currency_rate state:running start_date:2024-11-01 12:43:07.700328+00:00
[2024-11-01T12:43:07.887+0000] {logging_mixin.py:190} INFO - Dag name:currency_rate_dag and current dag run status:running
[2024-11-01T12:43:07.888+0000] {taskinstance.py:731} INFO - ::endgroup::
[2024-11-01T12:43:09.021+0000] {python.py:240} INFO - Done. Returned value was: None
[2024-11-01T12:43:09.036+0000] {taskinstance.py:340} INFO - ::group::Post task execution logs
[2024-11-01T12:43:09.037+0000] {taskinstance.py:352} INFO - Marking task as SUCCESS. dag_id=currency_rate_dag, task_id=send_currency_rate, run_id=manual__2024-11-01T12:43:06.319910+00:00, execution_date=20241101T124306, start_date=20241101T124307, end_date=20241101T124309
[2024-11-01T12:43:09.052+0000] {logging_mixin.py:190} INFO - Task instance in success state
[2024-11-01T12:43:09.053+0000] {logging_mixin.py:190} INFO -  Previous state of the Task instance: running
[2024-11-01T12:43:09.054+0000] {logging_mixin.py:190} INFO - Dag name:currency_rate_dag queued_at:2024-11-01 12:43:06.336132+00:00
[2024-11-01T12:43:09.054+0000] {logging_mixin.py:190} INFO - Task hostname:e07dba6ee931 operator:PythonOperator
[2024-11-01T12:43:09.081+0000] {local_task_job_runner.py:266} INFO - Task exited with return code 0
[2024-11-01T12:43:09.105+0000] {taskinstance.py:3900} INFO - 0 downstream tasks scheduled from follow-on schedule check
[2024-11-01T12:43:09.107+0000] {local_task_job_runner.py:245} INFO - ::endgroup::
