[2024-11-08T18:59:56.200+0300] {local_task_job_runner.py:123} INFO - ::group::Pre task execution logs
[2024-11-08T18:59:56.214+0300] {taskinstance.py:2612} INFO - Dependencies all met for dep_context=non-requeueable deps ti=<TaskInstance: fraud_transaction_analysis2.create_telegram_message manual__2024-11-08T15:59:45.804371+00:00 [queued]>
[2024-11-08T18:59:56.223+0300] {taskinstance.py:2612} INFO - Dependencies all met for dep_context=requeueable deps ti=<TaskInstance: fraud_transaction_analysis2.create_telegram_message manual__2024-11-08T15:59:45.804371+00:00 [queued]>
[2024-11-08T18:59:56.223+0300] {taskinstance.py:2865} INFO - Starting attempt 1 of 1
[2024-11-08T18:59:56.239+0300] {taskinstance.py:2888} INFO - Executing <Task(PythonOperator): create_telegram_message> on 2024-11-08 15:59:45.804371+00:00
[2024-11-08T18:59:56.245+0300] {warnings.py:112} WARNING - /home/***/.local/lib/python3.12/site-packages/***/task/task_runner/standard_task_runner.py:70: DeprecationWarning: This process (pid=113) is multi-threaded, use of fork() may lead to deadlocks in the child.
  pid = os.fork()

[2024-11-08T18:59:56.247+0300] {standard_task_runner.py:72} INFO - Started process 115 to run task
[2024-11-08T18:59:56.247+0300] {standard_task_runner.py:104} INFO - Running: ['***', 'tasks', 'run', 'fraud_transaction_analysis2', 'create_telegram_message', 'manual__2024-11-08T15:59:45.804371+00:00', '--job-id', '244', '--raw', '--subdir', 'DAGS_FOLDER/fraud_transaction_analysis2-dag.py', '--cfg-path', '/tmp/tmp962ozqfn']
[2024-11-08T18:59:56.248+0300] {standard_task_runner.py:105} INFO - Job 244: Subtask create_telegram_message
[2024-11-08T18:59:56.291+0300] {task_command.py:467} INFO - Running <TaskInstance: fraud_transaction_analysis2.create_telegram_message manual__2024-11-08T15:59:45.804371+00:00 [running]> on host 1168f67a661e
[2024-11-08T18:59:56.416+0300] {taskinstance.py:3131} INFO - Exporting env vars: AIRFLOW_CTX_DAG_OWNER='***' AIRFLOW_CTX_DAG_ID='fraud_transaction_analysis2' AIRFLOW_CTX_TASK_ID='create_telegram_message' AIRFLOW_CTX_EXECUTION_DATE='2024-11-08T15:59:45.804371+00:00' AIRFLOW_CTX_TRY_NUMBER='1' AIRFLOW_CTX_DAG_RUN_ID='manual__2024-11-08T15:59:45.804371+00:00'
[2024-11-08T18:59:56.418+0300] {logging_mixin.py:190} INFO - Task instance is in running state
[2024-11-08T18:59:56.419+0300] {logging_mixin.py:190} INFO -  Previous state of the Task instance: queued
[2024-11-08T18:59:56.419+0300] {logging_mixin.py:190} INFO - Current task name:create_telegram_message state:running start_date:2024-11-08 15:59:56.215422+00:00
[2024-11-08T18:59:56.420+0300] {logging_mixin.py:190} INFO - Dag name:fraud_transaction_analysis2 and current dag run status:running
[2024-11-08T18:59:56.420+0300] {taskinstance.py:731} INFO - ::endgroup::
[2024-11-08T18:59:56.421+0300] {python.py:240} INFO - Done. Returned value was: Количество мошеннических транзакций: 492
Сумма в долларах: 60127.97 USD
Сумма в биткоинах: 0.78565641 BTC
Курс биткоина: 76532.1444 USD
Дата получения курса: 2024-11-08 18:59:56
[2024-11-08T18:59:56.445+0300] {taskinstance.py:340} INFO - ::group::Post task execution logs
[2024-11-08T18:59:56.446+0300] {taskinstance.py:352} INFO - Marking task as SUCCESS. dag_id=fraud_transaction_analysis2, task_id=create_telegram_message, run_id=manual__2024-11-08T15:59:45.804371+00:00, execution_date=20241108T155945, start_date=20241108T155956, end_date=20241108T155956
[2024-11-08T18:59:56.456+0300] {logging_mixin.py:190} INFO - Task instance in success state
[2024-11-08T18:59:56.457+0300] {logging_mixin.py:190} INFO -  Previous state of the Task instance: running
[2024-11-08T18:59:56.457+0300] {logging_mixin.py:190} INFO - Dag name:fraud_transaction_analysis2 queued_at:2024-11-08 15:59:45.824822+00:00
[2024-11-08T18:59:56.458+0300] {logging_mixin.py:190} INFO - Task hostname:1168f67a661e operator:PythonOperator
[2024-11-08T18:59:56.502+0300] {local_task_job_runner.py:266} INFO - Task exited with return code 0
[2024-11-08T18:59:56.514+0300] {warnings.py:112} WARNING - /home/***/.local/lib/python3.12/site-packages/***/models/baseoperator.py:1378: AirflowProviderDeprecationWarning: Call to deprecated class PostgresOperator. (Please use `***.providers.common.sql.operators.sql.SQLExecuteQueryOperator`.Also, you can provide `hook_params={'schema': <database>}`.)
  result = cls.__new__(cls)

[2024-11-08T18:59:56.530+0300] {taskinstance.py:3900} INFO - 2 downstream tasks scheduled from follow-on schedule check
[2024-11-08T18:59:56.533+0300] {local_task_job_runner.py:245} INFO - ::endgroup::
