[2024-11-08T18:11:36.971+0300] {local_task_job_runner.py:123} INFO - ::group::Pre task execution logs
[2024-11-08T18:11:36.986+0300] {taskinstance.py:2612} INFO - Dependencies all met for dep_context=non-requeueable deps ti=<TaskInstance: fraud_transaction_analysis2.convert_to_btc scheduled__2024-11-06T00:00:00+00:00 [queued]>
[2024-11-08T18:11:36.996+0300] {taskinstance.py:2612} INFO - Dependencies all met for dep_context=requeueable deps ti=<TaskInstance: fraud_transaction_analysis2.convert_to_btc scheduled__2024-11-06T00:00:00+00:00 [queued]>
[2024-11-08T18:11:36.996+0300] {taskinstance.py:2865} INFO - Starting attempt 1 of 1
[2024-11-08T18:11:37.011+0300] {taskinstance.py:2888} INFO - Executing <Task(PythonOperator): convert_to_btc> on 2024-11-06 00:00:00+00:00
[2024-11-08T18:11:37.020+0300] {warnings.py:112} WARNING - /home/***/.local/lib/python3.12/site-packages/***/task/task_runner/standard_task_runner.py:70: DeprecationWarning: This process (pid=149) is multi-threaded, use of fork() may lead to deadlocks in the child.
  pid = os.fork()

[2024-11-08T18:11:37.021+0300] {standard_task_runner.py:104} INFO - Running: ['***', 'tasks', 'run', 'fraud_transaction_analysis2', 'convert_to_btc', 'scheduled__2024-11-06T00:00:00+00:00', '--job-id', '219', '--raw', '--subdir', 'DAGS_FOLDER/fraud_transaction_analysis2-dag.py', '--cfg-path', '/tmp/tmpdq4ld987']
[2024-11-08T18:11:37.022+0300] {standard_task_runner.py:72} INFO - Started process 154 to run task
[2024-11-08T18:11:37.023+0300] {standard_task_runner.py:105} INFO - Job 219: Subtask convert_to_btc
[2024-11-08T18:11:37.073+0300] {task_command.py:467} INFO - Running <TaskInstance: fraud_transaction_analysis2.convert_to_btc scheduled__2024-11-06T00:00:00+00:00 [running]> on host 1168f67a661e
[2024-11-08T18:11:37.178+0300] {taskinstance.py:3131} INFO - Exporting env vars: AIRFLOW_CTX_DAG_OWNER='***' AIRFLOW_CTX_DAG_ID='fraud_transaction_analysis2' AIRFLOW_CTX_TASK_ID='convert_to_btc' AIRFLOW_CTX_EXECUTION_DATE='2024-11-06T00:00:00+00:00' AIRFLOW_CTX_TRY_NUMBER='1' AIRFLOW_CTX_DAG_RUN_ID='scheduled__2024-11-06T00:00:00+00:00'
[2024-11-08T18:11:37.180+0300] {logging_mixin.py:190} INFO - Task instance is in running state
[2024-11-08T18:11:37.181+0300] {logging_mixin.py:190} INFO -  Previous state of the Task instance: queued
[2024-11-08T18:11:37.181+0300] {logging_mixin.py:190} INFO - Current task name:convert_to_btc state:running start_date:2024-11-08 15:11:36.987581+00:00
[2024-11-08T18:11:37.182+0300] {logging_mixin.py:190} INFO - Dag name:fraud_transaction_analysis2 and current dag run status:running
[2024-11-08T18:11:37.182+0300] {taskinstance.py:731} INFO - ::endgroup::
[2024-11-08T18:11:37.183+0300] {python.py:240} INFO - Done. Returned value was: 0.7919711492753522
[2024-11-08T18:11:37.209+0300] {taskinstance.py:340} INFO - ::group::Post task execution logs
[2024-11-08T18:11:37.210+0300] {taskinstance.py:352} INFO - Marking task as SUCCESS. dag_id=fraud_transaction_analysis2, task_id=convert_to_btc, run_id=scheduled__2024-11-06T00:00:00+00:00, execution_date=20241106T000000, start_date=20241108T151136, end_date=20241108T151137
[2024-11-08T18:11:37.222+0300] {logging_mixin.py:190} INFO - Task instance in success state
[2024-11-08T18:11:37.223+0300] {logging_mixin.py:190} INFO -  Previous state of the Task instance: running
[2024-11-08T18:11:37.223+0300] {logging_mixin.py:190} INFO - Dag name:fraud_transaction_analysis2 queued_at:2024-11-08 15:11:17.720523+00:00
[2024-11-08T18:11:37.224+0300] {logging_mixin.py:190} INFO - Task hostname:1168f67a661e operator:PythonOperator
[2024-11-08T18:11:37.239+0300] {local_task_job_runner.py:266} INFO - Task exited with return code 0
[2024-11-08T18:11:37.248+0300] {warnings.py:112} WARNING - /home/***/.local/lib/python3.12/site-packages/***/models/baseoperator.py:1378: AirflowProviderDeprecationWarning: Call to deprecated class PostgresOperator. (Please use `***.providers.common.sql.operators.sql.SQLExecuteQueryOperator`.Also, you can provide `hook_params={'schema': <database>}`.)
  result = cls.__new__(cls)

[2024-11-08T18:11:37.267+0300] {taskinstance.py:3900} INFO - 1 downstream tasks scheduled from follow-on schedule check
[2024-11-08T18:11:37.271+0300] {local_task_job_runner.py:245} INFO - ::endgroup::
