[2024-11-05T21:00:10.091+0000] {local_task_job_runner.py:123} INFO - ::group::Pre task execution logs
[2024-11-05T21:00:10.112+0000] {taskinstance.py:2612} INFO - Dependencies all met for dep_context=non-requeueable deps ti=<TaskInstance: fraud_transaction_analysis2.get_bitcoin_price scheduled__2024-11-04T21:00:00+00:00 [queued]>
[2024-11-05T21:00:10.121+0000] {taskinstance.py:2612} INFO - Dependencies all met for dep_context=requeueable deps ti=<TaskInstance: fraud_transaction_analysis2.get_bitcoin_price scheduled__2024-11-04T21:00:00+00:00 [queued]>
[2024-11-05T21:00:10.122+0000] {taskinstance.py:2865} INFO - Starting attempt 1 of 1
[2024-11-05T21:00:10.139+0000] {taskinstance.py:2888} INFO - Executing <Task(HttpOperator): get_bitcoin_price> on 2024-11-04 21:00:00+00:00
[2024-11-05T21:00:10.149+0000] {warnings.py:112} WARNING - /home/***/.local/lib/python3.12/site-packages/***/task/task_runner/standard_task_runner.py:70: DeprecationWarning: This process (pid=184) is multi-threaded, use of fork() may lead to deadlocks in the child.
  pid = os.fork()

[2024-11-05T21:00:10.151+0000] {standard_task_runner.py:72} INFO - Started process 188 to run task
[2024-11-05T21:00:10.152+0000] {standard_task_runner.py:104} INFO - Running: ['***', 'tasks', 'run', 'fraud_transaction_analysis2', 'get_bitcoin_price', 'scheduled__2024-11-04T21:00:00+00:00', '--job-id', '138', '--raw', '--subdir', 'DAGS_FOLDER/fraud_transaction_analysis2-dag.py', '--cfg-path', '/tmp/tmptysrbqko']
[2024-11-05T21:00:10.153+0000] {standard_task_runner.py:105} INFO - Job 138: Subtask get_bitcoin_price
[2024-11-05T21:00:10.227+0000] {task_command.py:467} INFO - Running <TaskInstance: fraud_transaction_analysis2.get_bitcoin_price scheduled__2024-11-04T21:00:00+00:00 [running]> on host fe1d23aa9a61
[2024-11-05T21:00:10.376+0000] {taskinstance.py:3131} INFO - Exporting env vars: AIRFLOW_CTX_DAG_OWNER='***' AIRFLOW_CTX_DAG_ID='fraud_transaction_analysis2' AIRFLOW_CTX_TASK_ID='get_bitcoin_price' AIRFLOW_CTX_EXECUTION_DATE='2024-11-04T21:00:00+00:00' AIRFLOW_CTX_TRY_NUMBER='1' AIRFLOW_CTX_DAG_RUN_ID='scheduled__2024-11-04T21:00:00+00:00'
[2024-11-05T21:00:10.383+0000] {logging_mixin.py:190} INFO - Task instance is in running state
[2024-11-05T21:00:10.388+0000] {logging_mixin.py:190} INFO -  Previous state of the Task instance: queued
[2024-11-05T21:00:10.389+0000] {logging_mixin.py:190} INFO - Current task name:get_bitcoin_price state:running start_date:2024-11-05 21:00:10.113925+00:00
[2024-11-05T21:00:10.389+0000] {logging_mixin.py:190} INFO - Dag name:fraud_transaction_analysis2 and current dag run status:running
[2024-11-05T21:00:10.400+0000] {taskinstance.py:731} INFO - ::endgroup::
[2024-11-05T21:00:10.402+0000] {http.py:173} INFO - Calling HTTP method
[2024-11-05T21:00:10.431+0000] {base.py:84} INFO - Retrieving connection 'coindesk_api'
[2024-11-05T21:00:10.448+0000] {base.py:84} INFO - Retrieving connection 'coindesk_api'
[2024-11-05T21:00:10.567+0000] {http.py:222} INFO - {"time":{"updated":"Nov 5, 2024 20:59:47 UTC","updatedISO":"2024-11-05T20:59:47+00:00","updateduk":"Nov 5, 2024 at 20:59 GMT"},"disclaimer":"This data was produced from the CoinDesk Bitcoin Price Index (USD). Non-USD currency data converted using hourly conversion rate from openexchangerates.org","chartName":"Bitcoin","bpi":{"USD":{"code":"USD","symbol":"&#36;","rate":"69,537.734","description":"United States Dollar","rate_float":69537.7335},"GBP":{"code":"GBP","symbol":"&pound;","rate":"53,405.327","description":"British Pound Sterling","rate_float":53405.327},"EUR":{"code":"EUR","symbol":"&euro;","rate":"63,614.648","description":"Euro","rate_float":63614.6484}}}
[2024-11-05T21:00:10.599+0000] {taskinstance.py:340} INFO - ::group::Post task execution logs
[2024-11-05T21:00:10.600+0000] {taskinstance.py:352} INFO - Marking task as SUCCESS. dag_id=fraud_transaction_analysis2, task_id=get_bitcoin_price, run_id=scheduled__2024-11-04T21:00:00+00:00, execution_date=20241104T210000, start_date=20241105T210010, end_date=20241105T210010
[2024-11-05T21:00:10.613+0000] {logging_mixin.py:190} INFO - Task instance in success state
[2024-11-05T21:00:10.614+0000] {logging_mixin.py:190} INFO -  Previous state of the Task instance: running
[2024-11-05T21:00:10.615+0000] {logging_mixin.py:190} INFO - Dag name:fraud_transaction_analysis2 queued_at:2024-11-05 21:00:01.112250+00:00
[2024-11-05T21:00:10.616+0000] {logging_mixin.py:190} INFO - Task hostname:fe1d23aa9a61 operator:HttpOperator
[2024-11-05T21:00:10.649+0000] {local_task_job_runner.py:266} INFO - Task exited with return code 0
[2024-11-05T21:00:10.660+0000] {warnings.py:112} WARNING - /home/***/.local/lib/python3.12/site-packages/***/models/baseoperator.py:1378: AirflowProviderDeprecationWarning: Call to deprecated class PostgresOperator. (Please use `***.providers.common.sql.operators.sql.SQLExecuteQueryOperator`.Also, you can provide `hook_params={'schema': <database>}`.)
  result = cls.__new__(cls)

[2024-11-05T21:00:10.685+0000] {taskinstance.py:3900} INFO - 1 downstream tasks scheduled from follow-on schedule check
[2024-11-05T21:00:10.687+0000] {local_task_job_runner.py:245} INFO - ::endgroup::
