[2024-11-22T19:18:53.482+0300] {local_task_job_runner.py:123} INFO - ::group::Pre task execution logs
[2024-11-22T19:18:53.500+0300] {taskinstance.py:2612} INFO - Dependencies all met for dep_context=non-requeueable deps ti=<TaskInstance: fraud_transaction_analysis2.send_telegram_message scheduled__2024-11-18T00:00:00+00:00 [queued]>
[2024-11-22T19:18:53.513+0300] {taskinstance.py:2612} INFO - Dependencies all met for dep_context=requeueable deps ti=<TaskInstance: fraud_transaction_analysis2.send_telegram_message scheduled__2024-11-18T00:00:00+00:00 [queued]>
[2024-11-22T19:18:53.514+0300] {taskinstance.py:2865} INFO - Starting attempt 1 of 1
[2024-11-22T19:18:53.531+0300] {taskinstance.py:2888} INFO - Executing <Task(TelegramOperator): send_telegram_message> on 2024-11-18 00:00:00+00:00
[2024-11-22T19:18:53.540+0300] {warnings.py:112} WARNING - /home/***/.local/lib/python3.12/site-packages/***/task/task_runner/standard_task_runner.py:70: DeprecationWarning: This process (pid=102) is multi-threaded, use of fork() may lead to deadlocks in the child.
  pid = os.fork()

[2024-11-22T19:18:53.543+0300] {standard_task_runner.py:72} INFO - Started process 109 to run task
[2024-11-22T19:18:53.543+0300] {standard_task_runner.py:104} INFO - Running: ['***', 'tasks', 'run', 'fraud_transaction_analysis2', 'send_telegram_message', 'scheduled__2024-11-18T00:00:00+00:00', '--job-id', '293', '--raw', '--subdir', 'DAGS_FOLDER/fraud_transaction_analysis2-dag.py', '--cfg-path', '/tmp/tmpa59n7yva']
[2024-11-22T19:18:53.545+0300] {standard_task_runner.py:105} INFO - Job 293: Subtask send_telegram_message
[2024-11-22T19:18:53.605+0300] {task_command.py:467} INFO - Running <TaskInstance: fraud_transaction_analysis2.send_telegram_message scheduled__2024-11-18T00:00:00+00:00 [running]> on host 402a1e22aa57
[2024-11-22T19:18:53.727+0300] {taskinstance.py:3131} INFO - Exporting env vars: AIRFLOW_CTX_DAG_OWNER='***' AIRFLOW_CTX_DAG_ID='fraud_transaction_analysis2' AIRFLOW_CTX_TASK_ID='send_telegram_message' AIRFLOW_CTX_EXECUTION_DATE='2024-11-18T00:00:00+00:00' AIRFLOW_CTX_TRY_NUMBER='1' AIRFLOW_CTX_DAG_RUN_ID='scheduled__2024-11-18T00:00:00+00:00'
[2024-11-22T19:18:53.729+0300] {logging_mixin.py:190} INFO - Task instance is in running state
[2024-11-22T19:18:53.730+0300] {logging_mixin.py:190} INFO -  Previous state of the Task instance: queued
[2024-11-22T19:18:53.730+0300] {logging_mixin.py:190} INFO - Current task name:send_telegram_message state:running start_date:2024-11-22 16:18:53.501276+00:00
[2024-11-22T19:18:53.731+0300] {logging_mixin.py:190} INFO - Dag name:fraud_transaction_analysis2 and current dag run status:running
[2024-11-22T19:18:53.732+0300] {taskinstance.py:731} INFO - ::endgroup::
[2024-11-22T19:18:53.742+0300] {base.py:84} INFO - Retrieving connection 'telegram_default'
[2024-11-22T19:18:54.231+0300] {_client.py:1773} INFO - HTTP Request: POST https://api.telegram.org/bot7891446819:AAEGULObbcnCnd-J60AxChFllx8pM5Qbp5A/sendMessage "HTTP/1.1 200 OK"
[2024-11-22T19:18:54.261+0300] {taskinstance.py:340} INFO - ::group::Post task execution logs
[2024-11-22T19:18:54.263+0300] {taskinstance.py:352} INFO - Marking task as SUCCESS. dag_id=fraud_transaction_analysis2, task_id=send_telegram_message, run_id=scheduled__2024-11-18T00:00:00+00:00, execution_date=20241118T000000, start_date=20241122T161853, end_date=20241122T161854
[2024-11-22T19:18:54.281+0300] {logging_mixin.py:190} INFO - Task instance in success state
[2024-11-22T19:18:54.282+0300] {logging_mixin.py:190} INFO -  Previous state of the Task instance: running
[2024-11-22T19:18:54.283+0300] {logging_mixin.py:190} INFO - Dag name:fraud_transaction_analysis2 queued_at:2024-11-22 16:18:36.929397+00:00
[2024-11-22T19:18:54.284+0300] {logging_mixin.py:190} INFO - Task hostname:402a1e22aa57 operator:TelegramOperator
[2024-11-22T19:18:54.323+0300] {local_task_job_runner.py:266} INFO - Task exited with return code 0
[2024-11-22T19:18:54.342+0300] {taskinstance.py:3900} INFO - 0 downstream tasks scheduled from follow-on schedule check
[2024-11-22T19:18:54.345+0300] {local_task_job_runner.py:245} INFO - ::endgroup::
