[2024-11-05T12:00:02.337+0000] {local_task_job_runner.py:123} INFO - ::group::Pre task execution logs
[2024-11-05T12:00:02.351+0000] {taskinstance.py:2612} INFO - Dependencies all met for dep_context=non-requeueable deps ti=<TaskInstance: telegram_text_dag.send_currency_rate scheduled__2024-11-05T00:00:00+00:00 [queued]>
[2024-11-05T12:00:02.360+0000] {taskinstance.py:2612} INFO - Dependencies all met for dep_context=requeueable deps ti=<TaskInstance: telegram_text_dag.send_currency_rate scheduled__2024-11-05T00:00:00+00:00 [queued]>
[2024-11-05T12:00:02.361+0000] {taskinstance.py:2865} INFO - Starting attempt 1 of 2
[2024-11-05T12:00:02.373+0000] {taskinstance.py:2888} INFO - Executing <Task(PythonOperator): send_currency_rate> on 2024-11-05 00:00:00+00:00
[2024-11-05T12:00:02.380+0000] {standard_task_runner.py:104} INFO - Running: ['***', 'tasks', 'run', 'telegram_text_dag', 'send_currency_rate', 'scheduled__2024-11-05T00:00:00+00:00', '--job-id', '73', '--raw', '--subdir', 'DAGS_FOLDER/__pycache__/textMessageTG-dag.py', '--cfg-path', '/tmp/tmpnv7siw3_']
[2024-11-05T12:00:02.379+0000] {warnings.py:112} WARNING - /home/***/.local/lib/python3.12/site-packages/***/task/task_runner/standard_task_runner.py:70: DeprecationWarning: This process (pid=480) is multi-threaded, use of fork() may lead to deadlocks in the child.
  pid = os.fork()

[2024-11-05T12:00:02.381+0000] {standard_task_runner.py:105} INFO - Job 73: Subtask send_currency_rate
[2024-11-05T12:00:02.382+0000] {standard_task_runner.py:72} INFO - Started process 484 to run task
[2024-11-05T12:00:02.427+0000] {task_command.py:467} INFO - Running <TaskInstance: telegram_text_dag.send_currency_rate scheduled__2024-11-05T00:00:00+00:00 [running]> on host 1488fd0dc185
[2024-11-05T12:00:02.498+0000] {taskinstance.py:3131} INFO - Exporting env vars: AIRFLOW_CTX_DAG_OWNER='***' AIRFLOW_CTX_DAG_ID='telegram_text_dag' AIRFLOW_CTX_TASK_ID='send_currency_rate' AIRFLOW_CTX_EXECUTION_DATE='2024-11-05T00:00:00+00:00' AIRFLOW_CTX_TRY_NUMBER='1' AIRFLOW_CTX_DAG_RUN_ID='scheduled__2024-11-05T00:00:00+00:00'
[2024-11-05T12:00:02.500+0000] {logging_mixin.py:190} INFO - Task instance is in running state
[2024-11-05T12:00:02.500+0000] {logging_mixin.py:190} INFO -  Previous state of the Task instance: queued
[2024-11-05T12:00:02.501+0000] {logging_mixin.py:190} INFO - Current task name:send_currency_rate state:running start_date:2024-11-05 12:00:02.352117+00:00
[2024-11-05T12:00:02.501+0000] {logging_mixin.py:190} INFO - Dag name:telegram_text_dag and current dag run status:running
[2024-11-05T12:00:02.501+0000] {taskinstance.py:731} INFO - ::endgroup::
[2024-11-05T12:00:02.766+0000] {python.py:240} INFO - Done. Returned value was: None
[2024-11-05T12:00:02.780+0000] {taskinstance.py:340} INFO - ::group::Post task execution logs
[2024-11-05T12:00:02.781+0000] {taskinstance.py:352} INFO - Marking task as SUCCESS. dag_id=telegram_text_dag, task_id=send_currency_rate, run_id=scheduled__2024-11-05T00:00:00+00:00, execution_date=20241105T000000, start_date=20241105T120002, end_date=20241105T120002
[2024-11-05T12:00:02.794+0000] {logging_mixin.py:190} INFO - Task instance in success state
[2024-11-05T12:00:02.795+0000] {logging_mixin.py:190} INFO -  Previous state of the Task instance: running
[2024-11-05T12:00:02.796+0000] {logging_mixin.py:190} INFO - Dag name:telegram_text_dag queued_at:2024-11-05 12:00:00.253753+00:00
[2024-11-05T12:00:02.796+0000] {logging_mixin.py:190} INFO - Task hostname:1488fd0dc185 operator:PythonOperator
[2024-11-05T12:00:02.840+0000] {local_task_job_runner.py:266} INFO - Task exited with return code 0
[2024-11-05T12:00:02.881+0000] {taskinstance.py:3900} INFO - 0 downstream tasks scheduled from follow-on schedule check
[2024-11-05T12:00:02.885+0000] {local_task_job_runner.py:245} INFO - ::endgroup::
