[2024-11-06T17:54:38.269+0300] {local_task_job_runner.py:123} INFO - ::group::Pre task execution logs
[2024-11-06T17:54:38.284+0300] {taskinstance.py:2612} INFO - Dependencies all met for dep_context=non-requeueable deps ti=<TaskInstance: fraud_transaction_analysis2.get_bitcoin_price scheduled__2024-11-05T00:00:00+00:00 [queued]>
[2024-11-06T17:54:38.295+0300] {taskinstance.py:2612} INFO - Dependencies all met for dep_context=requeueable deps ti=<TaskInstance: fraud_transaction_analysis2.get_bitcoin_price scheduled__2024-11-05T00:00:00+00:00 [queued]>
[2024-11-06T17:54:38.296+0300] {taskinstance.py:2865} INFO - Starting attempt 1 of 1
[2024-11-06T17:54:38.313+0300] {taskinstance.py:2888} INFO - Executing <Task(HttpOperator): get_bitcoin_price> on 2024-11-05 00:00:00+00:00
[2024-11-06T17:54:38.323+0300] {warnings.py:112} WARNING - /home/***/.local/lib/python3.12/site-packages/***/task/task_runner/standard_task_runner.py:70: DeprecationWarning: This process (pid=105) is multi-threaded, use of fork() may lead to deadlocks in the child.
  pid = os.fork()

[2024-11-06T17:54:38.325+0300] {standard_task_runner.py:72} INFO - Started process 108 to run task
[2024-11-06T17:54:38.325+0300] {standard_task_runner.py:104} INFO - Running: ['***', 'tasks', 'run', 'fraud_transaction_analysis2', 'get_bitcoin_price', 'scheduled__2024-11-05T00:00:00+00:00', '--job-id', '187', '--raw', '--subdir', 'DAGS_FOLDER/fraud_transaction_analysis2-dag.py', '--cfg-path', '/tmp/tmp2nw7ny00']
[2024-11-06T17:54:38.327+0300] {standard_task_runner.py:105} INFO - Job 187: Subtask get_bitcoin_price
[2024-11-06T17:54:38.381+0300] {task_command.py:467} INFO - Running <TaskInstance: fraud_transaction_analysis2.get_bitcoin_price scheduled__2024-11-05T00:00:00+00:00 [running]> on host 1168f67a661e
[2024-11-06T17:54:38.463+0300] {taskinstance.py:3131} INFO - Exporting env vars: AIRFLOW_CTX_DAG_OWNER='***' AIRFLOW_CTX_DAG_ID='fraud_transaction_analysis2' AIRFLOW_CTX_TASK_ID='get_bitcoin_price' AIRFLOW_CTX_EXECUTION_DATE='2024-11-05T00:00:00+00:00' AIRFLOW_CTX_TRY_NUMBER='1' AIRFLOW_CTX_DAG_RUN_ID='scheduled__2024-11-05T00:00:00+00:00'
[2024-11-06T17:54:38.466+0300] {logging_mixin.py:190} INFO - Task instance is in running state
[2024-11-06T17:54:38.466+0300] {logging_mixin.py:190} INFO -  Previous state of the Task instance: queued
[2024-11-06T17:54:38.467+0300] {logging_mixin.py:190} INFO - Current task name:get_bitcoin_price state:running start_date:2024-11-06 14:54:38.285226+00:00
[2024-11-06T17:54:38.468+0300] {logging_mixin.py:190} INFO - Dag name:fraud_transaction_analysis2 and current dag run status:running
[2024-11-06T17:54:38.468+0300] {taskinstance.py:731} INFO - ::endgroup::
[2024-11-06T17:54:38.469+0300] {http.py:173} INFO - Calling HTTP method
[2024-11-06T17:54:38.477+0300] {base.py:84} INFO - Retrieving connection 'coindesk_api'
[2024-11-06T17:54:38.486+0300] {base.py:84} INFO - Retrieving connection 'coindesk_api'
[2024-11-06T17:54:38.861+0300] {http.py:222} INFO - {"time":{"updated":"Nov 6, 2024 14:54:20 UTC","updatedISO":"2024-11-06T14:54:20+00:00","updateduk":"Nov 6, 2024 at 14:54 GMT"},"disclaimer":"This data was produced from the CoinDesk Bitcoin Price Index (USD). Non-USD currency data converted using hourly conversion rate from openexchangerates.org","chartName":"Bitcoin","bpi":{"USD":{"code":"USD","symbol":"&#36;","rate":"73,865.174","description":"United States Dollar","rate_float":73865.174},"GBP":{"code":"GBP","symbol":"&pound;","rate":"57,419.684","description":"British Pound Sterling","rate_float":57419.684},"EUR":{"code":"EUR","symbol":"&euro;","rate":"68,973.822","description":"Euro","rate_float":68973.8222}}}
[2024-11-06T17:54:38.905+0300] {taskinstance.py:340} INFO - ::group::Post task execution logs
[2024-11-06T17:54:38.906+0300] {taskinstance.py:352} INFO - Marking task as SUCCESS. dag_id=fraud_transaction_analysis2, task_id=get_bitcoin_price, run_id=scheduled__2024-11-05T00:00:00+00:00, execution_date=20241105T000000, start_date=20241106T145438, end_date=20241106T145438
[2024-11-06T17:54:38.915+0300] {logging_mixin.py:190} INFO - Task instance in success state
[2024-11-06T17:54:38.916+0300] {logging_mixin.py:190} INFO -  Previous state of the Task instance: running
[2024-11-06T17:54:38.917+0300] {logging_mixin.py:190} INFO - Dag name:fraud_transaction_analysis2 queued_at:2024-11-06 14:54:26.713346+00:00
[2024-11-06T17:54:38.919+0300] {logging_mixin.py:190} INFO - Task hostname:1168f67a661e operator:HttpOperator
[2024-11-06T17:54:38.944+0300] {local_task_job_runner.py:266} INFO - Task exited with return code 0
[2024-11-06T17:54:38.956+0300] {warnings.py:112} WARNING - /home/***/.local/lib/python3.12/site-packages/***/models/baseoperator.py:1378: AirflowProviderDeprecationWarning: Call to deprecated class PostgresOperator. (Please use `***.providers.common.sql.operators.sql.SQLExecuteQueryOperator`.Also, you can provide `hook_params={'schema': <database>}`.)
  result = cls.__new__(cls)

[2024-11-06T17:54:38.978+0300] {taskinstance.py:3900} INFO - 1 downstream tasks scheduled from follow-on schedule check
[2024-11-06T17:54:38.981+0300] {local_task_job_runner.py:245} INFO - ::endgroup::
