[2024-11-05T20:48:35.338+0000] {local_task_job_runner.py:123} INFO - ::group::Pre task execution logs
[2024-11-05T20:48:35.352+0000] {taskinstance.py:2612} INFO - Dependencies all met for dep_context=non-requeueable deps ti=<TaskInstance: fraud_transaction_analysis2.send_telegram_message manual__2024-11-05T20:48:17.949134+00:00 [queued]>
[2024-11-05T20:48:35.359+0000] {taskinstance.py:2612} INFO - Dependencies all met for dep_context=requeueable deps ti=<TaskInstance: fraud_transaction_analysis2.send_telegram_message manual__2024-11-05T20:48:17.949134+00:00 [queued]>
[2024-11-05T20:48:35.360+0000] {taskinstance.py:2865} INFO - Starting attempt 1 of 1
[2024-11-05T20:48:35.372+0000] {taskinstance.py:2888} INFO - Executing <Task(TelegramOperator): send_telegram_message> on 2024-11-05 20:48:17.949134+00:00
[2024-11-05T20:48:35.377+0000] {warnings.py:112} WARNING - /home/***/.local/lib/python3.12/site-packages/***/task/task_runner/standard_task_runner.py:70: DeprecationWarning: This process (pid=94) is multi-threaded, use of fork() may lead to deadlocks in the child.
  pid = os.fork()

[2024-11-05T20:48:35.378+0000] {standard_task_runner.py:72} INFO - Started process 96 to run task
[2024-11-05T20:48:35.379+0000] {standard_task_runner.py:104} INFO - Running: ['***', 'tasks', 'run', 'fraud_transaction_analysis2', 'send_telegram_message', 'manual__2024-11-05T20:48:17.949134+00:00', '--job-id', '124', '--raw', '--subdir', 'DAGS_FOLDER/fraud_transaction_analysis2-dag.py', '--cfg-path', '/tmp/tmp43821aw_']
[2024-11-05T20:48:35.380+0000] {standard_task_runner.py:105} INFO - Job 124: Subtask send_telegram_message
[2024-11-05T20:48:35.418+0000] {task_command.py:467} INFO - Running <TaskInstance: fraud_transaction_analysis2.send_telegram_message manual__2024-11-05T20:48:17.949134+00:00 [running]> on host 21d07c241839
[2024-11-05T20:48:35.486+0000] {taskinstance.py:3131} INFO - Exporting env vars: AIRFLOW_CTX_DAG_OWNER='***' AIRFLOW_CTX_DAG_ID='fraud_transaction_analysis2' AIRFLOW_CTX_TASK_ID='send_telegram_message' AIRFLOW_CTX_EXECUTION_DATE='2024-11-05T20:48:17.949134+00:00' AIRFLOW_CTX_TRY_NUMBER='1' AIRFLOW_CTX_DAG_RUN_ID='manual__2024-11-05T20:48:17.949134+00:00'
[2024-11-05T20:48:35.488+0000] {logging_mixin.py:190} INFO - Task instance is in running state
[2024-11-05T20:48:35.489+0000] {logging_mixin.py:190} INFO -  Previous state of the Task instance: queued
[2024-11-05T20:48:35.489+0000] {logging_mixin.py:190} INFO - Current task name:send_telegram_message state:running start_date:2024-11-05 20:48:35.353274+00:00
[2024-11-05T20:48:35.490+0000] {logging_mixin.py:190} INFO - Dag name:fraud_transaction_analysis2 and current dag run status:running
[2024-11-05T20:48:35.491+0000] {taskinstance.py:731} INFO - ::endgroup::
[2024-11-05T20:48:35.499+0000] {base.py:84} INFO - Retrieving connection 'telegram_default'
[2024-11-05T20:48:35.848+0000] {_client.py:1773} INFO - HTTP Request: POST https://api.telegram.org/bot7891446819:AAEGULObbcnCnd-J60AxChFllx8pM5Qbp5A/sendMessage "HTTP/1.1 200 OK"
[2024-11-05T20:48:35.860+0000] {taskinstance.py:340} INFO - ::group::Post task execution logs
[2024-11-05T20:48:35.861+0000] {taskinstance.py:352} INFO - Marking task as SUCCESS. dag_id=fraud_transaction_analysis2, task_id=send_telegram_message, run_id=manual__2024-11-05T20:48:17.949134+00:00, execution_date=20241105T204817, start_date=20241105T204835, end_date=20241105T204835
[2024-11-05T20:48:35.871+0000] {logging_mixin.py:190} INFO - Task instance in success state
[2024-11-05T20:48:35.872+0000] {logging_mixin.py:190} INFO -  Previous state of the Task instance: running
[2024-11-05T20:48:35.872+0000] {logging_mixin.py:190} INFO - Dag name:fraud_transaction_analysis2 queued_at:2024-11-05 20:48:18.315978+00:00
[2024-11-05T20:48:35.872+0000] {logging_mixin.py:190} INFO - Task hostname:21d07c241839 operator:TelegramOperator
[2024-11-05T20:48:35.916+0000] {local_task_job_runner.py:266} INFO - Task exited with return code 0
[2024-11-05T20:48:35.932+0000] {taskinstance.py:3900} INFO - 0 downstream tasks scheduled from follow-on schedule check
[2024-11-05T20:48:35.935+0000] {local_task_job_runner.py:245} INFO - ::endgroup::
