[2024-11-05T20:48:20.918+0000] {local_task_job_runner.py:123} INFO - ::group::Pre task execution logs
[2024-11-05T20:48:20.948+0000] {taskinstance.py:2612} INFO - Dependencies all met for dep_context=non-requeueable deps ti=<TaskInstance: fraud_transaction_analysis2.process_data manual__2024-11-05T20:48:17.949134+00:00 [queued]>
[2024-11-05T20:48:20.958+0000] {taskinstance.py:2612} INFO - Dependencies all met for dep_context=requeueable deps ti=<TaskInstance: fraud_transaction_analysis2.process_data manual__2024-11-05T20:48:17.949134+00:00 [queued]>
[2024-11-05T20:48:20.959+0000] {taskinstance.py:2865} INFO - Starting attempt 1 of 1
[2024-11-05T20:48:20.974+0000] {taskinstance.py:2888} INFO - Executing <Task(PythonOperator): process_data> on 2024-11-05 20:48:17.949134+00:00
[2024-11-05T20:48:20.983+0000] {warnings.py:112} WARNING - /home/***/.local/lib/python3.12/site-packages/***/task/task_runner/standard_task_runner.py:70: DeprecationWarning: This process (pid=74) is multi-threaded, use of fork() may lead to deadlocks in the child.
  pid = os.fork()

[2024-11-05T20:48:20.989+0000] {standard_task_runner.py:72} INFO - Started process 76 to run task
[2024-11-05T20:48:20.990+0000] {standard_task_runner.py:104} INFO - Running: ['***', 'tasks', 'run', 'fraud_transaction_analysis2', 'process_data', 'manual__2024-11-05T20:48:17.949134+00:00', '--job-id', '119', '--raw', '--subdir', 'DAGS_FOLDER/fraud_transaction_analysis2-dag.py', '--cfg-path', '/tmp/tmpzqjvxyo4']
[2024-11-05T20:48:20.993+0000] {standard_task_runner.py:105} INFO - Job 119: Subtask process_data
[2024-11-05T20:48:21.116+0000] {task_command.py:467} INFO - Running <TaskInstance: fraud_transaction_analysis2.process_data manual__2024-11-05T20:48:17.949134+00:00 [running]> on host 21d07c241839
[2024-11-05T20:48:21.225+0000] {taskinstance.py:3131} INFO - Exporting env vars: AIRFLOW_CTX_DAG_OWNER='***' AIRFLOW_CTX_DAG_ID='fraud_transaction_analysis2' AIRFLOW_CTX_TASK_ID='process_data' AIRFLOW_CTX_EXECUTION_DATE='2024-11-05T20:48:17.949134+00:00' AIRFLOW_CTX_TRY_NUMBER='1' AIRFLOW_CTX_DAG_RUN_ID='manual__2024-11-05T20:48:17.949134+00:00'
[2024-11-05T20:48:21.226+0000] {logging_mixin.py:190} INFO - Task instance is in running state
[2024-11-05T20:48:21.228+0000] {logging_mixin.py:190} INFO -  Previous state of the Task instance: queued
[2024-11-05T20:48:21.228+0000] {logging_mixin.py:190} INFO - Current task name:process_data state:running start_date:2024-11-05 20:48:20.949762+00:00
[2024-11-05T20:48:21.229+0000] {logging_mixin.py:190} INFO - Dag name:fraud_transaction_analysis2 and current dag run status:running
[2024-11-05T20:48:21.230+0000] {taskinstance.py:731} INFO - ::endgroup::
[2024-11-05T20:48:25.712+0000] {python.py:240} INFO - Done. Returned value was: (492, 60127.97)
[2024-11-05T20:48:25.755+0000] {taskinstance.py:340} INFO - ::group::Post task execution logs
[2024-11-05T20:48:25.758+0000] {taskinstance.py:352} INFO - Marking task as SUCCESS. dag_id=fraud_transaction_analysis2, task_id=process_data, run_id=manual__2024-11-05T20:48:17.949134+00:00, execution_date=20241105T204817, start_date=20241105T204820, end_date=20241105T204825
[2024-11-05T20:48:25.778+0000] {logging_mixin.py:190} INFO - Task instance in success state
[2024-11-05T20:48:25.779+0000] {logging_mixin.py:190} INFO -  Previous state of the Task instance: running
[2024-11-05T20:48:25.780+0000] {logging_mixin.py:190} INFO - Dag name:fraud_transaction_analysis2 queued_at:2024-11-05 20:48:18.315978+00:00
[2024-11-05T20:48:25.781+0000] {logging_mixin.py:190} INFO - Task hostname:21d07c241839 operator:PythonOperator
[2024-11-05T20:48:25.800+0000] {local_task_job_runner.py:266} INFO - Task exited with return code 0
[2024-11-05T20:48:25.824+0000] {warnings.py:112} WARNING - /home/***/.local/lib/python3.12/site-packages/***/models/baseoperator.py:1378: AirflowProviderDeprecationWarning: Call to deprecated class PostgresOperator. (Please use `***.providers.common.sql.operators.sql.SQLExecuteQueryOperator`.Also, you can provide `hook_params={'schema': <database>}`.)
  result = cls.__new__(cls)

[2024-11-05T20:48:25.847+0000] {taskinstance.py:3900} INFO - 1 downstream tasks scheduled from follow-on schedule check
[2024-11-05T20:48:25.850+0000] {local_task_job_runner.py:245} INFO - ::endgroup::
