[2024-11-05T20:56:01.601+0000] {local_task_job_runner.py:123} INFO - ::group::Pre task execution logs
[2024-11-05T20:56:01.628+0000] {taskinstance.py:2612} INFO - Dependencies all met for dep_context=non-requeueable deps ti=<TaskInstance: fraud_transaction_analysis2.create_telegram_message manual__2024-11-05T20:55:47.976780+00:00 [queued]>
[2024-11-05T20:56:01.643+0000] {taskinstance.py:2612} INFO - Dependencies all met for dep_context=requeueable deps ti=<TaskInstance: fraud_transaction_analysis2.create_telegram_message manual__2024-11-05T20:55:47.976780+00:00 [queued]>
[2024-11-05T20:56:01.645+0000] {taskinstance.py:2865} INFO - Starting attempt 1 of 1
[2024-11-05T20:56:01.664+0000] {taskinstance.py:2888} INFO - Executing <Task(PythonOperator): create_telegram_message> on 2024-11-05 20:55:47.976780+00:00
[2024-11-05T20:56:01.677+0000] {warnings.py:112} WARNING - /home/***/.local/lib/python3.12/site-packages/***/task/task_runner/standard_task_runner.py:70: DeprecationWarning: This process (pid=94) is multi-threaded, use of fork() may lead to deadlocks in the child.
  pid = os.fork()

[2024-11-05T20:56:01.679+0000] {standard_task_runner.py:72} INFO - Started process 96 to run task
[2024-11-05T20:56:01.679+0000] {standard_task_runner.py:104} INFO - Running: ['***', 'tasks', 'run', 'fraud_transaction_analysis2', 'create_telegram_message', 'manual__2024-11-05T20:55:47.976780+00:00', '--job-id', '130', '--raw', '--subdir', 'DAGS_FOLDER/fraud_transaction_analysis2-dag.py', '--cfg-path', '/tmp/tmp_2x6qz9m']
[2024-11-05T20:56:01.680+0000] {standard_task_runner.py:105} INFO - Job 130: Subtask create_telegram_message
[2024-11-05T20:56:01.757+0000] {task_command.py:467} INFO - Running <TaskInstance: fraud_transaction_analysis2.create_telegram_message manual__2024-11-05T20:55:47.976780+00:00 [running]> on host fe1d23aa9a61
[2024-11-05T20:56:01.901+0000] {taskinstance.py:3131} INFO - Exporting env vars: AIRFLOW_CTX_DAG_OWNER='***' AIRFLOW_CTX_DAG_ID='fraud_transaction_analysis2' AIRFLOW_CTX_TASK_ID='create_telegram_message' AIRFLOW_CTX_EXECUTION_DATE='2024-11-05T20:55:47.976780+00:00' AIRFLOW_CTX_TRY_NUMBER='1' AIRFLOW_CTX_DAG_RUN_ID='manual__2024-11-05T20:55:47.976780+00:00'
[2024-11-05T20:56:01.905+0000] {logging_mixin.py:190} INFO - Task instance is in running state
[2024-11-05T20:56:01.908+0000] {logging_mixin.py:190} INFO -  Previous state of the Task instance: queued
[2024-11-05T20:56:01.910+0000] {logging_mixin.py:190} INFO - Current task name:create_telegram_message state:running start_date:2024-11-05 20:56:01.628996+00:00
[2024-11-05T20:56:01.911+0000] {logging_mixin.py:190} INFO - Dag name:fraud_transaction_analysis2 and current dag run status:running
[2024-11-05T20:56:01.913+0000] {taskinstance.py:731} INFO - ::endgroup::
[2024-11-05T20:56:01.915+0000] {python.py:240} INFO - Done. Returned value was: Количество мошеннических транзакций: 492
Сумма в долларах: 60127.97 USD
Сумма в биткоинах: 0.86476625 BTC
Курс биткоина: 69530.8935 USD
Дата получения курса: 2024-11-05 20:56:01
[2024-11-05T20:56:01.954+0000] {taskinstance.py:340} INFO - ::group::Post task execution logs
[2024-11-05T20:56:01.957+0000] {taskinstance.py:352} INFO - Marking task as SUCCESS. dag_id=fraud_transaction_analysis2, task_id=create_telegram_message, run_id=manual__2024-11-05T20:55:47.976780+00:00, execution_date=20241105T205547, start_date=20241105T205601, end_date=20241105T205601
[2024-11-05T20:56:01.977+0000] {logging_mixin.py:190} INFO - Task instance in success state
[2024-11-05T20:56:01.980+0000] {logging_mixin.py:190} INFO -  Previous state of the Task instance: running
[2024-11-05T20:56:01.981+0000] {logging_mixin.py:190} INFO - Dag name:fraud_transaction_analysis2 queued_at:2024-11-05 20:55:48.005410+00:00
[2024-11-05T20:56:01.982+0000] {logging_mixin.py:190} INFO - Task hostname:fe1d23aa9a61 operator:PythonOperator
[2024-11-05T20:56:02.017+0000] {local_task_job_runner.py:266} INFO - Task exited with return code 0
[2024-11-05T20:56:02.058+0000] {warnings.py:112} WARNING - /home/***/.local/lib/python3.12/site-packages/***/models/baseoperator.py:1378: AirflowProviderDeprecationWarning: Call to deprecated class PostgresOperator. (Please use `***.providers.common.sql.operators.sql.SQLExecuteQueryOperator`.Also, you can provide `hook_params={'schema': <database>}`.)
  result = cls.__new__(cls)

[2024-11-05T20:56:02.086+0000] {taskinstance.py:3900} INFO - 1 downstream tasks scheduled from follow-on schedule check
[2024-11-05T20:56:02.106+0000] {local_task_job_runner.py:245} INFO - ::endgroup::
