[2024-11-05T20:42:02.977+0000] {local_task_job_runner.py:123} INFO - ::group::Pre task execution logs
[2024-11-05T20:42:03.020+0000] {taskinstance.py:2612} INFO - Dependencies all met for dep_context=non-requeueable deps ti=<TaskInstance: fraud_transaction_analysis2.process_data manual__2024-11-05T20:42:00.420484+00:00 [queued]>
[2024-11-05T20:42:03.029+0000] {taskinstance.py:2612} INFO - Dependencies all met for dep_context=requeueable deps ti=<TaskInstance: fraud_transaction_analysis2.process_data manual__2024-11-05T20:42:00.420484+00:00 [queued]>
[2024-11-05T20:42:03.031+0000] {taskinstance.py:2865} INFO - Starting attempt 1 of 1
[2024-11-05T20:42:03.052+0000] {taskinstance.py:2888} INFO - Executing <Task(PythonOperator): process_data> on 2024-11-05 20:42:00.420484+00:00
[2024-11-05T20:42:03.064+0000] {warnings.py:112} WARNING - /home/***/.local/lib/python3.12/site-packages/***/task/task_runner/standard_task_runner.py:70: DeprecationWarning: This process (pid=67) is multi-threaded, use of fork() may lead to deadlocks in the child.
  pid = os.fork()

[2024-11-05T20:42:03.068+0000] {standard_task_runner.py:72} INFO - Started process 69 to run task
[2024-11-05T20:42:03.068+0000] {standard_task_runner.py:104} INFO - Running: ['***', 'tasks', 'run', 'fraud_transaction_analysis2', 'process_data', 'manual__2024-11-05T20:42:00.420484+00:00', '--job-id', '111', '--raw', '--subdir', 'DAGS_FOLDER/fraud_transaction_analysis2-dag.py', '--cfg-path', '/tmp/tmpknt1zcgj']
[2024-11-05T20:42:03.070+0000] {standard_task_runner.py:105} INFO - Job 111: Subtask process_data
[2024-11-05T20:42:03.140+0000] {task_command.py:467} INFO - Running <TaskInstance: fraud_transaction_analysis2.process_data manual__2024-11-05T20:42:00.420484+00:00 [running]> on host 21d07c241839
[2024-11-05T20:42:03.207+0000] {taskinstance.py:3131} INFO - Exporting env vars: AIRFLOW_CTX_DAG_OWNER='***' AIRFLOW_CTX_DAG_ID='fraud_transaction_analysis2' AIRFLOW_CTX_TASK_ID='process_data' AIRFLOW_CTX_EXECUTION_DATE='2024-11-05T20:42:00.420484+00:00' AIRFLOW_CTX_TRY_NUMBER='1' AIRFLOW_CTX_DAG_RUN_ID='manual__2024-11-05T20:42:00.420484+00:00'
[2024-11-05T20:42:03.210+0000] {logging_mixin.py:190} INFO - Task instance is in running state
[2024-11-05T20:42:03.212+0000] {logging_mixin.py:190} INFO -  Previous state of the Task instance: queued
[2024-11-05T20:42:03.213+0000] {logging_mixin.py:190} INFO - Current task name:process_data state:running start_date:2024-11-05 20:42:03.021157+00:00
[2024-11-05T20:42:03.214+0000] {logging_mixin.py:190} INFO - Dag name:fraud_transaction_analysis2 and current dag run status:running
[2024-11-05T20:42:03.215+0000] {taskinstance.py:731} INFO - ::endgroup::
[2024-11-05T20:42:06.833+0000] {python.py:240} INFO - Done. Returned value was: (492, 60127.97)
[2024-11-05T20:42:06.859+0000] {taskinstance.py:340} INFO - ::group::Post task execution logs
[2024-11-05T20:42:06.860+0000] {taskinstance.py:352} INFO - Marking task as SUCCESS. dag_id=fraud_transaction_analysis2, task_id=process_data, run_id=manual__2024-11-05T20:42:00.420484+00:00, execution_date=20241105T204200, start_date=20241105T204203, end_date=20241105T204206
[2024-11-05T20:42:06.870+0000] {logging_mixin.py:190} INFO - Task instance in success state
[2024-11-05T20:42:06.871+0000] {logging_mixin.py:190} INFO -  Previous state of the Task instance: running
[2024-11-05T20:42:06.872+0000] {logging_mixin.py:190} INFO - Dag name:fraud_transaction_analysis2 queued_at:2024-11-05 20:42:00.451026+00:00
[2024-11-05T20:42:06.873+0000] {logging_mixin.py:190} INFO - Task hostname:21d07c241839 operator:PythonOperator
[2024-11-05T20:42:06.908+0000] {local_task_job_runner.py:266} INFO - Task exited with return code 0
[2024-11-05T20:42:06.920+0000] {warnings.py:112} WARNING - /home/***/.local/lib/python3.12/site-packages/***/models/baseoperator.py:1378: AirflowProviderDeprecationWarning: Call to deprecated class PostgresOperator. (Please use `***.providers.common.sql.operators.sql.SQLExecuteQueryOperator`.Also, you can provide `hook_params={'schema': <database>}`.)
  result = cls.__new__(cls)

[2024-11-05T20:42:06.936+0000] {taskinstance.py:3900} INFO - 0 downstream tasks scheduled from follow-on schedule check
[2024-11-05T20:42:06.939+0000] {local_task_job_runner.py:245} INFO - ::endgroup::
