[2024-11-06T17:54:45.626+0300] {local_task_job_runner.py:123} INFO - ::group::Pre task execution logs
[2024-11-06T17:54:45.639+0300] {taskinstance.py:2612} INFO - Dependencies all met for dep_context=non-requeueable deps ti=<TaskInstance: fraud_transaction_analysis2.insert_data scheduled__2024-11-05T00:00:00+00:00 [queued]>
[2024-11-06T17:54:45.648+0300] {taskinstance.py:2612} INFO - Dependencies all met for dep_context=requeueable deps ti=<TaskInstance: fraud_transaction_analysis2.insert_data scheduled__2024-11-05T00:00:00+00:00 [queued]>
[2024-11-06T17:54:45.648+0300] {taskinstance.py:2865} INFO - Starting attempt 1 of 1
[2024-11-06T17:54:45.662+0300] {taskinstance.py:2888} INFO - Executing <Task(PostgresOperator): insert_data> on 2024-11-05 00:00:00+00:00
[2024-11-06T17:54:45.671+0300] {warnings.py:112} WARNING - /home/***/.local/lib/python3.12/site-packages/***/task/task_runner/standard_task_runner.py:70: DeprecationWarning: This process (pid=130) is multi-threaded, use of fork() may lead to deadlocks in the child.
  pid = os.fork()

[2024-11-06T17:54:45.672+0300] {standard_task_runner.py:72} INFO - Started process 135 to run task
[2024-11-06T17:54:45.673+0300] {standard_task_runner.py:104} INFO - Running: ['***', 'tasks', 'run', 'fraud_transaction_analysis2', 'insert_data', 'scheduled__2024-11-05T00:00:00+00:00', '--job-id', '194', '--raw', '--subdir', 'DAGS_FOLDER/fraud_transaction_analysis2-dag.py', '--cfg-path', '/tmp/tmpv45mfrpg']
[2024-11-06T17:54:45.674+0300] {standard_task_runner.py:105} INFO - Job 194: Subtask insert_data
[2024-11-06T17:54:45.717+0300] {task_command.py:467} INFO - Running <TaskInstance: fraud_transaction_analysis2.insert_data scheduled__2024-11-05T00:00:00+00:00 [running]> on host 1168f67a661e
[2024-11-06T17:54:45.812+0300] {taskinstance.py:3131} INFO - Exporting env vars: AIRFLOW_CTX_DAG_OWNER='***' AIRFLOW_CTX_DAG_ID='fraud_transaction_analysis2' AIRFLOW_CTX_TASK_ID='insert_data' AIRFLOW_CTX_EXECUTION_DATE='2024-11-05T00:00:00+00:00' AIRFLOW_CTX_TRY_NUMBER='1' AIRFLOW_CTX_DAG_RUN_ID='scheduled__2024-11-05T00:00:00+00:00'
[2024-11-06T17:54:45.814+0300] {logging_mixin.py:190} INFO - Task instance is in running state
[2024-11-06T17:54:45.815+0300] {logging_mixin.py:190} INFO -  Previous state of the Task instance: queued
[2024-11-06T17:54:45.816+0300] {logging_mixin.py:190} INFO - Current task name:insert_data state:running start_date:2024-11-06 14:54:45.639866+00:00
[2024-11-06T17:54:45.817+0300] {logging_mixin.py:190} INFO - Dag name:fraud_transaction_analysis2 and current dag run status:running
[2024-11-06T17:54:45.817+0300] {taskinstance.py:731} INFO - ::endgroup::
[2024-11-06T17:54:45.818+0300] {sql.py:266} INFO - Executing: 
            INSERT INTO fraud_transactions (transaction_count, total_amount_usd, total_amount_btc, bitcoin_rate)
            VALUES (
                492,
                60127.97,
                0.814023263520641,
                73865.174
            );
        
[2024-11-06T17:54:45.826+0300] {base.py:84} INFO - Retrieving connection 'postgres_default'
[2024-11-06T17:54:45.835+0300] {base.py:84} INFO - Retrieving connection 'postgres_default'
[2024-11-06T17:54:45.839+0300] {sql.py:509} INFO - Running statement: 
            INSERT INTO fraud_transactions (transaction_count, total_amount_usd, total_amount_btc, bitcoin_rate)
            VALUES (
                492,
                60127.97,
                0.814023263520641,
                73865.174
            );
        , parameters: None
[2024-11-06T17:54:45.841+0300] {sql.py:518} INFO - Rows affected: 1
[2024-11-06T17:54:45.855+0300] {taskinstance.py:340} INFO - ::group::Post task execution logs
[2024-11-06T17:54:45.856+0300] {taskinstance.py:352} INFO - Marking task as SUCCESS. dag_id=fraud_transaction_analysis2, task_id=insert_data, run_id=scheduled__2024-11-05T00:00:00+00:00, execution_date=20241105T000000, start_date=20241106T145445, end_date=20241106T145445
[2024-11-06T17:54:45.865+0300] {logging_mixin.py:190} INFO - Task instance in success state
[2024-11-06T17:54:45.866+0300] {logging_mixin.py:190} INFO -  Previous state of the Task instance: running
[2024-11-06T17:54:45.867+0300] {logging_mixin.py:190} INFO - Dag name:fraud_transaction_analysis2 queued_at:2024-11-06 14:54:26.713346+00:00
[2024-11-06T17:54:45.867+0300] {logging_mixin.py:190} INFO - Task hostname:1168f67a661e operator:PostgresOperator
[2024-11-06T17:54:45.888+0300] {local_task_job_runner.py:266} INFO - Task exited with return code 0
[2024-11-06T17:54:45.897+0300] {warnings.py:112} WARNING - /home/***/.local/lib/python3.12/site-packages/***/models/baseoperator.py:1378: AirflowProviderDeprecationWarning: Call to deprecated class PostgresOperator. (Please use `***.providers.common.sql.operators.sql.SQLExecuteQueryOperator`.Also, you can provide `hook_params={'schema': <database>}`.)
  result = cls.__new__(cls)

[2024-11-06T17:54:45.906+0300] {taskinstance.py:3900} INFO - 1 downstream tasks scheduled from follow-on schedule check
[2024-11-06T17:54:45.909+0300] {local_task_job_runner.py:245} INFO - ::endgroup::
