[2024-11-05T20:48:29.646+0000] {local_task_job_runner.py:123} INFO - ::group::Pre task execution logs
[2024-11-05T20:48:29.657+0000] {taskinstance.py:2612} INFO - Dependencies all met for dep_context=non-requeueable deps ti=<TaskInstance: fraud_transaction_analysis2.convert_to_btc manual__2024-11-05T20:48:17.949134+00:00 [queued]>
[2024-11-05T20:48:29.664+0000] {taskinstance.py:2612} INFO - Dependencies all met for dep_context=requeueable deps ti=<TaskInstance: fraud_transaction_analysis2.convert_to_btc manual__2024-11-05T20:48:17.949134+00:00 [queued]>
[2024-11-05T20:48:29.665+0000] {taskinstance.py:2865} INFO - Starting attempt 1 of 1
[2024-11-05T20:48:29.676+0000] {taskinstance.py:2888} INFO - Executing <Task(PythonOperator): convert_to_btc> on 2024-11-05 20:48:17.949134+00:00
[2024-11-05T20:48:29.682+0000] {warnings.py:112} WARNING - /home/***/.local/lib/python3.12/site-packages/***/task/task_runner/standard_task_runner.py:70: DeprecationWarning: This process (pid=82) is multi-threaded, use of fork() may lead to deadlocks in the child.
  pid = os.fork()

[2024-11-05T20:48:29.683+0000] {standard_task_runner.py:72} INFO - Started process 84 to run task
[2024-11-05T20:48:29.684+0000] {standard_task_runner.py:104} INFO - Running: ['***', 'tasks', 'run', 'fraud_transaction_analysis2', 'convert_to_btc', 'manual__2024-11-05T20:48:17.949134+00:00', '--job-id', '121', '--raw', '--subdir', 'DAGS_FOLDER/fraud_transaction_analysis2-dag.py', '--cfg-path', '/tmp/tmpjh5phomu']
[2024-11-05T20:48:29.685+0000] {standard_task_runner.py:105} INFO - Job 121: Subtask convert_to_btc
[2024-11-05T20:48:29.725+0000] {task_command.py:467} INFO - Running <TaskInstance: fraud_transaction_analysis2.convert_to_btc manual__2024-11-05T20:48:17.949134+00:00 [running]> on host 21d07c241839
[2024-11-05T20:48:29.805+0000] {taskinstance.py:3131} INFO - Exporting env vars: AIRFLOW_CTX_DAG_OWNER='***' AIRFLOW_CTX_DAG_ID='fraud_transaction_analysis2' AIRFLOW_CTX_TASK_ID='convert_to_btc' AIRFLOW_CTX_EXECUTION_DATE='2024-11-05T20:48:17.949134+00:00' AIRFLOW_CTX_TRY_NUMBER='1' AIRFLOW_CTX_DAG_RUN_ID='manual__2024-11-05T20:48:17.949134+00:00'
[2024-11-05T20:48:29.807+0000] {logging_mixin.py:190} INFO - Task instance is in running state
[2024-11-05T20:48:29.807+0000] {logging_mixin.py:190} INFO -  Previous state of the Task instance: queued
[2024-11-05T20:48:29.808+0000] {logging_mixin.py:190} INFO - Current task name:convert_to_btc state:running start_date:2024-11-05 20:48:29.659061+00:00
[2024-11-05T20:48:29.808+0000] {logging_mixin.py:190} INFO - Dag name:fraud_transaction_analysis2 and current dag run status:running
[2024-11-05T20:48:29.809+0000] {taskinstance.py:731} INFO - ::endgroup::
[2024-11-05T20:48:29.810+0000] {python.py:240} INFO - Done. Returned value was: 0.8633193769040977
[2024-11-05T20:48:29.832+0000] {taskinstance.py:340} INFO - ::group::Post task execution logs
[2024-11-05T20:48:29.833+0000] {taskinstance.py:352} INFO - Marking task as SUCCESS. dag_id=fraud_transaction_analysis2, task_id=convert_to_btc, run_id=manual__2024-11-05T20:48:17.949134+00:00, execution_date=20241105T204817, start_date=20241105T204829, end_date=20241105T204829
[2024-11-05T20:48:29.844+0000] {logging_mixin.py:190} INFO - Task instance in success state
[2024-11-05T20:48:29.845+0000] {logging_mixin.py:190} INFO -  Previous state of the Task instance: running
[2024-11-05T20:48:29.846+0000] {logging_mixin.py:190} INFO - Dag name:fraud_transaction_analysis2 queued_at:2024-11-05 20:48:18.315978+00:00
[2024-11-05T20:48:29.847+0000] {logging_mixin.py:190} INFO - Task hostname:21d07c241839 operator:PythonOperator
[2024-11-05T20:48:29.859+0000] {local_task_job_runner.py:266} INFO - Task exited with return code 0
[2024-11-05T20:48:29.869+0000] {warnings.py:112} WARNING - /home/***/.local/lib/python3.12/site-packages/***/models/baseoperator.py:1378: AirflowProviderDeprecationWarning: Call to deprecated class PostgresOperator. (Please use `***.providers.common.sql.operators.sql.SQLExecuteQueryOperator`.Also, you can provide `hook_params={'schema': <database>}`.)
  result = cls.__new__(cls)

[2024-11-05T20:48:29.883+0000] {taskinstance.py:3900} INFO - 1 downstream tasks scheduled from follow-on schedule check
[2024-11-05T20:48:29.885+0000] {local_task_job_runner.py:245} INFO - ::endgroup::
