[2024-11-05T20:48:33.741+0000] {local_task_job_runner.py:123} INFO - ::group::Pre task execution logs
[2024-11-05T20:48:33.752+0000] {taskinstance.py:2612} INFO - Dependencies all met for dep_context=non-requeueable deps ti=<TaskInstance: fraud_transaction_analysis2.insert_data manual__2024-11-05T20:48:17.949134+00:00 [queued]>
[2024-11-05T20:48:33.758+0000] {taskinstance.py:2612} INFO - Dependencies all met for dep_context=requeueable deps ti=<TaskInstance: fraud_transaction_analysis2.insert_data manual__2024-11-05T20:48:17.949134+00:00 [queued]>
[2024-11-05T20:48:33.759+0000] {taskinstance.py:2865} INFO - Starting attempt 1 of 1
[2024-11-05T20:48:33.770+0000] {taskinstance.py:2888} INFO - Executing <Task(PostgresOperator): insert_data> on 2024-11-05 20:48:17.949134+00:00
[2024-11-05T20:48:33.776+0000] {warnings.py:112} WARNING - /home/***/.local/lib/python3.12/site-packages/***/task/task_runner/standard_task_runner.py:70: DeprecationWarning: This process (pid=90) is multi-threaded, use of fork() may lead to deadlocks in the child.
  pid = os.fork()

[2024-11-05T20:48:33.778+0000] {standard_task_runner.py:72} INFO - Started process 92 to run task
[2024-11-05T20:48:33.777+0000] {standard_task_runner.py:104} INFO - Running: ['***', 'tasks', 'run', 'fraud_transaction_analysis2', 'insert_data', 'manual__2024-11-05T20:48:17.949134+00:00', '--job-id', '123', '--raw', '--subdir', 'DAGS_FOLDER/fraud_transaction_analysis2-dag.py', '--cfg-path', '/tmp/tmpqinknkhb']
[2024-11-05T20:48:33.779+0000] {standard_task_runner.py:105} INFO - Job 123: Subtask insert_data
[2024-11-05T20:48:33.813+0000] {task_command.py:467} INFO - Running <TaskInstance: fraud_transaction_analysis2.insert_data manual__2024-11-05T20:48:17.949134+00:00 [running]> on host 21d07c241839
[2024-11-05T20:48:33.903+0000] {taskinstance.py:3131} INFO - Exporting env vars: AIRFLOW_CTX_DAG_OWNER='***' AIRFLOW_CTX_DAG_ID='fraud_transaction_analysis2' AIRFLOW_CTX_TASK_ID='insert_data' AIRFLOW_CTX_EXECUTION_DATE='2024-11-05T20:48:17.949134+00:00' AIRFLOW_CTX_TRY_NUMBER='1' AIRFLOW_CTX_DAG_RUN_ID='manual__2024-11-05T20:48:17.949134+00:00'
[2024-11-05T20:48:33.905+0000] {logging_mixin.py:190} INFO - Task instance is in running state
[2024-11-05T20:48:33.906+0000] {logging_mixin.py:190} INFO -  Previous state of the Task instance: queued
[2024-11-05T20:48:33.906+0000] {logging_mixin.py:190} INFO - Current task name:insert_data state:running start_date:2024-11-05 20:48:33.753859+00:00
[2024-11-05T20:48:33.907+0000] {logging_mixin.py:190} INFO - Dag name:fraud_transaction_analysis2 and current dag run status:running
[2024-11-05T20:48:33.907+0000] {taskinstance.py:731} INFO - ::endgroup::
[2024-11-05T20:48:33.908+0000] {sql.py:266} INFO - Executing: 
            INSERT INTO fraud_transactions (transaction_count, total_amount_usd, total_amount_btc, bitcoin_rate)
            VALUES (
                492,
                60127.97,
                0.8633193769040977,
                69647.4232
            );
        
[2024-11-05T20:48:33.916+0000] {base.py:84} INFO - Retrieving connection 'postgres_default'
[2024-11-05T20:48:33.924+0000] {base.py:84} INFO - Retrieving connection 'postgres_default'
[2024-11-05T20:48:33.928+0000] {sql.py:509} INFO - Running statement: 
            INSERT INTO fraud_transactions (transaction_count, total_amount_usd, total_amount_btc, bitcoin_rate)
            VALUES (
                492,
                60127.97,
                0.8633193769040977,
                69647.4232
            );
        , parameters: None
[2024-11-05T20:48:33.930+0000] {sql.py:518} INFO - Rows affected: 1
[2024-11-05T20:48:33.939+0000] {taskinstance.py:340} INFO - ::group::Post task execution logs
[2024-11-05T20:48:33.940+0000] {taskinstance.py:352} INFO - Marking task as SUCCESS. dag_id=fraud_transaction_analysis2, task_id=insert_data, run_id=manual__2024-11-05T20:48:17.949134+00:00, execution_date=20241105T204817, start_date=20241105T204833, end_date=20241105T204833
[2024-11-05T20:48:33.950+0000] {logging_mixin.py:190} INFO - Task instance in success state
[2024-11-05T20:48:33.950+0000] {logging_mixin.py:190} INFO -  Previous state of the Task instance: running
[2024-11-05T20:48:33.951+0000] {logging_mixin.py:190} INFO - Dag name:fraud_transaction_analysis2 queued_at:2024-11-05 20:48:18.315978+00:00
[2024-11-05T20:48:33.951+0000] {logging_mixin.py:190} INFO - Task hostname:21d07c241839 operator:PostgresOperator
[2024-11-05T20:48:33.994+0000] {local_task_job_runner.py:266} INFO - Task exited with return code 0
[2024-11-05T20:48:34.014+0000] {warnings.py:112} WARNING - /home/***/.local/lib/python3.12/site-packages/***/models/baseoperator.py:1378: AirflowProviderDeprecationWarning: Call to deprecated class PostgresOperator. (Please use `***.providers.common.sql.operators.sql.SQLExecuteQueryOperator`.Also, you can provide `hook_params={'schema': <database>}`.)
  result = cls.__new__(cls)

[2024-11-05T20:48:34.032+0000] {taskinstance.py:3900} INFO - 1 downstream tasks scheduled from follow-on schedule check
[2024-11-05T20:48:34.036+0000] {local_task_job_runner.py:245} INFO - ::endgroup::
