[2024-11-22T19:18:53.479+0300] {local_task_job_runner.py:123} INFO - ::group::Pre task execution logs
[2024-11-22T19:18:53.499+0300] {taskinstance.py:2612} INFO - Dependencies all met for dep_context=non-requeueable deps ti=<TaskInstance: fraud_transaction_analysis2.insert_data scheduled__2024-11-18T00:00:00+00:00 [queued]>
[2024-11-22T19:18:53.513+0300] {taskinstance.py:2612} INFO - Dependencies all met for dep_context=requeueable deps ti=<TaskInstance: fraud_transaction_analysis2.insert_data scheduled__2024-11-18T00:00:00+00:00 [queued]>
[2024-11-22T19:18:53.514+0300] {taskinstance.py:2865} INFO - Starting attempt 1 of 1
[2024-11-22T19:18:53.532+0300] {taskinstance.py:2888} INFO - Executing <Task(PostgresOperator): insert_data> on 2024-11-18 00:00:00+00:00
[2024-11-22T19:18:53.540+0300] {warnings.py:112} WARNING - /home/***/.local/lib/python3.12/site-packages/***/task/task_runner/standard_task_runner.py:70: DeprecationWarning: This process (pid=103) is multi-threaded, use of fork() may lead to deadlocks in the child.
  pid = os.fork()

[2024-11-22T19:18:53.542+0300] {standard_task_runner.py:72} INFO - Started process 108 to run task
[2024-11-22T19:18:53.543+0300] {standard_task_runner.py:104} INFO - Running: ['***', 'tasks', 'run', 'fraud_transaction_analysis2', 'insert_data', 'scheduled__2024-11-18T00:00:00+00:00', '--job-id', '292', '--raw', '--subdir', 'DAGS_FOLDER/fraud_transaction_analysis2-dag.py', '--cfg-path', '/tmp/tmpkn7tbue0']
[2024-11-22T19:18:53.544+0300] {standard_task_runner.py:105} INFO - Job 292: Subtask insert_data
[2024-11-22T19:18:53.605+0300] {task_command.py:467} INFO - Running <TaskInstance: fraud_transaction_analysis2.insert_data scheduled__2024-11-18T00:00:00+00:00 [running]> on host 402a1e22aa57
[2024-11-22T19:18:53.745+0300] {taskinstance.py:3131} INFO - Exporting env vars: AIRFLOW_CTX_DAG_OWNER='***' AIRFLOW_CTX_DAG_ID='fraud_transaction_analysis2' AIRFLOW_CTX_TASK_ID='insert_data' AIRFLOW_CTX_EXECUTION_DATE='2024-11-18T00:00:00+00:00' AIRFLOW_CTX_TRY_NUMBER='1' AIRFLOW_CTX_DAG_RUN_ID='scheduled__2024-11-18T00:00:00+00:00'
[2024-11-22T19:18:53.747+0300] {logging_mixin.py:190} INFO - Task instance is in running state
[2024-11-22T19:18:53.748+0300] {logging_mixin.py:190} INFO -  Previous state of the Task instance: queued
[2024-11-22T19:18:53.748+0300] {logging_mixin.py:190} INFO - Current task name:insert_data state:running start_date:2024-11-22 16:18:53.501024+00:00
[2024-11-22T19:18:53.749+0300] {logging_mixin.py:190} INFO - Dag name:fraud_transaction_analysis2 and current dag run status:running
[2024-11-22T19:18:53.749+0300] {taskinstance.py:731} INFO - ::endgroup::
[2024-11-22T19:18:53.750+0300] {sql.py:266} INFO - Executing: 
            INSERT INTO fraud_transactions (transaction_count, total_amount_usd, total_amount_btc, bitcoin_rate)
            VALUES (
                492,
                60127.97,
                0.6108159293169566,
                98438.772
            );
        
[2024-11-22T19:18:53.761+0300] {base.py:84} INFO - Retrieving connection 'postgres_default'
[2024-11-22T19:18:53.778+0300] {base.py:84} INFO - Retrieving connection 'postgres_default'
[2024-11-22T19:18:53.783+0300] {sql.py:509} INFO - Running statement: 
            INSERT INTO fraud_transactions (transaction_count, total_amount_usd, total_amount_btc, bitcoin_rate)
            VALUES (
                492,
                60127.97,
                0.6108159293169566,
                98438.772
            );
        , parameters: None
[2024-11-22T19:18:53.786+0300] {sql.py:518} INFO - Rows affected: 1
[2024-11-22T19:18:53.800+0300] {taskinstance.py:340} INFO - ::group::Post task execution logs
[2024-11-22T19:18:53.801+0300] {taskinstance.py:352} INFO - Marking task as SUCCESS. dag_id=fraud_transaction_analysis2, task_id=insert_data, run_id=scheduled__2024-11-18T00:00:00+00:00, execution_date=20241118T000000, start_date=20241122T161853, end_date=20241122T161853
[2024-11-22T19:18:53.815+0300] {logging_mixin.py:190} INFO - Task instance in success state
[2024-11-22T19:18:53.816+0300] {logging_mixin.py:190} INFO -  Previous state of the Task instance: running
[2024-11-22T19:18:53.816+0300] {logging_mixin.py:190} INFO - Dag name:fraud_transaction_analysis2 queued_at:2024-11-22 16:18:36.929397+00:00
[2024-11-22T19:18:53.817+0300] {logging_mixin.py:190} INFO - Task hostname:402a1e22aa57 operator:PostgresOperator
[2024-11-22T19:18:53.840+0300] {local_task_job_runner.py:266} INFO - Task exited with return code 0
[2024-11-22T19:18:53.856+0300] {taskinstance.py:3900} INFO - 0 downstream tasks scheduled from follow-on schedule check
[2024-11-22T19:18:53.859+0300] {local_task_job_runner.py:245} INFO - ::endgroup::
