[2024-11-04T20:09:09.694+0000] {local_task_job_runner.py:123} INFO - ::group::Pre task execution logs
[2024-11-04T20:09:09.734+0000] {taskinstance.py:2612} INFO - Dependencies all met for dep_context=non-requeueable deps ti=<TaskInstance: telegram_text_dag.send_currency_rate scheduled__2024-11-03T12:00:00+00:00 [queued]>
[2024-11-04T20:09:09.754+0000] {taskinstance.py:2612} INFO - Dependencies all met for dep_context=requeueable deps ti=<TaskInstance: telegram_text_dag.send_currency_rate scheduled__2024-11-03T12:00:00+00:00 [queued]>
[2024-11-04T20:09:09.755+0000] {taskinstance.py:2865} INFO - Starting attempt 1 of 2
[2024-11-04T20:09:09.789+0000] {taskinstance.py:2888} INFO - Executing <Task(PythonOperator): send_currency_rate> on 2024-11-03 12:00:00+00:00
[2024-11-04T20:09:09.825+0000] {warnings.py:112} WARNING - /home/***/.local/lib/python3.12/site-packages/***/task/task_runner/standard_task_runner.py:70: DeprecationWarning: This process (pid=71) is multi-threaded, use of fork() may lead to deadlocks in the child.
  pid = os.fork()

[2024-11-04T20:09:09.829+0000] {standard_task_runner.py:72} INFO - Started process 93 to run task
[2024-11-04T20:09:09.816+0000] {standard_task_runner.py:104} INFO - Running: ['***', 'tasks', 'run', 'telegram_text_dag', 'send_currency_rate', 'scheduled__2024-11-03T12:00:00+00:00', '--job-id', '36', '--raw', '--subdir', 'DAGS_FOLDER/__pycache__/textMessageTG-dag.py', '--cfg-path', '/tmp/tmpaq282pk5']
[2024-11-04T20:09:09.834+0000] {standard_task_runner.py:105} INFO - Job 36: Subtask send_currency_rate
[2024-11-04T20:09:09.995+0000] {task_command.py:467} INFO - Running <TaskInstance: telegram_text_dag.send_currency_rate scheduled__2024-11-03T12:00:00+00:00 [running]> on host e07dba6ee931
[2024-11-04T20:09:10.192+0000] {taskinstance.py:3131} INFO - Exporting env vars: AIRFLOW_CTX_DAG_OWNER='***' AIRFLOW_CTX_DAG_ID='telegram_text_dag' AIRFLOW_CTX_TASK_ID='send_currency_rate' AIRFLOW_CTX_EXECUTION_DATE='2024-11-03T12:00:00+00:00' AIRFLOW_CTX_TRY_NUMBER='1' AIRFLOW_CTX_DAG_RUN_ID='scheduled__2024-11-03T12:00:00+00:00'
[2024-11-04T20:09:10.197+0000] {logging_mixin.py:190} INFO - Task instance is in running state
[2024-11-04T20:09:10.200+0000] {logging_mixin.py:190} INFO -  Previous state of the Task instance: queued
[2024-11-04T20:09:10.203+0000] {logging_mixin.py:190} INFO - Current task name:send_currency_rate state:running start_date:2024-11-04 20:09:09.735615+00:00
[2024-11-04T20:09:10.204+0000] {logging_mixin.py:190} INFO - Dag name:telegram_text_dag and current dag run status:running
[2024-11-04T20:09:10.205+0000] {taskinstance.py:731} INFO - ::endgroup::
[2024-11-04T20:09:10.788+0000] {python.py:240} INFO - Done. Returned value was: None
[2024-11-04T20:09:10.803+0000] {taskinstance.py:340} INFO - ::group::Post task execution logs
[2024-11-04T20:09:10.805+0000] {taskinstance.py:352} INFO - Marking task as SUCCESS. dag_id=telegram_text_dag, task_id=send_currency_rate, run_id=scheduled__2024-11-03T12:00:00+00:00, execution_date=20241103T120000, start_date=20241104T200909, end_date=20241104T200910
[2024-11-04T20:09:10.819+0000] {logging_mixin.py:190} INFO - Task instance in success state
[2024-11-04T20:09:10.820+0000] {logging_mixin.py:190} INFO -  Previous state of the Task instance: running
[2024-11-04T20:09:10.821+0000] {logging_mixin.py:190} INFO - Dag name:telegram_text_dag queued_at:2024-11-04 20:09:04.183654+00:00
[2024-11-04T20:09:10.821+0000] {logging_mixin.py:190} INFO - Task hostname:e07dba6ee931 operator:PythonOperator
[2024-11-04T20:09:10.873+0000] {local_task_job_runner.py:266} INFO - Task exited with return code 0
[2024-11-04T20:09:10.898+0000] {taskinstance.py:3900} INFO - 0 downstream tasks scheduled from follow-on schedule check
[2024-11-04T20:09:10.902+0000] {local_task_job_runner.py:245} INFO - ::endgroup::
