[2024-11-04T20:09:07.751+0000] {processor.py:186} INFO - Started process (PID=112) to work on /home/airflow/.local/lib/python3.12/site-packages/airflow/example_dags/example_short_circuit_operator.py
[2024-11-04T20:09:07.759+0000] {processor.py:914} INFO - Processing file /home/airflow/.local/lib/python3.12/site-packages/airflow/example_dags/example_short_circuit_operator.py for tasks to queue
[2024-11-04T20:09:07.767+0000] {logging_mixin.py:190} INFO - [2024-11-04T20:09:07.766+0000] {dagbag.py:588} INFO - Filling up the DagBag from /home/airflow/.local/lib/python3.12/site-packages/airflow/example_dags/example_short_circuit_operator.py
[2024-11-04T20:09:07.790+0000] {processor.py:925} INFO - DAG(s) 'example_short_circuit_operator' retrieved from /home/airflow/.local/lib/python3.12/site-packages/airflow/example_dags/example_short_circuit_operator.py
[2024-11-04T20:09:07.869+0000] {logging_mixin.py:190} INFO - [2024-11-04T20:09:07.869+0000] {dag.py:3239} INFO - Sync 1 DAGs
[2024-11-04T20:09:07.906+0000] {logging_mixin.py:190} INFO - [2024-11-04T20:09:07.905+0000] {dag.py:4180} INFO - Setting next_dagrun for example_short_circuit_operator to None, run_after=None
[2024-11-04T20:09:07.958+0000] {processor.py:208} INFO - Processing /home/airflow/.local/lib/python3.12/site-packages/airflow/example_dags/example_short_circuit_operator.py took 0.225 seconds
[2024-11-04T20:09:38.090+0000] {processor.py:186} INFO - Started process (PID=176) to work on /home/airflow/.local/lib/python3.12/site-packages/airflow/example_dags/example_short_circuit_operator.py
[2024-11-04T20:09:38.091+0000] {processor.py:914} INFO - Processing file /home/airflow/.local/lib/python3.12/site-packages/airflow/example_dags/example_short_circuit_operator.py for tasks to queue
[2024-11-04T20:09:38.094+0000] {logging_mixin.py:190} INFO - [2024-11-04T20:09:38.094+0000] {dagbag.py:588} INFO - Filling up the DagBag from /home/airflow/.local/lib/python3.12/site-packages/airflow/example_dags/example_short_circuit_operator.py
[2024-11-04T20:09:38.103+0000] {processor.py:925} INFO - DAG(s) 'example_short_circuit_operator' retrieved from /home/airflow/.local/lib/python3.12/site-packages/airflow/example_dags/example_short_circuit_operator.py
[2024-11-04T20:09:38.129+0000] {logging_mixin.py:190} INFO - [2024-11-04T20:09:38.129+0000] {dag.py:3239} INFO - Sync 1 DAGs
[2024-11-04T20:09:38.149+0000] {logging_mixin.py:190} INFO - [2024-11-04T20:09:38.149+0000] {dag.py:4180} INFO - Setting next_dagrun for example_short_circuit_operator to None, run_after=None
[2024-11-04T20:09:38.172+0000] {processor.py:208} INFO - Processing /home/airflow/.local/lib/python3.12/site-packages/airflow/example_dags/example_short_circuit_operator.py took 0.088 seconds
[2024-11-04T20:10:08.941+0000] {processor.py:186} INFO - Started process (PID=242) to work on /home/airflow/.local/lib/python3.12/site-packages/airflow/example_dags/example_short_circuit_operator.py
[2024-11-04T20:10:08.942+0000] {processor.py:914} INFO - Processing file /home/airflow/.local/lib/python3.12/site-packages/airflow/example_dags/example_short_circuit_operator.py for tasks to queue
[2024-11-04T20:10:08.948+0000] {logging_mixin.py:190} INFO - [2024-11-04T20:10:08.946+0000] {dagbag.py:588} INFO - Filling up the DagBag from /home/airflow/.local/lib/python3.12/site-packages/airflow/example_dags/example_short_circuit_operator.py
[2024-11-04T20:10:08.957+0000] {processor.py:925} INFO - DAG(s) 'example_short_circuit_operator' retrieved from /home/airflow/.local/lib/python3.12/site-packages/airflow/example_dags/example_short_circuit_operator.py
[2024-11-04T20:10:08.982+0000] {logging_mixin.py:190} INFO - [2024-11-04T20:10:08.981+0000] {dag.py:3239} INFO - Sync 1 DAGs
[2024-11-04T20:10:08.998+0000] {logging_mixin.py:190} INFO - [2024-11-04T20:10:08.998+0000] {dag.py:4180} INFO - Setting next_dagrun for example_short_circuit_operator to None, run_after=None
[2024-11-04T20:10:09.022+0000] {processor.py:208} INFO - Processing /home/airflow/.local/lib/python3.12/site-packages/airflow/example_dags/example_short_circuit_operator.py took 0.087 seconds
[2024-11-04T20:10:40.056+0000] {processor.py:186} INFO - Started process (PID=307) to work on /home/airflow/.local/lib/python3.12/site-packages/airflow/example_dags/example_short_circuit_operator.py
[2024-11-04T20:10:40.057+0000] {processor.py:914} INFO - Processing file /home/airflow/.local/lib/python3.12/site-packages/airflow/example_dags/example_short_circuit_operator.py for tasks to queue
[2024-11-04T20:10:40.060+0000] {logging_mixin.py:190} INFO - [2024-11-04T20:10:40.059+0000] {dagbag.py:588} INFO - Filling up the DagBag from /home/airflow/.local/lib/python3.12/site-packages/airflow/example_dags/example_short_circuit_operator.py
[2024-11-04T20:10:40.069+0000] {processor.py:925} INFO - DAG(s) 'example_short_circuit_operator' retrieved from /home/airflow/.local/lib/python3.12/site-packages/airflow/example_dags/example_short_circuit_operator.py
[2024-11-04T20:10:40.093+0000] {logging_mixin.py:190} INFO - [2024-11-04T20:10:40.093+0000] {dag.py:3239} INFO - Sync 1 DAGs
[2024-11-04T20:10:40.115+0000] {logging_mixin.py:190} INFO - [2024-11-04T20:10:40.114+0000] {dag.py:4180} INFO - Setting next_dagrun for example_short_circuit_operator to None, run_after=None
[2024-11-04T20:10:40.136+0000] {processor.py:208} INFO - Processing /home/airflow/.local/lib/python3.12/site-packages/airflow/example_dags/example_short_circuit_operator.py took 0.085 seconds
[2024-11-04T20:11:10.923+0000] {processor.py:186} INFO - Started process (PID=371) to work on /home/airflow/.local/lib/python3.12/site-packages/airflow/example_dags/example_short_circuit_operator.py
[2024-11-04T20:11:10.924+0000] {processor.py:914} INFO - Processing file /home/airflow/.local/lib/python3.12/site-packages/airflow/example_dags/example_short_circuit_operator.py for tasks to queue
[2024-11-04T20:11:10.927+0000] {logging_mixin.py:190} INFO - [2024-11-04T20:11:10.927+0000] {dagbag.py:588} INFO - Filling up the DagBag from /home/airflow/.local/lib/python3.12/site-packages/airflow/example_dags/example_short_circuit_operator.py
[2024-11-04T20:11:10.936+0000] {processor.py:925} INFO - DAG(s) 'example_short_circuit_operator' retrieved from /home/airflow/.local/lib/python3.12/site-packages/airflow/example_dags/example_short_circuit_operator.py
[2024-11-04T20:11:10.960+0000] {logging_mixin.py:190} INFO - [2024-11-04T20:11:10.960+0000] {dag.py:3239} INFO - Sync 1 DAGs
[2024-11-04T20:11:10.974+0000] {logging_mixin.py:190} INFO - [2024-11-04T20:11:10.974+0000] {dag.py:4180} INFO - Setting next_dagrun for example_short_circuit_operator to None, run_after=None
[2024-11-04T20:11:11.005+0000] {processor.py:208} INFO - Processing /home/airflow/.local/lib/python3.12/site-packages/airflow/example_dags/example_short_circuit_operator.py took 0.089 seconds
[2024-11-04T20:11:41.300+0000] {processor.py:186} INFO - Started process (PID=436) to work on /home/airflow/.local/lib/python3.12/site-packages/airflow/example_dags/example_short_circuit_operator.py
[2024-11-04T20:11:41.301+0000] {processor.py:914} INFO - Processing file /home/airflow/.local/lib/python3.12/site-packages/airflow/example_dags/example_short_circuit_operator.py for tasks to queue
[2024-11-04T20:11:41.304+0000] {logging_mixin.py:190} INFO - [2024-11-04T20:11:41.303+0000] {dagbag.py:588} INFO - Filling up the DagBag from /home/airflow/.local/lib/python3.12/site-packages/airflow/example_dags/example_short_circuit_operator.py
[2024-11-04T20:11:41.313+0000] {processor.py:925} INFO - DAG(s) 'example_short_circuit_operator' retrieved from /home/airflow/.local/lib/python3.12/site-packages/airflow/example_dags/example_short_circuit_operator.py
[2024-11-04T20:11:41.333+0000] {logging_mixin.py:190} INFO - [2024-11-04T20:11:41.333+0000] {dag.py:3239} INFO - Sync 1 DAGs
[2024-11-04T20:11:41.346+0000] {logging_mixin.py:190} INFO - [2024-11-04T20:11:41.345+0000] {dag.py:4180} INFO - Setting next_dagrun for example_short_circuit_operator to None, run_after=None
[2024-11-04T20:11:41.362+0000] {processor.py:208} INFO - Processing /home/airflow/.local/lib/python3.12/site-packages/airflow/example_dags/example_short_circuit_operator.py took 0.067 seconds
[2024-11-04T20:12:12.366+0000] {processor.py:186} INFO - Started process (PID=501) to work on /home/airflow/.local/lib/python3.12/site-packages/airflow/example_dags/example_short_circuit_operator.py
[2024-11-04T20:12:12.367+0000] {processor.py:914} INFO - Processing file /home/airflow/.local/lib/python3.12/site-packages/airflow/example_dags/example_short_circuit_operator.py for tasks to queue
[2024-11-04T20:12:12.371+0000] {logging_mixin.py:190} INFO - [2024-11-04T20:12:12.370+0000] {dagbag.py:588} INFO - Filling up the DagBag from /home/airflow/.local/lib/python3.12/site-packages/airflow/example_dags/example_short_circuit_operator.py
[2024-11-04T20:12:12.379+0000] {processor.py:925} INFO - DAG(s) 'example_short_circuit_operator' retrieved from /home/airflow/.local/lib/python3.12/site-packages/airflow/example_dags/example_short_circuit_operator.py
[2024-11-04T20:12:12.402+0000] {logging_mixin.py:190} INFO - [2024-11-04T20:12:12.402+0000] {dag.py:3239} INFO - Sync 1 DAGs
[2024-11-04T20:12:12.415+0000] {logging_mixin.py:190} INFO - [2024-11-04T20:12:12.415+0000] {dag.py:4180} INFO - Setting next_dagrun for example_short_circuit_operator to None, run_after=None
[2024-11-04T20:12:12.439+0000] {processor.py:208} INFO - Processing /home/airflow/.local/lib/python3.12/site-packages/airflow/example_dags/example_short_circuit_operator.py took 0.078 seconds
[2024-11-04T20:12:43.249+0000] {processor.py:186} INFO - Started process (PID=566) to work on /home/airflow/.local/lib/python3.12/site-packages/airflow/example_dags/example_short_circuit_operator.py
[2024-11-04T20:12:43.250+0000] {processor.py:914} INFO - Processing file /home/airflow/.local/lib/python3.12/site-packages/airflow/example_dags/example_short_circuit_operator.py for tasks to queue
[2024-11-04T20:12:43.253+0000] {logging_mixin.py:190} INFO - [2024-11-04T20:12:43.253+0000] {dagbag.py:588} INFO - Filling up the DagBag from /home/airflow/.local/lib/python3.12/site-packages/airflow/example_dags/example_short_circuit_operator.py
[2024-11-04T20:12:43.262+0000] {processor.py:925} INFO - DAG(s) 'example_short_circuit_operator' retrieved from /home/airflow/.local/lib/python3.12/site-packages/airflow/example_dags/example_short_circuit_operator.py
[2024-11-04T20:12:43.282+0000] {logging_mixin.py:190} INFO - [2024-11-04T20:12:43.282+0000] {dag.py:3239} INFO - Sync 1 DAGs
[2024-11-04T20:12:43.295+0000] {logging_mixin.py:190} INFO - [2024-11-04T20:12:43.295+0000] {dag.py:4180} INFO - Setting next_dagrun for example_short_circuit_operator to None, run_after=None
[2024-11-04T20:12:43.315+0000] {processor.py:208} INFO - Processing /home/airflow/.local/lib/python3.12/site-packages/airflow/example_dags/example_short_circuit_operator.py took 0.072 seconds
[2024-11-04T20:13:13.677+0000] {processor.py:186} INFO - Started process (PID=630) to work on /home/airflow/.local/lib/python3.12/site-packages/airflow/example_dags/example_short_circuit_operator.py
[2024-11-04T20:13:13.680+0000] {processor.py:914} INFO - Processing file /home/airflow/.local/lib/python3.12/site-packages/airflow/example_dags/example_short_circuit_operator.py for tasks to queue
[2024-11-04T20:13:13.686+0000] {logging_mixin.py:190} INFO - [2024-11-04T20:13:13.685+0000] {dagbag.py:588} INFO - Filling up the DagBag from /home/airflow/.local/lib/python3.12/site-packages/airflow/example_dags/example_short_circuit_operator.py
[2024-11-04T20:13:13.702+0000] {processor.py:925} INFO - DAG(s) 'example_short_circuit_operator' retrieved from /home/airflow/.local/lib/python3.12/site-packages/airflow/example_dags/example_short_circuit_operator.py
[2024-11-04T20:13:13.729+0000] {logging_mixin.py:190} INFO - [2024-11-04T20:13:13.729+0000] {dag.py:3239} INFO - Sync 1 DAGs
[2024-11-04T20:13:13.742+0000] {logging_mixin.py:190} INFO - [2024-11-04T20:13:13.741+0000] {dag.py:4180} INFO - Setting next_dagrun for example_short_circuit_operator to None, run_after=None
[2024-11-04T20:13:13.763+0000] {processor.py:208} INFO - Processing /home/airflow/.local/lib/python3.12/site-packages/airflow/example_dags/example_short_circuit_operator.py took 0.101 seconds
[2024-11-04T20:13:43.984+0000] {processor.py:186} INFO - Started process (PID=695) to work on /home/airflow/.local/lib/python3.12/site-packages/airflow/example_dags/example_short_circuit_operator.py
[2024-11-04T20:13:43.985+0000] {processor.py:914} INFO - Processing file /home/airflow/.local/lib/python3.12/site-packages/airflow/example_dags/example_short_circuit_operator.py for tasks to queue
[2024-11-04T20:13:43.988+0000] {logging_mixin.py:190} INFO - [2024-11-04T20:13:43.988+0000] {dagbag.py:588} INFO - Filling up the DagBag from /home/airflow/.local/lib/python3.12/site-packages/airflow/example_dags/example_short_circuit_operator.py
[2024-11-04T20:13:43.999+0000] {processor.py:925} INFO - DAG(s) 'example_short_circuit_operator' retrieved from /home/airflow/.local/lib/python3.12/site-packages/airflow/example_dags/example_short_circuit_operator.py
[2024-11-04T20:13:44.024+0000] {logging_mixin.py:190} INFO - [2024-11-04T20:13:44.024+0000] {dag.py:3239} INFO - Sync 1 DAGs
[2024-11-04T20:13:44.042+0000] {logging_mixin.py:190} INFO - [2024-11-04T20:13:44.042+0000] {dag.py:4180} INFO - Setting next_dagrun for example_short_circuit_operator to None, run_after=None
[2024-11-04T20:13:44.072+0000] {processor.py:208} INFO - Processing /home/airflow/.local/lib/python3.12/site-packages/airflow/example_dags/example_short_circuit_operator.py took 0.097 seconds
[2024-11-04T20:14:14.510+0000] {processor.py:186} INFO - Started process (PID=760) to work on /home/airflow/.local/lib/python3.12/site-packages/airflow/example_dags/example_short_circuit_operator.py
[2024-11-04T20:14:14.511+0000] {processor.py:914} INFO - Processing file /home/airflow/.local/lib/python3.12/site-packages/airflow/example_dags/example_short_circuit_operator.py for tasks to queue
[2024-11-04T20:14:14.514+0000] {logging_mixin.py:190} INFO - [2024-11-04T20:14:14.513+0000] {dagbag.py:588} INFO - Filling up the DagBag from /home/airflow/.local/lib/python3.12/site-packages/airflow/example_dags/example_short_circuit_operator.py
[2024-11-04T20:14:14.522+0000] {processor.py:925} INFO - DAG(s) 'example_short_circuit_operator' retrieved from /home/airflow/.local/lib/python3.12/site-packages/airflow/example_dags/example_short_circuit_operator.py
[2024-11-04T20:14:14.546+0000] {logging_mixin.py:190} INFO - [2024-11-04T20:14:14.546+0000] {dag.py:3239} INFO - Sync 1 DAGs
[2024-11-04T20:14:14.560+0000] {logging_mixin.py:190} INFO - [2024-11-04T20:14:14.560+0000] {dag.py:4180} INFO - Setting next_dagrun for example_short_circuit_operator to None, run_after=None
[2024-11-04T20:14:14.579+0000] {processor.py:208} INFO - Processing /home/airflow/.local/lib/python3.12/site-packages/airflow/example_dags/example_short_circuit_operator.py took 0.074 seconds
[2024-11-04T20:14:44.894+0000] {processor.py:186} INFO - Started process (PID=825) to work on /home/airflow/.local/lib/python3.12/site-packages/airflow/example_dags/example_short_circuit_operator.py
[2024-11-04T20:14:44.895+0000] {processor.py:914} INFO - Processing file /home/airflow/.local/lib/python3.12/site-packages/airflow/example_dags/example_short_circuit_operator.py for tasks to queue
[2024-11-04T20:14:44.898+0000] {logging_mixin.py:190} INFO - [2024-11-04T20:14:44.898+0000] {dagbag.py:588} INFO - Filling up the DagBag from /home/airflow/.local/lib/python3.12/site-packages/airflow/example_dags/example_short_circuit_operator.py
[2024-11-04T20:14:44.906+0000] {processor.py:925} INFO - DAG(s) 'example_short_circuit_operator' retrieved from /home/airflow/.local/lib/python3.12/site-packages/airflow/example_dags/example_short_circuit_operator.py
[2024-11-04T20:14:44.929+0000] {logging_mixin.py:190} INFO - [2024-11-04T20:14:44.929+0000] {dag.py:3239} INFO - Sync 1 DAGs
[2024-11-04T20:14:44.942+0000] {logging_mixin.py:190} INFO - [2024-11-04T20:14:44.942+0000] {dag.py:4180} INFO - Setting next_dagrun for example_short_circuit_operator to None, run_after=None
[2024-11-04T20:14:44.958+0000] {processor.py:208} INFO - Processing /home/airflow/.local/lib/python3.12/site-packages/airflow/example_dags/example_short_circuit_operator.py took 0.069 seconds
[2024-11-04T20:15:15.871+0000] {processor.py:186} INFO - Started process (PID=889) to work on /home/airflow/.local/lib/python3.12/site-packages/airflow/example_dags/example_short_circuit_operator.py
[2024-11-04T20:15:15.872+0000] {processor.py:914} INFO - Processing file /home/airflow/.local/lib/python3.12/site-packages/airflow/example_dags/example_short_circuit_operator.py for tasks to queue
[2024-11-04T20:15:15.875+0000] {logging_mixin.py:190} INFO - [2024-11-04T20:15:15.875+0000] {dagbag.py:588} INFO - Filling up the DagBag from /home/airflow/.local/lib/python3.12/site-packages/airflow/example_dags/example_short_circuit_operator.py
[2024-11-04T20:15:15.884+0000] {processor.py:925} INFO - DAG(s) 'example_short_circuit_operator' retrieved from /home/airflow/.local/lib/python3.12/site-packages/airflow/example_dags/example_short_circuit_operator.py
[2024-11-04T20:15:15.909+0000] {logging_mixin.py:190} INFO - [2024-11-04T20:15:15.908+0000] {dag.py:3239} INFO - Sync 1 DAGs
[2024-11-04T20:15:15.924+0000] {logging_mixin.py:190} INFO - [2024-11-04T20:15:15.924+0000] {dag.py:4180} INFO - Setting next_dagrun for example_short_circuit_operator to None, run_after=None
[2024-11-04T20:15:15.953+0000] {processor.py:208} INFO - Processing /home/airflow/.local/lib/python3.12/site-packages/airflow/example_dags/example_short_circuit_operator.py took 0.088 seconds
[2024-11-04T20:15:46.191+0000] {processor.py:186} INFO - Started process (PID=954) to work on /home/airflow/.local/lib/python3.12/site-packages/airflow/example_dags/example_short_circuit_operator.py
[2024-11-04T20:15:46.192+0000] {processor.py:914} INFO - Processing file /home/airflow/.local/lib/python3.12/site-packages/airflow/example_dags/example_short_circuit_operator.py for tasks to queue
[2024-11-04T20:15:46.195+0000] {logging_mixin.py:190} INFO - [2024-11-04T20:15:46.195+0000] {dagbag.py:588} INFO - Filling up the DagBag from /home/airflow/.local/lib/python3.12/site-packages/airflow/example_dags/example_short_circuit_operator.py
[2024-11-04T20:15:46.202+0000] {processor.py:925} INFO - DAG(s) 'example_short_circuit_operator' retrieved from /home/airflow/.local/lib/python3.12/site-packages/airflow/example_dags/example_short_circuit_operator.py
[2024-11-04T20:15:46.221+0000] {logging_mixin.py:190} INFO - [2024-11-04T20:15:46.221+0000] {dag.py:3239} INFO - Sync 1 DAGs
[2024-11-04T20:15:46.235+0000] {logging_mixin.py:190} INFO - [2024-11-04T20:15:46.235+0000] {dag.py:4180} INFO - Setting next_dagrun for example_short_circuit_operator to None, run_after=None
[2024-11-04T20:15:46.254+0000] {processor.py:208} INFO - Processing /home/airflow/.local/lib/python3.12/site-packages/airflow/example_dags/example_short_circuit_operator.py took 0.070 seconds
[2024-11-04T20:17:07.486+0000] {processor.py:186} INFO - Started process (PID=85) to work on /home/airflow/.local/lib/python3.12/site-packages/airflow/example_dags/example_short_circuit_operator.py
[2024-11-04T20:17:07.488+0000] {processor.py:914} INFO - Processing file /home/airflow/.local/lib/python3.12/site-packages/airflow/example_dags/example_short_circuit_operator.py for tasks to queue
[2024-11-04T20:17:07.491+0000] {logging_mixin.py:190} INFO - [2024-11-04T20:17:07.490+0000] {dagbag.py:588} INFO - Filling up the DagBag from /home/airflow/.local/lib/python3.12/site-packages/airflow/example_dags/example_short_circuit_operator.py
[2024-11-04T20:17:07.500+0000] {processor.py:925} INFO - DAG(s) 'example_short_circuit_operator' retrieved from /home/airflow/.local/lib/python3.12/site-packages/airflow/example_dags/example_short_circuit_operator.py
[2024-11-04T20:17:07.529+0000] {logging_mixin.py:190} INFO - [2024-11-04T20:17:07.529+0000] {dag.py:3239} INFO - Sync 1 DAGs
[2024-11-04T20:17:07.543+0000] {logging_mixin.py:190} INFO - [2024-11-04T20:17:07.543+0000] {dag.py:4180} INFO - Setting next_dagrun for example_short_circuit_operator to None, run_after=None
[2024-11-04T20:17:07.572+0000] {processor.py:208} INFO - Processing /home/airflow/.local/lib/python3.12/site-packages/airflow/example_dags/example_short_circuit_operator.py took 0.092 seconds
[2024-11-04T20:17:37.877+0000] {processor.py:186} INFO - Started process (PID=151) to work on /home/airflow/.local/lib/python3.12/site-packages/airflow/example_dags/example_short_circuit_operator.py
[2024-11-04T20:17:37.878+0000] {processor.py:914} INFO - Processing file /home/airflow/.local/lib/python3.12/site-packages/airflow/example_dags/example_short_circuit_operator.py for tasks to queue
[2024-11-04T20:17:37.880+0000] {logging_mixin.py:190} INFO - [2024-11-04T20:17:37.880+0000] {dagbag.py:588} INFO - Filling up the DagBag from /home/airflow/.local/lib/python3.12/site-packages/airflow/example_dags/example_short_circuit_operator.py
[2024-11-04T20:17:37.888+0000] {processor.py:925} INFO - DAG(s) 'example_short_circuit_operator' retrieved from /home/airflow/.local/lib/python3.12/site-packages/airflow/example_dags/example_short_circuit_operator.py
[2024-11-04T20:17:37.908+0000] {logging_mixin.py:190} INFO - [2024-11-04T20:17:37.908+0000] {dag.py:3239} INFO - Sync 1 DAGs
[2024-11-04T20:17:37.922+0000] {logging_mixin.py:190} INFO - [2024-11-04T20:17:37.921+0000] {dag.py:4180} INFO - Setting next_dagrun for example_short_circuit_operator to None, run_after=None
[2024-11-04T20:17:37.940+0000] {processor.py:208} INFO - Processing /home/airflow/.local/lib/python3.12/site-packages/airflow/example_dags/example_short_circuit_operator.py took 0.068 seconds
[2024-11-04T20:18:08.995+0000] {processor.py:186} INFO - Started process (PID=223) to work on /home/airflow/.local/lib/python3.12/site-packages/airflow/example_dags/example_short_circuit_operator.py
[2024-11-04T20:18:08.996+0000] {processor.py:914} INFO - Processing file /home/airflow/.local/lib/python3.12/site-packages/airflow/example_dags/example_short_circuit_operator.py for tasks to queue
[2024-11-04T20:18:09.000+0000] {logging_mixin.py:190} INFO - [2024-11-04T20:18:08.999+0000] {dagbag.py:588} INFO - Filling up the DagBag from /home/airflow/.local/lib/python3.12/site-packages/airflow/example_dags/example_short_circuit_operator.py
[2024-11-04T20:18:09.009+0000] {processor.py:925} INFO - DAG(s) 'example_short_circuit_operator' retrieved from /home/airflow/.local/lib/python3.12/site-packages/airflow/example_dags/example_short_circuit_operator.py
[2024-11-04T20:18:09.032+0000] {logging_mixin.py:190} INFO - [2024-11-04T20:18:09.032+0000] {dag.py:3239} INFO - Sync 1 DAGs
[2024-11-04T20:18:09.048+0000] {logging_mixin.py:190} INFO - [2024-11-04T20:18:09.047+0000] {dag.py:4180} INFO - Setting next_dagrun for example_short_circuit_operator to None, run_after=None
[2024-11-04T20:18:09.069+0000] {processor.py:208} INFO - Processing /home/airflow/.local/lib/python3.12/site-packages/airflow/example_dags/example_short_circuit_operator.py took 0.079 seconds
[2024-11-04T20:18:39.897+0000] {processor.py:186} INFO - Started process (PID=289) to work on /home/airflow/.local/lib/python3.12/site-packages/airflow/example_dags/example_short_circuit_operator.py
[2024-11-04T20:18:39.899+0000] {processor.py:914} INFO - Processing file /home/airflow/.local/lib/python3.12/site-packages/airflow/example_dags/example_short_circuit_operator.py for tasks to queue
[2024-11-04T20:18:39.902+0000] {logging_mixin.py:190} INFO - [2024-11-04T20:18:39.901+0000] {dagbag.py:588} INFO - Filling up the DagBag from /home/airflow/.local/lib/python3.12/site-packages/airflow/example_dags/example_short_circuit_operator.py
[2024-11-04T20:18:39.908+0000] {processor.py:925} INFO - DAG(s) 'example_short_circuit_operator' retrieved from /home/airflow/.local/lib/python3.12/site-packages/airflow/example_dags/example_short_circuit_operator.py
[2024-11-04T20:18:39.930+0000] {logging_mixin.py:190} INFO - [2024-11-04T20:18:39.929+0000] {dag.py:3239} INFO - Sync 1 DAGs
[2024-11-04T20:18:39.943+0000] {logging_mixin.py:190} INFO - [2024-11-04T20:18:39.943+0000] {dag.py:4180} INFO - Setting next_dagrun for example_short_circuit_operator to None, run_after=None
[2024-11-04T20:18:39.976+0000] {processor.py:208} INFO - Processing /home/airflow/.local/lib/python3.12/site-packages/airflow/example_dags/example_short_circuit_operator.py took 0.084 seconds
[2024-11-04T20:19:11.116+0000] {processor.py:186} INFO - Started process (PID=356) to work on /home/airflow/.local/lib/python3.12/site-packages/airflow/example_dags/example_short_circuit_operator.py
[2024-11-04T20:19:11.117+0000] {processor.py:914} INFO - Processing file /home/airflow/.local/lib/python3.12/site-packages/airflow/example_dags/example_short_circuit_operator.py for tasks to queue
[2024-11-04T20:19:11.121+0000] {logging_mixin.py:190} INFO - [2024-11-04T20:19:11.120+0000] {dagbag.py:588} INFO - Filling up the DagBag from /home/airflow/.local/lib/python3.12/site-packages/airflow/example_dags/example_short_circuit_operator.py
[2024-11-04T20:19:11.128+0000] {processor.py:925} INFO - DAG(s) 'example_short_circuit_operator' retrieved from /home/airflow/.local/lib/python3.12/site-packages/airflow/example_dags/example_short_circuit_operator.py
[2024-11-04T20:19:11.149+0000] {logging_mixin.py:190} INFO - [2024-11-04T20:19:11.149+0000] {dag.py:3239} INFO - Sync 1 DAGs
[2024-11-04T20:19:11.165+0000] {logging_mixin.py:190} INFO - [2024-11-04T20:19:11.164+0000] {dag.py:4180} INFO - Setting next_dagrun for example_short_circuit_operator to None, run_after=None
[2024-11-04T20:19:11.186+0000] {processor.py:208} INFO - Processing /home/airflow/.local/lib/python3.12/site-packages/airflow/example_dags/example_short_circuit_operator.py took 0.075 seconds
[2024-11-04T20:19:41.747+0000] {processor.py:186} INFO - Started process (PID=422) to work on /home/airflow/.local/lib/python3.12/site-packages/airflow/example_dags/example_short_circuit_operator.py
[2024-11-04T20:19:41.748+0000] {processor.py:914} INFO - Processing file /home/airflow/.local/lib/python3.12/site-packages/airflow/example_dags/example_short_circuit_operator.py for tasks to queue
[2024-11-04T20:19:41.751+0000] {logging_mixin.py:190} INFO - [2024-11-04T20:19:41.751+0000] {dagbag.py:588} INFO - Filling up the DagBag from /home/airflow/.local/lib/python3.12/site-packages/airflow/example_dags/example_short_circuit_operator.py
[2024-11-04T20:19:41.759+0000] {processor.py:925} INFO - DAG(s) 'example_short_circuit_operator' retrieved from /home/airflow/.local/lib/python3.12/site-packages/airflow/example_dags/example_short_circuit_operator.py
[2024-11-04T20:19:41.783+0000] {logging_mixin.py:190} INFO - [2024-11-04T20:19:41.783+0000] {dag.py:3239} INFO - Sync 1 DAGs
[2024-11-04T20:19:41.804+0000] {logging_mixin.py:190} INFO - [2024-11-04T20:19:41.804+0000] {dag.py:4180} INFO - Setting next_dagrun for example_short_circuit_operator to None, run_after=None
[2024-11-04T20:19:41.831+0000] {processor.py:208} INFO - Processing /home/airflow/.local/lib/python3.12/site-packages/airflow/example_dags/example_short_circuit_operator.py took 0.089 seconds
[2024-11-04T20:20:12.465+0000] {processor.py:186} INFO - Started process (PID=488) to work on /home/airflow/.local/lib/python3.12/site-packages/airflow/example_dags/example_short_circuit_operator.py
[2024-11-04T20:20:12.466+0000] {processor.py:914} INFO - Processing file /home/airflow/.local/lib/python3.12/site-packages/airflow/example_dags/example_short_circuit_operator.py for tasks to queue
[2024-11-04T20:20:12.468+0000] {logging_mixin.py:190} INFO - [2024-11-04T20:20:12.468+0000] {dagbag.py:588} INFO - Filling up the DagBag from /home/airflow/.local/lib/python3.12/site-packages/airflow/example_dags/example_short_circuit_operator.py
[2024-11-04T20:20:12.476+0000] {processor.py:925} INFO - DAG(s) 'example_short_circuit_operator' retrieved from /home/airflow/.local/lib/python3.12/site-packages/airflow/example_dags/example_short_circuit_operator.py
[2024-11-04T20:20:12.497+0000] {logging_mixin.py:190} INFO - [2024-11-04T20:20:12.497+0000] {dag.py:3239} INFO - Sync 1 DAGs
[2024-11-04T20:20:12.509+0000] {logging_mixin.py:190} INFO - [2024-11-04T20:20:12.509+0000] {dag.py:4180} INFO - Setting next_dagrun for example_short_circuit_operator to None, run_after=None
[2024-11-04T20:20:12.527+0000] {processor.py:208} INFO - Processing /home/airflow/.local/lib/python3.12/site-packages/airflow/example_dags/example_short_circuit_operator.py took 0.068 seconds
[2024-11-04T20:20:43.100+0000] {processor.py:186} INFO - Started process (PID=555) to work on /home/airflow/.local/lib/python3.12/site-packages/airflow/example_dags/example_short_circuit_operator.py
[2024-11-04T20:20:43.101+0000] {processor.py:914} INFO - Processing file /home/airflow/.local/lib/python3.12/site-packages/airflow/example_dags/example_short_circuit_operator.py for tasks to queue
[2024-11-04T20:20:43.104+0000] {logging_mixin.py:190} INFO - [2024-11-04T20:20:43.104+0000] {dagbag.py:588} INFO - Filling up the DagBag from /home/airflow/.local/lib/python3.12/site-packages/airflow/example_dags/example_short_circuit_operator.py
[2024-11-04T20:20:43.111+0000] {processor.py:925} INFO - DAG(s) 'example_short_circuit_operator' retrieved from /home/airflow/.local/lib/python3.12/site-packages/airflow/example_dags/example_short_circuit_operator.py
[2024-11-04T20:20:43.131+0000] {logging_mixin.py:190} INFO - [2024-11-04T20:20:43.131+0000] {dag.py:3239} INFO - Sync 1 DAGs
[2024-11-04T20:20:43.143+0000] {logging_mixin.py:190} INFO - [2024-11-04T20:20:43.143+0000] {dag.py:4180} INFO - Setting next_dagrun for example_short_circuit_operator to None, run_after=None
[2024-11-04T20:20:43.161+0000] {processor.py:208} INFO - Processing /home/airflow/.local/lib/python3.12/site-packages/airflow/example_dags/example_short_circuit_operator.py took 0.066 seconds
[2024-11-04T20:21:13.669+0000] {processor.py:186} INFO - Started process (PID=621) to work on /home/airflow/.local/lib/python3.12/site-packages/airflow/example_dags/example_short_circuit_operator.py
[2024-11-04T20:21:13.671+0000] {processor.py:914} INFO - Processing file /home/airflow/.local/lib/python3.12/site-packages/airflow/example_dags/example_short_circuit_operator.py for tasks to queue
[2024-11-04T20:21:13.674+0000] {logging_mixin.py:190} INFO - [2024-11-04T20:21:13.673+0000] {dagbag.py:588} INFO - Filling up the DagBag from /home/airflow/.local/lib/python3.12/site-packages/airflow/example_dags/example_short_circuit_operator.py
[2024-11-04T20:21:13.683+0000] {processor.py:925} INFO - DAG(s) 'example_short_circuit_operator' retrieved from /home/airflow/.local/lib/python3.12/site-packages/airflow/example_dags/example_short_circuit_operator.py
[2024-11-04T20:21:13.703+0000] {logging_mixin.py:190} INFO - [2024-11-04T20:21:13.703+0000] {dag.py:3239} INFO - Sync 1 DAGs
[2024-11-04T20:21:13.715+0000] {logging_mixin.py:190} INFO - [2024-11-04T20:21:13.715+0000] {dag.py:4180} INFO - Setting next_dagrun for example_short_circuit_operator to None, run_after=None
[2024-11-04T20:21:13.736+0000] {processor.py:208} INFO - Processing /home/airflow/.local/lib/python3.12/site-packages/airflow/example_dags/example_short_circuit_operator.py took 0.072 seconds
[2024-11-04T20:21:43.973+0000] {processor.py:186} INFO - Started process (PID=687) to work on /home/airflow/.local/lib/python3.12/site-packages/airflow/example_dags/example_short_circuit_operator.py
[2024-11-04T20:21:43.974+0000] {processor.py:914} INFO - Processing file /home/airflow/.local/lib/python3.12/site-packages/airflow/example_dags/example_short_circuit_operator.py for tasks to queue
[2024-11-04T20:21:43.977+0000] {logging_mixin.py:190} INFO - [2024-11-04T20:21:43.977+0000] {dagbag.py:588} INFO - Filling up the DagBag from /home/airflow/.local/lib/python3.12/site-packages/airflow/example_dags/example_short_circuit_operator.py
[2024-11-04T20:21:43.985+0000] {processor.py:925} INFO - DAG(s) 'example_short_circuit_operator' retrieved from /home/airflow/.local/lib/python3.12/site-packages/airflow/example_dags/example_short_circuit_operator.py
[2024-11-04T20:21:44.005+0000] {logging_mixin.py:190} INFO - [2024-11-04T20:21:44.005+0000] {dag.py:3239} INFO - Sync 1 DAGs
[2024-11-04T20:21:44.017+0000] {logging_mixin.py:190} INFO - [2024-11-04T20:21:44.017+0000] {dag.py:4180} INFO - Setting next_dagrun for example_short_circuit_operator to None, run_after=None
[2024-11-04T20:21:44.033+0000] {processor.py:208} INFO - Processing /home/airflow/.local/lib/python3.12/site-packages/airflow/example_dags/example_short_circuit_operator.py took 0.064 seconds
[2024-11-04T20:22:15.110+0000] {processor.py:186} INFO - Started process (PID=753) to work on /home/airflow/.local/lib/python3.12/site-packages/airflow/example_dags/example_short_circuit_operator.py
[2024-11-04T20:22:15.111+0000] {processor.py:914} INFO - Processing file /home/airflow/.local/lib/python3.12/site-packages/airflow/example_dags/example_short_circuit_operator.py for tasks to queue
[2024-11-04T20:22:15.115+0000] {logging_mixin.py:190} INFO - [2024-11-04T20:22:15.114+0000] {dagbag.py:588} INFO - Filling up the DagBag from /home/airflow/.local/lib/python3.12/site-packages/airflow/example_dags/example_short_circuit_operator.py
[2024-11-04T20:22:15.126+0000] {processor.py:925} INFO - DAG(s) 'example_short_circuit_operator' retrieved from /home/airflow/.local/lib/python3.12/site-packages/airflow/example_dags/example_short_circuit_operator.py
[2024-11-04T20:22:15.148+0000] {logging_mixin.py:190} INFO - [2024-11-04T20:22:15.148+0000] {dag.py:3239} INFO - Sync 1 DAGs
[2024-11-04T20:22:15.161+0000] {logging_mixin.py:190} INFO - [2024-11-04T20:22:15.161+0000] {dag.py:4180} INFO - Setting next_dagrun for example_short_circuit_operator to None, run_after=None
[2024-11-04T20:22:15.195+0000] {processor.py:208} INFO - Processing /home/airflow/.local/lib/python3.12/site-packages/airflow/example_dags/example_short_circuit_operator.py took 0.090 seconds
[2024-11-04T20:22:46.213+0000] {processor.py:186} INFO - Started process (PID=824) to work on /home/airflow/.local/lib/python3.12/site-packages/airflow/example_dags/example_short_circuit_operator.py
[2024-11-04T20:22:46.215+0000] {processor.py:914} INFO - Processing file /home/airflow/.local/lib/python3.12/site-packages/airflow/example_dags/example_short_circuit_operator.py for tasks to queue
[2024-11-04T20:22:46.218+0000] {logging_mixin.py:190} INFO - [2024-11-04T20:22:46.218+0000] {dagbag.py:588} INFO - Filling up the DagBag from /home/airflow/.local/lib/python3.12/site-packages/airflow/example_dags/example_short_circuit_operator.py
[2024-11-04T20:22:46.227+0000] {processor.py:925} INFO - DAG(s) 'example_short_circuit_operator' retrieved from /home/airflow/.local/lib/python3.12/site-packages/airflow/example_dags/example_short_circuit_operator.py
[2024-11-04T20:22:46.251+0000] {logging_mixin.py:190} INFO - [2024-11-04T20:22:46.251+0000] {dag.py:3239} INFO - Sync 1 DAGs
[2024-11-04T20:22:46.267+0000] {logging_mixin.py:190} INFO - [2024-11-04T20:22:46.266+0000] {dag.py:4180} INFO - Setting next_dagrun for example_short_circuit_operator to None, run_after=None
[2024-11-04T20:22:46.288+0000] {processor.py:208} INFO - Processing /home/airflow/.local/lib/python3.12/site-packages/airflow/example_dags/example_short_circuit_operator.py took 0.080 seconds
[2024-11-04T20:25:43.262+0000] {processor.py:186} INFO - Started process (PID=103) to work on /home/airflow/.local/lib/python3.12/site-packages/airflow/example_dags/example_short_circuit_operator.py
[2024-11-04T20:25:43.264+0000] {processor.py:914} INFO - Processing file /home/airflow/.local/lib/python3.12/site-packages/airflow/example_dags/example_short_circuit_operator.py for tasks to queue
[2024-11-04T20:25:43.269+0000] {logging_mixin.py:190} INFO - [2024-11-04T20:25:43.268+0000] {dagbag.py:588} INFO - Filling up the DagBag from /home/airflow/.local/lib/python3.12/site-packages/airflow/example_dags/example_short_circuit_operator.py
[2024-11-04T20:25:43.287+0000] {processor.py:925} INFO - DAG(s) 'example_short_circuit_operator' retrieved from /home/airflow/.local/lib/python3.12/site-packages/airflow/example_dags/example_short_circuit_operator.py
[2024-11-04T20:25:43.333+0000] {logging_mixin.py:190} INFO - [2024-11-04T20:25:43.333+0000] {dag.py:3239} INFO - Sync 1 DAGs
[2024-11-04T20:25:43.359+0000] {logging_mixin.py:190} INFO - [2024-11-04T20:25:43.359+0000] {dag.py:4180} INFO - Setting next_dagrun for example_short_circuit_operator to None, run_after=None
[2024-11-04T20:25:43.396+0000] {processor.py:208} INFO - Processing /home/airflow/.local/lib/python3.12/site-packages/airflow/example_dags/example_short_circuit_operator.py took 0.143 seconds
[2024-11-04T20:26:13.678+0000] {processor.py:186} INFO - Started process (PID=170) to work on /home/airflow/.local/lib/python3.12/site-packages/airflow/example_dags/example_short_circuit_operator.py
[2024-11-04T20:26:13.679+0000] {processor.py:914} INFO - Processing file /home/airflow/.local/lib/python3.12/site-packages/airflow/example_dags/example_short_circuit_operator.py for tasks to queue
[2024-11-04T20:26:13.684+0000] {logging_mixin.py:190} INFO - [2024-11-04T20:26:13.683+0000] {dagbag.py:588} INFO - Filling up the DagBag from /home/airflow/.local/lib/python3.12/site-packages/airflow/example_dags/example_short_circuit_operator.py
[2024-11-04T20:26:13.692+0000] {processor.py:925} INFO - DAG(s) 'example_short_circuit_operator' retrieved from /home/airflow/.local/lib/python3.12/site-packages/airflow/example_dags/example_short_circuit_operator.py
[2024-11-04T20:26:13.717+0000] {logging_mixin.py:190} INFO - [2024-11-04T20:26:13.717+0000] {dag.py:3239} INFO - Sync 1 DAGs
[2024-11-04T20:26:13.734+0000] {logging_mixin.py:190} INFO - [2024-11-04T20:26:13.733+0000] {dag.py:4180} INFO - Setting next_dagrun for example_short_circuit_operator to None, run_after=None
[2024-11-04T20:26:13.754+0000] {processor.py:208} INFO - Processing /home/airflow/.local/lib/python3.12/site-packages/airflow/example_dags/example_short_circuit_operator.py took 0.082 seconds
[2024-11-04T20:27:23.247+0000] {processor.py:186} INFO - Started process (PID=95) to work on /home/airflow/.local/lib/python3.12/site-packages/airflow/example_dags/example_short_circuit_operator.py
[2024-11-04T20:27:23.249+0000] {processor.py:914} INFO - Processing file /home/airflow/.local/lib/python3.12/site-packages/airflow/example_dags/example_short_circuit_operator.py for tasks to queue
[2024-11-04T20:27:23.252+0000] {logging_mixin.py:190} INFO - [2024-11-04T20:27:23.252+0000] {dagbag.py:588} INFO - Filling up the DagBag from /home/airflow/.local/lib/python3.12/site-packages/airflow/example_dags/example_short_circuit_operator.py
[2024-11-04T20:27:23.263+0000] {processor.py:925} INFO - DAG(s) 'example_short_circuit_operator' retrieved from /home/airflow/.local/lib/python3.12/site-packages/airflow/example_dags/example_short_circuit_operator.py
[2024-11-04T20:27:23.293+0000] {logging_mixin.py:190} INFO - [2024-11-04T20:27:23.293+0000] {dag.py:3239} INFO - Sync 1 DAGs
[2024-11-04T20:27:23.310+0000] {logging_mixin.py:190} INFO - [2024-11-04T20:27:23.309+0000] {dag.py:4180} INFO - Setting next_dagrun for example_short_circuit_operator to None, run_after=None
[2024-11-04T20:27:23.345+0000] {processor.py:208} INFO - Processing /home/airflow/.local/lib/python3.12/site-packages/airflow/example_dags/example_short_circuit_operator.py took 0.105 seconds
[2024-11-04T20:27:54.137+0000] {processor.py:186} INFO - Started process (PID=161) to work on /home/airflow/.local/lib/python3.12/site-packages/airflow/example_dags/example_short_circuit_operator.py
[2024-11-04T20:27:54.139+0000] {processor.py:914} INFO - Processing file /home/airflow/.local/lib/python3.12/site-packages/airflow/example_dags/example_short_circuit_operator.py for tasks to queue
[2024-11-04T20:27:54.143+0000] {logging_mixin.py:190} INFO - [2024-11-04T20:27:54.142+0000] {dagbag.py:588} INFO - Filling up the DagBag from /home/airflow/.local/lib/python3.12/site-packages/airflow/example_dags/example_short_circuit_operator.py
[2024-11-04T20:27:54.152+0000] {processor.py:925} INFO - DAG(s) 'example_short_circuit_operator' retrieved from /home/airflow/.local/lib/python3.12/site-packages/airflow/example_dags/example_short_circuit_operator.py
[2024-11-04T20:27:54.182+0000] {logging_mixin.py:190} INFO - [2024-11-04T20:27:54.182+0000] {dag.py:3239} INFO - Sync 1 DAGs
[2024-11-04T20:27:54.199+0000] {logging_mixin.py:190} INFO - [2024-11-04T20:27:54.199+0000] {dag.py:4180} INFO - Setting next_dagrun for example_short_circuit_operator to None, run_after=None
[2024-11-04T20:27:54.226+0000] {processor.py:208} INFO - Processing /home/airflow/.local/lib/python3.12/site-packages/airflow/example_dags/example_short_circuit_operator.py took 0.094 seconds
[2024-11-04T20:28:24.454+0000] {processor.py:186} INFO - Started process (PID=226) to work on /home/airflow/.local/lib/python3.12/site-packages/airflow/example_dags/example_short_circuit_operator.py
[2024-11-04T20:28:24.455+0000] {processor.py:914} INFO - Processing file /home/airflow/.local/lib/python3.12/site-packages/airflow/example_dags/example_short_circuit_operator.py for tasks to queue
[2024-11-04T20:28:24.458+0000] {logging_mixin.py:190} INFO - [2024-11-04T20:28:24.458+0000] {dagbag.py:588} INFO - Filling up the DagBag from /home/airflow/.local/lib/python3.12/site-packages/airflow/example_dags/example_short_circuit_operator.py
[2024-11-04T20:28:24.465+0000] {processor.py:925} INFO - DAG(s) 'example_short_circuit_operator' retrieved from /home/airflow/.local/lib/python3.12/site-packages/airflow/example_dags/example_short_circuit_operator.py
[2024-11-04T20:28:24.486+0000] {logging_mixin.py:190} INFO - [2024-11-04T20:28:24.485+0000] {dag.py:3239} INFO - Sync 1 DAGs
[2024-11-04T20:28:24.497+0000] {logging_mixin.py:190} INFO - [2024-11-04T20:28:24.497+0000] {dag.py:4180} INFO - Setting next_dagrun for example_short_circuit_operator to None, run_after=None
[2024-11-04T20:28:24.516+0000] {processor.py:208} INFO - Processing /home/airflow/.local/lib/python3.12/site-packages/airflow/example_dags/example_short_circuit_operator.py took 0.068 seconds
[2024-11-04T20:28:55.073+0000] {processor.py:186} INFO - Started process (PID=292) to work on /home/airflow/.local/lib/python3.12/site-packages/airflow/example_dags/example_short_circuit_operator.py
[2024-11-04T20:28:55.074+0000] {processor.py:914} INFO - Processing file /home/airflow/.local/lib/python3.12/site-packages/airflow/example_dags/example_short_circuit_operator.py for tasks to queue
[2024-11-04T20:28:55.077+0000] {logging_mixin.py:190} INFO - [2024-11-04T20:28:55.077+0000] {dagbag.py:588} INFO - Filling up the DagBag from /home/airflow/.local/lib/python3.12/site-packages/airflow/example_dags/example_short_circuit_operator.py
[2024-11-04T20:28:55.084+0000] {processor.py:925} INFO - DAG(s) 'example_short_circuit_operator' retrieved from /home/airflow/.local/lib/python3.12/site-packages/airflow/example_dags/example_short_circuit_operator.py
[2024-11-04T20:28:55.104+0000] {logging_mixin.py:190} INFO - [2024-11-04T20:28:55.104+0000] {dag.py:3239} INFO - Sync 1 DAGs
[2024-11-04T20:28:55.115+0000] {logging_mixin.py:190} INFO - [2024-11-04T20:28:55.114+0000] {dag.py:4180} INFO - Setting next_dagrun for example_short_circuit_operator to None, run_after=None
[2024-11-04T20:28:55.149+0000] {processor.py:208} INFO - Processing /home/airflow/.local/lib/python3.12/site-packages/airflow/example_dags/example_short_circuit_operator.py took 0.081 seconds
