[2024-11-04T20:09:05.910+0000] {processor.py:186} INFO - Started process (PID=103) to work on /home/airflow/.local/lib/python3.12/site-packages/airflow/example_dags/example_dataset_alias.py
[2024-11-04T20:09:05.912+0000] {processor.py:914} INFO - Processing file /home/airflow/.local/lib/python3.12/site-packages/airflow/example_dags/example_dataset_alias.py for tasks to queue
[2024-11-04T20:09:05.922+0000] {logging_mixin.py:190} INFO - [2024-11-04T20:09:05.922+0000] {dagbag.py:588} INFO - Filling up the DagBag from /home/airflow/.local/lib/python3.12/site-packages/airflow/example_dags/example_dataset_alias.py
[2024-11-04T20:09:06.349+0000] {processor.py:925} INFO - DAG(s) 'dataset_s3_bucket_producer', 'dataset_alias_example_alias_producer', 'dataset_s3_bucket_consumer', 'dataset_alias_example_alias_consumer' retrieved from /home/airflow/.local/lib/python3.12/site-packages/airflow/example_dags/example_dataset_alias.py
[2024-11-04T20:09:06.412+0000] {logging_mixin.py:190} INFO - [2024-11-04T20:09:06.412+0000] {dag.py:3239} INFO - Sync 4 DAGs
[2024-11-04T20:09:06.486+0000] {logging_mixin.py:190} INFO - [2024-11-04T20:09:06.486+0000] {dag.py:4180} INFO - Setting next_dagrun for dataset_alias_example_alias_consumer to None, run_after=None
[2024-11-04T20:09:06.497+0000] {logging_mixin.py:190} INFO - [2024-11-04T20:09:06.496+0000] {dag.py:4180} INFO - Setting next_dagrun for dataset_alias_example_alias_producer to None, run_after=None
[2024-11-04T20:09:06.508+0000] {logging_mixin.py:190} INFO - [2024-11-04T20:09:06.508+0000] {dag.py:4180} INFO - Setting next_dagrun for dataset_s3_bucket_consumer to None, run_after=None
[2024-11-04T20:09:06.512+0000] {logging_mixin.py:190} INFO - [2024-11-04T20:09:06.511+0000] {dag.py:4180} INFO - Setting next_dagrun for dataset_s3_bucket_producer to None, run_after=None
[2024-11-04T20:09:06.570+0000] {processor.py:208} INFO - Processing /home/airflow/.local/lib/python3.12/site-packages/airflow/example_dags/example_dataset_alias.py took 0.673 seconds
[2024-11-04T20:09:37.278+0000] {processor.py:186} INFO - Started process (PID=168) to work on /home/airflow/.local/lib/python3.12/site-packages/airflow/example_dags/example_dataset_alias.py
[2024-11-04T20:09:37.280+0000] {processor.py:914} INFO - Processing file /home/airflow/.local/lib/python3.12/site-packages/airflow/example_dags/example_dataset_alias.py for tasks to queue
[2024-11-04T20:09:37.282+0000] {logging_mixin.py:190} INFO - [2024-11-04T20:09:37.281+0000] {dagbag.py:588} INFO - Filling up the DagBag from /home/airflow/.local/lib/python3.12/site-packages/airflow/example_dags/example_dataset_alias.py
[2024-11-04T20:09:37.429+0000] {processor.py:925} INFO - DAG(s) 'dataset_alias_example_alias_consumer', 'dataset_s3_bucket_consumer', 'dataset_alias_example_alias_producer', 'dataset_s3_bucket_producer' retrieved from /home/airflow/.local/lib/python3.12/site-packages/airflow/example_dags/example_dataset_alias.py
[2024-11-04T20:09:37.448+0000] {logging_mixin.py:190} INFO - [2024-11-04T20:09:37.448+0000] {dag.py:3239} INFO - Sync 4 DAGs
[2024-11-04T20:09:37.468+0000] {logging_mixin.py:190} INFO - [2024-11-04T20:09:37.468+0000] {dag.py:4180} INFO - Setting next_dagrun for dataset_alias_example_alias_consumer to None, run_after=None
[2024-11-04T20:09:37.471+0000] {logging_mixin.py:190} INFO - [2024-11-04T20:09:37.470+0000] {dag.py:4180} INFO - Setting next_dagrun for dataset_alias_example_alias_producer to None, run_after=None
[2024-11-04T20:09:37.472+0000] {logging_mixin.py:190} INFO - [2024-11-04T20:09:37.472+0000] {dag.py:4180} INFO - Setting next_dagrun for dataset_s3_bucket_consumer to None, run_after=None
[2024-11-04T20:09:37.474+0000] {logging_mixin.py:190} INFO - [2024-11-04T20:09:37.474+0000] {dag.py:4180} INFO - Setting next_dagrun for dataset_s3_bucket_producer to None, run_after=None
[2024-11-04T20:09:37.498+0000] {processor.py:208} INFO - Processing /home/airflow/.local/lib/python3.12/site-packages/airflow/example_dags/example_dataset_alias.py took 0.224 seconds
[2024-11-04T20:10:07.798+0000] {processor.py:186} INFO - Started process (PID=233) to work on /home/airflow/.local/lib/python3.12/site-packages/airflow/example_dags/example_dataset_alias.py
[2024-11-04T20:10:07.800+0000] {processor.py:914} INFO - Processing file /home/airflow/.local/lib/python3.12/site-packages/airflow/example_dags/example_dataset_alias.py for tasks to queue
[2024-11-04T20:10:07.807+0000] {logging_mixin.py:190} INFO - [2024-11-04T20:10:07.806+0000] {dagbag.py:588} INFO - Filling up the DagBag from /home/airflow/.local/lib/python3.12/site-packages/airflow/example_dags/example_dataset_alias.py
[2024-11-04T20:10:08.051+0000] {processor.py:925} INFO - DAG(s) 'dataset_alias_example_alias_producer', 'dataset_s3_bucket_consumer', 'dataset_alias_example_alias_consumer', 'dataset_s3_bucket_producer' retrieved from /home/airflow/.local/lib/python3.12/site-packages/airflow/example_dags/example_dataset_alias.py
[2024-11-04T20:10:08.098+0000] {logging_mixin.py:190} INFO - [2024-11-04T20:10:08.097+0000] {dag.py:3239} INFO - Sync 4 DAGs
[2024-11-04T20:10:08.139+0000] {logging_mixin.py:190} INFO - [2024-11-04T20:10:08.138+0000] {dag.py:4180} INFO - Setting next_dagrun for dataset_alias_example_alias_consumer to None, run_after=None
[2024-11-04T20:10:08.143+0000] {logging_mixin.py:190} INFO - [2024-11-04T20:10:08.142+0000] {dag.py:4180} INFO - Setting next_dagrun for dataset_alias_example_alias_producer to None, run_after=None
[2024-11-04T20:10:08.145+0000] {logging_mixin.py:190} INFO - [2024-11-04T20:10:08.145+0000] {dag.py:4180} INFO - Setting next_dagrun for dataset_s3_bucket_consumer to None, run_after=None
[2024-11-04T20:10:08.147+0000] {logging_mixin.py:190} INFO - [2024-11-04T20:10:08.147+0000] {dag.py:4180} INFO - Setting next_dagrun for dataset_s3_bucket_producer to None, run_after=None
[2024-11-04T20:10:08.189+0000] {processor.py:208} INFO - Processing /home/airflow/.local/lib/python3.12/site-packages/airflow/example_dags/example_dataset_alias.py took 0.404 seconds
[2024-11-04T20:10:38.265+0000] {processor.py:186} INFO - Started process (PID=299) to work on /home/airflow/.local/lib/python3.12/site-packages/airflow/example_dags/example_dataset_alias.py
[2024-11-04T20:10:38.267+0000] {processor.py:914} INFO - Processing file /home/airflow/.local/lib/python3.12/site-packages/airflow/example_dags/example_dataset_alias.py for tasks to queue
[2024-11-04T20:10:38.271+0000] {logging_mixin.py:190} INFO - [2024-11-04T20:10:38.270+0000] {dagbag.py:588} INFO - Filling up the DagBag from /home/airflow/.local/lib/python3.12/site-packages/airflow/example_dags/example_dataset_alias.py
[2024-11-04T20:10:38.454+0000] {processor.py:925} INFO - DAG(s) 'dataset_s3_bucket_consumer', 'dataset_alias_example_alias_consumer', 'dataset_s3_bucket_producer', 'dataset_alias_example_alias_producer' retrieved from /home/airflow/.local/lib/python3.12/site-packages/airflow/example_dags/example_dataset_alias.py
[2024-11-04T20:10:38.481+0000] {logging_mixin.py:190} INFO - [2024-11-04T20:10:38.481+0000] {dag.py:3239} INFO - Sync 4 DAGs
[2024-11-04T20:10:38.508+0000] {logging_mixin.py:190} INFO - [2024-11-04T20:10:38.508+0000] {dag.py:4180} INFO - Setting next_dagrun for dataset_alias_example_alias_consumer to None, run_after=None
[2024-11-04T20:10:38.513+0000] {logging_mixin.py:190} INFO - [2024-11-04T20:10:38.512+0000] {dag.py:4180} INFO - Setting next_dagrun for dataset_alias_example_alias_producer to None, run_after=None
[2024-11-04T20:10:38.516+0000] {logging_mixin.py:190} INFO - [2024-11-04T20:10:38.515+0000] {dag.py:4180} INFO - Setting next_dagrun for dataset_s3_bucket_consumer to None, run_after=None
[2024-11-04T20:10:38.518+0000] {logging_mixin.py:190} INFO - [2024-11-04T20:10:38.517+0000] {dag.py:4180} INFO - Setting next_dagrun for dataset_s3_bucket_producer to None, run_after=None
[2024-11-04T20:10:38.557+0000] {processor.py:208} INFO - Processing /home/airflow/.local/lib/python3.12/site-packages/airflow/example_dags/example_dataset_alias.py took 0.298 seconds
[2024-11-04T20:11:08.976+0000] {processor.py:186} INFO - Started process (PID=362) to work on /home/airflow/.local/lib/python3.12/site-packages/airflow/example_dags/example_dataset_alias.py
[2024-11-04T20:11:08.977+0000] {processor.py:914} INFO - Processing file /home/airflow/.local/lib/python3.12/site-packages/airflow/example_dags/example_dataset_alias.py for tasks to queue
[2024-11-04T20:11:08.981+0000] {logging_mixin.py:190} INFO - [2024-11-04T20:11:08.980+0000] {dagbag.py:588} INFO - Filling up the DagBag from /home/airflow/.local/lib/python3.12/site-packages/airflow/example_dags/example_dataset_alias.py
[2024-11-04T20:11:09.171+0000] {processor.py:925} INFO - DAG(s) 'dataset_alias_example_alias_consumer', 'dataset_s3_bucket_consumer', 'dataset_alias_example_alias_producer', 'dataset_s3_bucket_producer' retrieved from /home/airflow/.local/lib/python3.12/site-packages/airflow/example_dags/example_dataset_alias.py
[2024-11-04T20:11:09.193+0000] {logging_mixin.py:190} INFO - [2024-11-04T20:11:09.193+0000] {dag.py:3239} INFO - Sync 4 DAGs
[2024-11-04T20:11:09.222+0000] {logging_mixin.py:190} INFO - [2024-11-04T20:11:09.222+0000] {dag.py:4180} INFO - Setting next_dagrun for dataset_alias_example_alias_consumer to None, run_after=None
[2024-11-04T20:11:09.225+0000] {logging_mixin.py:190} INFO - [2024-11-04T20:11:09.225+0000] {dag.py:4180} INFO - Setting next_dagrun for dataset_alias_example_alias_producer to None, run_after=None
[2024-11-04T20:11:09.227+0000] {logging_mixin.py:190} INFO - [2024-11-04T20:11:09.226+0000] {dag.py:4180} INFO - Setting next_dagrun for dataset_s3_bucket_consumer to None, run_after=None
[2024-11-04T20:11:09.229+0000] {logging_mixin.py:190} INFO - [2024-11-04T20:11:09.229+0000] {dag.py:4180} INFO - Setting next_dagrun for dataset_s3_bucket_producer to None, run_after=None
[2024-11-04T20:11:09.253+0000] {processor.py:208} INFO - Processing /home/airflow/.local/lib/python3.12/site-packages/airflow/example_dags/example_dataset_alias.py took 0.284 seconds
[2024-11-04T20:11:39.560+0000] {processor.py:186} INFO - Started process (PID=427) to work on /home/airflow/.local/lib/python3.12/site-packages/airflow/example_dags/example_dataset_alias.py
[2024-11-04T20:11:39.561+0000] {processor.py:914} INFO - Processing file /home/airflow/.local/lib/python3.12/site-packages/airflow/example_dags/example_dataset_alias.py for tasks to queue
[2024-11-04T20:11:39.563+0000] {logging_mixin.py:190} INFO - [2024-11-04T20:11:39.563+0000] {dagbag.py:588} INFO - Filling up the DagBag from /home/airflow/.local/lib/python3.12/site-packages/airflow/example_dags/example_dataset_alias.py
[2024-11-04T20:11:39.707+0000] {processor.py:925} INFO - DAG(s) 'dataset_s3_bucket_consumer', 'dataset_alias_example_alias_consumer', 'dataset_alias_example_alias_producer', 'dataset_s3_bucket_producer' retrieved from /home/airflow/.local/lib/python3.12/site-packages/airflow/example_dags/example_dataset_alias.py
[2024-11-04T20:11:39.728+0000] {logging_mixin.py:190} INFO - [2024-11-04T20:11:39.728+0000] {dag.py:3239} INFO - Sync 4 DAGs
[2024-11-04T20:11:39.747+0000] {logging_mixin.py:190} INFO - [2024-11-04T20:11:39.747+0000] {dag.py:4180} INFO - Setting next_dagrun for dataset_alias_example_alias_consumer to None, run_after=None
[2024-11-04T20:11:39.751+0000] {logging_mixin.py:190} INFO - [2024-11-04T20:11:39.750+0000] {dag.py:4180} INFO - Setting next_dagrun for dataset_alias_example_alias_producer to None, run_after=None
[2024-11-04T20:11:39.752+0000] {logging_mixin.py:190} INFO - [2024-11-04T20:11:39.752+0000] {dag.py:4180} INFO - Setting next_dagrun for dataset_s3_bucket_consumer to None, run_after=None
[2024-11-04T20:11:39.754+0000] {logging_mixin.py:190} INFO - [2024-11-04T20:11:39.754+0000] {dag.py:4180} INFO - Setting next_dagrun for dataset_s3_bucket_producer to None, run_after=None
[2024-11-04T20:11:39.775+0000] {processor.py:208} INFO - Processing /home/airflow/.local/lib/python3.12/site-packages/airflow/example_dags/example_dataset_alias.py took 0.220 seconds
[2024-11-04T20:12:10.621+0000] {processor.py:186} INFO - Started process (PID=492) to work on /home/airflow/.local/lib/python3.12/site-packages/airflow/example_dags/example_dataset_alias.py
[2024-11-04T20:12:10.623+0000] {processor.py:914} INFO - Processing file /home/airflow/.local/lib/python3.12/site-packages/airflow/example_dags/example_dataset_alias.py for tasks to queue
[2024-11-04T20:12:10.625+0000] {logging_mixin.py:190} INFO - [2024-11-04T20:12:10.625+0000] {dagbag.py:588} INFO - Filling up the DagBag from /home/airflow/.local/lib/python3.12/site-packages/airflow/example_dags/example_dataset_alias.py
[2024-11-04T20:12:10.780+0000] {processor.py:925} INFO - DAG(s) 'dataset_s3_bucket_producer', 'dataset_s3_bucket_consumer', 'dataset_alias_example_alias_producer', 'dataset_alias_example_alias_consumer' retrieved from /home/airflow/.local/lib/python3.12/site-packages/airflow/example_dags/example_dataset_alias.py
[2024-11-04T20:12:10.810+0000] {logging_mixin.py:190} INFO - [2024-11-04T20:12:10.810+0000] {dag.py:3239} INFO - Sync 4 DAGs
[2024-11-04T20:12:10.840+0000] {logging_mixin.py:190} INFO - [2024-11-04T20:12:10.840+0000] {dag.py:4180} INFO - Setting next_dagrun for dataset_alias_example_alias_consumer to None, run_after=None
[2024-11-04T20:12:10.845+0000] {logging_mixin.py:190} INFO - [2024-11-04T20:12:10.844+0000] {dag.py:4180} INFO - Setting next_dagrun for dataset_alias_example_alias_producer to None, run_after=None
[2024-11-04T20:12:10.847+0000] {logging_mixin.py:190} INFO - [2024-11-04T20:12:10.846+0000] {dag.py:4180} INFO - Setting next_dagrun for dataset_s3_bucket_consumer to None, run_after=None
[2024-11-04T20:12:10.849+0000] {logging_mixin.py:190} INFO - [2024-11-04T20:12:10.848+0000] {dag.py:4180} INFO - Setting next_dagrun for dataset_s3_bucket_producer to None, run_after=None
[2024-11-04T20:12:10.879+0000] {processor.py:208} INFO - Processing /home/airflow/.local/lib/python3.12/site-packages/airflow/example_dags/example_dataset_alias.py took 0.263 seconds
[2024-11-04T20:12:41.527+0000] {processor.py:186} INFO - Started process (PID=558) to work on /home/airflow/.local/lib/python3.12/site-packages/airflow/example_dags/example_dataset_alias.py
[2024-11-04T20:12:41.528+0000] {processor.py:914} INFO - Processing file /home/airflow/.local/lib/python3.12/site-packages/airflow/example_dags/example_dataset_alias.py for tasks to queue
[2024-11-04T20:12:41.531+0000] {logging_mixin.py:190} INFO - [2024-11-04T20:12:41.531+0000] {dagbag.py:588} INFO - Filling up the DagBag from /home/airflow/.local/lib/python3.12/site-packages/airflow/example_dags/example_dataset_alias.py
[2024-11-04T20:12:41.696+0000] {processor.py:925} INFO - DAG(s) 'dataset_s3_bucket_producer', 'dataset_alias_example_alias_consumer', 'dataset_s3_bucket_consumer', 'dataset_alias_example_alias_producer' retrieved from /home/airflow/.local/lib/python3.12/site-packages/airflow/example_dags/example_dataset_alias.py
[2024-11-04T20:12:41.730+0000] {logging_mixin.py:190} INFO - [2024-11-04T20:12:41.730+0000] {dag.py:3239} INFO - Sync 4 DAGs
[2024-11-04T20:12:41.757+0000] {logging_mixin.py:190} INFO - [2024-11-04T20:12:41.756+0000] {dag.py:4180} INFO - Setting next_dagrun for dataset_alias_example_alias_consumer to None, run_after=None
[2024-11-04T20:12:41.760+0000] {logging_mixin.py:190} INFO - [2024-11-04T20:12:41.760+0000] {dag.py:4180} INFO - Setting next_dagrun for dataset_alias_example_alias_producer to None, run_after=None
[2024-11-04T20:12:41.764+0000] {logging_mixin.py:190} INFO - [2024-11-04T20:12:41.763+0000] {dag.py:4180} INFO - Setting next_dagrun for dataset_s3_bucket_consumer to None, run_after=None
[2024-11-04T20:12:41.771+0000] {logging_mixin.py:190} INFO - [2024-11-04T20:12:41.770+0000] {dag.py:4180} INFO - Setting next_dagrun for dataset_s3_bucket_producer to None, run_after=None
[2024-11-04T20:12:41.801+0000] {processor.py:208} INFO - Processing /home/airflow/.local/lib/python3.12/site-packages/airflow/example_dags/example_dataset_alias.py took 0.281 seconds
[2024-11-04T20:13:12.012+0000] {processor.py:186} INFO - Started process (PID=623) to work on /home/airflow/.local/lib/python3.12/site-packages/airflow/example_dags/example_dataset_alias.py
[2024-11-04T20:13:12.013+0000] {processor.py:914} INFO - Processing file /home/airflow/.local/lib/python3.12/site-packages/airflow/example_dags/example_dataset_alias.py for tasks to queue
[2024-11-04T20:13:12.015+0000] {logging_mixin.py:190} INFO - [2024-11-04T20:13:12.015+0000] {dagbag.py:588} INFO - Filling up the DagBag from /home/airflow/.local/lib/python3.12/site-packages/airflow/example_dags/example_dataset_alias.py
[2024-11-04T20:13:12.159+0000] {processor.py:925} INFO - DAG(s) 'dataset_s3_bucket_consumer', 'dataset_s3_bucket_producer', 'dataset_alias_example_alias_consumer', 'dataset_alias_example_alias_producer' retrieved from /home/airflow/.local/lib/python3.12/site-packages/airflow/example_dags/example_dataset_alias.py
[2024-11-04T20:13:12.178+0000] {logging_mixin.py:190} INFO - [2024-11-04T20:13:12.178+0000] {dag.py:3239} INFO - Sync 4 DAGs
[2024-11-04T20:13:12.200+0000] {logging_mixin.py:190} INFO - [2024-11-04T20:13:12.200+0000] {dag.py:4180} INFO - Setting next_dagrun for dataset_alias_example_alias_consumer to None, run_after=None
[2024-11-04T20:13:12.204+0000] {logging_mixin.py:190} INFO - [2024-11-04T20:13:12.203+0000] {dag.py:4180} INFO - Setting next_dagrun for dataset_alias_example_alias_producer to None, run_after=None
[2024-11-04T20:13:12.205+0000] {logging_mixin.py:190} INFO - [2024-11-04T20:13:12.205+0000] {dag.py:4180} INFO - Setting next_dagrun for dataset_s3_bucket_consumer to None, run_after=None
[2024-11-04T20:13:12.207+0000] {logging_mixin.py:190} INFO - [2024-11-04T20:13:12.206+0000] {dag.py:4180} INFO - Setting next_dagrun for dataset_s3_bucket_producer to None, run_after=None
[2024-11-04T20:13:12.229+0000] {processor.py:208} INFO - Processing /home/airflow/.local/lib/python3.12/site-packages/airflow/example_dags/example_dataset_alias.py took 0.222 seconds
[2024-11-04T20:13:43.248+0000] {processor.py:186} INFO - Started process (PID=686) to work on /home/airflow/.local/lib/python3.12/site-packages/airflow/example_dags/example_dataset_alias.py
[2024-11-04T20:13:43.250+0000] {processor.py:914} INFO - Processing file /home/airflow/.local/lib/python3.12/site-packages/airflow/example_dags/example_dataset_alias.py for tasks to queue
[2024-11-04T20:13:43.253+0000] {logging_mixin.py:190} INFO - [2024-11-04T20:13:43.252+0000] {dagbag.py:588} INFO - Filling up the DagBag from /home/airflow/.local/lib/python3.12/site-packages/airflow/example_dags/example_dataset_alias.py
[2024-11-04T20:13:43.410+0000] {processor.py:925} INFO - DAG(s) 'dataset_alias_example_alias_producer', 'dataset_s3_bucket_producer', 'dataset_alias_example_alias_consumer', 'dataset_s3_bucket_consumer' retrieved from /home/airflow/.local/lib/python3.12/site-packages/airflow/example_dags/example_dataset_alias.py
[2024-11-04T20:13:43.433+0000] {logging_mixin.py:190} INFO - [2024-11-04T20:13:43.433+0000] {dag.py:3239} INFO - Sync 4 DAGs
[2024-11-04T20:13:43.455+0000] {logging_mixin.py:190} INFO - [2024-11-04T20:13:43.454+0000] {dag.py:4180} INFO - Setting next_dagrun for dataset_alias_example_alias_consumer to None, run_after=None
[2024-11-04T20:13:43.459+0000] {logging_mixin.py:190} INFO - [2024-11-04T20:13:43.458+0000] {dag.py:4180} INFO - Setting next_dagrun for dataset_alias_example_alias_producer to None, run_after=None
[2024-11-04T20:13:43.461+0000] {logging_mixin.py:190} INFO - [2024-11-04T20:13:43.461+0000] {dag.py:4180} INFO - Setting next_dagrun for dataset_s3_bucket_consumer to None, run_after=None
[2024-11-04T20:13:43.463+0000] {logging_mixin.py:190} INFO - [2024-11-04T20:13:43.463+0000] {dag.py:4180} INFO - Setting next_dagrun for dataset_s3_bucket_producer to None, run_after=None
[2024-11-04T20:13:43.483+0000] {processor.py:208} INFO - Processing /home/airflow/.local/lib/python3.12/site-packages/airflow/example_dags/example_dataset_alias.py took 0.240 seconds
[2024-11-04T20:14:13.543+0000] {processor.py:186} INFO - Started process (PID=751) to work on /home/airflow/.local/lib/python3.12/site-packages/airflow/example_dags/example_dataset_alias.py
[2024-11-04T20:14:13.545+0000] {processor.py:914} INFO - Processing file /home/airflow/.local/lib/python3.12/site-packages/airflow/example_dags/example_dataset_alias.py for tasks to queue
[2024-11-04T20:14:13.548+0000] {logging_mixin.py:190} INFO - [2024-11-04T20:14:13.547+0000] {dagbag.py:588} INFO - Filling up the DagBag from /home/airflow/.local/lib/python3.12/site-packages/airflow/example_dags/example_dataset_alias.py
[2024-11-04T20:14:13.685+0000] {processor.py:925} INFO - DAG(s) 'dataset_alias_example_alias_consumer', 'dataset_s3_bucket_producer', 'dataset_s3_bucket_consumer', 'dataset_alias_example_alias_producer' retrieved from /home/airflow/.local/lib/python3.12/site-packages/airflow/example_dags/example_dataset_alias.py
[2024-11-04T20:14:13.702+0000] {logging_mixin.py:190} INFO - [2024-11-04T20:14:13.702+0000] {dag.py:3239} INFO - Sync 4 DAGs
[2024-11-04T20:14:13.723+0000] {logging_mixin.py:190} INFO - [2024-11-04T20:14:13.723+0000] {dag.py:4180} INFO - Setting next_dagrun for dataset_alias_example_alias_consumer to None, run_after=None
[2024-11-04T20:14:13.726+0000] {logging_mixin.py:190} INFO - [2024-11-04T20:14:13.726+0000] {dag.py:4180} INFO - Setting next_dagrun for dataset_alias_example_alias_producer to None, run_after=None
[2024-11-04T20:14:13.727+0000] {logging_mixin.py:190} INFO - [2024-11-04T20:14:13.727+0000] {dag.py:4180} INFO - Setting next_dagrun for dataset_s3_bucket_consumer to None, run_after=None
[2024-11-04T20:14:13.729+0000] {logging_mixin.py:190} INFO - [2024-11-04T20:14:13.729+0000] {dag.py:4180} INFO - Setting next_dagrun for dataset_s3_bucket_producer to None, run_after=None
[2024-11-04T20:14:13.814+0000] {processor.py:208} INFO - Processing /home/airflow/.local/lib/python3.12/site-packages/airflow/example_dags/example_dataset_alias.py took 0.276 seconds
[2024-11-04T20:14:44.099+0000] {processor.py:186} INFO - Started process (PID=816) to work on /home/airflow/.local/lib/python3.12/site-packages/airflow/example_dags/example_dataset_alias.py
[2024-11-04T20:14:44.100+0000] {processor.py:914} INFO - Processing file /home/airflow/.local/lib/python3.12/site-packages/airflow/example_dags/example_dataset_alias.py for tasks to queue
[2024-11-04T20:14:44.103+0000] {logging_mixin.py:190} INFO - [2024-11-04T20:14:44.103+0000] {dagbag.py:588} INFO - Filling up the DagBag from /home/airflow/.local/lib/python3.12/site-packages/airflow/example_dags/example_dataset_alias.py
[2024-11-04T20:14:44.265+0000] {processor.py:925} INFO - DAG(s) 'dataset_s3_bucket_producer', 'dataset_alias_example_alias_consumer', 'dataset_alias_example_alias_producer', 'dataset_s3_bucket_consumer' retrieved from /home/airflow/.local/lib/python3.12/site-packages/airflow/example_dags/example_dataset_alias.py
[2024-11-04T20:14:44.287+0000] {logging_mixin.py:190} INFO - [2024-11-04T20:14:44.286+0000] {dag.py:3239} INFO - Sync 4 DAGs
[2024-11-04T20:14:44.311+0000] {logging_mixin.py:190} INFO - [2024-11-04T20:14:44.310+0000] {dag.py:4180} INFO - Setting next_dagrun for dataset_alias_example_alias_consumer to None, run_after=None
[2024-11-04T20:14:44.314+0000] {logging_mixin.py:190} INFO - [2024-11-04T20:14:44.314+0000] {dag.py:4180} INFO - Setting next_dagrun for dataset_alias_example_alias_producer to None, run_after=None
[2024-11-04T20:14:44.317+0000] {logging_mixin.py:190} INFO - [2024-11-04T20:14:44.316+0000] {dag.py:4180} INFO - Setting next_dagrun for dataset_s3_bucket_consumer to None, run_after=None
[2024-11-04T20:14:44.319+0000] {logging_mixin.py:190} INFO - [2024-11-04T20:14:44.319+0000] {dag.py:4180} INFO - Setting next_dagrun for dataset_s3_bucket_producer to None, run_after=None
[2024-11-04T20:14:44.343+0000] {processor.py:208} INFO - Processing /home/airflow/.local/lib/python3.12/site-packages/airflow/example_dags/example_dataset_alias.py took 0.251 seconds
[2024-11-04T20:15:14.686+0000] {processor.py:186} INFO - Started process (PID=880) to work on /home/airflow/.local/lib/python3.12/site-packages/airflow/example_dags/example_dataset_alias.py
[2024-11-04T20:15:14.687+0000] {processor.py:914} INFO - Processing file /home/airflow/.local/lib/python3.12/site-packages/airflow/example_dags/example_dataset_alias.py for tasks to queue
[2024-11-04T20:15:14.689+0000] {logging_mixin.py:190} INFO - [2024-11-04T20:15:14.689+0000] {dagbag.py:588} INFO - Filling up the DagBag from /home/airflow/.local/lib/python3.12/site-packages/airflow/example_dags/example_dataset_alias.py
[2024-11-04T20:15:14.832+0000] {processor.py:925} INFO - DAG(s) 'dataset_s3_bucket_consumer', 'dataset_alias_example_alias_producer', 'dataset_s3_bucket_producer', 'dataset_alias_example_alias_consumer' retrieved from /home/airflow/.local/lib/python3.12/site-packages/airflow/example_dags/example_dataset_alias.py
[2024-11-04T20:15:14.853+0000] {logging_mixin.py:190} INFO - [2024-11-04T20:15:14.853+0000] {dag.py:3239} INFO - Sync 4 DAGs
[2024-11-04T20:15:14.872+0000] {logging_mixin.py:190} INFO - [2024-11-04T20:15:14.872+0000] {dag.py:4180} INFO - Setting next_dagrun for dataset_alias_example_alias_consumer to None, run_after=None
[2024-11-04T20:15:14.875+0000] {logging_mixin.py:190} INFO - [2024-11-04T20:15:14.875+0000] {dag.py:4180} INFO - Setting next_dagrun for dataset_alias_example_alias_producer to None, run_after=None
[2024-11-04T20:15:14.877+0000] {logging_mixin.py:190} INFO - [2024-11-04T20:15:14.876+0000] {dag.py:4180} INFO - Setting next_dagrun for dataset_s3_bucket_consumer to None, run_after=None
[2024-11-04T20:15:14.878+0000] {logging_mixin.py:190} INFO - [2024-11-04T20:15:14.878+0000] {dag.py:4180} INFO - Setting next_dagrun for dataset_s3_bucket_producer to None, run_after=None
[2024-11-04T20:15:14.897+0000] {processor.py:208} INFO - Processing /home/airflow/.local/lib/python3.12/site-packages/airflow/example_dags/example_dataset_alias.py took 0.218 seconds
[2024-11-04T20:15:45.180+0000] {processor.py:186} INFO - Started process (PID=945) to work on /home/airflow/.local/lib/python3.12/site-packages/airflow/example_dags/example_dataset_alias.py
[2024-11-04T20:15:45.181+0000] {processor.py:914} INFO - Processing file /home/airflow/.local/lib/python3.12/site-packages/airflow/example_dags/example_dataset_alias.py for tasks to queue
[2024-11-04T20:15:45.184+0000] {logging_mixin.py:190} INFO - [2024-11-04T20:15:45.184+0000] {dagbag.py:588} INFO - Filling up the DagBag from /home/airflow/.local/lib/python3.12/site-packages/airflow/example_dags/example_dataset_alias.py
[2024-11-04T20:15:45.329+0000] {processor.py:925} INFO - DAG(s) 'dataset_s3_bucket_producer', 'dataset_alias_example_alias_producer', 'dataset_s3_bucket_consumer', 'dataset_alias_example_alias_consumer' retrieved from /home/airflow/.local/lib/python3.12/site-packages/airflow/example_dags/example_dataset_alias.py
[2024-11-04T20:15:45.351+0000] {logging_mixin.py:190} INFO - [2024-11-04T20:15:45.350+0000] {dag.py:3239} INFO - Sync 4 DAGs
[2024-11-04T20:15:45.373+0000] {logging_mixin.py:190} INFO - [2024-11-04T20:15:45.373+0000] {dag.py:4180} INFO - Setting next_dagrun for dataset_alias_example_alias_consumer to None, run_after=None
[2024-11-04T20:15:45.377+0000] {logging_mixin.py:190} INFO - [2024-11-04T20:15:45.377+0000] {dag.py:4180} INFO - Setting next_dagrun for dataset_alias_example_alias_producer to None, run_after=None
[2024-11-04T20:15:45.379+0000] {logging_mixin.py:190} INFO - [2024-11-04T20:15:45.379+0000] {dag.py:4180} INFO - Setting next_dagrun for dataset_s3_bucket_consumer to None, run_after=None
[2024-11-04T20:15:45.381+0000] {logging_mixin.py:190} INFO - [2024-11-04T20:15:45.381+0000] {dag.py:4180} INFO - Setting next_dagrun for dataset_s3_bucket_producer to None, run_after=None
[2024-11-04T20:15:45.403+0000] {processor.py:208} INFO - Processing /home/airflow/.local/lib/python3.12/site-packages/airflow/example_dags/example_dataset_alias.py took 0.228 seconds
[2024-11-04T20:17:06.583+0000] {processor.py:186} INFO - Started process (PID=76) to work on /home/airflow/.local/lib/python3.12/site-packages/airflow/example_dags/example_dataset_alias.py
[2024-11-04T20:17:06.584+0000] {processor.py:914} INFO - Processing file /home/airflow/.local/lib/python3.12/site-packages/airflow/example_dags/example_dataset_alias.py for tasks to queue
[2024-11-04T20:17:06.586+0000] {logging_mixin.py:190} INFO - [2024-11-04T20:17:06.586+0000] {dagbag.py:588} INFO - Filling up the DagBag from /home/airflow/.local/lib/python3.12/site-packages/airflow/example_dags/example_dataset_alias.py
[2024-11-04T20:17:06.725+0000] {processor.py:925} INFO - DAG(s) 'dataset_alias_example_alias_producer', 'dataset_s3_bucket_producer', 'dataset_alias_example_alias_consumer', 'dataset_s3_bucket_consumer' retrieved from /home/airflow/.local/lib/python3.12/site-packages/airflow/example_dags/example_dataset_alias.py
[2024-11-04T20:17:06.751+0000] {logging_mixin.py:190} INFO - [2024-11-04T20:17:06.751+0000] {dag.py:3239} INFO - Sync 4 DAGs
[2024-11-04T20:17:06.772+0000] {logging_mixin.py:190} INFO - [2024-11-04T20:17:06.772+0000] {dag.py:4180} INFO - Setting next_dagrun for dataset_alias_example_alias_consumer to None, run_after=None
[2024-11-04T20:17:06.775+0000] {logging_mixin.py:190} INFO - [2024-11-04T20:17:06.774+0000] {dag.py:4180} INFO - Setting next_dagrun for dataset_alias_example_alias_producer to None, run_after=None
[2024-11-04T20:17:06.777+0000] {logging_mixin.py:190} INFO - [2024-11-04T20:17:06.777+0000] {dag.py:4180} INFO - Setting next_dagrun for dataset_s3_bucket_consumer to None, run_after=None
[2024-11-04T20:17:06.778+0000] {logging_mixin.py:190} INFO - [2024-11-04T20:17:06.778+0000] {dag.py:4180} INFO - Setting next_dagrun for dataset_s3_bucket_producer to None, run_after=None
[2024-11-04T20:17:06.800+0000] {processor.py:208} INFO - Processing /home/airflow/.local/lib/python3.12/site-packages/airflow/example_dags/example_dataset_alias.py took 0.222 seconds
[2024-11-04T20:17:37.396+0000] {processor.py:186} INFO - Started process (PID=144) to work on /home/airflow/.local/lib/python3.12/site-packages/airflow/example_dags/example_dataset_alias.py
[2024-11-04T20:17:37.397+0000] {processor.py:914} INFO - Processing file /home/airflow/.local/lib/python3.12/site-packages/airflow/example_dags/example_dataset_alias.py for tasks to queue
[2024-11-04T20:17:37.400+0000] {logging_mixin.py:190} INFO - [2024-11-04T20:17:37.400+0000] {dagbag.py:588} INFO - Filling up the DagBag from /home/airflow/.local/lib/python3.12/site-packages/airflow/example_dags/example_dataset_alias.py
[2024-11-04T20:17:37.531+0000] {processor.py:925} INFO - DAG(s) 'dataset_alias_example_alias_producer', 'dataset_s3_bucket_consumer', 'dataset_s3_bucket_producer', 'dataset_alias_example_alias_consumer' retrieved from /home/airflow/.local/lib/python3.12/site-packages/airflow/example_dags/example_dataset_alias.py
[2024-11-04T20:17:37.553+0000] {logging_mixin.py:190} INFO - [2024-11-04T20:17:37.552+0000] {dag.py:3239} INFO - Sync 4 DAGs
[2024-11-04T20:17:37.571+0000] {logging_mixin.py:190} INFO - [2024-11-04T20:17:37.571+0000] {dag.py:4180} INFO - Setting next_dagrun for dataset_alias_example_alias_consumer to None, run_after=None
[2024-11-04T20:17:37.575+0000] {logging_mixin.py:190} INFO - [2024-11-04T20:17:37.575+0000] {dag.py:4180} INFO - Setting next_dagrun for dataset_alias_example_alias_producer to None, run_after=None
[2024-11-04T20:17:37.577+0000] {logging_mixin.py:190} INFO - [2024-11-04T20:17:37.577+0000] {dag.py:4180} INFO - Setting next_dagrun for dataset_s3_bucket_consumer to None, run_after=None
[2024-11-04T20:17:37.578+0000] {logging_mixin.py:190} INFO - [2024-11-04T20:17:37.578+0000] {dag.py:4180} INFO - Setting next_dagrun for dataset_s3_bucket_producer to None, run_after=None
[2024-11-04T20:17:37.599+0000] {processor.py:208} INFO - Processing /home/airflow/.local/lib/python3.12/site-packages/airflow/example_dags/example_dataset_alias.py took 0.210 seconds
[2024-11-04T20:18:08.281+0000] {processor.py:186} INFO - Started process (PID=210) to work on /home/airflow/.local/lib/python3.12/site-packages/airflow/example_dags/example_dataset_alias.py
[2024-11-04T20:18:08.282+0000] {processor.py:914} INFO - Processing file /home/airflow/.local/lib/python3.12/site-packages/airflow/example_dags/example_dataset_alias.py for tasks to queue
[2024-11-04T20:18:08.285+0000] {logging_mixin.py:190} INFO - [2024-11-04T20:18:08.285+0000] {dagbag.py:588} INFO - Filling up the DagBag from /home/airflow/.local/lib/python3.12/site-packages/airflow/example_dags/example_dataset_alias.py
[2024-11-04T20:18:08.463+0000] {processor.py:925} INFO - DAG(s) 'dataset_s3_bucket_consumer', 'dataset_alias_example_alias_consumer', 'dataset_s3_bucket_producer', 'dataset_alias_example_alias_producer' retrieved from /home/airflow/.local/lib/python3.12/site-packages/airflow/example_dags/example_dataset_alias.py
[2024-11-04T20:18:08.486+0000] {logging_mixin.py:190} INFO - [2024-11-04T20:18:08.486+0000] {dag.py:3239} INFO - Sync 4 DAGs
[2024-11-04T20:18:08.508+0000] {logging_mixin.py:190} INFO - [2024-11-04T20:18:08.508+0000] {dag.py:4180} INFO - Setting next_dagrun for dataset_alias_example_alias_consumer to None, run_after=None
[2024-11-04T20:18:08.512+0000] {logging_mixin.py:190} INFO - [2024-11-04T20:18:08.511+0000] {dag.py:4180} INFO - Setting next_dagrun for dataset_alias_example_alias_producer to None, run_after=None
[2024-11-04T20:18:08.514+0000] {logging_mixin.py:190} INFO - [2024-11-04T20:18:08.514+0000] {dag.py:4180} INFO - Setting next_dagrun for dataset_s3_bucket_consumer to None, run_after=None
[2024-11-04T20:18:08.516+0000] {logging_mixin.py:190} INFO - [2024-11-04T20:18:08.516+0000] {dag.py:4180} INFO - Setting next_dagrun for dataset_s3_bucket_producer to None, run_after=None
[2024-11-04T20:18:08.545+0000] {processor.py:208} INFO - Processing /home/airflow/.local/lib/python3.12/site-packages/airflow/example_dags/example_dataset_alias.py took 0.272 seconds
[2024-11-04T20:18:39.048+0000] {processor.py:186} INFO - Started process (PID=282) to work on /home/airflow/.local/lib/python3.12/site-packages/airflow/example_dags/example_dataset_alias.py
[2024-11-04T20:18:39.049+0000] {processor.py:914} INFO - Processing file /home/airflow/.local/lib/python3.12/site-packages/airflow/example_dags/example_dataset_alias.py for tasks to queue
[2024-11-04T20:18:39.052+0000] {logging_mixin.py:190} INFO - [2024-11-04T20:18:39.052+0000] {dagbag.py:588} INFO - Filling up the DagBag from /home/airflow/.local/lib/python3.12/site-packages/airflow/example_dags/example_dataset_alias.py
[2024-11-04T20:18:39.266+0000] {processor.py:925} INFO - DAG(s) 'dataset_alias_example_alias_consumer', 'dataset_alias_example_alias_producer', 'dataset_s3_bucket_producer', 'dataset_s3_bucket_consumer' retrieved from /home/airflow/.local/lib/python3.12/site-packages/airflow/example_dags/example_dataset_alias.py
[2024-11-04T20:18:39.305+0000] {logging_mixin.py:190} INFO - [2024-11-04T20:18:39.305+0000] {dag.py:3239} INFO - Sync 4 DAGs
[2024-11-04T20:18:39.336+0000] {logging_mixin.py:190} INFO - [2024-11-04T20:18:39.336+0000] {dag.py:4180} INFO - Setting next_dagrun for dataset_alias_example_alias_consumer to None, run_after=None
[2024-11-04T20:18:39.343+0000] {logging_mixin.py:190} INFO - [2024-11-04T20:18:39.343+0000] {dag.py:4180} INFO - Setting next_dagrun for dataset_alias_example_alias_producer to None, run_after=None
[2024-11-04T20:18:39.345+0000] {logging_mixin.py:190} INFO - [2024-11-04T20:18:39.345+0000] {dag.py:4180} INFO - Setting next_dagrun for dataset_s3_bucket_consumer to None, run_after=None
[2024-11-04T20:18:39.347+0000] {logging_mixin.py:190} INFO - [2024-11-04T20:18:39.347+0000] {dag.py:4180} INFO - Setting next_dagrun for dataset_s3_bucket_producer to None, run_after=None
[2024-11-04T20:18:39.372+0000] {processor.py:208} INFO - Processing /home/airflow/.local/lib/python3.12/site-packages/airflow/example_dags/example_dataset_alias.py took 0.330 seconds
[2024-11-04T20:19:09.883+0000] {processor.py:186} INFO - Started process (PID=347) to work on /home/airflow/.local/lib/python3.12/site-packages/airflow/example_dags/example_dataset_alias.py
[2024-11-04T20:19:09.884+0000] {processor.py:914} INFO - Processing file /home/airflow/.local/lib/python3.12/site-packages/airflow/example_dags/example_dataset_alias.py for tasks to queue
[2024-11-04T20:19:09.887+0000] {logging_mixin.py:190} INFO - [2024-11-04T20:19:09.887+0000] {dagbag.py:588} INFO - Filling up the DagBag from /home/airflow/.local/lib/python3.12/site-packages/airflow/example_dags/example_dataset_alias.py
[2024-11-04T20:19:10.133+0000] {processor.py:925} INFO - DAG(s) 'dataset_s3_bucket_producer', 'dataset_alias_example_alias_consumer', 'dataset_s3_bucket_consumer', 'dataset_alias_example_alias_producer' retrieved from /home/airflow/.local/lib/python3.12/site-packages/airflow/example_dags/example_dataset_alias.py
[2024-11-04T20:19:10.166+0000] {logging_mixin.py:190} INFO - [2024-11-04T20:19:10.165+0000] {dag.py:3239} INFO - Sync 4 DAGs
[2024-11-04T20:19:10.192+0000] {logging_mixin.py:190} INFO - [2024-11-04T20:19:10.192+0000] {dag.py:4180} INFO - Setting next_dagrun for dataset_alias_example_alias_consumer to None, run_after=None
[2024-11-04T20:19:10.195+0000] {logging_mixin.py:190} INFO - [2024-11-04T20:19:10.195+0000] {dag.py:4180} INFO - Setting next_dagrun for dataset_alias_example_alias_producer to None, run_after=None
[2024-11-04T20:19:10.198+0000] {logging_mixin.py:190} INFO - [2024-11-04T20:19:10.197+0000] {dag.py:4180} INFO - Setting next_dagrun for dataset_s3_bucket_consumer to None, run_after=None
[2024-11-04T20:19:10.203+0000] {logging_mixin.py:190} INFO - [2024-11-04T20:19:10.203+0000] {dag.py:4180} INFO - Setting next_dagrun for dataset_s3_bucket_producer to None, run_after=None
[2024-11-04T20:19:10.265+0000] {processor.py:208} INFO - Processing /home/airflow/.local/lib/python3.12/site-packages/airflow/example_dags/example_dataset_alias.py took 0.387 seconds
[2024-11-04T20:19:41.091+0000] {processor.py:186} INFO - Started process (PID=413) to work on /home/airflow/.local/lib/python3.12/site-packages/airflow/example_dags/example_dataset_alias.py
[2024-11-04T20:19:41.092+0000] {processor.py:914} INFO - Processing file /home/airflow/.local/lib/python3.12/site-packages/airflow/example_dags/example_dataset_alias.py for tasks to queue
[2024-11-04T20:19:41.094+0000] {logging_mixin.py:190} INFO - [2024-11-04T20:19:41.094+0000] {dagbag.py:588} INFO - Filling up the DagBag from /home/airflow/.local/lib/python3.12/site-packages/airflow/example_dags/example_dataset_alias.py
[2024-11-04T20:19:41.263+0000] {processor.py:925} INFO - DAG(s) 'dataset_s3_bucket_producer', 'dataset_alias_example_alias_consumer', 'dataset_s3_bucket_consumer', 'dataset_alias_example_alias_producer' retrieved from /home/airflow/.local/lib/python3.12/site-packages/airflow/example_dags/example_dataset_alias.py
[2024-11-04T20:19:41.288+0000] {logging_mixin.py:190} INFO - [2024-11-04T20:19:41.288+0000] {dag.py:3239} INFO - Sync 4 DAGs
[2024-11-04T20:19:41.307+0000] {logging_mixin.py:190} INFO - [2024-11-04T20:19:41.307+0000] {dag.py:4180} INFO - Setting next_dagrun for dataset_alias_example_alias_consumer to None, run_after=None
[2024-11-04T20:19:41.310+0000] {logging_mixin.py:190} INFO - [2024-11-04T20:19:41.309+0000] {dag.py:4180} INFO - Setting next_dagrun for dataset_alias_example_alias_producer to None, run_after=None
[2024-11-04T20:19:41.312+0000] {logging_mixin.py:190} INFO - [2024-11-04T20:19:41.311+0000] {dag.py:4180} INFO - Setting next_dagrun for dataset_s3_bucket_consumer to None, run_after=None
[2024-11-04T20:19:41.313+0000] {logging_mixin.py:190} INFO - [2024-11-04T20:19:41.313+0000] {dag.py:4180} INFO - Setting next_dagrun for dataset_s3_bucket_producer to None, run_after=None
[2024-11-04T20:19:41.337+0000] {processor.py:208} INFO - Processing /home/airflow/.local/lib/python3.12/site-packages/airflow/example_dags/example_dataset_alias.py took 0.252 seconds
[2024-11-04T20:20:11.601+0000] {processor.py:186} INFO - Started process (PID=479) to work on /home/airflow/.local/lib/python3.12/site-packages/airflow/example_dags/example_dataset_alias.py
[2024-11-04T20:20:11.602+0000] {processor.py:914} INFO - Processing file /home/airflow/.local/lib/python3.12/site-packages/airflow/example_dags/example_dataset_alias.py for tasks to queue
[2024-11-04T20:20:11.605+0000] {logging_mixin.py:190} INFO - [2024-11-04T20:20:11.604+0000] {dagbag.py:588} INFO - Filling up the DagBag from /home/airflow/.local/lib/python3.12/site-packages/airflow/example_dags/example_dataset_alias.py
[2024-11-04T20:20:11.785+0000] {processor.py:925} INFO - DAG(s) 'dataset_alias_example_alias_producer', 'dataset_s3_bucket_consumer', 'dataset_s3_bucket_producer', 'dataset_alias_example_alias_consumer' retrieved from /home/airflow/.local/lib/python3.12/site-packages/airflow/example_dags/example_dataset_alias.py
[2024-11-04T20:20:11.813+0000] {logging_mixin.py:190} INFO - [2024-11-04T20:20:11.812+0000] {dag.py:3239} INFO - Sync 4 DAGs
[2024-11-04T20:20:11.836+0000] {logging_mixin.py:190} INFO - [2024-11-04T20:20:11.835+0000] {dag.py:4180} INFO - Setting next_dagrun for dataset_alias_example_alias_consumer to None, run_after=None
[2024-11-04T20:20:11.839+0000] {logging_mixin.py:190} INFO - [2024-11-04T20:20:11.838+0000] {dag.py:4180} INFO - Setting next_dagrun for dataset_alias_example_alias_producer to None, run_after=None
[2024-11-04T20:20:11.841+0000] {logging_mixin.py:190} INFO - [2024-11-04T20:20:11.840+0000] {dag.py:4180} INFO - Setting next_dagrun for dataset_s3_bucket_consumer to None, run_after=None
[2024-11-04T20:20:11.843+0000] {logging_mixin.py:190} INFO - [2024-11-04T20:20:11.843+0000] {dag.py:4180} INFO - Setting next_dagrun for dataset_s3_bucket_producer to None, run_after=None
[2024-11-04T20:20:11.870+0000] {processor.py:208} INFO - Processing /home/airflow/.local/lib/python3.12/site-packages/airflow/example_dags/example_dataset_alias.py took 0.276 seconds
[2024-11-04T20:20:42.488+0000] {processor.py:186} INFO - Started process (PID=546) to work on /home/airflow/.local/lib/python3.12/site-packages/airflow/example_dags/example_dataset_alias.py
[2024-11-04T20:20:42.490+0000] {processor.py:914} INFO - Processing file /home/airflow/.local/lib/python3.12/site-packages/airflow/example_dags/example_dataset_alias.py for tasks to queue
[2024-11-04T20:20:42.492+0000] {logging_mixin.py:190} INFO - [2024-11-04T20:20:42.492+0000] {dagbag.py:588} INFO - Filling up the DagBag from /home/airflow/.local/lib/python3.12/site-packages/airflow/example_dags/example_dataset_alias.py
[2024-11-04T20:20:42.627+0000] {processor.py:925} INFO - DAG(s) 'dataset_alias_example_alias_consumer', 'dataset_s3_bucket_consumer', 'dataset_alias_example_alias_producer', 'dataset_s3_bucket_producer' retrieved from /home/airflow/.local/lib/python3.12/site-packages/airflow/example_dags/example_dataset_alias.py
[2024-11-04T20:20:42.664+0000] {logging_mixin.py:190} INFO - [2024-11-04T20:20:42.664+0000] {dag.py:3239} INFO - Sync 4 DAGs
[2024-11-04T20:20:42.691+0000] {logging_mixin.py:190} INFO - [2024-11-04T20:20:42.691+0000] {dag.py:4180} INFO - Setting next_dagrun for dataset_alias_example_alias_consumer to None, run_after=None
[2024-11-04T20:20:42.694+0000] {logging_mixin.py:190} INFO - [2024-11-04T20:20:42.694+0000] {dag.py:4180} INFO - Setting next_dagrun for dataset_alias_example_alias_producer to None, run_after=None
[2024-11-04T20:20:42.696+0000] {logging_mixin.py:190} INFO - [2024-11-04T20:20:42.696+0000] {dag.py:4180} INFO - Setting next_dagrun for dataset_s3_bucket_consumer to None, run_after=None
[2024-11-04T20:20:42.698+0000] {logging_mixin.py:190} INFO - [2024-11-04T20:20:42.698+0000] {dag.py:4180} INFO - Setting next_dagrun for dataset_s3_bucket_producer to None, run_after=None
[2024-11-04T20:20:42.727+0000] {processor.py:208} INFO - Processing /home/airflow/.local/lib/python3.12/site-packages/airflow/example_dags/example_dataset_alias.py took 0.245 seconds
[2024-11-04T20:21:12.830+0000] {processor.py:186} INFO - Started process (PID=612) to work on /home/airflow/.local/lib/python3.12/site-packages/airflow/example_dags/example_dataset_alias.py
[2024-11-04T20:21:12.832+0000] {processor.py:914} INFO - Processing file /home/airflow/.local/lib/python3.12/site-packages/airflow/example_dags/example_dataset_alias.py for tasks to queue
[2024-11-04T20:21:12.835+0000] {logging_mixin.py:190} INFO - [2024-11-04T20:21:12.835+0000] {dagbag.py:588} INFO - Filling up the DagBag from /home/airflow/.local/lib/python3.12/site-packages/airflow/example_dags/example_dataset_alias.py
[2024-11-04T20:21:12.959+0000] {processor.py:925} INFO - DAG(s) 'dataset_s3_bucket_producer', 'dataset_alias_example_alias_producer', 'dataset_s3_bucket_consumer', 'dataset_alias_example_alias_consumer' retrieved from /home/airflow/.local/lib/python3.12/site-packages/airflow/example_dags/example_dataset_alias.py
[2024-11-04T20:21:12.984+0000] {logging_mixin.py:190} INFO - [2024-11-04T20:21:12.984+0000] {dag.py:3239} INFO - Sync 4 DAGs
[2024-11-04T20:21:13.005+0000] {logging_mixin.py:190} INFO - [2024-11-04T20:21:13.005+0000] {dag.py:4180} INFO - Setting next_dagrun for dataset_alias_example_alias_consumer to None, run_after=None
[2024-11-04T20:21:13.008+0000] {logging_mixin.py:190} INFO - [2024-11-04T20:21:13.008+0000] {dag.py:4180} INFO - Setting next_dagrun for dataset_alias_example_alias_producer to None, run_after=None
[2024-11-04T20:21:13.010+0000] {logging_mixin.py:190} INFO - [2024-11-04T20:21:13.010+0000] {dag.py:4180} INFO - Setting next_dagrun for dataset_s3_bucket_consumer to None, run_after=None
[2024-11-04T20:21:13.012+0000] {logging_mixin.py:190} INFO - [2024-11-04T20:21:13.012+0000] {dag.py:4180} INFO - Setting next_dagrun for dataset_s3_bucket_producer to None, run_after=None
[2024-11-04T20:21:13.034+0000] {processor.py:208} INFO - Processing /home/airflow/.local/lib/python3.12/site-packages/airflow/example_dags/example_dataset_alias.py took 0.212 seconds
[2024-11-04T20:21:43.114+0000] {processor.py:186} INFO - Started process (PID=678) to work on /home/airflow/.local/lib/python3.12/site-packages/airflow/example_dags/example_dataset_alias.py
[2024-11-04T20:21:43.116+0000] {processor.py:914} INFO - Processing file /home/airflow/.local/lib/python3.12/site-packages/airflow/example_dags/example_dataset_alias.py for tasks to queue
[2024-11-04T20:21:43.118+0000] {logging_mixin.py:190} INFO - [2024-11-04T20:21:43.118+0000] {dagbag.py:588} INFO - Filling up the DagBag from /home/airflow/.local/lib/python3.12/site-packages/airflow/example_dags/example_dataset_alias.py
[2024-11-04T20:21:43.276+0000] {processor.py:925} INFO - DAG(s) 'dataset_alias_example_alias_consumer', 'dataset_s3_bucket_producer', 'dataset_s3_bucket_consumer', 'dataset_alias_example_alias_producer' retrieved from /home/airflow/.local/lib/python3.12/site-packages/airflow/example_dags/example_dataset_alias.py
[2024-11-04T20:21:43.302+0000] {logging_mixin.py:190} INFO - [2024-11-04T20:21:43.301+0000] {dag.py:3239} INFO - Sync 4 DAGs
[2024-11-04T20:21:43.323+0000] {logging_mixin.py:190} INFO - [2024-11-04T20:21:43.322+0000] {dag.py:4180} INFO - Setting next_dagrun for dataset_alias_example_alias_consumer to None, run_after=None
[2024-11-04T20:21:43.326+0000] {logging_mixin.py:190} INFO - [2024-11-04T20:21:43.326+0000] {dag.py:4180} INFO - Setting next_dagrun for dataset_alias_example_alias_producer to None, run_after=None
[2024-11-04T20:21:43.327+0000] {logging_mixin.py:190} INFO - [2024-11-04T20:21:43.327+0000] {dag.py:4180} INFO - Setting next_dagrun for dataset_s3_bucket_consumer to None, run_after=None
[2024-11-04T20:21:43.329+0000] {logging_mixin.py:190} INFO - [2024-11-04T20:21:43.329+0000] {dag.py:4180} INFO - Setting next_dagrun for dataset_s3_bucket_producer to None, run_after=None
[2024-11-04T20:21:43.354+0000] {processor.py:208} INFO - Processing /home/airflow/.local/lib/python3.12/site-packages/airflow/example_dags/example_dataset_alias.py took 0.245 seconds
[2024-11-04T20:22:13.454+0000] {processor.py:186} INFO - Started process (PID=745) to work on /home/airflow/.local/lib/python3.12/site-packages/airflow/example_dags/example_dataset_alias.py
[2024-11-04T20:22:13.455+0000] {processor.py:914} INFO - Processing file /home/airflow/.local/lib/python3.12/site-packages/airflow/example_dags/example_dataset_alias.py for tasks to queue
[2024-11-04T20:22:13.457+0000] {logging_mixin.py:190} INFO - [2024-11-04T20:22:13.457+0000] {dagbag.py:588} INFO - Filling up the DagBag from /home/airflow/.local/lib/python3.12/site-packages/airflow/example_dags/example_dataset_alias.py
[2024-11-04T20:22:13.601+0000] {processor.py:925} INFO - DAG(s) 'dataset_alias_example_alias_consumer', 'dataset_alias_example_alias_producer', 'dataset_s3_bucket_producer', 'dataset_s3_bucket_consumer' retrieved from /home/airflow/.local/lib/python3.12/site-packages/airflow/example_dags/example_dataset_alias.py
[2024-11-04T20:22:13.623+0000] {logging_mixin.py:190} INFO - [2024-11-04T20:22:13.623+0000] {dag.py:3239} INFO - Sync 4 DAGs
[2024-11-04T20:22:13.645+0000] {logging_mixin.py:190} INFO - [2024-11-04T20:22:13.645+0000] {dag.py:4180} INFO - Setting next_dagrun for dataset_alias_example_alias_consumer to None, run_after=None
[2024-11-04T20:22:13.648+0000] {logging_mixin.py:190} INFO - [2024-11-04T20:22:13.647+0000] {dag.py:4180} INFO - Setting next_dagrun for dataset_alias_example_alias_producer to None, run_after=None
[2024-11-04T20:22:13.650+0000] {logging_mixin.py:190} INFO - [2024-11-04T20:22:13.650+0000] {dag.py:4180} INFO - Setting next_dagrun for dataset_s3_bucket_consumer to None, run_after=None
[2024-11-04T20:22:13.652+0000] {logging_mixin.py:190} INFO - [2024-11-04T20:22:13.652+0000] {dag.py:4180} INFO - Setting next_dagrun for dataset_s3_bucket_producer to None, run_after=None
[2024-11-04T20:22:13.677+0000] {processor.py:208} INFO - Processing /home/airflow/.local/lib/python3.12/site-packages/airflow/example_dags/example_dataset_alias.py took 0.230 seconds
[2024-11-04T20:22:44.651+0000] {processor.py:186} INFO - Started process (PID=815) to work on /home/airflow/.local/lib/python3.12/site-packages/airflow/example_dags/example_dataset_alias.py
[2024-11-04T20:22:44.652+0000] {processor.py:914} INFO - Processing file /home/airflow/.local/lib/python3.12/site-packages/airflow/example_dags/example_dataset_alias.py for tasks to queue
[2024-11-04T20:22:44.654+0000] {logging_mixin.py:190} INFO - [2024-11-04T20:22:44.654+0000] {dagbag.py:588} INFO - Filling up the DagBag from /home/airflow/.local/lib/python3.12/site-packages/airflow/example_dags/example_dataset_alias.py
[2024-11-04T20:22:44.777+0000] {processor.py:925} INFO - DAG(s) 'dataset_alias_example_alias_producer', 'dataset_alias_example_alias_consumer', 'dataset_s3_bucket_consumer', 'dataset_s3_bucket_producer' retrieved from /home/airflow/.local/lib/python3.12/site-packages/airflow/example_dags/example_dataset_alias.py
[2024-11-04T20:22:44.794+0000] {logging_mixin.py:190} INFO - [2024-11-04T20:22:44.793+0000] {dag.py:3239} INFO - Sync 4 DAGs
[2024-11-04T20:22:44.811+0000] {logging_mixin.py:190} INFO - [2024-11-04T20:22:44.810+0000] {dag.py:4180} INFO - Setting next_dagrun for dataset_alias_example_alias_consumer to None, run_after=None
[2024-11-04T20:22:44.813+0000] {logging_mixin.py:190} INFO - [2024-11-04T20:22:44.813+0000] {dag.py:4180} INFO - Setting next_dagrun for dataset_alias_example_alias_producer to None, run_after=None
[2024-11-04T20:22:44.815+0000] {logging_mixin.py:190} INFO - [2024-11-04T20:22:44.815+0000] {dag.py:4180} INFO - Setting next_dagrun for dataset_s3_bucket_consumer to None, run_after=None
[2024-11-04T20:22:44.816+0000] {logging_mixin.py:190} INFO - [2024-11-04T20:22:44.816+0000] {dag.py:4180} INFO - Setting next_dagrun for dataset_s3_bucket_producer to None, run_after=None
[2024-11-04T20:22:44.836+0000] {processor.py:208} INFO - Processing /home/airflow/.local/lib/python3.12/site-packages/airflow/example_dags/example_dataset_alias.py took 0.190 seconds
[2024-11-04T20:25:41.591+0000] {processor.py:186} INFO - Started process (PID=94) to work on /home/airflow/.local/lib/python3.12/site-packages/airflow/example_dags/example_dataset_alias.py
[2024-11-04T20:25:41.592+0000] {processor.py:914} INFO - Processing file /home/airflow/.local/lib/python3.12/site-packages/airflow/example_dags/example_dataset_alias.py for tasks to queue
[2024-11-04T20:25:41.597+0000] {logging_mixin.py:190} INFO - [2024-11-04T20:25:41.596+0000] {dagbag.py:588} INFO - Filling up the DagBag from /home/airflow/.local/lib/python3.12/site-packages/airflow/example_dags/example_dataset_alias.py
[2024-11-04T20:25:41.853+0000] {processor.py:925} INFO - DAG(s) 'dataset_alias_example_alias_consumer', 'dataset_alias_example_alias_producer', 'dataset_s3_bucket_consumer', 'dataset_s3_bucket_producer' retrieved from /home/airflow/.local/lib/python3.12/site-packages/airflow/example_dags/example_dataset_alias.py
[2024-11-04T20:25:41.907+0000] {logging_mixin.py:190} INFO - [2024-11-04T20:25:41.906+0000] {dag.py:3239} INFO - Sync 4 DAGs
[2024-11-04T20:25:41.962+0000] {logging_mixin.py:190} INFO - [2024-11-04T20:25:41.961+0000] {dag.py:4180} INFO - Setting next_dagrun for dataset_alias_example_alias_consumer to None, run_after=None
[2024-11-04T20:25:41.968+0000] {logging_mixin.py:190} INFO - [2024-11-04T20:25:41.967+0000] {dag.py:4180} INFO - Setting next_dagrun for dataset_alias_example_alias_producer to None, run_after=None
[2024-11-04T20:25:41.971+0000] {logging_mixin.py:190} INFO - [2024-11-04T20:25:41.971+0000] {dag.py:4180} INFO - Setting next_dagrun for dataset_s3_bucket_consumer to None, run_after=None
[2024-11-04T20:25:41.975+0000] {logging_mixin.py:190} INFO - [2024-11-04T20:25:41.974+0000] {dag.py:4180} INFO - Setting next_dagrun for dataset_s3_bucket_producer to None, run_after=None
[2024-11-04T20:25:42.021+0000] {processor.py:208} INFO - Processing /home/airflow/.local/lib/python3.12/site-packages/airflow/example_dags/example_dataset_alias.py took 0.440 seconds
[2024-11-04T20:26:12.781+0000] {processor.py:186} INFO - Started process (PID=161) to work on /home/airflow/.local/lib/python3.12/site-packages/airflow/example_dags/example_dataset_alias.py
[2024-11-04T20:26:12.782+0000] {processor.py:914} INFO - Processing file /home/airflow/.local/lib/python3.12/site-packages/airflow/example_dags/example_dataset_alias.py for tasks to queue
[2024-11-04T20:26:12.786+0000] {logging_mixin.py:190} INFO - [2024-11-04T20:26:12.786+0000] {dagbag.py:588} INFO - Filling up the DagBag from /home/airflow/.local/lib/python3.12/site-packages/airflow/example_dags/example_dataset_alias.py
[2024-11-04T20:26:12.998+0000] {processor.py:925} INFO - DAG(s) 'dataset_s3_bucket_producer', 'dataset_alias_example_alias_producer', 'dataset_alias_example_alias_consumer', 'dataset_s3_bucket_consumer' retrieved from /home/airflow/.local/lib/python3.12/site-packages/airflow/example_dags/example_dataset_alias.py
[2024-11-04T20:26:13.015+0000] {logging_mixin.py:190} INFO - [2024-11-04T20:26:13.015+0000] {dag.py:3239} INFO - Sync 4 DAGs
[2024-11-04T20:26:13.039+0000] {logging_mixin.py:190} INFO - [2024-11-04T20:26:13.039+0000] {dag.py:4180} INFO - Setting next_dagrun for dataset_alias_example_alias_consumer to None, run_after=None
[2024-11-04T20:26:13.043+0000] {logging_mixin.py:190} INFO - [2024-11-04T20:26:13.042+0000] {dag.py:4180} INFO - Setting next_dagrun for dataset_alias_example_alias_producer to None, run_after=None
[2024-11-04T20:26:13.045+0000] {logging_mixin.py:190} INFO - [2024-11-04T20:26:13.044+0000] {dag.py:4180} INFO - Setting next_dagrun for dataset_s3_bucket_consumer to None, run_after=None
[2024-11-04T20:26:13.046+0000] {logging_mixin.py:190} INFO - [2024-11-04T20:26:13.046+0000] {dag.py:4180} INFO - Setting next_dagrun for dataset_s3_bucket_producer to None, run_after=None
[2024-11-04T20:26:13.081+0000] {processor.py:208} INFO - Processing /home/airflow/.local/lib/python3.12/site-packages/airflow/example_dags/example_dataset_alias.py took 0.309 seconds
[2024-11-04T20:27:22.040+0000] {processor.py:186} INFO - Started process (PID=86) to work on /home/airflow/.local/lib/python3.12/site-packages/airflow/example_dags/example_dataset_alias.py
[2024-11-04T20:27:22.042+0000] {processor.py:914} INFO - Processing file /home/airflow/.local/lib/python3.12/site-packages/airflow/example_dags/example_dataset_alias.py for tasks to queue
[2024-11-04T20:27:22.046+0000] {logging_mixin.py:190} INFO - [2024-11-04T20:27:22.046+0000] {dagbag.py:588} INFO - Filling up the DagBag from /home/airflow/.local/lib/python3.12/site-packages/airflow/example_dags/example_dataset_alias.py
[2024-11-04T20:27:22.317+0000] {processor.py:925} INFO - DAG(s) 'dataset_s3_bucket_producer', 'dataset_s3_bucket_consumer', 'dataset_alias_example_alias_producer', 'dataset_alias_example_alias_consumer' retrieved from /home/airflow/.local/lib/python3.12/site-packages/airflow/example_dags/example_dataset_alias.py
[2024-11-04T20:27:22.349+0000] {logging_mixin.py:190} INFO - [2024-11-04T20:27:22.348+0000] {dag.py:3239} INFO - Sync 4 DAGs
[2024-11-04T20:27:22.372+0000] {logging_mixin.py:190} INFO - [2024-11-04T20:27:22.371+0000] {dag.py:4180} INFO - Setting next_dagrun for dataset_alias_example_alias_consumer to None, run_after=None
[2024-11-04T20:27:22.377+0000] {logging_mixin.py:190} INFO - [2024-11-04T20:27:22.377+0000] {dag.py:4180} INFO - Setting next_dagrun for dataset_alias_example_alias_producer to None, run_after=None
[2024-11-04T20:27:22.379+0000] {logging_mixin.py:190} INFO - [2024-11-04T20:27:22.379+0000] {dag.py:4180} INFO - Setting next_dagrun for dataset_s3_bucket_consumer to None, run_after=None
[2024-11-04T20:27:22.382+0000] {logging_mixin.py:190} INFO - [2024-11-04T20:27:22.381+0000] {dag.py:4180} INFO - Setting next_dagrun for dataset_s3_bucket_producer to None, run_after=None
[2024-11-04T20:27:22.420+0000] {processor.py:208} INFO - Processing /home/airflow/.local/lib/python3.12/site-packages/airflow/example_dags/example_dataset_alias.py took 0.389 seconds
[2024-11-04T20:27:53.323+0000] {processor.py:186} INFO - Started process (PID=152) to work on /home/airflow/.local/lib/python3.12/site-packages/airflow/example_dags/example_dataset_alias.py
[2024-11-04T20:27:53.324+0000] {processor.py:914} INFO - Processing file /home/airflow/.local/lib/python3.12/site-packages/airflow/example_dags/example_dataset_alias.py for tasks to queue
[2024-11-04T20:27:53.328+0000] {logging_mixin.py:190} INFO - [2024-11-04T20:27:53.327+0000] {dagbag.py:588} INFO - Filling up the DagBag from /home/airflow/.local/lib/python3.12/site-packages/airflow/example_dags/example_dataset_alias.py
[2024-11-04T20:27:53.477+0000] {processor.py:925} INFO - DAG(s) 'dataset_alias_example_alias_consumer', 'dataset_s3_bucket_producer', 'dataset_alias_example_alias_producer', 'dataset_s3_bucket_consumer' retrieved from /home/airflow/.local/lib/python3.12/site-packages/airflow/example_dags/example_dataset_alias.py
[2024-11-04T20:27:53.502+0000] {logging_mixin.py:190} INFO - [2024-11-04T20:27:53.501+0000] {dag.py:3239} INFO - Sync 4 DAGs
[2024-11-04T20:27:53.529+0000] {logging_mixin.py:190} INFO - [2024-11-04T20:27:53.528+0000] {dag.py:4180} INFO - Setting next_dagrun for dataset_alias_example_alias_consumer to None, run_after=None
[2024-11-04T20:27:53.532+0000] {logging_mixin.py:190} INFO - [2024-11-04T20:27:53.532+0000] {dag.py:4180} INFO - Setting next_dagrun for dataset_alias_example_alias_producer to None, run_after=None
[2024-11-04T20:27:53.534+0000] {logging_mixin.py:190} INFO - [2024-11-04T20:27:53.534+0000] {dag.py:4180} INFO - Setting next_dagrun for dataset_s3_bucket_consumer to None, run_after=None
[2024-11-04T20:27:53.536+0000] {logging_mixin.py:190} INFO - [2024-11-04T20:27:53.536+0000] {dag.py:4180} INFO - Setting next_dagrun for dataset_s3_bucket_producer to None, run_after=None
[2024-11-04T20:27:53.568+0000] {processor.py:208} INFO - Processing /home/airflow/.local/lib/python3.12/site-packages/airflow/example_dags/example_dataset_alias.py took 0.254 seconds
[2024-11-04T20:28:23.723+0000] {processor.py:186} INFO - Started process (PID=217) to work on /home/airflow/.local/lib/python3.12/site-packages/airflow/example_dags/example_dataset_alias.py
[2024-11-04T20:28:23.725+0000] {processor.py:914} INFO - Processing file /home/airflow/.local/lib/python3.12/site-packages/airflow/example_dags/example_dataset_alias.py for tasks to queue
[2024-11-04T20:28:23.728+0000] {logging_mixin.py:190} INFO - [2024-11-04T20:28:23.728+0000] {dagbag.py:588} INFO - Filling up the DagBag from /home/airflow/.local/lib/python3.12/site-packages/airflow/example_dags/example_dataset_alias.py
[2024-11-04T20:28:23.861+0000] {processor.py:925} INFO - DAG(s) 'dataset_s3_bucket_producer', 'dataset_s3_bucket_consumer', 'dataset_alias_example_alias_consumer', 'dataset_alias_example_alias_producer' retrieved from /home/airflow/.local/lib/python3.12/site-packages/airflow/example_dags/example_dataset_alias.py
[2024-11-04T20:28:23.880+0000] {logging_mixin.py:190} INFO - [2024-11-04T20:28:23.879+0000] {dag.py:3239} INFO - Sync 4 DAGs
[2024-11-04T20:28:23.898+0000] {logging_mixin.py:190} INFO - [2024-11-04T20:28:23.897+0000] {dag.py:4180} INFO - Setting next_dagrun for dataset_alias_example_alias_consumer to None, run_after=None
[2024-11-04T20:28:23.900+0000] {logging_mixin.py:190} INFO - [2024-11-04T20:28:23.900+0000] {dag.py:4180} INFO - Setting next_dagrun for dataset_alias_example_alias_producer to None, run_after=None
[2024-11-04T20:28:23.903+0000] {logging_mixin.py:190} INFO - [2024-11-04T20:28:23.902+0000] {dag.py:4180} INFO - Setting next_dagrun for dataset_s3_bucket_consumer to None, run_after=None
[2024-11-04T20:28:23.904+0000] {logging_mixin.py:190} INFO - [2024-11-04T20:28:23.904+0000] {dag.py:4180} INFO - Setting next_dagrun for dataset_s3_bucket_producer to None, run_after=None
[2024-11-04T20:28:23.923+0000] {processor.py:208} INFO - Processing /home/airflow/.local/lib/python3.12/site-packages/airflow/example_dags/example_dataset_alias.py took 0.207 seconds
[2024-11-04T20:28:54.386+0000] {processor.py:186} INFO - Started process (PID=283) to work on /home/airflow/.local/lib/python3.12/site-packages/airflow/example_dags/example_dataset_alias.py
[2024-11-04T20:28:54.388+0000] {processor.py:914} INFO - Processing file /home/airflow/.local/lib/python3.12/site-packages/airflow/example_dags/example_dataset_alias.py for tasks to queue
[2024-11-04T20:28:54.392+0000] {logging_mixin.py:190} INFO - [2024-11-04T20:28:54.391+0000] {dagbag.py:588} INFO - Filling up the DagBag from /home/airflow/.local/lib/python3.12/site-packages/airflow/example_dags/example_dataset_alias.py
[2024-11-04T20:28:54.538+0000] {processor.py:925} INFO - DAG(s) 'dataset_alias_example_alias_consumer', 'dataset_s3_bucket_producer', 'dataset_s3_bucket_consumer', 'dataset_alias_example_alias_producer' retrieved from /home/airflow/.local/lib/python3.12/site-packages/airflow/example_dags/example_dataset_alias.py
[2024-11-04T20:28:54.557+0000] {logging_mixin.py:190} INFO - [2024-11-04T20:28:54.556+0000] {dag.py:3239} INFO - Sync 4 DAGs
[2024-11-04T20:28:54.577+0000] {logging_mixin.py:190} INFO - [2024-11-04T20:28:54.577+0000] {dag.py:4180} INFO - Setting next_dagrun for dataset_alias_example_alias_consumer to None, run_after=None
[2024-11-04T20:28:54.580+0000] {logging_mixin.py:190} INFO - [2024-11-04T20:28:54.580+0000] {dag.py:4180} INFO - Setting next_dagrun for dataset_alias_example_alias_producer to None, run_after=None
[2024-11-04T20:28:54.581+0000] {logging_mixin.py:190} INFO - [2024-11-04T20:28:54.581+0000] {dag.py:4180} INFO - Setting next_dagrun for dataset_s3_bucket_consumer to None, run_after=None
[2024-11-04T20:28:54.583+0000] {logging_mixin.py:190} INFO - [2024-11-04T20:28:54.582+0000] {dag.py:4180} INFO - Setting next_dagrun for dataset_s3_bucket_producer to None, run_after=None
[2024-11-04T20:28:54.602+0000] {processor.py:208} INFO - Processing /home/airflow/.local/lib/python3.12/site-packages/airflow/example_dags/example_dataset_alias.py took 0.225 seconds
