[2024-11-04T20:09:04.235+0000] {processor.py:186} INFO - Started process (PID=83) to work on /home/airflow/.local/lib/python3.12/site-packages/airflow/example_dags/example_short_circuit_decorator.py
[2024-11-04T20:09:04.237+0000] {processor.py:914} INFO - Processing file /home/airflow/.local/lib/python3.12/site-packages/airflow/example_dags/example_short_circuit_decorator.py for tasks to queue
[2024-11-04T20:09:04.242+0000] {logging_mixin.py:190} INFO - [2024-11-04T20:09:04.242+0000] {dagbag.py:588} INFO - Filling up the DagBag from /home/airflow/.local/lib/python3.12/site-packages/airflow/example_dags/example_short_circuit_decorator.py
[2024-11-04T20:09:04.263+0000] {processor.py:925} INFO - DAG(s) 'example_short_circuit_decorator' retrieved from /home/airflow/.local/lib/python3.12/site-packages/airflow/example_dags/example_short_circuit_decorator.py
[2024-11-04T20:09:04.318+0000] {logging_mixin.py:190} INFO - [2024-11-04T20:09:04.318+0000] {dag.py:3239} INFO - Sync 1 DAGs
[2024-11-04T20:09:04.344+0000] {logging_mixin.py:190} INFO - [2024-11-04T20:09:04.343+0000] {dag.py:4180} INFO - Setting next_dagrun for example_short_circuit_decorator to None, run_after=None
[2024-11-04T20:09:04.382+0000] {processor.py:208} INFO - Processing /home/airflow/.local/lib/python3.12/site-packages/airflow/example_dags/example_short_circuit_decorator.py took 0.157 seconds
[2024-11-04T20:09:35.224+0000] {processor.py:186} INFO - Started process (PID=156) to work on /home/airflow/.local/lib/python3.12/site-packages/airflow/example_dags/example_short_circuit_decorator.py
[2024-11-04T20:09:35.225+0000] {processor.py:914} INFO - Processing file /home/airflow/.local/lib/python3.12/site-packages/airflow/example_dags/example_short_circuit_decorator.py for tasks to queue
[2024-11-04T20:09:35.228+0000] {logging_mixin.py:190} INFO - [2024-11-04T20:09:35.228+0000] {dagbag.py:588} INFO - Filling up the DagBag from /home/airflow/.local/lib/python3.12/site-packages/airflow/example_dags/example_short_circuit_decorator.py
[2024-11-04T20:09:35.238+0000] {processor.py:925} INFO - DAG(s) 'example_short_circuit_decorator' retrieved from /home/airflow/.local/lib/python3.12/site-packages/airflow/example_dags/example_short_circuit_decorator.py
[2024-11-04T20:09:35.259+0000] {logging_mixin.py:190} INFO - [2024-11-04T20:09:35.258+0000] {dag.py:3239} INFO - Sync 1 DAGs
[2024-11-04T20:09:35.272+0000] {logging_mixin.py:190} INFO - [2024-11-04T20:09:35.272+0000] {dag.py:4180} INFO - Setting next_dagrun for example_short_circuit_decorator to None, run_after=None
[2024-11-04T20:09:35.292+0000] {processor.py:208} INFO - Processing /home/airflow/.local/lib/python3.12/site-packages/airflow/example_dags/example_short_circuit_decorator.py took 0.073 seconds
[2024-11-04T20:10:05.983+0000] {processor.py:186} INFO - Started process (PID=221) to work on /home/airflow/.local/lib/python3.12/site-packages/airflow/example_dags/example_short_circuit_decorator.py
[2024-11-04T20:10:05.985+0000] {processor.py:914} INFO - Processing file /home/airflow/.local/lib/python3.12/site-packages/airflow/example_dags/example_short_circuit_decorator.py for tasks to queue
[2024-11-04T20:10:05.988+0000] {logging_mixin.py:190} INFO - [2024-11-04T20:10:05.988+0000] {dagbag.py:588} INFO - Filling up the DagBag from /home/airflow/.local/lib/python3.12/site-packages/airflow/example_dags/example_short_circuit_decorator.py
[2024-11-04T20:10:06.005+0000] {processor.py:925} INFO - DAG(s) 'example_short_circuit_decorator' retrieved from /home/airflow/.local/lib/python3.12/site-packages/airflow/example_dags/example_short_circuit_decorator.py
[2024-11-04T20:10:06.053+0000] {logging_mixin.py:190} INFO - [2024-11-04T20:10:06.052+0000] {dag.py:3239} INFO - Sync 1 DAGs
[2024-11-04T20:10:06.077+0000] {logging_mixin.py:190} INFO - [2024-11-04T20:10:06.077+0000] {dag.py:4180} INFO - Setting next_dagrun for example_short_circuit_decorator to None, run_after=None
[2024-11-04T20:10:06.125+0000] {processor.py:208} INFO - Processing /home/airflow/.local/lib/python3.12/site-packages/airflow/example_dags/example_short_circuit_decorator.py took 0.150 seconds
[2024-11-04T20:10:36.915+0000] {processor.py:186} INFO - Started process (PID=286) to work on /home/airflow/.local/lib/python3.12/site-packages/airflow/example_dags/example_short_circuit_decorator.py
[2024-11-04T20:10:36.917+0000] {processor.py:914} INFO - Processing file /home/airflow/.local/lib/python3.12/site-packages/airflow/example_dags/example_short_circuit_decorator.py for tasks to queue
[2024-11-04T20:10:36.921+0000] {logging_mixin.py:190} INFO - [2024-11-04T20:10:36.921+0000] {dagbag.py:588} INFO - Filling up the DagBag from /home/airflow/.local/lib/python3.12/site-packages/airflow/example_dags/example_short_circuit_decorator.py
[2024-11-04T20:10:36.930+0000] {processor.py:925} INFO - DAG(s) 'example_short_circuit_decorator' retrieved from /home/airflow/.local/lib/python3.12/site-packages/airflow/example_dags/example_short_circuit_decorator.py
[2024-11-04T20:10:36.952+0000] {logging_mixin.py:190} INFO - [2024-11-04T20:10:36.951+0000] {dag.py:3239} INFO - Sync 1 DAGs
[2024-11-04T20:10:36.970+0000] {logging_mixin.py:190} INFO - [2024-11-04T20:10:36.970+0000] {dag.py:4180} INFO - Setting next_dagrun for example_short_circuit_decorator to None, run_after=None
[2024-11-04T20:10:36.991+0000] {processor.py:208} INFO - Processing /home/airflow/.local/lib/python3.12/site-packages/airflow/example_dags/example_short_circuit_decorator.py took 0.083 seconds
[2024-11-04T20:11:07.951+0000] {processor.py:186} INFO - Started process (PID=350) to work on /home/airflow/.local/lib/python3.12/site-packages/airflow/example_dags/example_short_circuit_decorator.py
[2024-11-04T20:11:07.953+0000] {processor.py:914} INFO - Processing file /home/airflow/.local/lib/python3.12/site-packages/airflow/example_dags/example_short_circuit_decorator.py for tasks to queue
[2024-11-04T20:11:07.958+0000] {logging_mixin.py:190} INFO - [2024-11-04T20:11:07.958+0000] {dagbag.py:588} INFO - Filling up the DagBag from /home/airflow/.local/lib/python3.12/site-packages/airflow/example_dags/example_short_circuit_decorator.py
[2024-11-04T20:11:07.970+0000] {processor.py:925} INFO - DAG(s) 'example_short_circuit_decorator' retrieved from /home/airflow/.local/lib/python3.12/site-packages/airflow/example_dags/example_short_circuit_decorator.py
[2024-11-04T20:11:08.002+0000] {logging_mixin.py:190} INFO - [2024-11-04T20:11:08.002+0000] {dag.py:3239} INFO - Sync 1 DAGs
[2024-11-04T20:11:08.022+0000] {logging_mixin.py:190} INFO - [2024-11-04T20:11:08.022+0000] {dag.py:4180} INFO - Setting next_dagrun for example_short_circuit_decorator to None, run_after=None
[2024-11-04T20:11:08.047+0000] {processor.py:208} INFO - Processing /home/airflow/.local/lib/python3.12/site-packages/airflow/example_dags/example_short_circuit_decorator.py took 0.102 seconds
[2024-11-04T20:11:38.751+0000] {processor.py:186} INFO - Started process (PID=415) to work on /home/airflow/.local/lib/python3.12/site-packages/airflow/example_dags/example_short_circuit_decorator.py
[2024-11-04T20:11:38.752+0000] {processor.py:914} INFO - Processing file /home/airflow/.local/lib/python3.12/site-packages/airflow/example_dags/example_short_circuit_decorator.py for tasks to queue
[2024-11-04T20:11:38.755+0000] {logging_mixin.py:190} INFO - [2024-11-04T20:11:38.754+0000] {dagbag.py:588} INFO - Filling up the DagBag from /home/airflow/.local/lib/python3.12/site-packages/airflow/example_dags/example_short_circuit_decorator.py
[2024-11-04T20:11:38.764+0000] {processor.py:925} INFO - DAG(s) 'example_short_circuit_decorator' retrieved from /home/airflow/.local/lib/python3.12/site-packages/airflow/example_dags/example_short_circuit_decorator.py
[2024-11-04T20:11:38.786+0000] {logging_mixin.py:190} INFO - [2024-11-04T20:11:38.786+0000] {dag.py:3239} INFO - Sync 1 DAGs
[2024-11-04T20:11:38.801+0000] {logging_mixin.py:190} INFO - [2024-11-04T20:11:38.800+0000] {dag.py:4180} INFO - Setting next_dagrun for example_short_circuit_decorator to None, run_after=None
[2024-11-04T20:11:38.818+0000] {processor.py:208} INFO - Processing /home/airflow/.local/lib/python3.12/site-packages/airflow/example_dags/example_short_circuit_decorator.py took 0.072 seconds
[2024-11-04T20:12:09.452+0000] {processor.py:186} INFO - Started process (PID=480) to work on /home/airflow/.local/lib/python3.12/site-packages/airflow/example_dags/example_short_circuit_decorator.py
[2024-11-04T20:12:09.453+0000] {processor.py:914} INFO - Processing file /home/airflow/.local/lib/python3.12/site-packages/airflow/example_dags/example_short_circuit_decorator.py for tasks to queue
[2024-11-04T20:12:09.455+0000] {logging_mixin.py:190} INFO - [2024-11-04T20:12:09.455+0000] {dagbag.py:588} INFO - Filling up the DagBag from /home/airflow/.local/lib/python3.12/site-packages/airflow/example_dags/example_short_circuit_decorator.py
[2024-11-04T20:12:09.464+0000] {processor.py:925} INFO - DAG(s) 'example_short_circuit_decorator' retrieved from /home/airflow/.local/lib/python3.12/site-packages/airflow/example_dags/example_short_circuit_decorator.py
[2024-11-04T20:12:09.487+0000] {logging_mixin.py:190} INFO - [2024-11-04T20:12:09.486+0000] {dag.py:3239} INFO - Sync 1 DAGs
[2024-11-04T20:12:09.509+0000] {logging_mixin.py:190} INFO - [2024-11-04T20:12:09.509+0000] {dag.py:4180} INFO - Setting next_dagrun for example_short_circuit_decorator to None, run_after=None
[2024-11-04T20:12:09.532+0000] {processor.py:208} INFO - Processing /home/airflow/.local/lib/python3.12/site-packages/airflow/example_dags/example_short_circuit_decorator.py took 0.085 seconds
[2024-11-04T20:12:39.633+0000] {processor.py:186} INFO - Started process (PID=544) to work on /home/airflow/.local/lib/python3.12/site-packages/airflow/example_dags/example_short_circuit_decorator.py
[2024-11-04T20:12:39.634+0000] {processor.py:914} INFO - Processing file /home/airflow/.local/lib/python3.12/site-packages/airflow/example_dags/example_short_circuit_decorator.py for tasks to queue
[2024-11-04T20:12:39.637+0000] {logging_mixin.py:190} INFO - [2024-11-04T20:12:39.637+0000] {dagbag.py:588} INFO - Filling up the DagBag from /home/airflow/.local/lib/python3.12/site-packages/airflow/example_dags/example_short_circuit_decorator.py
[2024-11-04T20:12:39.645+0000] {processor.py:925} INFO - DAG(s) 'example_short_circuit_decorator' retrieved from /home/airflow/.local/lib/python3.12/site-packages/airflow/example_dags/example_short_circuit_decorator.py
[2024-11-04T20:12:39.675+0000] {logging_mixin.py:190} INFO - [2024-11-04T20:12:39.675+0000] {dag.py:3239} INFO - Sync 1 DAGs
[2024-11-04T20:12:39.696+0000] {logging_mixin.py:190} INFO - [2024-11-04T20:12:39.695+0000] {dag.py:4180} INFO - Setting next_dagrun for example_short_circuit_decorator to None, run_after=None
[2024-11-04T20:12:39.720+0000] {processor.py:208} INFO - Processing /home/airflow/.local/lib/python3.12/site-packages/airflow/example_dags/example_short_circuit_decorator.py took 0.092 seconds
[2024-11-04T20:13:10.786+0000] {processor.py:186} INFO - Started process (PID=609) to work on /home/airflow/.local/lib/python3.12/site-packages/airflow/example_dags/example_short_circuit_decorator.py
[2024-11-04T20:13:10.787+0000] {processor.py:914} INFO - Processing file /home/airflow/.local/lib/python3.12/site-packages/airflow/example_dags/example_short_circuit_decorator.py for tasks to queue
[2024-11-04T20:13:10.791+0000] {logging_mixin.py:190} INFO - [2024-11-04T20:13:10.791+0000] {dagbag.py:588} INFO - Filling up the DagBag from /home/airflow/.local/lib/python3.12/site-packages/airflow/example_dags/example_short_circuit_decorator.py
[2024-11-04T20:13:10.804+0000] {processor.py:925} INFO - DAG(s) 'example_short_circuit_decorator' retrieved from /home/airflow/.local/lib/python3.12/site-packages/airflow/example_dags/example_short_circuit_decorator.py
[2024-11-04T20:13:10.828+0000] {logging_mixin.py:190} INFO - [2024-11-04T20:13:10.828+0000] {dag.py:3239} INFO - Sync 1 DAGs
[2024-11-04T20:13:10.841+0000] {logging_mixin.py:190} INFO - [2024-11-04T20:13:10.840+0000] {dag.py:4180} INFO - Setting next_dagrun for example_short_circuit_decorator to None, run_after=None
[2024-11-04T20:13:10.876+0000] {processor.py:208} INFO - Processing /home/airflow/.local/lib/python3.12/site-packages/airflow/example_dags/example_short_circuit_decorator.py took 0.099 seconds
[2024-11-04T20:13:41.904+0000] {processor.py:186} INFO - Started process (PID=674) to work on /home/airflow/.local/lib/python3.12/site-packages/airflow/example_dags/example_short_circuit_decorator.py
[2024-11-04T20:13:41.905+0000] {processor.py:914} INFO - Processing file /home/airflow/.local/lib/python3.12/site-packages/airflow/example_dags/example_short_circuit_decorator.py for tasks to queue
[2024-11-04T20:13:41.908+0000] {logging_mixin.py:190} INFO - [2024-11-04T20:13:41.908+0000] {dagbag.py:588} INFO - Filling up the DagBag from /home/airflow/.local/lib/python3.12/site-packages/airflow/example_dags/example_short_circuit_decorator.py
[2024-11-04T20:13:41.921+0000] {processor.py:925} INFO - DAG(s) 'example_short_circuit_decorator' retrieved from /home/airflow/.local/lib/python3.12/site-packages/airflow/example_dags/example_short_circuit_decorator.py
[2024-11-04T20:13:41.951+0000] {logging_mixin.py:190} INFO - [2024-11-04T20:13:41.950+0000] {dag.py:3239} INFO - Sync 1 DAGs
[2024-11-04T20:13:41.974+0000] {logging_mixin.py:190} INFO - [2024-11-04T20:13:41.974+0000] {dag.py:4180} INFO - Setting next_dagrun for example_short_circuit_decorator to None, run_after=None
[2024-11-04T20:13:41.996+0000] {processor.py:208} INFO - Processing /home/airflow/.local/lib/python3.12/site-packages/airflow/example_dags/example_short_circuit_decorator.py took 0.098 seconds
[2024-11-04T20:14:12.167+0000] {processor.py:186} INFO - Started process (PID=739) to work on /home/airflow/.local/lib/python3.12/site-packages/airflow/example_dags/example_short_circuit_decorator.py
[2024-11-04T20:14:12.168+0000] {processor.py:914} INFO - Processing file /home/airflow/.local/lib/python3.12/site-packages/airflow/example_dags/example_short_circuit_decorator.py for tasks to queue
[2024-11-04T20:14:12.171+0000] {logging_mixin.py:190} INFO - [2024-11-04T20:14:12.171+0000] {dagbag.py:588} INFO - Filling up the DagBag from /home/airflow/.local/lib/python3.12/site-packages/airflow/example_dags/example_short_circuit_decorator.py
[2024-11-04T20:14:12.179+0000] {processor.py:925} INFO - DAG(s) 'example_short_circuit_decorator' retrieved from /home/airflow/.local/lib/python3.12/site-packages/airflow/example_dags/example_short_circuit_decorator.py
[2024-11-04T20:14:12.202+0000] {logging_mixin.py:190} INFO - [2024-11-04T20:14:12.202+0000] {dag.py:3239} INFO - Sync 1 DAGs
[2024-11-04T20:14:12.217+0000] {logging_mixin.py:190} INFO - [2024-11-04T20:14:12.217+0000] {dag.py:4180} INFO - Setting next_dagrun for example_short_circuit_decorator to None, run_after=None
[2024-11-04T20:14:12.238+0000] {processor.py:208} INFO - Processing /home/airflow/.local/lib/python3.12/site-packages/airflow/example_dags/example_short_circuit_decorator.py took 0.076 seconds
[2024-11-04T20:14:43.014+0000] {processor.py:186} INFO - Started process (PID=804) to work on /home/airflow/.local/lib/python3.12/site-packages/airflow/example_dags/example_short_circuit_decorator.py
[2024-11-04T20:14:43.015+0000] {processor.py:914} INFO - Processing file /home/airflow/.local/lib/python3.12/site-packages/airflow/example_dags/example_short_circuit_decorator.py for tasks to queue
[2024-11-04T20:14:43.018+0000] {logging_mixin.py:190} INFO - [2024-11-04T20:14:43.018+0000] {dagbag.py:588} INFO - Filling up the DagBag from /home/airflow/.local/lib/python3.12/site-packages/airflow/example_dags/example_short_circuit_decorator.py
[2024-11-04T20:14:43.027+0000] {processor.py:925} INFO - DAG(s) 'example_short_circuit_decorator' retrieved from /home/airflow/.local/lib/python3.12/site-packages/airflow/example_dags/example_short_circuit_decorator.py
[2024-11-04T20:14:43.051+0000] {logging_mixin.py:190} INFO - [2024-11-04T20:14:43.051+0000] {dag.py:3239} INFO - Sync 1 DAGs
[2024-11-04T20:14:43.064+0000] {logging_mixin.py:190} INFO - [2024-11-04T20:14:43.064+0000] {dag.py:4180} INFO - Setting next_dagrun for example_short_circuit_decorator to None, run_after=None
[2024-11-04T20:14:43.084+0000] {processor.py:208} INFO - Processing /home/airflow/.local/lib/python3.12/site-packages/airflow/example_dags/example_short_circuit_decorator.py took 0.076 seconds
[2024-11-04T20:15:13.374+0000] {processor.py:186} INFO - Started process (PID=867) to work on /home/airflow/.local/lib/python3.12/site-packages/airflow/example_dags/example_short_circuit_decorator.py
[2024-11-04T20:15:13.375+0000] {processor.py:914} INFO - Processing file /home/airflow/.local/lib/python3.12/site-packages/airflow/example_dags/example_short_circuit_decorator.py for tasks to queue
[2024-11-04T20:15:13.378+0000] {logging_mixin.py:190} INFO - [2024-11-04T20:15:13.378+0000] {dagbag.py:588} INFO - Filling up the DagBag from /home/airflow/.local/lib/python3.12/site-packages/airflow/example_dags/example_short_circuit_decorator.py
[2024-11-04T20:15:13.389+0000] {processor.py:925} INFO - DAG(s) 'example_short_circuit_decorator' retrieved from /home/airflow/.local/lib/python3.12/site-packages/airflow/example_dags/example_short_circuit_decorator.py
[2024-11-04T20:15:13.413+0000] {logging_mixin.py:190} INFO - [2024-11-04T20:15:13.413+0000] {dag.py:3239} INFO - Sync 1 DAGs
[2024-11-04T20:15:13.429+0000] {logging_mixin.py:190} INFO - [2024-11-04T20:15:13.428+0000] {dag.py:4180} INFO - Setting next_dagrun for example_short_circuit_decorator to None, run_after=None
[2024-11-04T20:15:13.452+0000] {processor.py:208} INFO - Processing /home/airflow/.local/lib/python3.12/site-packages/airflow/example_dags/example_short_circuit_decorator.py took 0.083 seconds
[2024-11-04T20:15:44.298+0000] {processor.py:186} INFO - Started process (PID=932) to work on /home/airflow/.local/lib/python3.12/site-packages/airflow/example_dags/example_short_circuit_decorator.py
[2024-11-04T20:15:44.299+0000] {processor.py:914} INFO - Processing file /home/airflow/.local/lib/python3.12/site-packages/airflow/example_dags/example_short_circuit_decorator.py for tasks to queue
[2024-11-04T20:15:44.301+0000] {logging_mixin.py:190} INFO - [2024-11-04T20:15:44.301+0000] {dagbag.py:588} INFO - Filling up the DagBag from /home/airflow/.local/lib/python3.12/site-packages/airflow/example_dags/example_short_circuit_decorator.py
[2024-11-04T20:15:44.309+0000] {processor.py:925} INFO - DAG(s) 'example_short_circuit_decorator' retrieved from /home/airflow/.local/lib/python3.12/site-packages/airflow/example_dags/example_short_circuit_decorator.py
[2024-11-04T20:15:44.327+0000] {logging_mixin.py:190} INFO - [2024-11-04T20:15:44.327+0000] {dag.py:3239} INFO - Sync 1 DAGs
[2024-11-04T20:15:44.342+0000] {logging_mixin.py:190} INFO - [2024-11-04T20:15:44.342+0000] {dag.py:4180} INFO - Setting next_dagrun for example_short_circuit_decorator to None, run_after=None
[2024-11-04T20:15:44.360+0000] {processor.py:208} INFO - Processing /home/airflow/.local/lib/python3.12/site-packages/airflow/example_dags/example_short_circuit_decorator.py took 0.068 seconds
[2024-11-04T20:17:05.675+0000] {processor.py:186} INFO - Started process (PID=64) to work on /home/airflow/.local/lib/python3.12/site-packages/airflow/example_dags/example_short_circuit_decorator.py
[2024-11-04T20:17:05.676+0000] {processor.py:914} INFO - Processing file /home/airflow/.local/lib/python3.12/site-packages/airflow/example_dags/example_short_circuit_decorator.py for tasks to queue
[2024-11-04T20:17:05.679+0000] {logging_mixin.py:190} INFO - [2024-11-04T20:17:05.679+0000] {dagbag.py:588} INFO - Filling up the DagBag from /home/airflow/.local/lib/python3.12/site-packages/airflow/example_dags/example_short_circuit_decorator.py
[2024-11-04T20:17:05.691+0000] {processor.py:925} INFO - DAG(s) 'example_short_circuit_decorator' retrieved from /home/airflow/.local/lib/python3.12/site-packages/airflow/example_dags/example_short_circuit_decorator.py
[2024-11-04T20:17:05.721+0000] {logging_mixin.py:190} INFO - [2024-11-04T20:17:05.721+0000] {dag.py:3239} INFO - Sync 1 DAGs
[2024-11-04T20:17:05.740+0000] {logging_mixin.py:190} INFO - [2024-11-04T20:17:05.740+0000] {dag.py:4180} INFO - Setting next_dagrun for example_short_circuit_decorator to None, run_after=None
[2024-11-04T20:17:05.765+0000] {processor.py:208} INFO - Processing /home/airflow/.local/lib/python3.12/site-packages/airflow/example_dags/example_short_circuit_decorator.py took 0.096 seconds
[2024-11-04T20:17:36.491+0000] {processor.py:186} INFO - Started process (PID=130) to work on /home/airflow/.local/lib/python3.12/site-packages/airflow/example_dags/example_short_circuit_decorator.py
[2024-11-04T20:17:36.492+0000] {processor.py:914} INFO - Processing file /home/airflow/.local/lib/python3.12/site-packages/airflow/example_dags/example_short_circuit_decorator.py for tasks to queue
[2024-11-04T20:17:36.495+0000] {logging_mixin.py:190} INFO - [2024-11-04T20:17:36.494+0000] {dagbag.py:588} INFO - Filling up the DagBag from /home/airflow/.local/lib/python3.12/site-packages/airflow/example_dags/example_short_circuit_decorator.py
[2024-11-04T20:17:36.503+0000] {processor.py:925} INFO - DAG(s) 'example_short_circuit_decorator' retrieved from /home/airflow/.local/lib/python3.12/site-packages/airflow/example_dags/example_short_circuit_decorator.py
[2024-11-04T20:17:36.523+0000] {logging_mixin.py:190} INFO - [2024-11-04T20:17:36.523+0000] {dag.py:3239} INFO - Sync 1 DAGs
[2024-11-04T20:17:36.535+0000] {logging_mixin.py:190} INFO - [2024-11-04T20:17:36.535+0000] {dag.py:4180} INFO - Setting next_dagrun for example_short_circuit_decorator to None, run_after=None
[2024-11-04T20:17:36.550+0000] {processor.py:208} INFO - Processing /home/airflow/.local/lib/python3.12/site-packages/airflow/example_dags/example_short_circuit_decorator.py took 0.063 seconds
[2024-11-04T20:18:06.937+0000] {processor.py:186} INFO - Started process (PID=196) to work on /home/airflow/.local/lib/python3.12/site-packages/airflow/example_dags/example_short_circuit_decorator.py
[2024-11-04T20:18:06.938+0000] {processor.py:914} INFO - Processing file /home/airflow/.local/lib/python3.12/site-packages/airflow/example_dags/example_short_circuit_decorator.py for tasks to queue
[2024-11-04T20:18:06.941+0000] {logging_mixin.py:190} INFO - [2024-11-04T20:18:06.941+0000] {dagbag.py:588} INFO - Filling up the DagBag from /home/airflow/.local/lib/python3.12/site-packages/airflow/example_dags/example_short_circuit_decorator.py
[2024-11-04T20:18:06.951+0000] {processor.py:925} INFO - DAG(s) 'example_short_circuit_decorator' retrieved from /home/airflow/.local/lib/python3.12/site-packages/airflow/example_dags/example_short_circuit_decorator.py
[2024-11-04T20:18:06.973+0000] {logging_mixin.py:190} INFO - [2024-11-04T20:18:06.972+0000] {dag.py:3239} INFO - Sync 1 DAGs
[2024-11-04T20:18:06.987+0000] {logging_mixin.py:190} INFO - [2024-11-04T20:18:06.987+0000] {dag.py:4180} INFO - Setting next_dagrun for example_short_circuit_decorator to None, run_after=None
[2024-11-04T20:18:07.006+0000] {processor.py:208} INFO - Processing /home/airflow/.local/lib/python3.12/site-packages/airflow/example_dags/example_short_circuit_decorator.py took 0.075 seconds
[2024-11-04T20:18:37.774+0000] {processor.py:186} INFO - Started process (PID=262) to work on /home/airflow/.local/lib/python3.12/site-packages/airflow/example_dags/example_short_circuit_decorator.py
[2024-11-04T20:18:37.775+0000] {processor.py:914} INFO - Processing file /home/airflow/.local/lib/python3.12/site-packages/airflow/example_dags/example_short_circuit_decorator.py for tasks to queue
[2024-11-04T20:18:37.777+0000] {logging_mixin.py:190} INFO - [2024-11-04T20:18:37.777+0000] {dagbag.py:588} INFO - Filling up the DagBag from /home/airflow/.local/lib/python3.12/site-packages/airflow/example_dags/example_short_circuit_decorator.py
[2024-11-04T20:18:37.789+0000] {processor.py:925} INFO - DAG(s) 'example_short_circuit_decorator' retrieved from /home/airflow/.local/lib/python3.12/site-packages/airflow/example_dags/example_short_circuit_decorator.py
[2024-11-04T20:18:37.809+0000] {logging_mixin.py:190} INFO - [2024-11-04T20:18:37.809+0000] {dag.py:3239} INFO - Sync 1 DAGs
[2024-11-04T20:18:37.822+0000] {logging_mixin.py:190} INFO - [2024-11-04T20:18:37.821+0000] {dag.py:4180} INFO - Setting next_dagrun for example_short_circuit_decorator to None, run_after=None
[2024-11-04T20:18:37.853+0000] {processor.py:208} INFO - Processing /home/airflow/.local/lib/python3.12/site-packages/airflow/example_dags/example_short_circuit_decorator.py took 0.086 seconds
[2024-11-04T20:19:08.776+0000] {processor.py:186} INFO - Started process (PID=335) to work on /home/airflow/.local/lib/python3.12/site-packages/airflow/example_dags/example_short_circuit_decorator.py
[2024-11-04T20:19:08.778+0000] {processor.py:914} INFO - Processing file /home/airflow/.local/lib/python3.12/site-packages/airflow/example_dags/example_short_circuit_decorator.py for tasks to queue
[2024-11-04T20:19:08.780+0000] {logging_mixin.py:190} INFO - [2024-11-04T20:19:08.780+0000] {dagbag.py:588} INFO - Filling up the DagBag from /home/airflow/.local/lib/python3.12/site-packages/airflow/example_dags/example_short_circuit_decorator.py
[2024-11-04T20:19:08.789+0000] {processor.py:925} INFO - DAG(s) 'example_short_circuit_decorator' retrieved from /home/airflow/.local/lib/python3.12/site-packages/airflow/example_dags/example_short_circuit_decorator.py
[2024-11-04T20:19:08.811+0000] {logging_mixin.py:190} INFO - [2024-11-04T20:19:08.810+0000] {dag.py:3239} INFO - Sync 1 DAGs
[2024-11-04T20:19:08.828+0000] {logging_mixin.py:190} INFO - [2024-11-04T20:19:08.827+0000] {dag.py:4180} INFO - Setting next_dagrun for example_short_circuit_decorator to None, run_after=None
[2024-11-04T20:19:08.848+0000] {processor.py:208} INFO - Processing /home/airflow/.local/lib/python3.12/site-packages/airflow/example_dags/example_short_circuit_decorator.py took 0.076 seconds
[2024-11-04T20:19:39.010+0000] {processor.py:186} INFO - Started process (PID=401) to work on /home/airflow/.local/lib/python3.12/site-packages/airflow/example_dags/example_short_circuit_decorator.py
[2024-11-04T20:19:39.011+0000] {processor.py:914} INFO - Processing file /home/airflow/.local/lib/python3.12/site-packages/airflow/example_dags/example_short_circuit_decorator.py for tasks to queue
[2024-11-04T20:19:39.013+0000] {logging_mixin.py:190} INFO - [2024-11-04T20:19:39.013+0000] {dagbag.py:588} INFO - Filling up the DagBag from /home/airflow/.local/lib/python3.12/site-packages/airflow/example_dags/example_short_circuit_decorator.py
[2024-11-04T20:19:39.023+0000] {processor.py:925} INFO - DAG(s) 'example_short_circuit_decorator' retrieved from /home/airflow/.local/lib/python3.12/site-packages/airflow/example_dags/example_short_circuit_decorator.py
[2024-11-04T20:19:39.045+0000] {logging_mixin.py:190} INFO - [2024-11-04T20:19:39.045+0000] {dag.py:3239} INFO - Sync 1 DAGs
[2024-11-04T20:19:39.063+0000] {logging_mixin.py:190} INFO - [2024-11-04T20:19:39.063+0000] {dag.py:4180} INFO - Setting next_dagrun for example_short_circuit_decorator to None, run_after=None
[2024-11-04T20:19:39.091+0000] {processor.py:208} INFO - Processing /home/airflow/.local/lib/python3.12/site-packages/airflow/example_dags/example_short_circuit_decorator.py took 0.086 seconds
[2024-11-04T20:20:09.773+0000] {processor.py:186} INFO - Started process (PID=467) to work on /home/airflow/.local/lib/python3.12/site-packages/airflow/example_dags/example_short_circuit_decorator.py
[2024-11-04T20:20:09.774+0000] {processor.py:914} INFO - Processing file /home/airflow/.local/lib/python3.12/site-packages/airflow/example_dags/example_short_circuit_decorator.py for tasks to queue
[2024-11-04T20:20:09.777+0000] {logging_mixin.py:190} INFO - [2024-11-04T20:20:09.777+0000] {dagbag.py:588} INFO - Filling up the DagBag from /home/airflow/.local/lib/python3.12/site-packages/airflow/example_dags/example_short_circuit_decorator.py
[2024-11-04T20:20:09.787+0000] {processor.py:925} INFO - DAG(s) 'example_short_circuit_decorator' retrieved from /home/airflow/.local/lib/python3.12/site-packages/airflow/example_dags/example_short_circuit_decorator.py
[2024-11-04T20:20:09.808+0000] {logging_mixin.py:190} INFO - [2024-11-04T20:20:09.808+0000] {dag.py:3239} INFO - Sync 1 DAGs
[2024-11-04T20:20:09.824+0000] {logging_mixin.py:190} INFO - [2024-11-04T20:20:09.823+0000] {dag.py:4180} INFO - Setting next_dagrun for example_short_circuit_decorator to None, run_after=None
[2024-11-04T20:20:09.844+0000] {processor.py:208} INFO - Processing /home/airflow/.local/lib/python3.12/site-packages/airflow/example_dags/example_short_circuit_decorator.py took 0.076 seconds
[2024-11-04T20:20:40.284+0000] {processor.py:186} INFO - Started process (PID=532) to work on /home/airflow/.local/lib/python3.12/site-packages/airflow/example_dags/example_short_circuit_decorator.py
[2024-11-04T20:20:40.285+0000] {processor.py:914} INFO - Processing file /home/airflow/.local/lib/python3.12/site-packages/airflow/example_dags/example_short_circuit_decorator.py for tasks to queue
[2024-11-04T20:20:40.289+0000] {logging_mixin.py:190} INFO - [2024-11-04T20:20:40.288+0000] {dagbag.py:588} INFO - Filling up the DagBag from /home/airflow/.local/lib/python3.12/site-packages/airflow/example_dags/example_short_circuit_decorator.py
[2024-11-04T20:20:40.299+0000] {processor.py:925} INFO - DAG(s) 'example_short_circuit_decorator' retrieved from /home/airflow/.local/lib/python3.12/site-packages/airflow/example_dags/example_short_circuit_decorator.py
[2024-11-04T20:20:40.331+0000] {logging_mixin.py:190} INFO - [2024-11-04T20:20:40.331+0000] {dag.py:3239} INFO - Sync 1 DAGs
[2024-11-04T20:20:40.349+0000] {logging_mixin.py:190} INFO - [2024-11-04T20:20:40.349+0000] {dag.py:4180} INFO - Setting next_dagrun for example_short_circuit_decorator to None, run_after=None
[2024-11-04T20:20:40.393+0000] {processor.py:208} INFO - Processing /home/airflow/.local/lib/python3.12/site-packages/airflow/example_dags/example_short_circuit_decorator.py took 0.124 seconds
[2024-11-04T20:21:11.107+0000] {processor.py:186} INFO - Started process (PID=600) to work on /home/airflow/.local/lib/python3.12/site-packages/airflow/example_dags/example_short_circuit_decorator.py
[2024-11-04T20:21:11.108+0000] {processor.py:914} INFO - Processing file /home/airflow/.local/lib/python3.12/site-packages/airflow/example_dags/example_short_circuit_decorator.py for tasks to queue
[2024-11-04T20:21:11.110+0000] {logging_mixin.py:190} INFO - [2024-11-04T20:21:11.110+0000] {dagbag.py:588} INFO - Filling up the DagBag from /home/airflow/.local/lib/python3.12/site-packages/airflow/example_dags/example_short_circuit_decorator.py
[2024-11-04T20:21:11.119+0000] {processor.py:925} INFO - DAG(s) 'example_short_circuit_decorator' retrieved from /home/airflow/.local/lib/python3.12/site-packages/airflow/example_dags/example_short_circuit_decorator.py
[2024-11-04T20:21:11.141+0000] {logging_mixin.py:190} INFO - [2024-11-04T20:21:11.141+0000] {dag.py:3239} INFO - Sync 1 DAGs
[2024-11-04T20:21:11.154+0000] {logging_mixin.py:190} INFO - [2024-11-04T20:21:11.154+0000] {dag.py:4180} INFO - Setting next_dagrun for example_short_circuit_decorator to None, run_after=None
[2024-11-04T20:21:11.173+0000] {processor.py:208} INFO - Processing /home/airflow/.local/lib/python3.12/site-packages/airflow/example_dags/example_short_circuit_decorator.py took 0.071 seconds
[2024-11-04T20:21:42.274+0000] {processor.py:186} INFO - Started process (PID=666) to work on /home/airflow/.local/lib/python3.12/site-packages/airflow/example_dags/example_short_circuit_decorator.py
[2024-11-04T20:21:42.275+0000] {processor.py:914} INFO - Processing file /home/airflow/.local/lib/python3.12/site-packages/airflow/example_dags/example_short_circuit_decorator.py for tasks to queue
[2024-11-04T20:21:42.278+0000] {logging_mixin.py:190} INFO - [2024-11-04T20:21:42.277+0000] {dagbag.py:588} INFO - Filling up the DagBag from /home/airflow/.local/lib/python3.12/site-packages/airflow/example_dags/example_short_circuit_decorator.py
[2024-11-04T20:21:42.287+0000] {processor.py:925} INFO - DAG(s) 'example_short_circuit_decorator' retrieved from /home/airflow/.local/lib/python3.12/site-packages/airflow/example_dags/example_short_circuit_decorator.py
[2024-11-04T20:21:42.308+0000] {logging_mixin.py:190} INFO - [2024-11-04T20:21:42.308+0000] {dag.py:3239} INFO - Sync 1 DAGs
[2024-11-04T20:21:42.322+0000] {logging_mixin.py:190} INFO - [2024-11-04T20:21:42.322+0000] {dag.py:4180} INFO - Setting next_dagrun for example_short_circuit_decorator to None, run_after=None
[2024-11-04T20:21:42.342+0000] {processor.py:208} INFO - Processing /home/airflow/.local/lib/python3.12/site-packages/airflow/example_dags/example_short_circuit_decorator.py took 0.073 seconds
[2024-11-04T20:22:12.583+0000] {processor.py:186} INFO - Started process (PID=732) to work on /home/airflow/.local/lib/python3.12/site-packages/airflow/example_dags/example_short_circuit_decorator.py
[2024-11-04T20:22:12.584+0000] {processor.py:914} INFO - Processing file /home/airflow/.local/lib/python3.12/site-packages/airflow/example_dags/example_short_circuit_decorator.py for tasks to queue
[2024-11-04T20:22:12.586+0000] {logging_mixin.py:190} INFO - [2024-11-04T20:22:12.586+0000] {dagbag.py:588} INFO - Filling up the DagBag from /home/airflow/.local/lib/python3.12/site-packages/airflow/example_dags/example_short_circuit_decorator.py
[2024-11-04T20:22:12.593+0000] {processor.py:925} INFO - DAG(s) 'example_short_circuit_decorator' retrieved from /home/airflow/.local/lib/python3.12/site-packages/airflow/example_dags/example_short_circuit_decorator.py
[2024-11-04T20:22:12.617+0000] {logging_mixin.py:190} INFO - [2024-11-04T20:22:12.616+0000] {dag.py:3239} INFO - Sync 1 DAGs
[2024-11-04T20:22:12.632+0000] {logging_mixin.py:190} INFO - [2024-11-04T20:22:12.631+0000] {dag.py:4180} INFO - Setting next_dagrun for example_short_circuit_decorator to None, run_after=None
[2024-11-04T20:22:12.649+0000] {processor.py:208} INFO - Processing /home/airflow/.local/lib/python3.12/site-packages/airflow/example_dags/example_short_circuit_decorator.py took 0.070 seconds
[2024-11-04T20:22:43.749+0000] {processor.py:186} INFO - Started process (PID=803) to work on /home/airflow/.local/lib/python3.12/site-packages/airflow/example_dags/example_short_circuit_decorator.py
[2024-11-04T20:22:43.750+0000] {processor.py:914} INFO - Processing file /home/airflow/.local/lib/python3.12/site-packages/airflow/example_dags/example_short_circuit_decorator.py for tasks to queue
[2024-11-04T20:22:43.753+0000] {logging_mixin.py:190} INFO - [2024-11-04T20:22:43.753+0000] {dagbag.py:588} INFO - Filling up the DagBag from /home/airflow/.local/lib/python3.12/site-packages/airflow/example_dags/example_short_circuit_decorator.py
[2024-11-04T20:22:43.763+0000] {processor.py:925} INFO - DAG(s) 'example_short_circuit_decorator' retrieved from /home/airflow/.local/lib/python3.12/site-packages/airflow/example_dags/example_short_circuit_decorator.py
[2024-11-04T20:22:43.787+0000] {logging_mixin.py:190} INFO - [2024-11-04T20:22:43.786+0000] {dag.py:3239} INFO - Sync 1 DAGs
[2024-11-04T20:22:43.803+0000] {logging_mixin.py:190} INFO - [2024-11-04T20:22:43.803+0000] {dag.py:4180} INFO - Setting next_dagrun for example_short_circuit_decorator to None, run_after=None
[2024-11-04T20:22:43.825+0000] {processor.py:208} INFO - Processing /home/airflow/.local/lib/python3.12/site-packages/airflow/example_dags/example_short_circuit_decorator.py took 0.082 seconds
[2024-11-04T20:25:39.346+0000] {processor.py:186} INFO - Started process (PID=82) to work on /home/airflow/.local/lib/python3.12/site-packages/airflow/example_dags/example_short_circuit_decorator.py
[2024-11-04T20:25:39.349+0000] {processor.py:914} INFO - Processing file /home/airflow/.local/lib/python3.12/site-packages/airflow/example_dags/example_short_circuit_decorator.py for tasks to queue
[2024-11-04T20:25:39.354+0000] {logging_mixin.py:190} INFO - [2024-11-04T20:25:39.353+0000] {dagbag.py:588} INFO - Filling up the DagBag from /home/airflow/.local/lib/python3.12/site-packages/airflow/example_dags/example_short_circuit_decorator.py
[2024-11-04T20:25:39.387+0000] {processor.py:925} INFO - DAG(s) 'example_short_circuit_decorator' retrieved from /home/airflow/.local/lib/python3.12/site-packages/airflow/example_dags/example_short_circuit_decorator.py
[2024-11-04T20:25:39.444+0000] {logging_mixin.py:190} INFO - [2024-11-04T20:25:39.444+0000] {dag.py:3239} INFO - Sync 1 DAGs
[2024-11-04T20:25:39.464+0000] {logging_mixin.py:190} INFO - [2024-11-04T20:25:39.463+0000] {dag.py:4180} INFO - Setting next_dagrun for example_short_circuit_decorator to None, run_after=None
[2024-11-04T20:25:39.499+0000] {processor.py:208} INFO - Processing /home/airflow/.local/lib/python3.12/site-packages/airflow/example_dags/example_short_circuit_decorator.py took 0.165 seconds
[2024-11-04T20:26:09.639+0000] {processor.py:186} INFO - Started process (PID=148) to work on /home/airflow/.local/lib/python3.12/site-packages/airflow/example_dags/example_short_circuit_decorator.py
[2024-11-04T20:26:09.641+0000] {processor.py:914} INFO - Processing file /home/airflow/.local/lib/python3.12/site-packages/airflow/example_dags/example_short_circuit_decorator.py for tasks to queue
[2024-11-04T20:26:09.644+0000] {logging_mixin.py:190} INFO - [2024-11-04T20:26:09.644+0000] {dagbag.py:588} INFO - Filling up the DagBag from /home/airflow/.local/lib/python3.12/site-packages/airflow/example_dags/example_short_circuit_decorator.py
[2024-11-04T20:26:09.654+0000] {processor.py:925} INFO - DAG(s) 'example_short_circuit_decorator' retrieved from /home/airflow/.local/lib/python3.12/site-packages/airflow/example_dags/example_short_circuit_decorator.py
[2024-11-04T20:26:09.675+0000] {logging_mixin.py:190} INFO - [2024-11-04T20:26:09.674+0000] {dag.py:3239} INFO - Sync 1 DAGs
[2024-11-04T20:26:09.687+0000] {logging_mixin.py:190} INFO - [2024-11-04T20:26:09.687+0000] {dag.py:4180} INFO - Setting next_dagrun for example_short_circuit_decorator to None, run_after=None
[2024-11-04T20:26:09.722+0000] {processor.py:208} INFO - Processing /home/airflow/.local/lib/python3.12/site-packages/airflow/example_dags/example_short_circuit_decorator.py took 0.087 seconds
[2024-11-04T20:27:20.317+0000] {processor.py:186} INFO - Started process (PID=68) to work on /home/airflow/.local/lib/python3.12/site-packages/airflow/example_dags/example_short_circuit_decorator.py
[2024-11-04T20:27:20.318+0000] {processor.py:914} INFO - Processing file /home/airflow/.local/lib/python3.12/site-packages/airflow/example_dags/example_short_circuit_decorator.py for tasks to queue
[2024-11-04T20:27:20.327+0000] {logging_mixin.py:190} INFO - [2024-11-04T20:27:20.322+0000] {dagbag.py:588} INFO - Filling up the DagBag from /home/airflow/.local/lib/python3.12/site-packages/airflow/example_dags/example_short_circuit_decorator.py
[2024-11-04T20:27:20.344+0000] {processor.py:925} INFO - DAG(s) 'example_short_circuit_decorator' retrieved from /home/airflow/.local/lib/python3.12/site-packages/airflow/example_dags/example_short_circuit_decorator.py
[2024-11-04T20:27:20.392+0000] {logging_mixin.py:190} INFO - [2024-11-04T20:27:20.392+0000] {dag.py:3239} INFO - Sync 1 DAGs
[2024-11-04T20:27:20.414+0000] {logging_mixin.py:190} INFO - [2024-11-04T20:27:20.414+0000] {dag.py:4180} INFO - Setting next_dagrun for example_short_circuit_decorator to None, run_after=None
[2024-11-04T20:27:20.454+0000] {processor.py:208} INFO - Processing /home/airflow/.local/lib/python3.12/site-packages/airflow/example_dags/example_short_circuit_decorator.py took 0.147 seconds
[2024-11-04T20:27:51.257+0000] {processor.py:186} INFO - Started process (PID=134) to work on /home/airflow/.local/lib/python3.12/site-packages/airflow/example_dags/example_short_circuit_decorator.py
[2024-11-04T20:27:51.258+0000] {processor.py:914} INFO - Processing file /home/airflow/.local/lib/python3.12/site-packages/airflow/example_dags/example_short_circuit_decorator.py for tasks to queue
[2024-11-04T20:27:51.260+0000] {logging_mixin.py:190} INFO - [2024-11-04T20:27:51.260+0000] {dagbag.py:588} INFO - Filling up the DagBag from /home/airflow/.local/lib/python3.12/site-packages/airflow/example_dags/example_short_circuit_decorator.py
[2024-11-04T20:27:51.268+0000] {processor.py:925} INFO - DAG(s) 'example_short_circuit_decorator' retrieved from /home/airflow/.local/lib/python3.12/site-packages/airflow/example_dags/example_short_circuit_decorator.py
[2024-11-04T20:27:51.312+0000] {logging_mixin.py:190} INFO - [2024-11-04T20:27:51.312+0000] {dag.py:3239} INFO - Sync 1 DAGs
[2024-11-04T20:27:51.329+0000] {logging_mixin.py:190} INFO - [2024-11-04T20:27:51.329+0000] {dag.py:4180} INFO - Setting next_dagrun for example_short_circuit_decorator to None, run_after=None
[2024-11-04T20:27:51.357+0000] {processor.py:208} INFO - Processing /home/airflow/.local/lib/python3.12/site-packages/airflow/example_dags/example_short_circuit_decorator.py took 0.105 seconds
[2024-11-04T20:28:21.694+0000] {processor.py:186} INFO - Started process (PID=205) to work on /home/airflow/.local/lib/python3.12/site-packages/airflow/example_dags/example_short_circuit_decorator.py
[2024-11-04T20:28:21.696+0000] {processor.py:914} INFO - Processing file /home/airflow/.local/lib/python3.12/site-packages/airflow/example_dags/example_short_circuit_decorator.py for tasks to queue
[2024-11-04T20:28:21.699+0000] {logging_mixin.py:190} INFO - [2024-11-04T20:28:21.698+0000] {dagbag.py:588} INFO - Filling up the DagBag from /home/airflow/.local/lib/python3.12/site-packages/airflow/example_dags/example_short_circuit_decorator.py
[2024-11-04T20:28:21.708+0000] {processor.py:925} INFO - DAG(s) 'example_short_circuit_decorator' retrieved from /home/airflow/.local/lib/python3.12/site-packages/airflow/example_dags/example_short_circuit_decorator.py
[2024-11-04T20:28:21.730+0000] {logging_mixin.py:190} INFO - [2024-11-04T20:28:21.730+0000] {dag.py:3239} INFO - Sync 1 DAGs
[2024-11-04T20:28:21.745+0000] {logging_mixin.py:190} INFO - [2024-11-04T20:28:21.745+0000] {dag.py:4180} INFO - Setting next_dagrun for example_short_circuit_decorator to None, run_after=None
[2024-11-04T20:28:21.766+0000] {processor.py:208} INFO - Processing /home/airflow/.local/lib/python3.12/site-packages/airflow/example_dags/example_short_circuit_decorator.py took 0.077 seconds
[2024-11-04T20:28:52.391+0000] {processor.py:186} INFO - Started process (PID=271) to work on /home/airflow/.local/lib/python3.12/site-packages/airflow/example_dags/example_short_circuit_decorator.py
[2024-11-04T20:28:52.392+0000] {processor.py:914} INFO - Processing file /home/airflow/.local/lib/python3.12/site-packages/airflow/example_dags/example_short_circuit_decorator.py for tasks to queue
[2024-11-04T20:28:52.395+0000] {logging_mixin.py:190} INFO - [2024-11-04T20:28:52.394+0000] {dagbag.py:588} INFO - Filling up the DagBag from /home/airflow/.local/lib/python3.12/site-packages/airflow/example_dags/example_short_circuit_decorator.py
[2024-11-04T20:28:52.408+0000] {processor.py:925} INFO - DAG(s) 'example_short_circuit_decorator' retrieved from /home/airflow/.local/lib/python3.12/site-packages/airflow/example_dags/example_short_circuit_decorator.py
[2024-11-04T20:28:52.437+0000] {logging_mixin.py:190} INFO - [2024-11-04T20:28:52.436+0000] {dag.py:3239} INFO - Sync 1 DAGs
[2024-11-04T20:28:52.456+0000] {logging_mixin.py:190} INFO - [2024-11-04T20:28:52.455+0000] {dag.py:4180} INFO - Setting next_dagrun for example_short_circuit_decorator to None, run_after=None
[2024-11-04T20:28:52.481+0000] {processor.py:208} INFO - Processing /home/airflow/.local/lib/python3.12/site-packages/airflow/example_dags/example_short_circuit_decorator.py took 0.097 seconds
