[2024-11-04T20:09:06.466+0000] {processor.py:186} INFO - Started process (PID=105) to work on /home/airflow/.local/lib/python3.12/site-packages/airflow/example_dags/example_branch_python_dop_operator_3.py
[2024-11-04T20:09:06.472+0000] {processor.py:914} INFO - Processing file /home/airflow/.local/lib/python3.12/site-packages/airflow/example_dags/example_branch_python_dop_operator_3.py for tasks to queue
[2024-11-04T20:09:06.480+0000] {logging_mixin.py:190} INFO - [2024-11-04T20:09:06.480+0000] {dagbag.py:588} INFO - Filling up the DagBag from /home/airflow/.local/lib/python3.12/site-packages/airflow/example_dags/example_branch_python_dop_operator_3.py
[2024-11-04T20:09:06.511+0000] {processor.py:925} INFO - DAG(s) 'example_branch_dop_operator_v3' retrieved from /home/airflow/.local/lib/python3.12/site-packages/airflow/example_dags/example_branch_python_dop_operator_3.py
[2024-11-04T20:09:06.578+0000] {logging_mixin.py:190} INFO - [2024-11-04T20:09:06.577+0000] {dag.py:3239} INFO - Sync 1 DAGs
[2024-11-04T20:09:06.633+0000] {logging_mixin.py:190} INFO - [2024-11-04T20:09:06.631+0000] {dag.py:4180} INFO - Setting next_dagrun for example_branch_dop_operator_v3 to 2024-11-04 20:08:00+00:00, run_after=2024-11-04 20:09:00+00:00
[2024-11-04T20:09:06.686+0000] {processor.py:208} INFO - Processing /home/airflow/.local/lib/python3.12/site-packages/airflow/example_dags/example_branch_python_dop_operator_3.py took 0.234 seconds
[2024-11-04T20:09:37.401+0000] {processor.py:186} INFO - Started process (PID=170) to work on /home/airflow/.local/lib/python3.12/site-packages/airflow/example_dags/example_branch_python_dop_operator_3.py
[2024-11-04T20:09:37.402+0000] {processor.py:914} INFO - Processing file /home/airflow/.local/lib/python3.12/site-packages/airflow/example_dags/example_branch_python_dop_operator_3.py for tasks to queue
[2024-11-04T20:09:37.404+0000] {logging_mixin.py:190} INFO - [2024-11-04T20:09:37.404+0000] {dagbag.py:588} INFO - Filling up the DagBag from /home/airflow/.local/lib/python3.12/site-packages/airflow/example_dags/example_branch_python_dop_operator_3.py
[2024-11-04T20:09:37.414+0000] {processor.py:925} INFO - DAG(s) 'example_branch_dop_operator_v3' retrieved from /home/airflow/.local/lib/python3.12/site-packages/airflow/example_dags/example_branch_python_dop_operator_3.py
[2024-11-04T20:09:37.431+0000] {logging_mixin.py:190} INFO - [2024-11-04T20:09:37.431+0000] {dag.py:3239} INFO - Sync 1 DAGs
[2024-11-04T20:09:37.452+0000] {logging_mixin.py:190} INFO - [2024-11-04T20:09:37.451+0000] {dag.py:4180} INFO - Setting next_dagrun for example_branch_dop_operator_v3 to 2024-11-04 20:08:00+00:00, run_after=2024-11-04 20:09:00+00:00
[2024-11-04T20:09:37.469+0000] {processor.py:208} INFO - Processing /home/airflow/.local/lib/python3.12/site-packages/airflow/example_dags/example_branch_python_dop_operator_3.py took 0.074 seconds
[2024-11-04T20:10:08.032+0000] {processor.py:186} INFO - Started process (PID=235) to work on /home/airflow/.local/lib/python3.12/site-packages/airflow/example_dags/example_branch_python_dop_operator_3.py
[2024-11-04T20:10:08.035+0000] {processor.py:914} INFO - Processing file /home/airflow/.local/lib/python3.12/site-packages/airflow/example_dags/example_branch_python_dop_operator_3.py for tasks to queue
[2024-11-04T20:10:08.040+0000] {logging_mixin.py:190} INFO - [2024-11-04T20:10:08.039+0000] {dagbag.py:588} INFO - Filling up the DagBag from /home/airflow/.local/lib/python3.12/site-packages/airflow/example_dags/example_branch_python_dop_operator_3.py
[2024-11-04T20:10:08.064+0000] {processor.py:925} INFO - DAG(s) 'example_branch_dop_operator_v3' retrieved from /home/airflow/.local/lib/python3.12/site-packages/airflow/example_dags/example_branch_python_dop_operator_3.py
[2024-11-04T20:10:08.100+0000] {logging_mixin.py:190} INFO - [2024-11-04T20:10:08.099+0000] {dag.py:3239} INFO - Sync 1 DAGs
[2024-11-04T20:10:08.144+0000] {logging_mixin.py:190} INFO - [2024-11-04T20:10:08.144+0000] {dag.py:4180} INFO - Setting next_dagrun for example_branch_dop_operator_v3 to 2024-11-04 20:09:00+00:00, run_after=2024-11-04 20:10:00+00:00
[2024-11-04T20:10:08.179+0000] {processor.py:208} INFO - Processing /home/airflow/.local/lib/python3.12/site-packages/airflow/example_dags/example_branch_python_dop_operator_3.py took 0.154 seconds
[2024-11-04T20:10:38.267+0000] {processor.py:186} INFO - Started process (PID=300) to work on /home/airflow/.local/lib/python3.12/site-packages/airflow/example_dags/example_branch_python_dop_operator_3.py
[2024-11-04T20:10:38.267+0000] {processor.py:914} INFO - Processing file /home/airflow/.local/lib/python3.12/site-packages/airflow/example_dags/example_branch_python_dop_operator_3.py for tasks to queue
[2024-11-04T20:10:38.271+0000] {logging_mixin.py:190} INFO - [2024-11-04T20:10:38.271+0000] {dagbag.py:588} INFO - Filling up the DagBag from /home/airflow/.local/lib/python3.12/site-packages/airflow/example_dags/example_branch_python_dop_operator_3.py
[2024-11-04T20:10:38.286+0000] {processor.py:925} INFO - DAG(s) 'example_branch_dop_operator_v3' retrieved from /home/airflow/.local/lib/python3.12/site-packages/airflow/example_dags/example_branch_python_dop_operator_3.py
[2024-11-04T20:10:38.321+0000] {logging_mixin.py:190} INFO - [2024-11-04T20:10:38.321+0000] {dag.py:3239} INFO - Sync 1 DAGs
[2024-11-04T20:10:38.360+0000] {logging_mixin.py:190} INFO - [2024-11-04T20:10:38.359+0000] {dag.py:4180} INFO - Setting next_dagrun for example_branch_dop_operator_v3 to 2024-11-04 20:09:00+00:00, run_after=2024-11-04 20:10:00+00:00
[2024-11-04T20:10:38.386+0000] {processor.py:208} INFO - Processing /home/airflow/.local/lib/python3.12/site-packages/airflow/example_dags/example_branch_python_dop_operator_3.py took 0.126 seconds
[2024-11-04T20:11:09.228+0000] {processor.py:186} INFO - Started process (PID=364) to work on /home/airflow/.local/lib/python3.12/site-packages/airflow/example_dags/example_branch_python_dop_operator_3.py
[2024-11-04T20:11:09.229+0000] {processor.py:914} INFO - Processing file /home/airflow/.local/lib/python3.12/site-packages/airflow/example_dags/example_branch_python_dop_operator_3.py for tasks to queue
[2024-11-04T20:11:09.232+0000] {logging_mixin.py:190} INFO - [2024-11-04T20:11:09.232+0000] {dagbag.py:588} INFO - Filling up the DagBag from /home/airflow/.local/lib/python3.12/site-packages/airflow/example_dags/example_branch_python_dop_operator_3.py
[2024-11-04T20:11:09.242+0000] {processor.py:925} INFO - DAG(s) 'example_branch_dop_operator_v3' retrieved from /home/airflow/.local/lib/python3.12/site-packages/airflow/example_dags/example_branch_python_dop_operator_3.py
[2024-11-04T20:11:09.263+0000] {logging_mixin.py:190} INFO - [2024-11-04T20:11:09.263+0000] {dag.py:3239} INFO - Sync 1 DAGs
[2024-11-04T20:11:09.289+0000] {logging_mixin.py:190} INFO - [2024-11-04T20:11:09.289+0000] {dag.py:4180} INFO - Setting next_dagrun for example_branch_dop_operator_v3 to 2024-11-04 20:10:00+00:00, run_after=2024-11-04 20:11:00+00:00
[2024-11-04T20:11:09.312+0000] {processor.py:208} INFO - Processing /home/airflow/.local/lib/python3.12/site-packages/airflow/example_dags/example_branch_python_dop_operator_3.py took 0.088 seconds
[2024-11-04T20:11:39.736+0000] {processor.py:186} INFO - Started process (PID=429) to work on /home/airflow/.local/lib/python3.12/site-packages/airflow/example_dags/example_branch_python_dop_operator_3.py
[2024-11-04T20:11:39.737+0000] {processor.py:914} INFO - Processing file /home/airflow/.local/lib/python3.12/site-packages/airflow/example_dags/example_branch_python_dop_operator_3.py for tasks to queue
[2024-11-04T20:11:39.740+0000] {logging_mixin.py:190} INFO - [2024-11-04T20:11:39.740+0000] {dagbag.py:588} INFO - Filling up the DagBag from /home/airflow/.local/lib/python3.12/site-packages/airflow/example_dags/example_branch_python_dop_operator_3.py
[2024-11-04T20:11:39.749+0000] {processor.py:925} INFO - DAG(s) 'example_branch_dop_operator_v3' retrieved from /home/airflow/.local/lib/python3.12/site-packages/airflow/example_dags/example_branch_python_dop_operator_3.py
[2024-11-04T20:11:39.766+0000] {logging_mixin.py:190} INFO - [2024-11-04T20:11:39.766+0000] {dag.py:3239} INFO - Sync 1 DAGs
[2024-11-04T20:11:39.791+0000] {logging_mixin.py:190} INFO - [2024-11-04T20:11:39.791+0000] {dag.py:4180} INFO - Setting next_dagrun for example_branch_dop_operator_v3 to 2024-11-04 20:10:00+00:00, run_after=2024-11-04 20:11:00+00:00
[2024-11-04T20:11:39.811+0000] {processor.py:208} INFO - Processing /home/airflow/.local/lib/python3.12/site-packages/airflow/example_dags/example_branch_python_dop_operator_3.py took 0.080 seconds
[2024-11-04T20:12:10.758+0000] {processor.py:186} INFO - Started process (PID=494) to work on /home/airflow/.local/lib/python3.12/site-packages/airflow/example_dags/example_branch_python_dop_operator_3.py
[2024-11-04T20:12:10.759+0000] {processor.py:914} INFO - Processing file /home/airflow/.local/lib/python3.12/site-packages/airflow/example_dags/example_branch_python_dop_operator_3.py for tasks to queue
[2024-11-04T20:12:10.762+0000] {logging_mixin.py:190} INFO - [2024-11-04T20:12:10.761+0000] {dagbag.py:588} INFO - Filling up the DagBag from /home/airflow/.local/lib/python3.12/site-packages/airflow/example_dags/example_branch_python_dop_operator_3.py
[2024-11-04T20:12:10.772+0000] {processor.py:925} INFO - DAG(s) 'example_branch_dop_operator_v3' retrieved from /home/airflow/.local/lib/python3.12/site-packages/airflow/example_dags/example_branch_python_dop_operator_3.py
[2024-11-04T20:12:10.793+0000] {logging_mixin.py:190} INFO - [2024-11-04T20:12:10.792+0000] {dag.py:3239} INFO - Sync 1 DAGs
[2024-11-04T20:12:10.827+0000] {logging_mixin.py:190} INFO - [2024-11-04T20:12:10.827+0000] {dag.py:4180} INFO - Setting next_dagrun for example_branch_dop_operator_v3 to 2024-11-04 20:11:00+00:00, run_after=2024-11-04 20:12:00+00:00
[2024-11-04T20:12:10.852+0000] {processor.py:208} INFO - Processing /home/airflow/.local/lib/python3.12/site-packages/airflow/example_dags/example_branch_python_dop_operator_3.py took 0.100 seconds
[2024-11-04T20:12:41.527+0000] {processor.py:186} INFO - Started process (PID=559) to work on /home/airflow/.local/lib/python3.12/site-packages/airflow/example_dags/example_branch_python_dop_operator_3.py
[2024-11-04T20:12:41.528+0000] {processor.py:914} INFO - Processing file /home/airflow/.local/lib/python3.12/site-packages/airflow/example_dags/example_branch_python_dop_operator_3.py for tasks to queue
[2024-11-04T20:12:41.531+0000] {logging_mixin.py:190} INFO - [2024-11-04T20:12:41.531+0000] {dagbag.py:588} INFO - Filling up the DagBag from /home/airflow/.local/lib/python3.12/site-packages/airflow/example_dags/example_branch_python_dop_operator_3.py
[2024-11-04T20:12:41.543+0000] {processor.py:925} INFO - DAG(s) 'example_branch_dop_operator_v3' retrieved from /home/airflow/.local/lib/python3.12/site-packages/airflow/example_dags/example_branch_python_dop_operator_3.py
[2024-11-04T20:12:41.568+0000] {logging_mixin.py:190} INFO - [2024-11-04T20:12:41.567+0000] {dag.py:3239} INFO - Sync 1 DAGs
[2024-11-04T20:12:41.595+0000] {logging_mixin.py:190} INFO - [2024-11-04T20:12:41.595+0000] {dag.py:4180} INFO - Setting next_dagrun for example_branch_dop_operator_v3 to 2024-11-04 20:11:00+00:00, run_after=2024-11-04 20:12:00+00:00
[2024-11-04T20:12:41.617+0000] {processor.py:208} INFO - Processing /home/airflow/.local/lib/python3.12/site-packages/airflow/example_dags/example_branch_python_dop_operator_3.py took 0.098 seconds
[2024-11-04T20:13:11.944+0000] {processor.py:186} INFO - Started process (PID=622) to work on /home/airflow/.local/lib/python3.12/site-packages/airflow/example_dags/example_branch_python_dop_operator_3.py
[2024-11-04T20:13:11.945+0000] {processor.py:914} INFO - Processing file /home/airflow/.local/lib/python3.12/site-packages/airflow/example_dags/example_branch_python_dop_operator_3.py for tasks to queue
[2024-11-04T20:13:11.947+0000] {logging_mixin.py:190} INFO - [2024-11-04T20:13:11.947+0000] {dagbag.py:588} INFO - Filling up the DagBag from /home/airflow/.local/lib/python3.12/site-packages/airflow/example_dags/example_branch_python_dop_operator_3.py
[2024-11-04T20:13:11.956+0000] {processor.py:925} INFO - DAG(s) 'example_branch_dop_operator_v3' retrieved from /home/airflow/.local/lib/python3.12/site-packages/airflow/example_dags/example_branch_python_dop_operator_3.py
[2024-11-04T20:13:11.973+0000] {logging_mixin.py:190} INFO - [2024-11-04T20:13:11.973+0000] {dag.py:3239} INFO - Sync 1 DAGs
[2024-11-04T20:13:12.001+0000] {logging_mixin.py:190} INFO - [2024-11-04T20:13:12.000+0000] {dag.py:4180} INFO - Setting next_dagrun for example_branch_dop_operator_v3 to 2024-11-04 20:12:00+00:00, run_after=2024-11-04 20:13:00+00:00
[2024-11-04T20:13:12.021+0000] {processor.py:208} INFO - Processing /home/airflow/.local/lib/python3.12/site-packages/airflow/example_dags/example_branch_python_dop_operator_3.py took 0.082 seconds
[2024-11-04T20:13:43.376+0000] {processor.py:186} INFO - Started process (PID=688) to work on /home/airflow/.local/lib/python3.12/site-packages/airflow/example_dags/example_branch_python_dop_operator_3.py
[2024-11-04T20:13:43.377+0000] {processor.py:914} INFO - Processing file /home/airflow/.local/lib/python3.12/site-packages/airflow/example_dags/example_branch_python_dop_operator_3.py for tasks to queue
[2024-11-04T20:13:43.380+0000] {logging_mixin.py:190} INFO - [2024-11-04T20:13:43.379+0000] {dagbag.py:588} INFO - Filling up the DagBag from /home/airflow/.local/lib/python3.12/site-packages/airflow/example_dags/example_branch_python_dop_operator_3.py
[2024-11-04T20:13:43.389+0000] {processor.py:925} INFO - DAG(s) 'example_branch_dop_operator_v3' retrieved from /home/airflow/.local/lib/python3.12/site-packages/airflow/example_dags/example_branch_python_dop_operator_3.py
[2024-11-04T20:13:43.410+0000] {logging_mixin.py:190} INFO - [2024-11-04T20:13:43.410+0000] {dag.py:3239} INFO - Sync 1 DAGs
[2024-11-04T20:13:43.432+0000] {logging_mixin.py:190} INFO - [2024-11-04T20:13:43.432+0000] {dag.py:4180} INFO - Setting next_dagrun for example_branch_dop_operator_v3 to 2024-11-04 20:12:00+00:00, run_after=2024-11-04 20:13:00+00:00
[2024-11-04T20:13:43.453+0000] {processor.py:208} INFO - Processing /home/airflow/.local/lib/python3.12/site-packages/airflow/example_dags/example_branch_python_dop_operator_3.py took 0.084 seconds
[2024-11-04T20:14:13.872+0000] {processor.py:186} INFO - Started process (PID=753) to work on /home/airflow/.local/lib/python3.12/site-packages/airflow/example_dags/example_branch_python_dop_operator_3.py
[2024-11-04T20:14:13.873+0000] {processor.py:914} INFO - Processing file /home/airflow/.local/lib/python3.12/site-packages/airflow/example_dags/example_branch_python_dop_operator_3.py for tasks to queue
[2024-11-04T20:14:13.876+0000] {logging_mixin.py:190} INFO - [2024-11-04T20:14:13.876+0000] {dagbag.py:588} INFO - Filling up the DagBag from /home/airflow/.local/lib/python3.12/site-packages/airflow/example_dags/example_branch_python_dop_operator_3.py
[2024-11-04T20:14:13.885+0000] {processor.py:925} INFO - DAG(s) 'example_branch_dop_operator_v3' retrieved from /home/airflow/.local/lib/python3.12/site-packages/airflow/example_dags/example_branch_python_dop_operator_3.py
[2024-11-04T20:14:13.907+0000] {logging_mixin.py:190} INFO - [2024-11-04T20:14:13.907+0000] {dag.py:3239} INFO - Sync 1 DAGs
[2024-11-04T20:14:13.942+0000] {logging_mixin.py:190} INFO - [2024-11-04T20:14:13.941+0000] {dag.py:4180} INFO - Setting next_dagrun for example_branch_dop_operator_v3 to 2024-11-04 20:13:00+00:00, run_after=2024-11-04 20:14:00+00:00
[2024-11-04T20:14:13.969+0000] {processor.py:208} INFO - Processing /home/airflow/.local/lib/python3.12/site-packages/airflow/example_dags/example_branch_python_dop_operator_3.py took 0.102 seconds
[2024-11-04T20:14:44.352+0000] {processor.py:186} INFO - Started process (PID=818) to work on /home/airflow/.local/lib/python3.12/site-packages/airflow/example_dags/example_branch_python_dop_operator_3.py
[2024-11-04T20:14:44.353+0000] {processor.py:914} INFO - Processing file /home/airflow/.local/lib/python3.12/site-packages/airflow/example_dags/example_branch_python_dop_operator_3.py for tasks to queue
[2024-11-04T20:14:44.356+0000] {logging_mixin.py:190} INFO - [2024-11-04T20:14:44.355+0000] {dagbag.py:588} INFO - Filling up the DagBag from /home/airflow/.local/lib/python3.12/site-packages/airflow/example_dags/example_branch_python_dop_operator_3.py
[2024-11-04T20:14:44.367+0000] {processor.py:925} INFO - DAG(s) 'example_branch_dop_operator_v3' retrieved from /home/airflow/.local/lib/python3.12/site-packages/airflow/example_dags/example_branch_python_dop_operator_3.py
[2024-11-04T20:14:44.386+0000] {logging_mixin.py:190} INFO - [2024-11-04T20:14:44.386+0000] {dag.py:3239} INFO - Sync 1 DAGs
[2024-11-04T20:14:44.411+0000] {logging_mixin.py:190} INFO - [2024-11-04T20:14:44.410+0000] {dag.py:4180} INFO - Setting next_dagrun for example_branch_dop_operator_v3 to 2024-11-04 20:13:00+00:00, run_after=2024-11-04 20:14:00+00:00
[2024-11-04T20:14:44.432+0000] {processor.py:208} INFO - Processing /home/airflow/.local/lib/python3.12/site-packages/airflow/example_dags/example_branch_python_dop_operator_3.py took 0.087 seconds
[2024-11-04T20:15:14.938+0000] {processor.py:186} INFO - Started process (PID=882) to work on /home/airflow/.local/lib/python3.12/site-packages/airflow/example_dags/example_branch_python_dop_operator_3.py
[2024-11-04T20:15:14.939+0000] {processor.py:914} INFO - Processing file /home/airflow/.local/lib/python3.12/site-packages/airflow/example_dags/example_branch_python_dop_operator_3.py for tasks to queue
[2024-11-04T20:15:14.942+0000] {logging_mixin.py:190} INFO - [2024-11-04T20:15:14.941+0000] {dagbag.py:588} INFO - Filling up the DagBag from /home/airflow/.local/lib/python3.12/site-packages/airflow/example_dags/example_branch_python_dop_operator_3.py
[2024-11-04T20:15:14.951+0000] {processor.py:925} INFO - DAG(s) 'example_branch_dop_operator_v3' retrieved from /home/airflow/.local/lib/python3.12/site-packages/airflow/example_dags/example_branch_python_dop_operator_3.py
[2024-11-04T20:15:14.970+0000] {logging_mixin.py:190} INFO - [2024-11-04T20:15:14.969+0000] {dag.py:3239} INFO - Sync 1 DAGs
[2024-11-04T20:15:14.995+0000] {logging_mixin.py:190} INFO - [2024-11-04T20:15:14.995+0000] {dag.py:4180} INFO - Setting next_dagrun for example_branch_dop_operator_v3 to 2024-11-04 20:14:00+00:00, run_after=2024-11-04 20:15:00+00:00
[2024-11-04T20:15:15.032+0000] {processor.py:208} INFO - Processing /home/airflow/.local/lib/python3.12/site-packages/airflow/example_dags/example_branch_python_dop_operator_3.py took 0.099 seconds
[2024-11-04T20:15:45.399+0000] {processor.py:186} INFO - Started process (PID=947) to work on /home/airflow/.local/lib/python3.12/site-packages/airflow/example_dags/example_branch_python_dop_operator_3.py
[2024-11-04T20:15:45.400+0000] {processor.py:914} INFO - Processing file /home/airflow/.local/lib/python3.12/site-packages/airflow/example_dags/example_branch_python_dop_operator_3.py for tasks to queue
[2024-11-04T20:15:45.402+0000] {logging_mixin.py:190} INFO - [2024-11-04T20:15:45.402+0000] {dagbag.py:588} INFO - Filling up the DagBag from /home/airflow/.local/lib/python3.12/site-packages/airflow/example_dags/example_branch_python_dop_operator_3.py
[2024-11-04T20:15:45.412+0000] {processor.py:925} INFO - DAG(s) 'example_branch_dop_operator_v3' retrieved from /home/airflow/.local/lib/python3.12/site-packages/airflow/example_dags/example_branch_python_dop_operator_3.py
[2024-11-04T20:15:45.434+0000] {logging_mixin.py:190} INFO - [2024-11-04T20:15:45.433+0000] {dag.py:3239} INFO - Sync 1 DAGs
[2024-11-04T20:15:45.460+0000] {logging_mixin.py:190} INFO - [2024-11-04T20:15:45.460+0000] {dag.py:4180} INFO - Setting next_dagrun for example_branch_dop_operator_v3 to 2024-11-04 20:14:00+00:00, run_after=2024-11-04 20:15:00+00:00
[2024-11-04T20:15:45.485+0000] {processor.py:208} INFO - Processing /home/airflow/.local/lib/python3.12/site-packages/airflow/example_dags/example_branch_python_dop_operator_3.py took 0.092 seconds
[2024-11-04T20:17:06.711+0000] {processor.py:186} INFO - Started process (PID=78) to work on /home/airflow/.local/lib/python3.12/site-packages/airflow/example_dags/example_branch_python_dop_operator_3.py
[2024-11-04T20:17:06.712+0000] {processor.py:914} INFO - Processing file /home/airflow/.local/lib/python3.12/site-packages/airflow/example_dags/example_branch_python_dop_operator_3.py for tasks to queue
[2024-11-04T20:17:06.714+0000] {logging_mixin.py:190} INFO - [2024-11-04T20:17:06.714+0000] {dagbag.py:588} INFO - Filling up the DagBag from /home/airflow/.local/lib/python3.12/site-packages/airflow/example_dags/example_branch_python_dop_operator_3.py
[2024-11-04T20:17:06.724+0000] {processor.py:925} INFO - DAG(s) 'example_branch_dop_operator_v3' retrieved from /home/airflow/.local/lib/python3.12/site-packages/airflow/example_dags/example_branch_python_dop_operator_3.py
[2024-11-04T20:17:06.750+0000] {logging_mixin.py:190} INFO - [2024-11-04T20:17:06.750+0000] {dag.py:3239} INFO - Sync 1 DAGs
[2024-11-04T20:17:06.774+0000] {logging_mixin.py:190} INFO - [2024-11-04T20:17:06.774+0000] {dag.py:4180} INFO - Setting next_dagrun for example_branch_dop_operator_v3 to 2024-11-04 20:16:00+00:00, run_after=2024-11-04 20:17:00+00:00
[2024-11-04T20:17:06.793+0000] {processor.py:208} INFO - Processing /home/airflow/.local/lib/python3.12/site-packages/airflow/example_dags/example_branch_python_dop_operator_3.py took 0.087 seconds
[2024-11-04T20:17:37.339+0000] {processor.py:186} INFO - Started process (PID=143) to work on /home/airflow/.local/lib/python3.12/site-packages/airflow/example_dags/example_branch_python_dop_operator_3.py
[2024-11-04T20:17:37.340+0000] {processor.py:914} INFO - Processing file /home/airflow/.local/lib/python3.12/site-packages/airflow/example_dags/example_branch_python_dop_operator_3.py for tasks to queue
[2024-11-04T20:17:37.343+0000] {logging_mixin.py:190} INFO - [2024-11-04T20:17:37.342+0000] {dagbag.py:588} INFO - Filling up the DagBag from /home/airflow/.local/lib/python3.12/site-packages/airflow/example_dags/example_branch_python_dop_operator_3.py
[2024-11-04T20:17:37.353+0000] {processor.py:925} INFO - DAG(s) 'example_branch_dop_operator_v3' retrieved from /home/airflow/.local/lib/python3.12/site-packages/airflow/example_dags/example_branch_python_dop_operator_3.py
[2024-11-04T20:17:37.377+0000] {logging_mixin.py:190} INFO - [2024-11-04T20:17:37.377+0000] {dag.py:3239} INFO - Sync 1 DAGs
[2024-11-04T20:17:37.405+0000] {logging_mixin.py:190} INFO - [2024-11-04T20:17:37.405+0000] {dag.py:4180} INFO - Setting next_dagrun for example_branch_dop_operator_v3 to 2024-11-04 20:16:00+00:00, run_after=2024-11-04 20:17:00+00:00
[2024-11-04T20:17:37.426+0000] {processor.py:208} INFO - Processing /home/airflow/.local/lib/python3.12/site-packages/airflow/example_dags/example_branch_python_dop_operator_3.py took 0.093 seconds
[2024-11-04T20:18:08.114+0000] {processor.py:186} INFO - Started process (PID=209) to work on /home/airflow/.local/lib/python3.12/site-packages/airflow/example_dags/example_branch_python_dop_operator_3.py
[2024-11-04T20:18:08.115+0000] {processor.py:914} INFO - Processing file /home/airflow/.local/lib/python3.12/site-packages/airflow/example_dags/example_branch_python_dop_operator_3.py for tasks to queue
[2024-11-04T20:18:08.118+0000] {logging_mixin.py:190} INFO - [2024-11-04T20:18:08.117+0000] {dagbag.py:588} INFO - Filling up the DagBag from /home/airflow/.local/lib/python3.12/site-packages/airflow/example_dags/example_branch_python_dop_operator_3.py
[2024-11-04T20:18:08.127+0000] {processor.py:925} INFO - DAG(s) 'example_branch_dop_operator_v3' retrieved from /home/airflow/.local/lib/python3.12/site-packages/airflow/example_dags/example_branch_python_dop_operator_3.py
[2024-11-04T20:18:08.144+0000] {logging_mixin.py:190} INFO - [2024-11-04T20:18:08.144+0000] {dag.py:3239} INFO - Sync 1 DAGs
[2024-11-04T20:18:08.166+0000] {logging_mixin.py:190} INFO - [2024-11-04T20:18:08.165+0000] {dag.py:4180} INFO - Setting next_dagrun for example_branch_dop_operator_v3 to 2024-11-04 20:17:00+00:00, run_after=2024-11-04 20:18:00+00:00
[2024-11-04T20:18:08.201+0000] {processor.py:208} INFO - Processing /home/airflow/.local/lib/python3.12/site-packages/airflow/example_dags/example_branch_python_dop_operator_3.py took 0.092 seconds
[2024-11-04T20:18:39.030+0000] {processor.py:186} INFO - Started process (PID=281) to work on /home/airflow/.local/lib/python3.12/site-packages/airflow/example_dags/example_branch_python_dop_operator_3.py
[2024-11-04T20:18:39.031+0000] {processor.py:914} INFO - Processing file /home/airflow/.local/lib/python3.12/site-packages/airflow/example_dags/example_branch_python_dop_operator_3.py for tasks to queue
[2024-11-04T20:18:39.034+0000] {logging_mixin.py:190} INFO - [2024-11-04T20:18:39.034+0000] {dagbag.py:588} INFO - Filling up the DagBag from /home/airflow/.local/lib/python3.12/site-packages/airflow/example_dags/example_branch_python_dop_operator_3.py
[2024-11-04T20:18:39.042+0000] {processor.py:925} INFO - DAG(s) 'example_branch_dop_operator_v3' retrieved from /home/airflow/.local/lib/python3.12/site-packages/airflow/example_dags/example_branch_python_dop_operator_3.py
[2024-11-04T20:18:39.069+0000] {logging_mixin.py:190} INFO - [2024-11-04T20:18:39.069+0000] {dag.py:3239} INFO - Sync 1 DAGs
[2024-11-04T20:18:39.111+0000] {logging_mixin.py:190} INFO - [2024-11-04T20:18:39.111+0000] {dag.py:4180} INFO - Setting next_dagrun for example_branch_dop_operator_v3 to 2024-11-04 20:17:00+00:00, run_after=2024-11-04 20:18:00+00:00
[2024-11-04T20:18:39.149+0000] {processor.py:208} INFO - Processing /home/airflow/.local/lib/python3.12/site-packages/airflow/example_dags/example_branch_python_dop_operator_3.py took 0.125 seconds
[2024-11-04T20:19:10.321+0000] {processor.py:186} INFO - Started process (PID=349) to work on /home/airflow/.local/lib/python3.12/site-packages/airflow/example_dags/example_branch_python_dop_operator_3.py
[2024-11-04T20:19:10.323+0000] {processor.py:914} INFO - Processing file /home/airflow/.local/lib/python3.12/site-packages/airflow/example_dags/example_branch_python_dop_operator_3.py for tasks to queue
[2024-11-04T20:19:10.326+0000] {logging_mixin.py:190} INFO - [2024-11-04T20:19:10.326+0000] {dagbag.py:588} INFO - Filling up the DagBag from /home/airflow/.local/lib/python3.12/site-packages/airflow/example_dags/example_branch_python_dop_operator_3.py
[2024-11-04T20:19:10.339+0000] {processor.py:925} INFO - DAG(s) 'example_branch_dop_operator_v3' retrieved from /home/airflow/.local/lib/python3.12/site-packages/airflow/example_dags/example_branch_python_dop_operator_3.py
[2024-11-04T20:19:10.366+0000] {logging_mixin.py:190} INFO - [2024-11-04T20:19:10.365+0000] {dag.py:3239} INFO - Sync 1 DAGs
[2024-11-04T20:19:10.394+0000] {logging_mixin.py:190} INFO - [2024-11-04T20:19:10.394+0000] {dag.py:4180} INFO - Setting next_dagrun for example_branch_dop_operator_v3 to 2024-11-04 20:18:00+00:00, run_after=2024-11-04 20:19:00+00:00
[2024-11-04T20:19:10.415+0000] {processor.py:208} INFO - Processing /home/airflow/.local/lib/python3.12/site-packages/airflow/example_dags/example_branch_python_dop_operator_3.py took 0.100 seconds
[2024-11-04T20:19:41.237+0000] {processor.py:186} INFO - Started process (PID=415) to work on /home/airflow/.local/lib/python3.12/site-packages/airflow/example_dags/example_branch_python_dop_operator_3.py
[2024-11-04T20:19:41.239+0000] {processor.py:914} INFO - Processing file /home/airflow/.local/lib/python3.12/site-packages/airflow/example_dags/example_branch_python_dop_operator_3.py for tasks to queue
[2024-11-04T20:19:41.241+0000] {logging_mixin.py:190} INFO - [2024-11-04T20:19:41.241+0000] {dagbag.py:588} INFO - Filling up the DagBag from /home/airflow/.local/lib/python3.12/site-packages/airflow/example_dags/example_branch_python_dop_operator_3.py
[2024-11-04T20:19:41.250+0000] {processor.py:925} INFO - DAG(s) 'example_branch_dop_operator_v3' retrieved from /home/airflow/.local/lib/python3.12/site-packages/airflow/example_dags/example_branch_python_dop_operator_3.py
[2024-11-04T20:19:41.271+0000] {logging_mixin.py:190} INFO - [2024-11-04T20:19:41.270+0000] {dag.py:3239} INFO - Sync 1 DAGs
[2024-11-04T20:19:41.295+0000] {logging_mixin.py:190} INFO - [2024-11-04T20:19:41.294+0000] {dag.py:4180} INFO - Setting next_dagrun for example_branch_dop_operator_v3 to 2024-11-04 20:18:00+00:00, run_after=2024-11-04 20:19:00+00:00
[2024-11-04T20:19:41.313+0000] {processor.py:208} INFO - Processing /home/airflow/.local/lib/python3.12/site-packages/airflow/example_dags/example_branch_python_dop_operator_3.py took 0.084 seconds
[2024-11-04T20:20:11.769+0000] {processor.py:186} INFO - Started process (PID=481) to work on /home/airflow/.local/lib/python3.12/site-packages/airflow/example_dags/example_branch_python_dop_operator_3.py
[2024-11-04T20:20:11.770+0000] {processor.py:914} INFO - Processing file /home/airflow/.local/lib/python3.12/site-packages/airflow/example_dags/example_branch_python_dop_operator_3.py for tasks to queue
[2024-11-04T20:20:11.772+0000] {logging_mixin.py:190} INFO - [2024-11-04T20:20:11.772+0000] {dagbag.py:588} INFO - Filling up the DagBag from /home/airflow/.local/lib/python3.12/site-packages/airflow/example_dags/example_branch_python_dop_operator_3.py
[2024-11-04T20:20:11.783+0000] {processor.py:925} INFO - DAG(s) 'example_branch_dop_operator_v3' retrieved from /home/airflow/.local/lib/python3.12/site-packages/airflow/example_dags/example_branch_python_dop_operator_3.py
[2024-11-04T20:20:11.806+0000] {logging_mixin.py:190} INFO - [2024-11-04T20:20:11.806+0000] {dag.py:3239} INFO - Sync 1 DAGs
[2024-11-04T20:20:11.834+0000] {logging_mixin.py:190} INFO - [2024-11-04T20:20:11.834+0000] {dag.py:4180} INFO - Setting next_dagrun for example_branch_dop_operator_v3 to 2024-11-04 20:19:00+00:00, run_after=2024-11-04 20:20:00+00:00
[2024-11-04T20:20:11.870+0000] {processor.py:208} INFO - Processing /home/airflow/.local/lib/python3.12/site-packages/airflow/example_dags/example_branch_python_dop_operator_3.py took 0.108 seconds
[2024-11-04T20:20:42.602+0000] {processor.py:186} INFO - Started process (PID=548) to work on /home/airflow/.local/lib/python3.12/site-packages/airflow/example_dags/example_branch_python_dop_operator_3.py
[2024-11-04T20:20:42.603+0000] {processor.py:914} INFO - Processing file /home/airflow/.local/lib/python3.12/site-packages/airflow/example_dags/example_branch_python_dop_operator_3.py for tasks to queue
[2024-11-04T20:20:42.606+0000] {logging_mixin.py:190} INFO - [2024-11-04T20:20:42.606+0000] {dagbag.py:588} INFO - Filling up the DagBag from /home/airflow/.local/lib/python3.12/site-packages/airflow/example_dags/example_branch_python_dop_operator_3.py
[2024-11-04T20:20:42.615+0000] {processor.py:925} INFO - DAG(s) 'example_branch_dop_operator_v3' retrieved from /home/airflow/.local/lib/python3.12/site-packages/airflow/example_dags/example_branch_python_dop_operator_3.py
[2024-11-04T20:20:42.636+0000] {logging_mixin.py:190} INFO - [2024-11-04T20:20:42.636+0000] {dag.py:3239} INFO - Sync 1 DAGs
[2024-11-04T20:20:42.673+0000] {logging_mixin.py:190} INFO - [2024-11-04T20:20:42.672+0000] {dag.py:4180} INFO - Setting next_dagrun for example_branch_dop_operator_v3 to 2024-11-04 20:19:00+00:00, run_after=2024-11-04 20:20:00+00:00
[2024-11-04T20:20:42.709+0000] {processor.py:208} INFO - Processing /home/airflow/.local/lib/python3.12/site-packages/airflow/example_dags/example_branch_python_dop_operator_3.py took 0.112 seconds
[2024-11-04T20:21:12.968+0000] {processor.py:186} INFO - Started process (PID=614) to work on /home/airflow/.local/lib/python3.12/site-packages/airflow/example_dags/example_branch_python_dop_operator_3.py
[2024-11-04T20:21:12.970+0000] {processor.py:914} INFO - Processing file /home/airflow/.local/lib/python3.12/site-packages/airflow/example_dags/example_branch_python_dop_operator_3.py for tasks to queue
[2024-11-04T20:21:12.972+0000] {logging_mixin.py:190} INFO - [2024-11-04T20:21:12.972+0000] {dagbag.py:588} INFO - Filling up the DagBag from /home/airflow/.local/lib/python3.12/site-packages/airflow/example_dags/example_branch_python_dop_operator_3.py
[2024-11-04T20:21:12.982+0000] {processor.py:925} INFO - DAG(s) 'example_branch_dop_operator_v3' retrieved from /home/airflow/.local/lib/python3.12/site-packages/airflow/example_dags/example_branch_python_dop_operator_3.py
[2024-11-04T20:21:13.002+0000] {logging_mixin.py:190} INFO - [2024-11-04T20:21:13.002+0000] {dag.py:3239} INFO - Sync 1 DAGs
[2024-11-04T20:21:13.024+0000] {logging_mixin.py:190} INFO - [2024-11-04T20:21:13.023+0000] {dag.py:4180} INFO - Setting next_dagrun for example_branch_dop_operator_v3 to 2024-11-04 20:20:00+00:00, run_after=2024-11-04 20:21:00+00:00
[2024-11-04T20:21:13.040+0000] {processor.py:208} INFO - Processing /home/airflow/.local/lib/python3.12/site-packages/airflow/example_dags/example_branch_python_dop_operator_3.py took 0.078 seconds
[2024-11-04T20:21:43.302+0000] {processor.py:186} INFO - Started process (PID=680) to work on /home/airflow/.local/lib/python3.12/site-packages/airflow/example_dags/example_branch_python_dop_operator_3.py
[2024-11-04T20:21:43.303+0000] {processor.py:914} INFO - Processing file /home/airflow/.local/lib/python3.12/site-packages/airflow/example_dags/example_branch_python_dop_operator_3.py for tasks to queue
[2024-11-04T20:21:43.305+0000] {logging_mixin.py:190} INFO - [2024-11-04T20:21:43.305+0000] {dagbag.py:588} INFO - Filling up the DagBag from /home/airflow/.local/lib/python3.12/site-packages/airflow/example_dags/example_branch_python_dop_operator_3.py
[2024-11-04T20:21:43.315+0000] {processor.py:925} INFO - DAG(s) 'example_branch_dop_operator_v3' retrieved from /home/airflow/.local/lib/python3.12/site-packages/airflow/example_dags/example_branch_python_dop_operator_3.py
[2024-11-04T20:21:43.336+0000] {logging_mixin.py:190} INFO - [2024-11-04T20:21:43.335+0000] {dag.py:3239} INFO - Sync 1 DAGs
[2024-11-04T20:21:43.358+0000] {logging_mixin.py:190} INFO - [2024-11-04T20:21:43.357+0000] {dag.py:4180} INFO - Setting next_dagrun for example_branch_dop_operator_v3 to 2024-11-04 20:20:00+00:00, run_after=2024-11-04 20:21:00+00:00
[2024-11-04T20:21:43.379+0000] {processor.py:208} INFO - Processing /home/airflow/.local/lib/python3.12/site-packages/airflow/example_dags/example_branch_python_dop_operator_3.py took 0.083 seconds
[2024-11-04T20:22:13.454+0000] {processor.py:186} INFO - Started process (PID=746) to work on /home/airflow/.local/lib/python3.12/site-packages/airflow/example_dags/example_branch_python_dop_operator_3.py
[2024-11-04T20:22:13.455+0000] {processor.py:914} INFO - Processing file /home/airflow/.local/lib/python3.12/site-packages/airflow/example_dags/example_branch_python_dop_operator_3.py for tasks to queue
[2024-11-04T20:22:13.457+0000] {logging_mixin.py:190} INFO - [2024-11-04T20:22:13.457+0000] {dagbag.py:588} INFO - Filling up the DagBag from /home/airflow/.local/lib/python3.12/site-packages/airflow/example_dags/example_branch_python_dop_operator_3.py
[2024-11-04T20:22:13.469+0000] {processor.py:925} INFO - DAG(s) 'example_branch_dop_operator_v3' retrieved from /home/airflow/.local/lib/python3.12/site-packages/airflow/example_dags/example_branch_python_dop_operator_3.py
[2024-11-04T20:22:13.488+0000] {logging_mixin.py:190} INFO - [2024-11-04T20:22:13.488+0000] {dag.py:3239} INFO - Sync 1 DAGs
[2024-11-04T20:22:13.512+0000] {logging_mixin.py:190} INFO - [2024-11-04T20:22:13.512+0000] {dag.py:4180} INFO - Setting next_dagrun for example_branch_dop_operator_v3 to 2024-11-04 20:21:00+00:00, run_after=2024-11-04 20:22:00+00:00
[2024-11-04T20:22:13.530+0000] {processor.py:208} INFO - Processing /home/airflow/.local/lib/python3.12/site-packages/airflow/example_dags/example_branch_python_dop_operator_3.py took 0.083 seconds
[2024-11-04T20:22:44.750+0000] {processor.py:186} INFO - Started process (PID=817) to work on /home/airflow/.local/lib/python3.12/site-packages/airflow/example_dags/example_branch_python_dop_operator_3.py
[2024-11-04T20:22:44.751+0000] {processor.py:914} INFO - Processing file /home/airflow/.local/lib/python3.12/site-packages/airflow/example_dags/example_branch_python_dop_operator_3.py for tasks to queue
[2024-11-04T20:22:44.753+0000] {logging_mixin.py:190} INFO - [2024-11-04T20:22:44.753+0000] {dagbag.py:588} INFO - Filling up the DagBag from /home/airflow/.local/lib/python3.12/site-packages/airflow/example_dags/example_branch_python_dop_operator_3.py
[2024-11-04T20:22:44.763+0000] {processor.py:925} INFO - DAG(s) 'example_branch_dop_operator_v3' retrieved from /home/airflow/.local/lib/python3.12/site-packages/airflow/example_dags/example_branch_python_dop_operator_3.py
[2024-11-04T20:22:44.779+0000] {logging_mixin.py:190} INFO - [2024-11-04T20:22:44.779+0000] {dag.py:3239} INFO - Sync 1 DAGs
[2024-11-04T20:22:44.799+0000] {logging_mixin.py:190} INFO - [2024-11-04T20:22:44.799+0000] {dag.py:4180} INFO - Setting next_dagrun for example_branch_dop_operator_v3 to 2024-11-04 20:21:00+00:00, run_after=2024-11-04 20:22:00+00:00
[2024-11-04T20:22:44.815+0000] {processor.py:208} INFO - Processing /home/airflow/.local/lib/python3.12/site-packages/airflow/example_dags/example_branch_python_dop_operator_3.py took 0.070 seconds
[2024-11-04T20:25:42.090+0000] {processor.py:186} INFO - Started process (PID=96) to work on /home/airflow/.local/lib/python3.12/site-packages/airflow/example_dags/example_branch_python_dop_operator_3.py
[2024-11-04T20:25:42.091+0000] {processor.py:914} INFO - Processing file /home/airflow/.local/lib/python3.12/site-packages/airflow/example_dags/example_branch_python_dop_operator_3.py for tasks to queue
[2024-11-04T20:25:42.096+0000] {logging_mixin.py:190} INFO - [2024-11-04T20:25:42.095+0000] {dagbag.py:588} INFO - Filling up the DagBag from /home/airflow/.local/lib/python3.12/site-packages/airflow/example_dags/example_branch_python_dop_operator_3.py
[2024-11-04T20:25:42.115+0000] {processor.py:925} INFO - DAG(s) 'example_branch_dop_operator_v3' retrieved from /home/airflow/.local/lib/python3.12/site-packages/airflow/example_dags/example_branch_python_dop_operator_3.py
[2024-11-04T20:25:42.173+0000] {logging_mixin.py:190} INFO - [2024-11-04T20:25:42.170+0000] {dag.py:3239} INFO - Sync 1 DAGs
[2024-11-04T20:25:42.237+0000] {logging_mixin.py:190} INFO - [2024-11-04T20:25:42.236+0000] {dag.py:4180} INFO - Setting next_dagrun for example_branch_dop_operator_v3 to 2024-11-04 20:24:00+00:00, run_after=2024-11-04 20:25:00+00:00
[2024-11-04T20:25:42.275+0000] {processor.py:208} INFO - Processing /home/airflow/.local/lib/python3.12/site-packages/airflow/example_dags/example_branch_python_dop_operator_3.py took 0.195 seconds
[2024-11-04T20:26:12.993+0000] {processor.py:186} INFO - Started process (PID=163) to work on /home/airflow/.local/lib/python3.12/site-packages/airflow/example_dags/example_branch_python_dop_operator_3.py
[2024-11-04T20:26:12.994+0000] {processor.py:914} INFO - Processing file /home/airflow/.local/lib/python3.12/site-packages/airflow/example_dags/example_branch_python_dop_operator_3.py for tasks to queue
[2024-11-04T20:26:12.996+0000] {logging_mixin.py:190} INFO - [2024-11-04T20:26:12.996+0000] {dagbag.py:588} INFO - Filling up the DagBag from /home/airflow/.local/lib/python3.12/site-packages/airflow/example_dags/example_branch_python_dop_operator_3.py
[2024-11-04T20:26:13.004+0000] {processor.py:925} INFO - DAG(s) 'example_branch_dop_operator_v3' retrieved from /home/airflow/.local/lib/python3.12/site-packages/airflow/example_dags/example_branch_python_dop_operator_3.py
[2024-11-04T20:26:13.021+0000] {logging_mixin.py:190} INFO - [2024-11-04T20:26:13.020+0000] {dag.py:3239} INFO - Sync 1 DAGs
[2024-11-04T20:26:13.049+0000] {logging_mixin.py:190} INFO - [2024-11-04T20:26:13.049+0000] {dag.py:4180} INFO - Setting next_dagrun for example_branch_dop_operator_v3 to 2024-11-04 20:25:00+00:00, run_after=2024-11-04 20:26:00+00:00
[2024-11-04T20:26:13.082+0000] {processor.py:208} INFO - Processing /home/airflow/.local/lib/python3.12/site-packages/airflow/example_dags/example_branch_python_dop_operator_3.py took 0.095 seconds
[2024-11-04T20:27:22.488+0000] {processor.py:186} INFO - Started process (PID=88) to work on /home/airflow/.local/lib/python3.12/site-packages/airflow/example_dags/example_branch_python_dop_operator_3.py
[2024-11-04T20:27:22.490+0000] {processor.py:914} INFO - Processing file /home/airflow/.local/lib/python3.12/site-packages/airflow/example_dags/example_branch_python_dop_operator_3.py for tasks to queue
[2024-11-04T20:27:22.493+0000] {logging_mixin.py:190} INFO - [2024-11-04T20:27:22.492+0000] {dagbag.py:588} INFO - Filling up the DagBag from /home/airflow/.local/lib/python3.12/site-packages/airflow/example_dags/example_branch_python_dop_operator_3.py
[2024-11-04T20:27:22.503+0000] {processor.py:925} INFO - DAG(s) 'example_branch_dop_operator_v3' retrieved from /home/airflow/.local/lib/python3.12/site-packages/airflow/example_dags/example_branch_python_dop_operator_3.py
[2024-11-04T20:27:22.532+0000] {logging_mixin.py:190} INFO - [2024-11-04T20:27:22.531+0000] {dag.py:3239} INFO - Sync 1 DAGs
[2024-11-04T20:27:22.559+0000] {logging_mixin.py:190} INFO - [2024-11-04T20:27:22.559+0000] {dag.py:4180} INFO - Setting next_dagrun for example_branch_dop_operator_v3 to 2024-11-04 20:26:00+00:00, run_after=2024-11-04 20:27:00+00:00
[2024-11-04T20:27:22.594+0000] {processor.py:208} INFO - Processing /home/airflow/.local/lib/python3.12/site-packages/airflow/example_dags/example_branch_python_dop_operator_3.py took 0.112 seconds
[2024-11-04T20:27:53.472+0000] {processor.py:186} INFO - Started process (PID=154) to work on /home/airflow/.local/lib/python3.12/site-packages/airflow/example_dags/example_branch_python_dop_operator_3.py
[2024-11-04T20:27:53.474+0000] {processor.py:914} INFO - Processing file /home/airflow/.local/lib/python3.12/site-packages/airflow/example_dags/example_branch_python_dop_operator_3.py for tasks to queue
[2024-11-04T20:27:53.476+0000] {logging_mixin.py:190} INFO - [2024-11-04T20:27:53.476+0000] {dagbag.py:588} INFO - Filling up the DagBag from /home/airflow/.local/lib/python3.12/site-packages/airflow/example_dags/example_branch_python_dop_operator_3.py
[2024-11-04T20:27:53.487+0000] {processor.py:925} INFO - DAG(s) 'example_branch_dop_operator_v3' retrieved from /home/airflow/.local/lib/python3.12/site-packages/airflow/example_dags/example_branch_python_dop_operator_3.py
[2024-11-04T20:27:53.511+0000] {logging_mixin.py:190} INFO - [2024-11-04T20:27:53.511+0000] {dag.py:3239} INFO - Sync 1 DAGs
[2024-11-04T20:27:53.548+0000] {logging_mixin.py:190} INFO - [2024-11-04T20:27:53.548+0000] {dag.py:4180} INFO - Setting next_dagrun for example_branch_dop_operator_v3 to 2024-11-04 20:26:00+00:00, run_after=2024-11-04 20:27:00+00:00
[2024-11-04T20:27:53.575+0000] {processor.py:208} INFO - Processing /home/airflow/.local/lib/python3.12/site-packages/airflow/example_dags/example_branch_python_dop_operator_3.py took 0.108 seconds
[2024-11-04T20:28:23.846+0000] {processor.py:186} INFO - Started process (PID=219) to work on /home/airflow/.local/lib/python3.12/site-packages/airflow/example_dags/example_branch_python_dop_operator_3.py
[2024-11-04T20:28:23.847+0000] {processor.py:914} INFO - Processing file /home/airflow/.local/lib/python3.12/site-packages/airflow/example_dags/example_branch_python_dop_operator_3.py for tasks to queue
[2024-11-04T20:28:23.850+0000] {logging_mixin.py:190} INFO - [2024-11-04T20:28:23.849+0000] {dagbag.py:588} INFO - Filling up the DagBag from /home/airflow/.local/lib/python3.12/site-packages/airflow/example_dags/example_branch_python_dop_operator_3.py
[2024-11-04T20:28:23.858+0000] {processor.py:925} INFO - DAG(s) 'example_branch_dop_operator_v3' retrieved from /home/airflow/.local/lib/python3.12/site-packages/airflow/example_dags/example_branch_python_dop_operator_3.py
[2024-11-04T20:28:23.876+0000] {logging_mixin.py:190} INFO - [2024-11-04T20:28:23.876+0000] {dag.py:3239} INFO - Sync 1 DAGs
[2024-11-04T20:28:23.900+0000] {logging_mixin.py:190} INFO - [2024-11-04T20:28:23.900+0000] {dag.py:4180} INFO - Setting next_dagrun for example_branch_dop_operator_v3 to 2024-11-04 20:27:00+00:00, run_after=2024-11-04 20:28:00+00:00
[2024-11-04T20:28:23.918+0000] {processor.py:208} INFO - Processing /home/airflow/.local/lib/python3.12/site-packages/airflow/example_dags/example_branch_python_dop_operator_3.py took 0.077 seconds
[2024-11-04T20:28:54.528+0000] {processor.py:186} INFO - Started process (PID=285) to work on /home/airflow/.local/lib/python3.12/site-packages/airflow/example_dags/example_branch_python_dop_operator_3.py
[2024-11-04T20:28:54.529+0000] {processor.py:914} INFO - Processing file /home/airflow/.local/lib/python3.12/site-packages/airflow/example_dags/example_branch_python_dop_operator_3.py for tasks to queue
[2024-11-04T20:28:54.532+0000] {logging_mixin.py:190} INFO - [2024-11-04T20:28:54.532+0000] {dagbag.py:588} INFO - Filling up the DagBag from /home/airflow/.local/lib/python3.12/site-packages/airflow/example_dags/example_branch_python_dop_operator_3.py
[2024-11-04T20:28:54.540+0000] {processor.py:925} INFO - DAG(s) 'example_branch_dop_operator_v3' retrieved from /home/airflow/.local/lib/python3.12/site-packages/airflow/example_dags/example_branch_python_dop_operator_3.py
[2024-11-04T20:28:54.558+0000] {logging_mixin.py:190} INFO - [2024-11-04T20:28:54.557+0000] {dag.py:3239} INFO - Sync 1 DAGs
[2024-11-04T20:28:54.577+0000] {logging_mixin.py:190} INFO - [2024-11-04T20:28:54.577+0000] {dag.py:4180} INFO - Setting next_dagrun for example_branch_dop_operator_v3 to 2024-11-04 20:27:00+00:00, run_after=2024-11-04 20:28:00+00:00
[2024-11-04T20:28:54.594+0000] {processor.py:208} INFO - Processing /home/airflow/.local/lib/python3.12/site-packages/airflow/example_dags/example_branch_python_dop_operator_3.py took 0.071 seconds
