[2024-11-04T20:09:07.698+0000] {processor.py:186} INFO - Started process (PID=111) to work on /home/airflow/.local/lib/python3.12/site-packages/airflow/example_dags/example_subdag_operator.py
[2024-11-04T20:09:07.707+0000] {processor.py:914} INFO - Processing file /home/airflow/.local/lib/python3.12/site-packages/airflow/example_dags/example_subdag_operator.py for tasks to queue
[2024-11-04T20:09:07.717+0000] {logging_mixin.py:190} INFO - [2024-11-04T20:09:07.716+0000] {dagbag.py:588} INFO - Filling up the DagBag from /home/airflow/.local/lib/python3.12/site-packages/airflow/example_dags/example_subdag_operator.py
[2024-11-04T20:09:07.796+0000] {processor.py:925} INFO - DAG(s) 'example_subdag_operator.section-1', 'example_subdag_operator.section-2', 'example_subdag_operator' retrieved from /home/airflow/.local/lib/python3.12/site-packages/airflow/example_dags/example_subdag_operator.py
[2024-11-04T20:09:07.850+0000] {logging_mixin.py:190} INFO - [2024-11-04T20:09:07.849+0000] {dag.py:3239} INFO - Sync 3 DAGs
[2024-11-04T20:09:07.916+0000] {logging_mixin.py:190} INFO - [2024-11-04T20:09:07.915+0000] {dag.py:4180} INFO - Setting next_dagrun for example_subdag_operator to 2022-01-01 00:00:00+00:00, run_after=2022-01-01 00:00:00+00:00
[2024-11-04T20:09:07.941+0000] {logging_mixin.py:190} INFO - [2024-11-04T20:09:07.940+0000] {dag.py:4180} INFO - Setting next_dagrun for example_subdag_operator.section-1 to None, run_after=None
[2024-11-04T20:09:07.945+0000] {logging_mixin.py:190} INFO - [2024-11-04T20:09:07.944+0000] {dag.py:4180} INFO - Setting next_dagrun for example_subdag_operator.section-2 to None, run_after=None
[2024-11-04T20:09:07.962+0000] {logging_mixin.py:190} INFO - [2024-11-04T20:09:07.960+0000] {dag.py:3239} INFO - Sync 2 DAGs
[2024-11-04T20:09:07.986+0000] {logging_mixin.py:190} INFO - [2024-11-04T20:09:07.986+0000] {dag.py:4180} INFO - Setting next_dagrun for example_subdag_operator.section-1 to None, run_after=None
[2024-11-04T20:09:07.989+0000] {logging_mixin.py:190} INFO - [2024-11-04T20:09:07.988+0000] {dag.py:4180} INFO - Setting next_dagrun for example_subdag_operator.section-2 to None, run_after=None
[2024-11-04T20:09:08.022+0000] {processor.py:208} INFO - Processing /home/airflow/.local/lib/python3.12/site-packages/airflow/example_dags/example_subdag_operator.py took 0.334 seconds
[2024-11-04T20:09:38.236+0000] {processor.py:186} INFO - Started process (PID=177) to work on /home/airflow/.local/lib/python3.12/site-packages/airflow/example_dags/example_subdag_operator.py
[2024-11-04T20:09:38.237+0000] {processor.py:914} INFO - Processing file /home/airflow/.local/lib/python3.12/site-packages/airflow/example_dags/example_subdag_operator.py for tasks to queue
[2024-11-04T20:09:38.240+0000] {logging_mixin.py:190} INFO - [2024-11-04T20:09:38.240+0000] {dagbag.py:588} INFO - Filling up the DagBag from /home/airflow/.local/lib/python3.12/site-packages/airflow/example_dags/example_subdag_operator.py
[2024-11-04T20:09:38.267+0000] {processor.py:925} INFO - DAG(s) 'example_subdag_operator.section-1', 'example_subdag_operator.section-2', 'example_subdag_operator' retrieved from /home/airflow/.local/lib/python3.12/site-packages/airflow/example_dags/example_subdag_operator.py
[2024-11-04T20:09:38.282+0000] {logging_mixin.py:190} INFO - [2024-11-04T20:09:38.282+0000] {dag.py:3239} INFO - Sync 3 DAGs
[2024-11-04T20:09:38.303+0000] {logging_mixin.py:190} INFO - [2024-11-04T20:09:38.303+0000] {dag.py:4180} INFO - Setting next_dagrun for example_subdag_operator to 2022-01-01 00:00:00+00:00, run_after=2022-01-01 00:00:00+00:00
[2024-11-04T20:09:38.307+0000] {logging_mixin.py:190} INFO - [2024-11-04T20:09:38.307+0000] {dag.py:4180} INFO - Setting next_dagrun for example_subdag_operator.section-1 to None, run_after=None
[2024-11-04T20:09:38.310+0000] {logging_mixin.py:190} INFO - [2024-11-04T20:09:38.309+0000] {dag.py:4180} INFO - Setting next_dagrun for example_subdag_operator.section-2 to None, run_after=None
[2024-11-04T20:09:38.320+0000] {logging_mixin.py:190} INFO - [2024-11-04T20:09:38.319+0000] {dag.py:3239} INFO - Sync 2 DAGs
[2024-11-04T20:09:38.327+0000] {logging_mixin.py:190} INFO - [2024-11-04T20:09:38.326+0000] {dag.py:4180} INFO - Setting next_dagrun for example_subdag_operator.section-1 to None, run_after=None
[2024-11-04T20:09:38.328+0000] {logging_mixin.py:190} INFO - [2024-11-04T20:09:38.328+0000] {dag.py:4180} INFO - Setting next_dagrun for example_subdag_operator.section-2 to None, run_after=None
[2024-11-04T20:09:38.341+0000] {processor.py:208} INFO - Processing /home/airflow/.local/lib/python3.12/site-packages/airflow/example_dags/example_subdag_operator.py took 0.112 seconds
[2024-11-04T20:10:08.825+0000] {processor.py:186} INFO - Started process (PID=241) to work on /home/airflow/.local/lib/python3.12/site-packages/airflow/example_dags/example_subdag_operator.py
[2024-11-04T20:10:08.826+0000] {processor.py:914} INFO - Processing file /home/airflow/.local/lib/python3.12/site-packages/airflow/example_dags/example_subdag_operator.py for tasks to queue
[2024-11-04T20:10:08.828+0000] {logging_mixin.py:190} INFO - [2024-11-04T20:10:08.828+0000] {dagbag.py:588} INFO - Filling up the DagBag from /home/airflow/.local/lib/python3.12/site-packages/airflow/example_dags/example_subdag_operator.py
[2024-11-04T20:10:08.857+0000] {processor.py:925} INFO - DAG(s) 'example_subdag_operator.section-1', 'example_subdag_operator.section-2', 'example_subdag_operator' retrieved from /home/airflow/.local/lib/python3.12/site-packages/airflow/example_dags/example_subdag_operator.py
[2024-11-04T20:10:08.873+0000] {logging_mixin.py:190} INFO - [2024-11-04T20:10:08.873+0000] {dag.py:3239} INFO - Sync 3 DAGs
[2024-11-04T20:10:08.899+0000] {logging_mixin.py:190} INFO - [2024-11-04T20:10:08.898+0000] {dag.py:4180} INFO - Setting next_dagrun for example_subdag_operator to 2022-01-01 00:00:00+00:00, run_after=2022-01-01 00:00:00+00:00
[2024-11-04T20:10:08.904+0000] {logging_mixin.py:190} INFO - [2024-11-04T20:10:08.904+0000] {dag.py:4180} INFO - Setting next_dagrun for example_subdag_operator.section-1 to None, run_after=None
[2024-11-04T20:10:08.906+0000] {logging_mixin.py:190} INFO - [2024-11-04T20:10:08.905+0000] {dag.py:4180} INFO - Setting next_dagrun for example_subdag_operator.section-2 to None, run_after=None
[2024-11-04T20:10:08.916+0000] {logging_mixin.py:190} INFO - [2024-11-04T20:10:08.916+0000] {dag.py:3239} INFO - Sync 2 DAGs
[2024-11-04T20:10:08.924+0000] {logging_mixin.py:190} INFO - [2024-11-04T20:10:08.924+0000] {dag.py:4180} INFO - Setting next_dagrun for example_subdag_operator.section-1 to None, run_after=None
[2024-11-04T20:10:08.925+0000] {logging_mixin.py:190} INFO - [2024-11-04T20:10:08.925+0000] {dag.py:4180} INFO - Setting next_dagrun for example_subdag_operator.section-2 to None, run_after=None
[2024-11-04T20:10:08.940+0000] {processor.py:208} INFO - Processing /home/airflow/.local/lib/python3.12/site-packages/airflow/example_dags/example_subdag_operator.py took 0.121 seconds
[2024-11-04T20:10:39.873+0000] {processor.py:186} INFO - Started process (PID=306) to work on /home/airflow/.local/lib/python3.12/site-packages/airflow/example_dags/example_subdag_operator.py
[2024-11-04T20:10:39.875+0000] {processor.py:914} INFO - Processing file /home/airflow/.local/lib/python3.12/site-packages/airflow/example_dags/example_subdag_operator.py for tasks to queue
[2024-11-04T20:10:39.878+0000] {logging_mixin.py:190} INFO - [2024-11-04T20:10:39.878+0000] {dagbag.py:588} INFO - Filling up the DagBag from /home/airflow/.local/lib/python3.12/site-packages/airflow/example_dags/example_subdag_operator.py
[2024-11-04T20:10:39.912+0000] {processor.py:925} INFO - DAG(s) 'example_subdag_operator.section-1', 'example_subdag_operator.section-2', 'example_subdag_operator' retrieved from /home/airflow/.local/lib/python3.12/site-packages/airflow/example_dags/example_subdag_operator.py
[2024-11-04T20:10:39.933+0000] {logging_mixin.py:190} INFO - [2024-11-04T20:10:39.932+0000] {dag.py:3239} INFO - Sync 3 DAGs
[2024-11-04T20:10:39.959+0000] {logging_mixin.py:190} INFO - [2024-11-04T20:10:39.958+0000] {dag.py:4180} INFO - Setting next_dagrun for example_subdag_operator to 2022-01-01 00:00:00+00:00, run_after=2022-01-01 00:00:00+00:00
[2024-11-04T20:10:39.964+0000] {logging_mixin.py:190} INFO - [2024-11-04T20:10:39.964+0000] {dag.py:4180} INFO - Setting next_dagrun for example_subdag_operator.section-1 to None, run_after=None
[2024-11-04T20:10:39.967+0000] {logging_mixin.py:190} INFO - [2024-11-04T20:10:39.967+0000] {dag.py:4180} INFO - Setting next_dagrun for example_subdag_operator.section-2 to None, run_after=None
[2024-11-04T20:10:39.978+0000] {logging_mixin.py:190} INFO - [2024-11-04T20:10:39.978+0000] {dag.py:3239} INFO - Sync 2 DAGs
[2024-11-04T20:10:39.984+0000] {logging_mixin.py:190} INFO - [2024-11-04T20:10:39.984+0000] {dag.py:4180} INFO - Setting next_dagrun for example_subdag_operator.section-1 to None, run_after=None
[2024-11-04T20:10:39.985+0000] {logging_mixin.py:190} INFO - [2024-11-04T20:10:39.985+0000] {dag.py:4180} INFO - Setting next_dagrun for example_subdag_operator.section-2 to None, run_after=None
[2024-11-04T20:10:39.997+0000] {processor.py:208} INFO - Processing /home/airflow/.local/lib/python3.12/site-packages/airflow/example_dags/example_subdag_operator.py took 0.129 seconds
[2024-11-04T20:11:10.728+0000] {processor.py:186} INFO - Started process (PID=370) to work on /home/airflow/.local/lib/python3.12/site-packages/airflow/example_dags/example_subdag_operator.py
[2024-11-04T20:11:10.730+0000] {processor.py:914} INFO - Processing file /home/airflow/.local/lib/python3.12/site-packages/airflow/example_dags/example_subdag_operator.py for tasks to queue
[2024-11-04T20:11:10.733+0000] {logging_mixin.py:190} INFO - [2024-11-04T20:11:10.732+0000] {dagbag.py:588} INFO - Filling up the DagBag from /home/airflow/.local/lib/python3.12/site-packages/airflow/example_dags/example_subdag_operator.py
[2024-11-04T20:11:10.763+0000] {processor.py:925} INFO - DAG(s) 'example_subdag_operator.section-1', 'example_subdag_operator.section-2', 'example_subdag_operator' retrieved from /home/airflow/.local/lib/python3.12/site-packages/airflow/example_dags/example_subdag_operator.py
[2024-11-04T20:11:10.781+0000] {logging_mixin.py:190} INFO - [2024-11-04T20:11:10.781+0000] {dag.py:3239} INFO - Sync 3 DAGs
[2024-11-04T20:11:10.817+0000] {logging_mixin.py:190} INFO - [2024-11-04T20:11:10.816+0000] {dag.py:4180} INFO - Setting next_dagrun for example_subdag_operator to 2022-01-01 00:00:00+00:00, run_after=2022-01-01 00:00:00+00:00
[2024-11-04T20:11:10.823+0000] {logging_mixin.py:190} INFO - [2024-11-04T20:11:10.822+0000] {dag.py:4180} INFO - Setting next_dagrun for example_subdag_operator.section-1 to None, run_after=None
[2024-11-04T20:11:10.825+0000] {logging_mixin.py:190} INFO - [2024-11-04T20:11:10.824+0000] {dag.py:4180} INFO - Setting next_dagrun for example_subdag_operator.section-2 to None, run_after=None
[2024-11-04T20:11:10.838+0000] {logging_mixin.py:190} INFO - [2024-11-04T20:11:10.838+0000] {dag.py:3239} INFO - Sync 2 DAGs
[2024-11-04T20:11:10.845+0000] {logging_mixin.py:190} INFO - [2024-11-04T20:11:10.845+0000] {dag.py:4180} INFO - Setting next_dagrun for example_subdag_operator.section-1 to None, run_after=None
[2024-11-04T20:11:10.846+0000] {logging_mixin.py:190} INFO - [2024-11-04T20:11:10.846+0000] {dag.py:4180} INFO - Setting next_dagrun for example_subdag_operator.section-2 to None, run_after=None
[2024-11-04T20:11:10.869+0000] {processor.py:208} INFO - Processing /home/airflow/.local/lib/python3.12/site-packages/airflow/example_dags/example_subdag_operator.py took 0.146 seconds
[2024-11-04T20:11:41.137+0000] {processor.py:186} INFO - Started process (PID=435) to work on /home/airflow/.local/lib/python3.12/site-packages/airflow/example_dags/example_subdag_operator.py
[2024-11-04T20:11:41.138+0000] {processor.py:914} INFO - Processing file /home/airflow/.local/lib/python3.12/site-packages/airflow/example_dags/example_subdag_operator.py for tasks to queue
[2024-11-04T20:11:41.141+0000] {logging_mixin.py:190} INFO - [2024-11-04T20:11:41.141+0000] {dagbag.py:588} INFO - Filling up the DagBag from /home/airflow/.local/lib/python3.12/site-packages/airflow/example_dags/example_subdag_operator.py
[2024-11-04T20:11:41.168+0000] {processor.py:925} INFO - DAG(s) 'example_subdag_operator.section-1', 'example_subdag_operator.section-2', 'example_subdag_operator' retrieved from /home/airflow/.local/lib/python3.12/site-packages/airflow/example_dags/example_subdag_operator.py
[2024-11-04T20:11:41.182+0000] {logging_mixin.py:190} INFO - [2024-11-04T20:11:41.182+0000] {dag.py:3239} INFO - Sync 3 DAGs
[2024-11-04T20:11:41.203+0000] {logging_mixin.py:190} INFO - [2024-11-04T20:11:41.203+0000] {dag.py:4180} INFO - Setting next_dagrun for example_subdag_operator to 2022-01-01 00:00:00+00:00, run_after=2022-01-01 00:00:00+00:00
[2024-11-04T20:11:41.207+0000] {logging_mixin.py:190} INFO - [2024-11-04T20:11:41.207+0000] {dag.py:4180} INFO - Setting next_dagrun for example_subdag_operator.section-1 to None, run_after=None
[2024-11-04T20:11:41.209+0000] {logging_mixin.py:190} INFO - [2024-11-04T20:11:41.209+0000] {dag.py:4180} INFO - Setting next_dagrun for example_subdag_operator.section-2 to None, run_after=None
[2024-11-04T20:11:41.216+0000] {logging_mixin.py:190} INFO - [2024-11-04T20:11:41.216+0000] {dag.py:3239} INFO - Sync 2 DAGs
[2024-11-04T20:11:41.223+0000] {logging_mixin.py:190} INFO - [2024-11-04T20:11:41.223+0000] {dag.py:4180} INFO - Setting next_dagrun for example_subdag_operator.section-1 to None, run_after=None
[2024-11-04T20:11:41.224+0000] {logging_mixin.py:190} INFO - [2024-11-04T20:11:41.224+0000] {dag.py:4180} INFO - Setting next_dagrun for example_subdag_operator.section-2 to None, run_after=None
[2024-11-04T20:11:41.238+0000] {processor.py:208} INFO - Processing /home/airflow/.local/lib/python3.12/site-packages/airflow/example_dags/example_subdag_operator.py took 0.106 seconds
[2024-11-04T20:12:12.199+0000] {processor.py:186} INFO - Started process (PID=500) to work on /home/airflow/.local/lib/python3.12/site-packages/airflow/example_dags/example_subdag_operator.py
[2024-11-04T20:12:12.200+0000] {processor.py:914} INFO - Processing file /home/airflow/.local/lib/python3.12/site-packages/airflow/example_dags/example_subdag_operator.py for tasks to queue
[2024-11-04T20:12:12.203+0000] {logging_mixin.py:190} INFO - [2024-11-04T20:12:12.203+0000] {dagbag.py:588} INFO - Filling up the DagBag from /home/airflow/.local/lib/python3.12/site-packages/airflow/example_dags/example_subdag_operator.py
[2024-11-04T20:12:12.231+0000] {processor.py:925} INFO - DAG(s) 'example_subdag_operator.section-1', 'example_subdag_operator.section-2', 'example_subdag_operator' retrieved from /home/airflow/.local/lib/python3.12/site-packages/airflow/example_dags/example_subdag_operator.py
[2024-11-04T20:12:12.252+0000] {logging_mixin.py:190} INFO - [2024-11-04T20:12:12.251+0000] {dag.py:3239} INFO - Sync 3 DAGs
[2024-11-04T20:12:12.276+0000] {logging_mixin.py:190} INFO - [2024-11-04T20:12:12.275+0000] {dag.py:4180} INFO - Setting next_dagrun for example_subdag_operator to 2022-01-01 00:00:00+00:00, run_after=2022-01-01 00:00:00+00:00
[2024-11-04T20:12:12.281+0000] {logging_mixin.py:190} INFO - [2024-11-04T20:12:12.280+0000] {dag.py:4180} INFO - Setting next_dagrun for example_subdag_operator.section-1 to None, run_after=None
[2024-11-04T20:12:12.283+0000] {logging_mixin.py:190} INFO - [2024-11-04T20:12:12.282+0000] {dag.py:4180} INFO - Setting next_dagrun for example_subdag_operator.section-2 to None, run_after=None
[2024-11-04T20:12:12.292+0000] {logging_mixin.py:190} INFO - [2024-11-04T20:12:12.292+0000] {dag.py:3239} INFO - Sync 2 DAGs
[2024-11-04T20:12:12.299+0000] {logging_mixin.py:190} INFO - [2024-11-04T20:12:12.299+0000] {dag.py:4180} INFO - Setting next_dagrun for example_subdag_operator.section-1 to None, run_after=None
[2024-11-04T20:12:12.300+0000] {logging_mixin.py:190} INFO - [2024-11-04T20:12:12.300+0000] {dag.py:4180} INFO - Setting next_dagrun for example_subdag_operator.section-2 to None, run_after=None
[2024-11-04T20:12:12.315+0000] {processor.py:208} INFO - Processing /home/airflow/.local/lib/python3.12/site-packages/airflow/example_dags/example_subdag_operator.py took 0.121 seconds
[2024-11-04T20:12:43.121+0000] {processor.py:186} INFO - Started process (PID=565) to work on /home/airflow/.local/lib/python3.12/site-packages/airflow/example_dags/example_subdag_operator.py
[2024-11-04T20:12:43.123+0000] {processor.py:914} INFO - Processing file /home/airflow/.local/lib/python3.12/site-packages/airflow/example_dags/example_subdag_operator.py for tasks to queue
[2024-11-04T20:12:43.125+0000] {logging_mixin.py:190} INFO - [2024-11-04T20:12:43.125+0000] {dagbag.py:588} INFO - Filling up the DagBag from /home/airflow/.local/lib/python3.12/site-packages/airflow/example_dags/example_subdag_operator.py
[2024-11-04T20:12:43.149+0000] {processor.py:925} INFO - DAG(s) 'example_subdag_operator.section-1', 'example_subdag_operator.section-2', 'example_subdag_operator' retrieved from /home/airflow/.local/lib/python3.12/site-packages/airflow/example_dags/example_subdag_operator.py
[2024-11-04T20:12:43.163+0000] {logging_mixin.py:190} INFO - [2024-11-04T20:12:43.163+0000] {dag.py:3239} INFO - Sync 3 DAGs
[2024-11-04T20:12:43.184+0000] {logging_mixin.py:190} INFO - [2024-11-04T20:12:43.184+0000] {dag.py:4180} INFO - Setting next_dagrun for example_subdag_operator to 2022-01-01 00:00:00+00:00, run_after=2022-01-01 00:00:00+00:00
[2024-11-04T20:12:43.188+0000] {logging_mixin.py:190} INFO - [2024-11-04T20:12:43.187+0000] {dag.py:4180} INFO - Setting next_dagrun for example_subdag_operator.section-1 to None, run_after=None
[2024-11-04T20:12:43.189+0000] {logging_mixin.py:190} INFO - [2024-11-04T20:12:43.189+0000] {dag.py:4180} INFO - Setting next_dagrun for example_subdag_operator.section-2 to None, run_after=None
[2024-11-04T20:12:43.197+0000] {logging_mixin.py:190} INFO - [2024-11-04T20:12:43.197+0000] {dag.py:3239} INFO - Sync 2 DAGs
[2024-11-04T20:12:43.203+0000] {logging_mixin.py:190} INFO - [2024-11-04T20:12:43.203+0000] {dag.py:4180} INFO - Setting next_dagrun for example_subdag_operator.section-1 to None, run_after=None
[2024-11-04T20:12:43.204+0000] {logging_mixin.py:190} INFO - [2024-11-04T20:12:43.204+0000] {dag.py:4180} INFO - Setting next_dagrun for example_subdag_operator.section-2 to None, run_after=None
[2024-11-04T20:12:43.215+0000] {processor.py:208} INFO - Processing /home/airflow/.local/lib/python3.12/site-packages/airflow/example_dags/example_subdag_operator.py took 0.100 seconds
[2024-11-04T20:13:13.440+0000] {processor.py:186} INFO - Started process (PID=629) to work on /home/airflow/.local/lib/python3.12/site-packages/airflow/example_dags/example_subdag_operator.py
[2024-11-04T20:13:13.441+0000] {processor.py:914} INFO - Processing file /home/airflow/.local/lib/python3.12/site-packages/airflow/example_dags/example_subdag_operator.py for tasks to queue
[2024-11-04T20:13:13.444+0000] {logging_mixin.py:190} INFO - [2024-11-04T20:13:13.444+0000] {dagbag.py:588} INFO - Filling up the DagBag from /home/airflow/.local/lib/python3.12/site-packages/airflow/example_dags/example_subdag_operator.py
[2024-11-04T20:13:13.468+0000] {processor.py:925} INFO - DAG(s) 'example_subdag_operator.section-1', 'example_subdag_operator.section-2', 'example_subdag_operator' retrieved from /home/airflow/.local/lib/python3.12/site-packages/airflow/example_dags/example_subdag_operator.py
[2024-11-04T20:13:13.484+0000] {logging_mixin.py:190} INFO - [2024-11-04T20:13:13.484+0000] {dag.py:3239} INFO - Sync 3 DAGs
[2024-11-04T20:13:13.519+0000] {logging_mixin.py:190} INFO - [2024-11-04T20:13:13.519+0000] {dag.py:4180} INFO - Setting next_dagrun for example_subdag_operator to 2022-01-01 00:00:00+00:00, run_after=2022-01-01 00:00:00+00:00
[2024-11-04T20:13:13.526+0000] {logging_mixin.py:190} INFO - [2024-11-04T20:13:13.526+0000] {dag.py:4180} INFO - Setting next_dagrun for example_subdag_operator.section-1 to None, run_after=None
[2024-11-04T20:13:13.530+0000] {logging_mixin.py:190} INFO - [2024-11-04T20:13:13.530+0000] {dag.py:4180} INFO - Setting next_dagrun for example_subdag_operator.section-2 to None, run_after=None
[2024-11-04T20:13:13.543+0000] {logging_mixin.py:190} INFO - [2024-11-04T20:13:13.543+0000] {dag.py:3239} INFO - Sync 2 DAGs
[2024-11-04T20:13:13.548+0000] {logging_mixin.py:190} INFO - [2024-11-04T20:13:13.548+0000] {dag.py:4180} INFO - Setting next_dagrun for example_subdag_operator.section-1 to None, run_after=None
[2024-11-04T20:13:13.549+0000] {logging_mixin.py:190} INFO - [2024-11-04T20:13:13.549+0000] {dag.py:4180} INFO - Setting next_dagrun for example_subdag_operator.section-2 to None, run_after=None
[2024-11-04T20:13:13.561+0000] {processor.py:208} INFO - Processing /home/airflow/.local/lib/python3.12/site-packages/airflow/example_dags/example_subdag_operator.py took 0.126 seconds
[2024-11-04T20:13:43.841+0000] {processor.py:186} INFO - Started process (PID=694) to work on /home/airflow/.local/lib/python3.12/site-packages/airflow/example_dags/example_subdag_operator.py
[2024-11-04T20:13:43.842+0000] {processor.py:914} INFO - Processing file /home/airflow/.local/lib/python3.12/site-packages/airflow/example_dags/example_subdag_operator.py for tasks to queue
[2024-11-04T20:13:43.846+0000] {logging_mixin.py:190} INFO - [2024-11-04T20:13:43.845+0000] {dagbag.py:588} INFO - Filling up the DagBag from /home/airflow/.local/lib/python3.12/site-packages/airflow/example_dags/example_subdag_operator.py
[2024-11-04T20:13:43.877+0000] {processor.py:925} INFO - DAG(s) 'example_subdag_operator.section-1', 'example_subdag_operator.section-2', 'example_subdag_operator' retrieved from /home/airflow/.local/lib/python3.12/site-packages/airflow/example_dags/example_subdag_operator.py
[2024-11-04T20:13:43.900+0000] {logging_mixin.py:190} INFO - [2024-11-04T20:13:43.899+0000] {dag.py:3239} INFO - Sync 3 DAGs
[2024-11-04T20:13:43.934+0000] {logging_mixin.py:190} INFO - [2024-11-04T20:13:43.933+0000] {dag.py:4180} INFO - Setting next_dagrun for example_subdag_operator to 2022-01-01 00:00:00+00:00, run_after=2022-01-01 00:00:00+00:00
[2024-11-04T20:13:43.939+0000] {logging_mixin.py:190} INFO - [2024-11-04T20:13:43.939+0000] {dag.py:4180} INFO - Setting next_dagrun for example_subdag_operator.section-1 to None, run_after=None
[2024-11-04T20:13:43.942+0000] {logging_mixin.py:190} INFO - [2024-11-04T20:13:43.942+0000] {dag.py:4180} INFO - Setting next_dagrun for example_subdag_operator.section-2 to None, run_after=None
[2024-11-04T20:13:43.954+0000] {logging_mixin.py:190} INFO - [2024-11-04T20:13:43.953+0000] {dag.py:3239} INFO - Sync 2 DAGs
[2024-11-04T20:13:43.963+0000] {logging_mixin.py:190} INFO - [2024-11-04T20:13:43.963+0000] {dag.py:4180} INFO - Setting next_dagrun for example_subdag_operator.section-1 to None, run_after=None
[2024-11-04T20:13:43.964+0000] {logging_mixin.py:190} INFO - [2024-11-04T20:13:43.964+0000] {dag.py:4180} INFO - Setting next_dagrun for example_subdag_operator.section-2 to None, run_after=None
[2024-11-04T20:13:43.983+0000] {processor.py:208} INFO - Processing /home/airflow/.local/lib/python3.12/site-packages/airflow/example_dags/example_subdag_operator.py took 0.149 seconds
[2024-11-04T20:14:14.434+0000] {processor.py:186} INFO - Started process (PID=759) to work on /home/airflow/.local/lib/python3.12/site-packages/airflow/example_dags/example_subdag_operator.py
[2024-11-04T20:14:14.435+0000] {processor.py:914} INFO - Processing file /home/airflow/.local/lib/python3.12/site-packages/airflow/example_dags/example_subdag_operator.py for tasks to queue
[2024-11-04T20:14:14.438+0000] {logging_mixin.py:190} INFO - [2024-11-04T20:14:14.437+0000] {dagbag.py:588} INFO - Filling up the DagBag from /home/airflow/.local/lib/python3.12/site-packages/airflow/example_dags/example_subdag_operator.py
[2024-11-04T20:14:14.463+0000] {processor.py:925} INFO - DAG(s) 'example_subdag_operator.section-1', 'example_subdag_operator.section-2', 'example_subdag_operator' retrieved from /home/airflow/.local/lib/python3.12/site-packages/airflow/example_dags/example_subdag_operator.py
[2024-11-04T20:14:14.477+0000] {logging_mixin.py:190} INFO - [2024-11-04T20:14:14.477+0000] {dag.py:3239} INFO - Sync 3 DAGs
[2024-11-04T20:14:14.498+0000] {logging_mixin.py:190} INFO - [2024-11-04T20:14:14.498+0000] {dag.py:4180} INFO - Setting next_dagrun for example_subdag_operator to 2022-01-01 00:00:00+00:00, run_after=2022-01-01 00:00:00+00:00
[2024-11-04T20:14:14.501+0000] {logging_mixin.py:190} INFO - [2024-11-04T20:14:14.501+0000] {dag.py:4180} INFO - Setting next_dagrun for example_subdag_operator.section-1 to None, run_after=None
[2024-11-04T20:14:14.503+0000] {logging_mixin.py:190} INFO - [2024-11-04T20:14:14.503+0000] {dag.py:4180} INFO - Setting next_dagrun for example_subdag_operator.section-2 to None, run_after=None
[2024-11-04T20:14:14.511+0000] {logging_mixin.py:190} INFO - [2024-11-04T20:14:14.511+0000] {dag.py:3239} INFO - Sync 2 DAGs
[2024-11-04T20:14:14.519+0000] {logging_mixin.py:190} INFO - [2024-11-04T20:14:14.518+0000] {dag.py:4180} INFO - Setting next_dagrun for example_subdag_operator.section-1 to None, run_after=None
[2024-11-04T20:14:14.520+0000] {logging_mixin.py:190} INFO - [2024-11-04T20:14:14.520+0000] {dag.py:4180} INFO - Setting next_dagrun for example_subdag_operator.section-2 to None, run_after=None
[2024-11-04T20:14:14.537+0000] {processor.py:208} INFO - Processing /home/airflow/.local/lib/python3.12/site-packages/airflow/example_dags/example_subdag_operator.py took 0.108 seconds
[2024-11-04T20:14:44.861+0000] {processor.py:186} INFO - Started process (PID=824) to work on /home/airflow/.local/lib/python3.12/site-packages/airflow/example_dags/example_subdag_operator.py
[2024-11-04T20:14:44.862+0000] {processor.py:914} INFO - Processing file /home/airflow/.local/lib/python3.12/site-packages/airflow/example_dags/example_subdag_operator.py for tasks to queue
[2024-11-04T20:14:44.865+0000] {logging_mixin.py:190} INFO - [2024-11-04T20:14:44.864+0000] {dagbag.py:588} INFO - Filling up the DagBag from /home/airflow/.local/lib/python3.12/site-packages/airflow/example_dags/example_subdag_operator.py
[2024-11-04T20:14:44.890+0000] {processor.py:925} INFO - DAG(s) 'example_subdag_operator.section-1', 'example_subdag_operator.section-2', 'example_subdag_operator' retrieved from /home/airflow/.local/lib/python3.12/site-packages/airflow/example_dags/example_subdag_operator.py
[2024-11-04T20:14:44.906+0000] {logging_mixin.py:190} INFO - [2024-11-04T20:14:44.905+0000] {dag.py:3239} INFO - Sync 3 DAGs
[2024-11-04T20:14:44.929+0000] {logging_mixin.py:190} INFO - [2024-11-04T20:14:44.929+0000] {dag.py:4180} INFO - Setting next_dagrun for example_subdag_operator to 2022-01-01 00:00:00+00:00, run_after=2022-01-01 00:00:00+00:00
[2024-11-04T20:14:44.933+0000] {logging_mixin.py:190} INFO - [2024-11-04T20:14:44.933+0000] {dag.py:4180} INFO - Setting next_dagrun for example_subdag_operator.section-1 to None, run_after=None
[2024-11-04T20:14:44.935+0000] {logging_mixin.py:190} INFO - [2024-11-04T20:14:44.935+0000] {dag.py:4180} INFO - Setting next_dagrun for example_subdag_operator.section-2 to None, run_after=None
[2024-11-04T20:14:44.942+0000] {logging_mixin.py:190} INFO - [2024-11-04T20:14:44.942+0000] {dag.py:3239} INFO - Sync 2 DAGs
[2024-11-04T20:14:44.948+0000] {logging_mixin.py:190} INFO - [2024-11-04T20:14:44.947+0000] {dag.py:4180} INFO - Setting next_dagrun for example_subdag_operator.section-1 to None, run_after=None
[2024-11-04T20:14:44.949+0000] {logging_mixin.py:190} INFO - [2024-11-04T20:14:44.948+0000] {dag.py:4180} INFO - Setting next_dagrun for example_subdag_operator.section-2 to None, run_after=None
[2024-11-04T20:14:44.958+0000] {processor.py:208} INFO - Processing /home/airflow/.local/lib/python3.12/site-packages/airflow/example_dags/example_subdag_operator.py took 0.102 seconds
[2024-11-04T20:15:15.838+0000] {processor.py:186} INFO - Started process (PID=888) to work on /home/airflow/.local/lib/python3.12/site-packages/airflow/example_dags/example_subdag_operator.py
[2024-11-04T20:15:15.839+0000] {processor.py:914} INFO - Processing file /home/airflow/.local/lib/python3.12/site-packages/airflow/example_dags/example_subdag_operator.py for tasks to queue
[2024-11-04T20:15:15.842+0000] {logging_mixin.py:190} INFO - [2024-11-04T20:15:15.842+0000] {dagbag.py:588} INFO - Filling up the DagBag from /home/airflow/.local/lib/python3.12/site-packages/airflow/example_dags/example_subdag_operator.py
[2024-11-04T20:15:15.866+0000] {processor.py:925} INFO - DAG(s) 'example_subdag_operator.section-1', 'example_subdag_operator.section-2', 'example_subdag_operator' retrieved from /home/airflow/.local/lib/python3.12/site-packages/airflow/example_dags/example_subdag_operator.py
[2024-11-04T20:15:15.883+0000] {logging_mixin.py:190} INFO - [2024-11-04T20:15:15.882+0000] {dag.py:3239} INFO - Sync 3 DAGs
[2024-11-04T20:15:15.905+0000] {logging_mixin.py:190} INFO - [2024-11-04T20:15:15.905+0000] {dag.py:4180} INFO - Setting next_dagrun for example_subdag_operator to 2022-01-01 00:00:00+00:00, run_after=2022-01-01 00:00:00+00:00
[2024-11-04T20:15:15.909+0000] {logging_mixin.py:190} INFO - [2024-11-04T20:15:15.909+0000] {dag.py:4180} INFO - Setting next_dagrun for example_subdag_operator.section-1 to None, run_after=None
[2024-11-04T20:15:15.911+0000] {logging_mixin.py:190} INFO - [2024-11-04T20:15:15.911+0000] {dag.py:4180} INFO - Setting next_dagrun for example_subdag_operator.section-2 to None, run_after=None
[2024-11-04T20:15:15.918+0000] {logging_mixin.py:190} INFO - [2024-11-04T20:15:15.918+0000] {dag.py:3239} INFO - Sync 2 DAGs
[2024-11-04T20:15:15.925+0000] {logging_mixin.py:190} INFO - [2024-11-04T20:15:15.925+0000] {dag.py:4180} INFO - Setting next_dagrun for example_subdag_operator.section-1 to None, run_after=None
[2024-11-04T20:15:15.926+0000] {logging_mixin.py:190} INFO - [2024-11-04T20:15:15.926+0000] {dag.py:4180} INFO - Setting next_dagrun for example_subdag_operator.section-2 to None, run_after=None
[2024-11-04T20:15:15.951+0000] {processor.py:208} INFO - Processing /home/airflow/.local/lib/python3.12/site-packages/airflow/example_dags/example_subdag_operator.py took 0.118 seconds
[2024-11-04T20:15:46.052+0000] {processor.py:186} INFO - Started process (PID=953) to work on /home/airflow/.local/lib/python3.12/site-packages/airflow/example_dags/example_subdag_operator.py
[2024-11-04T20:15:46.053+0000] {processor.py:914} INFO - Processing file /home/airflow/.local/lib/python3.12/site-packages/airflow/example_dags/example_subdag_operator.py for tasks to queue
[2024-11-04T20:15:46.055+0000] {logging_mixin.py:190} INFO - [2024-11-04T20:15:46.055+0000] {dagbag.py:588} INFO - Filling up the DagBag from /home/airflow/.local/lib/python3.12/site-packages/airflow/example_dags/example_subdag_operator.py
[2024-11-04T20:15:46.080+0000] {processor.py:925} INFO - DAG(s) 'example_subdag_operator.section-1', 'example_subdag_operator.section-2', 'example_subdag_operator' retrieved from /home/airflow/.local/lib/python3.12/site-packages/airflow/example_dags/example_subdag_operator.py
[2024-11-04T20:15:46.095+0000] {logging_mixin.py:190} INFO - [2024-11-04T20:15:46.094+0000] {dag.py:3239} INFO - Sync 3 DAGs
[2024-11-04T20:15:46.116+0000] {logging_mixin.py:190} INFO - [2024-11-04T20:15:46.116+0000] {dag.py:4180} INFO - Setting next_dagrun for example_subdag_operator to 2022-01-01 00:00:00+00:00, run_after=2022-01-01 00:00:00+00:00
[2024-11-04T20:15:46.121+0000] {logging_mixin.py:190} INFO - [2024-11-04T20:15:46.121+0000] {dag.py:4180} INFO - Setting next_dagrun for example_subdag_operator.section-1 to None, run_after=None
[2024-11-04T20:15:46.123+0000] {logging_mixin.py:190} INFO - [2024-11-04T20:15:46.123+0000] {dag.py:4180} INFO - Setting next_dagrun for example_subdag_operator.section-2 to None, run_after=None
[2024-11-04T20:15:46.130+0000] {logging_mixin.py:190} INFO - [2024-11-04T20:15:46.130+0000] {dag.py:3239} INFO - Sync 2 DAGs
[2024-11-04T20:15:46.135+0000] {logging_mixin.py:190} INFO - [2024-11-04T20:15:46.134+0000] {dag.py:4180} INFO - Setting next_dagrun for example_subdag_operator.section-1 to None, run_after=None
[2024-11-04T20:15:46.135+0000] {logging_mixin.py:190} INFO - [2024-11-04T20:15:46.135+0000] {dag.py:4180} INFO - Setting next_dagrun for example_subdag_operator.section-2 to None, run_after=None
[2024-11-04T20:15:46.147+0000] {processor.py:208} INFO - Processing /home/airflow/.local/lib/python3.12/site-packages/airflow/example_dags/example_subdag_operator.py took 0.101 seconds
[2024-11-04T20:17:07.486+0000] {processor.py:186} INFO - Started process (PID=84) to work on /home/airflow/.local/lib/python3.12/site-packages/airflow/example_dags/example_subdag_operator.py
[2024-11-04T20:17:07.487+0000] {processor.py:914} INFO - Processing file /home/airflow/.local/lib/python3.12/site-packages/airflow/example_dags/example_subdag_operator.py for tasks to queue
[2024-11-04T20:17:07.490+0000] {logging_mixin.py:190} INFO - [2024-11-04T20:17:07.489+0000] {dagbag.py:588} INFO - Filling up the DagBag from /home/airflow/.local/lib/python3.12/site-packages/airflow/example_dags/example_subdag_operator.py
[2024-11-04T20:17:07.518+0000] {processor.py:925} INFO - DAG(s) 'example_subdag_operator.section-1', 'example_subdag_operator.section-2', 'example_subdag_operator' retrieved from /home/airflow/.local/lib/python3.12/site-packages/airflow/example_dags/example_subdag_operator.py
[2024-11-04T20:17:07.533+0000] {logging_mixin.py:190} INFO - [2024-11-04T20:17:07.533+0000] {dag.py:3239} INFO - Sync 3 DAGs
[2024-11-04T20:17:07.563+0000] {logging_mixin.py:190} INFO - [2024-11-04T20:17:07.562+0000] {dag.py:4180} INFO - Setting next_dagrun for example_subdag_operator to 2022-01-01 00:00:00+00:00, run_after=2022-01-01 00:00:00+00:00
[2024-11-04T20:17:07.568+0000] {logging_mixin.py:190} INFO - [2024-11-04T20:17:07.568+0000] {dag.py:4180} INFO - Setting next_dagrun for example_subdag_operator.section-1 to None, run_after=None
[2024-11-04T20:17:07.572+0000] {logging_mixin.py:190} INFO - [2024-11-04T20:17:07.571+0000] {dag.py:4180} INFO - Setting next_dagrun for example_subdag_operator.section-2 to None, run_after=None
[2024-11-04T20:17:07.587+0000] {logging_mixin.py:190} INFO - [2024-11-04T20:17:07.587+0000] {dag.py:3239} INFO - Sync 2 DAGs
[2024-11-04T20:17:07.597+0000] {logging_mixin.py:190} INFO - [2024-11-04T20:17:07.596+0000] {dag.py:4180} INFO - Setting next_dagrun for example_subdag_operator.section-1 to None, run_after=None
[2024-11-04T20:17:07.598+0000] {logging_mixin.py:190} INFO - [2024-11-04T20:17:07.598+0000] {dag.py:4180} INFO - Setting next_dagrun for example_subdag_operator.section-2 to None, run_after=None
[2024-11-04T20:17:07.614+0000] {processor.py:208} INFO - Processing /home/airflow/.local/lib/python3.12/site-packages/airflow/example_dags/example_subdag_operator.py took 0.139 seconds
[2024-11-04T20:17:37.851+0000] {processor.py:186} INFO - Started process (PID=150) to work on /home/airflow/.local/lib/python3.12/site-packages/airflow/example_dags/example_subdag_operator.py
[2024-11-04T20:17:37.852+0000] {processor.py:914} INFO - Processing file /home/airflow/.local/lib/python3.12/site-packages/airflow/example_dags/example_subdag_operator.py for tasks to queue
[2024-11-04T20:17:37.855+0000] {logging_mixin.py:190} INFO - [2024-11-04T20:17:37.854+0000] {dagbag.py:588} INFO - Filling up the DagBag from /home/airflow/.local/lib/python3.12/site-packages/airflow/example_dags/example_subdag_operator.py
[2024-11-04T20:17:37.879+0000] {processor.py:925} INFO - DAG(s) 'example_subdag_operator.section-1', 'example_subdag_operator.section-2', 'example_subdag_operator' retrieved from /home/airflow/.local/lib/python3.12/site-packages/airflow/example_dags/example_subdag_operator.py
[2024-11-04T20:17:37.892+0000] {logging_mixin.py:190} INFO - [2024-11-04T20:17:37.892+0000] {dag.py:3239} INFO - Sync 3 DAGs
[2024-11-04T20:17:37.915+0000] {logging_mixin.py:190} INFO - [2024-11-04T20:17:37.915+0000] {dag.py:4180} INFO - Setting next_dagrun for example_subdag_operator to 2022-01-01 00:00:00+00:00, run_after=2022-01-01 00:00:00+00:00
[2024-11-04T20:17:37.919+0000] {logging_mixin.py:190} INFO - [2024-11-04T20:17:37.919+0000] {dag.py:4180} INFO - Setting next_dagrun for example_subdag_operator.section-1 to None, run_after=None
[2024-11-04T20:17:37.921+0000] {logging_mixin.py:190} INFO - [2024-11-04T20:17:37.920+0000] {dag.py:4180} INFO - Setting next_dagrun for example_subdag_operator.section-2 to None, run_after=None
[2024-11-04T20:17:37.928+0000] {logging_mixin.py:190} INFO - [2024-11-04T20:17:37.928+0000] {dag.py:3239} INFO - Sync 2 DAGs
[2024-11-04T20:17:37.934+0000] {logging_mixin.py:190} INFO - [2024-11-04T20:17:37.934+0000] {dag.py:4180} INFO - Setting next_dagrun for example_subdag_operator.section-1 to None, run_after=None
[2024-11-04T20:17:37.935+0000] {logging_mixin.py:190} INFO - [2024-11-04T20:17:37.935+0000] {dag.py:4180} INFO - Setting next_dagrun for example_subdag_operator.section-2 to None, run_after=None
[2024-11-04T20:17:37.947+0000] {processor.py:208} INFO - Processing /home/airflow/.local/lib/python3.12/site-packages/airflow/example_dags/example_subdag_operator.py took 0.101 seconds
[2024-11-04T20:18:08.852+0000] {processor.py:186} INFO - Started process (PID=222) to work on /home/airflow/.local/lib/python3.12/site-packages/airflow/example_dags/example_subdag_operator.py
[2024-11-04T20:18:08.853+0000] {processor.py:914} INFO - Processing file /home/airflow/.local/lib/python3.12/site-packages/airflow/example_dags/example_subdag_operator.py for tasks to queue
[2024-11-04T20:18:08.855+0000] {logging_mixin.py:190} INFO - [2024-11-04T20:18:08.855+0000] {dagbag.py:588} INFO - Filling up the DagBag from /home/airflow/.local/lib/python3.12/site-packages/airflow/example_dags/example_subdag_operator.py
[2024-11-04T20:18:08.882+0000] {processor.py:925} INFO - DAG(s) 'example_subdag_operator.section-1', 'example_subdag_operator.section-2', 'example_subdag_operator' retrieved from /home/airflow/.local/lib/python3.12/site-packages/airflow/example_dags/example_subdag_operator.py
[2024-11-04T20:18:08.897+0000] {logging_mixin.py:190} INFO - [2024-11-04T20:18:08.896+0000] {dag.py:3239} INFO - Sync 3 DAGs
[2024-11-04T20:18:08.918+0000] {logging_mixin.py:190} INFO - [2024-11-04T20:18:08.918+0000] {dag.py:4180} INFO - Setting next_dagrun for example_subdag_operator to 2022-01-01 00:00:00+00:00, run_after=2022-01-01 00:00:00+00:00
[2024-11-04T20:18:08.922+0000] {logging_mixin.py:190} INFO - [2024-11-04T20:18:08.922+0000] {dag.py:4180} INFO - Setting next_dagrun for example_subdag_operator.section-1 to None, run_after=None
[2024-11-04T20:18:08.924+0000] {logging_mixin.py:190} INFO - [2024-11-04T20:18:08.923+0000] {dag.py:4180} INFO - Setting next_dagrun for example_subdag_operator.section-2 to None, run_after=None
[2024-11-04T20:18:08.931+0000] {logging_mixin.py:190} INFO - [2024-11-04T20:18:08.931+0000] {dag.py:3239} INFO - Sync 2 DAGs
[2024-11-04T20:18:08.937+0000] {logging_mixin.py:190} INFO - [2024-11-04T20:18:08.937+0000] {dag.py:4180} INFO - Setting next_dagrun for example_subdag_operator.section-1 to None, run_after=None
[2024-11-04T20:18:08.938+0000] {logging_mixin.py:190} INFO - [2024-11-04T20:18:08.938+0000] {dag.py:4180} INFO - Setting next_dagrun for example_subdag_operator.section-2 to None, run_after=None
[2024-11-04T20:18:08.950+0000] {processor.py:208} INFO - Processing /home/airflow/.local/lib/python3.12/site-packages/airflow/example_dags/example_subdag_operator.py took 0.104 seconds
[2024-11-04T20:18:39.692+0000] {processor.py:186} INFO - Started process (PID=288) to work on /home/airflow/.local/lib/python3.12/site-packages/airflow/example_dags/example_subdag_operator.py
[2024-11-04T20:18:39.693+0000] {processor.py:914} INFO - Processing file /home/airflow/.local/lib/python3.12/site-packages/airflow/example_dags/example_subdag_operator.py for tasks to queue
[2024-11-04T20:18:39.696+0000] {logging_mixin.py:190} INFO - [2024-11-04T20:18:39.695+0000] {dagbag.py:588} INFO - Filling up the DagBag from /home/airflow/.local/lib/python3.12/site-packages/airflow/example_dags/example_subdag_operator.py
[2024-11-04T20:18:39.721+0000] {processor.py:925} INFO - DAG(s) 'example_subdag_operator.section-1', 'example_subdag_operator.section-2', 'example_subdag_operator' retrieved from /home/airflow/.local/lib/python3.12/site-packages/airflow/example_dags/example_subdag_operator.py
[2024-11-04T20:18:39.734+0000] {logging_mixin.py:190} INFO - [2024-11-04T20:18:39.734+0000] {dag.py:3239} INFO - Sync 3 DAGs
[2024-11-04T20:18:39.756+0000] {logging_mixin.py:190} INFO - [2024-11-04T20:18:39.756+0000] {dag.py:4180} INFO - Setting next_dagrun for example_subdag_operator to 2022-01-01 00:00:00+00:00, run_after=2022-01-01 00:00:00+00:00
[2024-11-04T20:18:39.761+0000] {logging_mixin.py:190} INFO - [2024-11-04T20:18:39.761+0000] {dag.py:4180} INFO - Setting next_dagrun for example_subdag_operator.section-1 to None, run_after=None
[2024-11-04T20:18:39.764+0000] {logging_mixin.py:190} INFO - [2024-11-04T20:18:39.763+0000] {dag.py:4180} INFO - Setting next_dagrun for example_subdag_operator.section-2 to None, run_after=None
[2024-11-04T20:18:39.773+0000] {logging_mixin.py:190} INFO - [2024-11-04T20:18:39.773+0000] {dag.py:3239} INFO - Sync 2 DAGs
[2024-11-04T20:18:39.782+0000] {logging_mixin.py:190} INFO - [2024-11-04T20:18:39.781+0000] {dag.py:4180} INFO - Setting next_dagrun for example_subdag_operator.section-1 to None, run_after=None
[2024-11-04T20:18:39.783+0000] {logging_mixin.py:190} INFO - [2024-11-04T20:18:39.783+0000] {dag.py:4180} INFO - Setting next_dagrun for example_subdag_operator.section-2 to None, run_after=None
[2024-11-04T20:18:39.817+0000] {processor.py:208} INFO - Processing /home/airflow/.local/lib/python3.12/site-packages/airflow/example_dags/example_subdag_operator.py took 0.129 seconds
[2024-11-04T20:19:11.051+0000] {processor.py:186} INFO - Started process (PID=355) to work on /home/airflow/.local/lib/python3.12/site-packages/airflow/example_dags/example_subdag_operator.py
[2024-11-04T20:19:11.052+0000] {processor.py:914} INFO - Processing file /home/airflow/.local/lib/python3.12/site-packages/airflow/example_dags/example_subdag_operator.py for tasks to queue
[2024-11-04T20:19:11.057+0000] {logging_mixin.py:190} INFO - [2024-11-04T20:19:11.056+0000] {dagbag.py:588} INFO - Filling up the DagBag from /home/airflow/.local/lib/python3.12/site-packages/airflow/example_dags/example_subdag_operator.py
[2024-11-04T20:19:11.095+0000] {processor.py:925} INFO - DAG(s) 'example_subdag_operator.section-1', 'example_subdag_operator.section-2', 'example_subdag_operator' retrieved from /home/airflow/.local/lib/python3.12/site-packages/airflow/example_dags/example_subdag_operator.py
[2024-11-04T20:19:11.114+0000] {logging_mixin.py:190} INFO - [2024-11-04T20:19:11.113+0000] {dag.py:3239} INFO - Sync 3 DAGs
[2024-11-04T20:19:11.137+0000] {logging_mixin.py:190} INFO - [2024-11-04T20:19:11.137+0000] {dag.py:4180} INFO - Setting next_dagrun for example_subdag_operator to 2022-01-01 00:00:00+00:00, run_after=2022-01-01 00:00:00+00:00
[2024-11-04T20:19:11.141+0000] {logging_mixin.py:190} INFO - [2024-11-04T20:19:11.141+0000] {dag.py:4180} INFO - Setting next_dagrun for example_subdag_operator.section-1 to None, run_after=None
[2024-11-04T20:19:11.144+0000] {logging_mixin.py:190} INFO - [2024-11-04T20:19:11.143+0000] {dag.py:4180} INFO - Setting next_dagrun for example_subdag_operator.section-2 to None, run_after=None
[2024-11-04T20:19:11.152+0000] {logging_mixin.py:190} INFO - [2024-11-04T20:19:11.152+0000] {dag.py:3239} INFO - Sync 2 DAGs
[2024-11-04T20:19:11.160+0000] {logging_mixin.py:190} INFO - [2024-11-04T20:19:11.160+0000] {dag.py:4180} INFO - Setting next_dagrun for example_subdag_operator.section-1 to None, run_after=None
[2024-11-04T20:19:11.161+0000] {logging_mixin.py:190} INFO - [2024-11-04T20:19:11.161+0000] {dag.py:4180} INFO - Setting next_dagrun for example_subdag_operator.section-2 to None, run_after=None
[2024-11-04T20:19:11.174+0000] {processor.py:208} INFO - Processing /home/airflow/.local/lib/python3.12/site-packages/airflow/example_dags/example_subdag_operator.py took 0.130 seconds
[2024-11-04T20:19:41.611+0000] {processor.py:186} INFO - Started process (PID=421) to work on /home/airflow/.local/lib/python3.12/site-packages/airflow/example_dags/example_subdag_operator.py
[2024-11-04T20:19:41.612+0000] {processor.py:914} INFO - Processing file /home/airflow/.local/lib/python3.12/site-packages/airflow/example_dags/example_subdag_operator.py for tasks to queue
[2024-11-04T20:19:41.615+0000] {logging_mixin.py:190} INFO - [2024-11-04T20:19:41.615+0000] {dagbag.py:588} INFO - Filling up the DagBag from /home/airflow/.local/lib/python3.12/site-packages/airflow/example_dags/example_subdag_operator.py
[2024-11-04T20:19:41.638+0000] {processor.py:925} INFO - DAG(s) 'example_subdag_operator.section-1', 'example_subdag_operator.section-2', 'example_subdag_operator' retrieved from /home/airflow/.local/lib/python3.12/site-packages/airflow/example_dags/example_subdag_operator.py
[2024-11-04T20:19:41.651+0000] {logging_mixin.py:190} INFO - [2024-11-04T20:19:41.651+0000] {dag.py:3239} INFO - Sync 3 DAGs
[2024-11-04T20:19:41.675+0000] {logging_mixin.py:190} INFO - [2024-11-04T20:19:41.675+0000] {dag.py:4180} INFO - Setting next_dagrun for example_subdag_operator to 2022-01-01 00:00:00+00:00, run_after=2022-01-01 00:00:00+00:00
[2024-11-04T20:19:41.680+0000] {logging_mixin.py:190} INFO - [2024-11-04T20:19:41.679+0000] {dag.py:4180} INFO - Setting next_dagrun for example_subdag_operator.section-1 to None, run_after=None
[2024-11-04T20:19:41.681+0000] {logging_mixin.py:190} INFO - [2024-11-04T20:19:41.681+0000] {dag.py:4180} INFO - Setting next_dagrun for example_subdag_operator.section-2 to None, run_after=None
[2024-11-04T20:19:41.689+0000] {logging_mixin.py:190} INFO - [2024-11-04T20:19:41.689+0000] {dag.py:3239} INFO - Sync 2 DAGs
[2024-11-04T20:19:41.696+0000] {logging_mixin.py:190} INFO - [2024-11-04T20:19:41.696+0000] {dag.py:4180} INFO - Setting next_dagrun for example_subdag_operator.section-1 to None, run_after=None
[2024-11-04T20:19:41.697+0000] {logging_mixin.py:190} INFO - [2024-11-04T20:19:41.697+0000] {dag.py:4180} INFO - Setting next_dagrun for example_subdag_operator.section-2 to None, run_after=None
[2024-11-04T20:19:41.707+0000] {processor.py:208} INFO - Processing /home/airflow/.local/lib/python3.12/site-packages/airflow/example_dags/example_subdag_operator.py took 0.101 seconds
[2024-11-04T20:20:12.365+0000] {processor.py:186} INFO - Started process (PID=487) to work on /home/airflow/.local/lib/python3.12/site-packages/airflow/example_dags/example_subdag_operator.py
[2024-11-04T20:20:12.366+0000] {processor.py:914} INFO - Processing file /home/airflow/.local/lib/python3.12/site-packages/airflow/example_dags/example_subdag_operator.py for tasks to queue
[2024-11-04T20:20:12.368+0000] {logging_mixin.py:190} INFO - [2024-11-04T20:20:12.368+0000] {dagbag.py:588} INFO - Filling up the DagBag from /home/airflow/.local/lib/python3.12/site-packages/airflow/example_dags/example_subdag_operator.py
[2024-11-04T20:20:12.393+0000] {processor.py:925} INFO - DAG(s) 'example_subdag_operator.section-1', 'example_subdag_operator.section-2', 'example_subdag_operator' retrieved from /home/airflow/.local/lib/python3.12/site-packages/airflow/example_dags/example_subdag_operator.py
[2024-11-04T20:20:12.409+0000] {logging_mixin.py:190} INFO - [2024-11-04T20:20:12.408+0000] {dag.py:3239} INFO - Sync 3 DAGs
[2024-11-04T20:20:12.427+0000] {logging_mixin.py:190} INFO - [2024-11-04T20:20:12.427+0000] {dag.py:4180} INFO - Setting next_dagrun for example_subdag_operator to 2022-01-01 00:00:00+00:00, run_after=2022-01-01 00:00:00+00:00
[2024-11-04T20:20:12.431+0000] {logging_mixin.py:190} INFO - [2024-11-04T20:20:12.431+0000] {dag.py:4180} INFO - Setting next_dagrun for example_subdag_operator.section-1 to None, run_after=None
[2024-11-04T20:20:12.432+0000] {logging_mixin.py:190} INFO - [2024-11-04T20:20:12.432+0000] {dag.py:4180} INFO - Setting next_dagrun for example_subdag_operator.section-2 to None, run_after=None
[2024-11-04T20:20:12.441+0000] {logging_mixin.py:190} INFO - [2024-11-04T20:20:12.440+0000] {dag.py:3239} INFO - Sync 2 DAGs
[2024-11-04T20:20:12.447+0000] {logging_mixin.py:190} INFO - [2024-11-04T20:20:12.447+0000] {dag.py:4180} INFO - Setting next_dagrun for example_subdag_operator.section-1 to None, run_after=None
[2024-11-04T20:20:12.448+0000] {logging_mixin.py:190} INFO - [2024-11-04T20:20:12.448+0000] {dag.py:4180} INFO - Setting next_dagrun for example_subdag_operator.section-2 to None, run_after=None
[2024-11-04T20:20:12.458+0000] {processor.py:208} INFO - Processing /home/airflow/.local/lib/python3.12/site-packages/airflow/example_dags/example_subdag_operator.py took 0.098 seconds
[2024-11-04T20:20:43.079+0000] {processor.py:186} INFO - Started process (PID=554) to work on /home/airflow/.local/lib/python3.12/site-packages/airflow/example_dags/example_subdag_operator.py
[2024-11-04T20:20:43.080+0000] {processor.py:914} INFO - Processing file /home/airflow/.local/lib/python3.12/site-packages/airflow/example_dags/example_subdag_operator.py for tasks to queue
[2024-11-04T20:20:43.083+0000] {logging_mixin.py:190} INFO - [2024-11-04T20:20:43.083+0000] {dagbag.py:588} INFO - Filling up the DagBag from /home/airflow/.local/lib/python3.12/site-packages/airflow/example_dags/example_subdag_operator.py
[2024-11-04T20:20:43.105+0000] {processor.py:925} INFO - DAG(s) 'example_subdag_operator.section-1', 'example_subdag_operator.section-2', 'example_subdag_operator' retrieved from /home/airflow/.local/lib/python3.12/site-packages/airflow/example_dags/example_subdag_operator.py
[2024-11-04T20:20:43.120+0000] {logging_mixin.py:190} INFO - [2024-11-04T20:20:43.120+0000] {dag.py:3239} INFO - Sync 3 DAGs
[2024-11-04T20:20:43.141+0000] {logging_mixin.py:190} INFO - [2024-11-04T20:20:43.141+0000] {dag.py:4180} INFO - Setting next_dagrun for example_subdag_operator to 2022-01-01 00:00:00+00:00, run_after=2022-01-01 00:00:00+00:00
[2024-11-04T20:20:43.144+0000] {logging_mixin.py:190} INFO - [2024-11-04T20:20:43.144+0000] {dag.py:4180} INFO - Setting next_dagrun for example_subdag_operator.section-1 to None, run_after=None
[2024-11-04T20:20:43.146+0000] {logging_mixin.py:190} INFO - [2024-11-04T20:20:43.146+0000] {dag.py:4180} INFO - Setting next_dagrun for example_subdag_operator.section-2 to None, run_after=None
[2024-11-04T20:20:43.153+0000] {logging_mixin.py:190} INFO - [2024-11-04T20:20:43.153+0000] {dag.py:3239} INFO - Sync 2 DAGs
[2024-11-04T20:20:43.159+0000] {logging_mixin.py:190} INFO - [2024-11-04T20:20:43.159+0000] {dag.py:4180} INFO - Setting next_dagrun for example_subdag_operator.section-1 to None, run_after=None
[2024-11-04T20:20:43.160+0000] {logging_mixin.py:190} INFO - [2024-11-04T20:20:43.160+0000] {dag.py:4180} INFO - Setting next_dagrun for example_subdag_operator.section-2 to None, run_after=None
[2024-11-04T20:20:43.171+0000] {processor.py:208} INFO - Processing /home/airflow/.local/lib/python3.12/site-packages/airflow/example_dags/example_subdag_operator.py took 0.098 seconds
[2024-11-04T20:21:13.548+0000] {processor.py:186} INFO - Started process (PID=620) to work on /home/airflow/.local/lib/python3.12/site-packages/airflow/example_dags/example_subdag_operator.py
[2024-11-04T20:21:13.550+0000] {processor.py:914} INFO - Processing file /home/airflow/.local/lib/python3.12/site-packages/airflow/example_dags/example_subdag_operator.py for tasks to queue
[2024-11-04T20:21:13.554+0000] {logging_mixin.py:190} INFO - [2024-11-04T20:21:13.554+0000] {dagbag.py:588} INFO - Filling up the DagBag from /home/airflow/.local/lib/python3.12/site-packages/airflow/example_dags/example_subdag_operator.py
[2024-11-04T20:21:13.589+0000] {processor.py:925} INFO - DAG(s) 'example_subdag_operator.section-1', 'example_subdag_operator.section-2', 'example_subdag_operator' retrieved from /home/airflow/.local/lib/python3.12/site-packages/airflow/example_dags/example_subdag_operator.py
[2024-11-04T20:21:13.603+0000] {logging_mixin.py:190} INFO - [2024-11-04T20:21:13.603+0000] {dag.py:3239} INFO - Sync 3 DAGs
[2024-11-04T20:21:13.625+0000] {logging_mixin.py:190} INFO - [2024-11-04T20:21:13.624+0000] {dag.py:4180} INFO - Setting next_dagrun for example_subdag_operator to 2022-01-01 00:00:00+00:00, run_after=2022-01-01 00:00:00+00:00
[2024-11-04T20:21:13.628+0000] {logging_mixin.py:190} INFO - [2024-11-04T20:21:13.628+0000] {dag.py:4180} INFO - Setting next_dagrun for example_subdag_operator.section-1 to None, run_after=None
[2024-11-04T20:21:13.630+0000] {logging_mixin.py:190} INFO - [2024-11-04T20:21:13.630+0000] {dag.py:4180} INFO - Setting next_dagrun for example_subdag_operator.section-2 to None, run_after=None
[2024-11-04T20:21:13.640+0000] {logging_mixin.py:190} INFO - [2024-11-04T20:21:13.639+0000] {dag.py:3239} INFO - Sync 2 DAGs
[2024-11-04T20:21:13.647+0000] {logging_mixin.py:190} INFO - [2024-11-04T20:21:13.646+0000] {dag.py:4180} INFO - Setting next_dagrun for example_subdag_operator.section-1 to None, run_after=None
[2024-11-04T20:21:13.648+0000] {logging_mixin.py:190} INFO - [2024-11-04T20:21:13.648+0000] {dag.py:4180} INFO - Setting next_dagrun for example_subdag_operator.section-2 to None, run_after=None
[2024-11-04T20:21:13.661+0000] {processor.py:208} INFO - Processing /home/airflow/.local/lib/python3.12/site-packages/airflow/example_dags/example_subdag_operator.py took 0.121 seconds
[2024-11-04T20:21:43.874+0000] {processor.py:186} INFO - Started process (PID=686) to work on /home/airflow/.local/lib/python3.12/site-packages/airflow/example_dags/example_subdag_operator.py
[2024-11-04T20:21:43.875+0000] {processor.py:914} INFO - Processing file /home/airflow/.local/lib/python3.12/site-packages/airflow/example_dags/example_subdag_operator.py for tasks to queue
[2024-11-04T20:21:43.878+0000] {logging_mixin.py:190} INFO - [2024-11-04T20:21:43.877+0000] {dagbag.py:588} INFO - Filling up the DagBag from /home/airflow/.local/lib/python3.12/site-packages/airflow/example_dags/example_subdag_operator.py
[2024-11-04T20:21:43.901+0000] {processor.py:925} INFO - DAG(s) 'example_subdag_operator.section-1', 'example_subdag_operator.section-2', 'example_subdag_operator' retrieved from /home/airflow/.local/lib/python3.12/site-packages/airflow/example_dags/example_subdag_operator.py
[2024-11-04T20:21:43.914+0000] {logging_mixin.py:190} INFO - [2024-11-04T20:21:43.914+0000] {dag.py:3239} INFO - Sync 3 DAGs
[2024-11-04T20:21:43.932+0000] {logging_mixin.py:190} INFO - [2024-11-04T20:21:43.931+0000] {dag.py:4180} INFO - Setting next_dagrun for example_subdag_operator to 2022-01-01 00:00:00+00:00, run_after=2022-01-01 00:00:00+00:00
[2024-11-04T20:21:43.936+0000] {logging_mixin.py:190} INFO - [2024-11-04T20:21:43.935+0000] {dag.py:4180} INFO - Setting next_dagrun for example_subdag_operator.section-1 to None, run_after=None
[2024-11-04T20:21:43.937+0000] {logging_mixin.py:190} INFO - [2024-11-04T20:21:43.937+0000] {dag.py:4180} INFO - Setting next_dagrun for example_subdag_operator.section-2 to None, run_after=None
[2024-11-04T20:21:43.944+0000] {logging_mixin.py:190} INFO - [2024-11-04T20:21:43.944+0000] {dag.py:3239} INFO - Sync 2 DAGs
[2024-11-04T20:21:43.950+0000] {logging_mixin.py:190} INFO - [2024-11-04T20:21:43.950+0000] {dag.py:4180} INFO - Setting next_dagrun for example_subdag_operator.section-1 to None, run_after=None
[2024-11-04T20:21:43.951+0000] {logging_mixin.py:190} INFO - [2024-11-04T20:21:43.951+0000] {dag.py:4180} INFO - Setting next_dagrun for example_subdag_operator.section-2 to None, run_after=None
[2024-11-04T20:21:43.963+0000] {processor.py:208} INFO - Processing /home/airflow/.local/lib/python3.12/site-packages/airflow/example_dags/example_subdag_operator.py took 0.094 seconds
[2024-11-04T20:22:14.952+0000] {processor.py:186} INFO - Started process (PID=752) to work on /home/airflow/.local/lib/python3.12/site-packages/airflow/example_dags/example_subdag_operator.py
[2024-11-04T20:22:14.953+0000] {processor.py:914} INFO - Processing file /home/airflow/.local/lib/python3.12/site-packages/airflow/example_dags/example_subdag_operator.py for tasks to queue
[2024-11-04T20:22:14.955+0000] {logging_mixin.py:190} INFO - [2024-11-04T20:22:14.955+0000] {dagbag.py:588} INFO - Filling up the DagBag from /home/airflow/.local/lib/python3.12/site-packages/airflow/example_dags/example_subdag_operator.py
[2024-11-04T20:22:14.981+0000] {processor.py:925} INFO - DAG(s) 'example_subdag_operator.section-1', 'example_subdag_operator.section-2', 'example_subdag_operator' retrieved from /home/airflow/.local/lib/python3.12/site-packages/airflow/example_dags/example_subdag_operator.py
[2024-11-04T20:22:14.996+0000] {logging_mixin.py:190} INFO - [2024-11-04T20:22:14.996+0000] {dag.py:3239} INFO - Sync 3 DAGs
[2024-11-04T20:22:15.015+0000] {logging_mixin.py:190} INFO - [2024-11-04T20:22:15.015+0000] {dag.py:4180} INFO - Setting next_dagrun for example_subdag_operator to 2022-01-01 00:00:00+00:00, run_after=2022-01-01 00:00:00+00:00
[2024-11-04T20:22:15.020+0000] {logging_mixin.py:190} INFO - [2024-11-04T20:22:15.020+0000] {dag.py:4180} INFO - Setting next_dagrun for example_subdag_operator.section-1 to None, run_after=None
[2024-11-04T20:22:15.022+0000] {logging_mixin.py:190} INFO - [2024-11-04T20:22:15.022+0000] {dag.py:4180} INFO - Setting next_dagrun for example_subdag_operator.section-2 to None, run_after=None
[2024-11-04T20:22:15.031+0000] {logging_mixin.py:190} INFO - [2024-11-04T20:22:15.030+0000] {dag.py:3239} INFO - Sync 2 DAGs
[2024-11-04T20:22:15.036+0000] {logging_mixin.py:190} INFO - [2024-11-04T20:22:15.036+0000] {dag.py:4180} INFO - Setting next_dagrun for example_subdag_operator.section-1 to None, run_after=None
[2024-11-04T20:22:15.037+0000] {logging_mixin.py:190} INFO - [2024-11-04T20:22:15.037+0000] {dag.py:4180} INFO - Setting next_dagrun for example_subdag_operator.section-2 to None, run_after=None
[2024-11-04T20:22:15.060+0000] {processor.py:208} INFO - Processing /home/airflow/.local/lib/python3.12/site-packages/airflow/example_dags/example_subdag_operator.py took 0.114 seconds
[2024-11-04T20:22:46.079+0000] {processor.py:186} INFO - Started process (PID=823) to work on /home/airflow/.local/lib/python3.12/site-packages/airflow/example_dags/example_subdag_operator.py
[2024-11-04T20:22:46.081+0000] {processor.py:914} INFO - Processing file /home/airflow/.local/lib/python3.12/site-packages/airflow/example_dags/example_subdag_operator.py for tasks to queue
[2024-11-04T20:22:46.083+0000] {logging_mixin.py:190} INFO - [2024-11-04T20:22:46.083+0000] {dagbag.py:588} INFO - Filling up the DagBag from /home/airflow/.local/lib/python3.12/site-packages/airflow/example_dags/example_subdag_operator.py
[2024-11-04T20:22:46.110+0000] {processor.py:925} INFO - DAG(s) 'example_subdag_operator.section-1', 'example_subdag_operator.section-2', 'example_subdag_operator' retrieved from /home/airflow/.local/lib/python3.12/site-packages/airflow/example_dags/example_subdag_operator.py
[2024-11-04T20:22:46.125+0000] {logging_mixin.py:190} INFO - [2024-11-04T20:22:46.125+0000] {dag.py:3239} INFO - Sync 3 DAGs
[2024-11-04T20:22:46.148+0000] {logging_mixin.py:190} INFO - [2024-11-04T20:22:46.148+0000] {dag.py:4180} INFO - Setting next_dagrun for example_subdag_operator to 2022-01-01 00:00:00+00:00, run_after=2022-01-01 00:00:00+00:00
[2024-11-04T20:22:46.153+0000] {logging_mixin.py:190} INFO - [2024-11-04T20:22:46.152+0000] {dag.py:4180} INFO - Setting next_dagrun for example_subdag_operator.section-1 to None, run_after=None
[2024-11-04T20:22:46.154+0000] {logging_mixin.py:190} INFO - [2024-11-04T20:22:46.154+0000] {dag.py:4180} INFO - Setting next_dagrun for example_subdag_operator.section-2 to None, run_after=None
[2024-11-04T20:22:46.161+0000] {logging_mixin.py:190} INFO - [2024-11-04T20:22:46.161+0000] {dag.py:3239} INFO - Sync 2 DAGs
[2024-11-04T20:22:46.167+0000] {logging_mixin.py:190} INFO - [2024-11-04T20:22:46.167+0000] {dag.py:4180} INFO - Setting next_dagrun for example_subdag_operator.section-1 to None, run_after=None
[2024-11-04T20:22:46.168+0000] {logging_mixin.py:190} INFO - [2024-11-04T20:22:46.168+0000] {dag.py:4180} INFO - Setting next_dagrun for example_subdag_operator.section-2 to None, run_after=None
[2024-11-04T20:22:46.180+0000] {processor.py:208} INFO - Processing /home/airflow/.local/lib/python3.12/site-packages/airflow/example_dags/example_subdag_operator.py took 0.106 seconds
[2024-11-04T20:25:43.089+0000] {processor.py:186} INFO - Started process (PID=102) to work on /home/airflow/.local/lib/python3.12/site-packages/airflow/example_dags/example_subdag_operator.py
[2024-11-04T20:25:43.091+0000] {processor.py:914} INFO - Processing file /home/airflow/.local/lib/python3.12/site-packages/airflow/example_dags/example_subdag_operator.py for tasks to queue
[2024-11-04T20:25:43.095+0000] {logging_mixin.py:190} INFO - [2024-11-04T20:25:43.095+0000] {dagbag.py:588} INFO - Filling up the DagBag from /home/airflow/.local/lib/python3.12/site-packages/airflow/example_dags/example_subdag_operator.py
[2024-11-04T20:25:43.151+0000] {processor.py:925} INFO - DAG(s) 'example_subdag_operator.section-1', 'example_subdag_operator.section-2', 'example_subdag_operator' retrieved from /home/airflow/.local/lib/python3.12/site-packages/airflow/example_dags/example_subdag_operator.py
[2024-11-04T20:25:43.180+0000] {logging_mixin.py:190} INFO - [2024-11-04T20:25:43.179+0000] {dag.py:3239} INFO - Sync 3 DAGs
[2024-11-04T20:25:43.216+0000] {logging_mixin.py:190} INFO - [2024-11-04T20:25:43.216+0000] {dag.py:4180} INFO - Setting next_dagrun for example_subdag_operator to 2022-01-01 00:00:00+00:00, run_after=2022-01-01 00:00:00+00:00
[2024-11-04T20:25:43.225+0000] {logging_mixin.py:190} INFO - [2024-11-04T20:25:43.225+0000] {dag.py:4180} INFO - Setting next_dagrun for example_subdag_operator.section-1 to None, run_after=None
[2024-11-04T20:25:43.233+0000] {logging_mixin.py:190} INFO - [2024-11-04T20:25:43.232+0000] {dag.py:4180} INFO - Setting next_dagrun for example_subdag_operator.section-2 to None, run_after=None
[2024-11-04T20:25:43.247+0000] {logging_mixin.py:190} INFO - [2024-11-04T20:25:43.246+0000] {dag.py:3239} INFO - Sync 2 DAGs
[2024-11-04T20:25:43.257+0000] {logging_mixin.py:190} INFO - [2024-11-04T20:25:43.257+0000] {dag.py:4180} INFO - Setting next_dagrun for example_subdag_operator.section-1 to None, run_after=None
[2024-11-04T20:25:43.259+0000] {logging_mixin.py:190} INFO - [2024-11-04T20:25:43.258+0000] {dag.py:4180} INFO - Setting next_dagrun for example_subdag_operator.section-2 to None, run_after=None
[2024-11-04T20:25:43.282+0000] {processor.py:208} INFO - Processing /home/airflow/.local/lib/python3.12/site-packages/airflow/example_dags/example_subdag_operator.py took 0.201 seconds
[2024-11-04T20:26:13.589+0000] {processor.py:186} INFO - Started process (PID=169) to work on /home/airflow/.local/lib/python3.12/site-packages/airflow/example_dags/example_subdag_operator.py
[2024-11-04T20:26:13.591+0000] {processor.py:914} INFO - Processing file /home/airflow/.local/lib/python3.12/site-packages/airflow/example_dags/example_subdag_operator.py for tasks to queue
[2024-11-04T20:26:13.594+0000] {logging_mixin.py:190} INFO - [2024-11-04T20:26:13.593+0000] {dagbag.py:588} INFO - Filling up the DagBag from /home/airflow/.local/lib/python3.12/site-packages/airflow/example_dags/example_subdag_operator.py
[2024-11-04T20:26:13.632+0000] {processor.py:925} INFO - DAG(s) 'example_subdag_operator.section-1', 'example_subdag_operator.section-2', 'example_subdag_operator' retrieved from /home/airflow/.local/lib/python3.12/site-packages/airflow/example_dags/example_subdag_operator.py
[2024-11-04T20:26:13.657+0000] {logging_mixin.py:190} INFO - [2024-11-04T20:26:13.657+0000] {dag.py:3239} INFO - Sync 3 DAGs
[2024-11-04T20:26:13.682+0000] {logging_mixin.py:190} INFO - [2024-11-04T20:26:13.682+0000] {dag.py:4180} INFO - Setting next_dagrun for example_subdag_operator to 2022-01-01 00:00:00+00:00, run_after=2022-01-01 00:00:00+00:00
[2024-11-04T20:26:13.687+0000] {logging_mixin.py:190} INFO - [2024-11-04T20:26:13.687+0000] {dag.py:4180} INFO - Setting next_dagrun for example_subdag_operator.section-1 to None, run_after=None
[2024-11-04T20:26:13.690+0000] {logging_mixin.py:190} INFO - [2024-11-04T20:26:13.689+0000] {dag.py:4180} INFO - Setting next_dagrun for example_subdag_operator.section-2 to None, run_after=None
[2024-11-04T20:26:13.699+0000] {logging_mixin.py:190} INFO - [2024-11-04T20:26:13.699+0000] {dag.py:3239} INFO - Sync 2 DAGs
[2024-11-04T20:26:13.708+0000] {logging_mixin.py:190} INFO - [2024-11-04T20:26:13.707+0000] {dag.py:4180} INFO - Setting next_dagrun for example_subdag_operator.section-1 to None, run_after=None
[2024-11-04T20:26:13.709+0000] {logging_mixin.py:190} INFO - [2024-11-04T20:26:13.709+0000] {dag.py:4180} INFO - Setting next_dagrun for example_subdag_operator.section-2 to None, run_after=None
[2024-11-04T20:26:13.725+0000] {processor.py:208} INFO - Processing /home/airflow/.local/lib/python3.12/site-packages/airflow/example_dags/example_subdag_operator.py took 0.142 seconds
[2024-11-04T20:27:23.077+0000] {processor.py:186} INFO - Started process (PID=94) to work on /home/airflow/.local/lib/python3.12/site-packages/airflow/example_dags/example_subdag_operator.py
[2024-11-04T20:27:23.078+0000] {processor.py:914} INFO - Processing file /home/airflow/.local/lib/python3.12/site-packages/airflow/example_dags/example_subdag_operator.py for tasks to queue
[2024-11-04T20:27:23.081+0000] {logging_mixin.py:190} INFO - [2024-11-04T20:27:23.080+0000] {dagbag.py:588} INFO - Filling up the DagBag from /home/airflow/.local/lib/python3.12/site-packages/airflow/example_dags/example_subdag_operator.py
[2024-11-04T20:27:23.109+0000] {processor.py:925} INFO - DAG(s) 'example_subdag_operator.section-1', 'example_subdag_operator.section-2', 'example_subdag_operator' retrieved from /home/airflow/.local/lib/python3.12/site-packages/airflow/example_dags/example_subdag_operator.py
[2024-11-04T20:27:23.128+0000] {logging_mixin.py:190} INFO - [2024-11-04T20:27:23.128+0000] {dag.py:3239} INFO - Sync 3 DAGs
[2024-11-04T20:27:23.157+0000] {logging_mixin.py:190} INFO - [2024-11-04T20:27:23.157+0000] {dag.py:4180} INFO - Setting next_dagrun for example_subdag_operator to 2022-01-01 00:00:00+00:00, run_after=2022-01-01 00:00:00+00:00
[2024-11-04T20:27:23.163+0000] {logging_mixin.py:190} INFO - [2024-11-04T20:27:23.163+0000] {dag.py:4180} INFO - Setting next_dagrun for example_subdag_operator.section-1 to None, run_after=None
[2024-11-04T20:27:23.166+0000] {logging_mixin.py:190} INFO - [2024-11-04T20:27:23.166+0000] {dag.py:4180} INFO - Setting next_dagrun for example_subdag_operator.section-2 to None, run_after=None
[2024-11-04T20:27:23.175+0000] {logging_mixin.py:190} INFO - [2024-11-04T20:27:23.175+0000] {dag.py:3239} INFO - Sync 2 DAGs
[2024-11-04T20:27:23.181+0000] {logging_mixin.py:190} INFO - [2024-11-04T20:27:23.181+0000] {dag.py:4180} INFO - Setting next_dagrun for example_subdag_operator.section-1 to None, run_after=None
[2024-11-04T20:27:23.182+0000] {logging_mixin.py:190} INFO - [2024-11-04T20:27:23.182+0000] {dag.py:4180} INFO - Setting next_dagrun for example_subdag_operator.section-2 to None, run_after=None
[2024-11-04T20:27:23.199+0000] {processor.py:208} INFO - Processing /home/airflow/.local/lib/python3.12/site-packages/airflow/example_dags/example_subdag_operator.py took 0.128 seconds
[2024-11-04T20:27:54.033+0000] {processor.py:186} INFO - Started process (PID=160) to work on /home/airflow/.local/lib/python3.12/site-packages/airflow/example_dags/example_subdag_operator.py
[2024-11-04T20:27:54.035+0000] {processor.py:914} INFO - Processing file /home/airflow/.local/lib/python3.12/site-packages/airflow/example_dags/example_subdag_operator.py for tasks to queue
[2024-11-04T20:27:54.039+0000] {logging_mixin.py:190} INFO - [2024-11-04T20:27:54.038+0000] {dagbag.py:588} INFO - Filling up the DagBag from /home/airflow/.local/lib/python3.12/site-packages/airflow/example_dags/example_subdag_operator.py
[2024-11-04T20:27:54.067+0000] {processor.py:925} INFO - DAG(s) 'example_subdag_operator.section-1', 'example_subdag_operator.section-2', 'example_subdag_operator' retrieved from /home/airflow/.local/lib/python3.12/site-packages/airflow/example_dags/example_subdag_operator.py
[2024-11-04T20:27:54.084+0000] {logging_mixin.py:190} INFO - [2024-11-04T20:27:54.083+0000] {dag.py:3239} INFO - Sync 3 DAGs
[2024-11-04T20:27:54.116+0000] {logging_mixin.py:190} INFO - [2024-11-04T20:27:54.115+0000] {dag.py:4180} INFO - Setting next_dagrun for example_subdag_operator to 2022-01-01 00:00:00+00:00, run_after=2022-01-01 00:00:00+00:00
[2024-11-04T20:27:54.122+0000] {logging_mixin.py:190} INFO - [2024-11-04T20:27:54.122+0000] {dag.py:4180} INFO - Setting next_dagrun for example_subdag_operator.section-1 to None, run_after=None
[2024-11-04T20:27:54.125+0000] {logging_mixin.py:190} INFO - [2024-11-04T20:27:54.125+0000] {dag.py:4180} INFO - Setting next_dagrun for example_subdag_operator.section-2 to None, run_after=None
[2024-11-04T20:27:54.134+0000] {logging_mixin.py:190} INFO - [2024-11-04T20:27:54.134+0000] {dag.py:3239} INFO - Sync 2 DAGs
[2024-11-04T20:27:54.142+0000] {logging_mixin.py:190} INFO - [2024-11-04T20:27:54.142+0000] {dag.py:4180} INFO - Setting next_dagrun for example_subdag_operator.section-1 to None, run_after=None
[2024-11-04T20:27:54.144+0000] {logging_mixin.py:190} INFO - [2024-11-04T20:27:54.144+0000] {dag.py:4180} INFO - Setting next_dagrun for example_subdag_operator.section-2 to None, run_after=None
[2024-11-04T20:27:54.161+0000] {processor.py:208} INFO - Processing /home/airflow/.local/lib/python3.12/site-packages/airflow/example_dags/example_subdag_operator.py took 0.134 seconds
[2024-11-04T20:28:24.417+0000] {processor.py:186} INFO - Started process (PID=225) to work on /home/airflow/.local/lib/python3.12/site-packages/airflow/example_dags/example_subdag_operator.py
[2024-11-04T20:28:24.418+0000] {processor.py:914} INFO - Processing file /home/airflow/.local/lib/python3.12/site-packages/airflow/example_dags/example_subdag_operator.py for tasks to queue
[2024-11-04T20:28:24.421+0000] {logging_mixin.py:190} INFO - [2024-11-04T20:28:24.420+0000] {dagbag.py:588} INFO - Filling up the DagBag from /home/airflow/.local/lib/python3.12/site-packages/airflow/example_dags/example_subdag_operator.py
[2024-11-04T20:28:24.444+0000] {processor.py:925} INFO - DAG(s) 'example_subdag_operator.section-1', 'example_subdag_operator.section-2', 'example_subdag_operator' retrieved from /home/airflow/.local/lib/python3.12/site-packages/airflow/example_dags/example_subdag_operator.py
[2024-11-04T20:28:24.458+0000] {logging_mixin.py:190} INFO - [2024-11-04T20:28:24.458+0000] {dag.py:3239} INFO - Sync 3 DAGs
[2024-11-04T20:28:24.478+0000] {logging_mixin.py:190} INFO - [2024-11-04T20:28:24.477+0000] {dag.py:4180} INFO - Setting next_dagrun for example_subdag_operator to 2022-01-01 00:00:00+00:00, run_after=2022-01-01 00:00:00+00:00
[2024-11-04T20:28:24.481+0000] {logging_mixin.py:190} INFO - [2024-11-04T20:28:24.481+0000] {dag.py:4180} INFO - Setting next_dagrun for example_subdag_operator.section-1 to None, run_after=None
[2024-11-04T20:28:24.483+0000] {logging_mixin.py:190} INFO - [2024-11-04T20:28:24.483+0000] {dag.py:4180} INFO - Setting next_dagrun for example_subdag_operator.section-2 to None, run_after=None
[2024-11-04T20:28:24.491+0000] {logging_mixin.py:190} INFO - [2024-11-04T20:28:24.490+0000] {dag.py:3239} INFO - Sync 2 DAGs
[2024-11-04T20:28:24.496+0000] {logging_mixin.py:190} INFO - [2024-11-04T20:28:24.496+0000] {dag.py:4180} INFO - Setting next_dagrun for example_subdag_operator.section-1 to None, run_after=None
[2024-11-04T20:28:24.497+0000] {logging_mixin.py:190} INFO - [2024-11-04T20:28:24.497+0000] {dag.py:4180} INFO - Setting next_dagrun for example_subdag_operator.section-2 to None, run_after=None
[2024-11-04T20:28:24.509+0000] {processor.py:208} INFO - Processing /home/airflow/.local/lib/python3.12/site-packages/airflow/example_dags/example_subdag_operator.py took 0.097 seconds
[2024-11-04T20:28:54.934+0000] {processor.py:186} INFO - Started process (PID=291) to work on /home/airflow/.local/lib/python3.12/site-packages/airflow/example_dags/example_subdag_operator.py
[2024-11-04T20:28:54.935+0000] {processor.py:914} INFO - Processing file /home/airflow/.local/lib/python3.12/site-packages/airflow/example_dags/example_subdag_operator.py for tasks to queue
[2024-11-04T20:28:54.938+0000] {logging_mixin.py:190} INFO - [2024-11-04T20:28:54.938+0000] {dagbag.py:588} INFO - Filling up the DagBag from /home/airflow/.local/lib/python3.12/site-packages/airflow/example_dags/example_subdag_operator.py
[2024-11-04T20:28:54.959+0000] {processor.py:925} INFO - DAG(s) 'example_subdag_operator.section-1', 'example_subdag_operator.section-2', 'example_subdag_operator' retrieved from /home/airflow/.local/lib/python3.12/site-packages/airflow/example_dags/example_subdag_operator.py
[2024-11-04T20:28:54.972+0000] {logging_mixin.py:190} INFO - [2024-11-04T20:28:54.971+0000] {dag.py:3239} INFO - Sync 3 DAGs
[2024-11-04T20:28:54.990+0000] {logging_mixin.py:190} INFO - [2024-11-04T20:28:54.990+0000] {dag.py:4180} INFO - Setting next_dagrun for example_subdag_operator to 2022-01-01 00:00:00+00:00, run_after=2022-01-01 00:00:00+00:00
[2024-11-04T20:28:54.993+0000] {logging_mixin.py:190} INFO - [2024-11-04T20:28:54.993+0000] {dag.py:4180} INFO - Setting next_dagrun for example_subdag_operator.section-1 to None, run_after=None
[2024-11-04T20:28:54.995+0000] {logging_mixin.py:190} INFO - [2024-11-04T20:28:54.995+0000] {dag.py:4180} INFO - Setting next_dagrun for example_subdag_operator.section-2 to None, run_after=None
[2024-11-04T20:28:55.001+0000] {logging_mixin.py:190} INFO - [2024-11-04T20:28:55.001+0000] {dag.py:3239} INFO - Sync 2 DAGs
[2024-11-04T20:28:55.005+0000] {logging_mixin.py:190} INFO - [2024-11-04T20:28:55.005+0000] {dag.py:4180} INFO - Setting next_dagrun for example_subdag_operator.section-1 to None, run_after=None
[2024-11-04T20:28:55.006+0000] {logging_mixin.py:190} INFO - [2024-11-04T20:28:55.006+0000] {dag.py:4180} INFO - Setting next_dagrun for example_subdag_operator.section-2 to None, run_after=None
[2024-11-04T20:28:55.020+0000] {processor.py:208} INFO - Processing /home/airflow/.local/lib/python3.12/site-packages/airflow/example_dags/example_subdag_operator.py took 0.090 seconds
