[2024-11-04T20:09:03.348+0000] {processor.py:186} INFO - Started process (PID=69) to work on /home/airflow/.local/lib/python3.12/site-packages/airflow/example_dags/example_nested_branch_dag.py
[2024-11-04T20:09:03.350+0000] {processor.py:914} INFO - Processing file /home/airflow/.local/lib/python3.12/site-packages/airflow/example_dags/example_nested_branch_dag.py for tasks to queue
[2024-11-04T20:09:03.355+0000] {logging_mixin.py:190} INFO - [2024-11-04T20:09:03.355+0000] {dagbag.py:588} INFO - Filling up the DagBag from /home/airflow/.local/lib/python3.12/site-packages/airflow/example_dags/example_nested_branch_dag.py
[2024-11-04T20:09:03.377+0000] {processor.py:925} INFO - DAG(s) 'example_nested_branch_dag' retrieved from /home/airflow/.local/lib/python3.12/site-packages/airflow/example_dags/example_nested_branch_dag.py
[2024-11-04T20:09:03.440+0000] {logging_mixin.py:190} INFO - [2024-11-04T20:09:03.439+0000] {dag.py:3239} INFO - Sync 1 DAGs
[2024-11-04T20:09:03.482+0000] {logging_mixin.py:190} INFO - [2024-11-04T20:09:03.481+0000] {dag.py:4180} INFO - Setting next_dagrun for example_nested_branch_dag to 2024-11-03 00:00:00+00:00, run_after=2024-11-04 00:00:00+00:00
[2024-11-04T20:09:03.515+0000] {processor.py:208} INFO - Processing /home/airflow/.local/lib/python3.12/site-packages/airflow/example_dags/example_nested_branch_dag.py took 0.175 seconds
[2024-11-04T20:09:33.736+0000] {processor.py:186} INFO - Started process (PID=150) to work on /home/airflow/.local/lib/python3.12/site-packages/airflow/example_dags/example_nested_branch_dag.py
[2024-11-04T20:09:33.738+0000] {processor.py:914} INFO - Processing file /home/airflow/.local/lib/python3.12/site-packages/airflow/example_dags/example_nested_branch_dag.py for tasks to queue
[2024-11-04T20:09:33.742+0000] {logging_mixin.py:190} INFO - [2024-11-04T20:09:33.742+0000] {dagbag.py:588} INFO - Filling up the DagBag from /home/airflow/.local/lib/python3.12/site-packages/airflow/example_dags/example_nested_branch_dag.py
[2024-11-04T20:09:33.759+0000] {processor.py:925} INFO - DAG(s) 'example_nested_branch_dag' retrieved from /home/airflow/.local/lib/python3.12/site-packages/airflow/example_dags/example_nested_branch_dag.py
[2024-11-04T20:09:33.787+0000] {logging_mixin.py:190} INFO - [2024-11-04T20:09:33.786+0000] {dag.py:3239} INFO - Sync 1 DAGs
[2024-11-04T20:09:33.817+0000] {logging_mixin.py:190} INFO - [2024-11-04T20:09:33.816+0000] {dag.py:4180} INFO - Setting next_dagrun for example_nested_branch_dag to 2024-11-03 00:00:00+00:00, run_after=2024-11-04 00:00:00+00:00
[2024-11-04T20:09:33.842+0000] {processor.py:208} INFO - Processing /home/airflow/.local/lib/python3.12/site-packages/airflow/example_dags/example_nested_branch_dag.py took 0.115 seconds
[2024-11-04T20:10:04.390+0000] {processor.py:186} INFO - Started process (PID=215) to work on /home/airflow/.local/lib/python3.12/site-packages/airflow/example_dags/example_nested_branch_dag.py
[2024-11-04T20:10:04.391+0000] {processor.py:914} INFO - Processing file /home/airflow/.local/lib/python3.12/site-packages/airflow/example_dags/example_nested_branch_dag.py for tasks to queue
[2024-11-04T20:10:04.396+0000] {logging_mixin.py:190} INFO - [2024-11-04T20:10:04.396+0000] {dagbag.py:588} INFO - Filling up the DagBag from /home/airflow/.local/lib/python3.12/site-packages/airflow/example_dags/example_nested_branch_dag.py
[2024-11-04T20:10:04.413+0000] {processor.py:925} INFO - DAG(s) 'example_nested_branch_dag' retrieved from /home/airflow/.local/lib/python3.12/site-packages/airflow/example_dags/example_nested_branch_dag.py
[2024-11-04T20:10:04.455+0000] {logging_mixin.py:190} INFO - [2024-11-04T20:10:04.454+0000] {dag.py:3239} INFO - Sync 1 DAGs
[2024-11-04T20:10:04.521+0000] {logging_mixin.py:190} INFO - [2024-11-04T20:10:04.520+0000] {dag.py:4180} INFO - Setting next_dagrun for example_nested_branch_dag to 2024-11-03 00:00:00+00:00, run_after=2024-11-04 00:00:00+00:00
[2024-11-04T20:10:04.561+0000] {processor.py:208} INFO - Processing /home/airflow/.local/lib/python3.12/site-packages/airflow/example_dags/example_nested_branch_dag.py took 0.180 seconds
[2024-11-04T20:10:35.341+0000] {processor.py:186} INFO - Started process (PID=280) to work on /home/airflow/.local/lib/python3.12/site-packages/airflow/example_dags/example_nested_branch_dag.py
[2024-11-04T20:10:35.343+0000] {processor.py:914} INFO - Processing file /home/airflow/.local/lib/python3.12/site-packages/airflow/example_dags/example_nested_branch_dag.py for tasks to queue
[2024-11-04T20:10:35.346+0000] {logging_mixin.py:190} INFO - [2024-11-04T20:10:35.345+0000] {dagbag.py:588} INFO - Filling up the DagBag from /home/airflow/.local/lib/python3.12/site-packages/airflow/example_dags/example_nested_branch_dag.py
[2024-11-04T20:10:35.372+0000] {processor.py:925} INFO - DAG(s) 'example_nested_branch_dag' retrieved from /home/airflow/.local/lib/python3.12/site-packages/airflow/example_dags/example_nested_branch_dag.py
[2024-11-04T20:10:35.404+0000] {logging_mixin.py:190} INFO - [2024-11-04T20:10:35.404+0000] {dag.py:3239} INFO - Sync 1 DAGs
[2024-11-04T20:10:35.426+0000] {logging_mixin.py:190} INFO - [2024-11-04T20:10:35.426+0000] {dag.py:4180} INFO - Setting next_dagrun for example_nested_branch_dag to 2024-11-03 00:00:00+00:00, run_after=2024-11-04 00:00:00+00:00
[2024-11-04T20:10:35.452+0000] {processor.py:208} INFO - Processing /home/airflow/.local/lib/python3.12/site-packages/airflow/example_dags/example_nested_branch_dag.py took 0.115 seconds
[2024-11-04T20:11:06.417+0000] {processor.py:186} INFO - Started process (PID=344) to work on /home/airflow/.local/lib/python3.12/site-packages/airflow/example_dags/example_nested_branch_dag.py
[2024-11-04T20:11:06.419+0000] {processor.py:914} INFO - Processing file /home/airflow/.local/lib/python3.12/site-packages/airflow/example_dags/example_nested_branch_dag.py for tasks to queue
[2024-11-04T20:11:06.422+0000] {logging_mixin.py:190} INFO - [2024-11-04T20:11:06.422+0000] {dagbag.py:588} INFO - Filling up the DagBag from /home/airflow/.local/lib/python3.12/site-packages/airflow/example_dags/example_nested_branch_dag.py
[2024-11-04T20:11:06.436+0000] {processor.py:925} INFO - DAG(s) 'example_nested_branch_dag' retrieved from /home/airflow/.local/lib/python3.12/site-packages/airflow/example_dags/example_nested_branch_dag.py
[2024-11-04T20:11:06.462+0000] {logging_mixin.py:190} INFO - [2024-11-04T20:11:06.461+0000] {dag.py:3239} INFO - Sync 1 DAGs
[2024-11-04T20:11:06.490+0000] {logging_mixin.py:190} INFO - [2024-11-04T20:11:06.489+0000] {dag.py:4180} INFO - Setting next_dagrun for example_nested_branch_dag to 2024-11-03 00:00:00+00:00, run_after=2024-11-04 00:00:00+00:00
[2024-11-04T20:11:06.515+0000] {processor.py:208} INFO - Processing /home/airflow/.local/lib/python3.12/site-packages/airflow/example_dags/example_nested_branch_dag.py took 0.104 seconds
[2024-11-04T20:11:37.446+0000] {processor.py:186} INFO - Started process (PID=409) to work on /home/airflow/.local/lib/python3.12/site-packages/airflow/example_dags/example_nested_branch_dag.py
[2024-11-04T20:11:37.447+0000] {processor.py:914} INFO - Processing file /home/airflow/.local/lib/python3.12/site-packages/airflow/example_dags/example_nested_branch_dag.py for tasks to queue
[2024-11-04T20:11:37.449+0000] {logging_mixin.py:190} INFO - [2024-11-04T20:11:37.449+0000] {dagbag.py:588} INFO - Filling up the DagBag from /home/airflow/.local/lib/python3.12/site-packages/airflow/example_dags/example_nested_branch_dag.py
[2024-11-04T20:11:37.459+0000] {processor.py:925} INFO - DAG(s) 'example_nested_branch_dag' retrieved from /home/airflow/.local/lib/python3.12/site-packages/airflow/example_dags/example_nested_branch_dag.py
[2024-11-04T20:11:37.477+0000] {logging_mixin.py:190} INFO - [2024-11-04T20:11:37.477+0000] {dag.py:3239} INFO - Sync 1 DAGs
[2024-11-04T20:11:37.498+0000] {logging_mixin.py:190} INFO - [2024-11-04T20:11:37.497+0000] {dag.py:4180} INFO - Setting next_dagrun for example_nested_branch_dag to 2024-11-03 00:00:00+00:00, run_after=2024-11-04 00:00:00+00:00
[2024-11-04T20:11:37.520+0000] {processor.py:208} INFO - Processing /home/airflow/.local/lib/python3.12/site-packages/airflow/example_dags/example_nested_branch_dag.py took 0.080 seconds
[2024-11-04T20:12:08.004+0000] {processor.py:186} INFO - Started process (PID=474) to work on /home/airflow/.local/lib/python3.12/site-packages/airflow/example_dags/example_nested_branch_dag.py
[2024-11-04T20:12:08.005+0000] {processor.py:914} INFO - Processing file /home/airflow/.local/lib/python3.12/site-packages/airflow/example_dags/example_nested_branch_dag.py for tasks to queue
[2024-11-04T20:12:08.008+0000] {logging_mixin.py:190} INFO - [2024-11-04T20:12:08.007+0000] {dagbag.py:588} INFO - Filling up the DagBag from /home/airflow/.local/lib/python3.12/site-packages/airflow/example_dags/example_nested_branch_dag.py
[2024-11-04T20:12:08.024+0000] {processor.py:925} INFO - DAG(s) 'example_nested_branch_dag' retrieved from /home/airflow/.local/lib/python3.12/site-packages/airflow/example_dags/example_nested_branch_dag.py
[2024-11-04T20:12:08.047+0000] {logging_mixin.py:190} INFO - [2024-11-04T20:12:08.046+0000] {dag.py:3239} INFO - Sync 1 DAGs
[2024-11-04T20:12:08.074+0000] {logging_mixin.py:190} INFO - [2024-11-04T20:12:08.074+0000] {dag.py:4180} INFO - Setting next_dagrun for example_nested_branch_dag to 2024-11-03 00:00:00+00:00, run_after=2024-11-04 00:00:00+00:00
[2024-11-04T20:12:08.096+0000] {processor.py:208} INFO - Processing /home/airflow/.local/lib/python3.12/site-packages/airflow/example_dags/example_nested_branch_dag.py took 0.098 seconds
[2024-11-04T20:12:39.336+0000] {processor.py:186} INFO - Started process (PID=539) to work on /home/airflow/.local/lib/python3.12/site-packages/airflow/example_dags/example_nested_branch_dag.py
[2024-11-04T20:12:39.338+0000] {processor.py:914} INFO - Processing file /home/airflow/.local/lib/python3.12/site-packages/airflow/example_dags/example_nested_branch_dag.py for tasks to queue
[2024-11-04T20:12:39.340+0000] {logging_mixin.py:190} INFO - [2024-11-04T20:12:39.340+0000] {dagbag.py:588} INFO - Filling up the DagBag from /home/airflow/.local/lib/python3.12/site-packages/airflow/example_dags/example_nested_branch_dag.py
[2024-11-04T20:12:39.354+0000] {processor.py:925} INFO - DAG(s) 'example_nested_branch_dag' retrieved from /home/airflow/.local/lib/python3.12/site-packages/airflow/example_dags/example_nested_branch_dag.py
[2024-11-04T20:12:39.380+0000] {logging_mixin.py:190} INFO - [2024-11-04T20:12:39.380+0000] {dag.py:3239} INFO - Sync 1 DAGs
[2024-11-04T20:12:39.405+0000] {logging_mixin.py:190} INFO - [2024-11-04T20:12:39.405+0000] {dag.py:4180} INFO - Setting next_dagrun for example_nested_branch_dag to 2024-11-03 00:00:00+00:00, run_after=2024-11-04 00:00:00+00:00
[2024-11-04T20:12:39.443+0000] {processor.py:208} INFO - Processing /home/airflow/.local/lib/python3.12/site-packages/airflow/example_dags/example_nested_branch_dag.py took 0.115 seconds
[2024-11-04T20:13:10.021+0000] {processor.py:186} INFO - Started process (PID=603) to work on /home/airflow/.local/lib/python3.12/site-packages/airflow/example_dags/example_nested_branch_dag.py
[2024-11-04T20:13:10.022+0000] {processor.py:914} INFO - Processing file /home/airflow/.local/lib/python3.12/site-packages/airflow/example_dags/example_nested_branch_dag.py for tasks to queue
[2024-11-04T20:13:10.025+0000] {logging_mixin.py:190} INFO - [2024-11-04T20:13:10.024+0000] {dagbag.py:588} INFO - Filling up the DagBag from /home/airflow/.local/lib/python3.12/site-packages/airflow/example_dags/example_nested_branch_dag.py
[2024-11-04T20:13:10.035+0000] {processor.py:925} INFO - DAG(s) 'example_nested_branch_dag' retrieved from /home/airflow/.local/lib/python3.12/site-packages/airflow/example_dags/example_nested_branch_dag.py
[2024-11-04T20:13:10.055+0000] {logging_mixin.py:190} INFO - [2024-11-04T20:13:10.055+0000] {dag.py:3239} INFO - Sync 1 DAGs
[2024-11-04T20:13:10.079+0000] {logging_mixin.py:190} INFO - [2024-11-04T20:13:10.079+0000] {dag.py:4180} INFO - Setting next_dagrun for example_nested_branch_dag to 2024-11-03 00:00:00+00:00, run_after=2024-11-04 00:00:00+00:00
[2024-11-04T20:13:10.103+0000] {processor.py:208} INFO - Processing /home/airflow/.local/lib/python3.12/site-packages/airflow/example_dags/example_nested_branch_dag.py took 0.087 seconds
[2024-11-04T20:13:40.534+0000] {processor.py:186} INFO - Started process (PID=668) to work on /home/airflow/.local/lib/python3.12/site-packages/airflow/example_dags/example_nested_branch_dag.py
[2024-11-04T20:13:40.536+0000] {processor.py:914} INFO - Processing file /home/airflow/.local/lib/python3.12/site-packages/airflow/example_dags/example_nested_branch_dag.py for tasks to queue
[2024-11-04T20:13:40.539+0000] {logging_mixin.py:190} INFO - [2024-11-04T20:13:40.539+0000] {dagbag.py:588} INFO - Filling up the DagBag from /home/airflow/.local/lib/python3.12/site-packages/airflow/example_dags/example_nested_branch_dag.py
[2024-11-04T20:13:40.549+0000] {processor.py:925} INFO - DAG(s) 'example_nested_branch_dag' retrieved from /home/airflow/.local/lib/python3.12/site-packages/airflow/example_dags/example_nested_branch_dag.py
[2024-11-04T20:13:40.569+0000] {logging_mixin.py:190} INFO - [2024-11-04T20:13:40.569+0000] {dag.py:3239} INFO - Sync 1 DAGs
[2024-11-04T20:13:40.593+0000] {logging_mixin.py:190} INFO - [2024-11-04T20:13:40.593+0000] {dag.py:4180} INFO - Setting next_dagrun for example_nested_branch_dag to 2024-11-03 00:00:00+00:00, run_after=2024-11-04 00:00:00+00:00
[2024-11-04T20:13:40.611+0000] {processor.py:208} INFO - Processing /home/airflow/.local/lib/python3.12/site-packages/airflow/example_dags/example_nested_branch_dag.py took 0.082 seconds
[2024-11-04T20:14:11.538+0000] {processor.py:186} INFO - Started process (PID=733) to work on /home/airflow/.local/lib/python3.12/site-packages/airflow/example_dags/example_nested_branch_dag.py
[2024-11-04T20:14:11.541+0000] {processor.py:914} INFO - Processing file /home/airflow/.local/lib/python3.12/site-packages/airflow/example_dags/example_nested_branch_dag.py for tasks to queue
[2024-11-04T20:14:11.546+0000] {logging_mixin.py:190} INFO - [2024-11-04T20:14:11.545+0000] {dagbag.py:588} INFO - Filling up the DagBag from /home/airflow/.local/lib/python3.12/site-packages/airflow/example_dags/example_nested_branch_dag.py
[2024-11-04T20:14:11.558+0000] {processor.py:925} INFO - DAG(s) 'example_nested_branch_dag' retrieved from /home/airflow/.local/lib/python3.12/site-packages/airflow/example_dags/example_nested_branch_dag.py
[2024-11-04T20:14:11.578+0000] {logging_mixin.py:190} INFO - [2024-11-04T20:14:11.578+0000] {dag.py:3239} INFO - Sync 1 DAGs
[2024-11-04T20:14:11.603+0000] {logging_mixin.py:190} INFO - [2024-11-04T20:14:11.603+0000] {dag.py:4180} INFO - Setting next_dagrun for example_nested_branch_dag to 2024-11-03 00:00:00+00:00, run_after=2024-11-04 00:00:00+00:00
[2024-11-04T20:14:11.621+0000] {processor.py:208} INFO - Processing /home/airflow/.local/lib/python3.12/site-packages/airflow/example_dags/example_nested_branch_dag.py took 0.093 seconds
[2024-11-04T20:14:42.504+0000] {processor.py:186} INFO - Started process (PID=798) to work on /home/airflow/.local/lib/python3.12/site-packages/airflow/example_dags/example_nested_branch_dag.py
[2024-11-04T20:14:42.505+0000] {processor.py:914} INFO - Processing file /home/airflow/.local/lib/python3.12/site-packages/airflow/example_dags/example_nested_branch_dag.py for tasks to queue
[2024-11-04T20:14:42.507+0000] {logging_mixin.py:190} INFO - [2024-11-04T20:14:42.507+0000] {dagbag.py:588} INFO - Filling up the DagBag from /home/airflow/.local/lib/python3.12/site-packages/airflow/example_dags/example_nested_branch_dag.py
[2024-11-04T20:14:42.518+0000] {processor.py:925} INFO - DAG(s) 'example_nested_branch_dag' retrieved from /home/airflow/.local/lib/python3.12/site-packages/airflow/example_dags/example_nested_branch_dag.py
[2024-11-04T20:14:42.536+0000] {logging_mixin.py:190} INFO - [2024-11-04T20:14:42.536+0000] {dag.py:3239} INFO - Sync 1 DAGs
[2024-11-04T20:14:42.556+0000] {logging_mixin.py:190} INFO - [2024-11-04T20:14:42.556+0000] {dag.py:4180} INFO - Setting next_dagrun for example_nested_branch_dag to 2024-11-03 00:00:00+00:00, run_after=2024-11-04 00:00:00+00:00
[2024-11-04T20:14:42.577+0000] {processor.py:208} INFO - Processing /home/airflow/.local/lib/python3.12/site-packages/airflow/example_dags/example_nested_branch_dag.py took 0.080 seconds
[2024-11-04T20:15:13.057+0000] {processor.py:186} INFO - Started process (PID=862) to work on /home/airflow/.local/lib/python3.12/site-packages/airflow/example_dags/example_nested_branch_dag.py
[2024-11-04T20:15:13.059+0000] {processor.py:914} INFO - Processing file /home/airflow/.local/lib/python3.12/site-packages/airflow/example_dags/example_nested_branch_dag.py for tasks to queue
[2024-11-04T20:15:13.062+0000] {logging_mixin.py:190} INFO - [2024-11-04T20:15:13.061+0000] {dagbag.py:588} INFO - Filling up the DagBag from /home/airflow/.local/lib/python3.12/site-packages/airflow/example_dags/example_nested_branch_dag.py
[2024-11-04T20:15:13.071+0000] {processor.py:925} INFO - DAG(s) 'example_nested_branch_dag' retrieved from /home/airflow/.local/lib/python3.12/site-packages/airflow/example_dags/example_nested_branch_dag.py
[2024-11-04T20:15:13.094+0000] {logging_mixin.py:190} INFO - [2024-11-04T20:15:13.093+0000] {dag.py:3239} INFO - Sync 1 DAGs
[2024-11-04T20:15:13.116+0000] {logging_mixin.py:190} INFO - [2024-11-04T20:15:13.115+0000] {dag.py:4180} INFO - Setting next_dagrun for example_nested_branch_dag to 2024-11-03 00:00:00+00:00, run_after=2024-11-04 00:00:00+00:00
[2024-11-04T20:15:13.133+0000] {processor.py:208} INFO - Processing /home/airflow/.local/lib/python3.12/site-packages/airflow/example_dags/example_nested_branch_dag.py took 0.080 seconds
[2024-11-04T20:15:43.892+0000] {processor.py:186} INFO - Started process (PID=927) to work on /home/airflow/.local/lib/python3.12/site-packages/airflow/example_dags/example_nested_branch_dag.py
[2024-11-04T20:15:43.894+0000] {processor.py:914} INFO - Processing file /home/airflow/.local/lib/python3.12/site-packages/airflow/example_dags/example_nested_branch_dag.py for tasks to queue
[2024-11-04T20:15:43.896+0000] {logging_mixin.py:190} INFO - [2024-11-04T20:15:43.896+0000] {dagbag.py:588} INFO - Filling up the DagBag from /home/airflow/.local/lib/python3.12/site-packages/airflow/example_dags/example_nested_branch_dag.py
[2024-11-04T20:15:43.912+0000] {processor.py:925} INFO - DAG(s) 'example_nested_branch_dag' retrieved from /home/airflow/.local/lib/python3.12/site-packages/airflow/example_dags/example_nested_branch_dag.py
[2024-11-04T20:15:43.937+0000] {logging_mixin.py:190} INFO - [2024-11-04T20:15:43.936+0000] {dag.py:3239} INFO - Sync 1 DAGs
[2024-11-04T20:15:43.969+0000] {logging_mixin.py:190} INFO - [2024-11-04T20:15:43.969+0000] {dag.py:4180} INFO - Setting next_dagrun for example_nested_branch_dag to 2024-11-03 00:00:00+00:00, run_after=2024-11-04 00:00:00+00:00
[2024-11-04T20:15:43.995+0000] {processor.py:208} INFO - Processing /home/airflow/.local/lib/python3.12/site-packages/airflow/example_dags/example_nested_branch_dag.py took 0.107 seconds
[2024-11-04T20:17:04.933+0000] {processor.py:186} INFO - Started process (PID=58) to work on /home/airflow/.local/lib/python3.12/site-packages/airflow/example_dags/example_nested_branch_dag.py
[2024-11-04T20:17:04.935+0000] {processor.py:914} INFO - Processing file /home/airflow/.local/lib/python3.12/site-packages/airflow/example_dags/example_nested_branch_dag.py for tasks to queue
[2024-11-04T20:17:04.938+0000] {logging_mixin.py:190} INFO - [2024-11-04T20:17:04.938+0000] {dagbag.py:588} INFO - Filling up the DagBag from /home/airflow/.local/lib/python3.12/site-packages/airflow/example_dags/example_nested_branch_dag.py
[2024-11-04T20:17:04.952+0000] {processor.py:925} INFO - DAG(s) 'example_nested_branch_dag' retrieved from /home/airflow/.local/lib/python3.12/site-packages/airflow/example_dags/example_nested_branch_dag.py
[2024-11-04T20:17:04.986+0000] {logging_mixin.py:190} INFO - [2024-11-04T20:17:04.985+0000] {dag.py:3239} INFO - Sync 1 DAGs
[2024-11-04T20:17:05.023+0000] {logging_mixin.py:190} INFO - [2024-11-04T20:17:05.022+0000] {dag.py:4180} INFO - Setting next_dagrun for example_nested_branch_dag to 2024-11-03 00:00:00+00:00, run_after=2024-11-04 00:00:00+00:00
[2024-11-04T20:17:05.059+0000] {processor.py:208} INFO - Processing /home/airflow/.local/lib/python3.12/site-packages/airflow/example_dags/example_nested_branch_dag.py took 0.135 seconds
[2024-11-04T20:17:36.055+0000] {processor.py:186} INFO - Started process (PID=124) to work on /home/airflow/.local/lib/python3.12/site-packages/airflow/example_dags/example_nested_branch_dag.py
[2024-11-04T20:17:36.056+0000] {processor.py:914} INFO - Processing file /home/airflow/.local/lib/python3.12/site-packages/airflow/example_dags/example_nested_branch_dag.py for tasks to queue
[2024-11-04T20:17:36.059+0000] {logging_mixin.py:190} INFO - [2024-11-04T20:17:36.059+0000] {dagbag.py:588} INFO - Filling up the DagBag from /home/airflow/.local/lib/python3.12/site-packages/airflow/example_dags/example_nested_branch_dag.py
[2024-11-04T20:17:36.069+0000] {processor.py:925} INFO - DAG(s) 'example_nested_branch_dag' retrieved from /home/airflow/.local/lib/python3.12/site-packages/airflow/example_dags/example_nested_branch_dag.py
[2024-11-04T20:17:36.090+0000] {logging_mixin.py:190} INFO - [2024-11-04T20:17:36.090+0000] {dag.py:3239} INFO - Sync 1 DAGs
[2024-11-04T20:17:36.112+0000] {logging_mixin.py:190} INFO - [2024-11-04T20:17:36.112+0000] {dag.py:4180} INFO - Setting next_dagrun for example_nested_branch_dag to 2024-11-03 00:00:00+00:00, run_after=2024-11-04 00:00:00+00:00
[2024-11-04T20:17:36.133+0000] {processor.py:208} INFO - Processing /home/airflow/.local/lib/python3.12/site-packages/airflow/example_dags/example_nested_branch_dag.py took 0.085 seconds
[2024-11-04T20:18:06.413+0000] {processor.py:186} INFO - Started process (PID=190) to work on /home/airflow/.local/lib/python3.12/site-packages/airflow/example_dags/example_nested_branch_dag.py
[2024-11-04T20:18:06.414+0000] {processor.py:914} INFO - Processing file /home/airflow/.local/lib/python3.12/site-packages/airflow/example_dags/example_nested_branch_dag.py for tasks to queue
[2024-11-04T20:18:06.417+0000] {logging_mixin.py:190} INFO - [2024-11-04T20:18:06.416+0000] {dagbag.py:588} INFO - Filling up the DagBag from /home/airflow/.local/lib/python3.12/site-packages/airflow/example_dags/example_nested_branch_dag.py
[2024-11-04T20:18:06.429+0000] {processor.py:925} INFO - DAG(s) 'example_nested_branch_dag' retrieved from /home/airflow/.local/lib/python3.12/site-packages/airflow/example_dags/example_nested_branch_dag.py
[2024-11-04T20:18:06.450+0000] {logging_mixin.py:190} INFO - [2024-11-04T20:18:06.450+0000] {dag.py:3239} INFO - Sync 1 DAGs
[2024-11-04T20:18:06.474+0000] {logging_mixin.py:190} INFO - [2024-11-04T20:18:06.474+0000] {dag.py:4180} INFO - Setting next_dagrun for example_nested_branch_dag to 2024-11-03 00:00:00+00:00, run_after=2024-11-04 00:00:00+00:00
[2024-11-04T20:18:06.509+0000] {processor.py:208} INFO - Processing /home/airflow/.local/lib/python3.12/site-packages/airflow/example_dags/example_nested_branch_dag.py took 0.102 seconds
[2024-11-04T20:18:37.190+0000] {processor.py:186} INFO - Started process (PID=256) to work on /home/airflow/.local/lib/python3.12/site-packages/airflow/example_dags/example_nested_branch_dag.py
[2024-11-04T20:18:37.192+0000] {processor.py:914} INFO - Processing file /home/airflow/.local/lib/python3.12/site-packages/airflow/example_dags/example_nested_branch_dag.py for tasks to queue
[2024-11-04T20:18:37.197+0000] {logging_mixin.py:190} INFO - [2024-11-04T20:18:37.196+0000] {dagbag.py:588} INFO - Filling up the DagBag from /home/airflow/.local/lib/python3.12/site-packages/airflow/example_dags/example_nested_branch_dag.py
[2024-11-04T20:18:37.209+0000] {processor.py:925} INFO - DAG(s) 'example_nested_branch_dag' retrieved from /home/airflow/.local/lib/python3.12/site-packages/airflow/example_dags/example_nested_branch_dag.py
[2024-11-04T20:18:37.233+0000] {logging_mixin.py:190} INFO - [2024-11-04T20:18:37.233+0000] {dag.py:3239} INFO - Sync 1 DAGs
[2024-11-04T20:18:37.262+0000] {logging_mixin.py:190} INFO - [2024-11-04T20:18:37.262+0000] {dag.py:4180} INFO - Setting next_dagrun for example_nested_branch_dag to 2024-11-03 00:00:00+00:00, run_after=2024-11-04 00:00:00+00:00
[2024-11-04T20:18:37.286+0000] {processor.py:208} INFO - Processing /home/airflow/.local/lib/python3.12/site-packages/airflow/example_dags/example_nested_branch_dag.py took 0.103 seconds
[2024-11-04T20:19:08.123+0000] {processor.py:186} INFO - Started process (PID=322) to work on /home/airflow/.local/lib/python3.12/site-packages/airflow/example_dags/example_nested_branch_dag.py
[2024-11-04T20:19:08.125+0000] {processor.py:914} INFO - Processing file /home/airflow/.local/lib/python3.12/site-packages/airflow/example_dags/example_nested_branch_dag.py for tasks to queue
[2024-11-04T20:19:08.128+0000] {logging_mixin.py:190} INFO - [2024-11-04T20:19:08.127+0000] {dagbag.py:588} INFO - Filling up the DagBag from /home/airflow/.local/lib/python3.12/site-packages/airflow/example_dags/example_nested_branch_dag.py
[2024-11-04T20:19:08.141+0000] {processor.py:925} INFO - DAG(s) 'example_nested_branch_dag' retrieved from /home/airflow/.local/lib/python3.12/site-packages/airflow/example_dags/example_nested_branch_dag.py
[2024-11-04T20:19:08.165+0000] {logging_mixin.py:190} INFO - [2024-11-04T20:19:08.165+0000] {dag.py:3239} INFO - Sync 1 DAGs
[2024-11-04T20:19:08.197+0000] {logging_mixin.py:190} INFO - [2024-11-04T20:19:08.197+0000] {dag.py:4180} INFO - Setting next_dagrun for example_nested_branch_dag to 2024-11-03 00:00:00+00:00, run_after=2024-11-04 00:00:00+00:00
[2024-11-04T20:19:08.222+0000] {processor.py:208} INFO - Processing /home/airflow/.local/lib/python3.12/site-packages/airflow/example_dags/example_nested_branch_dag.py took 0.107 seconds
[2024-11-04T20:19:38.480+0000] {processor.py:186} INFO - Started process (PID=389) to work on /home/airflow/.local/lib/python3.12/site-packages/airflow/example_dags/example_nested_branch_dag.py
[2024-11-04T20:19:38.482+0000] {processor.py:914} INFO - Processing file /home/airflow/.local/lib/python3.12/site-packages/airflow/example_dags/example_nested_branch_dag.py for tasks to queue
[2024-11-04T20:19:38.486+0000] {logging_mixin.py:190} INFO - [2024-11-04T20:19:38.485+0000] {dagbag.py:588} INFO - Filling up the DagBag from /home/airflow/.local/lib/python3.12/site-packages/airflow/example_dags/example_nested_branch_dag.py
[2024-11-04T20:19:38.504+0000] {processor.py:925} INFO - DAG(s) 'example_nested_branch_dag' retrieved from /home/airflow/.local/lib/python3.12/site-packages/airflow/example_dags/example_nested_branch_dag.py
[2024-11-04T20:19:38.542+0000] {logging_mixin.py:190} INFO - [2024-11-04T20:19:38.541+0000] {dag.py:3239} INFO - Sync 1 DAGs
[2024-11-04T20:19:38.574+0000] {logging_mixin.py:190} INFO - [2024-11-04T20:19:38.574+0000] {dag.py:4180} INFO - Setting next_dagrun for example_nested_branch_dag to 2024-11-03 00:00:00+00:00, run_after=2024-11-04 00:00:00+00:00
[2024-11-04T20:19:38.597+0000] {processor.py:208} INFO - Processing /home/airflow/.local/lib/python3.12/site-packages/airflow/example_dags/example_nested_branch_dag.py took 0.128 seconds
[2024-11-04T20:20:09.275+0000] {processor.py:186} INFO - Started process (PID=461) to work on /home/airflow/.local/lib/python3.12/site-packages/airflow/example_dags/example_nested_branch_dag.py
[2024-11-04T20:20:09.276+0000] {processor.py:914} INFO - Processing file /home/airflow/.local/lib/python3.12/site-packages/airflow/example_dags/example_nested_branch_dag.py for tasks to queue
[2024-11-04T20:20:09.278+0000] {logging_mixin.py:190} INFO - [2024-11-04T20:20:09.278+0000] {dagbag.py:588} INFO - Filling up the DagBag from /home/airflow/.local/lib/python3.12/site-packages/airflow/example_dags/example_nested_branch_dag.py
[2024-11-04T20:20:09.287+0000] {processor.py:925} INFO - DAG(s) 'example_nested_branch_dag' retrieved from /home/airflow/.local/lib/python3.12/site-packages/airflow/example_dags/example_nested_branch_dag.py
[2024-11-04T20:20:09.307+0000] {logging_mixin.py:190} INFO - [2024-11-04T20:20:09.307+0000] {dag.py:3239} INFO - Sync 1 DAGs
[2024-11-04T20:20:09.329+0000] {logging_mixin.py:190} INFO - [2024-11-04T20:20:09.329+0000] {dag.py:4180} INFO - Setting next_dagrun for example_nested_branch_dag to 2024-11-03 00:00:00+00:00, run_after=2024-11-04 00:00:00+00:00
[2024-11-04T20:20:09.348+0000] {processor.py:208} INFO - Processing /home/airflow/.local/lib/python3.12/site-packages/airflow/example_dags/example_nested_branch_dag.py took 0.077 seconds
[2024-11-04T20:20:39.901+0000] {processor.py:186} INFO - Started process (PID=527) to work on /home/airflow/.local/lib/python3.12/site-packages/airflow/example_dags/example_nested_branch_dag.py
[2024-11-04T20:20:39.902+0000] {processor.py:914} INFO - Processing file /home/airflow/.local/lib/python3.12/site-packages/airflow/example_dags/example_nested_branch_dag.py for tasks to queue
[2024-11-04T20:20:39.904+0000] {logging_mixin.py:190} INFO - [2024-11-04T20:20:39.903+0000] {dagbag.py:588} INFO - Filling up the DagBag from /home/airflow/.local/lib/python3.12/site-packages/airflow/example_dags/example_nested_branch_dag.py
[2024-11-04T20:20:39.913+0000] {processor.py:925} INFO - DAG(s) 'example_nested_branch_dag' retrieved from /home/airflow/.local/lib/python3.12/site-packages/airflow/example_dags/example_nested_branch_dag.py
[2024-11-04T20:20:39.934+0000] {logging_mixin.py:190} INFO - [2024-11-04T20:20:39.933+0000] {dag.py:3239} INFO - Sync 1 DAGs
[2024-11-04T20:20:39.954+0000] {logging_mixin.py:190} INFO - [2024-11-04T20:20:39.954+0000] {dag.py:4180} INFO - Setting next_dagrun for example_nested_branch_dag to 2024-11-03 00:00:00+00:00, run_after=2024-11-04 00:00:00+00:00
[2024-11-04T20:20:39.969+0000] {processor.py:208} INFO - Processing /home/airflow/.local/lib/python3.12/site-packages/airflow/example_dags/example_nested_branch_dag.py took 0.074 seconds
[2024-11-04T20:21:10.445+0000] {processor.py:186} INFO - Started process (PID=594) to work on /home/airflow/.local/lib/python3.12/site-packages/airflow/example_dags/example_nested_branch_dag.py
[2024-11-04T20:21:10.446+0000] {processor.py:914} INFO - Processing file /home/airflow/.local/lib/python3.12/site-packages/airflow/example_dags/example_nested_branch_dag.py for tasks to queue
[2024-11-04T20:21:10.449+0000] {logging_mixin.py:190} INFO - [2024-11-04T20:21:10.449+0000] {dagbag.py:588} INFO - Filling up the DagBag from /home/airflow/.local/lib/python3.12/site-packages/airflow/example_dags/example_nested_branch_dag.py
[2024-11-04T20:21:10.489+0000] {processor.py:925} INFO - DAG(s) 'example_nested_branch_dag' retrieved from /home/airflow/.local/lib/python3.12/site-packages/airflow/example_dags/example_nested_branch_dag.py
[2024-11-04T20:21:10.526+0000] {logging_mixin.py:190} INFO - [2024-11-04T20:21:10.526+0000] {dag.py:3239} INFO - Sync 1 DAGs
[2024-11-04T20:21:10.545+0000] {logging_mixin.py:190} INFO - [2024-11-04T20:21:10.545+0000] {dag.py:4180} INFO - Setting next_dagrun for example_nested_branch_dag to 2024-11-03 00:00:00+00:00, run_after=2024-11-04 00:00:00+00:00
[2024-11-04T20:21:10.565+0000] {processor.py:208} INFO - Processing /home/airflow/.local/lib/python3.12/site-packages/airflow/example_dags/example_nested_branch_dag.py took 0.125 seconds
[2024-11-04T20:21:41.853+0000] {processor.py:186} INFO - Started process (PID=660) to work on /home/airflow/.local/lib/python3.12/site-packages/airflow/example_dags/example_nested_branch_dag.py
[2024-11-04T20:21:41.855+0000] {processor.py:914} INFO - Processing file /home/airflow/.local/lib/python3.12/site-packages/airflow/example_dags/example_nested_branch_dag.py for tasks to queue
[2024-11-04T20:21:41.857+0000] {logging_mixin.py:190} INFO - [2024-11-04T20:21:41.856+0000] {dagbag.py:588} INFO - Filling up the DagBag from /home/airflow/.local/lib/python3.12/site-packages/airflow/example_dags/example_nested_branch_dag.py
[2024-11-04T20:21:41.866+0000] {processor.py:925} INFO - DAG(s) 'example_nested_branch_dag' retrieved from /home/airflow/.local/lib/python3.12/site-packages/airflow/example_dags/example_nested_branch_dag.py
[2024-11-04T20:21:41.884+0000] {logging_mixin.py:190} INFO - [2024-11-04T20:21:41.884+0000] {dag.py:3239} INFO - Sync 1 DAGs
[2024-11-04T20:21:41.903+0000] {logging_mixin.py:190} INFO - [2024-11-04T20:21:41.903+0000] {dag.py:4180} INFO - Setting next_dagrun for example_nested_branch_dag to 2024-11-03 00:00:00+00:00, run_after=2024-11-04 00:00:00+00:00
[2024-11-04T20:21:41.921+0000] {processor.py:208} INFO - Processing /home/airflow/.local/lib/python3.12/site-packages/airflow/example_dags/example_nested_branch_dag.py took 0.072 seconds
[2024-11-04T20:22:12.178+0000] {processor.py:186} INFO - Started process (PID=726) to work on /home/airflow/.local/lib/python3.12/site-packages/airflow/example_dags/example_nested_branch_dag.py
[2024-11-04T20:22:12.179+0000] {processor.py:914} INFO - Processing file /home/airflow/.local/lib/python3.12/site-packages/airflow/example_dags/example_nested_branch_dag.py for tasks to queue
[2024-11-04T20:22:12.182+0000] {logging_mixin.py:190} INFO - [2024-11-04T20:22:12.182+0000] {dagbag.py:588} INFO - Filling up the DagBag from /home/airflow/.local/lib/python3.12/site-packages/airflow/example_dags/example_nested_branch_dag.py
[2024-11-04T20:22:12.192+0000] {processor.py:925} INFO - DAG(s) 'example_nested_branch_dag' retrieved from /home/airflow/.local/lib/python3.12/site-packages/airflow/example_dags/example_nested_branch_dag.py
[2024-11-04T20:22:12.208+0000] {logging_mixin.py:190} INFO - [2024-11-04T20:22:12.208+0000] {dag.py:3239} INFO - Sync 1 DAGs
[2024-11-04T20:22:12.226+0000] {logging_mixin.py:190} INFO - [2024-11-04T20:22:12.226+0000] {dag.py:4180} INFO - Setting next_dagrun for example_nested_branch_dag to 2024-11-03 00:00:00+00:00, run_after=2024-11-04 00:00:00+00:00
[2024-11-04T20:22:12.241+0000] {processor.py:208} INFO - Processing /home/airflow/.local/lib/python3.12/site-packages/airflow/example_dags/example_nested_branch_dag.py took 0.067 seconds
[2024-11-04T20:22:43.162+0000] {processor.py:186} INFO - Started process (PID=797) to work on /home/airflow/.local/lib/python3.12/site-packages/airflow/example_dags/example_nested_branch_dag.py
[2024-11-04T20:22:43.164+0000] {processor.py:914} INFO - Processing file /home/airflow/.local/lib/python3.12/site-packages/airflow/example_dags/example_nested_branch_dag.py for tasks to queue
[2024-11-04T20:22:43.166+0000] {logging_mixin.py:190} INFO - [2024-11-04T20:22:43.166+0000] {dagbag.py:588} INFO - Filling up the DagBag from /home/airflow/.local/lib/python3.12/site-packages/airflow/example_dags/example_nested_branch_dag.py
[2024-11-04T20:22:43.178+0000] {processor.py:925} INFO - DAG(s) 'example_nested_branch_dag' retrieved from /home/airflow/.local/lib/python3.12/site-packages/airflow/example_dags/example_nested_branch_dag.py
[2024-11-04T20:22:43.202+0000] {logging_mixin.py:190} INFO - [2024-11-04T20:22:43.202+0000] {dag.py:3239} INFO - Sync 1 DAGs
[2024-11-04T20:22:43.234+0000] {logging_mixin.py:190} INFO - [2024-11-04T20:22:43.233+0000] {dag.py:4180} INFO - Setting next_dagrun for example_nested_branch_dag to 2024-11-03 00:00:00+00:00, run_after=2024-11-04 00:00:00+00:00
[2024-11-04T20:22:43.261+0000] {processor.py:208} INFO - Processing /home/airflow/.local/lib/python3.12/site-packages/airflow/example_dags/example_nested_branch_dag.py took 0.104 seconds
[2024-11-04T20:25:38.344+0000] {processor.py:186} INFO - Started process (PID=76) to work on /home/airflow/.local/lib/python3.12/site-packages/airflow/example_dags/example_nested_branch_dag.py
[2024-11-04T20:25:38.347+0000] {processor.py:914} INFO - Processing file /home/airflow/.local/lib/python3.12/site-packages/airflow/example_dags/example_nested_branch_dag.py for tasks to queue
[2024-11-04T20:25:38.353+0000] {logging_mixin.py:190} INFO - [2024-11-04T20:25:38.352+0000] {dagbag.py:588} INFO - Filling up the DagBag from /home/airflow/.local/lib/python3.12/site-packages/airflow/example_dags/example_nested_branch_dag.py
[2024-11-04T20:25:38.373+0000] {processor.py:925} INFO - DAG(s) 'example_nested_branch_dag' retrieved from /home/airflow/.local/lib/python3.12/site-packages/airflow/example_dags/example_nested_branch_dag.py
[2024-11-04T20:25:38.433+0000] {logging_mixin.py:190} INFO - [2024-11-04T20:25:38.433+0000] {dag.py:3239} INFO - Sync 1 DAGs
[2024-11-04T20:25:38.475+0000] {logging_mixin.py:190} INFO - [2024-11-04T20:25:38.475+0000] {dag.py:4180} INFO - Setting next_dagrun for example_nested_branch_dag to 2024-11-03 00:00:00+00:00, run_after=2024-11-04 00:00:00+00:00
[2024-11-04T20:25:38.510+0000] {processor.py:208} INFO - Processing /home/airflow/.local/lib/python3.12/site-packages/airflow/example_dags/example_nested_branch_dag.py took 0.180 seconds
[2024-11-04T20:26:09.023+0000] {processor.py:186} INFO - Started process (PID=143) to work on /home/airflow/.local/lib/python3.12/site-packages/airflow/example_dags/example_nested_branch_dag.py
[2024-11-04T20:26:09.024+0000] {processor.py:914} INFO - Processing file /home/airflow/.local/lib/python3.12/site-packages/airflow/example_dags/example_nested_branch_dag.py for tasks to queue
[2024-11-04T20:26:09.027+0000] {logging_mixin.py:190} INFO - [2024-11-04T20:26:09.026+0000] {dagbag.py:588} INFO - Filling up the DagBag from /home/airflow/.local/lib/python3.12/site-packages/airflow/example_dags/example_nested_branch_dag.py
[2024-11-04T20:26:09.041+0000] {processor.py:925} INFO - DAG(s) 'example_nested_branch_dag' retrieved from /home/airflow/.local/lib/python3.12/site-packages/airflow/example_dags/example_nested_branch_dag.py
[2024-11-04T20:26:09.071+0000] {logging_mixin.py:190} INFO - [2024-11-04T20:26:09.071+0000] {dag.py:3239} INFO - Sync 1 DAGs
[2024-11-04T20:26:09.100+0000] {logging_mixin.py:190} INFO - [2024-11-04T20:26:09.100+0000] {dag.py:4180} INFO - Setting next_dagrun for example_nested_branch_dag to 2024-11-03 00:00:00+00:00, run_after=2024-11-04 00:00:00+00:00
[2024-11-04T20:26:09.137+0000] {processor.py:208} INFO - Processing /home/airflow/.local/lib/python3.12/site-packages/airflow/example_dags/example_nested_branch_dag.py took 0.120 seconds
[2024-11-04T20:27:18.780+0000] {processor.py:186} INFO - Started process (PID=62) to work on /home/airflow/.local/lib/python3.12/site-packages/airflow/example_dags/example_nested_branch_dag.py
[2024-11-04T20:27:18.782+0000] {processor.py:914} INFO - Processing file /home/airflow/.local/lib/python3.12/site-packages/airflow/example_dags/example_nested_branch_dag.py for tasks to queue
[2024-11-04T20:27:18.790+0000] {logging_mixin.py:190} INFO - [2024-11-04T20:27:18.789+0000] {dagbag.py:588} INFO - Filling up the DagBag from /home/airflow/.local/lib/python3.12/site-packages/airflow/example_dags/example_nested_branch_dag.py
[2024-11-04T20:27:18.816+0000] {processor.py:925} INFO - DAG(s) 'example_nested_branch_dag' retrieved from /home/airflow/.local/lib/python3.12/site-packages/airflow/example_dags/example_nested_branch_dag.py
[2024-11-04T20:27:18.904+0000] {logging_mixin.py:190} INFO - [2024-11-04T20:27:18.903+0000] {dag.py:3239} INFO - Sync 1 DAGs
[2024-11-04T20:27:18.980+0000] {logging_mixin.py:190} INFO - [2024-11-04T20:27:18.979+0000] {dag.py:4180} INFO - Setting next_dagrun for example_nested_branch_dag to 2024-11-03 00:00:00+00:00, run_after=2024-11-04 00:00:00+00:00
[2024-11-04T20:27:19.030+0000] {processor.py:208} INFO - Processing /home/airflow/.local/lib/python3.12/site-packages/airflow/example_dags/example_nested_branch_dag.py took 0.263 seconds
[2024-11-04T20:27:49.651+0000] {processor.py:186} INFO - Started process (PID=128) to work on /home/airflow/.local/lib/python3.12/site-packages/airflow/example_dags/example_nested_branch_dag.py
[2024-11-04T20:27:49.653+0000] {processor.py:914} INFO - Processing file /home/airflow/.local/lib/python3.12/site-packages/airflow/example_dags/example_nested_branch_dag.py for tasks to queue
[2024-11-04T20:27:49.655+0000] {logging_mixin.py:190} INFO - [2024-11-04T20:27:49.654+0000] {dagbag.py:588} INFO - Filling up the DagBag from /home/airflow/.local/lib/python3.12/site-packages/airflow/example_dags/example_nested_branch_dag.py
[2024-11-04T20:27:49.664+0000] {processor.py:925} INFO - DAG(s) 'example_nested_branch_dag' retrieved from /home/airflow/.local/lib/python3.12/site-packages/airflow/example_dags/example_nested_branch_dag.py
[2024-11-04T20:27:49.682+0000] {logging_mixin.py:190} INFO - [2024-11-04T20:27:49.682+0000] {dag.py:3239} INFO - Sync 1 DAGs
[2024-11-04T20:27:49.701+0000] {logging_mixin.py:190} INFO - [2024-11-04T20:27:49.700+0000] {dag.py:4180} INFO - Setting next_dagrun for example_nested_branch_dag to 2024-11-03 00:00:00+00:00, run_after=2024-11-04 00:00:00+00:00
[2024-11-04T20:27:49.733+0000] {processor.py:208} INFO - Processing /home/airflow/.local/lib/python3.12/site-packages/airflow/example_dags/example_nested_branch_dag.py took 0.087 seconds
[2024-11-04T20:28:20.218+0000] {processor.py:186} INFO - Started process (PID=194) to work on /home/airflow/.local/lib/python3.12/site-packages/airflow/example_dags/example_nested_branch_dag.py
[2024-11-04T20:28:20.221+0000] {processor.py:914} INFO - Processing file /home/airflow/.local/lib/python3.12/site-packages/airflow/example_dags/example_nested_branch_dag.py for tasks to queue
[2024-11-04T20:28:20.223+0000] {logging_mixin.py:190} INFO - [2024-11-04T20:28:20.223+0000] {dagbag.py:588} INFO - Filling up the DagBag from /home/airflow/.local/lib/python3.12/site-packages/airflow/example_dags/example_nested_branch_dag.py
[2024-11-04T20:28:20.233+0000] {processor.py:925} INFO - DAG(s) 'example_nested_branch_dag' retrieved from /home/airflow/.local/lib/python3.12/site-packages/airflow/example_dags/example_nested_branch_dag.py
[2024-11-04T20:28:20.256+0000] {logging_mixin.py:190} INFO - [2024-11-04T20:28:20.256+0000] {dag.py:3239} INFO - Sync 1 DAGs
[2024-11-04T20:28:20.290+0000] {logging_mixin.py:190} INFO - [2024-11-04T20:28:20.290+0000] {dag.py:4180} INFO - Setting next_dagrun for example_nested_branch_dag to 2024-11-03 00:00:00+00:00, run_after=2024-11-04 00:00:00+00:00
[2024-11-04T20:28:20.315+0000] {processor.py:208} INFO - Processing /home/airflow/.local/lib/python3.12/site-packages/airflow/example_dags/example_nested_branch_dag.py took 0.102 seconds
[2024-11-04T20:28:50.974+0000] {processor.py:186} INFO - Started process (PID=259) to work on /home/airflow/.local/lib/python3.12/site-packages/airflow/example_dags/example_nested_branch_dag.py
[2024-11-04T20:28:50.975+0000] {processor.py:914} INFO - Processing file /home/airflow/.local/lib/python3.12/site-packages/airflow/example_dags/example_nested_branch_dag.py for tasks to queue
[2024-11-04T20:28:50.978+0000] {logging_mixin.py:190} INFO - [2024-11-04T20:28:50.977+0000] {dagbag.py:588} INFO - Filling up the DagBag from /home/airflow/.local/lib/python3.12/site-packages/airflow/example_dags/example_nested_branch_dag.py
[2024-11-04T20:28:50.992+0000] {processor.py:925} INFO - DAG(s) 'example_nested_branch_dag' retrieved from /home/airflow/.local/lib/python3.12/site-packages/airflow/example_dags/example_nested_branch_dag.py
[2024-11-04T20:28:51.012+0000] {logging_mixin.py:190} INFO - [2024-11-04T20:28:51.012+0000] {dag.py:3239} INFO - Sync 1 DAGs
[2024-11-04T20:28:51.035+0000] {logging_mixin.py:190} INFO - [2024-11-04T20:28:51.035+0000] {dag.py:4180} INFO - Setting next_dagrun for example_nested_branch_dag to 2024-11-03 00:00:00+00:00, run_after=2024-11-04 00:00:00+00:00
[2024-11-04T20:28:51.057+0000] {processor.py:208} INFO - Processing /home/airflow/.local/lib/python3.12/site-packages/airflow/example_dags/example_nested_branch_dag.py took 0.089 seconds
