[2024-11-05T20:48:27.478+0000] {local_task_job_runner.py:123} INFO - ::group::Pre task execution logs
[2024-11-05T20:48:27.492+0000] {taskinstance.py:2612} INFO - Dependencies all met for dep_context=non-requeueable deps ti=<TaskInstance: fraud_transaction_analysis2.get_bitcoin_price manual__2024-11-05T20:48:17.949134+00:00 [queued]>
[2024-11-05T20:48:27.498+0000] {taskinstance.py:2612} INFO - Dependencies all met for dep_context=requeueable deps ti=<TaskInstance: fraud_transaction_analysis2.get_bitcoin_price manual__2024-11-05T20:48:17.949134+00:00 [queued]>
[2024-11-05T20:48:27.499+0000] {taskinstance.py:2865} INFO - Starting attempt 1 of 1
[2024-11-05T20:48:27.512+0000] {taskinstance.py:2888} INFO - Executing <Task(HttpOperator): get_bitcoin_price> on 2024-11-05 20:48:17.949134+00:00
[2024-11-05T20:48:27.516+0000] {warnings.py:112} WARNING - /home/***/.local/lib/python3.12/site-packages/***/task/task_runner/standard_task_runner.py:70: DeprecationWarning: This process (pid=78) is multi-threaded, use of fork() may lead to deadlocks in the child.
  pid = os.fork()

[2024-11-05T20:48:27.518+0000] {standard_task_runner.py:72} INFO - Started process 80 to run task
[2024-11-05T20:48:27.518+0000] {standard_task_runner.py:104} INFO - Running: ['***', 'tasks', 'run', 'fraud_transaction_analysis2', 'get_bitcoin_price', 'manual__2024-11-05T20:48:17.949134+00:00', '--job-id', '120', '--raw', '--subdir', 'DAGS_FOLDER/fraud_transaction_analysis2-dag.py', '--cfg-path', '/tmp/tmpmdc5wlzp']
[2024-11-05T20:48:27.519+0000] {standard_task_runner.py:105} INFO - Job 120: Subtask get_bitcoin_price
[2024-11-05T20:48:27.560+0000] {task_command.py:467} INFO - Running <TaskInstance: fraud_transaction_analysis2.get_bitcoin_price manual__2024-11-05T20:48:17.949134+00:00 [running]> on host 21d07c241839
[2024-11-05T20:48:27.623+0000] {taskinstance.py:3131} INFO - Exporting env vars: AIRFLOW_CTX_DAG_OWNER='***' AIRFLOW_CTX_DAG_ID='fraud_transaction_analysis2' AIRFLOW_CTX_TASK_ID='get_bitcoin_price' AIRFLOW_CTX_EXECUTION_DATE='2024-11-05T20:48:17.949134+00:00' AIRFLOW_CTX_TRY_NUMBER='1' AIRFLOW_CTX_DAG_RUN_ID='manual__2024-11-05T20:48:17.949134+00:00'
[2024-11-05T20:48:27.624+0000] {logging_mixin.py:190} INFO - Task instance is in running state
[2024-11-05T20:48:27.625+0000] {logging_mixin.py:190} INFO -  Previous state of the Task instance: queued
[2024-11-05T20:48:27.626+0000] {logging_mixin.py:190} INFO - Current task name:get_bitcoin_price state:running start_date:2024-11-05 20:48:27.493114+00:00
[2024-11-05T20:48:27.627+0000] {logging_mixin.py:190} INFO - Dag name:fraud_transaction_analysis2 and current dag run status:running
[2024-11-05T20:48:27.628+0000] {taskinstance.py:731} INFO - ::endgroup::
[2024-11-05T20:48:27.629+0000] {http.py:173} INFO - Calling HTTP method
[2024-11-05T20:48:27.638+0000] {base.py:84} INFO - Retrieving connection 'coindesk_api'
[2024-11-05T20:48:27.645+0000] {base.py:84} INFO - Retrieving connection 'coindesk_api'
[2024-11-05T20:48:27.796+0000] {http.py:222} INFO - {"time":{"updated":"Nov 5, 2024 20:48:17 UTC","updatedISO":"2024-11-05T20:48:17+00:00","updateduk":"Nov 5, 2024 at 20:48 GMT"},"disclaimer":"This data was produced from the CoinDesk Bitcoin Price Index (USD). Non-USD currency data converted using hourly conversion rate from openexchangerates.org","chartName":"Bitcoin","bpi":{"USD":{"code":"USD","symbol":"&#36;","rate":"69,647.423","description":"United States Dollar","rate_float":69647.4232},"GBP":{"code":"GBP","symbol":"&pound;","rate":"53,489.569","description":"British Pound Sterling","rate_float":53489.5692},"EUR":{"code":"EUR","symbol":"&euro;","rate":"63,714.995","description":"Euro","rate_float":63714.9949}}}
[2024-11-05T20:48:27.861+0000] {taskinstance.py:340} INFO - ::group::Post task execution logs
[2024-11-05T20:48:27.864+0000] {taskinstance.py:352} INFO - Marking task as SUCCESS. dag_id=fraud_transaction_analysis2, task_id=get_bitcoin_price, run_id=manual__2024-11-05T20:48:17.949134+00:00, execution_date=20241105T204817, start_date=20241105T204827, end_date=20241105T204827
[2024-11-05T20:48:27.887+0000] {logging_mixin.py:190} INFO - Task instance in success state
[2024-11-05T20:48:27.889+0000] {logging_mixin.py:190} INFO -  Previous state of the Task instance: running
[2024-11-05T20:48:27.891+0000] {logging_mixin.py:190} INFO - Dag name:fraud_transaction_analysis2 queued_at:2024-11-05 20:48:18.315978+00:00
[2024-11-05T20:48:27.893+0000] {logging_mixin.py:190} INFO - Task hostname:21d07c241839 operator:HttpOperator
[2024-11-05T20:48:27.935+0000] {local_task_job_runner.py:266} INFO - Task exited with return code 0
[2024-11-05T20:48:27.963+0000] {warnings.py:112} WARNING - /home/***/.local/lib/python3.12/site-packages/***/models/baseoperator.py:1378: AirflowProviderDeprecationWarning: Call to deprecated class PostgresOperator. (Please use `***.providers.common.sql.operators.sql.SQLExecuteQueryOperator`.Also, you can provide `hook_params={'schema': <database>}`.)
  result = cls.__new__(cls)

[2024-11-05T20:48:27.998+0000] {taskinstance.py:3900} INFO - 1 downstream tasks scheduled from follow-on schedule check
[2024-11-05T20:48:28.000+0000] {local_task_job_runner.py:245} INFO - ::endgroup::
