[2024-11-08T18:11:40.871+0300] {local_task_job_runner.py:123} INFO - ::group::Pre task execution logs
[2024-11-08T18:11:40.886+0300] {taskinstance.py:2612} INFO - Dependencies all met for dep_context=non-requeueable deps ti=<TaskInstance: fraud_transaction_analysis2.insert_data scheduled__2024-11-07T00:00:00+00:00 [queued]>
[2024-11-08T18:11:40.894+0300] {taskinstance.py:2612} INFO - Dependencies all met for dep_context=requeueable deps ti=<TaskInstance: fraud_transaction_analysis2.insert_data scheduled__2024-11-07T00:00:00+00:00 [queued]>
[2024-11-08T18:11:40.895+0300] {taskinstance.py:2865} INFO - Starting attempt 1 of 1
[2024-11-08T18:11:40.906+0300] {taskinstance.py:2888} INFO - Executing <Task(PostgresOperator): insert_data> on 2024-11-07 00:00:00+00:00
[2024-11-08T18:11:40.914+0300] {warnings.py:112} WARNING - /home/***/.local/lib/python3.12/site-packages/***/task/task_runner/standard_task_runner.py:70: DeprecationWarning: This process (pid=164) is multi-threaded, use of fork() may lead to deadlocks in the child.
  pid = os.fork()

[2024-11-08T18:11:40.916+0300] {standard_task_runner.py:72} INFO - Started process 168 to run task
[2024-11-08T18:11:40.916+0300] {standard_task_runner.py:104} INFO - Running: ['***', 'tasks', 'run', 'fraud_transaction_analysis2', 'insert_data', 'scheduled__2024-11-07T00:00:00+00:00', '--job-id', '222', '--raw', '--subdir', 'DAGS_FOLDER/fraud_transaction_analysis2-dag.py', '--cfg-path', '/tmp/tmp5t74id9l']
[2024-11-08T18:11:40.917+0300] {standard_task_runner.py:105} INFO - Job 222: Subtask insert_data
[2024-11-08T18:11:40.965+0300] {task_command.py:467} INFO - Running <TaskInstance: fraud_transaction_analysis2.insert_data scheduled__2024-11-07T00:00:00+00:00 [running]> on host 1168f67a661e
[2024-11-08T18:11:41.063+0300] {taskinstance.py:3131} INFO - Exporting env vars: AIRFLOW_CTX_DAG_OWNER='***' AIRFLOW_CTX_DAG_ID='fraud_transaction_analysis2' AIRFLOW_CTX_TASK_ID='insert_data' AIRFLOW_CTX_EXECUTION_DATE='2024-11-07T00:00:00+00:00' AIRFLOW_CTX_TRY_NUMBER='1' AIRFLOW_CTX_DAG_RUN_ID='scheduled__2024-11-07T00:00:00+00:00'
[2024-11-08T18:11:41.065+0300] {logging_mixin.py:190} INFO - Task instance is in running state
[2024-11-08T18:11:41.065+0300] {logging_mixin.py:190} INFO -  Previous state of the Task instance: queued
[2024-11-08T18:11:41.066+0300] {logging_mixin.py:190} INFO - Current task name:insert_data state:running start_date:2024-11-08 15:11:40.887363+00:00
[2024-11-08T18:11:41.066+0300] {logging_mixin.py:190} INFO - Dag name:fraud_transaction_analysis2 and current dag run status:running
[2024-11-08T18:11:41.067+0300] {taskinstance.py:731} INFO - ::endgroup::
[2024-11-08T18:11:41.068+0300] {sql.py:266} INFO - Executing: 
            INSERT INTO fraud_transactions (transaction_count, total_amount_usd, total_amount_btc, bitcoin_rate)
            VALUES (
                492,
                60127.97,
                0.7919711492753522,
                75921.9197
            );
        
[2024-11-08T18:11:41.075+0300] {base.py:84} INFO - Retrieving connection 'postgres_default'
[2024-11-08T18:11:41.083+0300] {base.py:84} INFO - Retrieving connection 'postgres_default'
[2024-11-08T18:11:41.087+0300] {sql.py:509} INFO - Running statement: 
            INSERT INTO fraud_transactions (transaction_count, total_amount_usd, total_amount_btc, bitcoin_rate)
            VALUES (
                492,
                60127.97,
                0.7919711492753522,
                75921.9197
            );
        , parameters: None
[2024-11-08T18:11:41.089+0300] {sql.py:518} INFO - Rows affected: 1
[2024-11-08T18:11:41.098+0300] {taskinstance.py:340} INFO - ::group::Post task execution logs
[2024-11-08T18:11:41.099+0300] {taskinstance.py:352} INFO - Marking task as SUCCESS. dag_id=fraud_transaction_analysis2, task_id=insert_data, run_id=scheduled__2024-11-07T00:00:00+00:00, execution_date=20241107T000000, start_date=20241108T151140, end_date=20241108T151141
[2024-11-08T18:11:41.107+0300] {logging_mixin.py:190} INFO - Task instance in success state
[2024-11-08T18:11:41.108+0300] {logging_mixin.py:190} INFO -  Previous state of the Task instance: running
[2024-11-08T18:11:41.109+0300] {logging_mixin.py:190} INFO - Dag name:fraud_transaction_analysis2 queued_at:2024-11-08 15:11:18.401151+00:00
[2024-11-08T18:11:41.110+0300] {logging_mixin.py:190} INFO - Task hostname:1168f67a661e operator:PostgresOperator
[2024-11-08T18:11:41.132+0300] {local_task_job_runner.py:266} INFO - Task exited with return code 0
[2024-11-08T18:11:41.140+0300] {warnings.py:112} WARNING - /home/***/.local/lib/python3.12/site-packages/***/models/baseoperator.py:1378: AirflowProviderDeprecationWarning: Call to deprecated class PostgresOperator. (Please use `***.providers.common.sql.operators.sql.SQLExecuteQueryOperator`.Also, you can provide `hook_params={'schema': <database>}`.)
  result = cls.__new__(cls)

[2024-11-08T18:11:41.150+0300] {taskinstance.py:3900} INFO - 1 downstream tasks scheduled from follow-on schedule check
[2024-11-08T18:11:41.152+0300] {local_task_job_runner.py:245} INFO - ::endgroup::
