[2024-11-01T12:33:51.338+0000] {local_task_job_runner.py:123} INFO - ::group::Pre task execution logs
[2024-11-01T12:33:51.351+0000] {taskinstance.py:2612} INFO - Dependencies all met for dep_context=non-requeueable deps ti=<TaskInstance: my_dag.my_task scheduled__2024-10-31T00:00:00+00:00 [queued]>
[2024-11-01T12:33:51.359+0000] {taskinstance.py:2612} INFO - Dependencies all met for dep_context=requeueable deps ti=<TaskInstance: my_dag.my_task scheduled__2024-10-31T00:00:00+00:00 [queued]>
[2024-11-01T12:33:51.361+0000] {taskinstance.py:2865} INFO - Starting attempt 1 of 2
[2024-11-01T12:33:51.379+0000] {taskinstance.py:2888} INFO - Executing <Task(BashOperator): my_task> on 2024-10-31 00:00:00+00:00
[2024-11-01T12:33:51.391+0000] {warnings.py:112} WARNING - /home/***/.local/lib/python3.12/site-packages/***/task/task_runner/standard_task_runner.py:70: DeprecationWarning: This process (pid=111) is multi-threaded, use of fork() may lead to deadlocks in the child.
  pid = os.fork()

[2024-11-01T12:33:51.392+0000] {standard_task_runner.py:72} INFO - Started process 113 to run task
[2024-11-01T12:33:51.392+0000] {standard_task_runner.py:104} INFO - Running: ['***', 'tasks', 'run', 'my_dag', 'my_task', 'scheduled__2024-10-31T00:00:00+00:00', '--job-id', '9', '--raw', '--subdir', 'DAGS_FOLDER/my-dag.py', '--cfg-path', '/tmp/tmplu5661j8']
[2024-11-01T12:33:51.394+0000] {standard_task_runner.py:105} INFO - Job 9: Subtask my_task
[2024-11-01T12:33:51.456+0000] {task_command.py:467} INFO - Running <TaskInstance: my_dag.my_task scheduled__2024-10-31T00:00:00+00:00 [running]> on host e07dba6ee931
[2024-11-01T12:33:51.519+0000] {taskinstance.py:3131} INFO - Exporting env vars: AIRFLOW_CTX_DAG_OWNER='***' AIRFLOW_CTX_DAG_ID='my_dag' AIRFLOW_CTX_TASK_ID='my_task' AIRFLOW_CTX_EXECUTION_DATE='2024-10-31T00:00:00+00:00' AIRFLOW_CTX_TRY_NUMBER='1' AIRFLOW_CTX_DAG_RUN_ID='scheduled__2024-10-31T00:00:00+00:00'
[2024-11-01T12:33:51.521+0000] {logging_mixin.py:190} INFO - Task instance is in running state
[2024-11-01T12:33:51.522+0000] {logging_mixin.py:190} INFO -  Previous state of the Task instance: queued
[2024-11-01T12:33:51.522+0000] {logging_mixin.py:190} INFO - Current task name:my_task state:running start_date:2024-11-01 12:33:51.352422+00:00
[2024-11-01T12:33:51.523+0000] {logging_mixin.py:190} INFO - Dag name:my_dag and current dag run status:running
[2024-11-01T12:33:51.523+0000] {taskinstance.py:731} INFO - ::endgroup::
[2024-11-01T12:33:51.524+0000] {subprocess.py:63} INFO - Tmp dir root location: /tmp
[2024-11-01T12:33:51.525+0000] {subprocess.py:75} INFO - Running command: ['/usr/bin/bash', '-c', 'echo "Hello World!"']
[2024-11-01T12:33:51.535+0000] {subprocess.py:86} INFO - Output:
[2024-11-01T12:33:51.536+0000] {subprocess.py:93} INFO - Hello World!
[2024-11-01T12:33:51.537+0000] {subprocess.py:97} INFO - Command exited with return code 0
[2024-11-01T12:33:51.561+0000] {taskinstance.py:340} INFO - ::group::Post task execution logs
[2024-11-01T12:33:51.562+0000] {taskinstance.py:352} INFO - Marking task as SUCCESS. dag_id=my_dag, task_id=my_task, run_id=scheduled__2024-10-31T00:00:00+00:00, execution_date=20241031T000000, start_date=20241101T123351, end_date=20241101T123351
[2024-11-01T12:33:51.570+0000] {logging_mixin.py:190} INFO - Task instance in success state
[2024-11-01T12:33:51.571+0000] {logging_mixin.py:190} INFO -  Previous state of the Task instance: running
[2024-11-01T12:33:51.572+0000] {logging_mixin.py:190} INFO - Dag name:my_dag queued_at:2024-11-01 12:33:48.187503+00:00
[2024-11-01T12:33:51.572+0000] {logging_mixin.py:190} INFO - Task hostname:e07dba6ee931 operator:BashOperator
[2024-11-01T12:33:51.609+0000] {local_task_job_runner.py:266} INFO - Task exited with return code 0
[2024-11-01T12:33:51.622+0000] {taskinstance.py:3900} INFO - 0 downstream tasks scheduled from follow-on schedule check
[2024-11-01T12:33:51.626+0000] {local_task_job_runner.py:245} INFO - ::endgroup::
