[2024-11-22T19:18:42.255+0300] {processor.py:186} INFO - Started process (PID=108) to work on /home/airflow/.local/lib/python3.12/site-packages/airflow/example_dags/example_display_name.py
[2024-11-22T19:18:42.258+0300] {processor.py:914} INFO - Processing file /home/airflow/.local/lib/python3.12/site-packages/airflow/example_dags/example_display_name.py for tasks to queue
[2024-11-22T19:18:42.262+0300] {logging_mixin.py:190} INFO - [2024-11-22T19:18:42.261+0300] {dagbag.py:588} INFO - Filling up the DagBag from /home/airflow/.local/lib/python3.12/site-packages/airflow/example_dags/example_display_name.py
[2024-11-22T19:18:42.277+0300] {processor.py:925} INFO - DAG(s) 'example_display_name' retrieved from /home/airflow/.local/lib/python3.12/site-packages/airflow/example_dags/example_display_name.py
[2024-11-22T19:18:42.307+0300] {logging_mixin.py:190} INFO - [2024-11-22T19:18:42.306+0300] {dag.py:3239} INFO - Sync 1 DAGs
[2024-11-22T19:18:42.333+0300] {logging_mixin.py:190} INFO - [2024-11-22T19:18:42.333+0300] {dag.py:4180} INFO - Setting next_dagrun for example_display_name to None, run_after=None
[2024-11-22T19:18:42.362+0300] {processor.py:208} INFO - Processing /home/airflow/.local/lib/python3.12/site-packages/airflow/example_dags/example_display_name.py took 0.114 seconds
[2024-11-22T19:19:12.454+0300] {processor.py:186} INFO - Started process (PID=194) to work on /home/airflow/.local/lib/python3.12/site-packages/airflow/example_dags/example_display_name.py
[2024-11-22T19:19:12.455+0300] {processor.py:914} INFO - Processing file /home/airflow/.local/lib/python3.12/site-packages/airflow/example_dags/example_display_name.py for tasks to queue
[2024-11-22T19:19:12.457+0300] {logging_mixin.py:190} INFO - [2024-11-22T19:19:12.457+0300] {dagbag.py:588} INFO - Filling up the DagBag from /home/airflow/.local/lib/python3.12/site-packages/airflow/example_dags/example_display_name.py
[2024-11-22T19:19:12.465+0300] {processor.py:925} INFO - DAG(s) 'example_display_name' retrieved from /home/airflow/.local/lib/python3.12/site-packages/airflow/example_dags/example_display_name.py
[2024-11-22T19:19:12.482+0300] {logging_mixin.py:190} INFO - [2024-11-22T19:19:12.482+0300] {dag.py:3239} INFO - Sync 1 DAGs
[2024-11-22T19:19:12.494+0300] {logging_mixin.py:190} INFO - [2024-11-22T19:19:12.494+0300] {dag.py:4180} INFO - Setting next_dagrun for example_display_name to None, run_after=None
[2024-11-22T19:19:12.509+0300] {processor.py:208} INFO - Processing /home/airflow/.local/lib/python3.12/site-packages/airflow/example_dags/example_display_name.py took 0.061 seconds
[2024-11-22T19:19:43.610+0300] {processor.py:186} INFO - Started process (PID=263) to work on /home/airflow/.local/lib/python3.12/site-packages/airflow/example_dags/example_display_name.py
[2024-11-22T19:19:43.611+0300] {processor.py:914} INFO - Processing file /home/airflow/.local/lib/python3.12/site-packages/airflow/example_dags/example_display_name.py for tasks to queue
[2024-11-22T19:19:43.615+0300] {logging_mixin.py:190} INFO - [2024-11-22T19:19:43.614+0300] {dagbag.py:588} INFO - Filling up the DagBag from /home/airflow/.local/lib/python3.12/site-packages/airflow/example_dags/example_display_name.py
[2024-11-22T19:19:43.622+0300] {processor.py:925} INFO - DAG(s) 'example_display_name' retrieved from /home/airflow/.local/lib/python3.12/site-packages/airflow/example_dags/example_display_name.py
[2024-11-22T19:19:43.640+0300] {logging_mixin.py:190} INFO - [2024-11-22T19:19:43.639+0300] {dag.py:3239} INFO - Sync 1 DAGs
[2024-11-22T19:19:43.654+0300] {logging_mixin.py:190} INFO - [2024-11-22T19:19:43.653+0300] {dag.py:4180} INFO - Setting next_dagrun for example_display_name to None, run_after=None
[2024-11-22T19:19:43.676+0300] {processor.py:208} INFO - Processing /home/airflow/.local/lib/python3.12/site-packages/airflow/example_dags/example_display_name.py took 0.070 seconds
[2024-11-22T19:20:13.917+0300] {processor.py:186} INFO - Started process (PID=332) to work on /home/airflow/.local/lib/python3.12/site-packages/airflow/example_dags/example_display_name.py
[2024-11-22T19:20:13.918+0300] {processor.py:914} INFO - Processing file /home/airflow/.local/lib/python3.12/site-packages/airflow/example_dags/example_display_name.py for tasks to queue
[2024-11-22T19:20:13.921+0300] {logging_mixin.py:190} INFO - [2024-11-22T19:20:13.921+0300] {dagbag.py:588} INFO - Filling up the DagBag from /home/airflow/.local/lib/python3.12/site-packages/airflow/example_dags/example_display_name.py
[2024-11-22T19:20:13.931+0300] {processor.py:925} INFO - DAG(s) 'example_display_name' retrieved from /home/airflow/.local/lib/python3.12/site-packages/airflow/example_dags/example_display_name.py
[2024-11-22T19:20:13.953+0300] {logging_mixin.py:190} INFO - [2024-11-22T19:20:13.953+0300] {dag.py:3239} INFO - Sync 1 DAGs
[2024-11-22T19:20:13.970+0300] {logging_mixin.py:190} INFO - [2024-11-22T19:20:13.970+0300] {dag.py:4180} INFO - Setting next_dagrun for example_display_name to None, run_after=None
[2024-11-22T19:20:13.990+0300] {processor.py:208} INFO - Processing /home/airflow/.local/lib/python3.12/site-packages/airflow/example_dags/example_display_name.py took 0.080 seconds
[2024-11-22T19:20:44.467+0300] {processor.py:186} INFO - Started process (PID=401) to work on /home/airflow/.local/lib/python3.12/site-packages/airflow/example_dags/example_display_name.py
[2024-11-22T19:20:44.468+0300] {processor.py:914} INFO - Processing file /home/airflow/.local/lib/python3.12/site-packages/airflow/example_dags/example_display_name.py for tasks to queue
[2024-11-22T19:20:44.471+0300] {logging_mixin.py:190} INFO - [2024-11-22T19:20:44.471+0300] {dagbag.py:588} INFO - Filling up the DagBag from /home/airflow/.local/lib/python3.12/site-packages/airflow/example_dags/example_display_name.py
[2024-11-22T19:20:44.480+0300] {processor.py:925} INFO - DAG(s) 'example_display_name' retrieved from /home/airflow/.local/lib/python3.12/site-packages/airflow/example_dags/example_display_name.py
[2024-11-22T19:20:44.501+0300] {logging_mixin.py:190} INFO - [2024-11-22T19:20:44.500+0300] {dag.py:3239} INFO - Sync 1 DAGs
[2024-11-22T19:20:44.515+0300] {logging_mixin.py:190} INFO - [2024-11-22T19:20:44.515+0300] {dag.py:4180} INFO - Setting next_dagrun for example_display_name to None, run_after=None
[2024-11-22T19:20:44.537+0300] {processor.py:208} INFO - Processing /home/airflow/.local/lib/python3.12/site-packages/airflow/example_dags/example_display_name.py took 0.077 seconds
[2024-11-22T19:21:15.477+0300] {processor.py:186} INFO - Started process (PID=470) to work on /home/airflow/.local/lib/python3.12/site-packages/airflow/example_dags/example_display_name.py
[2024-11-22T19:21:15.478+0300] {processor.py:914} INFO - Processing file /home/airflow/.local/lib/python3.12/site-packages/airflow/example_dags/example_display_name.py for tasks to queue
[2024-11-22T19:21:15.481+0300] {logging_mixin.py:190} INFO - [2024-11-22T19:21:15.480+0300] {dagbag.py:588} INFO - Filling up the DagBag from /home/airflow/.local/lib/python3.12/site-packages/airflow/example_dags/example_display_name.py
[2024-11-22T19:21:15.487+0300] {processor.py:925} INFO - DAG(s) 'example_display_name' retrieved from /home/airflow/.local/lib/python3.12/site-packages/airflow/example_dags/example_display_name.py
[2024-11-22T19:21:15.503+0300] {logging_mixin.py:190} INFO - [2024-11-22T19:21:15.503+0300] {dag.py:3239} INFO - Sync 1 DAGs
[2024-11-22T19:21:15.518+0300] {logging_mixin.py:190} INFO - [2024-11-22T19:21:15.518+0300] {dag.py:4180} INFO - Setting next_dagrun for example_display_name to None, run_after=None
[2024-11-22T19:21:15.535+0300] {processor.py:208} INFO - Processing /home/airflow/.local/lib/python3.12/site-packages/airflow/example_dags/example_display_name.py took 0.064 seconds
[2024-11-22T19:21:46.362+0300] {processor.py:186} INFO - Started process (PID=539) to work on /home/airflow/.local/lib/python3.12/site-packages/airflow/example_dags/example_display_name.py
[2024-11-22T19:21:46.363+0300] {processor.py:914} INFO - Processing file /home/airflow/.local/lib/python3.12/site-packages/airflow/example_dags/example_display_name.py for tasks to queue
[2024-11-22T19:21:46.366+0300] {logging_mixin.py:190} INFO - [2024-11-22T19:21:46.366+0300] {dagbag.py:588} INFO - Filling up the DagBag from /home/airflow/.local/lib/python3.12/site-packages/airflow/example_dags/example_display_name.py
[2024-11-22T19:21:46.373+0300] {processor.py:925} INFO - DAG(s) 'example_display_name' retrieved from /home/airflow/.local/lib/python3.12/site-packages/airflow/example_dags/example_display_name.py
[2024-11-22T19:21:46.394+0300] {logging_mixin.py:190} INFO - [2024-11-22T19:21:46.394+0300] {dag.py:3239} INFO - Sync 1 DAGs
[2024-11-22T19:21:46.411+0300] {logging_mixin.py:190} INFO - [2024-11-22T19:21:46.411+0300] {dag.py:4180} INFO - Setting next_dagrun for example_display_name to None, run_after=None
[2024-11-22T19:21:46.430+0300] {processor.py:208} INFO - Processing /home/airflow/.local/lib/python3.12/site-packages/airflow/example_dags/example_display_name.py took 0.074 seconds
[2024-11-22T19:22:17.229+0300] {processor.py:186} INFO - Started process (PID=608) to work on /home/airflow/.local/lib/python3.12/site-packages/airflow/example_dags/example_display_name.py
[2024-11-22T19:22:17.230+0300] {processor.py:914} INFO - Processing file /home/airflow/.local/lib/python3.12/site-packages/airflow/example_dags/example_display_name.py for tasks to queue
[2024-11-22T19:22:17.234+0300] {logging_mixin.py:190} INFO - [2024-11-22T19:22:17.234+0300] {dagbag.py:588} INFO - Filling up the DagBag from /home/airflow/.local/lib/python3.12/site-packages/airflow/example_dags/example_display_name.py
[2024-11-22T19:22:17.242+0300] {processor.py:925} INFO - DAG(s) 'example_display_name' retrieved from /home/airflow/.local/lib/python3.12/site-packages/airflow/example_dags/example_display_name.py
[2024-11-22T19:22:17.268+0300] {logging_mixin.py:190} INFO - [2024-11-22T19:22:17.264+0300] {dag.py:3239} INFO - Sync 1 DAGs
[2024-11-22T19:22:17.314+0300] {logging_mixin.py:190} INFO - [2024-11-22T19:22:17.314+0300] {dag.py:4180} INFO - Setting next_dagrun for example_display_name to None, run_after=None
[2024-11-22T19:22:17.357+0300] {processor.py:208} INFO - Processing /home/airflow/.local/lib/python3.12/site-packages/airflow/example_dags/example_display_name.py took 0.136 seconds
[2024-11-22T19:22:47.493+0300] {processor.py:186} INFO - Started process (PID=677) to work on /home/airflow/.local/lib/python3.12/site-packages/airflow/example_dags/example_display_name.py
[2024-11-22T19:22:47.494+0300] {processor.py:914} INFO - Processing file /home/airflow/.local/lib/python3.12/site-packages/airflow/example_dags/example_display_name.py for tasks to queue
[2024-11-22T19:22:47.497+0300] {logging_mixin.py:190} INFO - [2024-11-22T19:22:47.497+0300] {dagbag.py:588} INFO - Filling up the DagBag from /home/airflow/.local/lib/python3.12/site-packages/airflow/example_dags/example_display_name.py
[2024-11-22T19:22:47.505+0300] {processor.py:925} INFO - DAG(s) 'example_display_name' retrieved from /home/airflow/.local/lib/python3.12/site-packages/airflow/example_dags/example_display_name.py
[2024-11-22T19:22:47.522+0300] {logging_mixin.py:190} INFO - [2024-11-22T19:22:47.522+0300] {dag.py:3239} INFO - Sync 1 DAGs
[2024-11-22T19:22:47.534+0300] {logging_mixin.py:190} INFO - [2024-11-22T19:22:47.534+0300] {dag.py:4180} INFO - Setting next_dagrun for example_display_name to None, run_after=None
[2024-11-22T19:22:47.554+0300] {processor.py:208} INFO - Processing /home/airflow/.local/lib/python3.12/site-packages/airflow/example_dags/example_display_name.py took 0.067 seconds
[2024-11-22T19:23:18.544+0300] {processor.py:186} INFO - Started process (PID=746) to work on /home/airflow/.local/lib/python3.12/site-packages/airflow/example_dags/example_display_name.py
[2024-11-22T19:23:18.546+0300] {processor.py:914} INFO - Processing file /home/airflow/.local/lib/python3.12/site-packages/airflow/example_dags/example_display_name.py for tasks to queue
[2024-11-22T19:23:18.548+0300] {logging_mixin.py:190} INFO - [2024-11-22T19:23:18.548+0300] {dagbag.py:588} INFO - Filling up the DagBag from /home/airflow/.local/lib/python3.12/site-packages/airflow/example_dags/example_display_name.py
[2024-11-22T19:23:18.555+0300] {processor.py:925} INFO - DAG(s) 'example_display_name' retrieved from /home/airflow/.local/lib/python3.12/site-packages/airflow/example_dags/example_display_name.py
[2024-11-22T19:23:18.573+0300] {logging_mixin.py:190} INFO - [2024-11-22T19:23:18.573+0300] {dag.py:3239} INFO - Sync 1 DAGs
[2024-11-22T19:23:18.585+0300] {logging_mixin.py:190} INFO - [2024-11-22T19:23:18.585+0300] {dag.py:4180} INFO - Setting next_dagrun for example_display_name to None, run_after=None
[2024-11-22T19:23:18.604+0300] {processor.py:208} INFO - Processing /home/airflow/.local/lib/python3.12/site-packages/airflow/example_dags/example_display_name.py took 0.065 seconds
[2024-11-22T19:23:48.806+0300] {processor.py:186} INFO - Started process (PID=815) to work on /home/airflow/.local/lib/python3.12/site-packages/airflow/example_dags/example_display_name.py
[2024-11-22T19:23:48.807+0300] {processor.py:914} INFO - Processing file /home/airflow/.local/lib/python3.12/site-packages/airflow/example_dags/example_display_name.py for tasks to queue
[2024-11-22T19:23:48.809+0300] {logging_mixin.py:190} INFO - [2024-11-22T19:23:48.809+0300] {dagbag.py:588} INFO - Filling up the DagBag from /home/airflow/.local/lib/python3.12/site-packages/airflow/example_dags/example_display_name.py
[2024-11-22T19:23:48.816+0300] {processor.py:925} INFO - DAG(s) 'example_display_name' retrieved from /home/airflow/.local/lib/python3.12/site-packages/airflow/example_dags/example_display_name.py
[2024-11-22T19:23:48.835+0300] {logging_mixin.py:190} INFO - [2024-11-22T19:23:48.834+0300] {dag.py:3239} INFO - Sync 1 DAGs
[2024-11-22T19:23:48.846+0300] {logging_mixin.py:190} INFO - [2024-11-22T19:23:48.846+0300] {dag.py:4180} INFO - Setting next_dagrun for example_display_name to None, run_after=None
[2024-11-22T19:23:48.863+0300] {processor.py:208} INFO - Processing /home/airflow/.local/lib/python3.12/site-packages/airflow/example_dags/example_display_name.py took 0.062 seconds
[2024-11-22T19:24:19.910+0300] {processor.py:186} INFO - Started process (PID=884) to work on /home/airflow/.local/lib/python3.12/site-packages/airflow/example_dags/example_display_name.py
[2024-11-22T19:24:19.912+0300] {processor.py:914} INFO - Processing file /home/airflow/.local/lib/python3.12/site-packages/airflow/example_dags/example_display_name.py for tasks to queue
[2024-11-22T19:24:19.914+0300] {logging_mixin.py:190} INFO - [2024-11-22T19:24:19.914+0300] {dagbag.py:588} INFO - Filling up the DagBag from /home/airflow/.local/lib/python3.12/site-packages/airflow/example_dags/example_display_name.py
[2024-11-22T19:24:19.921+0300] {processor.py:925} INFO - DAG(s) 'example_display_name' retrieved from /home/airflow/.local/lib/python3.12/site-packages/airflow/example_dags/example_display_name.py
[2024-11-22T19:24:19.939+0300] {logging_mixin.py:190} INFO - [2024-11-22T19:24:19.939+0300] {dag.py:3239} INFO - Sync 1 DAGs
[2024-11-22T19:24:19.952+0300] {logging_mixin.py:190} INFO - [2024-11-22T19:24:19.951+0300] {dag.py:4180} INFO - Setting next_dagrun for example_display_name to None, run_after=None
[2024-11-22T19:24:19.970+0300] {processor.py:208} INFO - Processing /home/airflow/.local/lib/python3.12/site-packages/airflow/example_dags/example_display_name.py took 0.064 seconds
[2024-11-22T19:24:50.819+0300] {processor.py:186} INFO - Started process (PID=953) to work on /home/airflow/.local/lib/python3.12/site-packages/airflow/example_dags/example_display_name.py
[2024-11-22T19:24:50.820+0300] {processor.py:914} INFO - Processing file /home/airflow/.local/lib/python3.12/site-packages/airflow/example_dags/example_display_name.py for tasks to queue
[2024-11-22T19:24:50.822+0300] {logging_mixin.py:190} INFO - [2024-11-22T19:24:50.822+0300] {dagbag.py:588} INFO - Filling up the DagBag from /home/airflow/.local/lib/python3.12/site-packages/airflow/example_dags/example_display_name.py
[2024-11-22T19:24:50.829+0300] {processor.py:925} INFO - DAG(s) 'example_display_name' retrieved from /home/airflow/.local/lib/python3.12/site-packages/airflow/example_dags/example_display_name.py
[2024-11-22T19:24:50.846+0300] {logging_mixin.py:190} INFO - [2024-11-22T19:24:50.846+0300] {dag.py:3239} INFO - Sync 1 DAGs
[2024-11-22T19:24:50.857+0300] {logging_mixin.py:190} INFO - [2024-11-22T19:24:50.857+0300] {dag.py:4180} INFO - Setting next_dagrun for example_display_name to None, run_after=None
[2024-11-22T19:24:50.876+0300] {processor.py:208} INFO - Processing /home/airflow/.local/lib/python3.12/site-packages/airflow/example_dags/example_display_name.py took 0.062 seconds
[2024-11-22T19:25:22.077+0300] {processor.py:186} INFO - Started process (PID=1022) to work on /home/airflow/.local/lib/python3.12/site-packages/airflow/example_dags/example_display_name.py
[2024-11-22T19:25:22.079+0300] {processor.py:914} INFO - Processing file /home/airflow/.local/lib/python3.12/site-packages/airflow/example_dags/example_display_name.py for tasks to queue
[2024-11-22T19:25:22.083+0300] {logging_mixin.py:190} INFO - [2024-11-22T19:25:22.082+0300] {dagbag.py:588} INFO - Filling up the DagBag from /home/airflow/.local/lib/python3.12/site-packages/airflow/example_dags/example_display_name.py
[2024-11-22T19:25:22.092+0300] {processor.py:925} INFO - DAG(s) 'example_display_name' retrieved from /home/airflow/.local/lib/python3.12/site-packages/airflow/example_dags/example_display_name.py
[2024-11-22T19:25:22.114+0300] {logging_mixin.py:190} INFO - [2024-11-22T19:25:22.113+0300] {dag.py:3239} INFO - Sync 1 DAGs
[2024-11-22T19:25:22.130+0300] {logging_mixin.py:190} INFO - [2024-11-22T19:25:22.130+0300] {dag.py:4180} INFO - Setting next_dagrun for example_display_name to None, run_after=None
[2024-11-22T19:25:22.152+0300] {processor.py:208} INFO - Processing /home/airflow/.local/lib/python3.12/site-packages/airflow/example_dags/example_display_name.py took 0.082 seconds
[2024-11-22T19:25:52.594+0300] {processor.py:186} INFO - Started process (PID=1091) to work on /home/airflow/.local/lib/python3.12/site-packages/airflow/example_dags/example_display_name.py
[2024-11-22T19:25:52.595+0300] {processor.py:914} INFO - Processing file /home/airflow/.local/lib/python3.12/site-packages/airflow/example_dags/example_display_name.py for tasks to queue
[2024-11-22T19:25:52.598+0300] {logging_mixin.py:190} INFO - [2024-11-22T19:25:52.597+0300] {dagbag.py:588} INFO - Filling up the DagBag from /home/airflow/.local/lib/python3.12/site-packages/airflow/example_dags/example_display_name.py
[2024-11-22T19:25:52.606+0300] {processor.py:925} INFO - DAG(s) 'example_display_name' retrieved from /home/airflow/.local/lib/python3.12/site-packages/airflow/example_dags/example_display_name.py
[2024-11-22T19:25:52.624+0300] {logging_mixin.py:190} INFO - [2024-11-22T19:25:52.624+0300] {dag.py:3239} INFO - Sync 1 DAGs
[2024-11-22T19:25:52.637+0300] {logging_mixin.py:190} INFO - [2024-11-22T19:25:52.637+0300] {dag.py:4180} INFO - Setting next_dagrun for example_display_name to None, run_after=None
[2024-11-22T19:25:52.653+0300] {processor.py:208} INFO - Processing /home/airflow/.local/lib/python3.12/site-packages/airflow/example_dags/example_display_name.py took 0.063 seconds
[2024-11-22T19:26:23.184+0300] {processor.py:186} INFO - Started process (PID=1160) to work on /home/airflow/.local/lib/python3.12/site-packages/airflow/example_dags/example_display_name.py
[2024-11-22T19:26:23.185+0300] {processor.py:914} INFO - Processing file /home/airflow/.local/lib/python3.12/site-packages/airflow/example_dags/example_display_name.py for tasks to queue
[2024-11-22T19:26:23.188+0300] {logging_mixin.py:190} INFO - [2024-11-22T19:26:23.187+0300] {dagbag.py:588} INFO - Filling up the DagBag from /home/airflow/.local/lib/python3.12/site-packages/airflow/example_dags/example_display_name.py
[2024-11-22T19:26:23.196+0300] {processor.py:925} INFO - DAG(s) 'example_display_name' retrieved from /home/airflow/.local/lib/python3.12/site-packages/airflow/example_dags/example_display_name.py
[2024-11-22T19:26:23.215+0300] {logging_mixin.py:190} INFO - [2024-11-22T19:26:23.214+0300] {dag.py:3239} INFO - Sync 1 DAGs
[2024-11-22T19:26:23.227+0300] {logging_mixin.py:190} INFO - [2024-11-22T19:26:23.226+0300] {dag.py:4180} INFO - Setting next_dagrun for example_display_name to None, run_after=None
[2024-11-22T19:26:23.261+0300] {processor.py:208} INFO - Processing /home/airflow/.local/lib/python3.12/site-packages/airflow/example_dags/example_display_name.py took 0.083 seconds
[2024-11-22T19:26:54.773+0300] {processor.py:186} INFO - Started process (PID=1229) to work on /home/airflow/.local/lib/python3.12/site-packages/airflow/example_dags/example_display_name.py
[2024-11-22T19:26:54.775+0300] {processor.py:914} INFO - Processing file /home/airflow/.local/lib/python3.12/site-packages/airflow/example_dags/example_display_name.py for tasks to queue
[2024-11-22T19:26:54.777+0300] {logging_mixin.py:190} INFO - [2024-11-22T19:26:54.777+0300] {dagbag.py:588} INFO - Filling up the DagBag from /home/airflow/.local/lib/python3.12/site-packages/airflow/example_dags/example_display_name.py
[2024-11-22T19:26:54.785+0300] {processor.py:925} INFO - DAG(s) 'example_display_name' retrieved from /home/airflow/.local/lib/python3.12/site-packages/airflow/example_dags/example_display_name.py
[2024-11-22T19:26:54.808+0300] {logging_mixin.py:190} INFO - [2024-11-22T19:26:54.807+0300] {dag.py:3239} INFO - Sync 1 DAGs
[2024-11-22T19:26:54.822+0300] {logging_mixin.py:190} INFO - [2024-11-22T19:26:54.821+0300] {dag.py:4180} INFO - Setting next_dagrun for example_display_name to None, run_after=None
[2024-11-22T19:26:54.854+0300] {processor.py:208} INFO - Processing /home/airflow/.local/lib/python3.12/site-packages/airflow/example_dags/example_display_name.py took 0.086 seconds
[2024-11-22T19:27:25.625+0300] {processor.py:186} INFO - Started process (PID=1298) to work on /home/airflow/.local/lib/python3.12/site-packages/airflow/example_dags/example_display_name.py
[2024-11-22T19:27:25.626+0300] {processor.py:914} INFO - Processing file /home/airflow/.local/lib/python3.12/site-packages/airflow/example_dags/example_display_name.py for tasks to queue
[2024-11-22T19:27:25.628+0300] {logging_mixin.py:190} INFO - [2024-11-22T19:27:25.627+0300] {dagbag.py:588} INFO - Filling up the DagBag from /home/airflow/.local/lib/python3.12/site-packages/airflow/example_dags/example_display_name.py
[2024-11-22T19:27:25.636+0300] {processor.py:925} INFO - DAG(s) 'example_display_name' retrieved from /home/airflow/.local/lib/python3.12/site-packages/airflow/example_dags/example_display_name.py
[2024-11-22T19:27:25.653+0300] {logging_mixin.py:190} INFO - [2024-11-22T19:27:25.653+0300] {dag.py:3239} INFO - Sync 1 DAGs
[2024-11-22T19:27:25.667+0300] {logging_mixin.py:190} INFO - [2024-11-22T19:27:25.667+0300] {dag.py:4180} INFO - Setting next_dagrun for example_display_name to None, run_after=None
[2024-11-22T19:27:25.684+0300] {processor.py:208} INFO - Processing /home/airflow/.local/lib/python3.12/site-packages/airflow/example_dags/example_display_name.py took 0.065 seconds
[2024-11-22T19:27:56.389+0300] {processor.py:186} INFO - Started process (PID=1367) to work on /home/airflow/.local/lib/python3.12/site-packages/airflow/example_dags/example_display_name.py
[2024-11-22T19:27:56.390+0300] {processor.py:914} INFO - Processing file /home/airflow/.local/lib/python3.12/site-packages/airflow/example_dags/example_display_name.py for tasks to queue
[2024-11-22T19:27:56.393+0300] {logging_mixin.py:190} INFO - [2024-11-22T19:27:56.393+0300] {dagbag.py:588} INFO - Filling up the DagBag from /home/airflow/.local/lib/python3.12/site-packages/airflow/example_dags/example_display_name.py
[2024-11-22T19:27:56.400+0300] {processor.py:925} INFO - DAG(s) 'example_display_name' retrieved from /home/airflow/.local/lib/python3.12/site-packages/airflow/example_dags/example_display_name.py
[2024-11-22T19:27:56.417+0300] {logging_mixin.py:190} INFO - [2024-11-22T19:27:56.417+0300] {dag.py:3239} INFO - Sync 1 DAGs
[2024-11-22T19:27:56.430+0300] {logging_mixin.py:190} INFO - [2024-11-22T19:27:56.430+0300] {dag.py:4180} INFO - Setting next_dagrun for example_display_name to None, run_after=None
[2024-11-22T19:27:56.449+0300] {processor.py:208} INFO - Processing /home/airflow/.local/lib/python3.12/site-packages/airflow/example_dags/example_display_name.py took 0.065 seconds
[2024-11-22T19:28:27.379+0300] {processor.py:186} INFO - Started process (PID=1436) to work on /home/airflow/.local/lib/python3.12/site-packages/airflow/example_dags/example_display_name.py
[2024-11-22T19:28:27.380+0300] {processor.py:914} INFO - Processing file /home/airflow/.local/lib/python3.12/site-packages/airflow/example_dags/example_display_name.py for tasks to queue
[2024-11-22T19:28:27.383+0300] {logging_mixin.py:190} INFO - [2024-11-22T19:28:27.383+0300] {dagbag.py:588} INFO - Filling up the DagBag from /home/airflow/.local/lib/python3.12/site-packages/airflow/example_dags/example_display_name.py
[2024-11-22T19:28:27.390+0300] {processor.py:925} INFO - DAG(s) 'example_display_name' retrieved from /home/airflow/.local/lib/python3.12/site-packages/airflow/example_dags/example_display_name.py
[2024-11-22T19:28:27.411+0300] {logging_mixin.py:190} INFO - [2024-11-22T19:28:27.411+0300] {dag.py:3239} INFO - Sync 1 DAGs
[2024-11-22T19:28:27.423+0300] {logging_mixin.py:190} INFO - [2024-11-22T19:28:27.423+0300] {dag.py:4180} INFO - Setting next_dagrun for example_display_name to None, run_after=None
[2024-11-22T19:28:27.444+0300] {processor.py:208} INFO - Processing /home/airflow/.local/lib/python3.12/site-packages/airflow/example_dags/example_display_name.py took 0.071 seconds
[2024-11-22T19:28:58.213+0300] {processor.py:186} INFO - Started process (PID=1505) to work on /home/airflow/.local/lib/python3.12/site-packages/airflow/example_dags/example_display_name.py
[2024-11-22T19:28:58.214+0300] {processor.py:914} INFO - Processing file /home/airflow/.local/lib/python3.12/site-packages/airflow/example_dags/example_display_name.py for tasks to queue
[2024-11-22T19:28:58.217+0300] {logging_mixin.py:190} INFO - [2024-11-22T19:28:58.217+0300] {dagbag.py:588} INFO - Filling up the DagBag from /home/airflow/.local/lib/python3.12/site-packages/airflow/example_dags/example_display_name.py
[2024-11-22T19:28:58.224+0300] {processor.py:925} INFO - DAG(s) 'example_display_name' retrieved from /home/airflow/.local/lib/python3.12/site-packages/airflow/example_dags/example_display_name.py
[2024-11-22T19:28:58.248+0300] {logging_mixin.py:190} INFO - [2024-11-22T19:28:58.248+0300] {dag.py:3239} INFO - Sync 1 DAGs
[2024-11-22T19:28:58.265+0300] {logging_mixin.py:190} INFO - [2024-11-22T19:28:58.265+0300] {dag.py:4180} INFO - Setting next_dagrun for example_display_name to None, run_after=None
[2024-11-22T19:28:58.299+0300] {processor.py:208} INFO - Processing /home/airflow/.local/lib/python3.12/site-packages/airflow/example_dags/example_display_name.py took 0.093 seconds
[2024-11-22T19:29:28.733+0300] {processor.py:186} INFO - Started process (PID=1573) to work on /home/airflow/.local/lib/python3.12/site-packages/airflow/example_dags/example_display_name.py
[2024-11-22T19:29:28.734+0300] {processor.py:914} INFO - Processing file /home/airflow/.local/lib/python3.12/site-packages/airflow/example_dags/example_display_name.py for tasks to queue
[2024-11-22T19:29:28.737+0300] {logging_mixin.py:190} INFO - [2024-11-22T19:29:28.736+0300] {dagbag.py:588} INFO - Filling up the DagBag from /home/airflow/.local/lib/python3.12/site-packages/airflow/example_dags/example_display_name.py
[2024-11-22T19:29:28.744+0300] {processor.py:925} INFO - DAG(s) 'example_display_name' retrieved from /home/airflow/.local/lib/python3.12/site-packages/airflow/example_dags/example_display_name.py
[2024-11-22T19:29:28.761+0300] {logging_mixin.py:190} INFO - [2024-11-22T19:29:28.761+0300] {dag.py:3239} INFO - Sync 1 DAGs
[2024-11-22T19:29:28.773+0300] {logging_mixin.py:190} INFO - [2024-11-22T19:29:28.773+0300] {dag.py:4180} INFO - Setting next_dagrun for example_display_name to None, run_after=None
[2024-11-22T19:29:28.790+0300] {processor.py:208} INFO - Processing /home/airflow/.local/lib/python3.12/site-packages/airflow/example_dags/example_display_name.py took 0.062 seconds
