[2024-11-22T19:18:38.943+0300] {processor.py:186} INFO - Started process (PID=79) to work on /home/airflow/.local/lib/python3.12/site-packages/airflow/example_dags/example_local_kubernetes_executor.py
[2024-11-22T19:18:38.944+0300] {processor.py:914} INFO - Processing file /home/airflow/.local/lib/python3.12/site-packages/airflow/example_dags/example_local_kubernetes_executor.py for tasks to queue
[2024-11-22T19:18:38.947+0300] {logging_mixin.py:190} INFO - [2024-11-22T19:18:38.947+0300] {dagbag.py:588} INFO - Filling up the DagBag from /home/airflow/.local/lib/python3.12/site-packages/airflow/example_dags/example_local_kubernetes_executor.py
[2024-11-22T19:18:38.962+0300] {processor.py:925} INFO - DAG(s) 'example_local_kubernetes_executor' retrieved from /home/airflow/.local/lib/python3.12/site-packages/airflow/example_dags/example_local_kubernetes_executor.py
[2024-11-22T19:18:39.024+0300] {logging_mixin.py:190} INFO - [2024-11-22T19:18:39.023+0300] {dag.py:3239} INFO - Sync 1 DAGs
[2024-11-22T19:18:39.045+0300] {logging_mixin.py:190} INFO - [2024-11-22T19:18:39.044+0300] {dag.py:4180} INFO - Setting next_dagrun for example_local_kubernetes_executor to None, run_after=None
[2024-11-22T19:18:39.072+0300] {processor.py:208} INFO - Processing /home/airflow/.local/lib/python3.12/site-packages/airflow/example_dags/example_local_kubernetes_executor.py took 0.138 seconds
[2024-11-22T19:19:09.576+0300] {processor.py:186} INFO - Started process (PID=170) to work on /home/airflow/.local/lib/python3.12/site-packages/airflow/example_dags/example_local_kubernetes_executor.py
[2024-11-22T19:19:09.577+0300] {processor.py:914} INFO - Processing file /home/airflow/.local/lib/python3.12/site-packages/airflow/example_dags/example_local_kubernetes_executor.py for tasks to queue
[2024-11-22T19:19:09.580+0300] {logging_mixin.py:190} INFO - [2024-11-22T19:19:09.580+0300] {dagbag.py:588} INFO - Filling up the DagBag from /home/airflow/.local/lib/python3.12/site-packages/airflow/example_dags/example_local_kubernetes_executor.py
[2024-11-22T19:19:09.590+0300] {processor.py:925} INFO - DAG(s) 'example_local_kubernetes_executor' retrieved from /home/airflow/.local/lib/python3.12/site-packages/airflow/example_dags/example_local_kubernetes_executor.py
[2024-11-22T19:19:09.625+0300] {logging_mixin.py:190} INFO - [2024-11-22T19:19:09.625+0300] {dag.py:3239} INFO - Sync 1 DAGs
[2024-11-22T19:19:09.640+0300] {logging_mixin.py:190} INFO - [2024-11-22T19:19:09.640+0300] {dag.py:4180} INFO - Setting next_dagrun for example_local_kubernetes_executor to None, run_after=None
[2024-11-22T19:19:09.658+0300] {processor.py:208} INFO - Processing /home/airflow/.local/lib/python3.12/site-packages/airflow/example_dags/example_local_kubernetes_executor.py took 0.087 seconds
[2024-11-22T19:19:40.761+0300] {processor.py:186} INFO - Started process (PID=239) to work on /home/airflow/.local/lib/python3.12/site-packages/airflow/example_dags/example_local_kubernetes_executor.py
[2024-11-22T19:19:40.762+0300] {processor.py:914} INFO - Processing file /home/airflow/.local/lib/python3.12/site-packages/airflow/example_dags/example_local_kubernetes_executor.py for tasks to queue
[2024-11-22T19:19:40.764+0300] {logging_mixin.py:190} INFO - [2024-11-22T19:19:40.764+0300] {dagbag.py:588} INFO - Filling up the DagBag from /home/airflow/.local/lib/python3.12/site-packages/airflow/example_dags/example_local_kubernetes_executor.py
[2024-11-22T19:19:40.772+0300] {processor.py:925} INFO - DAG(s) 'example_local_kubernetes_executor' retrieved from /home/airflow/.local/lib/python3.12/site-packages/airflow/example_dags/example_local_kubernetes_executor.py
[2024-11-22T19:19:40.801+0300] {logging_mixin.py:190} INFO - [2024-11-22T19:19:40.801+0300] {dag.py:3239} INFO - Sync 1 DAGs
[2024-11-22T19:19:40.814+0300] {logging_mixin.py:190} INFO - [2024-11-22T19:19:40.813+0300] {dag.py:4180} INFO - Setting next_dagrun for example_local_kubernetes_executor to None, run_after=None
[2024-11-22T19:19:40.836+0300] {processor.py:208} INFO - Processing /home/airflow/.local/lib/python3.12/site-packages/airflow/example_dags/example_local_kubernetes_executor.py took 0.079 seconds
[2024-11-22T19:20:11.899+0300] {processor.py:186} INFO - Started process (PID=309) to work on /home/airflow/.local/lib/python3.12/site-packages/airflow/example_dags/example_local_kubernetes_executor.py
[2024-11-22T19:20:11.900+0300] {processor.py:914} INFO - Processing file /home/airflow/.local/lib/python3.12/site-packages/airflow/example_dags/example_local_kubernetes_executor.py for tasks to queue
[2024-11-22T19:20:11.909+0300] {logging_mixin.py:190} INFO - [2024-11-22T19:20:11.907+0300] {dagbag.py:588} INFO - Filling up the DagBag from /home/airflow/.local/lib/python3.12/site-packages/airflow/example_dags/example_local_kubernetes_executor.py
[2024-11-22T19:20:11.930+0300] {processor.py:925} INFO - DAG(s) 'example_local_kubernetes_executor' retrieved from /home/airflow/.local/lib/python3.12/site-packages/airflow/example_dags/example_local_kubernetes_executor.py
[2024-11-22T19:20:11.962+0300] {logging_mixin.py:190} INFO - [2024-11-22T19:20:11.961+0300] {dag.py:3239} INFO - Sync 1 DAGs
[2024-11-22T19:20:11.973+0300] {logging_mixin.py:190} INFO - [2024-11-22T19:20:11.973+0300] {dag.py:4180} INFO - Setting next_dagrun for example_local_kubernetes_executor to None, run_after=None
[2024-11-22T19:20:12.004+0300] {processor.py:208} INFO - Processing /home/airflow/.local/lib/python3.12/site-packages/airflow/example_dags/example_local_kubernetes_executor.py took 0.110 seconds
[2024-11-22T19:20:42.692+0300] {processor.py:186} INFO - Started process (PID=378) to work on /home/airflow/.local/lib/python3.12/site-packages/airflow/example_dags/example_local_kubernetes_executor.py
[2024-11-22T19:20:42.693+0300] {processor.py:914} INFO - Processing file /home/airflow/.local/lib/python3.12/site-packages/airflow/example_dags/example_local_kubernetes_executor.py for tasks to queue
[2024-11-22T19:20:42.696+0300] {logging_mixin.py:190} INFO - [2024-11-22T19:20:42.696+0300] {dagbag.py:588} INFO - Filling up the DagBag from /home/airflow/.local/lib/python3.12/site-packages/airflow/example_dags/example_local_kubernetes_executor.py
[2024-11-22T19:20:42.705+0300] {processor.py:925} INFO - DAG(s) 'example_local_kubernetes_executor' retrieved from /home/airflow/.local/lib/python3.12/site-packages/airflow/example_dags/example_local_kubernetes_executor.py
[2024-11-22T19:20:42.736+0300] {logging_mixin.py:190} INFO - [2024-11-22T19:20:42.736+0300] {dag.py:3239} INFO - Sync 1 DAGs
[2024-11-22T19:20:42.750+0300] {logging_mixin.py:190} INFO - [2024-11-22T19:20:42.750+0300] {dag.py:4180} INFO - Setting next_dagrun for example_local_kubernetes_executor to None, run_after=None
[2024-11-22T19:20:42.778+0300] {processor.py:208} INFO - Processing /home/airflow/.local/lib/python3.12/site-packages/airflow/example_dags/example_local_kubernetes_executor.py took 0.092 seconds
[2024-11-22T19:21:13.162+0300] {processor.py:186} INFO - Started process (PID=447) to work on /home/airflow/.local/lib/python3.12/site-packages/airflow/example_dags/example_local_kubernetes_executor.py
[2024-11-22T19:21:13.163+0300] {processor.py:914} INFO - Processing file /home/airflow/.local/lib/python3.12/site-packages/airflow/example_dags/example_local_kubernetes_executor.py for tasks to queue
[2024-11-22T19:21:13.165+0300] {logging_mixin.py:190} INFO - [2024-11-22T19:21:13.165+0300] {dagbag.py:588} INFO - Filling up the DagBag from /home/airflow/.local/lib/python3.12/site-packages/airflow/example_dags/example_local_kubernetes_executor.py
[2024-11-22T19:21:13.176+0300] {processor.py:925} INFO - DAG(s) 'example_local_kubernetes_executor' retrieved from /home/airflow/.local/lib/python3.12/site-packages/airflow/example_dags/example_local_kubernetes_executor.py
[2024-11-22T19:21:13.210+0300] {logging_mixin.py:190} INFO - [2024-11-22T19:21:13.210+0300] {dag.py:3239} INFO - Sync 1 DAGs
[2024-11-22T19:21:13.223+0300] {logging_mixin.py:190} INFO - [2024-11-22T19:21:13.223+0300] {dag.py:4180} INFO - Setting next_dagrun for example_local_kubernetes_executor to None, run_after=None
[2024-11-22T19:21:13.243+0300] {processor.py:208} INFO - Processing /home/airflow/.local/lib/python3.12/site-packages/airflow/example_dags/example_local_kubernetes_executor.py took 0.087 seconds
[2024-11-22T19:21:43.630+0300] {processor.py:186} INFO - Started process (PID=516) to work on /home/airflow/.local/lib/python3.12/site-packages/airflow/example_dags/example_local_kubernetes_executor.py
[2024-11-22T19:21:43.632+0300] {processor.py:914} INFO - Processing file /home/airflow/.local/lib/python3.12/site-packages/airflow/example_dags/example_local_kubernetes_executor.py for tasks to queue
[2024-11-22T19:21:43.634+0300] {logging_mixin.py:190} INFO - [2024-11-22T19:21:43.634+0300] {dagbag.py:588} INFO - Filling up the DagBag from /home/airflow/.local/lib/python3.12/site-packages/airflow/example_dags/example_local_kubernetes_executor.py
[2024-11-22T19:21:43.642+0300] {processor.py:925} INFO - DAG(s) 'example_local_kubernetes_executor' retrieved from /home/airflow/.local/lib/python3.12/site-packages/airflow/example_dags/example_local_kubernetes_executor.py
[2024-11-22T19:21:43.675+0300] {logging_mixin.py:190} INFO - [2024-11-22T19:21:43.675+0300] {dag.py:3239} INFO - Sync 1 DAGs
[2024-11-22T19:21:43.690+0300] {logging_mixin.py:190} INFO - [2024-11-22T19:21:43.689+0300] {dag.py:4180} INFO - Setting next_dagrun for example_local_kubernetes_executor to None, run_after=None
[2024-11-22T19:21:43.722+0300] {processor.py:208} INFO - Processing /home/airflow/.local/lib/python3.12/site-packages/airflow/example_dags/example_local_kubernetes_executor.py took 0.096 seconds
[2024-11-22T19:22:14.283+0300] {processor.py:186} INFO - Started process (PID=585) to work on /home/airflow/.local/lib/python3.12/site-packages/airflow/example_dags/example_local_kubernetes_executor.py
[2024-11-22T19:22:14.284+0300] {processor.py:914} INFO - Processing file /home/airflow/.local/lib/python3.12/site-packages/airflow/example_dags/example_local_kubernetes_executor.py for tasks to queue
[2024-11-22T19:22:14.287+0300] {logging_mixin.py:190} INFO - [2024-11-22T19:22:14.287+0300] {dagbag.py:588} INFO - Filling up the DagBag from /home/airflow/.local/lib/python3.12/site-packages/airflow/example_dags/example_local_kubernetes_executor.py
[2024-11-22T19:22:14.294+0300] {processor.py:925} INFO - DAG(s) 'example_local_kubernetes_executor' retrieved from /home/airflow/.local/lib/python3.12/site-packages/airflow/example_dags/example_local_kubernetes_executor.py
[2024-11-22T19:22:14.323+0300] {logging_mixin.py:190} INFO - [2024-11-22T19:22:14.323+0300] {dag.py:3239} INFO - Sync 1 DAGs
[2024-11-22T19:22:14.338+0300] {logging_mixin.py:190} INFO - [2024-11-22T19:22:14.338+0300] {dag.py:4180} INFO - Setting next_dagrun for example_local_kubernetes_executor to None, run_after=None
[2024-11-22T19:22:14.368+0300] {processor.py:208} INFO - Processing /home/airflow/.local/lib/python3.12/site-packages/airflow/example_dags/example_local_kubernetes_executor.py took 0.090 seconds
[2024-11-22T19:22:45.612+0300] {processor.py:186} INFO - Started process (PID=654) to work on /home/airflow/.local/lib/python3.12/site-packages/airflow/example_dags/example_local_kubernetes_executor.py
[2024-11-22T19:22:45.613+0300] {processor.py:914} INFO - Processing file /home/airflow/.local/lib/python3.12/site-packages/airflow/example_dags/example_local_kubernetes_executor.py for tasks to queue
[2024-11-22T19:22:45.616+0300] {logging_mixin.py:190} INFO - [2024-11-22T19:22:45.616+0300] {dagbag.py:588} INFO - Filling up the DagBag from /home/airflow/.local/lib/python3.12/site-packages/airflow/example_dags/example_local_kubernetes_executor.py
[2024-11-22T19:22:45.625+0300] {processor.py:925} INFO - DAG(s) 'example_local_kubernetes_executor' retrieved from /home/airflow/.local/lib/python3.12/site-packages/airflow/example_dags/example_local_kubernetes_executor.py
[2024-11-22T19:22:45.656+0300] {logging_mixin.py:190} INFO - [2024-11-22T19:22:45.655+0300] {dag.py:3239} INFO - Sync 1 DAGs
[2024-11-22T19:22:45.668+0300] {logging_mixin.py:190} INFO - [2024-11-22T19:22:45.668+0300] {dag.py:4180} INFO - Setting next_dagrun for example_local_kubernetes_executor to None, run_after=None
[2024-11-22T19:22:45.700+0300] {processor.py:208} INFO - Processing /home/airflow/.local/lib/python3.12/site-packages/airflow/example_dags/example_local_kubernetes_executor.py took 0.094 seconds
[2024-11-22T19:23:16.211+0300] {processor.py:186} INFO - Started process (PID=723) to work on /home/airflow/.local/lib/python3.12/site-packages/airflow/example_dags/example_local_kubernetes_executor.py
[2024-11-22T19:23:16.212+0300] {processor.py:914} INFO - Processing file /home/airflow/.local/lib/python3.12/site-packages/airflow/example_dags/example_local_kubernetes_executor.py for tasks to queue
[2024-11-22T19:23:16.214+0300] {logging_mixin.py:190} INFO - [2024-11-22T19:23:16.214+0300] {dagbag.py:588} INFO - Filling up the DagBag from /home/airflow/.local/lib/python3.12/site-packages/airflow/example_dags/example_local_kubernetes_executor.py
[2024-11-22T19:23:16.225+0300] {processor.py:925} INFO - DAG(s) 'example_local_kubernetes_executor' retrieved from /home/airflow/.local/lib/python3.12/site-packages/airflow/example_dags/example_local_kubernetes_executor.py
[2024-11-22T19:23:16.258+0300] {logging_mixin.py:190} INFO - [2024-11-22T19:23:16.257+0300] {dag.py:3239} INFO - Sync 1 DAGs
[2024-11-22T19:23:16.270+0300] {logging_mixin.py:190} INFO - [2024-11-22T19:23:16.270+0300] {dag.py:4180} INFO - Setting next_dagrun for example_local_kubernetes_executor to None, run_after=None
[2024-11-22T19:23:16.289+0300] {processor.py:208} INFO - Processing /home/airflow/.local/lib/python3.12/site-packages/airflow/example_dags/example_local_kubernetes_executor.py took 0.084 seconds
[2024-11-22T19:23:46.956+0300] {processor.py:186} INFO - Started process (PID=792) to work on /home/airflow/.local/lib/python3.12/site-packages/airflow/example_dags/example_local_kubernetes_executor.py
[2024-11-22T19:23:46.957+0300] {processor.py:914} INFO - Processing file /home/airflow/.local/lib/python3.12/site-packages/airflow/example_dags/example_local_kubernetes_executor.py for tasks to queue
[2024-11-22T19:23:46.960+0300] {logging_mixin.py:190} INFO - [2024-11-22T19:23:46.959+0300] {dagbag.py:588} INFO - Filling up the DagBag from /home/airflow/.local/lib/python3.12/site-packages/airflow/example_dags/example_local_kubernetes_executor.py
[2024-11-22T19:23:46.968+0300] {processor.py:925} INFO - DAG(s) 'example_local_kubernetes_executor' retrieved from /home/airflow/.local/lib/python3.12/site-packages/airflow/example_dags/example_local_kubernetes_executor.py
[2024-11-22T19:23:47.003+0300] {logging_mixin.py:190} INFO - [2024-11-22T19:23:47.002+0300] {dag.py:3239} INFO - Sync 1 DAGs
[2024-11-22T19:23:47.017+0300] {logging_mixin.py:190} INFO - [2024-11-22T19:23:47.017+0300] {dag.py:4180} INFO - Setting next_dagrun for example_local_kubernetes_executor to None, run_after=None
[2024-11-22T19:23:47.037+0300] {processor.py:208} INFO - Processing /home/airflow/.local/lib/python3.12/site-packages/airflow/example_dags/example_local_kubernetes_executor.py took 0.086 seconds
[2024-11-22T19:24:17.934+0300] {processor.py:186} INFO - Started process (PID=861) to work on /home/airflow/.local/lib/python3.12/site-packages/airflow/example_dags/example_local_kubernetes_executor.py
[2024-11-22T19:24:17.936+0300] {processor.py:914} INFO - Processing file /home/airflow/.local/lib/python3.12/site-packages/airflow/example_dags/example_local_kubernetes_executor.py for tasks to queue
[2024-11-22T19:24:17.939+0300] {logging_mixin.py:190} INFO - [2024-11-22T19:24:17.938+0300] {dagbag.py:588} INFO - Filling up the DagBag from /home/airflow/.local/lib/python3.12/site-packages/airflow/example_dags/example_local_kubernetes_executor.py
[2024-11-22T19:24:17.947+0300] {processor.py:925} INFO - DAG(s) 'example_local_kubernetes_executor' retrieved from /home/airflow/.local/lib/python3.12/site-packages/airflow/example_dags/example_local_kubernetes_executor.py
[2024-11-22T19:24:17.983+0300] {logging_mixin.py:190} INFO - [2024-11-22T19:24:17.983+0300] {dag.py:3239} INFO - Sync 1 DAGs
[2024-11-22T19:24:17.996+0300] {logging_mixin.py:190} INFO - [2024-11-22T19:24:17.995+0300] {dag.py:4180} INFO - Setting next_dagrun for example_local_kubernetes_executor to None, run_after=None
[2024-11-22T19:24:18.022+0300] {processor.py:208} INFO - Processing /home/airflow/.local/lib/python3.12/site-packages/airflow/example_dags/example_local_kubernetes_executor.py took 0.092 seconds
[2024-11-22T19:24:48.520+0300] {processor.py:186} INFO - Started process (PID=930) to work on /home/airflow/.local/lib/python3.12/site-packages/airflow/example_dags/example_local_kubernetes_executor.py
[2024-11-22T19:24:48.521+0300] {processor.py:914} INFO - Processing file /home/airflow/.local/lib/python3.12/site-packages/airflow/example_dags/example_local_kubernetes_executor.py for tasks to queue
[2024-11-22T19:24:48.525+0300] {logging_mixin.py:190} INFO - [2024-11-22T19:24:48.525+0300] {dagbag.py:588} INFO - Filling up the DagBag from /home/airflow/.local/lib/python3.12/site-packages/airflow/example_dags/example_local_kubernetes_executor.py
[2024-11-22T19:24:48.533+0300] {processor.py:925} INFO - DAG(s) 'example_local_kubernetes_executor' retrieved from /home/airflow/.local/lib/python3.12/site-packages/airflow/example_dags/example_local_kubernetes_executor.py
[2024-11-22T19:24:48.563+0300] {logging_mixin.py:190} INFO - [2024-11-22T19:24:48.563+0300] {dag.py:3239} INFO - Sync 1 DAGs
[2024-11-22T19:24:48.575+0300] {logging_mixin.py:190} INFO - [2024-11-22T19:24:48.575+0300] {dag.py:4180} INFO - Setting next_dagrun for example_local_kubernetes_executor to None, run_after=None
[2024-11-22T19:24:48.595+0300] {processor.py:208} INFO - Processing /home/airflow/.local/lib/python3.12/site-packages/airflow/example_dags/example_local_kubernetes_executor.py took 0.080 seconds
[2024-11-22T19:25:19.347+0300] {processor.py:186} INFO - Started process (PID=999) to work on /home/airflow/.local/lib/python3.12/site-packages/airflow/example_dags/example_local_kubernetes_executor.py
[2024-11-22T19:25:19.348+0300] {processor.py:914} INFO - Processing file /home/airflow/.local/lib/python3.12/site-packages/airflow/example_dags/example_local_kubernetes_executor.py for tasks to queue
[2024-11-22T19:25:19.350+0300] {logging_mixin.py:190} INFO - [2024-11-22T19:25:19.350+0300] {dagbag.py:588} INFO - Filling up the DagBag from /home/airflow/.local/lib/python3.12/site-packages/airflow/example_dags/example_local_kubernetes_executor.py
[2024-11-22T19:25:19.360+0300] {processor.py:925} INFO - DAG(s) 'example_local_kubernetes_executor' retrieved from /home/airflow/.local/lib/python3.12/site-packages/airflow/example_dags/example_local_kubernetes_executor.py
[2024-11-22T19:25:19.392+0300] {logging_mixin.py:190} INFO - [2024-11-22T19:25:19.392+0300] {dag.py:3239} INFO - Sync 1 DAGs
[2024-11-22T19:25:19.407+0300] {logging_mixin.py:190} INFO - [2024-11-22T19:25:19.407+0300] {dag.py:4180} INFO - Setting next_dagrun for example_local_kubernetes_executor to None, run_after=None
[2024-11-22T19:25:19.431+0300] {processor.py:208} INFO - Processing /home/airflow/.local/lib/python3.12/site-packages/airflow/example_dags/example_local_kubernetes_executor.py took 0.089 seconds
[2024-11-22T19:25:49.993+0300] {processor.py:186} INFO - Started process (PID=1067) to work on /home/airflow/.local/lib/python3.12/site-packages/airflow/example_dags/example_local_kubernetes_executor.py
[2024-11-22T19:25:49.995+0300] {processor.py:914} INFO - Processing file /home/airflow/.local/lib/python3.12/site-packages/airflow/example_dags/example_local_kubernetes_executor.py for tasks to queue
[2024-11-22T19:25:49.999+0300] {logging_mixin.py:190} INFO - [2024-11-22T19:25:49.998+0300] {dagbag.py:588} INFO - Filling up the DagBag from /home/airflow/.local/lib/python3.12/site-packages/airflow/example_dags/example_local_kubernetes_executor.py
[2024-11-22T19:25:50.018+0300] {processor.py:925} INFO - DAG(s) 'example_local_kubernetes_executor' retrieved from /home/airflow/.local/lib/python3.12/site-packages/airflow/example_dags/example_local_kubernetes_executor.py
[2024-11-22T19:25:50.049+0300] {logging_mixin.py:190} INFO - [2024-11-22T19:25:50.048+0300] {dag.py:3239} INFO - Sync 1 DAGs
[2024-11-22T19:25:50.062+0300] {logging_mixin.py:190} INFO - [2024-11-22T19:25:50.061+0300] {dag.py:4180} INFO - Setting next_dagrun for example_local_kubernetes_executor to None, run_after=None
[2024-11-22T19:25:50.077+0300] {processor.py:208} INFO - Processing /home/airflow/.local/lib/python3.12/site-packages/airflow/example_dags/example_local_kubernetes_executor.py took 0.106 seconds
[2024-11-22T19:26:20.304+0300] {processor.py:186} INFO - Started process (PID=1136) to work on /home/airflow/.local/lib/python3.12/site-packages/airflow/example_dags/example_local_kubernetes_executor.py
[2024-11-22T19:26:20.306+0300] {processor.py:914} INFO - Processing file /home/airflow/.local/lib/python3.12/site-packages/airflow/example_dags/example_local_kubernetes_executor.py for tasks to queue
[2024-11-22T19:26:20.309+0300] {logging_mixin.py:190} INFO - [2024-11-22T19:26:20.309+0300] {dagbag.py:588} INFO - Filling up the DagBag from /home/airflow/.local/lib/python3.12/site-packages/airflow/example_dags/example_local_kubernetes_executor.py
[2024-11-22T19:26:20.320+0300] {processor.py:925} INFO - DAG(s) 'example_local_kubernetes_executor' retrieved from /home/airflow/.local/lib/python3.12/site-packages/airflow/example_dags/example_local_kubernetes_executor.py
[2024-11-22T19:26:20.357+0300] {logging_mixin.py:190} INFO - [2024-11-22T19:26:20.357+0300] {dag.py:3239} INFO - Sync 1 DAGs
[2024-11-22T19:26:20.373+0300] {logging_mixin.py:190} INFO - [2024-11-22T19:26:20.373+0300] {dag.py:4180} INFO - Setting next_dagrun for example_local_kubernetes_executor to None, run_after=None
[2024-11-22T19:26:20.396+0300] {processor.py:208} INFO - Processing /home/airflow/.local/lib/python3.12/site-packages/airflow/example_dags/example_local_kubernetes_executor.py took 0.102 seconds
[2024-11-22T19:26:50.595+0300] {processor.py:186} INFO - Started process (PID=1205) to work on /home/airflow/.local/lib/python3.12/site-packages/airflow/example_dags/example_local_kubernetes_executor.py
[2024-11-22T19:26:50.597+0300] {processor.py:914} INFO - Processing file /home/airflow/.local/lib/python3.12/site-packages/airflow/example_dags/example_local_kubernetes_executor.py for tasks to queue
[2024-11-22T19:26:50.600+0300] {logging_mixin.py:190} INFO - [2024-11-22T19:26:50.600+0300] {dagbag.py:588} INFO - Filling up the DagBag from /home/airflow/.local/lib/python3.12/site-packages/airflow/example_dags/example_local_kubernetes_executor.py
[2024-11-22T19:26:50.609+0300] {processor.py:925} INFO - DAG(s) 'example_local_kubernetes_executor' retrieved from /home/airflow/.local/lib/python3.12/site-packages/airflow/example_dags/example_local_kubernetes_executor.py
[2024-11-22T19:26:50.640+0300] {logging_mixin.py:190} INFO - [2024-11-22T19:26:50.640+0300] {dag.py:3239} INFO - Sync 1 DAGs
[2024-11-22T19:26:50.653+0300] {logging_mixin.py:190} INFO - [2024-11-22T19:26:50.653+0300] {dag.py:4180} INFO - Setting next_dagrun for example_local_kubernetes_executor to None, run_after=None
[2024-11-22T19:26:50.673+0300] {processor.py:208} INFO - Processing /home/airflow/.local/lib/python3.12/site-packages/airflow/example_dags/example_local_kubernetes_executor.py took 0.084 seconds
[2024-11-22T19:27:21.155+0300] {processor.py:186} INFO - Started process (PID=1274) to work on /home/airflow/.local/lib/python3.12/site-packages/airflow/example_dags/example_local_kubernetes_executor.py
[2024-11-22T19:27:21.157+0300] {processor.py:914} INFO - Processing file /home/airflow/.local/lib/python3.12/site-packages/airflow/example_dags/example_local_kubernetes_executor.py for tasks to queue
[2024-11-22T19:27:21.160+0300] {logging_mixin.py:190} INFO - [2024-11-22T19:27:21.159+0300] {dagbag.py:588} INFO - Filling up the DagBag from /home/airflow/.local/lib/python3.12/site-packages/airflow/example_dags/example_local_kubernetes_executor.py
[2024-11-22T19:27:21.170+0300] {processor.py:925} INFO - DAG(s) 'example_local_kubernetes_executor' retrieved from /home/airflow/.local/lib/python3.12/site-packages/airflow/example_dags/example_local_kubernetes_executor.py
[2024-11-22T19:27:21.212+0300] {logging_mixin.py:190} INFO - [2024-11-22T19:27:21.211+0300] {dag.py:3239} INFO - Sync 1 DAGs
[2024-11-22T19:27:21.228+0300] {logging_mixin.py:190} INFO - [2024-11-22T19:27:21.228+0300] {dag.py:4180} INFO - Setting next_dagrun for example_local_kubernetes_executor to None, run_after=None
[2024-11-22T19:27:21.266+0300] {processor.py:208} INFO - Processing /home/airflow/.local/lib/python3.12/site-packages/airflow/example_dags/example_local_kubernetes_executor.py took 0.120 seconds
[2024-11-22T19:27:51.768+0300] {processor.py:186} INFO - Started process (PID=1343) to work on /home/airflow/.local/lib/python3.12/site-packages/airflow/example_dags/example_local_kubernetes_executor.py
[2024-11-22T19:27:51.769+0300] {processor.py:914} INFO - Processing file /home/airflow/.local/lib/python3.12/site-packages/airflow/example_dags/example_local_kubernetes_executor.py for tasks to queue
[2024-11-22T19:27:51.771+0300] {logging_mixin.py:190} INFO - [2024-11-22T19:27:51.771+0300] {dagbag.py:588} INFO - Filling up the DagBag from /home/airflow/.local/lib/python3.12/site-packages/airflow/example_dags/example_local_kubernetes_executor.py
[2024-11-22T19:27:51.782+0300] {processor.py:925} INFO - DAG(s) 'example_local_kubernetes_executor' retrieved from /home/airflow/.local/lib/python3.12/site-packages/airflow/example_dags/example_local_kubernetes_executor.py
[2024-11-22T19:27:51.818+0300] {logging_mixin.py:190} INFO - [2024-11-22T19:27:51.818+0300] {dag.py:3239} INFO - Sync 1 DAGs
[2024-11-22T19:27:51.832+0300] {logging_mixin.py:190} INFO - [2024-11-22T19:27:51.832+0300] {dag.py:4180} INFO - Setting next_dagrun for example_local_kubernetes_executor to None, run_after=None
[2024-11-22T19:27:51.854+0300] {processor.py:208} INFO - Processing /home/airflow/.local/lib/python3.12/site-packages/airflow/example_dags/example_local_kubernetes_executor.py took 0.092 seconds
[2024-11-22T19:28:22.855+0300] {processor.py:186} INFO - Started process (PID=1412) to work on /home/airflow/.local/lib/python3.12/site-packages/airflow/example_dags/example_local_kubernetes_executor.py
[2024-11-22T19:28:22.857+0300] {processor.py:914} INFO - Processing file /home/airflow/.local/lib/python3.12/site-packages/airflow/example_dags/example_local_kubernetes_executor.py for tasks to queue
[2024-11-22T19:28:22.860+0300] {logging_mixin.py:190} INFO - [2024-11-22T19:28:22.860+0300] {dagbag.py:588} INFO - Filling up the DagBag from /home/airflow/.local/lib/python3.12/site-packages/airflow/example_dags/example_local_kubernetes_executor.py
[2024-11-22T19:28:22.870+0300] {processor.py:925} INFO - DAG(s) 'example_local_kubernetes_executor' retrieved from /home/airflow/.local/lib/python3.12/site-packages/airflow/example_dags/example_local_kubernetes_executor.py
[2024-11-22T19:28:22.901+0300] {logging_mixin.py:190} INFO - [2024-11-22T19:28:22.901+0300] {dag.py:3239} INFO - Sync 1 DAGs
[2024-11-22T19:28:22.914+0300] {logging_mixin.py:190} INFO - [2024-11-22T19:28:22.914+0300] {dag.py:4180} INFO - Setting next_dagrun for example_local_kubernetes_executor to None, run_after=None
[2024-11-22T19:28:22.931+0300] {processor.py:208} INFO - Processing /home/airflow/.local/lib/python3.12/site-packages/airflow/example_dags/example_local_kubernetes_executor.py took 0.083 seconds
[2024-11-22T19:28:53.661+0300] {processor.py:186} INFO - Started process (PID=1481) to work on /home/airflow/.local/lib/python3.12/site-packages/airflow/example_dags/example_local_kubernetes_executor.py
[2024-11-22T19:28:53.663+0300] {processor.py:914} INFO - Processing file /home/airflow/.local/lib/python3.12/site-packages/airflow/example_dags/example_local_kubernetes_executor.py for tasks to queue
[2024-11-22T19:28:53.666+0300] {logging_mixin.py:190} INFO - [2024-11-22T19:28:53.665+0300] {dagbag.py:588} INFO - Filling up the DagBag from /home/airflow/.local/lib/python3.12/site-packages/airflow/example_dags/example_local_kubernetes_executor.py
[2024-11-22T19:28:53.676+0300] {processor.py:925} INFO - DAG(s) 'example_local_kubernetes_executor' retrieved from /home/airflow/.local/lib/python3.12/site-packages/airflow/example_dags/example_local_kubernetes_executor.py
[2024-11-22T19:28:53.709+0300] {logging_mixin.py:190} INFO - [2024-11-22T19:28:53.709+0300] {dag.py:3239} INFO - Sync 1 DAGs
[2024-11-22T19:28:53.723+0300] {logging_mixin.py:190} INFO - [2024-11-22T19:28:53.723+0300] {dag.py:4180} INFO - Setting next_dagrun for example_local_kubernetes_executor to None, run_after=None
[2024-11-22T19:28:53.747+0300] {processor.py:208} INFO - Processing /home/airflow/.local/lib/python3.12/site-packages/airflow/example_dags/example_local_kubernetes_executor.py took 0.092 seconds
[2024-11-22T19:29:24.239+0300] {processor.py:186} INFO - Started process (PID=1550) to work on /home/airflow/.local/lib/python3.12/site-packages/airflow/example_dags/example_local_kubernetes_executor.py
[2024-11-22T19:29:24.240+0300] {processor.py:914} INFO - Processing file /home/airflow/.local/lib/python3.12/site-packages/airflow/example_dags/example_local_kubernetes_executor.py for tasks to queue
[2024-11-22T19:29:24.242+0300] {logging_mixin.py:190} INFO - [2024-11-22T19:29:24.242+0300] {dagbag.py:588} INFO - Filling up the DagBag from /home/airflow/.local/lib/python3.12/site-packages/airflow/example_dags/example_local_kubernetes_executor.py
[2024-11-22T19:29:24.251+0300] {processor.py:925} INFO - DAG(s) 'example_local_kubernetes_executor' retrieved from /home/airflow/.local/lib/python3.12/site-packages/airflow/example_dags/example_local_kubernetes_executor.py
[2024-11-22T19:29:24.283+0300] {logging_mixin.py:190} INFO - [2024-11-22T19:29:24.283+0300] {dag.py:3239} INFO - Sync 1 DAGs
[2024-11-22T19:29:24.297+0300] {logging_mixin.py:190} INFO - [2024-11-22T19:29:24.297+0300] {dag.py:4180} INFO - Setting next_dagrun for example_local_kubernetes_executor to None, run_after=None
[2024-11-22T19:29:24.326+0300] {processor.py:208} INFO - Processing /home/airflow/.local/lib/python3.12/site-packages/airflow/example_dags/example_local_kubernetes_executor.py took 0.092 seconds
