[2024-11-22T19:18:41.469+0300] {processor.py:186} INFO - Started process (PID=102) to work on /home/airflow/.local/lib/python3.12/site-packages/airflow/example_dags/example_branch_day_of_week_operator.py
[2024-11-22T19:18:41.470+0300] {processor.py:914} INFO - Processing file /home/airflow/.local/lib/python3.12/site-packages/airflow/example_dags/example_branch_day_of_week_operator.py for tasks to queue
[2024-11-22T19:18:41.473+0300] {logging_mixin.py:190} INFO - [2024-11-22T19:18:41.473+0300] {dagbag.py:588} INFO - Filling up the DagBag from /home/airflow/.local/lib/python3.12/site-packages/airflow/example_dags/example_branch_day_of_week_operator.py
[2024-11-22T19:18:41.488+0300] {processor.py:925} INFO - DAG(s) 'example_weekday_branch_operator' retrieved from /home/airflow/.local/lib/python3.12/site-packages/airflow/example_dags/example_branch_day_of_week_operator.py
[2024-11-22T19:18:41.524+0300] {logging_mixin.py:190} INFO - [2024-11-22T19:18:41.524+0300] {dag.py:3239} INFO - Sync 1 DAGs
[2024-11-22T19:18:41.567+0300] {logging_mixin.py:190} INFO - [2024-11-22T19:18:41.567+0300] {dag.py:4180} INFO - Setting next_dagrun for example_weekday_branch_operator to 2024-11-21 00:00:00+00:00, run_after=2024-11-22 00:00:00+00:00
[2024-11-22T19:18:41.606+0300] {processor.py:208} INFO - Processing /home/airflow/.local/lib/python3.12/site-packages/airflow/example_dags/example_branch_day_of_week_operator.py took 0.145 seconds
[2024-11-22T19:19:11.786+0300] {processor.py:186} INFO - Started process (PID=188) to work on /home/airflow/.local/lib/python3.12/site-packages/airflow/example_dags/example_branch_day_of_week_operator.py
[2024-11-22T19:19:11.787+0300] {processor.py:914} INFO - Processing file /home/airflow/.local/lib/python3.12/site-packages/airflow/example_dags/example_branch_day_of_week_operator.py for tasks to queue
[2024-11-22T19:19:11.790+0300] {logging_mixin.py:190} INFO - [2024-11-22T19:19:11.790+0300] {dagbag.py:588} INFO - Filling up the DagBag from /home/airflow/.local/lib/python3.12/site-packages/airflow/example_dags/example_branch_day_of_week_operator.py
[2024-11-22T19:19:11.801+0300] {processor.py:925} INFO - DAG(s) 'example_weekday_branch_operator' retrieved from /home/airflow/.local/lib/python3.12/site-packages/airflow/example_dags/example_branch_day_of_week_operator.py
[2024-11-22T19:19:11.821+0300] {logging_mixin.py:190} INFO - [2024-11-22T19:19:11.821+0300] {dag.py:3239} INFO - Sync 1 DAGs
[2024-11-22T19:19:11.840+0300] {logging_mixin.py:190} INFO - [2024-11-22T19:19:11.840+0300] {dag.py:4180} INFO - Setting next_dagrun for example_weekday_branch_operator to 2024-11-21 00:00:00+00:00, run_after=2024-11-22 00:00:00+00:00
[2024-11-22T19:19:11.855+0300] {processor.py:208} INFO - Processing /home/airflow/.local/lib/python3.12/site-packages/airflow/example_dags/example_branch_day_of_week_operator.py took 0.076 seconds
[2024-11-22T19:19:42.013+0300] {processor.py:186} INFO - Started process (PID=257) to work on /home/airflow/.local/lib/python3.12/site-packages/airflow/example_dags/example_branch_day_of_week_operator.py
[2024-11-22T19:19:42.014+0300] {processor.py:914} INFO - Processing file /home/airflow/.local/lib/python3.12/site-packages/airflow/example_dags/example_branch_day_of_week_operator.py for tasks to queue
[2024-11-22T19:19:42.017+0300] {logging_mixin.py:190} INFO - [2024-11-22T19:19:42.016+0300] {dagbag.py:588} INFO - Filling up the DagBag from /home/airflow/.local/lib/python3.12/site-packages/airflow/example_dags/example_branch_day_of_week_operator.py
[2024-11-22T19:19:42.026+0300] {processor.py:925} INFO - DAG(s) 'example_weekday_branch_operator' retrieved from /home/airflow/.local/lib/python3.12/site-packages/airflow/example_dags/example_branch_day_of_week_operator.py
[2024-11-22T19:19:42.046+0300] {logging_mixin.py:190} INFO - [2024-11-22T19:19:42.046+0300] {dag.py:3239} INFO - Sync 1 DAGs
[2024-11-22T19:19:42.069+0300] {logging_mixin.py:190} INFO - [2024-11-22T19:19:42.069+0300] {dag.py:4180} INFO - Setting next_dagrun for example_weekday_branch_operator to 2024-11-21 00:00:00+00:00, run_after=2024-11-22 00:00:00+00:00
[2024-11-22T19:19:42.085+0300] {processor.py:208} INFO - Processing /home/airflow/.local/lib/python3.12/site-packages/airflow/example_dags/example_branch_day_of_week_operator.py took 0.077 seconds
[2024-11-22T19:20:13.243+0300] {processor.py:186} INFO - Started process (PID=326) to work on /home/airflow/.local/lib/python3.12/site-packages/airflow/example_dags/example_branch_day_of_week_operator.py
[2024-11-22T19:20:13.245+0300] {processor.py:914} INFO - Processing file /home/airflow/.local/lib/python3.12/site-packages/airflow/example_dags/example_branch_day_of_week_operator.py for tasks to queue
[2024-11-22T19:20:13.247+0300] {logging_mixin.py:190} INFO - [2024-11-22T19:20:13.247+0300] {dagbag.py:588} INFO - Filling up the DagBag from /home/airflow/.local/lib/python3.12/site-packages/airflow/example_dags/example_branch_day_of_week_operator.py
[2024-11-22T19:20:13.257+0300] {processor.py:925} INFO - DAG(s) 'example_weekday_branch_operator' retrieved from /home/airflow/.local/lib/python3.12/site-packages/airflow/example_dags/example_branch_day_of_week_operator.py
[2024-11-22T19:20:13.275+0300] {logging_mixin.py:190} INFO - [2024-11-22T19:20:13.275+0300] {dag.py:3239} INFO - Sync 1 DAGs
[2024-11-22T19:20:13.294+0300] {logging_mixin.py:190} INFO - [2024-11-22T19:20:13.294+0300] {dag.py:4180} INFO - Setting next_dagrun for example_weekday_branch_operator to 2024-11-21 00:00:00+00:00, run_after=2024-11-22 00:00:00+00:00
[2024-11-22T19:20:13.313+0300] {processor.py:208} INFO - Processing /home/airflow/.local/lib/python3.12/site-packages/airflow/example_dags/example_branch_day_of_week_operator.py took 0.075 seconds
[2024-11-22T19:20:44.065+0300] {processor.py:186} INFO - Started process (PID=395) to work on /home/airflow/.local/lib/python3.12/site-packages/airflow/example_dags/example_branch_day_of_week_operator.py
[2024-11-22T19:20:44.066+0300] {processor.py:914} INFO - Processing file /home/airflow/.local/lib/python3.12/site-packages/airflow/example_dags/example_branch_day_of_week_operator.py for tasks to queue
[2024-11-22T19:20:44.069+0300] {logging_mixin.py:190} INFO - [2024-11-22T19:20:44.069+0300] {dagbag.py:588} INFO - Filling up the DagBag from /home/airflow/.local/lib/python3.12/site-packages/airflow/example_dags/example_branch_day_of_week_operator.py
[2024-11-22T19:20:44.078+0300] {processor.py:925} INFO - DAG(s) 'example_weekday_branch_operator' retrieved from /home/airflow/.local/lib/python3.12/site-packages/airflow/example_dags/example_branch_day_of_week_operator.py
[2024-11-22T19:20:44.098+0300] {logging_mixin.py:190} INFO - [2024-11-22T19:20:44.098+0300] {dag.py:3239} INFO - Sync 1 DAGs
[2024-11-22T19:20:44.123+0300] {logging_mixin.py:190} INFO - [2024-11-22T19:20:44.122+0300] {dag.py:4180} INFO - Setting next_dagrun for example_weekday_branch_operator to 2024-11-21 00:00:00+00:00, run_after=2024-11-22 00:00:00+00:00
[2024-11-22T19:20:44.142+0300] {processor.py:208} INFO - Processing /home/airflow/.local/lib/python3.12/site-packages/airflow/example_dags/example_branch_day_of_week_operator.py took 0.081 seconds
[2024-11-22T19:21:15.009+0300] {processor.py:186} INFO - Started process (PID=464) to work on /home/airflow/.local/lib/python3.12/site-packages/airflow/example_dags/example_branch_day_of_week_operator.py
[2024-11-22T19:21:15.012+0300] {processor.py:914} INFO - Processing file /home/airflow/.local/lib/python3.12/site-packages/airflow/example_dags/example_branch_day_of_week_operator.py for tasks to queue
[2024-11-22T19:21:15.015+0300] {logging_mixin.py:190} INFO - [2024-11-22T19:21:15.014+0300] {dagbag.py:588} INFO - Filling up the DagBag from /home/airflow/.local/lib/python3.12/site-packages/airflow/example_dags/example_branch_day_of_week_operator.py
[2024-11-22T19:21:15.028+0300] {processor.py:925} INFO - DAG(s) 'example_weekday_branch_operator' retrieved from /home/airflow/.local/lib/python3.12/site-packages/airflow/example_dags/example_branch_day_of_week_operator.py
[2024-11-22T19:21:15.053+0300] {logging_mixin.py:190} INFO - [2024-11-22T19:21:15.053+0300] {dag.py:3239} INFO - Sync 1 DAGs
[2024-11-22T19:21:15.080+0300] {logging_mixin.py:190} INFO - [2024-11-22T19:21:15.080+0300] {dag.py:4180} INFO - Setting next_dagrun for example_weekday_branch_operator to 2024-11-21 00:00:00+00:00, run_after=2024-11-22 00:00:00+00:00
[2024-11-22T19:21:15.100+0300] {processor.py:208} INFO - Processing /home/airflow/.local/lib/python3.12/site-packages/airflow/example_dags/example_branch_day_of_week_operator.py took 0.101 seconds
[2024-11-22T19:21:45.732+0300] {processor.py:186} INFO - Started process (PID=533) to work on /home/airflow/.local/lib/python3.12/site-packages/airflow/example_dags/example_branch_day_of_week_operator.py
[2024-11-22T19:21:45.733+0300] {processor.py:914} INFO - Processing file /home/airflow/.local/lib/python3.12/site-packages/airflow/example_dags/example_branch_day_of_week_operator.py for tasks to queue
[2024-11-22T19:21:45.737+0300] {logging_mixin.py:190} INFO - [2024-11-22T19:21:45.737+0300] {dagbag.py:588} INFO - Filling up the DagBag from /home/airflow/.local/lib/python3.12/site-packages/airflow/example_dags/example_branch_day_of_week_operator.py
[2024-11-22T19:21:45.746+0300] {processor.py:925} INFO - DAG(s) 'example_weekday_branch_operator' retrieved from /home/airflow/.local/lib/python3.12/site-packages/airflow/example_dags/example_branch_day_of_week_operator.py
[2024-11-22T19:21:45.770+0300] {logging_mixin.py:190} INFO - [2024-11-22T19:21:45.769+0300] {dag.py:3239} INFO - Sync 1 DAGs
[2024-11-22T19:21:45.793+0300] {logging_mixin.py:190} INFO - [2024-11-22T19:21:45.793+0300] {dag.py:4180} INFO - Setting next_dagrun for example_weekday_branch_operator to 2024-11-21 00:00:00+00:00, run_after=2024-11-22 00:00:00+00:00
[2024-11-22T19:21:45.815+0300] {processor.py:208} INFO - Processing /home/airflow/.local/lib/python3.12/site-packages/airflow/example_dags/example_branch_day_of_week_operator.py took 0.089 seconds
[2024-11-22T19:22:16.659+0300] {processor.py:186} INFO - Started process (PID=602) to work on /home/airflow/.local/lib/python3.12/site-packages/airflow/example_dags/example_branch_day_of_week_operator.py
[2024-11-22T19:22:16.660+0300] {processor.py:914} INFO - Processing file /home/airflow/.local/lib/python3.12/site-packages/airflow/example_dags/example_branch_day_of_week_operator.py for tasks to queue
[2024-11-22T19:22:16.663+0300] {logging_mixin.py:190} INFO - [2024-11-22T19:22:16.662+0300] {dagbag.py:588} INFO - Filling up the DagBag from /home/airflow/.local/lib/python3.12/site-packages/airflow/example_dags/example_branch_day_of_week_operator.py
[2024-11-22T19:22:16.672+0300] {processor.py:925} INFO - DAG(s) 'example_weekday_branch_operator' retrieved from /home/airflow/.local/lib/python3.12/site-packages/airflow/example_dags/example_branch_day_of_week_operator.py
[2024-11-22T19:22:16.695+0300] {logging_mixin.py:190} INFO - [2024-11-22T19:22:16.694+0300] {dag.py:3239} INFO - Sync 1 DAGs
[2024-11-22T19:22:16.720+0300] {logging_mixin.py:190} INFO - [2024-11-22T19:22:16.720+0300] {dag.py:4180} INFO - Setting next_dagrun for example_weekday_branch_operator to 2024-11-21 00:00:00+00:00, run_after=2024-11-22 00:00:00+00:00
[2024-11-22T19:22:16.752+0300] {processor.py:208} INFO - Processing /home/airflow/.local/lib/python3.12/site-packages/airflow/example_dags/example_branch_day_of_week_operator.py took 0.098 seconds
[2024-11-22T19:22:46.962+0300] {processor.py:186} INFO - Started process (PID=671) to work on /home/airflow/.local/lib/python3.12/site-packages/airflow/example_dags/example_branch_day_of_week_operator.py
[2024-11-22T19:22:46.964+0300] {processor.py:914} INFO - Processing file /home/airflow/.local/lib/python3.12/site-packages/airflow/example_dags/example_branch_day_of_week_operator.py for tasks to queue
[2024-11-22T19:22:46.967+0300] {logging_mixin.py:190} INFO - [2024-11-22T19:22:46.967+0300] {dagbag.py:588} INFO - Filling up the DagBag from /home/airflow/.local/lib/python3.12/site-packages/airflow/example_dags/example_branch_day_of_week_operator.py
[2024-11-22T19:22:46.976+0300] {processor.py:925} INFO - DAG(s) 'example_weekday_branch_operator' retrieved from /home/airflow/.local/lib/python3.12/site-packages/airflow/example_dags/example_branch_day_of_week_operator.py
[2024-11-22T19:22:46.996+0300] {logging_mixin.py:190} INFO - [2024-11-22T19:22:46.996+0300] {dag.py:3239} INFO - Sync 1 DAGs
[2024-11-22T19:22:47.020+0300] {logging_mixin.py:190} INFO - [2024-11-22T19:22:47.019+0300] {dag.py:4180} INFO - Setting next_dagrun for example_weekday_branch_operator to 2024-11-21 00:00:00+00:00, run_after=2024-11-22 00:00:00+00:00
[2024-11-22T19:22:47.055+0300] {processor.py:208} INFO - Processing /home/airflow/.local/lib/python3.12/site-packages/airflow/example_dags/example_branch_day_of_week_operator.py took 0.098 seconds
[2024-11-22T19:23:18.063+0300] {processor.py:186} INFO - Started process (PID=740) to work on /home/airflow/.local/lib/python3.12/site-packages/airflow/example_dags/example_branch_day_of_week_operator.py
[2024-11-22T19:23:18.064+0300] {processor.py:914} INFO - Processing file /home/airflow/.local/lib/python3.12/site-packages/airflow/example_dags/example_branch_day_of_week_operator.py for tasks to queue
[2024-11-22T19:23:18.067+0300] {logging_mixin.py:190} INFO - [2024-11-22T19:23:18.066+0300] {dagbag.py:588} INFO - Filling up the DagBag from /home/airflow/.local/lib/python3.12/site-packages/airflow/example_dags/example_branch_day_of_week_operator.py
[2024-11-22T19:23:18.075+0300] {processor.py:925} INFO - DAG(s) 'example_weekday_branch_operator' retrieved from /home/airflow/.local/lib/python3.12/site-packages/airflow/example_dags/example_branch_day_of_week_operator.py
[2024-11-22T19:23:18.099+0300] {logging_mixin.py:190} INFO - [2024-11-22T19:23:18.098+0300] {dag.py:3239} INFO - Sync 1 DAGs
[2024-11-22T19:23:18.131+0300] {logging_mixin.py:190} INFO - [2024-11-22T19:23:18.131+0300] {dag.py:4180} INFO - Setting next_dagrun for example_weekday_branch_operator to 2024-11-21 00:00:00+00:00, run_after=2024-11-22 00:00:00+00:00
[2024-11-22T19:23:18.152+0300] {processor.py:208} INFO - Processing /home/airflow/.local/lib/python3.12/site-packages/airflow/example_dags/example_branch_day_of_week_operator.py took 0.093 seconds
[2024-11-22T19:23:48.399+0300] {processor.py:186} INFO - Started process (PID=809) to work on /home/airflow/.local/lib/python3.12/site-packages/airflow/example_dags/example_branch_day_of_week_operator.py
[2024-11-22T19:23:48.400+0300] {processor.py:914} INFO - Processing file /home/airflow/.local/lib/python3.12/site-packages/airflow/example_dags/example_branch_day_of_week_operator.py for tasks to queue
[2024-11-22T19:23:48.402+0300] {logging_mixin.py:190} INFO - [2024-11-22T19:23:48.402+0300] {dagbag.py:588} INFO - Filling up the DagBag from /home/airflow/.local/lib/python3.12/site-packages/airflow/example_dags/example_branch_day_of_week_operator.py
[2024-11-22T19:23:48.412+0300] {processor.py:925} INFO - DAG(s) 'example_weekday_branch_operator' retrieved from /home/airflow/.local/lib/python3.12/site-packages/airflow/example_dags/example_branch_day_of_week_operator.py
[2024-11-22T19:23:48.432+0300] {logging_mixin.py:190} INFO - [2024-11-22T19:23:48.431+0300] {dag.py:3239} INFO - Sync 1 DAGs
[2024-11-22T19:23:48.452+0300] {logging_mixin.py:190} INFO - [2024-11-22T19:23:48.452+0300] {dag.py:4180} INFO - Setting next_dagrun for example_weekday_branch_operator to 2024-11-21 00:00:00+00:00, run_after=2024-11-22 00:00:00+00:00
[2024-11-22T19:23:48.472+0300] {processor.py:208} INFO - Processing /home/airflow/.local/lib/python3.12/site-packages/airflow/example_dags/example_branch_day_of_week_operator.py took 0.079 seconds
[2024-11-22T19:24:19.461+0300] {processor.py:186} INFO - Started process (PID=878) to work on /home/airflow/.local/lib/python3.12/site-packages/airflow/example_dags/example_branch_day_of_week_operator.py
[2024-11-22T19:24:19.463+0300] {processor.py:914} INFO - Processing file /home/airflow/.local/lib/python3.12/site-packages/airflow/example_dags/example_branch_day_of_week_operator.py for tasks to queue
[2024-11-22T19:24:19.465+0300] {logging_mixin.py:190} INFO - [2024-11-22T19:24:19.465+0300] {dagbag.py:588} INFO - Filling up the DagBag from /home/airflow/.local/lib/python3.12/site-packages/airflow/example_dags/example_branch_day_of_week_operator.py
[2024-11-22T19:24:19.473+0300] {processor.py:925} INFO - DAG(s) 'example_weekday_branch_operator' retrieved from /home/airflow/.local/lib/python3.12/site-packages/airflow/example_dags/example_branch_day_of_week_operator.py
[2024-11-22T19:24:19.489+0300] {logging_mixin.py:190} INFO - [2024-11-22T19:24:19.489+0300] {dag.py:3239} INFO - Sync 1 DAGs
[2024-11-22T19:24:19.507+0300] {logging_mixin.py:190} INFO - [2024-11-22T19:24:19.507+0300] {dag.py:4180} INFO - Setting next_dagrun for example_weekday_branch_operator to 2024-11-21 00:00:00+00:00, run_after=2024-11-22 00:00:00+00:00
[2024-11-22T19:24:19.530+0300] {processor.py:208} INFO - Processing /home/airflow/.local/lib/python3.12/site-packages/airflow/example_dags/example_branch_day_of_week_operator.py took 0.074 seconds
[2024-11-22T19:24:49.949+0300] {processor.py:186} INFO - Started process (PID=947) to work on /home/airflow/.local/lib/python3.12/site-packages/airflow/example_dags/example_branch_day_of_week_operator.py
[2024-11-22T19:24:49.951+0300] {processor.py:914} INFO - Processing file /home/airflow/.local/lib/python3.12/site-packages/airflow/example_dags/example_branch_day_of_week_operator.py for tasks to queue
[2024-11-22T19:24:49.954+0300] {logging_mixin.py:190} INFO - [2024-11-22T19:24:49.954+0300] {dagbag.py:588} INFO - Filling up the DagBag from /home/airflow/.local/lib/python3.12/site-packages/airflow/example_dags/example_branch_day_of_week_operator.py
[2024-11-22T19:24:49.962+0300] {processor.py:925} INFO - DAG(s) 'example_weekday_branch_operator' retrieved from /home/airflow/.local/lib/python3.12/site-packages/airflow/example_dags/example_branch_day_of_week_operator.py
[2024-11-22T19:24:49.982+0300] {logging_mixin.py:190} INFO - [2024-11-22T19:24:49.982+0300] {dag.py:3239} INFO - Sync 1 DAGs
[2024-11-22T19:24:50.001+0300] {logging_mixin.py:190} INFO - [2024-11-22T19:24:50.001+0300] {dag.py:4180} INFO - Setting next_dagrun for example_weekday_branch_operator to 2024-11-21 00:00:00+00:00, run_after=2024-11-22 00:00:00+00:00
[2024-11-22T19:24:50.020+0300] {processor.py:208} INFO - Processing /home/airflow/.local/lib/python3.12/site-packages/airflow/example_dags/example_branch_day_of_week_operator.py took 0.077 seconds
[2024-11-22T19:25:21.445+0300] {processor.py:186} INFO - Started process (PID=1016) to work on /home/airflow/.local/lib/python3.12/site-packages/airflow/example_dags/example_branch_day_of_week_operator.py
[2024-11-22T19:25:21.446+0300] {processor.py:914} INFO - Processing file /home/airflow/.local/lib/python3.12/site-packages/airflow/example_dags/example_branch_day_of_week_operator.py for tasks to queue
[2024-11-22T19:25:21.449+0300] {logging_mixin.py:190} INFO - [2024-11-22T19:25:21.448+0300] {dagbag.py:588} INFO - Filling up the DagBag from /home/airflow/.local/lib/python3.12/site-packages/airflow/example_dags/example_branch_day_of_week_operator.py
[2024-11-22T19:25:21.460+0300] {processor.py:925} INFO - DAG(s) 'example_weekday_branch_operator' retrieved from /home/airflow/.local/lib/python3.12/site-packages/airflow/example_dags/example_branch_day_of_week_operator.py
[2024-11-22T19:25:21.481+0300] {logging_mixin.py:190} INFO - [2024-11-22T19:25:21.481+0300] {dag.py:3239} INFO - Sync 1 DAGs
[2024-11-22T19:25:21.504+0300] {logging_mixin.py:190} INFO - [2024-11-22T19:25:21.504+0300] {dag.py:4180} INFO - Setting next_dagrun for example_weekday_branch_operator to 2024-11-21 00:00:00+00:00, run_after=2024-11-22 00:00:00+00:00
[2024-11-22T19:25:21.525+0300] {processor.py:208} INFO - Processing /home/airflow/.local/lib/python3.12/site-packages/airflow/example_dags/example_branch_day_of_week_operator.py took 0.086 seconds
[2024-11-22T19:25:52.104+0300] {processor.py:186} INFO - Started process (PID=1085) to work on /home/airflow/.local/lib/python3.12/site-packages/airflow/example_dags/example_branch_day_of_week_operator.py
[2024-11-22T19:25:52.106+0300] {processor.py:914} INFO - Processing file /home/airflow/.local/lib/python3.12/site-packages/airflow/example_dags/example_branch_day_of_week_operator.py for tasks to queue
[2024-11-22T19:25:52.109+0300] {logging_mixin.py:190} INFO - [2024-11-22T19:25:52.108+0300] {dagbag.py:588} INFO - Filling up the DagBag from /home/airflow/.local/lib/python3.12/site-packages/airflow/example_dags/example_branch_day_of_week_operator.py
[2024-11-22T19:25:52.124+0300] {processor.py:925} INFO - DAG(s) 'example_weekday_branch_operator' retrieved from /home/airflow/.local/lib/python3.12/site-packages/airflow/example_dags/example_branch_day_of_week_operator.py
[2024-11-22T19:25:52.145+0300] {logging_mixin.py:190} INFO - [2024-11-22T19:25:52.145+0300] {dag.py:3239} INFO - Sync 1 DAGs
[2024-11-22T19:25:52.176+0300] {logging_mixin.py:190} INFO - [2024-11-22T19:25:52.176+0300] {dag.py:4180} INFO - Setting next_dagrun for example_weekday_branch_operator to 2024-11-21 00:00:00+00:00, run_after=2024-11-22 00:00:00+00:00
[2024-11-22T19:25:52.198+0300] {processor.py:208} INFO - Processing /home/airflow/.local/lib/python3.12/site-packages/airflow/example_dags/example_branch_day_of_week_operator.py took 0.099 seconds
[2024-11-22T19:26:22.373+0300] {processor.py:186} INFO - Started process (PID=1154) to work on /home/airflow/.local/lib/python3.12/site-packages/airflow/example_dags/example_branch_day_of_week_operator.py
[2024-11-22T19:26:22.375+0300] {processor.py:914} INFO - Processing file /home/airflow/.local/lib/python3.12/site-packages/airflow/example_dags/example_branch_day_of_week_operator.py for tasks to queue
[2024-11-22T19:26:22.378+0300] {logging_mixin.py:190} INFO - [2024-11-22T19:26:22.377+0300] {dagbag.py:588} INFO - Filling up the DagBag from /home/airflow/.local/lib/python3.12/site-packages/airflow/example_dags/example_branch_day_of_week_operator.py
[2024-11-22T19:26:22.388+0300] {processor.py:925} INFO - DAG(s) 'example_weekday_branch_operator' retrieved from /home/airflow/.local/lib/python3.12/site-packages/airflow/example_dags/example_branch_day_of_week_operator.py
[2024-11-22T19:26:22.412+0300] {logging_mixin.py:190} INFO - [2024-11-22T19:26:22.411+0300] {dag.py:3239} INFO - Sync 1 DAGs
[2024-11-22T19:26:22.439+0300] {logging_mixin.py:190} INFO - [2024-11-22T19:26:22.439+0300] {dag.py:4180} INFO - Setting next_dagrun for example_weekday_branch_operator to 2024-11-21 00:00:00+00:00, run_after=2024-11-22 00:00:00+00:00
[2024-11-22T19:26:22.473+0300] {processor.py:208} INFO - Processing /home/airflow/.local/lib/python3.12/site-packages/airflow/example_dags/example_branch_day_of_week_operator.py took 0.105 seconds
[2024-11-22T19:26:54.017+0300] {processor.py:186} INFO - Started process (PID=1223) to work on /home/airflow/.local/lib/python3.12/site-packages/airflow/example_dags/example_branch_day_of_week_operator.py
[2024-11-22T19:26:54.019+0300] {processor.py:914} INFO - Processing file /home/airflow/.local/lib/python3.12/site-packages/airflow/example_dags/example_branch_day_of_week_operator.py for tasks to queue
[2024-11-22T19:26:54.021+0300] {logging_mixin.py:190} INFO - [2024-11-22T19:26:54.020+0300] {dagbag.py:588} INFO - Filling up the DagBag from /home/airflow/.local/lib/python3.12/site-packages/airflow/example_dags/example_branch_day_of_week_operator.py
[2024-11-22T19:26:54.030+0300] {processor.py:925} INFO - DAG(s) 'example_weekday_branch_operator' retrieved from /home/airflow/.local/lib/python3.12/site-packages/airflow/example_dags/example_branch_day_of_week_operator.py
[2024-11-22T19:26:54.052+0300] {logging_mixin.py:190} INFO - [2024-11-22T19:26:54.051+0300] {dag.py:3239} INFO - Sync 1 DAGs
[2024-11-22T19:26:54.076+0300] {logging_mixin.py:190} INFO - [2024-11-22T19:26:54.076+0300] {dag.py:4180} INFO - Setting next_dagrun for example_weekday_branch_operator to 2024-11-21 00:00:00+00:00, run_after=2024-11-22 00:00:00+00:00
[2024-11-22T19:26:54.101+0300] {processor.py:208} INFO - Processing /home/airflow/.local/lib/python3.12/site-packages/airflow/example_dags/example_branch_day_of_week_operator.py took 0.090 seconds
[2024-11-22T19:27:25.103+0300] {processor.py:186} INFO - Started process (PID=1292) to work on /home/airflow/.local/lib/python3.12/site-packages/airflow/example_dags/example_branch_day_of_week_operator.py
[2024-11-22T19:27:25.104+0300] {processor.py:914} INFO - Processing file /home/airflow/.local/lib/python3.12/site-packages/airflow/example_dags/example_branch_day_of_week_operator.py for tasks to queue
[2024-11-22T19:27:25.107+0300] {logging_mixin.py:190} INFO - [2024-11-22T19:27:25.107+0300] {dagbag.py:588} INFO - Filling up the DagBag from /home/airflow/.local/lib/python3.12/site-packages/airflow/example_dags/example_branch_day_of_week_operator.py
[2024-11-22T19:27:25.118+0300] {processor.py:925} INFO - DAG(s) 'example_weekday_branch_operator' retrieved from /home/airflow/.local/lib/python3.12/site-packages/airflow/example_dags/example_branch_day_of_week_operator.py
[2024-11-22T19:27:25.156+0300] {logging_mixin.py:190} INFO - [2024-11-22T19:27:25.155+0300] {dag.py:3239} INFO - Sync 1 DAGs
[2024-11-22T19:27:25.180+0300] {logging_mixin.py:190} INFO - [2024-11-22T19:27:25.180+0300] {dag.py:4180} INFO - Setting next_dagrun for example_weekday_branch_operator to 2024-11-21 00:00:00+00:00, run_after=2024-11-22 00:00:00+00:00
[2024-11-22T19:27:25.204+0300] {processor.py:208} INFO - Processing /home/airflow/.local/lib/python3.12/site-packages/airflow/example_dags/example_branch_day_of_week_operator.py took 0.106 seconds
[2024-11-22T19:27:55.883+0300] {processor.py:186} INFO - Started process (PID=1361) to work on /home/airflow/.local/lib/python3.12/site-packages/airflow/example_dags/example_branch_day_of_week_operator.py
[2024-11-22T19:27:55.884+0300] {processor.py:914} INFO - Processing file /home/airflow/.local/lib/python3.12/site-packages/airflow/example_dags/example_branch_day_of_week_operator.py for tasks to queue
[2024-11-22T19:27:55.887+0300] {logging_mixin.py:190} INFO - [2024-11-22T19:27:55.886+0300] {dagbag.py:588} INFO - Filling up the DagBag from /home/airflow/.local/lib/python3.12/site-packages/airflow/example_dags/example_branch_day_of_week_operator.py
[2024-11-22T19:27:55.897+0300] {processor.py:925} INFO - DAG(s) 'example_weekday_branch_operator' retrieved from /home/airflow/.local/lib/python3.12/site-packages/airflow/example_dags/example_branch_day_of_week_operator.py
[2024-11-22T19:27:55.917+0300] {logging_mixin.py:190} INFO - [2024-11-22T19:27:55.916+0300] {dag.py:3239} INFO - Sync 1 DAGs
[2024-11-22T19:27:55.937+0300] {logging_mixin.py:190} INFO - [2024-11-22T19:27:55.937+0300] {dag.py:4180} INFO - Setting next_dagrun for example_weekday_branch_operator to 2024-11-21 00:00:00+00:00, run_after=2024-11-22 00:00:00+00:00
[2024-11-22T19:27:55.956+0300] {processor.py:208} INFO - Processing /home/airflow/.local/lib/python3.12/site-packages/airflow/example_dags/example_branch_day_of_week_operator.py took 0.080 seconds
[2024-11-22T19:28:27.027+0300] {processor.py:186} INFO - Started process (PID=1430) to work on /home/airflow/.local/lib/python3.12/site-packages/airflow/example_dags/example_branch_day_of_week_operator.py
[2024-11-22T19:28:27.028+0300] {processor.py:914} INFO - Processing file /home/airflow/.local/lib/python3.12/site-packages/airflow/example_dags/example_branch_day_of_week_operator.py for tasks to queue
[2024-11-22T19:28:27.031+0300] {logging_mixin.py:190} INFO - [2024-11-22T19:28:27.030+0300] {dagbag.py:588} INFO - Filling up the DagBag from /home/airflow/.local/lib/python3.12/site-packages/airflow/example_dags/example_branch_day_of_week_operator.py
[2024-11-22T19:28:27.038+0300] {processor.py:925} INFO - DAG(s) 'example_weekday_branch_operator' retrieved from /home/airflow/.local/lib/python3.12/site-packages/airflow/example_dags/example_branch_day_of_week_operator.py
[2024-11-22T19:28:27.064+0300] {logging_mixin.py:190} INFO - [2024-11-22T19:28:27.063+0300] {dag.py:3239} INFO - Sync 1 DAGs
[2024-11-22T19:28:27.088+0300] {logging_mixin.py:190} INFO - [2024-11-22T19:28:27.088+0300] {dag.py:4180} INFO - Setting next_dagrun for example_weekday_branch_operator to 2024-11-21 00:00:00+00:00, run_after=2024-11-22 00:00:00+00:00
[2024-11-22T19:28:27.112+0300] {processor.py:208} INFO - Processing /home/airflow/.local/lib/python3.12/site-packages/airflow/example_dags/example_branch_day_of_week_operator.py took 0.091 seconds
[2024-11-22T19:28:57.860+0300] {processor.py:186} INFO - Started process (PID=1499) to work on /home/airflow/.local/lib/python3.12/site-packages/airflow/example_dags/example_branch_day_of_week_operator.py
[2024-11-22T19:28:57.861+0300] {processor.py:914} INFO - Processing file /home/airflow/.local/lib/python3.12/site-packages/airflow/example_dags/example_branch_day_of_week_operator.py for tasks to queue
[2024-11-22T19:28:57.863+0300] {logging_mixin.py:190} INFO - [2024-11-22T19:28:57.863+0300] {dagbag.py:588} INFO - Filling up the DagBag from /home/airflow/.local/lib/python3.12/site-packages/airflow/example_dags/example_branch_day_of_week_operator.py
[2024-11-22T19:28:57.874+0300] {processor.py:925} INFO - DAG(s) 'example_weekday_branch_operator' retrieved from /home/airflow/.local/lib/python3.12/site-packages/airflow/example_dags/example_branch_day_of_week_operator.py
[2024-11-22T19:28:57.897+0300] {logging_mixin.py:190} INFO - [2024-11-22T19:28:57.896+0300] {dag.py:3239} INFO - Sync 1 DAGs
[2024-11-22T19:28:57.922+0300] {logging_mixin.py:190} INFO - [2024-11-22T19:28:57.921+0300] {dag.py:4180} INFO - Setting next_dagrun for example_weekday_branch_operator to 2024-11-21 00:00:00+00:00, run_after=2024-11-22 00:00:00+00:00
[2024-11-22T19:28:57.943+0300] {processor.py:208} INFO - Processing /home/airflow/.local/lib/python3.12/site-packages/airflow/example_dags/example_branch_day_of_week_operator.py took 0.090 seconds
[2024-11-22T19:29:28.501+0300] {processor.py:186} INFO - Started process (PID=1568) to work on /home/airflow/.local/lib/python3.12/site-packages/airflow/example_dags/example_branch_day_of_week_operator.py
[2024-11-22T19:29:28.502+0300] {processor.py:914} INFO - Processing file /home/airflow/.local/lib/python3.12/site-packages/airflow/example_dags/example_branch_day_of_week_operator.py for tasks to queue
[2024-11-22T19:29:28.505+0300] {logging_mixin.py:190} INFO - [2024-11-22T19:29:28.505+0300] {dagbag.py:588} INFO - Filling up the DagBag from /home/airflow/.local/lib/python3.12/site-packages/airflow/example_dags/example_branch_day_of_week_operator.py
[2024-11-22T19:29:28.513+0300] {processor.py:925} INFO - DAG(s) 'example_weekday_branch_operator' retrieved from /home/airflow/.local/lib/python3.12/site-packages/airflow/example_dags/example_branch_day_of_week_operator.py
[2024-11-22T19:29:28.529+0300] {logging_mixin.py:190} INFO - [2024-11-22T19:29:28.528+0300] {dag.py:3239} INFO - Sync 1 DAGs
[2024-11-22T19:29:28.550+0300] {logging_mixin.py:190} INFO - [2024-11-22T19:29:28.550+0300] {dag.py:4180} INFO - Setting next_dagrun for example_weekday_branch_operator to 2024-11-21 00:00:00+00:00, run_after=2024-11-22 00:00:00+00:00
[2024-11-22T19:29:28.569+0300] {processor.py:208} INFO - Processing /home/airflow/.local/lib/python3.12/site-packages/airflow/example_dags/example_branch_day_of_week_operator.py took 0.073 seconds
