[2024-11-22T19:18:41.874+0300] {processor.py:186} INFO - Started process (PID=105) to work on /home/airflow/.local/lib/python3.12/site-packages/airflow/example_dags/example_trigger_controller_dag.py
[2024-11-22T19:18:41.876+0300] {processor.py:914} INFO - Processing file /home/airflow/.local/lib/python3.12/site-packages/airflow/example_dags/example_trigger_controller_dag.py for tasks to queue
[2024-11-22T19:18:41.882+0300] {logging_mixin.py:190} INFO - [2024-11-22T19:18:41.881+0300] {dagbag.py:588} INFO - Filling up the DagBag from /home/airflow/.local/lib/python3.12/site-packages/airflow/example_dags/example_trigger_controller_dag.py
[2024-11-22T19:18:41.898+0300] {processor.py:925} INFO - DAG(s) 'example_trigger_controller_dag' retrieved from /home/airflow/.local/lib/python3.12/site-packages/airflow/example_dags/example_trigger_controller_dag.py
[2024-11-22T19:18:41.937+0300] {logging_mixin.py:190} INFO - [2024-11-22T19:18:41.936+0300] {dag.py:3239} INFO - Sync 1 DAGs
[2024-11-22T19:18:41.975+0300] {logging_mixin.py:190} INFO - [2024-11-22T19:18:41.974+0300] {dag.py:4180} INFO - Setting next_dagrun for example_trigger_controller_dag to 2021-01-01 00:00:00+00:00, run_after=2021-01-01 00:00:00+00:00
[2024-11-22T19:18:42.016+0300] {processor.py:208} INFO - Processing /home/airflow/.local/lib/python3.12/site-packages/airflow/example_dags/example_trigger_controller_dag.py took 0.154 seconds
[2024-11-22T19:19:12.131+0300] {processor.py:186} INFO - Started process (PID=191) to work on /home/airflow/.local/lib/python3.12/site-packages/airflow/example_dags/example_trigger_controller_dag.py
[2024-11-22T19:19:12.132+0300] {processor.py:914} INFO - Processing file /home/airflow/.local/lib/python3.12/site-packages/airflow/example_dags/example_trigger_controller_dag.py for tasks to queue
[2024-11-22T19:19:12.134+0300] {logging_mixin.py:190} INFO - [2024-11-22T19:19:12.134+0300] {dagbag.py:588} INFO - Filling up the DagBag from /home/airflow/.local/lib/python3.12/site-packages/airflow/example_dags/example_trigger_controller_dag.py
[2024-11-22T19:19:12.140+0300] {processor.py:925} INFO - DAG(s) 'example_trigger_controller_dag' retrieved from /home/airflow/.local/lib/python3.12/site-packages/airflow/example_dags/example_trigger_controller_dag.py
[2024-11-22T19:19:12.155+0300] {logging_mixin.py:190} INFO - [2024-11-22T19:19:12.154+0300] {dag.py:3239} INFO - Sync 1 DAGs
[2024-11-22T19:19:12.175+0300] {logging_mixin.py:190} INFO - [2024-11-22T19:19:12.175+0300] {dag.py:4180} INFO - Setting next_dagrun for example_trigger_controller_dag to 2021-01-01 00:00:00+00:00, run_after=2021-01-01 00:00:00+00:00
[2024-11-22T19:19:12.198+0300] {processor.py:208} INFO - Processing /home/airflow/.local/lib/python3.12/site-packages/airflow/example_dags/example_trigger_controller_dag.py took 0.073 seconds
[2024-11-22T19:19:43.336+0300] {processor.py:186} INFO - Started process (PID=260) to work on /home/airflow/.local/lib/python3.12/site-packages/airflow/example_dags/example_trigger_controller_dag.py
[2024-11-22T19:19:43.339+0300] {processor.py:914} INFO - Processing file /home/airflow/.local/lib/python3.12/site-packages/airflow/example_dags/example_trigger_controller_dag.py for tasks to queue
[2024-11-22T19:19:43.342+0300] {logging_mixin.py:190} INFO - [2024-11-22T19:19:43.342+0300] {dagbag.py:588} INFO - Filling up the DagBag from /home/airflow/.local/lib/python3.12/site-packages/airflow/example_dags/example_trigger_controller_dag.py
[2024-11-22T19:19:43.349+0300] {processor.py:925} INFO - DAG(s) 'example_trigger_controller_dag' retrieved from /home/airflow/.local/lib/python3.12/site-packages/airflow/example_dags/example_trigger_controller_dag.py
[2024-11-22T19:19:43.368+0300] {logging_mixin.py:190} INFO - [2024-11-22T19:19:43.368+0300] {dag.py:3239} INFO - Sync 1 DAGs
[2024-11-22T19:19:43.388+0300] {logging_mixin.py:190} INFO - [2024-11-22T19:19:43.388+0300] {dag.py:4180} INFO - Setting next_dagrun for example_trigger_controller_dag to 2021-01-01 00:00:00+00:00, run_after=2021-01-01 00:00:00+00:00
[2024-11-22T19:19:43.418+0300] {processor.py:208} INFO - Processing /home/airflow/.local/lib/python3.12/site-packages/airflow/example_dags/example_trigger_controller_dag.py took 0.088 seconds
[2024-11-22T19:20:13.499+0300] {processor.py:186} INFO - Started process (PID=329) to work on /home/airflow/.local/lib/python3.12/site-packages/airflow/example_dags/example_trigger_controller_dag.py
[2024-11-22T19:20:13.501+0300] {processor.py:914} INFO - Processing file /home/airflow/.local/lib/python3.12/site-packages/airflow/example_dags/example_trigger_controller_dag.py for tasks to queue
[2024-11-22T19:20:13.503+0300] {logging_mixin.py:190} INFO - [2024-11-22T19:20:13.503+0300] {dagbag.py:588} INFO - Filling up the DagBag from /home/airflow/.local/lib/python3.12/site-packages/airflow/example_dags/example_trigger_controller_dag.py
[2024-11-22T19:20:13.511+0300] {processor.py:925} INFO - DAG(s) 'example_trigger_controller_dag' retrieved from /home/airflow/.local/lib/python3.12/site-packages/airflow/example_dags/example_trigger_controller_dag.py
[2024-11-22T19:20:13.531+0300] {logging_mixin.py:190} INFO - [2024-11-22T19:20:13.531+0300] {dag.py:3239} INFO - Sync 1 DAGs
[2024-11-22T19:20:13.554+0300] {logging_mixin.py:190} INFO - [2024-11-22T19:20:13.553+0300] {dag.py:4180} INFO - Setting next_dagrun for example_trigger_controller_dag to 2021-01-01 00:00:00+00:00, run_after=2021-01-01 00:00:00+00:00
[2024-11-22T19:20:13.586+0300] {processor.py:208} INFO - Processing /home/airflow/.local/lib/python3.12/site-packages/airflow/example_dags/example_trigger_controller_dag.py took 0.091 seconds
[2024-11-22T19:20:44.178+0300] {processor.py:186} INFO - Started process (PID=397) to work on /home/airflow/.local/lib/python3.12/site-packages/airflow/example_dags/example_trigger_controller_dag.py
[2024-11-22T19:20:44.180+0300] {processor.py:914} INFO - Processing file /home/airflow/.local/lib/python3.12/site-packages/airflow/example_dags/example_trigger_controller_dag.py for tasks to queue
[2024-11-22T19:20:44.182+0300] {logging_mixin.py:190} INFO - [2024-11-22T19:20:44.182+0300] {dagbag.py:588} INFO - Filling up the DagBag from /home/airflow/.local/lib/python3.12/site-packages/airflow/example_dags/example_trigger_controller_dag.py
[2024-11-22T19:20:44.190+0300] {processor.py:925} INFO - DAG(s) 'example_trigger_controller_dag' retrieved from /home/airflow/.local/lib/python3.12/site-packages/airflow/example_dags/example_trigger_controller_dag.py
[2024-11-22T19:20:44.210+0300] {logging_mixin.py:190} INFO - [2024-11-22T19:20:44.209+0300] {dag.py:3239} INFO - Sync 1 DAGs
[2024-11-22T19:20:44.231+0300] {logging_mixin.py:190} INFO - [2024-11-22T19:20:44.231+0300] {dag.py:4180} INFO - Setting next_dagrun for example_trigger_controller_dag to 2021-01-01 00:00:00+00:00, run_after=2021-01-01 00:00:00+00:00
[2024-11-22T19:20:44.250+0300] {processor.py:208} INFO - Processing /home/airflow/.local/lib/python3.12/site-packages/airflow/example_dags/example_trigger_controller_dag.py took 0.078 seconds
[2024-11-22T19:21:15.273+0300] {processor.py:186} INFO - Started process (PID=467) to work on /home/airflow/.local/lib/python3.12/site-packages/airflow/example_dags/example_trigger_controller_dag.py
[2024-11-22T19:21:15.274+0300] {processor.py:914} INFO - Processing file /home/airflow/.local/lib/python3.12/site-packages/airflow/example_dags/example_trigger_controller_dag.py for tasks to queue
[2024-11-22T19:21:15.277+0300] {logging_mixin.py:190} INFO - [2024-11-22T19:21:15.277+0300] {dagbag.py:588} INFO - Filling up the DagBag from /home/airflow/.local/lib/python3.12/site-packages/airflow/example_dags/example_trigger_controller_dag.py
[2024-11-22T19:21:15.283+0300] {processor.py:925} INFO - DAG(s) 'example_trigger_controller_dag' retrieved from /home/airflow/.local/lib/python3.12/site-packages/airflow/example_dags/example_trigger_controller_dag.py
[2024-11-22T19:21:15.300+0300] {logging_mixin.py:190} INFO - [2024-11-22T19:21:15.300+0300] {dag.py:3239} INFO - Sync 1 DAGs
[2024-11-22T19:21:15.319+0300] {logging_mixin.py:190} INFO - [2024-11-22T19:21:15.319+0300] {dag.py:4180} INFO - Setting next_dagrun for example_trigger_controller_dag to 2021-01-01 00:00:00+00:00, run_after=2021-01-01 00:00:00+00:00
[2024-11-22T19:21:15.335+0300] {processor.py:208} INFO - Processing /home/airflow/.local/lib/python3.12/site-packages/airflow/example_dags/example_trigger_controller_dag.py took 0.067 seconds
[2024-11-22T19:21:45.964+0300] {processor.py:186} INFO - Started process (PID=536) to work on /home/airflow/.local/lib/python3.12/site-packages/airflow/example_dags/example_trigger_controller_dag.py
[2024-11-22T19:21:45.965+0300] {processor.py:914} INFO - Processing file /home/airflow/.local/lib/python3.12/site-packages/airflow/example_dags/example_trigger_controller_dag.py for tasks to queue
[2024-11-22T19:21:45.968+0300] {logging_mixin.py:190} INFO - [2024-11-22T19:21:45.968+0300] {dagbag.py:588} INFO - Filling up the DagBag from /home/airflow/.local/lib/python3.12/site-packages/airflow/example_dags/example_trigger_controller_dag.py
[2024-11-22T19:21:45.975+0300] {processor.py:925} INFO - DAG(s) 'example_trigger_controller_dag' retrieved from /home/airflow/.local/lib/python3.12/site-packages/airflow/example_dags/example_trigger_controller_dag.py
[2024-11-22T19:21:45.995+0300] {logging_mixin.py:190} INFO - [2024-11-22T19:21:45.994+0300] {dag.py:3239} INFO - Sync 1 DAGs
[2024-11-22T19:21:46.020+0300] {logging_mixin.py:190} INFO - [2024-11-22T19:21:46.019+0300] {dag.py:4180} INFO - Setting next_dagrun for example_trigger_controller_dag to 2021-01-01 00:00:00+00:00, run_after=2021-01-01 00:00:00+00:00
[2024-11-22T19:21:46.044+0300] {processor.py:208} INFO - Processing /home/airflow/.local/lib/python3.12/site-packages/airflow/example_dags/example_trigger_controller_dag.py took 0.085 seconds
[2024-11-22T19:22:16.913+0300] {processor.py:186} INFO - Started process (PID=605) to work on /home/airflow/.local/lib/python3.12/site-packages/airflow/example_dags/example_trigger_controller_dag.py
[2024-11-22T19:22:16.914+0300] {processor.py:914} INFO - Processing file /home/airflow/.local/lib/python3.12/site-packages/airflow/example_dags/example_trigger_controller_dag.py for tasks to queue
[2024-11-22T19:22:16.917+0300] {logging_mixin.py:190} INFO - [2024-11-22T19:22:16.917+0300] {dagbag.py:588} INFO - Filling up the DagBag from /home/airflow/.local/lib/python3.12/site-packages/airflow/example_dags/example_trigger_controller_dag.py
[2024-11-22T19:22:16.924+0300] {processor.py:925} INFO - DAG(s) 'example_trigger_controller_dag' retrieved from /home/airflow/.local/lib/python3.12/site-packages/airflow/example_dags/example_trigger_controller_dag.py
[2024-11-22T19:22:16.943+0300] {logging_mixin.py:190} INFO - [2024-11-22T19:22:16.942+0300] {dag.py:3239} INFO - Sync 1 DAGs
[2024-11-22T19:22:16.966+0300] {logging_mixin.py:190} INFO - [2024-11-22T19:22:16.966+0300] {dag.py:4180} INFO - Setting next_dagrun for example_trigger_controller_dag to 2021-01-01 00:00:00+00:00, run_after=2021-01-01 00:00:00+00:00
[2024-11-22T19:22:16.988+0300] {processor.py:208} INFO - Processing /home/airflow/.local/lib/python3.12/site-packages/airflow/example_dags/example_trigger_controller_dag.py took 0.080 seconds
[2024-11-22T19:22:47.202+0300] {processor.py:186} INFO - Started process (PID=674) to work on /home/airflow/.local/lib/python3.12/site-packages/airflow/example_dags/example_trigger_controller_dag.py
[2024-11-22T19:22:47.204+0300] {processor.py:914} INFO - Processing file /home/airflow/.local/lib/python3.12/site-packages/airflow/example_dags/example_trigger_controller_dag.py for tasks to queue
[2024-11-22T19:22:47.206+0300] {logging_mixin.py:190} INFO - [2024-11-22T19:22:47.206+0300] {dagbag.py:588} INFO - Filling up the DagBag from /home/airflow/.local/lib/python3.12/site-packages/airflow/example_dags/example_trigger_controller_dag.py
[2024-11-22T19:22:47.213+0300] {processor.py:925} INFO - DAG(s) 'example_trigger_controller_dag' retrieved from /home/airflow/.local/lib/python3.12/site-packages/airflow/example_dags/example_trigger_controller_dag.py
[2024-11-22T19:22:47.231+0300] {logging_mixin.py:190} INFO - [2024-11-22T19:22:47.231+0300] {dag.py:3239} INFO - Sync 1 DAGs
[2024-11-22T19:22:47.252+0300] {logging_mixin.py:190} INFO - [2024-11-22T19:22:47.252+0300] {dag.py:4180} INFO - Setting next_dagrun for example_trigger_controller_dag to 2021-01-01 00:00:00+00:00, run_after=2021-01-01 00:00:00+00:00
[2024-11-22T19:22:47.272+0300] {processor.py:208} INFO - Processing /home/airflow/.local/lib/python3.12/site-packages/airflow/example_dags/example_trigger_controller_dag.py took 0.074 seconds
[2024-11-22T19:23:18.310+0300] {processor.py:186} INFO - Started process (PID=743) to work on /home/airflow/.local/lib/python3.12/site-packages/airflow/example_dags/example_trigger_controller_dag.py
[2024-11-22T19:23:18.312+0300] {processor.py:914} INFO - Processing file /home/airflow/.local/lib/python3.12/site-packages/airflow/example_dags/example_trigger_controller_dag.py for tasks to queue
[2024-11-22T19:23:18.315+0300] {logging_mixin.py:190} INFO - [2024-11-22T19:23:18.315+0300] {dagbag.py:588} INFO - Filling up the DagBag from /home/airflow/.local/lib/python3.12/site-packages/airflow/example_dags/example_trigger_controller_dag.py
[2024-11-22T19:23:18.322+0300] {processor.py:925} INFO - DAG(s) 'example_trigger_controller_dag' retrieved from /home/airflow/.local/lib/python3.12/site-packages/airflow/example_dags/example_trigger_controller_dag.py
[2024-11-22T19:23:18.346+0300] {logging_mixin.py:190} INFO - [2024-11-22T19:23:18.346+0300] {dag.py:3239} INFO - Sync 1 DAGs
[2024-11-22T19:23:18.371+0300] {logging_mixin.py:190} INFO - [2024-11-22T19:23:18.371+0300] {dag.py:4180} INFO - Setting next_dagrun for example_trigger_controller_dag to 2021-01-01 00:00:00+00:00, run_after=2021-01-01 00:00:00+00:00
[2024-11-22T19:23:18.391+0300] {processor.py:208} INFO - Processing /home/airflow/.local/lib/python3.12/site-packages/airflow/example_dags/example_trigger_controller_dag.py took 0.089 seconds
[2024-11-22T19:23:48.510+0300] {processor.py:186} INFO - Started process (PID=811) to work on /home/airflow/.local/lib/python3.12/site-packages/airflow/example_dags/example_trigger_controller_dag.py
[2024-11-22T19:23:48.511+0300] {processor.py:914} INFO - Processing file /home/airflow/.local/lib/python3.12/site-packages/airflow/example_dags/example_trigger_controller_dag.py for tasks to queue
[2024-11-22T19:23:48.513+0300] {logging_mixin.py:190} INFO - [2024-11-22T19:23:48.513+0300] {dagbag.py:588} INFO - Filling up the DagBag from /home/airflow/.local/lib/python3.12/site-packages/airflow/example_dags/example_trigger_controller_dag.py
[2024-11-22T19:23:48.520+0300] {processor.py:925} INFO - DAG(s) 'example_trigger_controller_dag' retrieved from /home/airflow/.local/lib/python3.12/site-packages/airflow/example_dags/example_trigger_controller_dag.py
[2024-11-22T19:23:48.538+0300] {logging_mixin.py:190} INFO - [2024-11-22T19:23:48.538+0300] {dag.py:3239} INFO - Sync 1 DAGs
[2024-11-22T19:23:48.559+0300] {logging_mixin.py:190} INFO - [2024-11-22T19:23:48.559+0300] {dag.py:4180} INFO - Setting next_dagrun for example_trigger_controller_dag to 2021-01-01 00:00:00+00:00, run_after=2021-01-01 00:00:00+00:00
[2024-11-22T19:23:48.575+0300] {processor.py:208} INFO - Processing /home/airflow/.local/lib/python3.12/site-packages/airflow/example_dags/example_trigger_controller_dag.py took 0.070 seconds
[2024-11-22T19:24:19.699+0300] {processor.py:186} INFO - Started process (PID=881) to work on /home/airflow/.local/lib/python3.12/site-packages/airflow/example_dags/example_trigger_controller_dag.py
[2024-11-22T19:24:19.700+0300] {processor.py:914} INFO - Processing file /home/airflow/.local/lib/python3.12/site-packages/airflow/example_dags/example_trigger_controller_dag.py for tasks to queue
[2024-11-22T19:24:19.702+0300] {logging_mixin.py:190} INFO - [2024-11-22T19:24:19.702+0300] {dagbag.py:588} INFO - Filling up the DagBag from /home/airflow/.local/lib/python3.12/site-packages/airflow/example_dags/example_trigger_controller_dag.py
[2024-11-22T19:24:19.708+0300] {processor.py:925} INFO - DAG(s) 'example_trigger_controller_dag' retrieved from /home/airflow/.local/lib/python3.12/site-packages/airflow/example_dags/example_trigger_controller_dag.py
[2024-11-22T19:24:19.723+0300] {logging_mixin.py:190} INFO - [2024-11-22T19:24:19.723+0300] {dag.py:3239} INFO - Sync 1 DAGs
[2024-11-22T19:24:19.743+0300] {logging_mixin.py:190} INFO - [2024-11-22T19:24:19.743+0300] {dag.py:4180} INFO - Setting next_dagrun for example_trigger_controller_dag to 2021-01-01 00:00:00+00:00, run_after=2021-01-01 00:00:00+00:00
[2024-11-22T19:24:19.759+0300] {processor.py:208} INFO - Processing /home/airflow/.local/lib/python3.12/site-packages/airflow/example_dags/example_trigger_controller_dag.py took 0.065 seconds
[2024-11-22T19:24:50.432+0300] {processor.py:186} INFO - Started process (PID=950) to work on /home/airflow/.local/lib/python3.12/site-packages/airflow/example_dags/example_trigger_controller_dag.py
[2024-11-22T19:24:50.433+0300] {processor.py:914} INFO - Processing file /home/airflow/.local/lib/python3.12/site-packages/airflow/example_dags/example_trigger_controller_dag.py for tasks to queue
[2024-11-22T19:24:50.436+0300] {logging_mixin.py:190} INFO - [2024-11-22T19:24:50.435+0300] {dagbag.py:588} INFO - Filling up the DagBag from /home/airflow/.local/lib/python3.12/site-packages/airflow/example_dags/example_trigger_controller_dag.py
[2024-11-22T19:24:50.442+0300] {processor.py:925} INFO - DAG(s) 'example_trigger_controller_dag' retrieved from /home/airflow/.local/lib/python3.12/site-packages/airflow/example_dags/example_trigger_controller_dag.py
[2024-11-22T19:24:50.458+0300] {logging_mixin.py:190} INFO - [2024-11-22T19:24:50.458+0300] {dag.py:3239} INFO - Sync 1 DAGs
[2024-11-22T19:24:50.480+0300] {logging_mixin.py:190} INFO - [2024-11-22T19:24:50.480+0300] {dag.py:4180} INFO - Setting next_dagrun for example_trigger_controller_dag to 2021-01-01 00:00:00+00:00, run_after=2021-01-01 00:00:00+00:00
[2024-11-22T19:24:50.497+0300] {processor.py:208} INFO - Processing /home/airflow/.local/lib/python3.12/site-packages/airflow/example_dags/example_trigger_controller_dag.py took 0.070 seconds
[2024-11-22T19:25:21.691+0300] {processor.py:186} INFO - Started process (PID=1019) to work on /home/airflow/.local/lib/python3.12/site-packages/airflow/example_dags/example_trigger_controller_dag.py
[2024-11-22T19:25:21.692+0300] {processor.py:914} INFO - Processing file /home/airflow/.local/lib/python3.12/site-packages/airflow/example_dags/example_trigger_controller_dag.py for tasks to queue
[2024-11-22T19:25:21.695+0300] {logging_mixin.py:190} INFO - [2024-11-22T19:25:21.695+0300] {dagbag.py:588} INFO - Filling up the DagBag from /home/airflow/.local/lib/python3.12/site-packages/airflow/example_dags/example_trigger_controller_dag.py
[2024-11-22T19:25:21.701+0300] {processor.py:925} INFO - DAG(s) 'example_trigger_controller_dag' retrieved from /home/airflow/.local/lib/python3.12/site-packages/airflow/example_dags/example_trigger_controller_dag.py
[2024-11-22T19:25:21.719+0300] {logging_mixin.py:190} INFO - [2024-11-22T19:25:21.718+0300] {dag.py:3239} INFO - Sync 1 DAGs
[2024-11-22T19:25:21.738+0300] {logging_mixin.py:190} INFO - [2024-11-22T19:25:21.737+0300] {dag.py:4180} INFO - Setting next_dagrun for example_trigger_controller_dag to 2021-01-01 00:00:00+00:00, run_after=2021-01-01 00:00:00+00:00
[2024-11-22T19:25:21.756+0300] {processor.py:208} INFO - Processing /home/airflow/.local/lib/python3.12/site-packages/airflow/example_dags/example_trigger_controller_dag.py took 0.070 seconds
[2024-11-22T19:25:52.354+0300] {processor.py:186} INFO - Started process (PID=1088) to work on /home/airflow/.local/lib/python3.12/site-packages/airflow/example_dags/example_trigger_controller_dag.py
[2024-11-22T19:25:52.355+0300] {processor.py:914} INFO - Processing file /home/airflow/.local/lib/python3.12/site-packages/airflow/example_dags/example_trigger_controller_dag.py for tasks to queue
[2024-11-22T19:25:52.358+0300] {logging_mixin.py:190} INFO - [2024-11-22T19:25:52.357+0300] {dagbag.py:588} INFO - Filling up the DagBag from /home/airflow/.local/lib/python3.12/site-packages/airflow/example_dags/example_trigger_controller_dag.py
[2024-11-22T19:25:52.364+0300] {processor.py:925} INFO - DAG(s) 'example_trigger_controller_dag' retrieved from /home/airflow/.local/lib/python3.12/site-packages/airflow/example_dags/example_trigger_controller_dag.py
[2024-11-22T19:25:52.383+0300] {logging_mixin.py:190} INFO - [2024-11-22T19:25:52.382+0300] {dag.py:3239} INFO - Sync 1 DAGs
[2024-11-22T19:25:52.405+0300] {logging_mixin.py:190} INFO - [2024-11-22T19:25:52.405+0300] {dag.py:4180} INFO - Setting next_dagrun for example_trigger_controller_dag to 2021-01-01 00:00:00+00:00, run_after=2021-01-01 00:00:00+00:00
[2024-11-22T19:25:52.438+0300] {processor.py:208} INFO - Processing /home/airflow/.local/lib/python3.12/site-packages/airflow/example_dags/example_trigger_controller_dag.py took 0.089 seconds
[2024-11-22T19:26:23.038+0300] {processor.py:186} INFO - Started process (PID=1157) to work on /home/airflow/.local/lib/python3.12/site-packages/airflow/example_dags/example_trigger_controller_dag.py
[2024-11-22T19:26:23.040+0300] {processor.py:914} INFO - Processing file /home/airflow/.local/lib/python3.12/site-packages/airflow/example_dags/example_trigger_controller_dag.py for tasks to queue
[2024-11-22T19:26:23.043+0300] {logging_mixin.py:190} INFO - [2024-11-22T19:26:23.042+0300] {dagbag.py:588} INFO - Filling up the DagBag from /home/airflow/.local/lib/python3.12/site-packages/airflow/example_dags/example_trigger_controller_dag.py
[2024-11-22T19:26:23.050+0300] {processor.py:925} INFO - DAG(s) 'example_trigger_controller_dag' retrieved from /home/airflow/.local/lib/python3.12/site-packages/airflow/example_dags/example_trigger_controller_dag.py
[2024-11-22T19:26:23.069+0300] {logging_mixin.py:190} INFO - [2024-11-22T19:26:23.069+0300] {dag.py:3239} INFO - Sync 1 DAGs
[2024-11-22T19:26:23.089+0300] {logging_mixin.py:190} INFO - [2024-11-22T19:26:23.089+0300] {dag.py:4180} INFO - Setting next_dagrun for example_trigger_controller_dag to 2021-01-01 00:00:00+00:00, run_after=2021-01-01 00:00:00+00:00
[2024-11-22T19:26:23.111+0300] {processor.py:208} INFO - Processing /home/airflow/.local/lib/python3.12/site-packages/airflow/example_dags/example_trigger_controller_dag.py took 0.077 seconds
[2024-11-22T19:26:54.253+0300] {processor.py:186} INFO - Started process (PID=1226) to work on /home/airflow/.local/lib/python3.12/site-packages/airflow/example_dags/example_trigger_controller_dag.py
[2024-11-22T19:26:54.254+0300] {processor.py:914} INFO - Processing file /home/airflow/.local/lib/python3.12/site-packages/airflow/example_dags/example_trigger_controller_dag.py for tasks to queue
[2024-11-22T19:26:54.257+0300] {logging_mixin.py:190} INFO - [2024-11-22T19:26:54.256+0300] {dagbag.py:588} INFO - Filling up the DagBag from /home/airflow/.local/lib/python3.12/site-packages/airflow/example_dags/example_trigger_controller_dag.py
[2024-11-22T19:26:54.263+0300] {processor.py:925} INFO - DAG(s) 'example_trigger_controller_dag' retrieved from /home/airflow/.local/lib/python3.12/site-packages/airflow/example_dags/example_trigger_controller_dag.py
[2024-11-22T19:26:54.289+0300] {logging_mixin.py:190} INFO - [2024-11-22T19:26:54.288+0300] {dag.py:3239} INFO - Sync 1 DAGs
[2024-11-22T19:26:54.315+0300] {logging_mixin.py:190} INFO - [2024-11-22T19:26:54.315+0300] {dag.py:4180} INFO - Setting next_dagrun for example_trigger_controller_dag to 2021-01-01 00:00:00+00:00, run_after=2021-01-01 00:00:00+00:00
[2024-11-22T19:26:54.339+0300] {processor.py:208} INFO - Processing /home/airflow/.local/lib/python3.12/site-packages/airflow/example_dags/example_trigger_controller_dag.py took 0.092 seconds
[2024-11-22T19:27:25.383+0300] {processor.py:186} INFO - Started process (PID=1295) to work on /home/airflow/.local/lib/python3.12/site-packages/airflow/example_dags/example_trigger_controller_dag.py
[2024-11-22T19:27:25.385+0300] {processor.py:914} INFO - Processing file /home/airflow/.local/lib/python3.12/site-packages/airflow/example_dags/example_trigger_controller_dag.py for tasks to queue
[2024-11-22T19:27:25.390+0300] {logging_mixin.py:190} INFO - [2024-11-22T19:27:25.389+0300] {dagbag.py:588} INFO - Filling up the DagBag from /home/airflow/.local/lib/python3.12/site-packages/airflow/example_dags/example_trigger_controller_dag.py
[2024-11-22T19:27:25.402+0300] {processor.py:925} INFO - DAG(s) 'example_trigger_controller_dag' retrieved from /home/airflow/.local/lib/python3.12/site-packages/airflow/example_dags/example_trigger_controller_dag.py
[2024-11-22T19:27:25.426+0300] {logging_mixin.py:190} INFO - [2024-11-22T19:27:25.425+0300] {dag.py:3239} INFO - Sync 1 DAGs
[2024-11-22T19:27:25.447+0300] {logging_mixin.py:190} INFO - [2024-11-22T19:27:25.446+0300] {dag.py:4180} INFO - Setting next_dagrun for example_trigger_controller_dag to 2021-01-01 00:00:00+00:00, run_after=2021-01-01 00:00:00+00:00
[2024-11-22T19:27:25.467+0300] {processor.py:208} INFO - Processing /home/airflow/.local/lib/python3.12/site-packages/airflow/example_dags/example_trigger_controller_dag.py took 0.091 seconds
[2024-11-22T19:27:56.041+0300] {processor.py:186} INFO - Started process (PID=1364) to work on /home/airflow/.local/lib/python3.12/site-packages/airflow/example_dags/example_trigger_controller_dag.py
[2024-11-22T19:27:56.043+0300] {processor.py:914} INFO - Processing file /home/airflow/.local/lib/python3.12/site-packages/airflow/example_dags/example_trigger_controller_dag.py for tasks to queue
[2024-11-22T19:27:56.046+0300] {logging_mixin.py:190} INFO - [2024-11-22T19:27:56.045+0300] {dagbag.py:588} INFO - Filling up the DagBag from /home/airflow/.local/lib/python3.12/site-packages/airflow/example_dags/example_trigger_controller_dag.py
[2024-11-22T19:27:56.053+0300] {processor.py:925} INFO - DAG(s) 'example_trigger_controller_dag' retrieved from /home/airflow/.local/lib/python3.12/site-packages/airflow/example_dags/example_trigger_controller_dag.py
[2024-11-22T19:27:56.075+0300] {logging_mixin.py:190} INFO - [2024-11-22T19:27:56.075+0300] {dag.py:3239} INFO - Sync 1 DAGs
[2024-11-22T19:27:56.096+0300] {logging_mixin.py:190} INFO - [2024-11-22T19:27:56.096+0300] {dag.py:4180} INFO - Setting next_dagrun for example_trigger_controller_dag to 2021-01-01 00:00:00+00:00, run_after=2021-01-01 00:00:00+00:00
[2024-11-22T19:27:56.120+0300] {processor.py:208} INFO - Processing /home/airflow/.local/lib/python3.12/site-packages/airflow/example_dags/example_trigger_controller_dag.py took 0.084 seconds
[2024-11-22T19:28:27.150+0300] {processor.py:186} INFO - Started process (PID=1432) to work on /home/airflow/.local/lib/python3.12/site-packages/airflow/example_dags/example_trigger_controller_dag.py
[2024-11-22T19:28:27.151+0300] {processor.py:914} INFO - Processing file /home/airflow/.local/lib/python3.12/site-packages/airflow/example_dags/example_trigger_controller_dag.py for tasks to queue
[2024-11-22T19:28:27.153+0300] {logging_mixin.py:190} INFO - [2024-11-22T19:28:27.153+0300] {dagbag.py:588} INFO - Filling up the DagBag from /home/airflow/.local/lib/python3.12/site-packages/airflow/example_dags/example_trigger_controller_dag.py
[2024-11-22T19:28:27.161+0300] {processor.py:925} INFO - DAG(s) 'example_trigger_controller_dag' retrieved from /home/airflow/.local/lib/python3.12/site-packages/airflow/example_dags/example_trigger_controller_dag.py
[2024-11-22T19:28:27.183+0300] {logging_mixin.py:190} INFO - [2024-11-22T19:28:27.183+0300] {dag.py:3239} INFO - Sync 1 DAGs
[2024-11-22T19:28:27.203+0300] {logging_mixin.py:190} INFO - [2024-11-22T19:28:27.203+0300] {dag.py:4180} INFO - Setting next_dagrun for example_trigger_controller_dag to 2021-01-01 00:00:00+00:00, run_after=2021-01-01 00:00:00+00:00
[2024-11-22T19:28:27.223+0300] {processor.py:208} INFO - Processing /home/airflow/.local/lib/python3.12/site-packages/airflow/example_dags/example_trigger_controller_dag.py took 0.079 seconds
[2024-11-22T19:28:57.982+0300] {processor.py:186} INFO - Started process (PID=1501) to work on /home/airflow/.local/lib/python3.12/site-packages/airflow/example_dags/example_trigger_controller_dag.py
[2024-11-22T19:28:57.983+0300] {processor.py:914} INFO - Processing file /home/airflow/.local/lib/python3.12/site-packages/airflow/example_dags/example_trigger_controller_dag.py for tasks to queue
[2024-11-22T19:28:57.986+0300] {logging_mixin.py:190} INFO - [2024-11-22T19:28:57.986+0300] {dagbag.py:588} INFO - Filling up the DagBag from /home/airflow/.local/lib/python3.12/site-packages/airflow/example_dags/example_trigger_controller_dag.py
[2024-11-22T19:28:57.995+0300] {processor.py:925} INFO - DAG(s) 'example_trigger_controller_dag' retrieved from /home/airflow/.local/lib/python3.12/site-packages/airflow/example_dags/example_trigger_controller_dag.py
[2024-11-22T19:28:58.014+0300] {logging_mixin.py:190} INFO - [2024-11-22T19:28:58.014+0300] {dag.py:3239} INFO - Sync 1 DAGs
[2024-11-22T19:28:58.037+0300] {logging_mixin.py:190} INFO - [2024-11-22T19:28:58.036+0300] {dag.py:4180} INFO - Setting next_dagrun for example_trigger_controller_dag to 2021-01-01 00:00:00+00:00, run_after=2021-01-01 00:00:00+00:00
[2024-11-22T19:28:58.056+0300] {processor.py:208} INFO - Processing /home/airflow/.local/lib/python3.12/site-packages/airflow/example_dags/example_trigger_controller_dag.py took 0.080 seconds
[2024-11-22T19:29:28.599+0300] {processor.py:186} INFO - Started process (PID=1570) to work on /home/airflow/.local/lib/python3.12/site-packages/airflow/example_dags/example_trigger_controller_dag.py
[2024-11-22T19:29:28.600+0300] {processor.py:914} INFO - Processing file /home/airflow/.local/lib/python3.12/site-packages/airflow/example_dags/example_trigger_controller_dag.py for tasks to queue
[2024-11-22T19:29:28.603+0300] {logging_mixin.py:190} INFO - [2024-11-22T19:29:28.602+0300] {dagbag.py:588} INFO - Filling up the DagBag from /home/airflow/.local/lib/python3.12/site-packages/airflow/example_dags/example_trigger_controller_dag.py
[2024-11-22T19:29:28.608+0300] {processor.py:925} INFO - DAG(s) 'example_trigger_controller_dag' retrieved from /home/airflow/.local/lib/python3.12/site-packages/airflow/example_dags/example_trigger_controller_dag.py
[2024-11-22T19:29:28.625+0300] {logging_mixin.py:190} INFO - [2024-11-22T19:29:28.625+0300] {dag.py:3239} INFO - Sync 1 DAGs
[2024-11-22T19:29:28.643+0300] {logging_mixin.py:190} INFO - [2024-11-22T19:29:28.643+0300] {dag.py:4180} INFO - Setting next_dagrun for example_trigger_controller_dag to 2021-01-01 00:00:00+00:00, run_after=2021-01-01 00:00:00+00:00
[2024-11-22T19:29:28.658+0300] {processor.py:208} INFO - Processing /home/airflow/.local/lib/python3.12/site-packages/airflow/example_dags/example_trigger_controller_dag.py took 0.064 seconds
