[2024-11-22T19:18:40.912+0300] {processor.py:186} INFO - Started process (PID=98) to work on /home/airflow/.local/lib/python3.12/site-packages/airflow/example_dags/example_dataset_alias.py
[2024-11-22T19:18:40.914+0300] {processor.py:914} INFO - Processing file /home/airflow/.local/lib/python3.12/site-packages/airflow/example_dags/example_dataset_alias.py for tasks to queue
[2024-11-22T19:18:40.918+0300] {logging_mixin.py:190} INFO - [2024-11-22T19:18:40.917+0300] {dagbag.py:588} INFO - Filling up the DagBag from /home/airflow/.local/lib/python3.12/site-packages/airflow/example_dags/example_dataset_alias.py
[2024-11-22T19:18:41.150+0300] {processor.py:925} INFO - DAG(s) 'dataset_alias_example_alias_consumer', 'dataset_s3_bucket_consumer', 'dataset_alias_example_alias_producer', 'dataset_s3_bucket_producer' retrieved from /home/airflow/.local/lib/python3.12/site-packages/airflow/example_dags/example_dataset_alias.py
[2024-11-22T19:18:41.189+0300] {logging_mixin.py:190} INFO - [2024-11-22T19:18:41.188+0300] {dag.py:3239} INFO - Sync 4 DAGs
[2024-11-22T19:18:41.226+0300] {logging_mixin.py:190} INFO - [2024-11-22T19:18:41.225+0300] {dag.py:4180} INFO - Setting next_dagrun for dataset_alias_example_alias_consumer to None, run_after=None
[2024-11-22T19:18:41.229+0300] {logging_mixin.py:190} INFO - [2024-11-22T19:18:41.229+0300] {dag.py:4180} INFO - Setting next_dagrun for dataset_alias_example_alias_producer to None, run_after=None
[2024-11-22T19:18:41.232+0300] {logging_mixin.py:190} INFO - [2024-11-22T19:18:41.232+0300] {dag.py:4180} INFO - Setting next_dagrun for dataset_s3_bucket_consumer to None, run_after=None
[2024-11-22T19:18:41.234+0300] {logging_mixin.py:190} INFO - [2024-11-22T19:18:41.234+0300] {dag.py:4180} INFO - Setting next_dagrun for dataset_s3_bucket_producer to None, run_after=None
[2024-11-22T19:18:41.268+0300] {processor.py:208} INFO - Processing /home/airflow/.local/lib/python3.12/site-packages/airflow/example_dags/example_dataset_alias.py took 0.362 seconds
[2024-11-22T19:19:11.517+0300] {processor.py:186} INFO - Started process (PID=185) to work on /home/airflow/.local/lib/python3.12/site-packages/airflow/example_dags/example_dataset_alias.py
[2024-11-22T19:19:11.518+0300] {processor.py:914} INFO - Processing file /home/airflow/.local/lib/python3.12/site-packages/airflow/example_dags/example_dataset_alias.py for tasks to queue
[2024-11-22T19:19:11.521+0300] {logging_mixin.py:190} INFO - [2024-11-22T19:19:11.521+0300] {dagbag.py:588} INFO - Filling up the DagBag from /home/airflow/.local/lib/python3.12/site-packages/airflow/example_dags/example_dataset_alias.py
[2024-11-22T19:19:11.693+0300] {processor.py:925} INFO - DAG(s) 'dataset_s3_bucket_consumer', 'dataset_s3_bucket_producer', 'dataset_alias_example_alias_consumer', 'dataset_alias_example_alias_producer' retrieved from /home/airflow/.local/lib/python3.12/site-packages/airflow/example_dags/example_dataset_alias.py
[2024-11-22T19:19:11.717+0300] {logging_mixin.py:190} INFO - [2024-11-22T19:19:11.716+0300] {dag.py:3239} INFO - Sync 4 DAGs
[2024-11-22T19:19:11.739+0300] {logging_mixin.py:190} INFO - [2024-11-22T19:19:11.738+0300] {dag.py:4180} INFO - Setting next_dagrun for dataset_alias_example_alias_consumer to None, run_after=None
[2024-11-22T19:19:11.742+0300] {logging_mixin.py:190} INFO - [2024-11-22T19:19:11.741+0300] {dag.py:4180} INFO - Setting next_dagrun for dataset_alias_example_alias_producer to None, run_after=None
[2024-11-22T19:19:11.743+0300] {logging_mixin.py:190} INFO - [2024-11-22T19:19:11.743+0300] {dag.py:4180} INFO - Setting next_dagrun for dataset_s3_bucket_consumer to None, run_after=None
[2024-11-22T19:19:11.746+0300] {logging_mixin.py:190} INFO - [2024-11-22T19:19:11.746+0300] {dag.py:4180} INFO - Setting next_dagrun for dataset_s3_bucket_producer to None, run_after=None
[2024-11-22T19:19:11.775+0300] {processor.py:208} INFO - Processing /home/airflow/.local/lib/python3.12/site-packages/airflow/example_dags/example_dataset_alias.py took 0.262 seconds
[2024-11-22T19:19:41.839+0300] {processor.py:186} INFO - Started process (PID=255) to work on /home/airflow/.local/lib/python3.12/site-packages/airflow/example_dags/example_dataset_alias.py
[2024-11-22T19:19:41.841+0300] {processor.py:914} INFO - Processing file /home/airflow/.local/lib/python3.12/site-packages/airflow/example_dags/example_dataset_alias.py for tasks to queue
[2024-11-22T19:19:41.843+0300] {logging_mixin.py:190} INFO - [2024-11-22T19:19:41.843+0300] {dagbag.py:588} INFO - Filling up the DagBag from /home/airflow/.local/lib/python3.12/site-packages/airflow/example_dags/example_dataset_alias.py
[2024-11-22T19:19:41.971+0300] {processor.py:925} INFO - DAG(s) 'dataset_alias_example_alias_producer', 'dataset_s3_bucket_producer', 'dataset_s3_bucket_consumer', 'dataset_alias_example_alias_consumer' retrieved from /home/airflow/.local/lib/python3.12/site-packages/airflow/example_dags/example_dataset_alias.py
[2024-11-22T19:19:41.992+0300] {logging_mixin.py:190} INFO - [2024-11-22T19:19:41.992+0300] {dag.py:3239} INFO - Sync 4 DAGs
[2024-11-22T19:19:42.011+0300] {logging_mixin.py:190} INFO - [2024-11-22T19:19:42.011+0300] {dag.py:4180} INFO - Setting next_dagrun for dataset_alias_example_alias_consumer to None, run_after=None
[2024-11-22T19:19:42.014+0300] {logging_mixin.py:190} INFO - [2024-11-22T19:19:42.014+0300] {dag.py:4180} INFO - Setting next_dagrun for dataset_alias_example_alias_producer to None, run_after=None
[2024-11-22T19:19:42.016+0300] {logging_mixin.py:190} INFO - [2024-11-22T19:19:42.016+0300] {dag.py:4180} INFO - Setting next_dagrun for dataset_s3_bucket_consumer to None, run_after=None
[2024-11-22T19:19:42.017+0300] {logging_mixin.py:190} INFO - [2024-11-22T19:19:42.017+0300] {dag.py:4180} INFO - Setting next_dagrun for dataset_s3_bucket_producer to None, run_after=None
[2024-11-22T19:19:42.042+0300] {processor.py:208} INFO - Processing /home/airflow/.local/lib/python3.12/site-packages/airflow/example_dags/example_dataset_alias.py took 0.209 seconds
[2024-11-22T19:20:12.991+0300] {processor.py:186} INFO - Started process (PID=323) to work on /home/airflow/.local/lib/python3.12/site-packages/airflow/example_dags/example_dataset_alias.py
[2024-11-22T19:20:12.992+0300] {processor.py:914} INFO - Processing file /home/airflow/.local/lib/python3.12/site-packages/airflow/example_dags/example_dataset_alias.py for tasks to queue
[2024-11-22T19:20:12.995+0300] {logging_mixin.py:190} INFO - [2024-11-22T19:20:12.994+0300] {dagbag.py:588} INFO - Filling up the DagBag from /home/airflow/.local/lib/python3.12/site-packages/airflow/example_dags/example_dataset_alias.py
[2024-11-22T19:20:13.130+0300] {processor.py:925} INFO - DAG(s) 'dataset_s3_bucket_producer', 'dataset_alias_example_alias_producer', 'dataset_alias_example_alias_consumer', 'dataset_s3_bucket_consumer' retrieved from /home/airflow/.local/lib/python3.12/site-packages/airflow/example_dags/example_dataset_alias.py
[2024-11-22T19:20:13.152+0300] {logging_mixin.py:190} INFO - [2024-11-22T19:20:13.152+0300] {dag.py:3239} INFO - Sync 4 DAGs
[2024-11-22T19:20:13.175+0300] {logging_mixin.py:190} INFO - [2024-11-22T19:20:13.174+0300] {dag.py:4180} INFO - Setting next_dagrun for dataset_alias_example_alias_consumer to None, run_after=None
[2024-11-22T19:20:13.178+0300] {logging_mixin.py:190} INFO - [2024-11-22T19:20:13.178+0300] {dag.py:4180} INFO - Setting next_dagrun for dataset_alias_example_alias_producer to None, run_after=None
[2024-11-22T19:20:13.180+0300] {logging_mixin.py:190} INFO - [2024-11-22T19:20:13.180+0300] {dag.py:4180} INFO - Setting next_dagrun for dataset_s3_bucket_consumer to None, run_after=None
[2024-11-22T19:20:13.182+0300] {logging_mixin.py:190} INFO - [2024-11-22T19:20:13.182+0300] {dag.py:4180} INFO - Setting next_dagrun for dataset_s3_bucket_producer to None, run_after=None
[2024-11-22T19:20:13.204+0300] {processor.py:208} INFO - Processing /home/airflow/.local/lib/python3.12/site-packages/airflow/example_dags/example_dataset_alias.py took 0.219 seconds
[2024-11-22T19:20:43.717+0300] {processor.py:186} INFO - Started process (PID=391) to work on /home/airflow/.local/lib/python3.12/site-packages/airflow/example_dags/example_dataset_alias.py
[2024-11-22T19:20:43.718+0300] {processor.py:914} INFO - Processing file /home/airflow/.local/lib/python3.12/site-packages/airflow/example_dags/example_dataset_alias.py for tasks to queue
[2024-11-22T19:20:43.721+0300] {logging_mixin.py:190} INFO - [2024-11-22T19:20:43.721+0300] {dagbag.py:588} INFO - Filling up the DagBag from /home/airflow/.local/lib/python3.12/site-packages/airflow/example_dags/example_dataset_alias.py
[2024-11-22T19:20:43.867+0300] {processor.py:925} INFO - DAG(s) 'dataset_s3_bucket_producer', 'dataset_alias_example_alias_producer', 'dataset_alias_example_alias_consumer', 'dataset_s3_bucket_consumer' retrieved from /home/airflow/.local/lib/python3.12/site-packages/airflow/example_dags/example_dataset_alias.py
[2024-11-22T19:20:43.893+0300] {logging_mixin.py:190} INFO - [2024-11-22T19:20:43.892+0300] {dag.py:3239} INFO - Sync 4 DAGs
[2024-11-22T19:20:43.915+0300] {logging_mixin.py:190} INFO - [2024-11-22T19:20:43.915+0300] {dag.py:4180} INFO - Setting next_dagrun for dataset_alias_example_alias_consumer to None, run_after=None
[2024-11-22T19:20:43.919+0300] {logging_mixin.py:190} INFO - [2024-11-22T19:20:43.918+0300] {dag.py:4180} INFO - Setting next_dagrun for dataset_alias_example_alias_producer to None, run_after=None
[2024-11-22T19:20:43.921+0300] {logging_mixin.py:190} INFO - [2024-11-22T19:20:43.921+0300] {dag.py:4180} INFO - Setting next_dagrun for dataset_s3_bucket_consumer to None, run_after=None
[2024-11-22T19:20:43.923+0300] {logging_mixin.py:190} INFO - [2024-11-22T19:20:43.923+0300] {dag.py:4180} INFO - Setting next_dagrun for dataset_s3_bucket_producer to None, run_after=None
[2024-11-22T19:20:43.954+0300] {processor.py:208} INFO - Processing /home/airflow/.local/lib/python3.12/site-packages/airflow/example_dags/example_dataset_alias.py took 0.242 seconds
[2024-11-22T19:21:14.345+0300] {processor.py:186} INFO - Started process (PID=460) to work on /home/airflow/.local/lib/python3.12/site-packages/airflow/example_dags/example_dataset_alias.py
[2024-11-22T19:21:14.346+0300] {processor.py:914} INFO - Processing file /home/airflow/.local/lib/python3.12/site-packages/airflow/example_dags/example_dataset_alias.py for tasks to queue
[2024-11-22T19:21:14.349+0300] {logging_mixin.py:190} INFO - [2024-11-22T19:21:14.349+0300] {dagbag.py:588} INFO - Filling up the DagBag from /home/airflow/.local/lib/python3.12/site-packages/airflow/example_dags/example_dataset_alias.py
[2024-11-22T19:21:14.496+0300] {processor.py:925} INFO - DAG(s) 'dataset_s3_bucket_consumer', 'dataset_alias_example_alias_consumer', 'dataset_s3_bucket_producer', 'dataset_alias_example_alias_producer' retrieved from /home/airflow/.local/lib/python3.12/site-packages/airflow/example_dags/example_dataset_alias.py
[2024-11-22T19:21:14.524+0300] {logging_mixin.py:190} INFO - [2024-11-22T19:21:14.524+0300] {dag.py:3239} INFO - Sync 4 DAGs
[2024-11-22T19:21:14.547+0300] {logging_mixin.py:190} INFO - [2024-11-22T19:21:14.547+0300] {dag.py:4180} INFO - Setting next_dagrun for dataset_alias_example_alias_consumer to None, run_after=None
[2024-11-22T19:21:14.551+0300] {logging_mixin.py:190} INFO - [2024-11-22T19:21:14.551+0300] {dag.py:4180} INFO - Setting next_dagrun for dataset_alias_example_alias_producer to None, run_after=None
[2024-11-22T19:21:14.553+0300] {logging_mixin.py:190} INFO - [2024-11-22T19:21:14.553+0300] {dag.py:4180} INFO - Setting next_dagrun for dataset_s3_bucket_consumer to None, run_after=None
[2024-11-22T19:21:14.556+0300] {logging_mixin.py:190} INFO - [2024-11-22T19:21:14.555+0300] {dag.py:4180} INFO - Setting next_dagrun for dataset_s3_bucket_producer to None, run_after=None
[2024-11-22T19:21:14.581+0300] {processor.py:208} INFO - Processing /home/airflow/.local/lib/python3.12/site-packages/airflow/example_dags/example_dataset_alias.py took 0.243 seconds
[2024-11-22T19:21:45.320+0300] {processor.py:186} INFO - Started process (PID=529) to work on /home/airflow/.local/lib/python3.12/site-packages/airflow/example_dags/example_dataset_alias.py
[2024-11-22T19:21:45.322+0300] {processor.py:914} INFO - Processing file /home/airflow/.local/lib/python3.12/site-packages/airflow/example_dags/example_dataset_alias.py for tasks to queue
[2024-11-22T19:21:45.325+0300] {logging_mixin.py:190} INFO - [2024-11-22T19:21:45.324+0300] {dagbag.py:588} INFO - Filling up the DagBag from /home/airflow/.local/lib/python3.12/site-packages/airflow/example_dags/example_dataset_alias.py
[2024-11-22T19:21:45.490+0300] {processor.py:925} INFO - DAG(s) 'dataset_alias_example_alias_consumer', 'dataset_alias_example_alias_producer', 'dataset_s3_bucket_producer', 'dataset_s3_bucket_consumer' retrieved from /home/airflow/.local/lib/python3.12/site-packages/airflow/example_dags/example_dataset_alias.py
[2024-11-22T19:21:45.518+0300] {logging_mixin.py:190} INFO - [2024-11-22T19:21:45.518+0300] {dag.py:3239} INFO - Sync 4 DAGs
[2024-11-22T19:21:45.721+0300] {logging_mixin.py:190} INFO - [2024-11-22T19:21:45.721+0300] {dag.py:4180} INFO - Setting next_dagrun for dataset_alias_example_alias_consumer to None, run_after=None
[2024-11-22T19:21:45.724+0300] {logging_mixin.py:190} INFO - [2024-11-22T19:21:45.724+0300] {dag.py:4180} INFO - Setting next_dagrun for dataset_alias_example_alias_producer to None, run_after=None
[2024-11-22T19:21:45.726+0300] {logging_mixin.py:190} INFO - [2024-11-22T19:21:45.726+0300] {dag.py:4180} INFO - Setting next_dagrun for dataset_s3_bucket_consumer to None, run_after=None
[2024-11-22T19:21:45.729+0300] {logging_mixin.py:190} INFO - [2024-11-22T19:21:45.728+0300] {dag.py:4180} INFO - Setting next_dagrun for dataset_s3_bucket_producer to None, run_after=None
[2024-11-22T19:21:45.756+0300] {processor.py:208} INFO - Processing /home/airflow/.local/lib/python3.12/site-packages/airflow/example_dags/example_dataset_alias.py took 0.441 seconds
[2024-11-22T19:22:15.939+0300] {processor.py:186} INFO - Started process (PID=598) to work on /home/airflow/.local/lib/python3.12/site-packages/airflow/example_dags/example_dataset_alias.py
[2024-11-22T19:22:15.941+0300] {processor.py:914} INFO - Processing file /home/airflow/.local/lib/python3.12/site-packages/airflow/example_dags/example_dataset_alias.py for tasks to queue
[2024-11-22T19:22:15.946+0300] {logging_mixin.py:190} INFO - [2024-11-22T19:22:15.945+0300] {dagbag.py:588} INFO - Filling up the DagBag from /home/airflow/.local/lib/python3.12/site-packages/airflow/example_dags/example_dataset_alias.py
[2024-11-22T19:22:16.085+0300] {processor.py:925} INFO - DAG(s) 'dataset_s3_bucket_producer', 'dataset_alias_example_alias_producer', 'dataset_s3_bucket_consumer', 'dataset_alias_example_alias_consumer' retrieved from /home/airflow/.local/lib/python3.12/site-packages/airflow/example_dags/example_dataset_alias.py
[2024-11-22T19:22:16.105+0300] {logging_mixin.py:190} INFO - [2024-11-22T19:22:16.104+0300] {dag.py:3239} INFO - Sync 4 DAGs
[2024-11-22T19:22:16.122+0300] {logging_mixin.py:190} INFO - [2024-11-22T19:22:16.122+0300] {dag.py:4180} INFO - Setting next_dagrun for dataset_alias_example_alias_consumer to None, run_after=None
[2024-11-22T19:22:16.127+0300] {logging_mixin.py:190} INFO - [2024-11-22T19:22:16.127+0300] {dag.py:4180} INFO - Setting next_dagrun for dataset_alias_example_alias_producer to None, run_after=None
[2024-11-22T19:22:16.128+0300] {logging_mixin.py:190} INFO - [2024-11-22T19:22:16.128+0300] {dag.py:4180} INFO - Setting next_dagrun for dataset_s3_bucket_consumer to None, run_after=None
[2024-11-22T19:22:16.130+0300] {logging_mixin.py:190} INFO - [2024-11-22T19:22:16.130+0300] {dag.py:4180} INFO - Setting next_dagrun for dataset_s3_bucket_producer to None, run_after=None
[2024-11-22T19:22:16.349+0300] {processor.py:208} INFO - Processing /home/airflow/.local/lib/python3.12/site-packages/airflow/example_dags/example_dataset_alias.py took 0.417 seconds
[2024-11-22T19:22:46.565+0300] {processor.py:186} INFO - Started process (PID=667) to work on /home/airflow/.local/lib/python3.12/site-packages/airflow/example_dags/example_dataset_alias.py
[2024-11-22T19:22:46.567+0300] {processor.py:914} INFO - Processing file /home/airflow/.local/lib/python3.12/site-packages/airflow/example_dags/example_dataset_alias.py for tasks to queue
[2024-11-22T19:22:46.569+0300] {logging_mixin.py:190} INFO - [2024-11-22T19:22:46.569+0300] {dagbag.py:588} INFO - Filling up the DagBag from /home/airflow/.local/lib/python3.12/site-packages/airflow/example_dags/example_dataset_alias.py
[2024-11-22T19:22:46.704+0300] {processor.py:925} INFO - DAG(s) 'dataset_s3_bucket_producer', 'dataset_s3_bucket_consumer', 'dataset_alias_example_alias_producer', 'dataset_alias_example_alias_consumer' retrieved from /home/airflow/.local/lib/python3.12/site-packages/airflow/example_dags/example_dataset_alias.py
[2024-11-22T19:22:46.725+0300] {logging_mixin.py:190} INFO - [2024-11-22T19:22:46.725+0300] {dag.py:3239} INFO - Sync 4 DAGs
[2024-11-22T19:22:46.744+0300] {logging_mixin.py:190} INFO - [2024-11-22T19:22:46.744+0300] {dag.py:4180} INFO - Setting next_dagrun for dataset_alias_example_alias_consumer to None, run_after=None
[2024-11-22T19:22:46.747+0300] {logging_mixin.py:190} INFO - [2024-11-22T19:22:46.747+0300] {dag.py:4180} INFO - Setting next_dagrun for dataset_alias_example_alias_producer to None, run_after=None
[2024-11-22T19:22:46.749+0300] {logging_mixin.py:190} INFO - [2024-11-22T19:22:46.749+0300] {dag.py:4180} INFO - Setting next_dagrun for dataset_s3_bucket_consumer to None, run_after=None
[2024-11-22T19:22:46.750+0300] {logging_mixin.py:190} INFO - [2024-11-22T19:22:46.750+0300] {dag.py:4180} INFO - Setting next_dagrun for dataset_s3_bucket_producer to None, run_after=None
[2024-11-22T19:22:46.776+0300] {processor.py:208} INFO - Processing /home/airflow/.local/lib/python3.12/site-packages/airflow/example_dags/example_dataset_alias.py took 0.216 seconds
[2024-11-22T19:23:17.827+0300] {processor.py:186} INFO - Started process (PID=738) to work on /home/airflow/.local/lib/python3.12/site-packages/airflow/example_dags/example_dataset_alias.py
[2024-11-22T19:23:17.828+0300] {processor.py:914} INFO - Processing file /home/airflow/.local/lib/python3.12/site-packages/airflow/example_dags/example_dataset_alias.py for tasks to queue
[2024-11-22T19:23:17.832+0300] {logging_mixin.py:190} INFO - [2024-11-22T19:23:17.832+0300] {dagbag.py:588} INFO - Filling up the DagBag from /home/airflow/.local/lib/python3.12/site-packages/airflow/example_dags/example_dataset_alias.py
[2024-11-22T19:23:18.027+0300] {processor.py:925} INFO - DAG(s) 'dataset_alias_example_alias_producer', 'dataset_alias_example_alias_consumer', 'dataset_s3_bucket_producer', 'dataset_s3_bucket_consumer' retrieved from /home/airflow/.local/lib/python3.12/site-packages/airflow/example_dags/example_dataset_alias.py
[2024-11-22T19:23:18.053+0300] {logging_mixin.py:190} INFO - [2024-11-22T19:23:18.053+0300] {dag.py:3239} INFO - Sync 4 DAGs
[2024-11-22T19:23:18.073+0300] {logging_mixin.py:190} INFO - [2024-11-22T19:23:18.073+0300] {dag.py:4180} INFO - Setting next_dagrun for dataset_alias_example_alias_consumer to None, run_after=None
[2024-11-22T19:23:18.076+0300] {logging_mixin.py:190} INFO - [2024-11-22T19:23:18.076+0300] {dag.py:4180} INFO - Setting next_dagrun for dataset_alias_example_alias_producer to None, run_after=None
[2024-11-22T19:23:18.078+0300] {logging_mixin.py:190} INFO - [2024-11-22T19:23:18.078+0300] {dag.py:4180} INFO - Setting next_dagrun for dataset_s3_bucket_consumer to None, run_after=None
[2024-11-22T19:23:18.079+0300] {logging_mixin.py:190} INFO - [2024-11-22T19:23:18.079+0300] {dag.py:4180} INFO - Setting next_dagrun for dataset_s3_bucket_producer to None, run_after=None
[2024-11-22T19:23:18.110+0300] {processor.py:208} INFO - Processing /home/airflow/.local/lib/python3.12/site-packages/airflow/example_dags/example_dataset_alias.py took 0.290 seconds
[2024-11-22T19:23:48.197+0300] {processor.py:186} INFO - Started process (PID=806) to work on /home/airflow/.local/lib/python3.12/site-packages/airflow/example_dags/example_dataset_alias.py
[2024-11-22T19:23:48.198+0300] {processor.py:914} INFO - Processing file /home/airflow/.local/lib/python3.12/site-packages/airflow/example_dags/example_dataset_alias.py for tasks to queue
[2024-11-22T19:23:48.200+0300] {logging_mixin.py:190} INFO - [2024-11-22T19:23:48.200+0300] {dagbag.py:588} INFO - Filling up the DagBag from /home/airflow/.local/lib/python3.12/site-packages/airflow/example_dags/example_dataset_alias.py
[2024-11-22T19:23:48.334+0300] {processor.py:925} INFO - DAG(s) 'dataset_s3_bucket_consumer', 'dataset_alias_example_alias_consumer', 'dataset_s3_bucket_producer', 'dataset_alias_example_alias_producer' retrieved from /home/airflow/.local/lib/python3.12/site-packages/airflow/example_dags/example_dataset_alias.py
[2024-11-22T19:23:48.355+0300] {logging_mixin.py:190} INFO - [2024-11-22T19:23:48.354+0300] {dag.py:3239} INFO - Sync 4 DAGs
[2024-11-22T19:23:48.377+0300] {logging_mixin.py:190} INFO - [2024-11-22T19:23:48.377+0300] {dag.py:4180} INFO - Setting next_dagrun for dataset_alias_example_alias_consumer to None, run_after=None
[2024-11-22T19:23:48.381+0300] {logging_mixin.py:190} INFO - [2024-11-22T19:23:48.381+0300] {dag.py:4180} INFO - Setting next_dagrun for dataset_alias_example_alias_producer to None, run_after=None
[2024-11-22T19:23:48.383+0300] {logging_mixin.py:190} INFO - [2024-11-22T19:23:48.383+0300] {dag.py:4180} INFO - Setting next_dagrun for dataset_s3_bucket_consumer to None, run_after=None
[2024-11-22T19:23:48.384+0300] {logging_mixin.py:190} INFO - [2024-11-22T19:23:48.384+0300] {dag.py:4180} INFO - Setting next_dagrun for dataset_s3_bucket_producer to None, run_after=None
[2024-11-22T19:23:48.404+0300] {processor.py:208} INFO - Processing /home/airflow/.local/lib/python3.12/site-packages/airflow/example_dags/example_dataset_alias.py took 0.212 seconds
[2024-11-22T19:24:19.193+0300] {processor.py:186} INFO - Started process (PID=876) to work on /home/airflow/.local/lib/python3.12/site-packages/airflow/example_dags/example_dataset_alias.py
[2024-11-22T19:24:19.195+0300] {processor.py:914} INFO - Processing file /home/airflow/.local/lib/python3.12/site-packages/airflow/example_dags/example_dataset_alias.py for tasks to queue
[2024-11-22T19:24:19.197+0300] {logging_mixin.py:190} INFO - [2024-11-22T19:24:19.197+0300] {dagbag.py:588} INFO - Filling up the DagBag from /home/airflow/.local/lib/python3.12/site-packages/airflow/example_dags/example_dataset_alias.py
[2024-11-22T19:24:19.332+0300] {processor.py:925} INFO - DAG(s) 'dataset_s3_bucket_consumer', 'dataset_alias_example_alias_consumer', 'dataset_s3_bucket_producer', 'dataset_alias_example_alias_producer' retrieved from /home/airflow/.local/lib/python3.12/site-packages/airflow/example_dags/example_dataset_alias.py
[2024-11-22T19:24:19.353+0300] {logging_mixin.py:190} INFO - [2024-11-22T19:24:19.352+0300] {dag.py:3239} INFO - Sync 4 DAGs
[2024-11-22T19:24:19.368+0300] {logging_mixin.py:190} INFO - [2024-11-22T19:24:19.368+0300] {dag.py:4180} INFO - Setting next_dagrun for dataset_alias_example_alias_consumer to None, run_after=None
[2024-11-22T19:24:19.371+0300] {logging_mixin.py:190} INFO - [2024-11-22T19:24:19.371+0300] {dag.py:4180} INFO - Setting next_dagrun for dataset_alias_example_alias_producer to None, run_after=None
[2024-11-22T19:24:19.372+0300] {logging_mixin.py:190} INFO - [2024-11-22T19:24:19.372+0300] {dag.py:4180} INFO - Setting next_dagrun for dataset_s3_bucket_consumer to None, run_after=None
[2024-11-22T19:24:19.374+0300] {logging_mixin.py:190} INFO - [2024-11-22T19:24:19.374+0300] {dag.py:4180} INFO - Setting next_dagrun for dataset_s3_bucket_producer to None, run_after=None
[2024-11-22T19:24:19.401+0300] {processor.py:208} INFO - Processing /home/airflow/.local/lib/python3.12/site-packages/airflow/example_dags/example_dataset_alias.py took 0.217 seconds
[2024-11-22T19:24:49.550+0300] {processor.py:186} INFO - Started process (PID=945) to work on /home/airflow/.local/lib/python3.12/site-packages/airflow/example_dags/example_dataset_alias.py
[2024-11-22T19:24:49.551+0300] {processor.py:914} INFO - Processing file /home/airflow/.local/lib/python3.12/site-packages/airflow/example_dags/example_dataset_alias.py for tasks to queue
[2024-11-22T19:24:49.553+0300] {logging_mixin.py:190} INFO - [2024-11-22T19:24:49.553+0300] {dagbag.py:588} INFO - Filling up the DagBag from /home/airflow/.local/lib/python3.12/site-packages/airflow/example_dags/example_dataset_alias.py
[2024-11-22T19:24:49.676+0300] {processor.py:925} INFO - DAG(s) 'dataset_s3_bucket_consumer', 'dataset_alias_example_alias_producer', 'dataset_alias_example_alias_consumer', 'dataset_s3_bucket_producer' retrieved from /home/airflow/.local/lib/python3.12/site-packages/airflow/example_dags/example_dataset_alias.py
[2024-11-22T19:24:49.702+0300] {logging_mixin.py:190} INFO - [2024-11-22T19:24:49.702+0300] {dag.py:3239} INFO - Sync 4 DAGs
[2024-11-22T19:24:49.853+0300] {logging_mixin.py:190} INFO - [2024-11-22T19:24:49.853+0300] {dag.py:4180} INFO - Setting next_dagrun for dataset_alias_example_alias_consumer to None, run_after=None
[2024-11-22T19:24:49.856+0300] {logging_mixin.py:190} INFO - [2024-11-22T19:24:49.855+0300] {dag.py:4180} INFO - Setting next_dagrun for dataset_alias_example_alias_producer to None, run_after=None
[2024-11-22T19:24:49.857+0300] {logging_mixin.py:190} INFO - [2024-11-22T19:24:49.857+0300] {dag.py:4180} INFO - Setting next_dagrun for dataset_s3_bucket_consumer to None, run_after=None
[2024-11-22T19:24:49.859+0300] {logging_mixin.py:190} INFO - [2024-11-22T19:24:49.858+0300] {dag.py:4180} INFO - Setting next_dagrun for dataset_s3_bucket_producer to None, run_after=None
[2024-11-22T19:24:49.890+0300] {processor.py:208} INFO - Processing /home/airflow/.local/lib/python3.12/site-packages/airflow/example_dags/example_dataset_alias.py took 0.344 seconds
[2024-11-22T19:25:21.000+0300] {processor.py:186} INFO - Started process (PID=1012) to work on /home/airflow/.local/lib/python3.12/site-packages/airflow/example_dags/example_dataset_alias.py
[2024-11-22T19:25:21.002+0300] {processor.py:914} INFO - Processing file /home/airflow/.local/lib/python3.12/site-packages/airflow/example_dags/example_dataset_alias.py for tasks to queue
[2024-11-22T19:25:21.005+0300] {logging_mixin.py:190} INFO - [2024-11-22T19:25:21.004+0300] {dagbag.py:588} INFO - Filling up the DagBag from /home/airflow/.local/lib/python3.12/site-packages/airflow/example_dags/example_dataset_alias.py
[2024-11-22T19:25:21.148+0300] {processor.py:925} INFO - DAG(s) 'dataset_alias_example_alias_consumer', 'dataset_alias_example_alias_producer', 'dataset_s3_bucket_producer', 'dataset_s3_bucket_consumer' retrieved from /home/airflow/.local/lib/python3.12/site-packages/airflow/example_dags/example_dataset_alias.py
[2024-11-22T19:25:21.172+0300] {logging_mixin.py:190} INFO - [2024-11-22T19:25:21.171+0300] {dag.py:3239} INFO - Sync 4 DAGs
[2024-11-22T19:25:21.364+0300] {logging_mixin.py:190} INFO - [2024-11-22T19:25:21.363+0300] {dag.py:4180} INFO - Setting next_dagrun for dataset_alias_example_alias_consumer to None, run_after=None
[2024-11-22T19:25:21.366+0300] {logging_mixin.py:190} INFO - [2024-11-22T19:25:21.366+0300] {dag.py:4180} INFO - Setting next_dagrun for dataset_alias_example_alias_producer to None, run_after=None
[2024-11-22T19:25:21.368+0300] {logging_mixin.py:190} INFO - [2024-11-22T19:25:21.368+0300] {dag.py:4180} INFO - Setting next_dagrun for dataset_s3_bucket_consumer to None, run_after=None
[2024-11-22T19:25:21.370+0300] {logging_mixin.py:190} INFO - [2024-11-22T19:25:21.370+0300] {dag.py:4180} INFO - Setting next_dagrun for dataset_s3_bucket_producer to None, run_after=None
[2024-11-22T19:25:21.392+0300] {processor.py:208} INFO - Processing /home/airflow/.local/lib/python3.12/site-packages/airflow/example_dags/example_dataset_alias.py took 0.397 seconds
[2024-11-22T19:25:51.531+0300] {processor.py:186} INFO - Started process (PID=1083) to work on /home/airflow/.local/lib/python3.12/site-packages/airflow/example_dags/example_dataset_alias.py
[2024-11-22T19:25:51.532+0300] {processor.py:914} INFO - Processing file /home/airflow/.local/lib/python3.12/site-packages/airflow/example_dags/example_dataset_alias.py for tasks to queue
[2024-11-22T19:25:51.535+0300] {logging_mixin.py:190} INFO - [2024-11-22T19:25:51.535+0300] {dagbag.py:588} INFO - Filling up the DagBag from /home/airflow/.local/lib/python3.12/site-packages/airflow/example_dags/example_dataset_alias.py
[2024-11-22T19:25:51.677+0300] {processor.py:925} INFO - DAG(s) 'dataset_alias_example_alias_consumer', 'dataset_s3_bucket_producer', 'dataset_s3_bucket_consumer', 'dataset_alias_example_alias_producer' retrieved from /home/airflow/.local/lib/python3.12/site-packages/airflow/example_dags/example_dataset_alias.py
[2024-11-22T19:25:51.697+0300] {logging_mixin.py:190} INFO - [2024-11-22T19:25:51.697+0300] {dag.py:3239} INFO - Sync 4 DAGs
[2024-11-22T19:25:51.860+0300] {logging_mixin.py:190} INFO - [2024-11-22T19:25:51.860+0300] {dag.py:4180} INFO - Setting next_dagrun for dataset_alias_example_alias_consumer to None, run_after=None
[2024-11-22T19:25:51.863+0300] {logging_mixin.py:190} INFO - [2024-11-22T19:25:51.863+0300] {dag.py:4180} INFO - Setting next_dagrun for dataset_alias_example_alias_producer to None, run_after=None
[2024-11-22T19:25:51.865+0300] {logging_mixin.py:190} INFO - [2024-11-22T19:25:51.865+0300] {dag.py:4180} INFO - Setting next_dagrun for dataset_s3_bucket_consumer to None, run_after=None
[2024-11-22T19:25:51.866+0300] {logging_mixin.py:190} INFO - [2024-11-22T19:25:51.866+0300] {dag.py:4180} INFO - Setting next_dagrun for dataset_s3_bucket_producer to None, run_after=None
[2024-11-22T19:25:51.894+0300] {processor.py:208} INFO - Processing /home/airflow/.local/lib/python3.12/site-packages/airflow/example_dags/example_dataset_alias.py took 0.369 seconds
[2024-11-22T19:26:22.130+0300] {processor.py:186} INFO - Started process (PID=1152) to work on /home/airflow/.local/lib/python3.12/site-packages/airflow/example_dags/example_dataset_alias.py
[2024-11-22T19:26:22.132+0300] {processor.py:914} INFO - Processing file /home/airflow/.local/lib/python3.12/site-packages/airflow/example_dags/example_dataset_alias.py for tasks to queue
[2024-11-22T19:26:22.136+0300] {logging_mixin.py:190} INFO - [2024-11-22T19:26:22.136+0300] {dagbag.py:588} INFO - Filling up the DagBag from /home/airflow/.local/lib/python3.12/site-packages/airflow/example_dags/example_dataset_alias.py
[2024-11-22T19:26:22.485+0300] {processor.py:925} INFO - DAG(s) 'dataset_s3_bucket_consumer', 'dataset_alias_example_alias_consumer', 'dataset_alias_example_alias_producer', 'dataset_s3_bucket_producer' retrieved from /home/airflow/.local/lib/python3.12/site-packages/airflow/example_dags/example_dataset_alias.py
[2024-11-22T19:26:22.507+0300] {logging_mixin.py:190} INFO - [2024-11-22T19:26:22.507+0300] {dag.py:3239} INFO - Sync 4 DAGs
[2024-11-22T19:26:22.528+0300] {logging_mixin.py:190} INFO - [2024-11-22T19:26:22.528+0300] {dag.py:4180} INFO - Setting next_dagrun for dataset_alias_example_alias_consumer to None, run_after=None
[2024-11-22T19:26:22.533+0300] {logging_mixin.py:190} INFO - [2024-11-22T19:26:22.533+0300] {dag.py:4180} INFO - Setting next_dagrun for dataset_alias_example_alias_producer to None, run_after=None
[2024-11-22T19:26:22.535+0300] {logging_mixin.py:190} INFO - [2024-11-22T19:26:22.535+0300] {dag.py:4180} INFO - Setting next_dagrun for dataset_s3_bucket_consumer to None, run_after=None
[2024-11-22T19:26:22.536+0300] {logging_mixin.py:190} INFO - [2024-11-22T19:26:22.536+0300] {dag.py:4180} INFO - Setting next_dagrun for dataset_s3_bucket_producer to None, run_after=None
[2024-11-22T19:26:22.558+0300] {processor.py:208} INFO - Processing /home/airflow/.local/lib/python3.12/site-packages/airflow/example_dags/example_dataset_alias.py took 0.435 seconds
[2024-11-22T19:26:53.572+0300] {processor.py:186} INFO - Started process (PID=1219) to work on /home/airflow/.local/lib/python3.12/site-packages/airflow/example_dags/example_dataset_alias.py
[2024-11-22T19:26:53.574+0300] {processor.py:914} INFO - Processing file /home/airflow/.local/lib/python3.12/site-packages/airflow/example_dags/example_dataset_alias.py for tasks to queue
[2024-11-22T19:26:53.576+0300] {logging_mixin.py:190} INFO - [2024-11-22T19:26:53.576+0300] {dagbag.py:588} INFO - Filling up the DagBag from /home/airflow/.local/lib/python3.12/site-packages/airflow/example_dags/example_dataset_alias.py
[2024-11-22T19:26:53.898+0300] {processor.py:925} INFO - DAG(s) 'dataset_s3_bucket_producer', 'dataset_alias_example_alias_consumer', 'dataset_alias_example_alias_producer', 'dataset_s3_bucket_consumer' retrieved from /home/airflow/.local/lib/python3.12/site-packages/airflow/example_dags/example_dataset_alias.py
[2024-11-22T19:26:53.919+0300] {logging_mixin.py:190} INFO - [2024-11-22T19:26:53.919+0300] {dag.py:3239} INFO - Sync 4 DAGs
[2024-11-22T19:26:53.940+0300] {logging_mixin.py:190} INFO - [2024-11-22T19:26:53.940+0300] {dag.py:4180} INFO - Setting next_dagrun for dataset_alias_example_alias_consumer to None, run_after=None
[2024-11-22T19:26:53.943+0300] {logging_mixin.py:190} INFO - [2024-11-22T19:26:53.943+0300] {dag.py:4180} INFO - Setting next_dagrun for dataset_alias_example_alias_producer to None, run_after=None
[2024-11-22T19:26:53.946+0300] {logging_mixin.py:190} INFO - [2024-11-22T19:26:53.945+0300] {dag.py:4180} INFO - Setting next_dagrun for dataset_s3_bucket_consumer to None, run_after=None
[2024-11-22T19:26:53.948+0300] {logging_mixin.py:190} INFO - [2024-11-22T19:26:53.948+0300] {dag.py:4180} INFO - Setting next_dagrun for dataset_s3_bucket_producer to None, run_after=None
[2024-11-22T19:26:53.972+0300] {processor.py:208} INFO - Processing /home/airflow/.local/lib/python3.12/site-packages/airflow/example_dags/example_dataset_alias.py took 0.406 seconds
[2024-11-22T19:27:24.699+0300] {processor.py:186} INFO - Started process (PID=1288) to work on /home/airflow/.local/lib/python3.12/site-packages/airflow/example_dags/example_dataset_alias.py
[2024-11-22T19:27:24.700+0300] {processor.py:914} INFO - Processing file /home/airflow/.local/lib/python3.12/site-packages/airflow/example_dags/example_dataset_alias.py for tasks to queue
[2024-11-22T19:27:24.702+0300] {logging_mixin.py:190} INFO - [2024-11-22T19:27:24.702+0300] {dagbag.py:588} INFO - Filling up the DagBag from /home/airflow/.local/lib/python3.12/site-packages/airflow/example_dags/example_dataset_alias.py
[2024-11-22T19:27:24.982+0300] {processor.py:925} INFO - DAG(s) 'dataset_s3_bucket_consumer', 'dataset_alias_example_alias_producer', 'dataset_alias_example_alias_consumer', 'dataset_s3_bucket_producer' retrieved from /home/airflow/.local/lib/python3.12/site-packages/airflow/example_dags/example_dataset_alias.py
[2024-11-22T19:27:25.006+0300] {logging_mixin.py:190} INFO - [2024-11-22T19:27:25.005+0300] {dag.py:3239} INFO - Sync 4 DAGs
[2024-11-22T19:27:25.026+0300] {logging_mixin.py:190} INFO - [2024-11-22T19:27:25.026+0300] {dag.py:4180} INFO - Setting next_dagrun for dataset_alias_example_alias_consumer to None, run_after=None
[2024-11-22T19:27:25.029+0300] {logging_mixin.py:190} INFO - [2024-11-22T19:27:25.029+0300] {dag.py:4180} INFO - Setting next_dagrun for dataset_alias_example_alias_producer to None, run_after=None
[2024-11-22T19:27:25.032+0300] {logging_mixin.py:190} INFO - [2024-11-22T19:27:25.032+0300] {dag.py:4180} INFO - Setting next_dagrun for dataset_s3_bucket_consumer to None, run_after=None
[2024-11-22T19:27:25.034+0300] {logging_mixin.py:190} INFO - [2024-11-22T19:27:25.034+0300] {dag.py:4180} INFO - Setting next_dagrun for dataset_s3_bucket_producer to None, run_after=None
[2024-11-22T19:27:25.056+0300] {processor.py:208} INFO - Processing /home/airflow/.local/lib/python3.12/site-packages/airflow/example_dags/example_dataset_alias.py took 0.361 seconds
[2024-11-22T19:27:55.504+0300] {processor.py:186} INFO - Started process (PID=1357) to work on /home/airflow/.local/lib/python3.12/site-packages/airflow/example_dags/example_dataset_alias.py
[2024-11-22T19:27:55.505+0300] {processor.py:914} INFO - Processing file /home/airflow/.local/lib/python3.12/site-packages/airflow/example_dags/example_dataset_alias.py for tasks to queue
[2024-11-22T19:27:55.508+0300] {logging_mixin.py:190} INFO - [2024-11-22T19:27:55.508+0300] {dagbag.py:588} INFO - Filling up the DagBag from /home/airflow/.local/lib/python3.12/site-packages/airflow/example_dags/example_dataset_alias.py
[2024-11-22T19:27:55.805+0300] {processor.py:925} INFO - DAG(s) 'dataset_s3_bucket_producer', 'dataset_alias_example_alias_consumer', 'dataset_s3_bucket_consumer', 'dataset_alias_example_alias_producer' retrieved from /home/airflow/.local/lib/python3.12/site-packages/airflow/example_dags/example_dataset_alias.py
[2024-11-22T19:27:55.827+0300] {logging_mixin.py:190} INFO - [2024-11-22T19:27:55.827+0300] {dag.py:3239} INFO - Sync 4 DAGs
[2024-11-22T19:27:55.853+0300] {logging_mixin.py:190} INFO - [2024-11-22T19:27:55.852+0300] {dag.py:4180} INFO - Setting next_dagrun for dataset_alias_example_alias_consumer to None, run_after=None
[2024-11-22T19:27:55.856+0300] {logging_mixin.py:190} INFO - [2024-11-22T19:27:55.856+0300] {dag.py:4180} INFO - Setting next_dagrun for dataset_alias_example_alias_producer to None, run_after=None
[2024-11-22T19:27:55.859+0300] {logging_mixin.py:190} INFO - [2024-11-22T19:27:55.858+0300] {dag.py:4180} INFO - Setting next_dagrun for dataset_s3_bucket_consumer to None, run_after=None
[2024-11-22T19:27:55.861+0300] {logging_mixin.py:190} INFO - [2024-11-22T19:27:55.861+0300] {dag.py:4180} INFO - Setting next_dagrun for dataset_s3_bucket_producer to None, run_after=None
[2024-11-22T19:27:55.886+0300] {processor.py:208} INFO - Processing /home/airflow/.local/lib/python3.12/site-packages/airflow/example_dags/example_dataset_alias.py took 0.386 seconds
[2024-11-22T19:28:26.554+0300] {processor.py:186} INFO - Started process (PID=1426) to work on /home/airflow/.local/lib/python3.12/site-packages/airflow/example_dags/example_dataset_alias.py
[2024-11-22T19:28:26.555+0300] {processor.py:914} INFO - Processing file /home/airflow/.local/lib/python3.12/site-packages/airflow/example_dags/example_dataset_alias.py for tasks to queue
[2024-11-22T19:28:26.559+0300] {logging_mixin.py:190} INFO - [2024-11-22T19:28:26.558+0300] {dagbag.py:588} INFO - Filling up the DagBag from /home/airflow/.local/lib/python3.12/site-packages/airflow/example_dags/example_dataset_alias.py
[2024-11-22T19:28:26.914+0300] {processor.py:925} INFO - DAG(s) 'dataset_s3_bucket_consumer', 'dataset_alias_example_alias_consumer', 'dataset_alias_example_alias_producer', 'dataset_s3_bucket_producer' retrieved from /home/airflow/.local/lib/python3.12/site-packages/airflow/example_dags/example_dataset_alias.py
[2024-11-22T19:28:26.937+0300] {logging_mixin.py:190} INFO - [2024-11-22T19:28:26.936+0300] {dag.py:3239} INFO - Sync 4 DAGs
[2024-11-22T19:28:26.954+0300] {logging_mixin.py:190} INFO - [2024-11-22T19:28:26.954+0300] {dag.py:4180} INFO - Setting next_dagrun for dataset_alias_example_alias_consumer to None, run_after=None
[2024-11-22T19:28:26.956+0300] {logging_mixin.py:190} INFO - [2024-11-22T19:28:26.956+0300] {dag.py:4180} INFO - Setting next_dagrun for dataset_alias_example_alias_producer to None, run_after=None
[2024-11-22T19:28:26.960+0300] {logging_mixin.py:190} INFO - [2024-11-22T19:28:26.960+0300] {dag.py:4180} INFO - Setting next_dagrun for dataset_s3_bucket_consumer to None, run_after=None
[2024-11-22T19:28:26.962+0300] {logging_mixin.py:190} INFO - [2024-11-22T19:28:26.962+0300] {dag.py:4180} INFO - Setting next_dagrun for dataset_s3_bucket_producer to None, run_after=None
[2024-11-22T19:28:26.984+0300] {processor.py:208} INFO - Processing /home/airflow/.local/lib/python3.12/site-packages/airflow/example_dags/example_dataset_alias.py took 0.435 seconds
[2024-11-22T19:28:57.416+0300] {processor.py:186} INFO - Started process (PID=1495) to work on /home/airflow/.local/lib/python3.12/site-packages/airflow/example_dags/example_dataset_alias.py
[2024-11-22T19:28:57.418+0300] {processor.py:914} INFO - Processing file /home/airflow/.local/lib/python3.12/site-packages/airflow/example_dags/example_dataset_alias.py for tasks to queue
[2024-11-22T19:28:57.420+0300] {logging_mixin.py:190} INFO - [2024-11-22T19:28:57.419+0300] {dagbag.py:588} INFO - Filling up the DagBag from /home/airflow/.local/lib/python3.12/site-packages/airflow/example_dags/example_dataset_alias.py
[2024-11-22T19:28:57.788+0300] {processor.py:925} INFO - DAG(s) 'dataset_alias_example_alias_producer', 'dataset_s3_bucket_producer', 'dataset_alias_example_alias_consumer', 'dataset_s3_bucket_consumer' retrieved from /home/airflow/.local/lib/python3.12/site-packages/airflow/example_dags/example_dataset_alias.py
[2024-11-22T19:28:57.810+0300] {logging_mixin.py:190} INFO - [2024-11-22T19:28:57.810+0300] {dag.py:3239} INFO - Sync 4 DAGs
[2024-11-22T19:28:57.832+0300] {logging_mixin.py:190} INFO - [2024-11-22T19:28:57.831+0300] {dag.py:4180} INFO - Setting next_dagrun for dataset_alias_example_alias_consumer to None, run_after=None
[2024-11-22T19:28:57.835+0300] {logging_mixin.py:190} INFO - [2024-11-22T19:28:57.835+0300] {dag.py:4180} INFO - Setting next_dagrun for dataset_alias_example_alias_producer to None, run_after=None
[2024-11-22T19:28:57.838+0300] {logging_mixin.py:190} INFO - [2024-11-22T19:28:57.837+0300] {dag.py:4180} INFO - Setting next_dagrun for dataset_s3_bucket_consumer to None, run_after=None
[2024-11-22T19:28:57.841+0300] {logging_mixin.py:190} INFO - [2024-11-22T19:28:57.840+0300] {dag.py:4180} INFO - Setting next_dagrun for dataset_s3_bucket_producer to None, run_after=None
[2024-11-22T19:28:57.865+0300] {processor.py:208} INFO - Processing /home/airflow/.local/lib/python3.12/site-packages/airflow/example_dags/example_dataset_alias.py took 0.453 seconds
[2024-11-22T19:29:28.125+0300] {processor.py:186} INFO - Started process (PID=1567) to work on /home/airflow/.local/lib/python3.12/site-packages/airflow/example_dags/example_dataset_alias.py
[2024-11-22T19:29:28.126+0300] {processor.py:914} INFO - Processing file /home/airflow/.local/lib/python3.12/site-packages/airflow/example_dags/example_dataset_alias.py for tasks to queue
[2024-11-22T19:29:28.128+0300] {logging_mixin.py:190} INFO - [2024-11-22T19:29:28.128+0300] {dagbag.py:588} INFO - Filling up the DagBag from /home/airflow/.local/lib/python3.12/site-packages/airflow/example_dags/example_dataset_alias.py
[2024-11-22T19:29:28.390+0300] {processor.py:925} INFO - DAG(s) 'dataset_s3_bucket_consumer', 'dataset_alias_example_alias_producer', 'dataset_s3_bucket_producer', 'dataset_alias_example_alias_consumer' retrieved from /home/airflow/.local/lib/python3.12/site-packages/airflow/example_dags/example_dataset_alias.py
[2024-11-22T19:29:28.413+0300] {logging_mixin.py:190} INFO - [2024-11-22T19:29:28.413+0300] {dag.py:3239} INFO - Sync 4 DAGs
[2024-11-22T19:29:28.426+0300] {logging_mixin.py:190} INFO - [2024-11-22T19:29:28.426+0300] {dag.py:4180} INFO - Setting next_dagrun for dataset_alias_example_alias_consumer to None, run_after=None
[2024-11-22T19:29:28.428+0300] {logging_mixin.py:190} INFO - [2024-11-22T19:29:28.428+0300] {dag.py:4180} INFO - Setting next_dagrun for dataset_alias_example_alias_producer to None, run_after=None
[2024-11-22T19:29:28.429+0300] {logging_mixin.py:190} INFO - [2024-11-22T19:29:28.429+0300] {dag.py:4180} INFO - Setting next_dagrun for dataset_s3_bucket_consumer to None, run_after=None
[2024-11-22T19:29:28.430+0300] {logging_mixin.py:190} INFO - [2024-11-22T19:29:28.430+0300] {dag.py:4180} INFO - Setting next_dagrun for dataset_s3_bucket_producer to None, run_after=None
[2024-11-22T19:29:28.455+0300] {processor.py:208} INFO - Processing /home/airflow/.local/lib/python3.12/site-packages/airflow/example_dags/example_dataset_alias.py took 0.335 seconds
