[2024-11-22T19:18:39.118+0300] {processor.py:186} INFO - Started process (PID=80) to work on /home/airflow/.local/lib/python3.12/site-packages/airflow/example_dags/example_short_circuit_decorator.py
[2024-11-22T19:18:39.120+0300] {processor.py:914} INFO - Processing file /home/airflow/.local/lib/python3.12/site-packages/airflow/example_dags/example_short_circuit_decorator.py for tasks to queue
[2024-11-22T19:18:39.123+0300] {logging_mixin.py:190} INFO - [2024-11-22T19:18:39.123+0300] {dagbag.py:588} INFO - Filling up the DagBag from /home/airflow/.local/lib/python3.12/site-packages/airflow/example_dags/example_short_circuit_decorator.py
[2024-11-22T19:18:39.139+0300] {processor.py:925} INFO - DAG(s) 'example_short_circuit_decorator' retrieved from /home/airflow/.local/lib/python3.12/site-packages/airflow/example_dags/example_short_circuit_decorator.py
[2024-11-22T19:18:39.185+0300] {logging_mixin.py:190} INFO - [2024-11-22T19:18:39.184+0300] {dag.py:3239} INFO - Sync 1 DAGs
[2024-11-22T19:18:39.215+0300] {logging_mixin.py:190} INFO - [2024-11-22T19:18:39.215+0300] {dag.py:4180} INFO - Setting next_dagrun for example_short_circuit_decorator to None, run_after=None
[2024-11-22T19:18:39.252+0300] {processor.py:208} INFO - Processing /home/airflow/.local/lib/python3.12/site-packages/airflow/example_dags/example_short_circuit_decorator.py took 0.142 seconds
[2024-11-22T19:19:09.689+0300] {processor.py:186} INFO - Started process (PID=171) to work on /home/airflow/.local/lib/python3.12/site-packages/airflow/example_dags/example_short_circuit_decorator.py
[2024-11-22T19:19:09.691+0300] {processor.py:914} INFO - Processing file /home/airflow/.local/lib/python3.12/site-packages/airflow/example_dags/example_short_circuit_decorator.py for tasks to queue
[2024-11-22T19:19:09.694+0300] {logging_mixin.py:190} INFO - [2024-11-22T19:19:09.693+0300] {dagbag.py:588} INFO - Filling up the DagBag from /home/airflow/.local/lib/python3.12/site-packages/airflow/example_dags/example_short_circuit_decorator.py
[2024-11-22T19:19:09.704+0300] {processor.py:925} INFO - DAG(s) 'example_short_circuit_decorator' retrieved from /home/airflow/.local/lib/python3.12/site-packages/airflow/example_dags/example_short_circuit_decorator.py
[2024-11-22T19:19:09.724+0300] {logging_mixin.py:190} INFO - [2024-11-22T19:19:09.724+0300] {dag.py:3239} INFO - Sync 1 DAGs
[2024-11-22T19:19:09.736+0300] {logging_mixin.py:190} INFO - [2024-11-22T19:19:09.736+0300] {dag.py:4180} INFO - Setting next_dagrun for example_short_circuit_decorator to None, run_after=None
[2024-11-22T19:19:09.756+0300] {processor.py:208} INFO - Processing /home/airflow/.local/lib/python3.12/site-packages/airflow/example_dags/example_short_circuit_decorator.py took 0.073 seconds
[2024-11-22T19:19:40.883+0300] {processor.py:186} INFO - Started process (PID=241) to work on /home/airflow/.local/lib/python3.12/site-packages/airflow/example_dags/example_short_circuit_decorator.py
[2024-11-22T19:19:40.884+0300] {processor.py:914} INFO - Processing file /home/airflow/.local/lib/python3.12/site-packages/airflow/example_dags/example_short_circuit_decorator.py for tasks to queue
[2024-11-22T19:19:40.886+0300] {logging_mixin.py:190} INFO - [2024-11-22T19:19:40.885+0300] {dagbag.py:588} INFO - Filling up the DagBag from /home/airflow/.local/lib/python3.12/site-packages/airflow/example_dags/example_short_circuit_decorator.py
[2024-11-22T19:19:40.893+0300] {processor.py:925} INFO - DAG(s) 'example_short_circuit_decorator' retrieved from /home/airflow/.local/lib/python3.12/site-packages/airflow/example_dags/example_short_circuit_decorator.py
[2024-11-22T19:19:40.913+0300] {logging_mixin.py:190} INFO - [2024-11-22T19:19:40.913+0300] {dag.py:3239} INFO - Sync 1 DAGs
[2024-11-22T19:19:40.928+0300] {logging_mixin.py:190} INFO - [2024-11-22T19:19:40.927+0300] {dag.py:4180} INFO - Setting next_dagrun for example_short_circuit_decorator to None, run_after=None
[2024-11-22T19:19:40.945+0300] {processor.py:208} INFO - Processing /home/airflow/.local/lib/python3.12/site-packages/airflow/example_dags/example_short_circuit_decorator.py took 0.067 seconds
[2024-11-22T19:20:12.049+0300] {processor.py:186} INFO - Started process (PID=310) to work on /home/airflow/.local/lib/python3.12/site-packages/airflow/example_dags/example_short_circuit_decorator.py
[2024-11-22T19:20:12.050+0300] {processor.py:914} INFO - Processing file /home/airflow/.local/lib/python3.12/site-packages/airflow/example_dags/example_short_circuit_decorator.py for tasks to queue
[2024-11-22T19:20:12.053+0300] {logging_mixin.py:190} INFO - [2024-11-22T19:20:12.052+0300] {dagbag.py:588} INFO - Filling up the DagBag from /home/airflow/.local/lib/python3.12/site-packages/airflow/example_dags/example_short_circuit_decorator.py
[2024-11-22T19:20:12.061+0300] {processor.py:925} INFO - DAG(s) 'example_short_circuit_decorator' retrieved from /home/airflow/.local/lib/python3.12/site-packages/airflow/example_dags/example_short_circuit_decorator.py
[2024-11-22T19:20:12.083+0300] {logging_mixin.py:190} INFO - [2024-11-22T19:20:12.082+0300] {dag.py:3239} INFO - Sync 1 DAGs
[2024-11-22T19:20:12.095+0300] {logging_mixin.py:190} INFO - [2024-11-22T19:20:12.094+0300] {dag.py:4180} INFO - Setting next_dagrun for example_short_circuit_decorator to None, run_after=None
[2024-11-22T19:20:12.114+0300] {processor.py:208} INFO - Processing /home/airflow/.local/lib/python3.12/site-packages/airflow/example_dags/example_short_circuit_decorator.py took 0.070 seconds
[2024-11-22T19:20:42.692+0300] {processor.py:186} INFO - Started process (PID=379) to work on /home/airflow/.local/lib/python3.12/site-packages/airflow/example_dags/example_short_circuit_decorator.py
[2024-11-22T19:20:42.693+0300] {processor.py:914} INFO - Processing file /home/airflow/.local/lib/python3.12/site-packages/airflow/example_dags/example_short_circuit_decorator.py for tasks to queue
[2024-11-22T19:20:42.696+0300] {logging_mixin.py:190} INFO - [2024-11-22T19:20:42.696+0300] {dagbag.py:588} INFO - Filling up the DagBag from /home/airflow/.local/lib/python3.12/site-packages/airflow/example_dags/example_short_circuit_decorator.py
[2024-11-22T19:20:42.704+0300] {processor.py:925} INFO - DAG(s) 'example_short_circuit_decorator' retrieved from /home/airflow/.local/lib/python3.12/site-packages/airflow/example_dags/example_short_circuit_decorator.py
[2024-11-22T19:20:42.728+0300] {logging_mixin.py:190} INFO - [2024-11-22T19:20:42.728+0300] {dag.py:3239} INFO - Sync 1 DAGs
[2024-11-22T19:20:42.743+0300] {logging_mixin.py:190} INFO - [2024-11-22T19:20:42.743+0300] {dag.py:4180} INFO - Setting next_dagrun for example_short_circuit_decorator to None, run_after=None
[2024-11-22T19:20:42.777+0300] {processor.py:208} INFO - Processing /home/airflow/.local/lib/python3.12/site-packages/airflow/example_dags/example_short_circuit_decorator.py took 0.092 seconds
[2024-11-22T19:21:13.162+0300] {processor.py:186} INFO - Started process (PID=448) to work on /home/airflow/.local/lib/python3.12/site-packages/airflow/example_dags/example_short_circuit_decorator.py
[2024-11-22T19:21:13.163+0300] {processor.py:914} INFO - Processing file /home/airflow/.local/lib/python3.12/site-packages/airflow/example_dags/example_short_circuit_decorator.py for tasks to queue
[2024-11-22T19:21:13.165+0300] {logging_mixin.py:190} INFO - [2024-11-22T19:21:13.165+0300] {dagbag.py:588} INFO - Filling up the DagBag from /home/airflow/.local/lib/python3.12/site-packages/airflow/example_dags/example_short_circuit_decorator.py
[2024-11-22T19:21:13.175+0300] {processor.py:925} INFO - DAG(s) 'example_short_circuit_decorator' retrieved from /home/airflow/.local/lib/python3.12/site-packages/airflow/example_dags/example_short_circuit_decorator.py
[2024-11-22T19:21:13.202+0300] {logging_mixin.py:190} INFO - [2024-11-22T19:21:13.202+0300] {dag.py:3239} INFO - Sync 1 DAGs
[2024-11-22T19:21:13.219+0300] {logging_mixin.py:190} INFO - [2024-11-22T19:21:13.218+0300] {dag.py:4180} INFO - Setting next_dagrun for example_short_circuit_decorator to None, run_after=None
[2024-11-22T19:21:13.238+0300] {processor.py:208} INFO - Processing /home/airflow/.local/lib/python3.12/site-packages/airflow/example_dags/example_short_circuit_decorator.py took 0.081 seconds
[2024-11-22T19:21:43.764+0300] {processor.py:186} INFO - Started process (PID=517) to work on /home/airflow/.local/lib/python3.12/site-packages/airflow/example_dags/example_short_circuit_decorator.py
[2024-11-22T19:21:43.765+0300] {processor.py:914} INFO - Processing file /home/airflow/.local/lib/python3.12/site-packages/airflow/example_dags/example_short_circuit_decorator.py for tasks to queue
[2024-11-22T19:21:43.768+0300] {logging_mixin.py:190} INFO - [2024-11-22T19:21:43.767+0300] {dagbag.py:588} INFO - Filling up the DagBag from /home/airflow/.local/lib/python3.12/site-packages/airflow/example_dags/example_short_circuit_decorator.py
[2024-11-22T19:21:43.778+0300] {processor.py:925} INFO - DAG(s) 'example_short_circuit_decorator' retrieved from /home/airflow/.local/lib/python3.12/site-packages/airflow/example_dags/example_short_circuit_decorator.py
[2024-11-22T19:21:43.799+0300] {logging_mixin.py:190} INFO - [2024-11-22T19:21:43.799+0300] {dag.py:3239} INFO - Sync 1 DAGs
[2024-11-22T19:21:43.814+0300] {logging_mixin.py:190} INFO - [2024-11-22T19:21:43.814+0300] {dag.py:4180} INFO - Setting next_dagrun for example_short_circuit_decorator to None, run_after=None
[2024-11-22T19:21:43.844+0300] {processor.py:208} INFO - Processing /home/airflow/.local/lib/python3.12/site-packages/airflow/example_dags/example_short_circuit_decorator.py took 0.085 seconds
[2024-11-22T19:22:14.405+0300] {processor.py:186} INFO - Started process (PID=586) to work on /home/airflow/.local/lib/python3.12/site-packages/airflow/example_dags/example_short_circuit_decorator.py
[2024-11-22T19:22:14.406+0300] {processor.py:914} INFO - Processing file /home/airflow/.local/lib/python3.12/site-packages/airflow/example_dags/example_short_circuit_decorator.py for tasks to queue
[2024-11-22T19:22:14.409+0300] {logging_mixin.py:190} INFO - [2024-11-22T19:22:14.408+0300] {dagbag.py:588} INFO - Filling up the DagBag from /home/airflow/.local/lib/python3.12/site-packages/airflow/example_dags/example_short_circuit_decorator.py
[2024-11-22T19:22:14.420+0300] {processor.py:925} INFO - DAG(s) 'example_short_circuit_decorator' retrieved from /home/airflow/.local/lib/python3.12/site-packages/airflow/example_dags/example_short_circuit_decorator.py
[2024-11-22T19:22:14.446+0300] {logging_mixin.py:190} INFO - [2024-11-22T19:22:14.446+0300] {dag.py:3239} INFO - Sync 1 DAGs
[2024-11-22T19:22:14.463+0300] {logging_mixin.py:190} INFO - [2024-11-22T19:22:14.463+0300] {dag.py:4180} INFO - Setting next_dagrun for example_short_circuit_decorator to None, run_after=None
[2024-11-22T19:22:14.486+0300] {processor.py:208} INFO - Processing /home/airflow/.local/lib/python3.12/site-packages/airflow/example_dags/example_short_circuit_decorator.py took 0.087 seconds
[2024-11-22T19:22:45.741+0300] {processor.py:186} INFO - Started process (PID=655) to work on /home/airflow/.local/lib/python3.12/site-packages/airflow/example_dags/example_short_circuit_decorator.py
[2024-11-22T19:22:45.743+0300] {processor.py:914} INFO - Processing file /home/airflow/.local/lib/python3.12/site-packages/airflow/example_dags/example_short_circuit_decorator.py for tasks to queue
[2024-11-22T19:22:45.745+0300] {logging_mixin.py:190} INFO - [2024-11-22T19:22:45.745+0300] {dagbag.py:588} INFO - Filling up the DagBag from /home/airflow/.local/lib/python3.12/site-packages/airflow/example_dags/example_short_circuit_decorator.py
[2024-11-22T19:22:45.753+0300] {processor.py:925} INFO - DAG(s) 'example_short_circuit_decorator' retrieved from /home/airflow/.local/lib/python3.12/site-packages/airflow/example_dags/example_short_circuit_decorator.py
[2024-11-22T19:22:45.776+0300] {logging_mixin.py:190} INFO - [2024-11-22T19:22:45.775+0300] {dag.py:3239} INFO - Sync 1 DAGs
[2024-11-22T19:22:45.791+0300] {logging_mixin.py:190} INFO - [2024-11-22T19:22:45.791+0300] {dag.py:4180} INFO - Setting next_dagrun for example_short_circuit_decorator to None, run_after=None
[2024-11-22T19:22:45.809+0300] {processor.py:208} INFO - Processing /home/airflow/.local/lib/python3.12/site-packages/airflow/example_dags/example_short_circuit_decorator.py took 0.073 seconds
[2024-11-22T19:23:16.328+0300] {processor.py:186} INFO - Started process (PID=724) to work on /home/airflow/.local/lib/python3.12/site-packages/airflow/example_dags/example_short_circuit_decorator.py
[2024-11-22T19:23:16.330+0300] {processor.py:914} INFO - Processing file /home/airflow/.local/lib/python3.12/site-packages/airflow/example_dags/example_short_circuit_decorator.py for tasks to queue
[2024-11-22T19:23:16.333+0300] {logging_mixin.py:190} INFO - [2024-11-22T19:23:16.332+0300] {dagbag.py:588} INFO - Filling up the DagBag from /home/airflow/.local/lib/python3.12/site-packages/airflow/example_dags/example_short_circuit_decorator.py
[2024-11-22T19:23:16.341+0300] {processor.py:925} INFO - DAG(s) 'example_short_circuit_decorator' retrieved from /home/airflow/.local/lib/python3.12/site-packages/airflow/example_dags/example_short_circuit_decorator.py
[2024-11-22T19:23:16.365+0300] {logging_mixin.py:190} INFO - [2024-11-22T19:23:16.365+0300] {dag.py:3239} INFO - Sync 1 DAGs
[2024-11-22T19:23:16.380+0300] {logging_mixin.py:190} INFO - [2024-11-22T19:23:16.380+0300] {dag.py:4180} INFO - Setting next_dagrun for example_short_circuit_decorator to None, run_after=None
[2024-11-22T19:23:16.402+0300] {processor.py:208} INFO - Processing /home/airflow/.local/lib/python3.12/site-packages/airflow/example_dags/example_short_circuit_decorator.py took 0.079 seconds
[2024-11-22T19:23:47.081+0300] {processor.py:186} INFO - Started process (PID=793) to work on /home/airflow/.local/lib/python3.12/site-packages/airflow/example_dags/example_short_circuit_decorator.py
[2024-11-22T19:23:47.083+0300] {processor.py:914} INFO - Processing file /home/airflow/.local/lib/python3.12/site-packages/airflow/example_dags/example_short_circuit_decorator.py for tasks to queue
[2024-11-22T19:23:47.085+0300] {logging_mixin.py:190} INFO - [2024-11-22T19:23:47.084+0300] {dagbag.py:588} INFO - Filling up the DagBag from /home/airflow/.local/lib/python3.12/site-packages/airflow/example_dags/example_short_circuit_decorator.py
[2024-11-22T19:23:47.094+0300] {processor.py:925} INFO - DAG(s) 'example_short_circuit_decorator' retrieved from /home/airflow/.local/lib/python3.12/site-packages/airflow/example_dags/example_short_circuit_decorator.py
[2024-11-22T19:23:47.114+0300] {logging_mixin.py:190} INFO - [2024-11-22T19:23:47.114+0300] {dag.py:3239} INFO - Sync 1 DAGs
[2024-11-22T19:23:47.127+0300] {logging_mixin.py:190} INFO - [2024-11-22T19:23:47.127+0300] {dag.py:4180} INFO - Setting next_dagrun for example_short_circuit_decorator to None, run_after=None
[2024-11-22T19:23:47.146+0300] {processor.py:208} INFO - Processing /home/airflow/.local/lib/python3.12/site-packages/airflow/example_dags/example_short_circuit_decorator.py took 0.070 seconds
[2024-11-22T19:24:17.936+0300] {processor.py:186} INFO - Started process (PID=862) to work on /home/airflow/.local/lib/python3.12/site-packages/airflow/example_dags/example_short_circuit_decorator.py
[2024-11-22T19:24:17.938+0300] {processor.py:914} INFO - Processing file /home/airflow/.local/lib/python3.12/site-packages/airflow/example_dags/example_short_circuit_decorator.py for tasks to queue
[2024-11-22T19:24:17.940+0300] {logging_mixin.py:190} INFO - [2024-11-22T19:24:17.939+0300] {dagbag.py:588} INFO - Filling up the DagBag from /home/airflow/.local/lib/python3.12/site-packages/airflow/example_dags/example_short_circuit_decorator.py
[2024-11-22T19:24:17.949+0300] {processor.py:925} INFO - DAG(s) 'example_short_circuit_decorator' retrieved from /home/airflow/.local/lib/python3.12/site-packages/airflow/example_dags/example_short_circuit_decorator.py
[2024-11-22T19:24:17.974+0300] {logging_mixin.py:190} INFO - [2024-11-22T19:24:17.974+0300] {dag.py:3239} INFO - Sync 1 DAGs
[2024-11-22T19:24:17.990+0300] {logging_mixin.py:190} INFO - [2024-11-22T19:24:17.990+0300] {dag.py:4180} INFO - Setting next_dagrun for example_short_circuit_decorator to None, run_after=None
[2024-11-22T19:24:18.021+0300] {processor.py:208} INFO - Processing /home/airflow/.local/lib/python3.12/site-packages/airflow/example_dags/example_short_circuit_decorator.py took 0.090 seconds
[2024-11-22T19:24:48.521+0300] {processor.py:186} INFO - Started process (PID=931) to work on /home/airflow/.local/lib/python3.12/site-packages/airflow/example_dags/example_short_circuit_decorator.py
[2024-11-22T19:24:48.522+0300] {processor.py:914} INFO - Processing file /home/airflow/.local/lib/python3.12/site-packages/airflow/example_dags/example_short_circuit_decorator.py for tasks to queue
[2024-11-22T19:24:48.524+0300] {logging_mixin.py:190} INFO - [2024-11-22T19:24:48.524+0300] {dagbag.py:588} INFO - Filling up the DagBag from /home/airflow/.local/lib/python3.12/site-packages/airflow/example_dags/example_short_circuit_decorator.py
[2024-11-22T19:24:48.533+0300] {processor.py:925} INFO - DAG(s) 'example_short_circuit_decorator' retrieved from /home/airflow/.local/lib/python3.12/site-packages/airflow/example_dags/example_short_circuit_decorator.py
[2024-11-22T19:24:48.554+0300] {logging_mixin.py:190} INFO - [2024-11-22T19:24:48.554+0300] {dag.py:3239} INFO - Sync 1 DAGs
[2024-11-22T19:24:48.567+0300] {logging_mixin.py:190} INFO - [2024-11-22T19:24:48.566+0300] {dag.py:4180} INFO - Setting next_dagrun for example_short_circuit_decorator to None, run_after=None
[2024-11-22T19:24:48.595+0300] {processor.py:208} INFO - Processing /home/airflow/.local/lib/python3.12/site-packages/airflow/example_dags/example_short_circuit_decorator.py took 0.080 seconds
[2024-11-22T19:25:19.477+0300] {processor.py:186} INFO - Started process (PID=1000) to work on /home/airflow/.local/lib/python3.12/site-packages/airflow/example_dags/example_short_circuit_decorator.py
[2024-11-22T19:25:19.479+0300] {processor.py:914} INFO - Processing file /home/airflow/.local/lib/python3.12/site-packages/airflow/example_dags/example_short_circuit_decorator.py for tasks to queue
[2024-11-22T19:25:19.482+0300] {logging_mixin.py:190} INFO - [2024-11-22T19:25:19.482+0300] {dagbag.py:588} INFO - Filling up the DagBag from /home/airflow/.local/lib/python3.12/site-packages/airflow/example_dags/example_short_circuit_decorator.py
[2024-11-22T19:25:19.493+0300] {processor.py:925} INFO - DAG(s) 'example_short_circuit_decorator' retrieved from /home/airflow/.local/lib/python3.12/site-packages/airflow/example_dags/example_short_circuit_decorator.py
[2024-11-22T19:25:19.518+0300] {logging_mixin.py:190} INFO - [2024-11-22T19:25:19.518+0300] {dag.py:3239} INFO - Sync 1 DAGs
[2024-11-22T19:25:19.530+0300] {logging_mixin.py:190} INFO - [2024-11-22T19:25:19.530+0300] {dag.py:4180} INFO - Setting next_dagrun for example_short_circuit_decorator to None, run_after=None
[2024-11-22T19:25:19.552+0300] {processor.py:208} INFO - Processing /home/airflow/.local/lib/python3.12/site-packages/airflow/example_dags/example_short_circuit_decorator.py took 0.082 seconds
[2024-11-22T19:25:49.993+0300] {processor.py:186} INFO - Started process (PID=1068) to work on /home/airflow/.local/lib/python3.12/site-packages/airflow/example_dags/example_short_circuit_decorator.py
[2024-11-22T19:25:49.995+0300] {processor.py:914} INFO - Processing file /home/airflow/.local/lib/python3.12/site-packages/airflow/example_dags/example_short_circuit_decorator.py for tasks to queue
[2024-11-22T19:25:49.998+0300] {logging_mixin.py:190} INFO - [2024-11-22T19:25:49.998+0300] {dagbag.py:588} INFO - Filling up the DagBag from /home/airflow/.local/lib/python3.12/site-packages/airflow/example_dags/example_short_circuit_decorator.py
[2024-11-22T19:25:50.020+0300] {processor.py:925} INFO - DAG(s) 'example_short_circuit_decorator' retrieved from /home/airflow/.local/lib/python3.12/site-packages/airflow/example_dags/example_short_circuit_decorator.py
[2024-11-22T19:25:50.041+0300] {logging_mixin.py:190} INFO - [2024-11-22T19:25:50.041+0300] {dag.py:3239} INFO - Sync 1 DAGs
[2024-11-22T19:25:50.057+0300] {logging_mixin.py:190} INFO - [2024-11-22T19:25:50.057+0300] {dag.py:4180} INFO - Setting next_dagrun for example_short_circuit_decorator to None, run_after=None
[2024-11-22T19:25:50.074+0300] {processor.py:208} INFO - Processing /home/airflow/.local/lib/python3.12/site-packages/airflow/example_dags/example_short_circuit_decorator.py took 0.104 seconds
[2024-11-22T19:26:20.302+0300] {processor.py:186} INFO - Started process (PID=1137) to work on /home/airflow/.local/lib/python3.12/site-packages/airflow/example_dags/example_short_circuit_decorator.py
[2024-11-22T19:26:20.304+0300] {processor.py:914} INFO - Processing file /home/airflow/.local/lib/python3.12/site-packages/airflow/example_dags/example_short_circuit_decorator.py for tasks to queue
[2024-11-22T19:26:20.307+0300] {logging_mixin.py:190} INFO - [2024-11-22T19:26:20.307+0300] {dagbag.py:588} INFO - Filling up the DagBag from /home/airflow/.local/lib/python3.12/site-packages/airflow/example_dags/example_short_circuit_decorator.py
[2024-11-22T19:26:20.321+0300] {processor.py:925} INFO - DAG(s) 'example_short_circuit_decorator' retrieved from /home/airflow/.local/lib/python3.12/site-packages/airflow/example_dags/example_short_circuit_decorator.py
[2024-11-22T19:26:20.345+0300] {logging_mixin.py:190} INFO - [2024-11-22T19:26:20.345+0300] {dag.py:3239} INFO - Sync 1 DAGs
[2024-11-22T19:26:20.362+0300] {logging_mixin.py:190} INFO - [2024-11-22T19:26:20.362+0300] {dag.py:4180} INFO - Setting next_dagrun for example_short_circuit_decorator to None, run_after=None
[2024-11-22T19:26:20.395+0300] {processor.py:208} INFO - Processing /home/airflow/.local/lib/python3.12/site-packages/airflow/example_dags/example_short_circuit_decorator.py took 0.103 seconds
[2024-11-22T19:26:50.594+0300] {processor.py:186} INFO - Started process (PID=1206) to work on /home/airflow/.local/lib/python3.12/site-packages/airflow/example_dags/example_short_circuit_decorator.py
[2024-11-22T19:26:50.595+0300] {processor.py:914} INFO - Processing file /home/airflow/.local/lib/python3.12/site-packages/airflow/example_dags/example_short_circuit_decorator.py for tasks to queue
[2024-11-22T19:26:50.598+0300] {logging_mixin.py:190} INFO - [2024-11-22T19:26:50.598+0300] {dagbag.py:588} INFO - Filling up the DagBag from /home/airflow/.local/lib/python3.12/site-packages/airflow/example_dags/example_short_circuit_decorator.py
[2024-11-22T19:26:50.608+0300] {processor.py:925} INFO - DAG(s) 'example_short_circuit_decorator' retrieved from /home/airflow/.local/lib/python3.12/site-packages/airflow/example_dags/example_short_circuit_decorator.py
[2024-11-22T19:26:50.633+0300] {logging_mixin.py:190} INFO - [2024-11-22T19:26:50.633+0300] {dag.py:3239} INFO - Sync 1 DAGs
[2024-11-22T19:26:50.646+0300] {logging_mixin.py:190} INFO - [2024-11-22T19:26:50.645+0300] {dag.py:4180} INFO - Setting next_dagrun for example_short_circuit_decorator to None, run_after=None
[2024-11-22T19:26:50.669+0300] {processor.py:208} INFO - Processing /home/airflow/.local/lib/python3.12/site-packages/airflow/example_dags/example_short_circuit_decorator.py took 0.080 seconds
[2024-11-22T19:27:21.313+0300] {processor.py:186} INFO - Started process (PID=1275) to work on /home/airflow/.local/lib/python3.12/site-packages/airflow/example_dags/example_short_circuit_decorator.py
[2024-11-22T19:27:21.314+0300] {processor.py:914} INFO - Processing file /home/airflow/.local/lib/python3.12/site-packages/airflow/example_dags/example_short_circuit_decorator.py for tasks to queue
[2024-11-22T19:27:21.317+0300] {logging_mixin.py:190} INFO - [2024-11-22T19:27:21.316+0300] {dagbag.py:588} INFO - Filling up the DagBag from /home/airflow/.local/lib/python3.12/site-packages/airflow/example_dags/example_short_circuit_decorator.py
[2024-11-22T19:27:21.326+0300] {processor.py:925} INFO - DAG(s) 'example_short_circuit_decorator' retrieved from /home/airflow/.local/lib/python3.12/site-packages/airflow/example_dags/example_short_circuit_decorator.py
[2024-11-22T19:27:21.350+0300] {logging_mixin.py:190} INFO - [2024-11-22T19:27:21.350+0300] {dag.py:3239} INFO - Sync 1 DAGs
[2024-11-22T19:27:21.363+0300] {logging_mixin.py:190} INFO - [2024-11-22T19:27:21.363+0300] {dag.py:4180} INFO - Setting next_dagrun for example_short_circuit_decorator to None, run_after=None
[2024-11-22T19:27:21.399+0300] {processor.py:208} INFO - Processing /home/airflow/.local/lib/python3.12/site-packages/airflow/example_dags/example_short_circuit_decorator.py took 0.092 seconds
[2024-11-22T19:27:51.873+0300] {processor.py:186} INFO - Started process (PID=1344) to work on /home/airflow/.local/lib/python3.12/site-packages/airflow/example_dags/example_short_circuit_decorator.py
[2024-11-22T19:27:51.874+0300] {processor.py:914} INFO - Processing file /home/airflow/.local/lib/python3.12/site-packages/airflow/example_dags/example_short_circuit_decorator.py for tasks to queue
[2024-11-22T19:27:51.878+0300] {logging_mixin.py:190} INFO - [2024-11-22T19:27:51.878+0300] {dagbag.py:588} INFO - Filling up the DagBag from /home/airflow/.local/lib/python3.12/site-packages/airflow/example_dags/example_short_circuit_decorator.py
[2024-11-22T19:27:51.887+0300] {processor.py:925} INFO - DAG(s) 'example_short_circuit_decorator' retrieved from /home/airflow/.local/lib/python3.12/site-packages/airflow/example_dags/example_short_circuit_decorator.py
[2024-11-22T19:27:51.909+0300] {logging_mixin.py:190} INFO - [2024-11-22T19:27:51.909+0300] {dag.py:3239} INFO - Sync 1 DAGs
[2024-11-22T19:27:51.923+0300] {logging_mixin.py:190} INFO - [2024-11-22T19:27:51.923+0300] {dag.py:4180} INFO - Setting next_dagrun for example_short_circuit_decorator to None, run_after=None
[2024-11-22T19:27:51.944+0300] {processor.py:208} INFO - Processing /home/airflow/.local/lib/python3.12/site-packages/airflow/example_dags/example_short_circuit_decorator.py took 0.076 seconds
[2024-11-22T19:28:22.984+0300] {processor.py:186} INFO - Started process (PID=1413) to work on /home/airflow/.local/lib/python3.12/site-packages/airflow/example_dags/example_short_circuit_decorator.py
[2024-11-22T19:28:22.985+0300] {processor.py:914} INFO - Processing file /home/airflow/.local/lib/python3.12/site-packages/airflow/example_dags/example_short_circuit_decorator.py for tasks to queue
[2024-11-22T19:28:22.987+0300] {logging_mixin.py:190} INFO - [2024-11-22T19:28:22.987+0300] {dagbag.py:588} INFO - Filling up the DagBag from /home/airflow/.local/lib/python3.12/site-packages/airflow/example_dags/example_short_circuit_decorator.py
[2024-11-22T19:28:22.995+0300] {processor.py:925} INFO - DAG(s) 'example_short_circuit_decorator' retrieved from /home/airflow/.local/lib/python3.12/site-packages/airflow/example_dags/example_short_circuit_decorator.py
[2024-11-22T19:28:23.013+0300] {logging_mixin.py:190} INFO - [2024-11-22T19:28:23.013+0300] {dag.py:3239} INFO - Sync 1 DAGs
[2024-11-22T19:28:23.026+0300] {logging_mixin.py:190} INFO - [2024-11-22T19:28:23.026+0300] {dag.py:4180} INFO - Setting next_dagrun for example_short_circuit_decorator to None, run_after=None
[2024-11-22T19:28:23.056+0300] {processor.py:208} INFO - Processing /home/airflow/.local/lib/python3.12/site-packages/airflow/example_dags/example_short_circuit_decorator.py took 0.078 seconds
[2024-11-22T19:28:53.824+0300] {processor.py:186} INFO - Started process (PID=1482) to work on /home/airflow/.local/lib/python3.12/site-packages/airflow/example_dags/example_short_circuit_decorator.py
[2024-11-22T19:28:53.826+0300] {processor.py:914} INFO - Processing file /home/airflow/.local/lib/python3.12/site-packages/airflow/example_dags/example_short_circuit_decorator.py for tasks to queue
[2024-11-22T19:28:53.829+0300] {logging_mixin.py:190} INFO - [2024-11-22T19:28:53.829+0300] {dagbag.py:588} INFO - Filling up the DagBag from /home/airflow/.local/lib/python3.12/site-packages/airflow/example_dags/example_short_circuit_decorator.py
[2024-11-22T19:28:53.839+0300] {processor.py:925} INFO - DAG(s) 'example_short_circuit_decorator' retrieved from /home/airflow/.local/lib/python3.12/site-packages/airflow/example_dags/example_short_circuit_decorator.py
[2024-11-22T19:28:53.864+0300] {logging_mixin.py:190} INFO - [2024-11-22T19:28:53.864+0300] {dag.py:3239} INFO - Sync 1 DAGs
[2024-11-22T19:28:53.877+0300] {logging_mixin.py:190} INFO - [2024-11-22T19:28:53.876+0300] {dag.py:4180} INFO - Setting next_dagrun for example_short_circuit_decorator to None, run_after=None
[2024-11-22T19:28:53.894+0300] {processor.py:208} INFO - Processing /home/airflow/.local/lib/python3.12/site-packages/airflow/example_dags/example_short_circuit_decorator.py took 0.076 seconds
[2024-11-22T19:29:24.243+0300] {processor.py:186} INFO - Started process (PID=1551) to work on /home/airflow/.local/lib/python3.12/site-packages/airflow/example_dags/example_short_circuit_decorator.py
[2024-11-22T19:29:24.244+0300] {processor.py:914} INFO - Processing file /home/airflow/.local/lib/python3.12/site-packages/airflow/example_dags/example_short_circuit_decorator.py for tasks to queue
[2024-11-22T19:29:24.247+0300] {logging_mixin.py:190} INFO - [2024-11-22T19:29:24.246+0300] {dagbag.py:588} INFO - Filling up the DagBag from /home/airflow/.local/lib/python3.12/site-packages/airflow/example_dags/example_short_circuit_decorator.py
[2024-11-22T19:29:24.255+0300] {processor.py:925} INFO - DAG(s) 'example_short_circuit_decorator' retrieved from /home/airflow/.local/lib/python3.12/site-packages/airflow/example_dags/example_short_circuit_decorator.py
[2024-11-22T19:29:24.277+0300] {logging_mixin.py:190} INFO - [2024-11-22T19:29:24.276+0300] {dag.py:3239} INFO - Sync 1 DAGs
[2024-11-22T19:29:24.294+0300] {logging_mixin.py:190} INFO - [2024-11-22T19:29:24.293+0300] {dag.py:4180} INFO - Setting next_dagrun for example_short_circuit_decorator to None, run_after=None
[2024-11-22T19:29:24.325+0300] {processor.py:208} INFO - Processing /home/airflow/.local/lib/python3.12/site-packages/airflow/example_dags/example_short_circuit_decorator.py took 0.091 seconds
