[2024-11-22T19:18:43.492+0300] {processor.py:186} INFO - Started process (PID=122) to work on /home/airflow/.local/lib/python3.12/site-packages/airflow/example_dags/example_latest_only_with_trigger.py
[2024-11-22T19:18:43.494+0300] {processor.py:914} INFO - Processing file /home/airflow/.local/lib/python3.12/site-packages/airflow/example_dags/example_latest_only_with_trigger.py for tasks to queue
[2024-11-22T19:18:43.497+0300] {logging_mixin.py:190} INFO - [2024-11-22T19:18:43.497+0300] {dagbag.py:588} INFO - Filling up the DagBag from /home/airflow/.local/lib/python3.12/site-packages/airflow/example_dags/example_latest_only_with_trigger.py
[2024-11-22T19:18:43.509+0300] {processor.py:925} INFO - DAG(s) 'latest_only_with_trigger' retrieved from /home/airflow/.local/lib/python3.12/site-packages/airflow/example_dags/example_latest_only_with_trigger.py
[2024-11-22T19:18:43.538+0300] {logging_mixin.py:190} INFO - [2024-11-22T19:18:43.538+0300] {dag.py:3239} INFO - Sync 1 DAGs
[2024-11-22T19:18:43.566+0300] {logging_mixin.py:190} INFO - [2024-11-22T19:18:43.566+0300] {dag.py:4180} INFO - Setting next_dagrun for latest_only_with_trigger to 2024-11-22 12:00:00+00:00, run_after=2024-11-22 16:00:00+00:00
[2024-11-22T19:18:43.589+0300] {processor.py:208} INFO - Processing /home/airflow/.local/lib/python3.12/site-packages/airflow/example_dags/example_latest_only_with_trigger.py took 0.104 seconds
[2024-11-22T19:19:14.596+0300] {processor.py:186} INFO - Started process (PID=208) to work on /home/airflow/.local/lib/python3.12/site-packages/airflow/example_dags/example_latest_only_with_trigger.py
[2024-11-22T19:19:14.598+0300] {processor.py:914} INFO - Processing file /home/airflow/.local/lib/python3.12/site-packages/airflow/example_dags/example_latest_only_with_trigger.py for tasks to queue
[2024-11-22T19:19:14.601+0300] {logging_mixin.py:190} INFO - [2024-11-22T19:19:14.601+0300] {dagbag.py:588} INFO - Filling up the DagBag from /home/airflow/.local/lib/python3.12/site-packages/airflow/example_dags/example_latest_only_with_trigger.py
[2024-11-22T19:19:14.610+0300] {processor.py:925} INFO - DAG(s) 'latest_only_with_trigger' retrieved from /home/airflow/.local/lib/python3.12/site-packages/airflow/example_dags/example_latest_only_with_trigger.py
[2024-11-22T19:19:14.634+0300] {logging_mixin.py:190} INFO - [2024-11-22T19:19:14.634+0300] {dag.py:3239} INFO - Sync 1 DAGs
[2024-11-22T19:19:14.663+0300] {logging_mixin.py:190} INFO - [2024-11-22T19:19:14.663+0300] {dag.py:4180} INFO - Setting next_dagrun for latest_only_with_trigger to 2024-11-22 12:00:00+00:00, run_after=2024-11-22 16:00:00+00:00
[2024-11-22T19:19:14.704+0300] {processor.py:208} INFO - Processing /home/airflow/.local/lib/python3.12/site-packages/airflow/example_dags/example_latest_only_with_trigger.py took 0.114 seconds
[2024-11-22T19:19:45.776+0300] {processor.py:186} INFO - Started process (PID=277) to work on /home/airflow/.local/lib/python3.12/site-packages/airflow/example_dags/example_latest_only_with_trigger.py
[2024-11-22T19:19:45.777+0300] {processor.py:914} INFO - Processing file /home/airflow/.local/lib/python3.12/site-packages/airflow/example_dags/example_latest_only_with_trigger.py for tasks to queue
[2024-11-22T19:19:45.780+0300] {logging_mixin.py:190} INFO - [2024-11-22T19:19:45.779+0300] {dagbag.py:588} INFO - Filling up the DagBag from /home/airflow/.local/lib/python3.12/site-packages/airflow/example_dags/example_latest_only_with_trigger.py
[2024-11-22T19:19:45.788+0300] {processor.py:925} INFO - DAG(s) 'latest_only_with_trigger' retrieved from /home/airflow/.local/lib/python3.12/site-packages/airflow/example_dags/example_latest_only_with_trigger.py
[2024-11-22T19:19:45.812+0300] {logging_mixin.py:190} INFO - [2024-11-22T19:19:45.812+0300] {dag.py:3239} INFO - Sync 1 DAGs
[2024-11-22T19:19:45.837+0300] {logging_mixin.py:190} INFO - [2024-11-22T19:19:45.836+0300] {dag.py:4180} INFO - Setting next_dagrun for latest_only_with_trigger to 2024-11-22 12:00:00+00:00, run_after=2024-11-22 16:00:00+00:00
[2024-11-22T19:19:45.871+0300] {processor.py:208} INFO - Processing /home/airflow/.local/lib/python3.12/site-packages/airflow/example_dags/example_latest_only_with_trigger.py took 0.101 seconds
[2024-11-22T19:20:15.962+0300] {processor.py:186} INFO - Started process (PID=346) to work on /home/airflow/.local/lib/python3.12/site-packages/airflow/example_dags/example_latest_only_with_trigger.py
[2024-11-22T19:20:15.963+0300] {processor.py:914} INFO - Processing file /home/airflow/.local/lib/python3.12/site-packages/airflow/example_dags/example_latest_only_with_trigger.py for tasks to queue
[2024-11-22T19:20:15.966+0300] {logging_mixin.py:190} INFO - [2024-11-22T19:20:15.965+0300] {dagbag.py:588} INFO - Filling up the DagBag from /home/airflow/.local/lib/python3.12/site-packages/airflow/example_dags/example_latest_only_with_trigger.py
[2024-11-22T19:20:15.975+0300] {processor.py:925} INFO - DAG(s) 'latest_only_with_trigger' retrieved from /home/airflow/.local/lib/python3.12/site-packages/airflow/example_dags/example_latest_only_with_trigger.py
[2024-11-22T19:20:15.997+0300] {logging_mixin.py:190} INFO - [2024-11-22T19:20:15.997+0300] {dag.py:3239} INFO - Sync 1 DAGs
[2024-11-22T19:20:16.023+0300] {logging_mixin.py:190} INFO - [2024-11-22T19:20:16.022+0300] {dag.py:4180} INFO - Setting next_dagrun for latest_only_with_trigger to 2024-11-22 12:00:00+00:00, run_after=2024-11-22 16:00:00+00:00
[2024-11-22T19:20:16.042+0300] {processor.py:208} INFO - Processing /home/airflow/.local/lib/python3.12/site-packages/airflow/example_dags/example_latest_only_with_trigger.py took 0.084 seconds
[2024-11-22T19:20:46.541+0300] {processor.py:186} INFO - Started process (PID=415) to work on /home/airflow/.local/lib/python3.12/site-packages/airflow/example_dags/example_latest_only_with_trigger.py
[2024-11-22T19:20:46.542+0300] {processor.py:914} INFO - Processing file /home/airflow/.local/lib/python3.12/site-packages/airflow/example_dags/example_latest_only_with_trigger.py for tasks to queue
[2024-11-22T19:20:46.545+0300] {logging_mixin.py:190} INFO - [2024-11-22T19:20:46.544+0300] {dagbag.py:588} INFO - Filling up the DagBag from /home/airflow/.local/lib/python3.12/site-packages/airflow/example_dags/example_latest_only_with_trigger.py
[2024-11-22T19:20:46.552+0300] {processor.py:925} INFO - DAG(s) 'latest_only_with_trigger' retrieved from /home/airflow/.local/lib/python3.12/site-packages/airflow/example_dags/example_latest_only_with_trigger.py
[2024-11-22T19:20:46.569+0300] {logging_mixin.py:190} INFO - [2024-11-22T19:20:46.569+0300] {dag.py:3239} INFO - Sync 1 DAGs
[2024-11-22T19:20:46.588+0300] {logging_mixin.py:190} INFO - [2024-11-22T19:20:46.588+0300] {dag.py:4180} INFO - Setting next_dagrun for latest_only_with_trigger to 2024-11-22 12:00:00+00:00, run_after=2024-11-22 16:00:00+00:00
[2024-11-22T19:20:46.622+0300] {processor.py:208} INFO - Processing /home/airflow/.local/lib/python3.12/site-packages/airflow/example_dags/example_latest_only_with_trigger.py took 0.086 seconds
[2024-11-22T19:21:17.771+0300] {processor.py:186} INFO - Started process (PID=484) to work on /home/airflow/.local/lib/python3.12/site-packages/airflow/example_dags/example_latest_only_with_trigger.py
[2024-11-22T19:21:17.772+0300] {processor.py:914} INFO - Processing file /home/airflow/.local/lib/python3.12/site-packages/airflow/example_dags/example_latest_only_with_trigger.py for tasks to queue
[2024-11-22T19:21:17.775+0300] {logging_mixin.py:190} INFO - [2024-11-22T19:21:17.774+0300] {dagbag.py:588} INFO - Filling up the DagBag from /home/airflow/.local/lib/python3.12/site-packages/airflow/example_dags/example_latest_only_with_trigger.py
[2024-11-22T19:21:17.781+0300] {processor.py:925} INFO - DAG(s) 'latest_only_with_trigger' retrieved from /home/airflow/.local/lib/python3.12/site-packages/airflow/example_dags/example_latest_only_with_trigger.py
[2024-11-22T19:21:17.798+0300] {logging_mixin.py:190} INFO - [2024-11-22T19:21:17.798+0300] {dag.py:3239} INFO - Sync 1 DAGs
[2024-11-22T19:21:17.820+0300] {logging_mixin.py:190} INFO - [2024-11-22T19:21:17.820+0300] {dag.py:4180} INFO - Setting next_dagrun for latest_only_with_trigger to 2024-11-22 12:00:00+00:00, run_after=2024-11-22 16:00:00+00:00
[2024-11-22T19:21:17.857+0300] {processor.py:208} INFO - Processing /home/airflow/.local/lib/python3.12/site-packages/airflow/example_dags/example_latest_only_with_trigger.py took 0.090 seconds
[2024-11-22T19:21:48.373+0300] {processor.py:186} INFO - Started process (PID=553) to work on /home/airflow/.local/lib/python3.12/site-packages/airflow/example_dags/example_latest_only_with_trigger.py
[2024-11-22T19:21:48.374+0300] {processor.py:914} INFO - Processing file /home/airflow/.local/lib/python3.12/site-packages/airflow/example_dags/example_latest_only_with_trigger.py for tasks to queue
[2024-11-22T19:21:48.376+0300] {logging_mixin.py:190} INFO - [2024-11-22T19:21:48.376+0300] {dagbag.py:588} INFO - Filling up the DagBag from /home/airflow/.local/lib/python3.12/site-packages/airflow/example_dags/example_latest_only_with_trigger.py
[2024-11-22T19:21:48.383+0300] {processor.py:925} INFO - DAG(s) 'latest_only_with_trigger' retrieved from /home/airflow/.local/lib/python3.12/site-packages/airflow/example_dags/example_latest_only_with_trigger.py
[2024-11-22T19:21:48.399+0300] {logging_mixin.py:190} INFO - [2024-11-22T19:21:48.398+0300] {dag.py:3239} INFO - Sync 1 DAGs
[2024-11-22T19:21:48.420+0300] {logging_mixin.py:190} INFO - [2024-11-22T19:21:48.420+0300] {dag.py:4180} INFO - Setting next_dagrun for latest_only_with_trigger to 2024-11-22 12:00:00+00:00, run_after=2024-11-22 16:00:00+00:00
[2024-11-22T19:21:48.436+0300] {processor.py:208} INFO - Processing /home/airflow/.local/lib/python3.12/site-packages/airflow/example_dags/example_latest_only_with_trigger.py took 0.069 seconds
[2024-11-22T19:22:19.235+0300] {processor.py:186} INFO - Started process (PID=622) to work on /home/airflow/.local/lib/python3.12/site-packages/airflow/example_dags/example_latest_only_with_trigger.py
[2024-11-22T19:22:19.236+0300] {processor.py:914} INFO - Processing file /home/airflow/.local/lib/python3.12/site-packages/airflow/example_dags/example_latest_only_with_trigger.py for tasks to queue
[2024-11-22T19:22:19.239+0300] {logging_mixin.py:190} INFO - [2024-11-22T19:22:19.238+0300] {dagbag.py:588} INFO - Filling up the DagBag from /home/airflow/.local/lib/python3.12/site-packages/airflow/example_dags/example_latest_only_with_trigger.py
[2024-11-22T19:22:19.247+0300] {processor.py:925} INFO - DAG(s) 'latest_only_with_trigger' retrieved from /home/airflow/.local/lib/python3.12/site-packages/airflow/example_dags/example_latest_only_with_trigger.py
[2024-11-22T19:22:19.274+0300] {logging_mixin.py:190} INFO - [2024-11-22T19:22:19.274+0300] {dag.py:3239} INFO - Sync 1 DAGs
[2024-11-22T19:22:19.306+0300] {logging_mixin.py:190} INFO - [2024-11-22T19:22:19.306+0300] {dag.py:4180} INFO - Setting next_dagrun for latest_only_with_trigger to 2024-11-22 12:00:00+00:00, run_after=2024-11-22 16:00:00+00:00
[2024-11-22T19:22:19.329+0300] {processor.py:208} INFO - Processing /home/airflow/.local/lib/python3.12/site-packages/airflow/example_dags/example_latest_only_with_trigger.py took 0.102 seconds
[2024-11-22T19:22:49.513+0300] {processor.py:186} INFO - Started process (PID=691) to work on /home/airflow/.local/lib/python3.12/site-packages/airflow/example_dags/example_latest_only_with_trigger.py
[2024-11-22T19:22:49.514+0300] {processor.py:914} INFO - Processing file /home/airflow/.local/lib/python3.12/site-packages/airflow/example_dags/example_latest_only_with_trigger.py for tasks to queue
[2024-11-22T19:22:49.516+0300] {logging_mixin.py:190} INFO - [2024-11-22T19:22:49.516+0300] {dagbag.py:588} INFO - Filling up the DagBag from /home/airflow/.local/lib/python3.12/site-packages/airflow/example_dags/example_latest_only_with_trigger.py
[2024-11-22T19:22:49.523+0300] {processor.py:925} INFO - DAG(s) 'latest_only_with_trigger' retrieved from /home/airflow/.local/lib/python3.12/site-packages/airflow/example_dags/example_latest_only_with_trigger.py
[2024-11-22T19:22:49.541+0300] {logging_mixin.py:190} INFO - [2024-11-22T19:22:49.541+0300] {dag.py:3239} INFO - Sync 1 DAGs
[2024-11-22T19:22:49.561+0300] {logging_mixin.py:190} INFO - [2024-11-22T19:22:49.561+0300] {dag.py:4180} INFO - Setting next_dagrun for latest_only_with_trigger to 2024-11-22 12:00:00+00:00, run_after=2024-11-22 16:00:00+00:00
[2024-11-22T19:22:49.580+0300] {processor.py:208} INFO - Processing /home/airflow/.local/lib/python3.12/site-packages/airflow/example_dags/example_latest_only_with_trigger.py took 0.073 seconds
[2024-11-22T19:23:20.371+0300] {processor.py:186} INFO - Started process (PID=760) to work on /home/airflow/.local/lib/python3.12/site-packages/airflow/example_dags/example_latest_only_with_trigger.py
[2024-11-22T19:23:20.372+0300] {processor.py:914} INFO - Processing file /home/airflow/.local/lib/python3.12/site-packages/airflow/example_dags/example_latest_only_with_trigger.py for tasks to queue
[2024-11-22T19:23:20.374+0300] {logging_mixin.py:190} INFO - [2024-11-22T19:23:20.374+0300] {dagbag.py:588} INFO - Filling up the DagBag from /home/airflow/.local/lib/python3.12/site-packages/airflow/example_dags/example_latest_only_with_trigger.py
[2024-11-22T19:23:20.381+0300] {processor.py:925} INFO - DAG(s) 'latest_only_with_trigger' retrieved from /home/airflow/.local/lib/python3.12/site-packages/airflow/example_dags/example_latest_only_with_trigger.py
[2024-11-22T19:23:20.401+0300] {logging_mixin.py:190} INFO - [2024-11-22T19:23:20.401+0300] {dag.py:3239} INFO - Sync 1 DAGs
[2024-11-22T19:23:20.430+0300] {logging_mixin.py:190} INFO - [2024-11-22T19:23:20.430+0300] {dag.py:4180} INFO - Setting next_dagrun for latest_only_with_trigger to 2024-11-22 12:00:00+00:00, run_after=2024-11-22 16:00:00+00:00
[2024-11-22T19:23:20.448+0300] {processor.py:208} INFO - Processing /home/airflow/.local/lib/python3.12/site-packages/airflow/example_dags/example_latest_only_with_trigger.py took 0.082 seconds
[2024-11-22T19:23:50.615+0300] {processor.py:186} INFO - Started process (PID=829) to work on /home/airflow/.local/lib/python3.12/site-packages/airflow/example_dags/example_latest_only_with_trigger.py
[2024-11-22T19:23:50.616+0300] {processor.py:914} INFO - Processing file /home/airflow/.local/lib/python3.12/site-packages/airflow/example_dags/example_latest_only_with_trigger.py for tasks to queue
[2024-11-22T19:23:50.619+0300] {logging_mixin.py:190} INFO - [2024-11-22T19:23:50.618+0300] {dagbag.py:588} INFO - Filling up the DagBag from /home/airflow/.local/lib/python3.12/site-packages/airflow/example_dags/example_latest_only_with_trigger.py
[2024-11-22T19:23:50.626+0300] {processor.py:925} INFO - DAG(s) 'latest_only_with_trigger' retrieved from /home/airflow/.local/lib/python3.12/site-packages/airflow/example_dags/example_latest_only_with_trigger.py
[2024-11-22T19:23:50.645+0300] {logging_mixin.py:190} INFO - [2024-11-22T19:23:50.644+0300] {dag.py:3239} INFO - Sync 1 DAGs
[2024-11-22T19:23:50.667+0300] {logging_mixin.py:190} INFO - [2024-11-22T19:23:50.667+0300] {dag.py:4180} INFO - Setting next_dagrun for latest_only_with_trigger to 2024-11-22 12:00:00+00:00, run_after=2024-11-22 16:00:00+00:00
[2024-11-22T19:23:50.686+0300] {processor.py:208} INFO - Processing /home/airflow/.local/lib/python3.12/site-packages/airflow/example_dags/example_latest_only_with_trigger.py took 0.075 seconds
[2024-11-22T19:24:21.637+0300] {processor.py:186} INFO - Started process (PID=898) to work on /home/airflow/.local/lib/python3.12/site-packages/airflow/example_dags/example_latest_only_with_trigger.py
[2024-11-22T19:24:21.639+0300] {processor.py:914} INFO - Processing file /home/airflow/.local/lib/python3.12/site-packages/airflow/example_dags/example_latest_only_with_trigger.py for tasks to queue
[2024-11-22T19:24:21.641+0300] {logging_mixin.py:190} INFO - [2024-11-22T19:24:21.640+0300] {dagbag.py:588} INFO - Filling up the DagBag from /home/airflow/.local/lib/python3.12/site-packages/airflow/example_dags/example_latest_only_with_trigger.py
[2024-11-22T19:24:21.647+0300] {processor.py:925} INFO - DAG(s) 'latest_only_with_trigger' retrieved from /home/airflow/.local/lib/python3.12/site-packages/airflow/example_dags/example_latest_only_with_trigger.py
[2024-11-22T19:24:21.664+0300] {logging_mixin.py:190} INFO - [2024-11-22T19:24:21.664+0300] {dag.py:3239} INFO - Sync 1 DAGs
[2024-11-22T19:24:21.686+0300] {logging_mixin.py:190} INFO - [2024-11-22T19:24:21.686+0300] {dag.py:4180} INFO - Setting next_dagrun for latest_only_with_trigger to 2024-11-22 12:00:00+00:00, run_after=2024-11-22 16:00:00+00:00
[2024-11-22T19:24:21.702+0300] {processor.py:208} INFO - Processing /home/airflow/.local/lib/python3.12/site-packages/airflow/example_dags/example_latest_only_with_trigger.py took 0.070 seconds
[2024-11-22T19:24:52.586+0300] {processor.py:186} INFO - Started process (PID=967) to work on /home/airflow/.local/lib/python3.12/site-packages/airflow/example_dags/example_latest_only_with_trigger.py
[2024-11-22T19:24:52.587+0300] {processor.py:914} INFO - Processing file /home/airflow/.local/lib/python3.12/site-packages/airflow/example_dags/example_latest_only_with_trigger.py for tasks to queue
[2024-11-22T19:24:52.590+0300] {logging_mixin.py:190} INFO - [2024-11-22T19:24:52.590+0300] {dagbag.py:588} INFO - Filling up the DagBag from /home/airflow/.local/lib/python3.12/site-packages/airflow/example_dags/example_latest_only_with_trigger.py
[2024-11-22T19:24:52.597+0300] {processor.py:925} INFO - DAG(s) 'latest_only_with_trigger' retrieved from /home/airflow/.local/lib/python3.12/site-packages/airflow/example_dags/example_latest_only_with_trigger.py
[2024-11-22T19:24:52.616+0300] {logging_mixin.py:190} INFO - [2024-11-22T19:24:52.616+0300] {dag.py:3239} INFO - Sync 1 DAGs
[2024-11-22T19:24:52.639+0300] {logging_mixin.py:190} INFO - [2024-11-22T19:24:52.639+0300] {dag.py:4180} INFO - Setting next_dagrun for latest_only_with_trigger to 2024-11-22 12:00:00+00:00, run_after=2024-11-22 16:00:00+00:00
[2024-11-22T19:24:52.678+0300] {processor.py:208} INFO - Processing /home/airflow/.local/lib/python3.12/site-packages/airflow/example_dags/example_latest_only_with_trigger.py took 0.097 seconds
[2024-11-22T19:25:23.206+0300] {processor.py:186} INFO - Started process (PID=1036) to work on /home/airflow/.local/lib/python3.12/site-packages/airflow/example_dags/example_latest_only_with_trigger.py
[2024-11-22T19:25:23.207+0300] {processor.py:914} INFO - Processing file /home/airflow/.local/lib/python3.12/site-packages/airflow/example_dags/example_latest_only_with_trigger.py for tasks to queue
[2024-11-22T19:25:23.210+0300] {logging_mixin.py:190} INFO - [2024-11-22T19:25:23.209+0300] {dagbag.py:588} INFO - Filling up the DagBag from /home/airflow/.local/lib/python3.12/site-packages/airflow/example_dags/example_latest_only_with_trigger.py
[2024-11-22T19:25:23.217+0300] {processor.py:925} INFO - DAG(s) 'latest_only_with_trigger' retrieved from /home/airflow/.local/lib/python3.12/site-packages/airflow/example_dags/example_latest_only_with_trigger.py
[2024-11-22T19:25:23.237+0300] {logging_mixin.py:190} INFO - [2024-11-22T19:25:23.237+0300] {dag.py:3239} INFO - Sync 1 DAGs
[2024-11-22T19:25:23.258+0300] {logging_mixin.py:190} INFO - [2024-11-22T19:25:23.258+0300] {dag.py:4180} INFO - Setting next_dagrun for latest_only_with_trigger to 2024-11-22 12:00:00+00:00, run_after=2024-11-22 16:00:00+00:00
[2024-11-22T19:25:23.280+0300] {processor.py:208} INFO - Processing /home/airflow/.local/lib/python3.12/site-packages/airflow/example_dags/example_latest_only_with_trigger.py took 0.081 seconds
[2024-11-22T19:25:53.514+0300] {processor.py:186} INFO - Started process (PID=1105) to work on /home/airflow/.local/lib/python3.12/site-packages/airflow/example_dags/example_latest_only_with_trigger.py
[2024-11-22T19:25:53.515+0300] {processor.py:914} INFO - Processing file /home/airflow/.local/lib/python3.12/site-packages/airflow/example_dags/example_latest_only_with_trigger.py for tasks to queue
[2024-11-22T19:25:53.517+0300] {logging_mixin.py:190} INFO - [2024-11-22T19:25:53.517+0300] {dagbag.py:588} INFO - Filling up the DagBag from /home/airflow/.local/lib/python3.12/site-packages/airflow/example_dags/example_latest_only_with_trigger.py
[2024-11-22T19:25:53.524+0300] {processor.py:925} INFO - DAG(s) 'latest_only_with_trigger' retrieved from /home/airflow/.local/lib/python3.12/site-packages/airflow/example_dags/example_latest_only_with_trigger.py
[2024-11-22T19:25:53.550+0300] {logging_mixin.py:190} INFO - [2024-11-22T19:25:53.550+0300] {dag.py:3239} INFO - Sync 1 DAGs
[2024-11-22T19:25:53.571+0300] {logging_mixin.py:190} INFO - [2024-11-22T19:25:53.571+0300] {dag.py:4180} INFO - Setting next_dagrun for latest_only_with_trigger to 2024-11-22 12:00:00+00:00, run_after=2024-11-22 16:00:00+00:00
[2024-11-22T19:25:53.588+0300] {processor.py:208} INFO - Processing /home/airflow/.local/lib/python3.12/site-packages/airflow/example_dags/example_latest_only_with_trigger.py took 0.080 seconds
[2024-11-22T19:26:24.023+0300] {processor.py:186} INFO - Started process (PID=1174) to work on /home/airflow/.local/lib/python3.12/site-packages/airflow/example_dags/example_latest_only_with_trigger.py
[2024-11-22T19:26:24.024+0300] {processor.py:914} INFO - Processing file /home/airflow/.local/lib/python3.12/site-packages/airflow/example_dags/example_latest_only_with_trigger.py for tasks to queue
[2024-11-22T19:26:24.027+0300] {logging_mixin.py:190} INFO - [2024-11-22T19:26:24.026+0300] {dagbag.py:588} INFO - Filling up the DagBag from /home/airflow/.local/lib/python3.12/site-packages/airflow/example_dags/example_latest_only_with_trigger.py
[2024-11-22T19:26:24.034+0300] {processor.py:925} INFO - DAG(s) 'latest_only_with_trigger' retrieved from /home/airflow/.local/lib/python3.12/site-packages/airflow/example_dags/example_latest_only_with_trigger.py
[2024-11-22T19:26:24.056+0300] {logging_mixin.py:190} INFO - [2024-11-22T19:26:24.056+0300] {dag.py:3239} INFO - Sync 1 DAGs
[2024-11-22T19:26:24.078+0300] {logging_mixin.py:190} INFO - [2024-11-22T19:26:24.077+0300] {dag.py:4180} INFO - Setting next_dagrun for latest_only_with_trigger to 2024-11-22 12:00:00+00:00, run_after=2024-11-22 16:00:00+00:00
[2024-11-22T19:26:24.114+0300] {processor.py:208} INFO - Processing /home/airflow/.local/lib/python3.12/site-packages/airflow/example_dags/example_latest_only_with_trigger.py took 0.097 seconds
[2024-11-22T19:26:56.145+0300] {processor.py:186} INFO - Started process (PID=1243) to work on /home/airflow/.local/lib/python3.12/site-packages/airflow/example_dags/example_latest_only_with_trigger.py
[2024-11-22T19:26:56.146+0300] {processor.py:914} INFO - Processing file /home/airflow/.local/lib/python3.12/site-packages/airflow/example_dags/example_latest_only_with_trigger.py for tasks to queue
[2024-11-22T19:26:56.148+0300] {logging_mixin.py:190} INFO - [2024-11-22T19:26:56.148+0300] {dagbag.py:588} INFO - Filling up the DagBag from /home/airflow/.local/lib/python3.12/site-packages/airflow/example_dags/example_latest_only_with_trigger.py
[2024-11-22T19:26:56.155+0300] {processor.py:925} INFO - DAG(s) 'latest_only_with_trigger' retrieved from /home/airflow/.local/lib/python3.12/site-packages/airflow/example_dags/example_latest_only_with_trigger.py
[2024-11-22T19:26:56.173+0300] {logging_mixin.py:190} INFO - [2024-11-22T19:26:56.172+0300] {dag.py:3239} INFO - Sync 1 DAGs
[2024-11-22T19:26:56.193+0300] {logging_mixin.py:190} INFO - [2024-11-22T19:26:56.193+0300] {dag.py:4180} INFO - Setting next_dagrun for latest_only_with_trigger to 2024-11-22 12:00:00+00:00, run_after=2024-11-22 16:00:00+00:00
[2024-11-22T19:26:56.213+0300] {processor.py:208} INFO - Processing /home/airflow/.local/lib/python3.12/site-packages/airflow/example_dags/example_latest_only_with_trigger.py took 0.073 seconds
[2024-11-22T19:27:26.589+0300] {processor.py:186} INFO - Started process (PID=1312) to work on /home/airflow/.local/lib/python3.12/site-packages/airflow/example_dags/example_latest_only_with_trigger.py
[2024-11-22T19:27:26.590+0300] {processor.py:914} INFO - Processing file /home/airflow/.local/lib/python3.12/site-packages/airflow/example_dags/example_latest_only_with_trigger.py for tasks to queue
[2024-11-22T19:27:26.592+0300] {logging_mixin.py:190} INFO - [2024-11-22T19:27:26.592+0300] {dagbag.py:588} INFO - Filling up the DagBag from /home/airflow/.local/lib/python3.12/site-packages/airflow/example_dags/example_latest_only_with_trigger.py
[2024-11-22T19:27:26.599+0300] {processor.py:925} INFO - DAG(s) 'latest_only_with_trigger' retrieved from /home/airflow/.local/lib/python3.12/site-packages/airflow/example_dags/example_latest_only_with_trigger.py
[2024-11-22T19:27:26.616+0300] {logging_mixin.py:190} INFO - [2024-11-22T19:27:26.616+0300] {dag.py:3239} INFO - Sync 1 DAGs
[2024-11-22T19:27:26.635+0300] {logging_mixin.py:190} INFO - [2024-11-22T19:27:26.635+0300] {dag.py:4180} INFO - Setting next_dagrun for latest_only_with_trigger to 2024-11-22 12:00:00+00:00, run_after=2024-11-22 16:00:00+00:00
[2024-11-22T19:27:26.651+0300] {processor.py:208} INFO - Processing /home/airflow/.local/lib/python3.12/site-packages/airflow/example_dags/example_latest_only_with_trigger.py took 0.067 seconds
[2024-11-22T19:27:57.291+0300] {processor.py:186} INFO - Started process (PID=1381) to work on /home/airflow/.local/lib/python3.12/site-packages/airflow/example_dags/example_latest_only_with_trigger.py
[2024-11-22T19:27:57.292+0300] {processor.py:914} INFO - Processing file /home/airflow/.local/lib/python3.12/site-packages/airflow/example_dags/example_latest_only_with_trigger.py for tasks to queue
[2024-11-22T19:27:57.295+0300] {logging_mixin.py:190} INFO - [2024-11-22T19:27:57.294+0300] {dagbag.py:588} INFO - Filling up the DagBag from /home/airflow/.local/lib/python3.12/site-packages/airflow/example_dags/example_latest_only_with_trigger.py
[2024-11-22T19:27:57.302+0300] {processor.py:925} INFO - DAG(s) 'latest_only_with_trigger' retrieved from /home/airflow/.local/lib/python3.12/site-packages/airflow/example_dags/example_latest_only_with_trigger.py
[2024-11-22T19:27:57.320+0300] {logging_mixin.py:190} INFO - [2024-11-22T19:27:57.320+0300] {dag.py:3239} INFO - Sync 1 DAGs
[2024-11-22T19:27:57.340+0300] {logging_mixin.py:190} INFO - [2024-11-22T19:27:57.340+0300] {dag.py:4180} INFO - Setting next_dagrun for latest_only_with_trigger to 2024-11-22 12:00:00+00:00, run_after=2024-11-22 16:00:00+00:00
[2024-11-22T19:27:57.356+0300] {processor.py:208} INFO - Processing /home/airflow/.local/lib/python3.12/site-packages/airflow/example_dags/example_latest_only_with_trigger.py took 0.070 seconds
[2024-11-22T19:28:28.388+0300] {processor.py:186} INFO - Started process (PID=1450) to work on /home/airflow/.local/lib/python3.12/site-packages/airflow/example_dags/example_latest_only_with_trigger.py
[2024-11-22T19:28:28.389+0300] {processor.py:914} INFO - Processing file /home/airflow/.local/lib/python3.12/site-packages/airflow/example_dags/example_latest_only_with_trigger.py for tasks to queue
[2024-11-22T19:28:28.392+0300] {logging_mixin.py:190} INFO - [2024-11-22T19:28:28.392+0300] {dagbag.py:588} INFO - Filling up the DagBag from /home/airflow/.local/lib/python3.12/site-packages/airflow/example_dags/example_latest_only_with_trigger.py
[2024-11-22T19:28:28.402+0300] {processor.py:925} INFO - DAG(s) 'latest_only_with_trigger' retrieved from /home/airflow/.local/lib/python3.12/site-packages/airflow/example_dags/example_latest_only_with_trigger.py
[2024-11-22T19:28:28.425+0300] {logging_mixin.py:190} INFO - [2024-11-22T19:28:28.425+0300] {dag.py:3239} INFO - Sync 1 DAGs
[2024-11-22T19:28:28.446+0300] {logging_mixin.py:190} INFO - [2024-11-22T19:28:28.446+0300] {dag.py:4180} INFO - Setting next_dagrun for latest_only_with_trigger to 2024-11-22 12:00:00+00:00, run_after=2024-11-22 16:00:00+00:00
[2024-11-22T19:28:28.467+0300] {processor.py:208} INFO - Processing /home/airflow/.local/lib/python3.12/site-packages/airflow/example_dags/example_latest_only_with_trigger.py took 0.084 seconds
[2024-11-22T19:28:59.309+0300] {processor.py:186} INFO - Started process (PID=1519) to work on /home/airflow/.local/lib/python3.12/site-packages/airflow/example_dags/example_latest_only_with_trigger.py
[2024-11-22T19:28:59.310+0300] {processor.py:914} INFO - Processing file /home/airflow/.local/lib/python3.12/site-packages/airflow/example_dags/example_latest_only_with_trigger.py for tasks to queue
[2024-11-22T19:28:59.314+0300] {logging_mixin.py:190} INFO - [2024-11-22T19:28:59.313+0300] {dagbag.py:588} INFO - Filling up the DagBag from /home/airflow/.local/lib/python3.12/site-packages/airflow/example_dags/example_latest_only_with_trigger.py
[2024-11-22T19:28:59.323+0300] {processor.py:925} INFO - DAG(s) 'latest_only_with_trigger' retrieved from /home/airflow/.local/lib/python3.12/site-packages/airflow/example_dags/example_latest_only_with_trigger.py
[2024-11-22T19:28:59.357+0300] {logging_mixin.py:190} INFO - [2024-11-22T19:28:59.356+0300] {dag.py:3239} INFO - Sync 1 DAGs
[2024-11-22T19:28:59.392+0300] {logging_mixin.py:190} INFO - [2024-11-22T19:28:59.392+0300] {dag.py:4180} INFO - Setting next_dagrun for latest_only_with_trigger to 2024-11-22 12:00:00+00:00, run_after=2024-11-22 16:00:00+00:00
[2024-11-22T19:28:59.422+0300] {processor.py:208} INFO - Processing /home/airflow/.local/lib/python3.12/site-packages/airflow/example_dags/example_latest_only_with_trigger.py took 0.119 seconds
[2024-11-22T19:29:29.655+0300] {processor.py:186} INFO - Started process (PID=1588) to work on /home/airflow/.local/lib/python3.12/site-packages/airflow/example_dags/example_latest_only_with_trigger.py
[2024-11-22T19:29:29.656+0300] {processor.py:914} INFO - Processing file /home/airflow/.local/lib/python3.12/site-packages/airflow/example_dags/example_latest_only_with_trigger.py for tasks to queue
[2024-11-22T19:29:29.658+0300] {logging_mixin.py:190} INFO - [2024-11-22T19:29:29.658+0300] {dagbag.py:588} INFO - Filling up the DagBag from /home/airflow/.local/lib/python3.12/site-packages/airflow/example_dags/example_latest_only_with_trigger.py
[2024-11-22T19:29:29.664+0300] {processor.py:925} INFO - DAG(s) 'latest_only_with_trigger' retrieved from /home/airflow/.local/lib/python3.12/site-packages/airflow/example_dags/example_latest_only_with_trigger.py
[2024-11-22T19:29:29.682+0300] {logging_mixin.py:190} INFO - [2024-11-22T19:29:29.681+0300] {dag.py:3239} INFO - Sync 1 DAGs
[2024-11-22T19:29:29.703+0300] {logging_mixin.py:190} INFO - [2024-11-22T19:29:29.703+0300] {dag.py:4180} INFO - Setting next_dagrun for latest_only_with_trigger to 2024-11-22 12:00:00+00:00, run_after=2024-11-22 16:00:00+00:00
[2024-11-22T19:29:29.719+0300] {processor.py:208} INFO - Processing /home/airflow/.local/lib/python3.12/site-packages/airflow/example_dags/example_latest_only_with_trigger.py took 0.069 seconds
