[2024-11-22T19:18:40.638+0300] {processor.py:186} INFO - Started process (PID=96) to work on /home/airflow/.local/lib/python3.12/site-packages/airflow/example_dags/example_python_decorator.py
[2024-11-22T19:18:40.640+0300] {processor.py:914} INFO - Processing file /home/airflow/.local/lib/python3.12/site-packages/airflow/example_dags/example_python_decorator.py for tasks to queue
[2024-11-22T19:18:40.642+0300] {logging_mixin.py:190} INFO - [2024-11-22T19:18:40.642+0300] {dagbag.py:588} INFO - Filling up the DagBag from /home/airflow/.local/lib/python3.12/site-packages/airflow/example_dags/example_python_decorator.py
[2024-11-22T19:18:40.665+0300] {processor.py:925} INFO - DAG(s) 'example_python_decorator' retrieved from /home/airflow/.local/lib/python3.12/site-packages/airflow/example_dags/example_python_decorator.py
[2024-11-22T19:18:40.836+0300] {logging_mixin.py:190} INFO - [2024-11-22T19:18:40.835+0300] {dag.py:3239} INFO - Sync 1 DAGs
[2024-11-22T19:18:40.853+0300] {logging_mixin.py:190} INFO - [2024-11-22T19:18:40.852+0300] {dag.py:4180} INFO - Setting next_dagrun for example_python_decorator to None, run_after=None
[2024-11-22T19:18:40.889+0300] {processor.py:208} INFO - Processing /home/airflow/.local/lib/python3.12/site-packages/airflow/example_dags/example_python_decorator.py took 0.259 seconds
[2024-11-22T19:19:11.056+0300] {processor.py:186} INFO - Started process (PID=182) to work on /home/airflow/.local/lib/python3.12/site-packages/airflow/example_dags/example_python_decorator.py
[2024-11-22T19:19:11.057+0300] {processor.py:914} INFO - Processing file /home/airflow/.local/lib/python3.12/site-packages/airflow/example_dags/example_python_decorator.py for tasks to queue
[2024-11-22T19:19:11.060+0300] {logging_mixin.py:190} INFO - [2024-11-22T19:19:11.059+0300] {dagbag.py:588} INFO - Filling up the DagBag from /home/airflow/.local/lib/python3.12/site-packages/airflow/example_dags/example_python_decorator.py
[2024-11-22T19:19:11.070+0300] {processor.py:925} INFO - DAG(s) 'example_python_decorator' retrieved from /home/airflow/.local/lib/python3.12/site-packages/airflow/example_dags/example_python_decorator.py
[2024-11-22T19:19:11.095+0300] {logging_mixin.py:190} INFO - [2024-11-22T19:19:11.095+0300] {dag.py:3239} INFO - Sync 1 DAGs
[2024-11-22T19:19:11.107+0300] {logging_mixin.py:190} INFO - [2024-11-22T19:19:11.107+0300] {dag.py:4180} INFO - Setting next_dagrun for example_python_decorator to None, run_after=None
[2024-11-22T19:19:11.142+0300] {processor.py:208} INFO - Processing /home/airflow/.local/lib/python3.12/site-packages/airflow/example_dags/example_python_decorator.py took 0.091 seconds
[2024-11-22T19:19:41.569+0300] {processor.py:186} INFO - Started process (PID=251) to work on /home/airflow/.local/lib/python3.12/site-packages/airflow/example_dags/example_python_decorator.py
[2024-11-22T19:19:41.570+0300] {processor.py:914} INFO - Processing file /home/airflow/.local/lib/python3.12/site-packages/airflow/example_dags/example_python_decorator.py for tasks to queue
[2024-11-22T19:19:41.574+0300] {logging_mixin.py:190} INFO - [2024-11-22T19:19:41.574+0300] {dagbag.py:588} INFO - Filling up the DagBag from /home/airflow/.local/lib/python3.12/site-packages/airflow/example_dags/example_python_decorator.py
[2024-11-22T19:19:41.590+0300] {processor.py:925} INFO - DAG(s) 'example_python_decorator' retrieved from /home/airflow/.local/lib/python3.12/site-packages/airflow/example_dags/example_python_decorator.py
[2024-11-22T19:19:41.617+0300] {logging_mixin.py:190} INFO - [2024-11-22T19:19:41.616+0300] {dag.py:3239} INFO - Sync 1 DAGs
[2024-11-22T19:19:41.633+0300] {logging_mixin.py:190} INFO - [2024-11-22T19:19:41.632+0300] {dag.py:4180} INFO - Setting next_dagrun for example_python_decorator to None, run_after=None
[2024-11-22T19:19:41.657+0300] {processor.py:208} INFO - Processing /home/airflow/.local/lib/python3.12/site-packages/airflow/example_dags/example_python_decorator.py took 0.094 seconds
[2024-11-22T19:20:12.831+0300] {processor.py:186} INFO - Started process (PID=320) to work on /home/airflow/.local/lib/python3.12/site-packages/airflow/example_dags/example_python_decorator.py
[2024-11-22T19:20:12.832+0300] {processor.py:914} INFO - Processing file /home/airflow/.local/lib/python3.12/site-packages/airflow/example_dags/example_python_decorator.py for tasks to queue
[2024-11-22T19:20:12.835+0300] {logging_mixin.py:190} INFO - [2024-11-22T19:20:12.834+0300] {dagbag.py:588} INFO - Filling up the DagBag from /home/airflow/.local/lib/python3.12/site-packages/airflow/example_dags/example_python_decorator.py
[2024-11-22T19:20:12.846+0300] {processor.py:925} INFO - DAG(s) 'example_python_decorator' retrieved from /home/airflow/.local/lib/python3.12/site-packages/airflow/example_dags/example_python_decorator.py
[2024-11-22T19:20:12.868+0300] {logging_mixin.py:190} INFO - [2024-11-22T19:20:12.868+0300] {dag.py:3239} INFO - Sync 1 DAGs
[2024-11-22T19:20:12.880+0300] {logging_mixin.py:190} INFO - [2024-11-22T19:20:12.880+0300] {dag.py:4180} INFO - Setting next_dagrun for example_python_decorator to None, run_after=None
[2024-11-22T19:20:12.900+0300] {processor.py:208} INFO - Processing /home/airflow/.local/lib/python3.12/site-packages/airflow/example_dags/example_python_decorator.py took 0.077 seconds
[2024-11-22T19:20:43.579+0300] {processor.py:186} INFO - Started process (PID=389) to work on /home/airflow/.local/lib/python3.12/site-packages/airflow/example_dags/example_python_decorator.py
[2024-11-22T19:20:43.580+0300] {processor.py:914} INFO - Processing file /home/airflow/.local/lib/python3.12/site-packages/airflow/example_dags/example_python_decorator.py for tasks to queue
[2024-11-22T19:20:43.582+0300] {logging_mixin.py:190} INFO - [2024-11-22T19:20:43.582+0300] {dagbag.py:588} INFO - Filling up the DagBag from /home/airflow/.local/lib/python3.12/site-packages/airflow/example_dags/example_python_decorator.py
[2024-11-22T19:20:43.597+0300] {processor.py:925} INFO - DAG(s) 'example_python_decorator' retrieved from /home/airflow/.local/lib/python3.12/site-packages/airflow/example_dags/example_python_decorator.py
[2024-11-22T19:20:43.617+0300] {logging_mixin.py:190} INFO - [2024-11-22T19:20:43.617+0300] {dag.py:3239} INFO - Sync 1 DAGs
[2024-11-22T19:20:43.629+0300] {logging_mixin.py:190} INFO - [2024-11-22T19:20:43.629+0300] {dag.py:4180} INFO - Setting next_dagrun for example_python_decorator to None, run_after=None
[2024-11-22T19:20:43.661+0300] {processor.py:208} INFO - Processing /home/airflow/.local/lib/python3.12/site-packages/airflow/example_dags/example_python_decorator.py took 0.087 seconds
[2024-11-22T19:21:14.227+0300] {processor.py:186} INFO - Started process (PID=458) to work on /home/airflow/.local/lib/python3.12/site-packages/airflow/example_dags/example_python_decorator.py
[2024-11-22T19:21:14.228+0300] {processor.py:914} INFO - Processing file /home/airflow/.local/lib/python3.12/site-packages/airflow/example_dags/example_python_decorator.py for tasks to queue
[2024-11-22T19:21:14.230+0300] {logging_mixin.py:190} INFO - [2024-11-22T19:21:14.230+0300] {dagbag.py:588} INFO - Filling up the DagBag from /home/airflow/.local/lib/python3.12/site-packages/airflow/example_dags/example_python_decorator.py
[2024-11-22T19:21:14.246+0300] {processor.py:925} INFO - DAG(s) 'example_python_decorator' retrieved from /home/airflow/.local/lib/python3.12/site-packages/airflow/example_dags/example_python_decorator.py
[2024-11-22T19:21:14.266+0300] {logging_mixin.py:190} INFO - [2024-11-22T19:21:14.266+0300] {dag.py:3239} INFO - Sync 1 DAGs
[2024-11-22T19:21:14.280+0300] {logging_mixin.py:190} INFO - [2024-11-22T19:21:14.279+0300] {dag.py:4180} INFO - Setting next_dagrun for example_python_decorator to None, run_after=None
[2024-11-22T19:21:14.299+0300] {processor.py:208} INFO - Processing /home/airflow/.local/lib/python3.12/site-packages/airflow/example_dags/example_python_decorator.py took 0.078 seconds
[2024-11-22T19:21:44.981+0300] {processor.py:186} INFO - Started process (PID=527) to work on /home/airflow/.local/lib/python3.12/site-packages/airflow/example_dags/example_python_decorator.py
[2024-11-22T19:21:44.982+0300] {processor.py:914} INFO - Processing file /home/airflow/.local/lib/python3.12/site-packages/airflow/example_dags/example_python_decorator.py for tasks to queue
[2024-11-22T19:21:44.985+0300] {logging_mixin.py:190} INFO - [2024-11-22T19:21:44.984+0300] {dagbag.py:588} INFO - Filling up the DagBag from /home/airflow/.local/lib/python3.12/site-packages/airflow/example_dags/example_python_decorator.py
[2024-11-22T19:21:45.001+0300] {processor.py:925} INFO - DAG(s) 'example_python_decorator' retrieved from /home/airflow/.local/lib/python3.12/site-packages/airflow/example_dags/example_python_decorator.py
[2024-11-22T19:21:45.030+0300] {logging_mixin.py:190} INFO - [2024-11-22T19:21:45.030+0300] {dag.py:3239} INFO - Sync 1 DAGs
[2024-11-22T19:21:45.048+0300] {logging_mixin.py:190} INFO - [2024-11-22T19:21:45.048+0300] {dag.py:4180} INFO - Setting next_dagrun for example_python_decorator to None, run_after=None
[2024-11-22T19:21:45.087+0300] {processor.py:208} INFO - Processing /home/airflow/.local/lib/python3.12/site-packages/airflow/example_dags/example_python_decorator.py took 0.116 seconds
[2024-11-22T19:22:15.764+0300] {processor.py:186} INFO - Started process (PID=596) to work on /home/airflow/.local/lib/python3.12/site-packages/airflow/example_dags/example_python_decorator.py
[2024-11-22T19:22:15.765+0300] {processor.py:914} INFO - Processing file /home/airflow/.local/lib/python3.12/site-packages/airflow/example_dags/example_python_decorator.py for tasks to queue
[2024-11-22T19:22:15.767+0300] {logging_mixin.py:190} INFO - [2024-11-22T19:22:15.767+0300] {dagbag.py:588} INFO - Filling up the DagBag from /home/airflow/.local/lib/python3.12/site-packages/airflow/example_dags/example_python_decorator.py
[2024-11-22T19:22:15.784+0300] {processor.py:925} INFO - DAG(s) 'example_python_decorator' retrieved from /home/airflow/.local/lib/python3.12/site-packages/airflow/example_dags/example_python_decorator.py
[2024-11-22T19:22:15.815+0300] {logging_mixin.py:190} INFO - [2024-11-22T19:22:15.815+0300] {dag.py:3239} INFO - Sync 1 DAGs
[2024-11-22T19:22:15.836+0300] {logging_mixin.py:190} INFO - [2024-11-22T19:22:15.836+0300] {dag.py:4180} INFO - Setting next_dagrun for example_python_decorator to None, run_after=None
[2024-11-22T19:22:15.870+0300] {processor.py:208} INFO - Processing /home/airflow/.local/lib/python3.12/site-packages/airflow/example_dags/example_python_decorator.py took 0.113 seconds
[2024-11-22T19:22:46.356+0300] {processor.py:186} INFO - Started process (PID=665) to work on /home/airflow/.local/lib/python3.12/site-packages/airflow/example_dags/example_python_decorator.py
[2024-11-22T19:22:46.358+0300] {processor.py:914} INFO - Processing file /home/airflow/.local/lib/python3.12/site-packages/airflow/example_dags/example_python_decorator.py for tasks to queue
[2024-11-22T19:22:46.359+0300] {logging_mixin.py:190} INFO - [2024-11-22T19:22:46.359+0300] {dagbag.py:588} INFO - Filling up the DagBag from /home/airflow/.local/lib/python3.12/site-packages/airflow/example_dags/example_python_decorator.py
[2024-11-22T19:22:46.371+0300] {processor.py:925} INFO - DAG(s) 'example_python_decorator' retrieved from /home/airflow/.local/lib/python3.12/site-packages/airflow/example_dags/example_python_decorator.py
[2024-11-22T19:22:46.390+0300] {logging_mixin.py:190} INFO - [2024-11-22T19:22:46.389+0300] {dag.py:3239} INFO - Sync 1 DAGs
[2024-11-22T19:22:46.404+0300] {logging_mixin.py:190} INFO - [2024-11-22T19:22:46.403+0300] {dag.py:4180} INFO - Setting next_dagrun for example_python_decorator to None, run_after=None
[2024-11-22T19:22:46.424+0300] {processor.py:208} INFO - Processing /home/airflow/.local/lib/python3.12/site-packages/airflow/example_dags/example_python_decorator.py took 0.073 seconds
[2024-11-22T19:23:17.433+0300] {processor.py:186} INFO - Started process (PID=734) to work on /home/airflow/.local/lib/python3.12/site-packages/airflow/example_dags/example_python_decorator.py
[2024-11-22T19:23:17.434+0300] {processor.py:914} INFO - Processing file /home/airflow/.local/lib/python3.12/site-packages/airflow/example_dags/example_python_decorator.py for tasks to queue
[2024-11-22T19:23:17.438+0300] {logging_mixin.py:190} INFO - [2024-11-22T19:23:17.437+0300] {dagbag.py:588} INFO - Filling up the DagBag from /home/airflow/.local/lib/python3.12/site-packages/airflow/example_dags/example_python_decorator.py
[2024-11-22T19:23:17.460+0300] {processor.py:925} INFO - DAG(s) 'example_python_decorator' retrieved from /home/airflow/.local/lib/python3.12/site-packages/airflow/example_dags/example_python_decorator.py
[2024-11-22T19:23:17.493+0300] {logging_mixin.py:190} INFO - [2024-11-22T19:23:17.492+0300] {dag.py:3239} INFO - Sync 1 DAGs
[2024-11-22T19:23:17.514+0300] {logging_mixin.py:190} INFO - [2024-11-22T19:23:17.514+0300] {dag.py:4180} INFO - Setting next_dagrun for example_python_decorator to None, run_after=None
[2024-11-22T19:23:17.546+0300] {processor.py:208} INFO - Processing /home/airflow/.local/lib/python3.12/site-packages/airflow/example_dags/example_python_decorator.py took 0.129 seconds
[2024-11-22T19:23:47.912+0300] {processor.py:186} INFO - Started process (PID=803) to work on /home/airflow/.local/lib/python3.12/site-packages/airflow/example_dags/example_python_decorator.py
[2024-11-22T19:23:47.921+0300] {processor.py:914} INFO - Processing file /home/airflow/.local/lib/python3.12/site-packages/airflow/example_dags/example_python_decorator.py for tasks to queue
[2024-11-22T19:23:47.939+0300] {logging_mixin.py:190} INFO - [2024-11-22T19:23:47.937+0300] {dagbag.py:588} INFO - Filling up the DagBag from /home/airflow/.local/lib/python3.12/site-packages/airflow/example_dags/example_python_decorator.py
[2024-11-22T19:23:48.005+0300] {processor.py:925} INFO - DAG(s) 'example_python_decorator' retrieved from /home/airflow/.local/lib/python3.12/site-packages/airflow/example_dags/example_python_decorator.py
[2024-11-22T19:23:48.035+0300] {logging_mixin.py:190} INFO - [2024-11-22T19:23:48.035+0300] {dag.py:3239} INFO - Sync 1 DAGs
[2024-11-22T19:23:48.046+0300] {logging_mixin.py:190} INFO - [2024-11-22T19:23:48.046+0300] {dag.py:4180} INFO - Setting next_dagrun for example_python_decorator to None, run_after=None
[2024-11-22T19:23:48.063+0300] {processor.py:208} INFO - Processing /home/airflow/.local/lib/python3.12/site-packages/airflow/example_dags/example_python_decorator.py took 0.178 seconds
[2024-11-22T19:24:18.777+0300] {processor.py:186} INFO - Started process (PID=872) to work on /home/airflow/.local/lib/python3.12/site-packages/airflow/example_dags/example_python_decorator.py
[2024-11-22T19:24:18.778+0300] {processor.py:914} INFO - Processing file /home/airflow/.local/lib/python3.12/site-packages/airflow/example_dags/example_python_decorator.py for tasks to queue
[2024-11-22T19:24:18.780+0300] {logging_mixin.py:190} INFO - [2024-11-22T19:24:18.780+0300] {dagbag.py:588} INFO - Filling up the DagBag from /home/airflow/.local/lib/python3.12/site-packages/airflow/example_dags/example_python_decorator.py
[2024-11-22T19:24:18.794+0300] {processor.py:925} INFO - DAG(s) 'example_python_decorator' retrieved from /home/airflow/.local/lib/python3.12/site-packages/airflow/example_dags/example_python_decorator.py
[2024-11-22T19:24:18.820+0300] {logging_mixin.py:190} INFO - [2024-11-22T19:24:18.819+0300] {dag.py:3239} INFO - Sync 1 DAGs
[2024-11-22T19:24:18.835+0300] {logging_mixin.py:190} INFO - [2024-11-22T19:24:18.834+0300] {dag.py:4180} INFO - Setting next_dagrun for example_python_decorator to None, run_after=None
[2024-11-22T19:24:18.865+0300] {processor.py:208} INFO - Processing /home/airflow/.local/lib/python3.12/site-packages/airflow/example_dags/example_python_decorator.py took 0.092 seconds
[2024-11-22T19:24:49.337+0300] {processor.py:186} INFO - Started process (PID=941) to work on /home/airflow/.local/lib/python3.12/site-packages/airflow/example_dags/example_python_decorator.py
[2024-11-22T19:24:49.339+0300] {processor.py:914} INFO - Processing file /home/airflow/.local/lib/python3.12/site-packages/airflow/example_dags/example_python_decorator.py for tasks to queue
[2024-11-22T19:24:49.341+0300] {logging_mixin.py:190} INFO - [2024-11-22T19:24:49.341+0300] {dagbag.py:588} INFO - Filling up the DagBag from /home/airflow/.local/lib/python3.12/site-packages/airflow/example_dags/example_python_decorator.py
[2024-11-22T19:24:49.353+0300] {processor.py:925} INFO - DAG(s) 'example_python_decorator' retrieved from /home/airflow/.local/lib/python3.12/site-packages/airflow/example_dags/example_python_decorator.py
[2024-11-22T19:24:49.371+0300] {logging_mixin.py:190} INFO - [2024-11-22T19:24:49.371+0300] {dag.py:3239} INFO - Sync 1 DAGs
[2024-11-22T19:24:49.383+0300] {logging_mixin.py:190} INFO - [2024-11-22T19:24:49.382+0300] {dag.py:4180} INFO - Setting next_dagrun for example_python_decorator to None, run_after=None
[2024-11-22T19:24:49.399+0300] {processor.py:208} INFO - Processing /home/airflow/.local/lib/python3.12/site-packages/airflow/example_dags/example_python_decorator.py took 0.067 seconds
[2024-11-22T19:25:20.883+0300] {processor.py:186} INFO - Started process (PID=1010) to work on /home/airflow/.local/lib/python3.12/site-packages/airflow/example_dags/example_python_decorator.py
[2024-11-22T19:25:20.884+0300] {processor.py:914} INFO - Processing file /home/airflow/.local/lib/python3.12/site-packages/airflow/example_dags/example_python_decorator.py for tasks to queue
[2024-11-22T19:25:20.887+0300] {logging_mixin.py:190} INFO - [2024-11-22T19:25:20.886+0300] {dagbag.py:588} INFO - Filling up the DagBag from /home/airflow/.local/lib/python3.12/site-packages/airflow/example_dags/example_python_decorator.py
[2024-11-22T19:25:20.903+0300] {processor.py:925} INFO - DAG(s) 'example_python_decorator' retrieved from /home/airflow/.local/lib/python3.12/site-packages/airflow/example_dags/example_python_decorator.py
[2024-11-22T19:25:20.927+0300] {logging_mixin.py:190} INFO - [2024-11-22T19:25:20.927+0300] {dag.py:3239} INFO - Sync 1 DAGs
[2024-11-22T19:25:20.942+0300] {logging_mixin.py:190} INFO - [2024-11-22T19:25:20.942+0300] {dag.py:4180} INFO - Setting next_dagrun for example_python_decorator to None, run_after=None
[2024-11-22T19:25:20.961+0300] {processor.py:208} INFO - Processing /home/airflow/.local/lib/python3.12/site-packages/airflow/example_dags/example_python_decorator.py took 0.084 seconds
[2024-11-22T19:25:51.270+0300] {processor.py:186} INFO - Started process (PID=1079) to work on /home/airflow/.local/lib/python3.12/site-packages/airflow/example_dags/example_python_decorator.py
[2024-11-22T19:25:51.271+0300] {processor.py:914} INFO - Processing file /home/airflow/.local/lib/python3.12/site-packages/airflow/example_dags/example_python_decorator.py for tasks to queue
[2024-11-22T19:25:51.273+0300] {logging_mixin.py:190} INFO - [2024-11-22T19:25:51.273+0300] {dagbag.py:588} INFO - Filling up the DagBag from /home/airflow/.local/lib/python3.12/site-packages/airflow/example_dags/example_python_decorator.py
[2024-11-22T19:25:51.286+0300] {processor.py:925} INFO - DAG(s) 'example_python_decorator' retrieved from /home/airflow/.local/lib/python3.12/site-packages/airflow/example_dags/example_python_decorator.py
[2024-11-22T19:25:51.305+0300] {logging_mixin.py:190} INFO - [2024-11-22T19:25:51.305+0300] {dag.py:3239} INFO - Sync 1 DAGs
[2024-11-22T19:25:51.318+0300] {logging_mixin.py:190} INFO - [2024-11-22T19:25:51.318+0300] {dag.py:4180} INFO - Setting next_dagrun for example_python_decorator to None, run_after=None
[2024-11-22T19:25:51.336+0300] {processor.py:208} INFO - Processing /home/airflow/.local/lib/python3.12/site-packages/airflow/example_dags/example_python_decorator.py took 0.071 seconds
[2024-11-22T19:26:21.799+0300] {processor.py:186} INFO - Started process (PID=1148) to work on /home/airflow/.local/lib/python3.12/site-packages/airflow/example_dags/example_python_decorator.py
[2024-11-22T19:26:21.800+0300] {processor.py:914} INFO - Processing file /home/airflow/.local/lib/python3.12/site-packages/airflow/example_dags/example_python_decorator.py for tasks to queue
[2024-11-22T19:26:21.802+0300] {logging_mixin.py:190} INFO - [2024-11-22T19:26:21.802+0300] {dagbag.py:588} INFO - Filling up the DagBag from /home/airflow/.local/lib/python3.12/site-packages/airflow/example_dags/example_python_decorator.py
[2024-11-22T19:26:21.816+0300] {processor.py:925} INFO - DAG(s) 'example_python_decorator' retrieved from /home/airflow/.local/lib/python3.12/site-packages/airflow/example_dags/example_python_decorator.py
[2024-11-22T19:26:21.839+0300] {logging_mixin.py:190} INFO - [2024-11-22T19:26:21.838+0300] {dag.py:3239} INFO - Sync 1 DAGs
[2024-11-22T19:26:21.854+0300] {logging_mixin.py:190} INFO - [2024-11-22T19:26:21.854+0300] {dag.py:4180} INFO - Setting next_dagrun for example_python_decorator to None, run_after=None
[2024-11-22T19:26:21.888+0300] {processor.py:208} INFO - Processing /home/airflow/.local/lib/python3.12/site-packages/airflow/example_dags/example_python_decorator.py took 0.095 seconds
[2024-11-22T19:26:53.345+0300] {processor.py:186} INFO - Started process (PID=1217) to work on /home/airflow/.local/lib/python3.12/site-packages/airflow/example_dags/example_python_decorator.py
[2024-11-22T19:26:53.347+0300] {processor.py:914} INFO - Processing file /home/airflow/.local/lib/python3.12/site-packages/airflow/example_dags/example_python_decorator.py for tasks to queue
[2024-11-22T19:26:53.350+0300] {logging_mixin.py:190} INFO - [2024-11-22T19:26:53.349+0300] {dagbag.py:588} INFO - Filling up the DagBag from /home/airflow/.local/lib/python3.12/site-packages/airflow/example_dags/example_python_decorator.py
[2024-11-22T19:26:53.376+0300] {processor.py:925} INFO - DAG(s) 'example_python_decorator' retrieved from /home/airflow/.local/lib/python3.12/site-packages/airflow/example_dags/example_python_decorator.py
[2024-11-22T19:26:53.399+0300] {logging_mixin.py:190} INFO - [2024-11-22T19:26:53.399+0300] {dag.py:3239} INFO - Sync 1 DAGs
[2024-11-22T19:26:53.412+0300] {logging_mixin.py:190} INFO - [2024-11-22T19:26:53.412+0300] {dag.py:4180} INFO - Setting next_dagrun for example_python_decorator to None, run_after=None
[2024-11-22T19:26:53.435+0300] {processor.py:208} INFO - Processing /home/airflow/.local/lib/python3.12/site-packages/airflow/example_dags/example_python_decorator.py took 0.096 seconds
[2024-11-22T19:27:24.561+0300] {processor.py:186} INFO - Started process (PID=1286) to work on /home/airflow/.local/lib/python3.12/site-packages/airflow/example_dags/example_python_decorator.py
[2024-11-22T19:27:24.563+0300] {processor.py:914} INFO - Processing file /home/airflow/.local/lib/python3.12/site-packages/airflow/example_dags/example_python_decorator.py for tasks to queue
[2024-11-22T19:27:24.565+0300] {logging_mixin.py:190} INFO - [2024-11-22T19:27:24.565+0300] {dagbag.py:588} INFO - Filling up the DagBag from /home/airflow/.local/lib/python3.12/site-packages/airflow/example_dags/example_python_decorator.py
[2024-11-22T19:27:24.583+0300] {processor.py:925} INFO - DAG(s) 'example_python_decorator' retrieved from /home/airflow/.local/lib/python3.12/site-packages/airflow/example_dags/example_python_decorator.py
[2024-11-22T19:27:24.604+0300] {logging_mixin.py:190} INFO - [2024-11-22T19:27:24.603+0300] {dag.py:3239} INFO - Sync 1 DAGs
[2024-11-22T19:27:24.618+0300] {logging_mixin.py:190} INFO - [2024-11-22T19:27:24.618+0300] {dag.py:4180} INFO - Setting next_dagrun for example_python_decorator to None, run_after=None
[2024-11-22T19:27:24.647+0300] {processor.py:208} INFO - Processing /home/airflow/.local/lib/python3.12/site-packages/airflow/example_dags/example_python_decorator.py took 0.091 seconds
[2024-11-22T19:27:55.108+0300] {processor.py:186} INFO - Started process (PID=1355) to work on /home/airflow/.local/lib/python3.12/site-packages/airflow/example_dags/example_python_decorator.py
[2024-11-22T19:27:55.110+0300] {processor.py:914} INFO - Processing file /home/airflow/.local/lib/python3.12/site-packages/airflow/example_dags/example_python_decorator.py for tasks to queue
[2024-11-22T19:27:55.112+0300] {logging_mixin.py:190} INFO - [2024-11-22T19:27:55.112+0300] {dagbag.py:588} INFO - Filling up the DagBag from /home/airflow/.local/lib/python3.12/site-packages/airflow/example_dags/example_python_decorator.py
[2024-11-22T19:27:55.125+0300] {processor.py:925} INFO - DAG(s) 'example_python_decorator' retrieved from /home/airflow/.local/lib/python3.12/site-packages/airflow/example_dags/example_python_decorator.py
[2024-11-22T19:27:55.146+0300] {logging_mixin.py:190} INFO - [2024-11-22T19:27:55.146+0300] {dag.py:3239} INFO - Sync 1 DAGs
[2024-11-22T19:27:55.160+0300] {logging_mixin.py:190} INFO - [2024-11-22T19:27:55.159+0300] {dag.py:4180} INFO - Setting next_dagrun for example_python_decorator to None, run_after=None
[2024-11-22T19:27:55.186+0300] {processor.py:208} INFO - Processing /home/airflow/.local/lib/python3.12/site-packages/airflow/example_dags/example_python_decorator.py took 0.082 seconds
[2024-11-22T19:28:26.416+0300] {processor.py:186} INFO - Started process (PID=1424) to work on /home/airflow/.local/lib/python3.12/site-packages/airflow/example_dags/example_python_decorator.py
[2024-11-22T19:28:26.417+0300] {processor.py:914} INFO - Processing file /home/airflow/.local/lib/python3.12/site-packages/airflow/example_dags/example_python_decorator.py for tasks to queue
[2024-11-22T19:28:26.420+0300] {logging_mixin.py:190} INFO - [2024-11-22T19:28:26.419+0300] {dagbag.py:588} INFO - Filling up the DagBag from /home/airflow/.local/lib/python3.12/site-packages/airflow/example_dags/example_python_decorator.py
[2024-11-22T19:28:26.435+0300] {processor.py:925} INFO - DAG(s) 'example_python_decorator' retrieved from /home/airflow/.local/lib/python3.12/site-packages/airflow/example_dags/example_python_decorator.py
[2024-11-22T19:28:26.456+0300] {logging_mixin.py:190} INFO - [2024-11-22T19:28:26.456+0300] {dag.py:3239} INFO - Sync 1 DAGs
[2024-11-22T19:28:26.472+0300] {logging_mixin.py:190} INFO - [2024-11-22T19:28:26.471+0300] {dag.py:4180} INFO - Setting next_dagrun for example_python_decorator to None, run_after=None
[2024-11-22T19:28:26.506+0300] {processor.py:208} INFO - Processing /home/airflow/.local/lib/python3.12/site-packages/airflow/example_dags/example_python_decorator.py took 0.095 seconds
[2024-11-22T19:28:57.156+0300] {processor.py:186} INFO - Started process (PID=1493) to work on /home/airflow/.local/lib/python3.12/site-packages/airflow/example_dags/example_python_decorator.py
[2024-11-22T19:28:57.158+0300] {processor.py:914} INFO - Processing file /home/airflow/.local/lib/python3.12/site-packages/airflow/example_dags/example_python_decorator.py for tasks to queue
[2024-11-22T19:28:57.160+0300] {logging_mixin.py:190} INFO - [2024-11-22T19:28:57.160+0300] {dagbag.py:588} INFO - Filling up the DagBag from /home/airflow/.local/lib/python3.12/site-packages/airflow/example_dags/example_python_decorator.py
[2024-11-22T19:28:57.174+0300] {processor.py:925} INFO - DAG(s) 'example_python_decorator' retrieved from /home/airflow/.local/lib/python3.12/site-packages/airflow/example_dags/example_python_decorator.py
[2024-11-22T19:28:57.197+0300] {logging_mixin.py:190} INFO - [2024-11-22T19:28:57.197+0300] {dag.py:3239} INFO - Sync 1 DAGs
[2024-11-22T19:28:57.212+0300] {logging_mixin.py:190} INFO - [2024-11-22T19:28:57.212+0300] {dag.py:4180} INFO - Setting next_dagrun for example_python_decorator to None, run_after=None
[2024-11-22T19:28:57.235+0300] {processor.py:208} INFO - Processing /home/airflow/.local/lib/python3.12/site-packages/airflow/example_dags/example_python_decorator.py took 0.083 seconds
[2024-11-22T19:29:27.796+0300] {processor.py:186} INFO - Started process (PID=1562) to work on /home/airflow/.local/lib/python3.12/site-packages/airflow/example_dags/example_python_decorator.py
[2024-11-22T19:29:27.797+0300] {processor.py:914} INFO - Processing file /home/airflow/.local/lib/python3.12/site-packages/airflow/example_dags/example_python_decorator.py for tasks to queue
[2024-11-22T19:29:27.800+0300] {logging_mixin.py:190} INFO - [2024-11-22T19:29:27.800+0300] {dagbag.py:588} INFO - Filling up the DagBag from /home/airflow/.local/lib/python3.12/site-packages/airflow/example_dags/example_python_decorator.py
[2024-11-22T19:29:27.812+0300] {processor.py:925} INFO - DAG(s) 'example_python_decorator' retrieved from /home/airflow/.local/lib/python3.12/site-packages/airflow/example_dags/example_python_decorator.py
[2024-11-22T19:29:27.829+0300] {logging_mixin.py:190} INFO - [2024-11-22T19:29:27.829+0300] {dag.py:3239} INFO - Sync 1 DAGs
[2024-11-22T19:29:27.839+0300] {logging_mixin.py:190} INFO - [2024-11-22T19:29:27.839+0300] {dag.py:4180} INFO - Setting next_dagrun for example_python_decorator to None, run_after=None
[2024-11-22T19:29:27.853+0300] {processor.py:208} INFO - Processing /home/airflow/.local/lib/python3.12/site-packages/airflow/example_dags/example_python_decorator.py took 0.062 seconds
