[2024-11-22T19:18:41.321+0300] {processor.py:186} INFO - Started process (PID=101) to work on /home/airflow/.local/lib/python3.12/site-packages/airflow/example_dags/example_dynamic_task_mapping.py
[2024-11-22T19:18:41.322+0300] {processor.py:914} INFO - Processing file /home/airflow/.local/lib/python3.12/site-packages/airflow/example_dags/example_dynamic_task_mapping.py for tasks to queue
[2024-11-22T19:18:41.326+0300] {logging_mixin.py:190} INFO - [2024-11-22T19:18:41.325+0300] {dagbag.py:588} INFO - Filling up the DagBag from /home/airflow/.local/lib/python3.12/site-packages/airflow/example_dags/example_dynamic_task_mapping.py
[2024-11-22T19:18:41.335+0300] {processor.py:925} INFO - DAG(s) 'example_dynamic_task_mapping' retrieved from /home/airflow/.local/lib/python3.12/site-packages/airflow/example_dags/example_dynamic_task_mapping.py
[2024-11-22T19:18:41.365+0300] {logging_mixin.py:190} INFO - [2024-11-22T19:18:41.365+0300] {dag.py:3239} INFO - Sync 1 DAGs
[2024-11-22T19:18:41.383+0300] {logging_mixin.py:190} INFO - [2024-11-22T19:18:41.383+0300] {dag.py:4180} INFO - Setting next_dagrun for example_dynamic_task_mapping to None, run_after=None
[2024-11-22T19:18:41.409+0300] {processor.py:208} INFO - Processing /home/airflow/.local/lib/python3.12/site-packages/airflow/example_dags/example_dynamic_task_mapping.py took 0.095 seconds
[2024-11-22T19:19:11.658+0300] {processor.py:186} INFO - Started process (PID=187) to work on /home/airflow/.local/lib/python3.12/site-packages/airflow/example_dags/example_dynamic_task_mapping.py
[2024-11-22T19:19:11.660+0300] {processor.py:914} INFO - Processing file /home/airflow/.local/lib/python3.12/site-packages/airflow/example_dags/example_dynamic_task_mapping.py for tasks to queue
[2024-11-22T19:19:11.662+0300] {logging_mixin.py:190} INFO - [2024-11-22T19:19:11.662+0300] {dagbag.py:588} INFO - Filling up the DagBag from /home/airflow/.local/lib/python3.12/site-packages/airflow/example_dags/example_dynamic_task_mapping.py
[2024-11-22T19:19:11.671+0300] {processor.py:925} INFO - DAG(s) 'example_dynamic_task_mapping' retrieved from /home/airflow/.local/lib/python3.12/site-packages/airflow/example_dags/example_dynamic_task_mapping.py
[2024-11-22T19:19:11.693+0300] {logging_mixin.py:190} INFO - [2024-11-22T19:19:11.693+0300] {dag.py:3239} INFO - Sync 1 DAGs
[2024-11-22T19:19:11.708+0300] {logging_mixin.py:190} INFO - [2024-11-22T19:19:11.707+0300] {dag.py:4180} INFO - Setting next_dagrun for example_dynamic_task_mapping to None, run_after=None
[2024-11-22T19:19:11.743+0300] {processor.py:208} INFO - Processing /home/airflow/.local/lib/python3.12/site-packages/airflow/example_dags/example_dynamic_task_mapping.py took 0.090 seconds
[2024-11-22T19:19:41.903+0300] {processor.py:186} INFO - Started process (PID=256) to work on /home/airflow/.local/lib/python3.12/site-packages/airflow/example_dags/example_dynamic_task_mapping.py
[2024-11-22T19:19:41.904+0300] {processor.py:914} INFO - Processing file /home/airflow/.local/lib/python3.12/site-packages/airflow/example_dags/example_dynamic_task_mapping.py for tasks to queue
[2024-11-22T19:19:41.907+0300] {logging_mixin.py:190} INFO - [2024-11-22T19:19:41.907+0300] {dagbag.py:588} INFO - Filling up the DagBag from /home/airflow/.local/lib/python3.12/site-packages/airflow/example_dags/example_dynamic_task_mapping.py
[2024-11-22T19:19:41.915+0300] {processor.py:925} INFO - DAG(s) 'example_dynamic_task_mapping' retrieved from /home/airflow/.local/lib/python3.12/site-packages/airflow/example_dags/example_dynamic_task_mapping.py
[2024-11-22T19:19:41.935+0300] {logging_mixin.py:190} INFO - [2024-11-22T19:19:41.934+0300] {dag.py:3239} INFO - Sync 1 DAGs
[2024-11-22T19:19:41.948+0300] {logging_mixin.py:190} INFO - [2024-11-22T19:19:41.947+0300] {dag.py:4180} INFO - Setting next_dagrun for example_dynamic_task_mapping to None, run_after=None
[2024-11-22T19:19:41.966+0300] {processor.py:208} INFO - Processing /home/airflow/.local/lib/python3.12/site-packages/airflow/example_dags/example_dynamic_task_mapping.py took 0.068 seconds
[2024-11-22T19:20:13.179+0300] {processor.py:186} INFO - Started process (PID=325) to work on /home/airflow/.local/lib/python3.12/site-packages/airflow/example_dags/example_dynamic_task_mapping.py
[2024-11-22T19:20:13.180+0300] {processor.py:914} INFO - Processing file /home/airflow/.local/lib/python3.12/site-packages/airflow/example_dags/example_dynamic_task_mapping.py for tasks to queue
[2024-11-22T19:20:13.183+0300] {logging_mixin.py:190} INFO - [2024-11-22T19:20:13.182+0300] {dagbag.py:588} INFO - Filling up the DagBag from /home/airflow/.local/lib/python3.12/site-packages/airflow/example_dags/example_dynamic_task_mapping.py
[2024-11-22T19:20:13.190+0300] {processor.py:925} INFO - DAG(s) 'example_dynamic_task_mapping' retrieved from /home/airflow/.local/lib/python3.12/site-packages/airflow/example_dags/example_dynamic_task_mapping.py
[2024-11-22T19:20:13.210+0300] {logging_mixin.py:190} INFO - [2024-11-22T19:20:13.209+0300] {dag.py:3239} INFO - Sync 1 DAGs
[2024-11-22T19:20:13.224+0300] {logging_mixin.py:190} INFO - [2024-11-22T19:20:13.223+0300] {dag.py:4180} INFO - Setting next_dagrun for example_dynamic_task_mapping to None, run_after=None
[2024-11-22T19:20:13.241+0300] {processor.py:208} INFO - Processing /home/airflow/.local/lib/python3.12/site-packages/airflow/example_dags/example_dynamic_task_mapping.py took 0.067 seconds
[2024-11-22T19:20:44.001+0300] {processor.py:186} INFO - Started process (PID=394) to work on /home/airflow/.local/lib/python3.12/site-packages/airflow/example_dags/example_dynamic_task_mapping.py
[2024-11-22T19:20:44.003+0300] {processor.py:914} INFO - Processing file /home/airflow/.local/lib/python3.12/site-packages/airflow/example_dags/example_dynamic_task_mapping.py for tasks to queue
[2024-11-22T19:20:44.005+0300] {logging_mixin.py:190} INFO - [2024-11-22T19:20:44.005+0300] {dagbag.py:588} INFO - Filling up the DagBag from /home/airflow/.local/lib/python3.12/site-packages/airflow/example_dags/example_dynamic_task_mapping.py
[2024-11-22T19:20:44.013+0300] {processor.py:925} INFO - DAG(s) 'example_dynamic_task_mapping' retrieved from /home/airflow/.local/lib/python3.12/site-packages/airflow/example_dags/example_dynamic_task_mapping.py
[2024-11-22T19:20:44.033+0300] {logging_mixin.py:190} INFO - [2024-11-22T19:20:44.033+0300] {dag.py:3239} INFO - Sync 1 DAGs
[2024-11-22T19:20:44.047+0300] {logging_mixin.py:190} INFO - [2024-11-22T19:20:44.047+0300] {dag.py:4180} INFO - Setting next_dagrun for example_dynamic_task_mapping to None, run_after=None
[2024-11-22T19:20:44.065+0300] {processor.py:208} INFO - Processing /home/airflow/.local/lib/python3.12/site-packages/airflow/example_dags/example_dynamic_task_mapping.py took 0.069 seconds
[2024-11-22T19:21:14.827+0300] {processor.py:186} INFO - Started process (PID=463) to work on /home/airflow/.local/lib/python3.12/site-packages/airflow/example_dags/example_dynamic_task_mapping.py
[2024-11-22T19:21:14.828+0300] {processor.py:914} INFO - Processing file /home/airflow/.local/lib/python3.12/site-packages/airflow/example_dags/example_dynamic_task_mapping.py for tasks to queue
[2024-11-22T19:21:14.830+0300] {logging_mixin.py:190} INFO - [2024-11-22T19:21:14.830+0300] {dagbag.py:588} INFO - Filling up the DagBag from /home/airflow/.local/lib/python3.12/site-packages/airflow/example_dags/example_dynamic_task_mapping.py
[2024-11-22T19:21:14.843+0300] {processor.py:925} INFO - DAG(s) 'example_dynamic_task_mapping' retrieved from /home/airflow/.local/lib/python3.12/site-packages/airflow/example_dags/example_dynamic_task_mapping.py
[2024-11-22T19:21:14.870+0300] {logging_mixin.py:190} INFO - [2024-11-22T19:21:14.870+0300] {dag.py:3239} INFO - Sync 1 DAGs
[2024-11-22T19:21:14.893+0300] {logging_mixin.py:190} INFO - [2024-11-22T19:21:14.893+0300] {dag.py:4180} INFO - Setting next_dagrun for example_dynamic_task_mapping to None, run_after=None
[2024-11-22T19:21:14.926+0300] {processor.py:208} INFO - Processing /home/airflow/.local/lib/python3.12/site-packages/airflow/example_dags/example_dynamic_task_mapping.py took 0.108 seconds
[2024-11-22T19:21:45.601+0300] {processor.py:186} INFO - Started process (PID=532) to work on /home/airflow/.local/lib/python3.12/site-packages/airflow/example_dags/example_dynamic_task_mapping.py
[2024-11-22T19:21:45.602+0300] {processor.py:914} INFO - Processing file /home/airflow/.local/lib/python3.12/site-packages/airflow/example_dags/example_dynamic_task_mapping.py for tasks to queue
[2024-11-22T19:21:45.605+0300] {logging_mixin.py:190} INFO - [2024-11-22T19:21:45.605+0300] {dagbag.py:588} INFO - Filling up the DagBag from /home/airflow/.local/lib/python3.12/site-packages/airflow/example_dags/example_dynamic_task_mapping.py
[2024-11-22T19:21:45.616+0300] {processor.py:925} INFO - DAG(s) 'example_dynamic_task_mapping' retrieved from /home/airflow/.local/lib/python3.12/site-packages/airflow/example_dags/example_dynamic_task_mapping.py
[2024-11-22T19:21:45.639+0300] {logging_mixin.py:190} INFO - [2024-11-22T19:21:45.639+0300] {dag.py:3239} INFO - Sync 1 DAGs
[2024-11-22T19:21:45.658+0300] {logging_mixin.py:190} INFO - [2024-11-22T19:21:45.657+0300] {dag.py:4180} INFO - Setting next_dagrun for example_dynamic_task_mapping to None, run_after=None
[2024-11-22T19:21:45.696+0300] {processor.py:208} INFO - Processing /home/airflow/.local/lib/python3.12/site-packages/airflow/example_dags/example_dynamic_task_mapping.py took 0.101 seconds
[2024-11-22T19:22:16.541+0300] {processor.py:186} INFO - Started process (PID=601) to work on /home/airflow/.local/lib/python3.12/site-packages/airflow/example_dags/example_dynamic_task_mapping.py
[2024-11-22T19:22:16.542+0300] {processor.py:914} INFO - Processing file /home/airflow/.local/lib/python3.12/site-packages/airflow/example_dags/example_dynamic_task_mapping.py for tasks to queue
[2024-11-22T19:22:16.545+0300] {logging_mixin.py:190} INFO - [2024-11-22T19:22:16.545+0300] {dagbag.py:588} INFO - Filling up the DagBag from /home/airflow/.local/lib/python3.12/site-packages/airflow/example_dags/example_dynamic_task_mapping.py
[2024-11-22T19:22:16.554+0300] {processor.py:925} INFO - DAG(s) 'example_dynamic_task_mapping' retrieved from /home/airflow/.local/lib/python3.12/site-packages/airflow/example_dags/example_dynamic_task_mapping.py
[2024-11-22T19:22:16.574+0300] {logging_mixin.py:190} INFO - [2024-11-22T19:22:16.574+0300] {dag.py:3239} INFO - Sync 1 DAGs
[2024-11-22T19:22:16.590+0300] {logging_mixin.py:190} INFO - [2024-11-22T19:22:16.590+0300] {dag.py:4180} INFO - Setting next_dagrun for example_dynamic_task_mapping to None, run_after=None
[2024-11-22T19:22:16.607+0300] {processor.py:208} INFO - Processing /home/airflow/.local/lib/python3.12/site-packages/airflow/example_dags/example_dynamic_task_mapping.py took 0.072 seconds
[2024-11-22T19:22:46.834+0300] {processor.py:186} INFO - Started process (PID=670) to work on /home/airflow/.local/lib/python3.12/site-packages/airflow/example_dags/example_dynamic_task_mapping.py
[2024-11-22T19:22:46.836+0300] {processor.py:914} INFO - Processing file /home/airflow/.local/lib/python3.12/site-packages/airflow/example_dags/example_dynamic_task_mapping.py for tasks to queue
[2024-11-22T19:22:46.839+0300] {logging_mixin.py:190} INFO - [2024-11-22T19:22:46.838+0300] {dagbag.py:588} INFO - Filling up the DagBag from /home/airflow/.local/lib/python3.12/site-packages/airflow/example_dags/example_dynamic_task_mapping.py
[2024-11-22T19:22:46.847+0300] {processor.py:925} INFO - DAG(s) 'example_dynamic_task_mapping' retrieved from /home/airflow/.local/lib/python3.12/site-packages/airflow/example_dags/example_dynamic_task_mapping.py
[2024-11-22T19:22:46.867+0300] {logging_mixin.py:190} INFO - [2024-11-22T19:22:46.867+0300] {dag.py:3239} INFO - Sync 1 DAGs
[2024-11-22T19:22:46.882+0300] {logging_mixin.py:190} INFO - [2024-11-22T19:22:46.882+0300] {dag.py:4180} INFO - Setting next_dagrun for example_dynamic_task_mapping to None, run_after=None
[2024-11-22T19:22:46.904+0300] {processor.py:208} INFO - Processing /home/airflow/.local/lib/python3.12/site-packages/airflow/example_dags/example_dynamic_task_mapping.py took 0.077 seconds
[2024-11-22T19:23:17.951+0300] {processor.py:186} INFO - Started process (PID=739) to work on /home/airflow/.local/lib/python3.12/site-packages/airflow/example_dags/example_dynamic_task_mapping.py
[2024-11-22T19:23:17.953+0300] {processor.py:914} INFO - Processing file /home/airflow/.local/lib/python3.12/site-packages/airflow/example_dags/example_dynamic_task_mapping.py for tasks to queue
[2024-11-22T19:23:17.956+0300] {logging_mixin.py:190} INFO - [2024-11-22T19:23:17.955+0300] {dagbag.py:588} INFO - Filling up the DagBag from /home/airflow/.local/lib/python3.12/site-packages/airflow/example_dags/example_dynamic_task_mapping.py
[2024-11-22T19:23:17.967+0300] {processor.py:925} INFO - DAG(s) 'example_dynamic_task_mapping' retrieved from /home/airflow/.local/lib/python3.12/site-packages/airflow/example_dags/example_dynamic_task_mapping.py
[2024-11-22T19:23:17.995+0300] {logging_mixin.py:190} INFO - [2024-11-22T19:23:17.995+0300] {dag.py:3239} INFO - Sync 1 DAGs
[2024-11-22T19:23:18.012+0300] {logging_mixin.py:190} INFO - [2024-11-22T19:23:18.011+0300] {dag.py:4180} INFO - Setting next_dagrun for example_dynamic_task_mapping to None, run_after=None
[2024-11-22T19:23:18.032+0300] {processor.py:208} INFO - Processing /home/airflow/.local/lib/python3.12/site-packages/airflow/example_dags/example_dynamic_task_mapping.py took 0.088 seconds
[2024-11-22T19:23:48.302+0300] {processor.py:186} INFO - Started process (PID=808) to work on /home/airflow/.local/lib/python3.12/site-packages/airflow/example_dags/example_dynamic_task_mapping.py
[2024-11-22T19:23:48.303+0300] {processor.py:914} INFO - Processing file /home/airflow/.local/lib/python3.12/site-packages/airflow/example_dags/example_dynamic_task_mapping.py for tasks to queue
[2024-11-22T19:23:48.305+0300] {logging_mixin.py:190} INFO - [2024-11-22T19:23:48.305+0300] {dagbag.py:588} INFO - Filling up the DagBag from /home/airflow/.local/lib/python3.12/site-packages/airflow/example_dags/example_dynamic_task_mapping.py
[2024-11-22T19:23:48.313+0300] {processor.py:925} INFO - DAG(s) 'example_dynamic_task_mapping' retrieved from /home/airflow/.local/lib/python3.12/site-packages/airflow/example_dags/example_dynamic_task_mapping.py
[2024-11-22T19:23:48.332+0300] {logging_mixin.py:190} INFO - [2024-11-22T19:23:48.331+0300] {dag.py:3239} INFO - Sync 1 DAGs
[2024-11-22T19:23:48.343+0300] {logging_mixin.py:190} INFO - [2024-11-22T19:23:48.343+0300] {dag.py:4180} INFO - Setting next_dagrun for example_dynamic_task_mapping to None, run_after=None
[2024-11-22T19:23:48.362+0300] {processor.py:208} INFO - Processing /home/airflow/.local/lib/python3.12/site-packages/airflow/example_dags/example_dynamic_task_mapping.py took 0.065 seconds
[2024-11-22T19:24:19.461+0300] {processor.py:186} INFO - Started process (PID=877) to work on /home/airflow/.local/lib/python3.12/site-packages/airflow/example_dags/example_dynamic_task_mapping.py
[2024-11-22T19:24:19.463+0300] {processor.py:914} INFO - Processing file /home/airflow/.local/lib/python3.12/site-packages/airflow/example_dags/example_dynamic_task_mapping.py for tasks to queue
[2024-11-22T19:24:19.465+0300] {logging_mixin.py:190} INFO - [2024-11-22T19:24:19.465+0300] {dagbag.py:588} INFO - Filling up the DagBag from /home/airflow/.local/lib/python3.12/site-packages/airflow/example_dags/example_dynamic_task_mapping.py
[2024-11-22T19:24:19.472+0300] {processor.py:925} INFO - DAG(s) 'example_dynamic_task_mapping' retrieved from /home/airflow/.local/lib/python3.12/site-packages/airflow/example_dags/example_dynamic_task_mapping.py
[2024-11-22T19:24:19.488+0300] {logging_mixin.py:190} INFO - [2024-11-22T19:24:19.488+0300] {dag.py:3239} INFO - Sync 1 DAGs
[2024-11-22T19:24:19.500+0300] {logging_mixin.py:190} INFO - [2024-11-22T19:24:19.500+0300] {dag.py:4180} INFO - Setting next_dagrun for example_dynamic_task_mapping to None, run_after=None
[2024-11-22T19:24:19.529+0300] {processor.py:208} INFO - Processing /home/airflow/.local/lib/python3.12/site-packages/airflow/example_dags/example_dynamic_task_mapping.py took 0.073 seconds
[2024-11-22T19:24:49.948+0300] {processor.py:186} INFO - Started process (PID=946) to work on /home/airflow/.local/lib/python3.12/site-packages/airflow/example_dags/example_dynamic_task_mapping.py
[2024-11-22T19:24:49.951+0300] {processor.py:914} INFO - Processing file /home/airflow/.local/lib/python3.12/site-packages/airflow/example_dags/example_dynamic_task_mapping.py for tasks to queue
[2024-11-22T19:24:49.954+0300] {logging_mixin.py:190} INFO - [2024-11-22T19:24:49.954+0300] {dagbag.py:588} INFO - Filling up the DagBag from /home/airflow/.local/lib/python3.12/site-packages/airflow/example_dags/example_dynamic_task_mapping.py
[2024-11-22T19:24:49.962+0300] {processor.py:925} INFO - DAG(s) 'example_dynamic_task_mapping' retrieved from /home/airflow/.local/lib/python3.12/site-packages/airflow/example_dags/example_dynamic_task_mapping.py
[2024-11-22T19:24:49.982+0300] {logging_mixin.py:190} INFO - [2024-11-22T19:24:49.982+0300] {dag.py:3239} INFO - Sync 1 DAGs
[2024-11-22T19:24:49.994+0300] {logging_mixin.py:190} INFO - [2024-11-22T19:24:49.994+0300] {dag.py:4180} INFO - Setting next_dagrun for example_dynamic_task_mapping to None, run_after=None
[2024-11-22T19:24:50.014+0300] {processor.py:208} INFO - Processing /home/airflow/.local/lib/python3.12/site-packages/airflow/example_dags/example_dynamic_task_mapping.py took 0.071 seconds
[2024-11-22T19:25:21.333+0300] {processor.py:186} INFO - Started process (PID=1015) to work on /home/airflow/.local/lib/python3.12/site-packages/airflow/example_dags/example_dynamic_task_mapping.py
[2024-11-22T19:25:21.334+0300] {processor.py:914} INFO - Processing file /home/airflow/.local/lib/python3.12/site-packages/airflow/example_dags/example_dynamic_task_mapping.py for tasks to queue
[2024-11-22T19:25:21.336+0300] {logging_mixin.py:190} INFO - [2024-11-22T19:25:21.336+0300] {dagbag.py:588} INFO - Filling up the DagBag from /home/airflow/.local/lib/python3.12/site-packages/airflow/example_dags/example_dynamic_task_mapping.py
[2024-11-22T19:25:21.346+0300] {processor.py:925} INFO - DAG(s) 'example_dynamic_task_mapping' retrieved from /home/airflow/.local/lib/python3.12/site-packages/airflow/example_dags/example_dynamic_task_mapping.py
[2024-11-22T19:25:21.365+0300] {logging_mixin.py:190} INFO - [2024-11-22T19:25:21.365+0300] {dag.py:3239} INFO - Sync 1 DAGs
[2024-11-22T19:25:21.378+0300] {logging_mixin.py:190} INFO - [2024-11-22T19:25:21.378+0300] {dag.py:4180} INFO - Setting next_dagrun for example_dynamic_task_mapping to None, run_after=None
[2024-11-22T19:25:21.398+0300] {processor.py:208} INFO - Processing /home/airflow/.local/lib/python3.12/site-packages/airflow/example_dags/example_dynamic_task_mapping.py took 0.071 seconds
[2024-11-22T19:25:51.973+0300] {processor.py:186} INFO - Started process (PID=1084) to work on /home/airflow/.local/lib/python3.12/site-packages/airflow/example_dags/example_dynamic_task_mapping.py
[2024-11-22T19:25:51.975+0300] {processor.py:914} INFO - Processing file /home/airflow/.local/lib/python3.12/site-packages/airflow/example_dags/example_dynamic_task_mapping.py for tasks to queue
[2024-11-22T19:25:51.978+0300] {logging_mixin.py:190} INFO - [2024-11-22T19:25:51.978+0300] {dagbag.py:588} INFO - Filling up the DagBag from /home/airflow/.local/lib/python3.12/site-packages/airflow/example_dags/example_dynamic_task_mapping.py
[2024-11-22T19:25:51.989+0300] {processor.py:925} INFO - DAG(s) 'example_dynamic_task_mapping' retrieved from /home/airflow/.local/lib/python3.12/site-packages/airflow/example_dags/example_dynamic_task_mapping.py
[2024-11-22T19:25:52.015+0300] {logging_mixin.py:190} INFO - [2024-11-22T19:25:52.015+0300] {dag.py:3239} INFO - Sync 1 DAGs
[2024-11-22T19:25:52.029+0300] {logging_mixin.py:190} INFO - [2024-11-22T19:25:52.029+0300] {dag.py:4180} INFO - Setting next_dagrun for example_dynamic_task_mapping to None, run_after=None
[2024-11-22T19:25:52.048+0300] {processor.py:208} INFO - Processing /home/airflow/.local/lib/python3.12/site-packages/airflow/example_dags/example_dynamic_task_mapping.py took 0.083 seconds
[2024-11-22T19:26:22.236+0300] {processor.py:186} INFO - Started process (PID=1153) to work on /home/airflow/.local/lib/python3.12/site-packages/airflow/example_dags/example_dynamic_task_mapping.py
[2024-11-22T19:26:22.237+0300] {processor.py:914} INFO - Processing file /home/airflow/.local/lib/python3.12/site-packages/airflow/example_dags/example_dynamic_task_mapping.py for tasks to queue
[2024-11-22T19:26:22.240+0300] {logging_mixin.py:190} INFO - [2024-11-22T19:26:22.239+0300] {dagbag.py:588} INFO - Filling up the DagBag from /home/airflow/.local/lib/python3.12/site-packages/airflow/example_dags/example_dynamic_task_mapping.py
[2024-11-22T19:26:22.251+0300] {processor.py:925} INFO - DAG(s) 'example_dynamic_task_mapping' retrieved from /home/airflow/.local/lib/python3.12/site-packages/airflow/example_dags/example_dynamic_task_mapping.py
[2024-11-22T19:26:22.280+0300] {logging_mixin.py:190} INFO - [2024-11-22T19:26:22.279+0300] {dag.py:3239} INFO - Sync 1 DAGs
[2024-11-22T19:26:22.296+0300] {logging_mixin.py:190} INFO - [2024-11-22T19:26:22.296+0300] {dag.py:4180} INFO - Setting next_dagrun for example_dynamic_task_mapping to None, run_after=None
[2024-11-22T19:26:22.318+0300] {processor.py:208} INFO - Processing /home/airflow/.local/lib/python3.12/site-packages/airflow/example_dags/example_dynamic_task_mapping.py took 0.091 seconds
[2024-11-22T19:26:53.974+0300] {processor.py:186} INFO - Started process (PID=1222) to work on /home/airflow/.local/lib/python3.12/site-packages/airflow/example_dags/example_dynamic_task_mapping.py
[2024-11-22T19:26:53.975+0300] {processor.py:914} INFO - Processing file /home/airflow/.local/lib/python3.12/site-packages/airflow/example_dags/example_dynamic_task_mapping.py for tasks to queue
[2024-11-22T19:26:53.978+0300] {logging_mixin.py:190} INFO - [2024-11-22T19:26:53.978+0300] {dagbag.py:588} INFO - Filling up the DagBag from /home/airflow/.local/lib/python3.12/site-packages/airflow/example_dags/example_dynamic_task_mapping.py
[2024-11-22T19:26:53.988+0300] {processor.py:925} INFO - DAG(s) 'example_dynamic_task_mapping' retrieved from /home/airflow/.local/lib/python3.12/site-packages/airflow/example_dags/example_dynamic_task_mapping.py
[2024-11-22T19:26:54.007+0300] {logging_mixin.py:190} INFO - [2024-11-22T19:26:54.007+0300] {dag.py:3239} INFO - Sync 1 DAGs
[2024-11-22T19:26:54.021+0300] {logging_mixin.py:190} INFO - [2024-11-22T19:26:54.021+0300] {dag.py:4180} INFO - Setting next_dagrun for example_dynamic_task_mapping to None, run_after=None
[2024-11-22T19:26:54.041+0300] {processor.py:208} INFO - Processing /home/airflow/.local/lib/python3.12/site-packages/airflow/example_dags/example_dynamic_task_mapping.py took 0.071 seconds
[2024-11-22T19:27:25.036+0300] {processor.py:186} INFO - Started process (PID=1291) to work on /home/airflow/.local/lib/python3.12/site-packages/airflow/example_dags/example_dynamic_task_mapping.py
[2024-11-22T19:27:25.037+0300] {processor.py:914} INFO - Processing file /home/airflow/.local/lib/python3.12/site-packages/airflow/example_dags/example_dynamic_task_mapping.py for tasks to queue
[2024-11-22T19:27:25.040+0300] {logging_mixin.py:190} INFO - [2024-11-22T19:27:25.040+0300] {dagbag.py:588} INFO - Filling up the DagBag from /home/airflow/.local/lib/python3.12/site-packages/airflow/example_dags/example_dynamic_task_mapping.py
[2024-11-22T19:27:25.048+0300] {processor.py:925} INFO - DAG(s) 'example_dynamic_task_mapping' retrieved from /home/airflow/.local/lib/python3.12/site-packages/airflow/example_dags/example_dynamic_task_mapping.py
[2024-11-22T19:27:25.068+0300] {logging_mixin.py:190} INFO - [2024-11-22T19:27:25.068+0300] {dag.py:3239} INFO - Sync 1 DAGs
[2024-11-22T19:27:25.081+0300] {logging_mixin.py:190} INFO - [2024-11-22T19:27:25.081+0300] {dag.py:4180} INFO - Setting next_dagrun for example_dynamic_task_mapping to None, run_after=None
[2024-11-22T19:27:25.101+0300] {processor.py:208} INFO - Processing /home/airflow/.local/lib/python3.12/site-packages/airflow/example_dags/example_dynamic_task_mapping.py took 0.069 seconds
[2024-11-22T19:27:55.774+0300] {processor.py:186} INFO - Started process (PID=1360) to work on /home/airflow/.local/lib/python3.12/site-packages/airflow/example_dags/example_dynamic_task_mapping.py
[2024-11-22T19:27:55.775+0300] {processor.py:914} INFO - Processing file /home/airflow/.local/lib/python3.12/site-packages/airflow/example_dags/example_dynamic_task_mapping.py for tasks to queue
[2024-11-22T19:27:55.778+0300] {logging_mixin.py:190} INFO - [2024-11-22T19:27:55.778+0300] {dagbag.py:588} INFO - Filling up the DagBag from /home/airflow/.local/lib/python3.12/site-packages/airflow/example_dags/example_dynamic_task_mapping.py
[2024-11-22T19:27:55.786+0300] {processor.py:925} INFO - DAG(s) 'example_dynamic_task_mapping' retrieved from /home/airflow/.local/lib/python3.12/site-packages/airflow/example_dags/example_dynamic_task_mapping.py
[2024-11-22T19:27:55.806+0300] {logging_mixin.py:190} INFO - [2024-11-22T19:27:55.806+0300] {dag.py:3239} INFO - Sync 1 DAGs
[2024-11-22T19:27:55.820+0300] {logging_mixin.py:190} INFO - [2024-11-22T19:27:55.820+0300] {dag.py:4180} INFO - Setting next_dagrun for example_dynamic_task_mapping to None, run_after=None
[2024-11-22T19:27:55.844+0300] {processor.py:208} INFO - Processing /home/airflow/.local/lib/python3.12/site-packages/airflow/example_dags/example_dynamic_task_mapping.py took 0.076 seconds
[2024-11-22T19:28:26.967+0300] {processor.py:186} INFO - Started process (PID=1429) to work on /home/airflow/.local/lib/python3.12/site-packages/airflow/example_dags/example_dynamic_task_mapping.py
[2024-11-22T19:28:26.968+0300] {processor.py:914} INFO - Processing file /home/airflow/.local/lib/python3.12/site-packages/airflow/example_dags/example_dynamic_task_mapping.py for tasks to queue
[2024-11-22T19:28:26.970+0300] {logging_mixin.py:190} INFO - [2024-11-22T19:28:26.970+0300] {dagbag.py:588} INFO - Filling up the DagBag from /home/airflow/.local/lib/python3.12/site-packages/airflow/example_dags/example_dynamic_task_mapping.py
[2024-11-22T19:28:26.980+0300] {processor.py:925} INFO - DAG(s) 'example_dynamic_task_mapping' retrieved from /home/airflow/.local/lib/python3.12/site-packages/airflow/example_dags/example_dynamic_task_mapping.py
[2024-11-22T19:28:27.003+0300] {logging_mixin.py:190} INFO - [2024-11-22T19:28:27.003+0300] {dag.py:3239} INFO - Sync 1 DAGs
[2024-11-22T19:28:27.019+0300] {logging_mixin.py:190} INFO - [2024-11-22T19:28:27.019+0300] {dag.py:4180} INFO - Setting next_dagrun for example_dynamic_task_mapping to None, run_after=None
[2024-11-22T19:28:27.039+0300] {processor.py:208} INFO - Processing /home/airflow/.local/lib/python3.12/site-packages/airflow/example_dags/example_dynamic_task_mapping.py took 0.078 seconds
[2024-11-22T19:28:57.737+0300] {processor.py:186} INFO - Started process (PID=1498) to work on /home/airflow/.local/lib/python3.12/site-packages/airflow/example_dags/example_dynamic_task_mapping.py
[2024-11-22T19:28:57.738+0300] {processor.py:914} INFO - Processing file /home/airflow/.local/lib/python3.12/site-packages/airflow/example_dags/example_dynamic_task_mapping.py for tasks to queue
[2024-11-22T19:28:57.742+0300] {logging_mixin.py:190} INFO - [2024-11-22T19:28:57.741+0300] {dagbag.py:588} INFO - Filling up the DagBag from /home/airflow/.local/lib/python3.12/site-packages/airflow/example_dags/example_dynamic_task_mapping.py
[2024-11-22T19:28:57.752+0300] {processor.py:925} INFO - DAG(s) 'example_dynamic_task_mapping' retrieved from /home/airflow/.local/lib/python3.12/site-packages/airflow/example_dags/example_dynamic_task_mapping.py
[2024-11-22T19:28:57.775+0300] {logging_mixin.py:190} INFO - [2024-11-22T19:28:57.775+0300] {dag.py:3239} INFO - Sync 1 DAGs
[2024-11-22T19:28:57.788+0300] {logging_mixin.py:190} INFO - [2024-11-22T19:28:57.788+0300] {dag.py:4180} INFO - Setting next_dagrun for example_dynamic_task_mapping to None, run_after=None
[2024-11-22T19:28:57.823+0300] {processor.py:208} INFO - Processing /home/airflow/.local/lib/python3.12/site-packages/airflow/example_dags/example_dynamic_task_mapping.py took 0.094 seconds
[2024-11-22T19:29:28.022+0300] {processor.py:186} INFO - Started process (PID=1566) to work on /home/airflow/.local/lib/python3.12/site-packages/airflow/example_dags/example_dynamic_task_mapping.py
[2024-11-22T19:29:28.023+0300] {processor.py:914} INFO - Processing file /home/airflow/.local/lib/python3.12/site-packages/airflow/example_dags/example_dynamic_task_mapping.py for tasks to queue
[2024-11-22T19:29:28.025+0300] {logging_mixin.py:190} INFO - [2024-11-22T19:29:28.025+0300] {dagbag.py:588} INFO - Filling up the DagBag from /home/airflow/.local/lib/python3.12/site-packages/airflow/example_dags/example_dynamic_task_mapping.py
[2024-11-22T19:29:28.034+0300] {processor.py:925} INFO - DAG(s) 'example_dynamic_task_mapping' retrieved from /home/airflow/.local/lib/python3.12/site-packages/airflow/example_dags/example_dynamic_task_mapping.py
[2024-11-22T19:29:28.052+0300] {logging_mixin.py:190} INFO - [2024-11-22T19:29:28.052+0300] {dag.py:3239} INFO - Sync 1 DAGs
[2024-11-22T19:29:28.065+0300] {logging_mixin.py:190} INFO - [2024-11-22T19:29:28.064+0300] {dag.py:4180} INFO - Setting next_dagrun for example_dynamic_task_mapping to None, run_after=None
[2024-11-22T19:29:28.080+0300] {processor.py:208} INFO - Processing /home/airflow/.local/lib/python3.12/site-packages/airflow/example_dags/example_dynamic_task_mapping.py took 0.063 seconds
