[2024-11-22T19:18:43.146+0300] {processor.py:186} INFO - Started process (PID=117) to work on /home/airflow/.local/lib/python3.12/site-packages/airflow/example_dags/example_skip_dag.py
[2024-11-22T19:18:43.147+0300] {processor.py:914} INFO - Processing file /home/airflow/.local/lib/python3.12/site-packages/airflow/example_dags/example_skip_dag.py for tasks to queue
[2024-11-22T19:18:43.150+0300] {logging_mixin.py:190} INFO - [2024-11-22T19:18:43.150+0300] {dagbag.py:588} INFO - Filling up the DagBag from /home/airflow/.local/lib/python3.12/site-packages/airflow/example_dags/example_skip_dag.py
[2024-11-22T19:18:43.160+0300] {processor.py:925} INFO - DAG(s) 'example_skip_dag' retrieved from /home/airflow/.local/lib/python3.12/site-packages/airflow/example_dags/example_skip_dag.py
[2024-11-22T19:18:43.190+0300] {logging_mixin.py:190} INFO - [2024-11-22T19:18:43.189+0300] {dag.py:3239} INFO - Sync 1 DAGs
[2024-11-22T19:18:43.218+0300] {logging_mixin.py:190} INFO - [2024-11-22T19:18:43.218+0300] {dag.py:4180} INFO - Setting next_dagrun for example_skip_dag to 2024-11-21 00:00:00+00:00, run_after=2024-11-22 00:00:00+00:00
[2024-11-22T19:18:43.253+0300] {processor.py:208} INFO - Processing /home/airflow/.local/lib/python3.12/site-packages/airflow/example_dags/example_skip_dag.py took 0.113 seconds
[2024-11-22T19:19:14.146+0300] {processor.py:186} INFO - Started process (PID=203) to work on /home/airflow/.local/lib/python3.12/site-packages/airflow/example_dags/example_skip_dag.py
[2024-11-22T19:19:14.148+0300] {processor.py:914} INFO - Processing file /home/airflow/.local/lib/python3.12/site-packages/airflow/example_dags/example_skip_dag.py for tasks to queue
[2024-11-22T19:19:14.150+0300] {logging_mixin.py:190} INFO - [2024-11-22T19:19:14.150+0300] {dagbag.py:588} INFO - Filling up the DagBag from /home/airflow/.local/lib/python3.12/site-packages/airflow/example_dags/example_skip_dag.py
[2024-11-22T19:19:14.158+0300] {processor.py:925} INFO - DAG(s) 'example_skip_dag' retrieved from /home/airflow/.local/lib/python3.12/site-packages/airflow/example_dags/example_skip_dag.py
[2024-11-22T19:19:14.181+0300] {logging_mixin.py:190} INFO - [2024-11-22T19:19:14.181+0300] {dag.py:3239} INFO - Sync 1 DAGs
[2024-11-22T19:19:14.206+0300] {logging_mixin.py:190} INFO - [2024-11-22T19:19:14.206+0300] {dag.py:4180} INFO - Setting next_dagrun for example_skip_dag to 2024-11-21 00:00:00+00:00, run_after=2024-11-22 00:00:00+00:00
[2024-11-22T19:19:14.226+0300] {processor.py:208} INFO - Processing /home/airflow/.local/lib/python3.12/site-packages/airflow/example_dags/example_skip_dag.py took 0.085 seconds
[2024-11-22T19:19:45.371+0300] {processor.py:186} INFO - Started process (PID=272) to work on /home/airflow/.local/lib/python3.12/site-packages/airflow/example_dags/example_skip_dag.py
[2024-11-22T19:19:45.372+0300] {processor.py:914} INFO - Processing file /home/airflow/.local/lib/python3.12/site-packages/airflow/example_dags/example_skip_dag.py for tasks to queue
[2024-11-22T19:19:45.374+0300] {logging_mixin.py:190} INFO - [2024-11-22T19:19:45.374+0300] {dagbag.py:588} INFO - Filling up the DagBag from /home/airflow/.local/lib/python3.12/site-packages/airflow/example_dags/example_skip_dag.py
[2024-11-22T19:19:45.382+0300] {processor.py:925} INFO - DAG(s) 'example_skip_dag' retrieved from /home/airflow/.local/lib/python3.12/site-packages/airflow/example_dags/example_skip_dag.py
[2024-11-22T19:19:45.406+0300] {logging_mixin.py:190} INFO - [2024-11-22T19:19:45.405+0300] {dag.py:3239} INFO - Sync 1 DAGs
[2024-11-22T19:19:45.431+0300] {logging_mixin.py:190} INFO - [2024-11-22T19:19:45.430+0300] {dag.py:4180} INFO - Setting next_dagrun for example_skip_dag to 2024-11-21 00:00:00+00:00, run_after=2024-11-22 00:00:00+00:00
[2024-11-22T19:19:45.454+0300] {processor.py:208} INFO - Processing /home/airflow/.local/lib/python3.12/site-packages/airflow/example_dags/example_skip_dag.py took 0.089 seconds
[2024-11-22T19:20:15.602+0300] {processor.py:186} INFO - Started process (PID=341) to work on /home/airflow/.local/lib/python3.12/site-packages/airflow/example_dags/example_skip_dag.py
[2024-11-22T19:20:15.604+0300] {processor.py:914} INFO - Processing file /home/airflow/.local/lib/python3.12/site-packages/airflow/example_dags/example_skip_dag.py for tasks to queue
[2024-11-22T19:20:15.606+0300] {logging_mixin.py:190} INFO - [2024-11-22T19:20:15.606+0300] {dagbag.py:588} INFO - Filling up the DagBag from /home/airflow/.local/lib/python3.12/site-packages/airflow/example_dags/example_skip_dag.py
[2024-11-22T19:20:15.614+0300] {processor.py:925} INFO - DAG(s) 'example_skip_dag' retrieved from /home/airflow/.local/lib/python3.12/site-packages/airflow/example_dags/example_skip_dag.py
[2024-11-22T19:20:15.634+0300] {logging_mixin.py:190} INFO - [2024-11-22T19:20:15.633+0300] {dag.py:3239} INFO - Sync 1 DAGs
[2024-11-22T19:20:15.656+0300] {logging_mixin.py:190} INFO - [2024-11-22T19:20:15.656+0300] {dag.py:4180} INFO - Setting next_dagrun for example_skip_dag to 2024-11-21 00:00:00+00:00, run_after=2024-11-22 00:00:00+00:00
[2024-11-22T19:20:15.678+0300] {processor.py:208} INFO - Processing /home/airflow/.local/lib/python3.12/site-packages/airflow/example_dags/example_skip_dag.py took 0.081 seconds
[2024-11-22T19:20:46.147+0300] {processor.py:186} INFO - Started process (PID=410) to work on /home/airflow/.local/lib/python3.12/site-packages/airflow/example_dags/example_skip_dag.py
[2024-11-22T19:20:46.148+0300] {processor.py:914} INFO - Processing file /home/airflow/.local/lib/python3.12/site-packages/airflow/example_dags/example_skip_dag.py for tasks to queue
[2024-11-22T19:20:46.150+0300] {logging_mixin.py:190} INFO - [2024-11-22T19:20:46.150+0300] {dagbag.py:588} INFO - Filling up the DagBag from /home/airflow/.local/lib/python3.12/site-packages/airflow/example_dags/example_skip_dag.py
[2024-11-22T19:20:46.157+0300] {processor.py:925} INFO - DAG(s) 'example_skip_dag' retrieved from /home/airflow/.local/lib/python3.12/site-packages/airflow/example_dags/example_skip_dag.py
[2024-11-22T19:20:46.181+0300] {logging_mixin.py:190} INFO - [2024-11-22T19:20:46.181+0300] {dag.py:3239} INFO - Sync 1 DAGs
[2024-11-22T19:20:46.202+0300] {logging_mixin.py:190} INFO - [2024-11-22T19:20:46.201+0300] {dag.py:4180} INFO - Setting next_dagrun for example_skip_dag to 2024-11-21 00:00:00+00:00, run_after=2024-11-22 00:00:00+00:00
[2024-11-22T19:20:46.222+0300] {processor.py:208} INFO - Processing /home/airflow/.local/lib/python3.12/site-packages/airflow/example_dags/example_skip_dag.py took 0.080 seconds
[2024-11-22T19:21:17.406+0300] {processor.py:186} INFO - Started process (PID=479) to work on /home/airflow/.local/lib/python3.12/site-packages/airflow/example_dags/example_skip_dag.py
[2024-11-22T19:21:17.407+0300] {processor.py:914} INFO - Processing file /home/airflow/.local/lib/python3.12/site-packages/airflow/example_dags/example_skip_dag.py for tasks to queue
[2024-11-22T19:21:17.410+0300] {logging_mixin.py:190} INFO - [2024-11-22T19:21:17.410+0300] {dagbag.py:588} INFO - Filling up the DagBag from /home/airflow/.local/lib/python3.12/site-packages/airflow/example_dags/example_skip_dag.py
[2024-11-22T19:21:17.418+0300] {processor.py:925} INFO - DAG(s) 'example_skip_dag' retrieved from /home/airflow/.local/lib/python3.12/site-packages/airflow/example_dags/example_skip_dag.py
[2024-11-22T19:21:17.440+0300] {logging_mixin.py:190} INFO - [2024-11-22T19:21:17.440+0300] {dag.py:3239} INFO - Sync 1 DAGs
[2024-11-22T19:21:17.459+0300] {logging_mixin.py:190} INFO - [2024-11-22T19:21:17.459+0300] {dag.py:4180} INFO - Setting next_dagrun for example_skip_dag to 2024-11-21 00:00:00+00:00, run_after=2024-11-22 00:00:00+00:00
[2024-11-22T19:21:17.477+0300] {processor.py:208} INFO - Processing /home/airflow/.local/lib/python3.12/site-packages/airflow/example_dags/example_skip_dag.py took 0.077 seconds
[2024-11-22T19:21:48.062+0300] {processor.py:186} INFO - Started process (PID=548) to work on /home/airflow/.local/lib/python3.12/site-packages/airflow/example_dags/example_skip_dag.py
[2024-11-22T19:21:48.063+0300] {processor.py:914} INFO - Processing file /home/airflow/.local/lib/python3.12/site-packages/airflow/example_dags/example_skip_dag.py for tasks to queue
[2024-11-22T19:21:48.065+0300] {logging_mixin.py:190} INFO - [2024-11-22T19:21:48.064+0300] {dagbag.py:588} INFO - Filling up the DagBag from /home/airflow/.local/lib/python3.12/site-packages/airflow/example_dags/example_skip_dag.py
[2024-11-22T19:21:48.072+0300] {processor.py:925} INFO - DAG(s) 'example_skip_dag' retrieved from /home/airflow/.local/lib/python3.12/site-packages/airflow/example_dags/example_skip_dag.py
[2024-11-22T19:21:48.088+0300] {logging_mixin.py:190} INFO - [2024-11-22T19:21:48.088+0300] {dag.py:3239} INFO - Sync 1 DAGs
[2024-11-22T19:21:48.107+0300] {logging_mixin.py:190} INFO - [2024-11-22T19:21:48.107+0300] {dag.py:4180} INFO - Setting next_dagrun for example_skip_dag to 2024-11-21 00:00:00+00:00, run_after=2024-11-22 00:00:00+00:00
[2024-11-22T19:21:48.122+0300] {processor.py:208} INFO - Processing /home/airflow/.local/lib/python3.12/site-packages/airflow/example_dags/example_skip_dag.py took 0.065 seconds
[2024-11-22T19:22:18.892+0300] {processor.py:186} INFO - Started process (PID=617) to work on /home/airflow/.local/lib/python3.12/site-packages/airflow/example_dags/example_skip_dag.py
[2024-11-22T19:22:18.894+0300] {processor.py:914} INFO - Processing file /home/airflow/.local/lib/python3.12/site-packages/airflow/example_dags/example_skip_dag.py for tasks to queue
[2024-11-22T19:22:18.897+0300] {logging_mixin.py:190} INFO - [2024-11-22T19:22:18.897+0300] {dagbag.py:588} INFO - Filling up the DagBag from /home/airflow/.local/lib/python3.12/site-packages/airflow/example_dags/example_skip_dag.py
[2024-11-22T19:22:18.905+0300] {processor.py:925} INFO - DAG(s) 'example_skip_dag' retrieved from /home/airflow/.local/lib/python3.12/site-packages/airflow/example_dags/example_skip_dag.py
[2024-11-22T19:22:18.931+0300] {logging_mixin.py:190} INFO - [2024-11-22T19:22:18.930+0300] {dag.py:3239} INFO - Sync 1 DAGs
[2024-11-22T19:22:18.959+0300] {logging_mixin.py:190} INFO - [2024-11-22T19:22:18.959+0300] {dag.py:4180} INFO - Setting next_dagrun for example_skip_dag to 2024-11-21 00:00:00+00:00, run_after=2024-11-22 00:00:00+00:00
[2024-11-22T19:22:18.984+0300] {processor.py:208} INFO - Processing /home/airflow/.local/lib/python3.12/site-packages/airflow/example_dags/example_skip_dag.py took 0.097 seconds
[2024-11-22T19:22:49.156+0300] {processor.py:186} INFO - Started process (PID=686) to work on /home/airflow/.local/lib/python3.12/site-packages/airflow/example_dags/example_skip_dag.py
[2024-11-22T19:22:49.157+0300] {processor.py:914} INFO - Processing file /home/airflow/.local/lib/python3.12/site-packages/airflow/example_dags/example_skip_dag.py for tasks to queue
[2024-11-22T19:22:49.160+0300] {logging_mixin.py:190} INFO - [2024-11-22T19:22:49.159+0300] {dagbag.py:588} INFO - Filling up the DagBag from /home/airflow/.local/lib/python3.12/site-packages/airflow/example_dags/example_skip_dag.py
[2024-11-22T19:22:49.166+0300] {processor.py:925} INFO - DAG(s) 'example_skip_dag' retrieved from /home/airflow/.local/lib/python3.12/site-packages/airflow/example_dags/example_skip_dag.py
[2024-11-22T19:22:49.186+0300] {logging_mixin.py:190} INFO - [2024-11-22T19:22:49.186+0300] {dag.py:3239} INFO - Sync 1 DAGs
[2024-11-22T19:22:49.209+0300] {logging_mixin.py:190} INFO - [2024-11-22T19:22:49.208+0300] {dag.py:4180} INFO - Setting next_dagrun for example_skip_dag to 2024-11-21 00:00:00+00:00, run_after=2024-11-22 00:00:00+00:00
[2024-11-22T19:22:49.227+0300] {processor.py:208} INFO - Processing /home/airflow/.local/lib/python3.12/site-packages/airflow/example_dags/example_skip_dag.py took 0.076 seconds
[2024-11-22T19:23:20.103+0300] {processor.py:186} INFO - Started process (PID=755) to work on /home/airflow/.local/lib/python3.12/site-packages/airflow/example_dags/example_skip_dag.py
[2024-11-22T19:23:20.105+0300] {processor.py:914} INFO - Processing file /home/airflow/.local/lib/python3.12/site-packages/airflow/example_dags/example_skip_dag.py for tasks to queue
[2024-11-22T19:23:20.107+0300] {logging_mixin.py:190} INFO - [2024-11-22T19:23:20.107+0300] {dagbag.py:588} INFO - Filling up the DagBag from /home/airflow/.local/lib/python3.12/site-packages/airflow/example_dags/example_skip_dag.py
[2024-11-22T19:23:20.114+0300] {processor.py:925} INFO - DAG(s) 'example_skip_dag' retrieved from /home/airflow/.local/lib/python3.12/site-packages/airflow/example_dags/example_skip_dag.py
[2024-11-22T19:23:20.133+0300] {logging_mixin.py:190} INFO - [2024-11-22T19:23:20.133+0300] {dag.py:3239} INFO - Sync 1 DAGs
[2024-11-22T19:23:20.158+0300] {logging_mixin.py:190} INFO - [2024-11-22T19:23:20.158+0300] {dag.py:4180} INFO - Setting next_dagrun for example_skip_dag to 2024-11-21 00:00:00+00:00, run_after=2024-11-22 00:00:00+00:00
[2024-11-22T19:23:20.176+0300] {processor.py:208} INFO - Processing /home/airflow/.local/lib/python3.12/site-packages/airflow/example_dags/example_skip_dag.py took 0.077 seconds
[2024-11-22T19:23:50.362+0300] {processor.py:186} INFO - Started process (PID=824) to work on /home/airflow/.local/lib/python3.12/site-packages/airflow/example_dags/example_skip_dag.py
[2024-11-22T19:23:50.364+0300] {processor.py:914} INFO - Processing file /home/airflow/.local/lib/python3.12/site-packages/airflow/example_dags/example_skip_dag.py for tasks to queue
[2024-11-22T19:23:50.367+0300] {logging_mixin.py:190} INFO - [2024-11-22T19:23:50.367+0300] {dagbag.py:588} INFO - Filling up the DagBag from /home/airflow/.local/lib/python3.12/site-packages/airflow/example_dags/example_skip_dag.py
[2024-11-22T19:23:50.374+0300] {processor.py:925} INFO - DAG(s) 'example_skip_dag' retrieved from /home/airflow/.local/lib/python3.12/site-packages/airflow/example_dags/example_skip_dag.py
[2024-11-22T19:23:50.394+0300] {logging_mixin.py:190} INFO - [2024-11-22T19:23:50.394+0300] {dag.py:3239} INFO - Sync 1 DAGs
[2024-11-22T19:23:50.415+0300] {logging_mixin.py:190} INFO - [2024-11-22T19:23:50.415+0300] {dag.py:4180} INFO - Setting next_dagrun for example_skip_dag to 2024-11-21 00:00:00+00:00, run_after=2024-11-22 00:00:00+00:00
[2024-11-22T19:23:50.435+0300] {processor.py:208} INFO - Processing /home/airflow/.local/lib/python3.12/site-packages/airflow/example_dags/example_skip_dag.py took 0.077 seconds
[2024-11-22T19:24:21.381+0300] {processor.py:186} INFO - Started process (PID=893) to work on /home/airflow/.local/lib/python3.12/site-packages/airflow/example_dags/example_skip_dag.py
[2024-11-22T19:24:21.382+0300] {processor.py:914} INFO - Processing file /home/airflow/.local/lib/python3.12/site-packages/airflow/example_dags/example_skip_dag.py for tasks to queue
[2024-11-22T19:24:21.385+0300] {logging_mixin.py:190} INFO - [2024-11-22T19:24:21.385+0300] {dagbag.py:588} INFO - Filling up the DagBag from /home/airflow/.local/lib/python3.12/site-packages/airflow/example_dags/example_skip_dag.py
[2024-11-22T19:24:21.392+0300] {processor.py:925} INFO - DAG(s) 'example_skip_dag' retrieved from /home/airflow/.local/lib/python3.12/site-packages/airflow/example_dags/example_skip_dag.py
[2024-11-22T19:24:21.410+0300] {logging_mixin.py:190} INFO - [2024-11-22T19:24:21.410+0300] {dag.py:3239} INFO - Sync 1 DAGs
[2024-11-22T19:24:21.430+0300] {logging_mixin.py:190} INFO - [2024-11-22T19:24:21.429+0300] {dag.py:4180} INFO - Setting next_dagrun for example_skip_dag to 2024-11-21 00:00:00+00:00, run_after=2024-11-22 00:00:00+00:00
[2024-11-22T19:24:21.447+0300] {processor.py:208} INFO - Processing /home/airflow/.local/lib/python3.12/site-packages/airflow/example_dags/example_skip_dag.py took 0.070 seconds
[2024-11-22T19:24:52.293+0300] {processor.py:186} INFO - Started process (PID=962) to work on /home/airflow/.local/lib/python3.12/site-packages/airflow/example_dags/example_skip_dag.py
[2024-11-22T19:24:52.294+0300] {processor.py:914} INFO - Processing file /home/airflow/.local/lib/python3.12/site-packages/airflow/example_dags/example_skip_dag.py for tasks to queue
[2024-11-22T19:24:52.298+0300] {logging_mixin.py:190} INFO - [2024-11-22T19:24:52.297+0300] {dagbag.py:588} INFO - Filling up the DagBag from /home/airflow/.local/lib/python3.12/site-packages/airflow/example_dags/example_skip_dag.py
[2024-11-22T19:24:52.306+0300] {processor.py:925} INFO - DAG(s) 'example_skip_dag' retrieved from /home/airflow/.local/lib/python3.12/site-packages/airflow/example_dags/example_skip_dag.py
[2024-11-22T19:24:52.328+0300] {logging_mixin.py:190} INFO - [2024-11-22T19:24:52.328+0300] {dag.py:3239} INFO - Sync 1 DAGs
[2024-11-22T19:24:52.351+0300] {logging_mixin.py:190} INFO - [2024-11-22T19:24:52.350+0300] {dag.py:4180} INFO - Setting next_dagrun for example_skip_dag to 2024-11-21 00:00:00+00:00, run_after=2024-11-22 00:00:00+00:00
[2024-11-22T19:24:52.368+0300] {processor.py:208} INFO - Processing /home/airflow/.local/lib/python3.12/site-packages/airflow/example_dags/example_skip_dag.py took 0.081 seconds
[2024-11-22T19:25:22.846+0300] {processor.py:186} INFO - Started process (PID=1031) to work on /home/airflow/.local/lib/python3.12/site-packages/airflow/example_dags/example_skip_dag.py
[2024-11-22T19:25:22.848+0300] {processor.py:914} INFO - Processing file /home/airflow/.local/lib/python3.12/site-packages/airflow/example_dags/example_skip_dag.py for tasks to queue
[2024-11-22T19:25:22.850+0300] {logging_mixin.py:190} INFO - [2024-11-22T19:25:22.850+0300] {dagbag.py:588} INFO - Filling up the DagBag from /home/airflow/.local/lib/python3.12/site-packages/airflow/example_dags/example_skip_dag.py
[2024-11-22T19:25:22.857+0300] {processor.py:925} INFO - DAG(s) 'example_skip_dag' retrieved from /home/airflow/.local/lib/python3.12/site-packages/airflow/example_dags/example_skip_dag.py
[2024-11-22T19:25:22.881+0300] {logging_mixin.py:190} INFO - [2024-11-22T19:25:22.881+0300] {dag.py:3239} INFO - Sync 1 DAGs
[2024-11-22T19:25:22.906+0300] {logging_mixin.py:190} INFO - [2024-11-22T19:25:22.906+0300] {dag.py:4180} INFO - Setting next_dagrun for example_skip_dag to 2024-11-21 00:00:00+00:00, run_after=2024-11-22 00:00:00+00:00
[2024-11-22T19:25:22.930+0300] {processor.py:208} INFO - Processing /home/airflow/.local/lib/python3.12/site-packages/airflow/example_dags/example_skip_dag.py took 0.091 seconds
[2024-11-22T19:25:53.191+0300] {processor.py:186} INFO - Started process (PID=1100) to work on /home/airflow/.local/lib/python3.12/site-packages/airflow/example_dags/example_skip_dag.py
[2024-11-22T19:25:53.192+0300] {processor.py:914} INFO - Processing file /home/airflow/.local/lib/python3.12/site-packages/airflow/example_dags/example_skip_dag.py for tasks to queue
[2024-11-22T19:25:53.195+0300] {logging_mixin.py:190} INFO - [2024-11-22T19:25:53.195+0300] {dagbag.py:588} INFO - Filling up the DagBag from /home/airflow/.local/lib/python3.12/site-packages/airflow/example_dags/example_skip_dag.py
[2024-11-22T19:25:53.204+0300] {processor.py:925} INFO - DAG(s) 'example_skip_dag' retrieved from /home/airflow/.local/lib/python3.12/site-packages/airflow/example_dags/example_skip_dag.py
[2024-11-22T19:25:53.222+0300] {logging_mixin.py:190} INFO - [2024-11-22T19:25:53.221+0300] {dag.py:3239} INFO - Sync 1 DAGs
[2024-11-22T19:25:53.239+0300] {logging_mixin.py:190} INFO - [2024-11-22T19:25:53.239+0300] {dag.py:4180} INFO - Setting next_dagrun for example_skip_dag to 2024-11-21 00:00:00+00:00, run_after=2024-11-22 00:00:00+00:00
[2024-11-22T19:25:53.254+0300] {processor.py:208} INFO - Processing /home/airflow/.local/lib/python3.12/site-packages/airflow/example_dags/example_skip_dag.py took 0.068 seconds
[2024-11-22T19:26:23.757+0300] {processor.py:186} INFO - Started process (PID=1169) to work on /home/airflow/.local/lib/python3.12/site-packages/airflow/example_dags/example_skip_dag.py
[2024-11-22T19:26:23.758+0300] {processor.py:914} INFO - Processing file /home/airflow/.local/lib/python3.12/site-packages/airflow/example_dags/example_skip_dag.py for tasks to queue
[2024-11-22T19:26:23.760+0300] {logging_mixin.py:190} INFO - [2024-11-22T19:26:23.760+0300] {dagbag.py:588} INFO - Filling up the DagBag from /home/airflow/.local/lib/python3.12/site-packages/airflow/example_dags/example_skip_dag.py
[2024-11-22T19:26:23.768+0300] {processor.py:925} INFO - DAG(s) 'example_skip_dag' retrieved from /home/airflow/.local/lib/python3.12/site-packages/airflow/example_dags/example_skip_dag.py
[2024-11-22T19:26:23.788+0300] {logging_mixin.py:190} INFO - [2024-11-22T19:26:23.788+0300] {dag.py:3239} INFO - Sync 1 DAGs
[2024-11-22T19:26:23.808+0300] {logging_mixin.py:190} INFO - [2024-11-22T19:26:23.807+0300] {dag.py:4180} INFO - Setting next_dagrun for example_skip_dag to 2024-11-21 00:00:00+00:00, run_after=2024-11-22 00:00:00+00:00
[2024-11-22T19:26:23.828+0300] {processor.py:208} INFO - Processing /home/airflow/.local/lib/python3.12/site-packages/airflow/example_dags/example_skip_dag.py took 0.076 seconds
[2024-11-22T19:26:55.726+0300] {processor.py:186} INFO - Started process (PID=1238) to work on /home/airflow/.local/lib/python3.12/site-packages/airflow/example_dags/example_skip_dag.py
[2024-11-22T19:26:55.727+0300] {processor.py:914} INFO - Processing file /home/airflow/.local/lib/python3.12/site-packages/airflow/example_dags/example_skip_dag.py for tasks to queue
[2024-11-22T19:26:55.730+0300] {logging_mixin.py:190} INFO - [2024-11-22T19:26:55.730+0300] {dagbag.py:588} INFO - Filling up the DagBag from /home/airflow/.local/lib/python3.12/site-packages/airflow/example_dags/example_skip_dag.py
[2024-11-22T19:26:55.739+0300] {processor.py:925} INFO - DAG(s) 'example_skip_dag' retrieved from /home/airflow/.local/lib/python3.12/site-packages/airflow/example_dags/example_skip_dag.py
[2024-11-22T19:26:55.764+0300] {logging_mixin.py:190} INFO - [2024-11-22T19:26:55.764+0300] {dag.py:3239} INFO - Sync 1 DAGs
[2024-11-22T19:26:55.790+0300] {logging_mixin.py:190} INFO - [2024-11-22T19:26:55.789+0300] {dag.py:4180} INFO - Setting next_dagrun for example_skip_dag to 2024-11-21 00:00:00+00:00, run_after=2024-11-22 00:00:00+00:00
[2024-11-22T19:26:55.817+0300] {processor.py:208} INFO - Processing /home/airflow/.local/lib/python3.12/site-packages/airflow/example_dags/example_skip_dag.py took 0.096 seconds
[2024-11-22T19:27:26.234+0300] {processor.py:186} INFO - Started process (PID=1307) to work on /home/airflow/.local/lib/python3.12/site-packages/airflow/example_dags/example_skip_dag.py
[2024-11-22T19:27:26.236+0300] {processor.py:914} INFO - Processing file /home/airflow/.local/lib/python3.12/site-packages/airflow/example_dags/example_skip_dag.py for tasks to queue
[2024-11-22T19:27:26.238+0300] {logging_mixin.py:190} INFO - [2024-11-22T19:27:26.238+0300] {dagbag.py:588} INFO - Filling up the DagBag from /home/airflow/.local/lib/python3.12/site-packages/airflow/example_dags/example_skip_dag.py
[2024-11-22T19:27:26.246+0300] {processor.py:925} INFO - DAG(s) 'example_skip_dag' retrieved from /home/airflow/.local/lib/python3.12/site-packages/airflow/example_dags/example_skip_dag.py
[2024-11-22T19:27:26.263+0300] {logging_mixin.py:190} INFO - [2024-11-22T19:27:26.263+0300] {dag.py:3239} INFO - Sync 1 DAGs
[2024-11-22T19:27:26.282+0300] {logging_mixin.py:190} INFO - [2024-11-22T19:27:26.282+0300] {dag.py:4180} INFO - Setting next_dagrun for example_skip_dag to 2024-11-21 00:00:00+00:00, run_after=2024-11-22 00:00:00+00:00
[2024-11-22T19:27:26.298+0300] {processor.py:208} INFO - Processing /home/airflow/.local/lib/python3.12/site-packages/airflow/example_dags/example_skip_dag.py took 0.069 seconds
[2024-11-22T19:27:57.009+0300] {processor.py:186} INFO - Started process (PID=1376) to work on /home/airflow/.local/lib/python3.12/site-packages/airflow/example_dags/example_skip_dag.py
[2024-11-22T19:27:57.010+0300] {processor.py:914} INFO - Processing file /home/airflow/.local/lib/python3.12/site-packages/airflow/example_dags/example_skip_dag.py for tasks to queue
[2024-11-22T19:27:57.012+0300] {logging_mixin.py:190} INFO - [2024-11-22T19:27:57.012+0300] {dagbag.py:588} INFO - Filling up the DagBag from /home/airflow/.local/lib/python3.12/site-packages/airflow/example_dags/example_skip_dag.py
[2024-11-22T19:27:57.019+0300] {processor.py:925} INFO - DAG(s) 'example_skip_dag' retrieved from /home/airflow/.local/lib/python3.12/site-packages/airflow/example_dags/example_skip_dag.py
[2024-11-22T19:27:57.037+0300] {logging_mixin.py:190} INFO - [2024-11-22T19:27:57.037+0300] {dag.py:3239} INFO - Sync 1 DAGs
[2024-11-22T19:27:57.056+0300] {logging_mixin.py:190} INFO - [2024-11-22T19:27:57.056+0300] {dag.py:4180} INFO - Setting next_dagrun for example_skip_dag to 2024-11-21 00:00:00+00:00, run_after=2024-11-22 00:00:00+00:00
[2024-11-22T19:27:57.074+0300] {processor.py:208} INFO - Processing /home/airflow/.local/lib/python3.12/site-packages/airflow/example_dags/example_skip_dag.py took 0.070 seconds
[2024-11-22T19:28:28.097+0300] {processor.py:186} INFO - Started process (PID=1445) to work on /home/airflow/.local/lib/python3.12/site-packages/airflow/example_dags/example_skip_dag.py
[2024-11-22T19:28:28.099+0300] {processor.py:914} INFO - Processing file /home/airflow/.local/lib/python3.12/site-packages/airflow/example_dags/example_skip_dag.py for tasks to queue
[2024-11-22T19:28:28.102+0300] {logging_mixin.py:190} INFO - [2024-11-22T19:28:28.102+0300] {dagbag.py:588} INFO - Filling up the DagBag from /home/airflow/.local/lib/python3.12/site-packages/airflow/example_dags/example_skip_dag.py
[2024-11-22T19:28:28.110+0300] {processor.py:925} INFO - DAG(s) 'example_skip_dag' retrieved from /home/airflow/.local/lib/python3.12/site-packages/airflow/example_dags/example_skip_dag.py
[2024-11-22T19:28:28.133+0300] {logging_mixin.py:190} INFO - [2024-11-22T19:28:28.133+0300] {dag.py:3239} INFO - Sync 1 DAGs
[2024-11-22T19:28:28.160+0300] {logging_mixin.py:190} INFO - [2024-11-22T19:28:28.159+0300] {dag.py:4180} INFO - Setting next_dagrun for example_skip_dag to 2024-11-21 00:00:00+00:00, run_after=2024-11-22 00:00:00+00:00
[2024-11-22T19:28:28.183+0300] {processor.py:208} INFO - Processing /home/airflow/.local/lib/python3.12/site-packages/airflow/example_dags/example_skip_dag.py took 0.093 seconds
[2024-11-22T19:28:59.036+0300] {processor.py:186} INFO - Started process (PID=1514) to work on /home/airflow/.local/lib/python3.12/site-packages/airflow/example_dags/example_skip_dag.py
[2024-11-22T19:28:59.037+0300] {processor.py:914} INFO - Processing file /home/airflow/.local/lib/python3.12/site-packages/airflow/example_dags/example_skip_dag.py for tasks to queue
[2024-11-22T19:28:59.039+0300] {logging_mixin.py:190} INFO - [2024-11-22T19:28:59.039+0300] {dagbag.py:588} INFO - Filling up the DagBag from /home/airflow/.local/lib/python3.12/site-packages/airflow/example_dags/example_skip_dag.py
[2024-11-22T19:28:59.047+0300] {processor.py:925} INFO - DAG(s) 'example_skip_dag' retrieved from /home/airflow/.local/lib/python3.12/site-packages/airflow/example_dags/example_skip_dag.py
[2024-11-22T19:28:59.070+0300] {logging_mixin.py:190} INFO - [2024-11-22T19:28:59.070+0300] {dag.py:3239} INFO - Sync 1 DAGs
[2024-11-22T19:28:59.097+0300] {logging_mixin.py:190} INFO - [2024-11-22T19:28:59.097+0300] {dag.py:4180} INFO - Setting next_dagrun for example_skip_dag to 2024-11-21 00:00:00+00:00, run_after=2024-11-22 00:00:00+00:00
[2024-11-22T19:28:59.119+0300] {processor.py:208} INFO - Processing /home/airflow/.local/lib/python3.12/site-packages/airflow/example_dags/example_skip_dag.py took 0.089 seconds
[2024-11-22T19:29:29.430+0300] {processor.py:186} INFO - Started process (PID=1583) to work on /home/airflow/.local/lib/python3.12/site-packages/airflow/example_dags/example_skip_dag.py
[2024-11-22T19:29:29.431+0300] {processor.py:914} INFO - Processing file /home/airflow/.local/lib/python3.12/site-packages/airflow/example_dags/example_skip_dag.py for tasks to queue
[2024-11-22T19:29:29.433+0300] {logging_mixin.py:190} INFO - [2024-11-22T19:29:29.433+0300] {dagbag.py:588} INFO - Filling up the DagBag from /home/airflow/.local/lib/python3.12/site-packages/airflow/example_dags/example_skip_dag.py
[2024-11-22T19:29:29.440+0300] {processor.py:925} INFO - DAG(s) 'example_skip_dag' retrieved from /home/airflow/.local/lib/python3.12/site-packages/airflow/example_dags/example_skip_dag.py
[2024-11-22T19:29:29.458+0300] {logging_mixin.py:190} INFO - [2024-11-22T19:29:29.458+0300] {dag.py:3239} INFO - Sync 1 DAGs
[2024-11-22T19:29:29.476+0300] {logging_mixin.py:190} INFO - [2024-11-22T19:29:29.476+0300] {dag.py:4180} INFO - Setting next_dagrun for example_skip_dag to 2024-11-21 00:00:00+00:00, run_after=2024-11-22 00:00:00+00:00
[2024-11-22T19:29:29.492+0300] {processor.py:208} INFO - Processing /home/airflow/.local/lib/python3.12/site-packages/airflow/example_dags/example_skip_dag.py took 0.067 seconds
