[2024-11-22T19:18:43.464+0300] {processor.py:186} INFO - Started process (PID=121) to work on /home/airflow/.local/lib/python3.12/site-packages/airflow/example_dags/example_bash_decorator.py
[2024-11-22T19:18:43.466+0300] {processor.py:914} INFO - Processing file /home/airflow/.local/lib/python3.12/site-packages/airflow/example_dags/example_bash_decorator.py for tasks to queue
[2024-11-22T19:18:43.470+0300] {logging_mixin.py:190} INFO - [2024-11-22T19:18:43.469+0300] {dagbag.py:588} INFO - Filling up the DagBag from /home/airflow/.local/lib/python3.12/site-packages/airflow/example_dags/example_bash_decorator.py
[2024-11-22T19:18:43.490+0300] {processor.py:925} INFO - DAG(s) 'example_bash_decorator' retrieved from /home/airflow/.local/lib/python3.12/site-packages/airflow/example_dags/example_bash_decorator.py
[2024-11-22T19:18:43.626+0300] {logging_mixin.py:190} INFO - [2024-11-22T19:18:43.626+0300] {dag.py:3239} INFO - Sync 1 DAGs
[2024-11-22T19:18:43.641+0300] {logging_mixin.py:190} INFO - [2024-11-22T19:18:43.641+0300] {dag.py:4180} INFO - Setting next_dagrun for example_bash_decorator to None, run_after=None
[2024-11-22T19:18:43.665+0300] {processor.py:208} INFO - Processing /home/airflow/.local/lib/python3.12/site-packages/airflow/example_dags/example_bash_decorator.py took 0.209 seconds
[2024-11-22T19:19:14.461+0300] {processor.py:186} INFO - Started process (PID=207) to work on /home/airflow/.local/lib/python3.12/site-packages/airflow/example_dags/example_bash_decorator.py
[2024-11-22T19:19:14.462+0300] {processor.py:914} INFO - Processing file /home/airflow/.local/lib/python3.12/site-packages/airflow/example_dags/example_bash_decorator.py for tasks to queue
[2024-11-22T19:19:14.465+0300] {logging_mixin.py:190} INFO - [2024-11-22T19:19:14.465+0300] {dagbag.py:588} INFO - Filling up the DagBag from /home/airflow/.local/lib/python3.12/site-packages/airflow/example_dags/example_bash_decorator.py
[2024-11-22T19:19:14.479+0300] {processor.py:925} INFO - DAG(s) 'example_bash_decorator' retrieved from /home/airflow/.local/lib/python3.12/site-packages/airflow/example_dags/example_bash_decorator.py
[2024-11-22T19:19:14.507+0300] {logging_mixin.py:190} INFO - [2024-11-22T19:19:14.501+0300] {dag.py:3239} INFO - Sync 1 DAGs
[2024-11-22T19:19:14.521+0300] {logging_mixin.py:190} INFO - [2024-11-22T19:19:14.520+0300] {dag.py:4180} INFO - Setting next_dagrun for example_bash_decorator to None, run_after=None
[2024-11-22T19:19:14.539+0300] {processor.py:208} INFO - Processing /home/airflow/.local/lib/python3.12/site-packages/airflow/example_dags/example_bash_decorator.py took 0.084 seconds
[2024-11-22T19:19:45.776+0300] {processor.py:186} INFO - Started process (PID=276) to work on /home/airflow/.local/lib/python3.12/site-packages/airflow/example_dags/example_bash_decorator.py
[2024-11-22T19:19:45.777+0300] {processor.py:914} INFO - Processing file /home/airflow/.local/lib/python3.12/site-packages/airflow/example_dags/example_bash_decorator.py for tasks to queue
[2024-11-22T19:19:45.780+0300] {logging_mixin.py:190} INFO - [2024-11-22T19:19:45.780+0300] {dagbag.py:588} INFO - Filling up the DagBag from /home/airflow/.local/lib/python3.12/site-packages/airflow/example_dags/example_bash_decorator.py
[2024-11-22T19:19:45.795+0300] {processor.py:925} INFO - DAG(s) 'example_bash_decorator' retrieved from /home/airflow/.local/lib/python3.12/site-packages/airflow/example_dags/example_bash_decorator.py
[2024-11-22T19:19:45.819+0300] {logging_mixin.py:190} INFO - [2024-11-22T19:19:45.819+0300] {dag.py:3239} INFO - Sync 1 DAGs
[2024-11-22T19:19:45.835+0300] {logging_mixin.py:190} INFO - [2024-11-22T19:19:45.835+0300] {dag.py:4180} INFO - Setting next_dagrun for example_bash_decorator to None, run_after=None
[2024-11-22T19:19:45.869+0300] {processor.py:208} INFO - Processing /home/airflow/.local/lib/python3.12/site-packages/airflow/example_dags/example_bash_decorator.py took 0.100 seconds
[2024-11-22T19:20:15.960+0300] {processor.py:186} INFO - Started process (PID=345) to work on /home/airflow/.local/lib/python3.12/site-packages/airflow/example_dags/example_bash_decorator.py
[2024-11-22T19:20:15.961+0300] {processor.py:914} INFO - Processing file /home/airflow/.local/lib/python3.12/site-packages/airflow/example_dags/example_bash_decorator.py for tasks to queue
[2024-11-22T19:20:15.964+0300] {logging_mixin.py:190} INFO - [2024-11-22T19:20:15.964+0300] {dagbag.py:588} INFO - Filling up the DagBag from /home/airflow/.local/lib/python3.12/site-packages/airflow/example_dags/example_bash_decorator.py
[2024-11-22T19:20:15.979+0300] {processor.py:925} INFO - DAG(s) 'example_bash_decorator' retrieved from /home/airflow/.local/lib/python3.12/site-packages/airflow/example_dags/example_bash_decorator.py
[2024-11-22T19:20:16.005+0300] {logging_mixin.py:190} INFO - [2024-11-22T19:20:16.004+0300] {dag.py:3239} INFO - Sync 1 DAGs
[2024-11-22T19:20:16.018+0300] {logging_mixin.py:190} INFO - [2024-11-22T19:20:16.018+0300] {dag.py:4180} INFO - Setting next_dagrun for example_bash_decorator to None, run_after=None
[2024-11-22T19:20:16.037+0300] {processor.py:208} INFO - Processing /home/airflow/.local/lib/python3.12/site-packages/airflow/example_dags/example_bash_decorator.py took 0.083 seconds
[2024-11-22T19:20:46.420+0300] {processor.py:186} INFO - Started process (PID=414) to work on /home/airflow/.local/lib/python3.12/site-packages/airflow/example_dags/example_bash_decorator.py
[2024-11-22T19:20:46.421+0300] {processor.py:914} INFO - Processing file /home/airflow/.local/lib/python3.12/site-packages/airflow/example_dags/example_bash_decorator.py for tasks to queue
[2024-11-22T19:20:46.424+0300] {logging_mixin.py:190} INFO - [2024-11-22T19:20:46.423+0300] {dagbag.py:588} INFO - Filling up the DagBag from /home/airflow/.local/lib/python3.12/site-packages/airflow/example_dags/example_bash_decorator.py
[2024-11-22T19:20:46.439+0300] {processor.py:925} INFO - DAG(s) 'example_bash_decorator' retrieved from /home/airflow/.local/lib/python3.12/site-packages/airflow/example_dags/example_bash_decorator.py
[2024-11-22T19:20:46.463+0300] {logging_mixin.py:190} INFO - [2024-11-22T19:20:46.462+0300] {dag.py:3239} INFO - Sync 1 DAGs
[2024-11-22T19:20:46.477+0300] {logging_mixin.py:190} INFO - [2024-11-22T19:20:46.477+0300] {dag.py:4180} INFO - Setting next_dagrun for example_bash_decorator to None, run_after=None
[2024-11-22T19:20:46.494+0300] {processor.py:208} INFO - Processing /home/airflow/.local/lib/python3.12/site-packages/airflow/example_dags/example_bash_decorator.py took 0.079 seconds
[2024-11-22T19:21:17.661+0300] {processor.py:186} INFO - Started process (PID=483) to work on /home/airflow/.local/lib/python3.12/site-packages/airflow/example_dags/example_bash_decorator.py
[2024-11-22T19:21:17.662+0300] {processor.py:914} INFO - Processing file /home/airflow/.local/lib/python3.12/site-packages/airflow/example_dags/example_bash_decorator.py for tasks to queue
[2024-11-22T19:21:17.665+0300] {logging_mixin.py:190} INFO - [2024-11-22T19:21:17.665+0300] {dagbag.py:588} INFO - Filling up the DagBag from /home/airflow/.local/lib/python3.12/site-packages/airflow/example_dags/example_bash_decorator.py
[2024-11-22T19:21:17.677+0300] {processor.py:925} INFO - DAG(s) 'example_bash_decorator' retrieved from /home/airflow/.local/lib/python3.12/site-packages/airflow/example_dags/example_bash_decorator.py
[2024-11-22T19:21:17.697+0300] {logging_mixin.py:190} INFO - [2024-11-22T19:21:17.697+0300] {dag.py:3239} INFO - Sync 1 DAGs
[2024-11-22T19:21:17.710+0300] {logging_mixin.py:190} INFO - [2024-11-22T19:21:17.709+0300] {dag.py:4180} INFO - Setting next_dagrun for example_bash_decorator to None, run_after=None
[2024-11-22T19:21:17.728+0300] {processor.py:208} INFO - Processing /home/airflow/.local/lib/python3.12/site-packages/airflow/example_dags/example_bash_decorator.py took 0.073 seconds
[2024-11-22T19:21:48.349+0300] {processor.py:186} INFO - Started process (PID=552) to work on /home/airflow/.local/lib/python3.12/site-packages/airflow/example_dags/example_bash_decorator.py
[2024-11-22T19:21:48.350+0300] {processor.py:914} INFO - Processing file /home/airflow/.local/lib/python3.12/site-packages/airflow/example_dags/example_bash_decorator.py for tasks to queue
[2024-11-22T19:21:48.352+0300] {logging_mixin.py:190} INFO - [2024-11-22T19:21:48.352+0300] {dagbag.py:588} INFO - Filling up the DagBag from /home/airflow/.local/lib/python3.12/site-packages/airflow/example_dags/example_bash_decorator.py
[2024-11-22T19:21:48.366+0300] {processor.py:925} INFO - DAG(s) 'example_bash_decorator' retrieved from /home/airflow/.local/lib/python3.12/site-packages/airflow/example_dags/example_bash_decorator.py
[2024-11-22T19:21:48.385+0300] {logging_mixin.py:190} INFO - [2024-11-22T19:21:48.385+0300] {dag.py:3239} INFO - Sync 1 DAGs
[2024-11-22T19:21:48.396+0300] {logging_mixin.py:190} INFO - [2024-11-22T19:21:48.396+0300] {dag.py:4180} INFO - Setting next_dagrun for example_bash_decorator to None, run_after=None
[2024-11-22T19:21:48.413+0300] {processor.py:208} INFO - Processing /home/airflow/.local/lib/python3.12/site-packages/airflow/example_dags/example_bash_decorator.py took 0.069 seconds
[2024-11-22T19:22:19.178+0300] {processor.py:186} INFO - Started process (PID=621) to work on /home/airflow/.local/lib/python3.12/site-packages/airflow/example_dags/example_bash_decorator.py
[2024-11-22T19:22:19.179+0300] {processor.py:914} INFO - Processing file /home/airflow/.local/lib/python3.12/site-packages/airflow/example_dags/example_bash_decorator.py for tasks to queue
[2024-11-22T19:22:19.183+0300] {logging_mixin.py:190} INFO - [2024-11-22T19:22:19.182+0300] {dagbag.py:588} INFO - Filling up the DagBag from /home/airflow/.local/lib/python3.12/site-packages/airflow/example_dags/example_bash_decorator.py
[2024-11-22T19:22:19.203+0300] {processor.py:925} INFO - DAG(s) 'example_bash_decorator' retrieved from /home/airflow/.local/lib/python3.12/site-packages/airflow/example_dags/example_bash_decorator.py
[2024-11-22T19:22:19.234+0300] {logging_mixin.py:190} INFO - [2024-11-22T19:22:19.232+0300] {dag.py:3239} INFO - Sync 1 DAGs
[2024-11-22T19:22:19.252+0300] {logging_mixin.py:190} INFO - [2024-11-22T19:22:19.252+0300] {dag.py:4180} INFO - Setting next_dagrun for example_bash_decorator to None, run_after=None
[2024-11-22T19:22:19.275+0300] {processor.py:208} INFO - Processing /home/airflow/.local/lib/python3.12/site-packages/airflow/example_dags/example_bash_decorator.py took 0.103 seconds
[2024-11-22T19:22:49.482+0300] {processor.py:186} INFO - Started process (PID=690) to work on /home/airflow/.local/lib/python3.12/site-packages/airflow/example_dags/example_bash_decorator.py
[2024-11-22T19:22:49.483+0300] {processor.py:914} INFO - Processing file /home/airflow/.local/lib/python3.12/site-packages/airflow/example_dags/example_bash_decorator.py for tasks to queue
[2024-11-22T19:22:49.486+0300] {logging_mixin.py:190} INFO - [2024-11-22T19:22:49.485+0300] {dagbag.py:588} INFO - Filling up the DagBag from /home/airflow/.local/lib/python3.12/site-packages/airflow/example_dags/example_bash_decorator.py
[2024-11-22T19:22:49.500+0300] {processor.py:925} INFO - DAG(s) 'example_bash_decorator' retrieved from /home/airflow/.local/lib/python3.12/site-packages/airflow/example_dags/example_bash_decorator.py
[2024-11-22T19:22:49.522+0300] {logging_mixin.py:190} INFO - [2024-11-22T19:22:49.522+0300] {dag.py:3239} INFO - Sync 1 DAGs
[2024-11-22T19:22:49.536+0300] {logging_mixin.py:190} INFO - [2024-11-22T19:22:49.535+0300] {dag.py:4180} INFO - Setting next_dagrun for example_bash_decorator to None, run_after=None
[2024-11-22T19:22:49.554+0300] {processor.py:208} INFO - Processing /home/airflow/.local/lib/python3.12/site-packages/airflow/example_dags/example_bash_decorator.py took 0.078 seconds
[2024-11-22T19:23:20.335+0300] {processor.py:186} INFO - Started process (PID=759) to work on /home/airflow/.local/lib/python3.12/site-packages/airflow/example_dags/example_bash_decorator.py
[2024-11-22T19:23:20.336+0300] {processor.py:914} INFO - Processing file /home/airflow/.local/lib/python3.12/site-packages/airflow/example_dags/example_bash_decorator.py for tasks to queue
[2024-11-22T19:23:20.339+0300] {logging_mixin.py:190} INFO - [2024-11-22T19:23:20.338+0300] {dagbag.py:588} INFO - Filling up the DagBag from /home/airflow/.local/lib/python3.12/site-packages/airflow/example_dags/example_bash_decorator.py
[2024-11-22T19:23:20.354+0300] {processor.py:925} INFO - DAG(s) 'example_bash_decorator' retrieved from /home/airflow/.local/lib/python3.12/site-packages/airflow/example_dags/example_bash_decorator.py
[2024-11-22T19:23:20.374+0300] {logging_mixin.py:190} INFO - [2024-11-22T19:23:20.373+0300] {dag.py:3239} INFO - Sync 1 DAGs
[2024-11-22T19:23:20.387+0300] {logging_mixin.py:190} INFO - [2024-11-22T19:23:20.386+0300] {dag.py:4180} INFO - Setting next_dagrun for example_bash_decorator to None, run_after=None
[2024-11-22T19:23:20.406+0300] {processor.py:208} INFO - Processing /home/airflow/.local/lib/python3.12/site-packages/airflow/example_dags/example_bash_decorator.py took 0.077 seconds
[2024-11-22T19:23:50.588+0300] {processor.py:186} INFO - Started process (PID=828) to work on /home/airflow/.local/lib/python3.12/site-packages/airflow/example_dags/example_bash_decorator.py
[2024-11-22T19:23:50.589+0300] {processor.py:914} INFO - Processing file /home/airflow/.local/lib/python3.12/site-packages/airflow/example_dags/example_bash_decorator.py for tasks to queue
[2024-11-22T19:23:50.592+0300] {logging_mixin.py:190} INFO - [2024-11-22T19:23:50.592+0300] {dagbag.py:588} INFO - Filling up the DagBag from /home/airflow/.local/lib/python3.12/site-packages/airflow/example_dags/example_bash_decorator.py
[2024-11-22T19:23:50.605+0300] {processor.py:925} INFO - DAG(s) 'example_bash_decorator' retrieved from /home/airflow/.local/lib/python3.12/site-packages/airflow/example_dags/example_bash_decorator.py
[2024-11-22T19:23:50.626+0300] {logging_mixin.py:190} INFO - [2024-11-22T19:23:50.626+0300] {dag.py:3239} INFO - Sync 1 DAGs
[2024-11-22T19:23:50.639+0300] {logging_mixin.py:190} INFO - [2024-11-22T19:23:50.639+0300] {dag.py:4180} INFO - Setting next_dagrun for example_bash_decorator to None, run_after=None
[2024-11-22T19:23:50.656+0300] {processor.py:208} INFO - Processing /home/airflow/.local/lib/python3.12/site-packages/airflow/example_dags/example_bash_decorator.py took 0.075 seconds
[2024-11-22T19:24:21.591+0300] {processor.py:186} INFO - Started process (PID=897) to work on /home/airflow/.local/lib/python3.12/site-packages/airflow/example_dags/example_bash_decorator.py
[2024-11-22T19:24:21.592+0300] {processor.py:914} INFO - Processing file /home/airflow/.local/lib/python3.12/site-packages/airflow/example_dags/example_bash_decorator.py for tasks to queue
[2024-11-22T19:24:21.594+0300] {logging_mixin.py:190} INFO - [2024-11-22T19:24:21.594+0300] {dagbag.py:588} INFO - Filling up the DagBag from /home/airflow/.local/lib/python3.12/site-packages/airflow/example_dags/example_bash_decorator.py
[2024-11-22T19:24:21.606+0300] {processor.py:925} INFO - DAG(s) 'example_bash_decorator' retrieved from /home/airflow/.local/lib/python3.12/site-packages/airflow/example_dags/example_bash_decorator.py
[2024-11-22T19:24:21.627+0300] {logging_mixin.py:190} INFO - [2024-11-22T19:24:21.626+0300] {dag.py:3239} INFO - Sync 1 DAGs
[2024-11-22T19:24:21.639+0300] {logging_mixin.py:190} INFO - [2024-11-22T19:24:21.639+0300] {dag.py:4180} INFO - Setting next_dagrun for example_bash_decorator to None, run_after=None
[2024-11-22T19:24:21.657+0300] {processor.py:208} INFO - Processing /home/airflow/.local/lib/python3.12/site-packages/airflow/example_dags/example_bash_decorator.py took 0.072 seconds
[2024-11-22T19:24:52.535+0300] {processor.py:186} INFO - Started process (PID=966) to work on /home/airflow/.local/lib/python3.12/site-packages/airflow/example_dags/example_bash_decorator.py
[2024-11-22T19:24:52.536+0300] {processor.py:914} INFO - Processing file /home/airflow/.local/lib/python3.12/site-packages/airflow/example_dags/example_bash_decorator.py for tasks to queue
[2024-11-22T19:24:52.539+0300] {logging_mixin.py:190} INFO - [2024-11-22T19:24:52.538+0300] {dagbag.py:588} INFO - Filling up the DagBag from /home/airflow/.local/lib/python3.12/site-packages/airflow/example_dags/example_bash_decorator.py
[2024-11-22T19:24:52.551+0300] {processor.py:925} INFO - DAG(s) 'example_bash_decorator' retrieved from /home/airflow/.local/lib/python3.12/site-packages/airflow/example_dags/example_bash_decorator.py
[2024-11-22T19:24:52.574+0300] {logging_mixin.py:190} INFO - [2024-11-22T19:24:52.574+0300] {dag.py:3239} INFO - Sync 1 DAGs
[2024-11-22T19:24:52.587+0300] {logging_mixin.py:190} INFO - [2024-11-22T19:24:52.586+0300] {dag.py:4180} INFO - Setting next_dagrun for example_bash_decorator to None, run_after=None
[2024-11-22T19:24:52.606+0300] {processor.py:208} INFO - Processing /home/airflow/.local/lib/python3.12/site-packages/airflow/example_dags/example_bash_decorator.py took 0.076 seconds
[2024-11-22T19:25:23.181+0300] {processor.py:186} INFO - Started process (PID=1035) to work on /home/airflow/.local/lib/python3.12/site-packages/airflow/example_dags/example_bash_decorator.py
[2024-11-22T19:25:23.182+0300] {processor.py:914} INFO - Processing file /home/airflow/.local/lib/python3.12/site-packages/airflow/example_dags/example_bash_decorator.py for tasks to queue
[2024-11-22T19:25:23.185+0300] {logging_mixin.py:190} INFO - [2024-11-22T19:25:23.184+0300] {dagbag.py:588} INFO - Filling up the DagBag from /home/airflow/.local/lib/python3.12/site-packages/airflow/example_dags/example_bash_decorator.py
[2024-11-22T19:25:23.201+0300] {processor.py:925} INFO - DAG(s) 'example_bash_decorator' retrieved from /home/airflow/.local/lib/python3.12/site-packages/airflow/example_dags/example_bash_decorator.py
[2024-11-22T19:25:23.223+0300] {logging_mixin.py:190} INFO - [2024-11-22T19:25:23.223+0300] {dag.py:3239} INFO - Sync 1 DAGs
[2024-11-22T19:25:23.237+0300] {logging_mixin.py:190} INFO - [2024-11-22T19:25:23.237+0300] {dag.py:4180} INFO - Setting next_dagrun for example_bash_decorator to None, run_after=None
[2024-11-22T19:25:23.257+0300] {processor.py:208} INFO - Processing /home/airflow/.local/lib/python3.12/site-packages/airflow/example_dags/example_bash_decorator.py took 0.084 seconds
[2024-11-22T19:25:53.449+0300] {processor.py:186} INFO - Started process (PID=1104) to work on /home/airflow/.local/lib/python3.12/site-packages/airflow/example_dags/example_bash_decorator.py
[2024-11-22T19:25:53.450+0300] {processor.py:914} INFO - Processing file /home/airflow/.local/lib/python3.12/site-packages/airflow/example_dags/example_bash_decorator.py for tasks to queue
[2024-11-22T19:25:53.452+0300] {logging_mixin.py:190} INFO - [2024-11-22T19:25:53.452+0300] {dagbag.py:588} INFO - Filling up the DagBag from /home/airflow/.local/lib/python3.12/site-packages/airflow/example_dags/example_bash_decorator.py
[2024-11-22T19:25:53.468+0300] {processor.py:925} INFO - DAG(s) 'example_bash_decorator' retrieved from /home/airflow/.local/lib/python3.12/site-packages/airflow/example_dags/example_bash_decorator.py
[2024-11-22T19:25:53.489+0300] {logging_mixin.py:190} INFO - [2024-11-22T19:25:53.488+0300] {dag.py:3239} INFO - Sync 1 DAGs
[2024-11-22T19:25:53.501+0300] {logging_mixin.py:190} INFO - [2024-11-22T19:25:53.501+0300] {dag.py:4180} INFO - Setting next_dagrun for example_bash_decorator to None, run_after=None
[2024-11-22T19:25:53.520+0300] {processor.py:208} INFO - Processing /home/airflow/.local/lib/python3.12/site-packages/airflow/example_dags/example_bash_decorator.py took 0.077 seconds
[2024-11-22T19:26:24.023+0300] {processor.py:186} INFO - Started process (PID=1173) to work on /home/airflow/.local/lib/python3.12/site-packages/airflow/example_dags/example_bash_decorator.py
[2024-11-22T19:26:24.024+0300] {processor.py:914} INFO - Processing file /home/airflow/.local/lib/python3.12/site-packages/airflow/example_dags/example_bash_decorator.py for tasks to queue
[2024-11-22T19:26:24.027+0300] {logging_mixin.py:190} INFO - [2024-11-22T19:26:24.027+0300] {dagbag.py:588} INFO - Filling up the DagBag from /home/airflow/.local/lib/python3.12/site-packages/airflow/example_dags/example_bash_decorator.py
[2024-11-22T19:26:24.042+0300] {processor.py:925} INFO - DAG(s) 'example_bash_decorator' retrieved from /home/airflow/.local/lib/python3.12/site-packages/airflow/example_dags/example_bash_decorator.py
[2024-11-22T19:26:24.065+0300] {logging_mixin.py:190} INFO - [2024-11-22T19:26:24.065+0300] {dag.py:3239} INFO - Sync 1 DAGs
[2024-11-22T19:26:24.077+0300] {logging_mixin.py:190} INFO - [2024-11-22T19:26:24.077+0300] {dag.py:4180} INFO - Setting next_dagrun for example_bash_decorator to None, run_after=None
[2024-11-22T19:26:24.111+0300] {processor.py:208} INFO - Processing /home/airflow/.local/lib/python3.12/site-packages/airflow/example_dags/example_bash_decorator.py took 0.094 seconds
[2024-11-22T19:26:56.034+0300] {processor.py:186} INFO - Started process (PID=1242) to work on /home/airflow/.local/lib/python3.12/site-packages/airflow/example_dags/example_bash_decorator.py
[2024-11-22T19:26:56.035+0300] {processor.py:914} INFO - Processing file /home/airflow/.local/lib/python3.12/site-packages/airflow/example_dags/example_bash_decorator.py for tasks to queue
[2024-11-22T19:26:56.038+0300] {logging_mixin.py:190} INFO - [2024-11-22T19:26:56.037+0300] {dagbag.py:588} INFO - Filling up the DagBag from /home/airflow/.local/lib/python3.12/site-packages/airflow/example_dags/example_bash_decorator.py
[2024-11-22T19:26:56.049+0300] {processor.py:925} INFO - DAG(s) 'example_bash_decorator' retrieved from /home/airflow/.local/lib/python3.12/site-packages/airflow/example_dags/example_bash_decorator.py
[2024-11-22T19:26:56.070+0300] {logging_mixin.py:190} INFO - [2024-11-22T19:26:56.070+0300] {dag.py:3239} INFO - Sync 1 DAGs
[2024-11-22T19:26:56.083+0300] {logging_mixin.py:190} INFO - [2024-11-22T19:26:56.082+0300] {dag.py:4180} INFO - Setting next_dagrun for example_bash_decorator to None, run_after=None
[2024-11-22T19:26:56.100+0300] {processor.py:208} INFO - Processing /home/airflow/.local/lib/python3.12/site-packages/airflow/example_dags/example_bash_decorator.py took 0.071 seconds
[2024-11-22T19:27:26.495+0300] {processor.py:186} INFO - Started process (PID=1311) to work on /home/airflow/.local/lib/python3.12/site-packages/airflow/example_dags/example_bash_decorator.py
[2024-11-22T19:27:26.496+0300] {processor.py:914} INFO - Processing file /home/airflow/.local/lib/python3.12/site-packages/airflow/example_dags/example_bash_decorator.py for tasks to queue
[2024-11-22T19:27:26.498+0300] {logging_mixin.py:190} INFO - [2024-11-22T19:27:26.498+0300] {dagbag.py:588} INFO - Filling up the DagBag from /home/airflow/.local/lib/python3.12/site-packages/airflow/example_dags/example_bash_decorator.py
[2024-11-22T19:27:26.513+0300] {processor.py:925} INFO - DAG(s) 'example_bash_decorator' retrieved from /home/airflow/.local/lib/python3.12/site-packages/airflow/example_dags/example_bash_decorator.py
[2024-11-22T19:27:26.533+0300] {logging_mixin.py:190} INFO - [2024-11-22T19:27:26.533+0300] {dag.py:3239} INFO - Sync 1 DAGs
[2024-11-22T19:27:26.545+0300] {logging_mixin.py:190} INFO - [2024-11-22T19:27:26.545+0300] {dag.py:4180} INFO - Setting next_dagrun for example_bash_decorator to None, run_after=None
[2024-11-22T19:27:26.561+0300] {processor.py:208} INFO - Processing /home/airflow/.local/lib/python3.12/site-packages/airflow/example_dags/example_bash_decorator.py took 0.071 seconds
[2024-11-22T19:27:57.223+0300] {processor.py:186} INFO - Started process (PID=1380) to work on /home/airflow/.local/lib/python3.12/site-packages/airflow/example_dags/example_bash_decorator.py
[2024-11-22T19:27:57.224+0300] {processor.py:914} INFO - Processing file /home/airflow/.local/lib/python3.12/site-packages/airflow/example_dags/example_bash_decorator.py for tasks to queue
[2024-11-22T19:27:57.227+0300] {logging_mixin.py:190} INFO - [2024-11-22T19:27:57.226+0300] {dagbag.py:588} INFO - Filling up the DagBag from /home/airflow/.local/lib/python3.12/site-packages/airflow/example_dags/example_bash_decorator.py
[2024-11-22T19:27:57.238+0300] {processor.py:925} INFO - DAG(s) 'example_bash_decorator' retrieved from /home/airflow/.local/lib/python3.12/site-packages/airflow/example_dags/example_bash_decorator.py
[2024-11-22T19:27:57.259+0300] {logging_mixin.py:190} INFO - [2024-11-22T19:27:57.259+0300] {dag.py:3239} INFO - Sync 1 DAGs
[2024-11-22T19:27:57.272+0300] {logging_mixin.py:190} INFO - [2024-11-22T19:27:57.272+0300] {dag.py:4180} INFO - Setting next_dagrun for example_bash_decorator to None, run_after=None
[2024-11-22T19:27:57.290+0300] {processor.py:208} INFO - Processing /home/airflow/.local/lib/python3.12/site-packages/airflow/example_dags/example_bash_decorator.py took 0.072 seconds
[2024-11-22T19:28:28.364+0300] {processor.py:186} INFO - Started process (PID=1449) to work on /home/airflow/.local/lib/python3.12/site-packages/airflow/example_dags/example_bash_decorator.py
[2024-11-22T19:28:28.366+0300] {processor.py:914} INFO - Processing file /home/airflow/.local/lib/python3.12/site-packages/airflow/example_dags/example_bash_decorator.py for tasks to queue
[2024-11-22T19:28:28.369+0300] {logging_mixin.py:190} INFO - [2024-11-22T19:28:28.368+0300] {dagbag.py:588} INFO - Filling up the DagBag from /home/airflow/.local/lib/python3.12/site-packages/airflow/example_dags/example_bash_decorator.py
[2024-11-22T19:28:28.384+0300] {processor.py:925} INFO - DAG(s) 'example_bash_decorator' retrieved from /home/airflow/.local/lib/python3.12/site-packages/airflow/example_dags/example_bash_decorator.py
[2024-11-22T19:28:28.410+0300] {logging_mixin.py:190} INFO - [2024-11-22T19:28:28.410+0300] {dag.py:3239} INFO - Sync 1 DAGs
[2024-11-22T19:28:28.422+0300] {logging_mixin.py:190} INFO - [2024-11-22T19:28:28.422+0300] {dag.py:4180} INFO - Setting next_dagrun for example_bash_decorator to None, run_after=None
[2024-11-22T19:28:28.457+0300] {processor.py:208} INFO - Processing /home/airflow/.local/lib/python3.12/site-packages/airflow/example_dags/example_bash_decorator.py took 0.098 seconds
[2024-11-22T19:28:59.285+0300] {processor.py:186} INFO - Started process (PID=1518) to work on /home/airflow/.local/lib/python3.12/site-packages/airflow/example_dags/example_bash_decorator.py
[2024-11-22T19:28:59.286+0300] {processor.py:914} INFO - Processing file /home/airflow/.local/lib/python3.12/site-packages/airflow/example_dags/example_bash_decorator.py for tasks to queue
[2024-11-22T19:28:59.289+0300] {logging_mixin.py:190} INFO - [2024-11-22T19:28:59.289+0300] {dagbag.py:588} INFO - Filling up the DagBag from /home/airflow/.local/lib/python3.12/site-packages/airflow/example_dags/example_bash_decorator.py
[2024-11-22T19:28:59.302+0300] {processor.py:925} INFO - DAG(s) 'example_bash_decorator' retrieved from /home/airflow/.local/lib/python3.12/site-packages/airflow/example_dags/example_bash_decorator.py
[2024-11-22T19:28:59.333+0300] {logging_mixin.py:190} INFO - [2024-11-22T19:28:59.332+0300] {dag.py:3239} INFO - Sync 1 DAGs
[2024-11-22T19:28:59.354+0300] {logging_mixin.py:190} INFO - [2024-11-22T19:28:59.354+0300] {dag.py:4180} INFO - Setting next_dagrun for example_bash_decorator to None, run_after=None
[2024-11-22T19:28:59.383+0300] {processor.py:208} INFO - Processing /home/airflow/.local/lib/python3.12/site-packages/airflow/example_dags/example_bash_decorator.py took 0.104 seconds
[2024-11-22T19:29:29.621+0300] {processor.py:186} INFO - Started process (PID=1587) to work on /home/airflow/.local/lib/python3.12/site-packages/airflow/example_dags/example_bash_decorator.py
[2024-11-22T19:29:29.622+0300] {processor.py:914} INFO - Processing file /home/airflow/.local/lib/python3.12/site-packages/airflow/example_dags/example_bash_decorator.py for tasks to queue
[2024-11-22T19:29:29.624+0300] {logging_mixin.py:190} INFO - [2024-11-22T19:29:29.624+0300] {dagbag.py:588} INFO - Filling up the DagBag from /home/airflow/.local/lib/python3.12/site-packages/airflow/example_dags/example_bash_decorator.py
[2024-11-22T19:29:29.636+0300] {processor.py:925} INFO - DAG(s) 'example_bash_decorator' retrieved from /home/airflow/.local/lib/python3.12/site-packages/airflow/example_dags/example_bash_decorator.py
[2024-11-22T19:29:29.655+0300] {logging_mixin.py:190} INFO - [2024-11-22T19:29:29.654+0300] {dag.py:3239} INFO - Sync 1 DAGs
[2024-11-22T19:29:29.667+0300] {logging_mixin.py:190} INFO - [2024-11-22T19:29:29.667+0300] {dag.py:4180} INFO - Setting next_dagrun for example_bash_decorator to None, run_after=None
[2024-11-22T19:29:29.685+0300] {processor.py:208} INFO - Processing /home/airflow/.local/lib/python3.12/site-packages/airflow/example_dags/example_bash_decorator.py took 0.070 seconds
