[2024-11-22T19:18:39.750+0300] {processor.py:186} INFO - Started process (PID=89) to work on /home/airflow/.local/lib/python3.12/site-packages/airflow/example_dags/tutorial.py
[2024-11-22T19:18:39.752+0300] {processor.py:914} INFO - Processing file /home/airflow/.local/lib/python3.12/site-packages/airflow/example_dags/tutorial.py for tasks to queue
[2024-11-22T19:18:39.755+0300] {logging_mixin.py:190} INFO - [2024-11-22T19:18:39.755+0300] {dagbag.py:588} INFO - Filling up the DagBag from /home/airflow/.local/lib/python3.12/site-packages/airflow/example_dags/tutorial.py
[2024-11-22T19:18:39.767+0300] {processor.py:925} INFO - DAG(s) 'tutorial' retrieved from /home/airflow/.local/lib/python3.12/site-packages/airflow/example_dags/tutorial.py
[2024-11-22T19:18:39.800+0300] {logging_mixin.py:190} INFO - [2024-11-22T19:18:39.800+0300] {dag.py:3239} INFO - Sync 1 DAGs
[2024-11-22T19:18:39.834+0300] {logging_mixin.py:190} INFO - [2024-11-22T19:18:39.834+0300] {dag.py:4180} INFO - Setting next_dagrun for tutorial to 2024-11-21 00:00:00+00:00, run_after=2024-11-22 00:00:00+00:00
[2024-11-22T19:18:39.860+0300] {processor.py:208} INFO - Processing /home/airflow/.local/lib/python3.12/site-packages/airflow/example_dags/tutorial.py took 0.117 seconds
[2024-11-22T19:19:10.030+0300] {processor.py:186} INFO - Started process (PID=174) to work on /home/airflow/.local/lib/python3.12/site-packages/airflow/example_dags/tutorial.py
[2024-11-22T19:19:10.031+0300] {processor.py:914} INFO - Processing file /home/airflow/.local/lib/python3.12/site-packages/airflow/example_dags/tutorial.py for tasks to queue
[2024-11-22T19:19:10.033+0300] {logging_mixin.py:190} INFO - [2024-11-22T19:19:10.033+0300] {dagbag.py:588} INFO - Filling up the DagBag from /home/airflow/.local/lib/python3.12/site-packages/airflow/example_dags/tutorial.py
[2024-11-22T19:19:10.039+0300] {processor.py:925} INFO - DAG(s) 'tutorial' retrieved from /home/airflow/.local/lib/python3.12/site-packages/airflow/example_dags/tutorial.py
[2024-11-22T19:19:10.056+0300] {logging_mixin.py:190} INFO - [2024-11-22T19:19:10.055+0300] {dag.py:3239} INFO - Sync 1 DAGs
[2024-11-22T19:19:10.071+0300] {logging_mixin.py:190} INFO - [2024-11-22T19:19:10.071+0300] {dag.py:4180} INFO - Setting next_dagrun for tutorial to 2024-11-21 00:00:00+00:00, run_after=2024-11-22 00:00:00+00:00
[2024-11-22T19:19:10.096+0300] {processor.py:208} INFO - Processing /home/airflow/.local/lib/python3.12/site-packages/airflow/example_dags/tutorial.py took 0.071 seconds
[2024-11-22T19:19:41.170+0300] {processor.py:186} INFO - Started process (PID=244) to work on /home/airflow/.local/lib/python3.12/site-packages/airflow/example_dags/tutorial.py
[2024-11-22T19:19:41.171+0300] {processor.py:914} INFO - Processing file /home/airflow/.local/lib/python3.12/site-packages/airflow/example_dags/tutorial.py for tasks to queue
[2024-11-22T19:19:41.174+0300] {logging_mixin.py:190} INFO - [2024-11-22T19:19:41.173+0300] {dagbag.py:588} INFO - Filling up the DagBag from /home/airflow/.local/lib/python3.12/site-packages/airflow/example_dags/tutorial.py
[2024-11-22T19:19:41.181+0300] {processor.py:925} INFO - DAG(s) 'tutorial' retrieved from /home/airflow/.local/lib/python3.12/site-packages/airflow/example_dags/tutorial.py
[2024-11-22T19:19:41.198+0300] {logging_mixin.py:190} INFO - [2024-11-22T19:19:41.198+0300] {dag.py:3239} INFO - Sync 1 DAGs
[2024-11-22T19:19:41.216+0300] {logging_mixin.py:190} INFO - [2024-11-22T19:19:41.215+0300] {dag.py:4180} INFO - Setting next_dagrun for tutorial to 2024-11-21 00:00:00+00:00, run_after=2024-11-22 00:00:00+00:00
[2024-11-22T19:19:41.231+0300] {processor.py:208} INFO - Processing /home/airflow/.local/lib/python3.12/site-packages/airflow/example_dags/tutorial.py took 0.067 seconds
[2024-11-22T19:20:12.257+0300] {processor.py:186} INFO - Started process (PID=313) to work on /home/airflow/.local/lib/python3.12/site-packages/airflow/example_dags/tutorial.py
[2024-11-22T19:20:12.259+0300] {processor.py:914} INFO - Processing file /home/airflow/.local/lib/python3.12/site-packages/airflow/example_dags/tutorial.py for tasks to queue
[2024-11-22T19:20:12.261+0300] {logging_mixin.py:190} INFO - [2024-11-22T19:20:12.261+0300] {dagbag.py:588} INFO - Filling up the DagBag from /home/airflow/.local/lib/python3.12/site-packages/airflow/example_dags/tutorial.py
[2024-11-22T19:20:12.269+0300] {processor.py:925} INFO - DAG(s) 'tutorial' retrieved from /home/airflow/.local/lib/python3.12/site-packages/airflow/example_dags/tutorial.py
[2024-11-22T19:20:12.291+0300] {logging_mixin.py:190} INFO - [2024-11-22T19:20:12.290+0300] {dag.py:3239} INFO - Sync 1 DAGs
[2024-11-22T19:20:12.315+0300] {logging_mixin.py:190} INFO - [2024-11-22T19:20:12.315+0300] {dag.py:4180} INFO - Setting next_dagrun for tutorial to 2024-11-21 00:00:00+00:00, run_after=2024-11-22 00:00:00+00:00
[2024-11-22T19:20:12.345+0300] {processor.py:208} INFO - Processing /home/airflow/.local/lib/python3.12/site-packages/airflow/example_dags/tutorial.py took 0.093 seconds
[2024-11-22T19:20:42.983+0300] {processor.py:186} INFO - Started process (PID=382) to work on /home/airflow/.local/lib/python3.12/site-packages/airflow/example_dags/tutorial.py
[2024-11-22T19:20:42.984+0300] {processor.py:914} INFO - Processing file /home/airflow/.local/lib/python3.12/site-packages/airflow/example_dags/tutorial.py for tasks to queue
[2024-11-22T19:20:42.987+0300] {logging_mixin.py:190} INFO - [2024-11-22T19:20:42.987+0300] {dagbag.py:588} INFO - Filling up the DagBag from /home/airflow/.local/lib/python3.12/site-packages/airflow/example_dags/tutorial.py
[2024-11-22T19:20:42.994+0300] {processor.py:925} INFO - DAG(s) 'tutorial' retrieved from /home/airflow/.local/lib/python3.12/site-packages/airflow/example_dags/tutorial.py
[2024-11-22T19:20:43.013+0300] {logging_mixin.py:190} INFO - [2024-11-22T19:20:43.013+0300] {dag.py:3239} INFO - Sync 1 DAGs
[2024-11-22T19:20:43.034+0300] {logging_mixin.py:190} INFO - [2024-11-22T19:20:43.034+0300] {dag.py:4180} INFO - Setting next_dagrun for tutorial to 2024-11-21 00:00:00+00:00, run_after=2024-11-22 00:00:00+00:00
[2024-11-22T19:20:43.052+0300] {processor.py:208} INFO - Processing /home/airflow/.local/lib/python3.12/site-packages/airflow/example_dags/tutorial.py took 0.075 seconds
[2024-11-22T19:21:13.420+0300] {processor.py:186} INFO - Started process (PID=450) to work on /home/airflow/.local/lib/python3.12/site-packages/airflow/example_dags/tutorial.py
[2024-11-22T19:21:13.422+0300] {processor.py:914} INFO - Processing file /home/airflow/.local/lib/python3.12/site-packages/airflow/example_dags/tutorial.py for tasks to queue
[2024-11-22T19:21:13.424+0300] {logging_mixin.py:190} INFO - [2024-11-22T19:21:13.424+0300] {dagbag.py:588} INFO - Filling up the DagBag from /home/airflow/.local/lib/python3.12/site-packages/airflow/example_dags/tutorial.py
[2024-11-22T19:21:13.431+0300] {processor.py:925} INFO - DAG(s) 'tutorial' retrieved from /home/airflow/.local/lib/python3.12/site-packages/airflow/example_dags/tutorial.py
[2024-11-22T19:21:13.452+0300] {logging_mixin.py:190} INFO - [2024-11-22T19:21:13.452+0300] {dag.py:3239} INFO - Sync 1 DAGs
[2024-11-22T19:21:13.477+0300] {logging_mixin.py:190} INFO - [2024-11-22T19:21:13.477+0300] {dag.py:4180} INFO - Setting next_dagrun for tutorial to 2024-11-21 00:00:00+00:00, run_after=2024-11-22 00:00:00+00:00
[2024-11-22T19:21:13.497+0300] {processor.py:208} INFO - Processing /home/airflow/.local/lib/python3.12/site-packages/airflow/example_dags/tutorial.py took 0.083 seconds
[2024-11-22T19:21:44.127+0300] {processor.py:186} INFO - Started process (PID=520) to work on /home/airflow/.local/lib/python3.12/site-packages/airflow/example_dags/tutorial.py
[2024-11-22T19:21:44.128+0300] {processor.py:914} INFO - Processing file /home/airflow/.local/lib/python3.12/site-packages/airflow/example_dags/tutorial.py for tasks to queue
[2024-11-22T19:21:44.130+0300] {logging_mixin.py:190} INFO - [2024-11-22T19:21:44.130+0300] {dagbag.py:588} INFO - Filling up the DagBag from /home/airflow/.local/lib/python3.12/site-packages/airflow/example_dags/tutorial.py
[2024-11-22T19:21:44.136+0300] {processor.py:925} INFO - DAG(s) 'tutorial' retrieved from /home/airflow/.local/lib/python3.12/site-packages/airflow/example_dags/tutorial.py
[2024-11-22T19:21:44.154+0300] {logging_mixin.py:190} INFO - [2024-11-22T19:21:44.153+0300] {dag.py:3239} INFO - Sync 1 DAGs
[2024-11-22T19:21:44.173+0300] {logging_mixin.py:190} INFO - [2024-11-22T19:21:44.173+0300] {dag.py:4180} INFO - Setting next_dagrun for tutorial to 2024-11-21 00:00:00+00:00, run_after=2024-11-22 00:00:00+00:00
[2024-11-22T19:21:44.192+0300] {processor.py:208} INFO - Processing /home/airflow/.local/lib/python3.12/site-packages/airflow/example_dags/tutorial.py took 0.070 seconds
[2024-11-22T19:22:14.652+0300] {processor.py:186} INFO - Started process (PID=589) to work on /home/airflow/.local/lib/python3.12/site-packages/airflow/example_dags/tutorial.py
[2024-11-22T19:22:14.654+0300] {processor.py:914} INFO - Processing file /home/airflow/.local/lib/python3.12/site-packages/airflow/example_dags/tutorial.py for tasks to queue
[2024-11-22T19:22:14.657+0300] {logging_mixin.py:190} INFO - [2024-11-22T19:22:14.657+0300] {dagbag.py:588} INFO - Filling up the DagBag from /home/airflow/.local/lib/python3.12/site-packages/airflow/example_dags/tutorial.py
[2024-11-22T19:22:14.670+0300] {processor.py:925} INFO - DAG(s) 'tutorial' retrieved from /home/airflow/.local/lib/python3.12/site-packages/airflow/example_dags/tutorial.py
[2024-11-22T19:22:14.698+0300] {logging_mixin.py:190} INFO - [2024-11-22T19:22:14.697+0300] {dag.py:3239} INFO - Sync 1 DAGs
[2024-11-22T19:22:14.727+0300] {logging_mixin.py:190} INFO - [2024-11-22T19:22:14.727+0300] {dag.py:4180} INFO - Setting next_dagrun for tutorial to 2024-11-21 00:00:00+00:00, run_after=2024-11-22 00:00:00+00:00
[2024-11-22T19:22:14.759+0300] {processor.py:208} INFO - Processing /home/airflow/.local/lib/python3.12/site-packages/airflow/example_dags/tutorial.py took 0.115 seconds
[2024-11-22T19:22:45.920+0300] {processor.py:186} INFO - Started process (PID=658) to work on /home/airflow/.local/lib/python3.12/site-packages/airflow/example_dags/tutorial.py
[2024-11-22T19:22:45.922+0300] {processor.py:914} INFO - Processing file /home/airflow/.local/lib/python3.12/site-packages/airflow/example_dags/tutorial.py for tasks to queue
[2024-11-22T19:22:45.925+0300] {logging_mixin.py:190} INFO - [2024-11-22T19:22:45.924+0300] {dagbag.py:588} INFO - Filling up the DagBag from /home/airflow/.local/lib/python3.12/site-packages/airflow/example_dags/tutorial.py
[2024-11-22T19:22:45.933+0300] {processor.py:925} INFO - DAG(s) 'tutorial' retrieved from /home/airflow/.local/lib/python3.12/site-packages/airflow/example_dags/tutorial.py
[2024-11-22T19:22:45.953+0300] {logging_mixin.py:190} INFO - [2024-11-22T19:22:45.953+0300] {dag.py:3239} INFO - Sync 1 DAGs
[2024-11-22T19:22:45.976+0300] {logging_mixin.py:190} INFO - [2024-11-22T19:22:45.976+0300] {dag.py:4180} INFO - Setting next_dagrun for tutorial to 2024-11-21 00:00:00+00:00, run_after=2024-11-22 00:00:00+00:00
[2024-11-22T19:22:46.006+0300] {processor.py:208} INFO - Processing /home/airflow/.local/lib/python3.12/site-packages/airflow/example_dags/tutorial.py took 0.090 seconds
[2024-11-22T19:23:16.544+0300] {processor.py:186} INFO - Started process (PID=727) to work on /home/airflow/.local/lib/python3.12/site-packages/airflow/example_dags/tutorial.py
[2024-11-22T19:23:16.545+0300] {processor.py:914} INFO - Processing file /home/airflow/.local/lib/python3.12/site-packages/airflow/example_dags/tutorial.py for tasks to queue
[2024-11-22T19:23:16.548+0300] {logging_mixin.py:190} INFO - [2024-11-22T19:23:16.547+0300] {dagbag.py:588} INFO - Filling up the DagBag from /home/airflow/.local/lib/python3.12/site-packages/airflow/example_dags/tutorial.py
[2024-11-22T19:23:16.557+0300] {processor.py:925} INFO - DAG(s) 'tutorial' retrieved from /home/airflow/.local/lib/python3.12/site-packages/airflow/example_dags/tutorial.py
[2024-11-22T19:23:16.581+0300] {logging_mixin.py:190} INFO - [2024-11-22T19:23:16.581+0300] {dag.py:3239} INFO - Sync 1 DAGs
[2024-11-22T19:23:16.605+0300] {logging_mixin.py:190} INFO - [2024-11-22T19:23:16.605+0300] {dag.py:4180} INFO - Setting next_dagrun for tutorial to 2024-11-21 00:00:00+00:00, run_after=2024-11-22 00:00:00+00:00
[2024-11-22T19:23:16.628+0300] {processor.py:208} INFO - Processing /home/airflow/.local/lib/python3.12/site-packages/airflow/example_dags/tutorial.py took 0.089 seconds
[2024-11-22T19:23:47.259+0300] {processor.py:186} INFO - Started process (PID=796) to work on /home/airflow/.local/lib/python3.12/site-packages/airflow/example_dags/tutorial.py
[2024-11-22T19:23:47.261+0300] {processor.py:914} INFO - Processing file /home/airflow/.local/lib/python3.12/site-packages/airflow/example_dags/tutorial.py for tasks to queue
[2024-11-22T19:23:47.265+0300] {logging_mixin.py:190} INFO - [2024-11-22T19:23:47.264+0300] {dagbag.py:588} INFO - Filling up the DagBag from /home/airflow/.local/lib/python3.12/site-packages/airflow/example_dags/tutorial.py
[2024-11-22T19:23:47.274+0300] {processor.py:925} INFO - DAG(s) 'tutorial' retrieved from /home/airflow/.local/lib/python3.12/site-packages/airflow/example_dags/tutorial.py
[2024-11-22T19:23:47.295+0300] {logging_mixin.py:190} INFO - [2024-11-22T19:23:47.295+0300] {dag.py:3239} INFO - Sync 1 DAGs
[2024-11-22T19:23:47.315+0300] {logging_mixin.py:190} INFO - [2024-11-22T19:23:47.315+0300] {dag.py:4180} INFO - Setting next_dagrun for tutorial to 2024-11-21 00:00:00+00:00, run_after=2024-11-22 00:00:00+00:00
[2024-11-22T19:23:47.332+0300] {processor.py:208} INFO - Processing /home/airflow/.local/lib/python3.12/site-packages/airflow/example_dags/tutorial.py took 0.082 seconds
[2024-11-22T19:24:18.224+0300] {processor.py:186} INFO - Started process (PID=865) to work on /home/airflow/.local/lib/python3.12/site-packages/airflow/example_dags/tutorial.py
[2024-11-22T19:24:18.225+0300] {processor.py:914} INFO - Processing file /home/airflow/.local/lib/python3.12/site-packages/airflow/example_dags/tutorial.py for tasks to queue
[2024-11-22T19:24:18.228+0300] {logging_mixin.py:190} INFO - [2024-11-22T19:24:18.228+0300] {dagbag.py:588} INFO - Filling up the DagBag from /home/airflow/.local/lib/python3.12/site-packages/airflow/example_dags/tutorial.py
[2024-11-22T19:24:18.234+0300] {processor.py:925} INFO - DAG(s) 'tutorial' retrieved from /home/airflow/.local/lib/python3.12/site-packages/airflow/example_dags/tutorial.py
[2024-11-22T19:24:18.254+0300] {logging_mixin.py:190} INFO - [2024-11-22T19:24:18.253+0300] {dag.py:3239} INFO - Sync 1 DAGs
[2024-11-22T19:24:18.276+0300] {logging_mixin.py:190} INFO - [2024-11-22T19:24:18.276+0300] {dag.py:4180} INFO - Setting next_dagrun for tutorial to 2024-11-21 00:00:00+00:00, run_after=2024-11-22 00:00:00+00:00
[2024-11-22T19:24:18.291+0300] {processor.py:208} INFO - Processing /home/airflow/.local/lib/python3.12/site-packages/airflow/example_dags/tutorial.py took 0.072 seconds
[2024-11-22T19:24:48.737+0300] {processor.py:186} INFO - Started process (PID=933) to work on /home/airflow/.local/lib/python3.12/site-packages/airflow/example_dags/tutorial.py
[2024-11-22T19:24:48.738+0300] {processor.py:914} INFO - Processing file /home/airflow/.local/lib/python3.12/site-packages/airflow/example_dags/tutorial.py for tasks to queue
[2024-11-22T19:24:48.740+0300] {logging_mixin.py:190} INFO - [2024-11-22T19:24:48.739+0300] {dagbag.py:588} INFO - Filling up the DagBag from /home/airflow/.local/lib/python3.12/site-packages/airflow/example_dags/tutorial.py
[2024-11-22T19:24:48.747+0300] {processor.py:925} INFO - DAG(s) 'tutorial' retrieved from /home/airflow/.local/lib/python3.12/site-packages/airflow/example_dags/tutorial.py
[2024-11-22T19:24:48.763+0300] {logging_mixin.py:190} INFO - [2024-11-22T19:24:48.763+0300] {dag.py:3239} INFO - Sync 1 DAGs
[2024-11-22T19:24:48.783+0300] {logging_mixin.py:190} INFO - [2024-11-22T19:24:48.783+0300] {dag.py:4180} INFO - Setting next_dagrun for tutorial to 2024-11-21 00:00:00+00:00, run_after=2024-11-22 00:00:00+00:00
[2024-11-22T19:24:48.798+0300] {processor.py:208} INFO - Processing /home/airflow/.local/lib/python3.12/site-packages/airflow/example_dags/tutorial.py took 0.066 seconds
[2024-11-22T19:25:19.931+0300] {processor.py:186} INFO - Started process (PID=1003) to work on /home/airflow/.local/lib/python3.12/site-packages/airflow/example_dags/tutorial.py
[2024-11-22T19:25:19.933+0300] {processor.py:914} INFO - Processing file /home/airflow/.local/lib/python3.12/site-packages/airflow/example_dags/tutorial.py for tasks to queue
[2024-11-22T19:25:19.936+0300] {logging_mixin.py:190} INFO - [2024-11-22T19:25:19.935+0300] {dagbag.py:588} INFO - Filling up the DagBag from /home/airflow/.local/lib/python3.12/site-packages/airflow/example_dags/tutorial.py
[2024-11-22T19:25:19.946+0300] {processor.py:925} INFO - DAG(s) 'tutorial' retrieved from /home/airflow/.local/lib/python3.12/site-packages/airflow/example_dags/tutorial.py
[2024-11-22T19:25:19.993+0300] {logging_mixin.py:190} INFO - [2024-11-22T19:25:19.992+0300] {dag.py:3239} INFO - Sync 1 DAGs
[2024-11-22T19:25:20.037+0300] {logging_mixin.py:190} INFO - [2024-11-22T19:25:20.037+0300] {dag.py:4180} INFO - Setting next_dagrun for tutorial to 2024-11-21 00:00:00+00:00, run_after=2024-11-22 00:00:00+00:00
[2024-11-22T19:25:20.086+0300] {processor.py:208} INFO - Processing /home/airflow/.local/lib/python3.12/site-packages/airflow/example_dags/tutorial.py took 0.163 seconds
[2024-11-22T19:25:50.231+0300] {processor.py:186} INFO - Started process (PID=1071) to work on /home/airflow/.local/lib/python3.12/site-packages/airflow/example_dags/tutorial.py
[2024-11-22T19:25:50.232+0300] {processor.py:914} INFO - Processing file /home/airflow/.local/lib/python3.12/site-packages/airflow/example_dags/tutorial.py for tasks to queue
[2024-11-22T19:25:50.235+0300] {logging_mixin.py:190} INFO - [2024-11-22T19:25:50.235+0300] {dagbag.py:588} INFO - Filling up the DagBag from /home/airflow/.local/lib/python3.12/site-packages/airflow/example_dags/tutorial.py
[2024-11-22T19:25:50.242+0300] {processor.py:925} INFO - DAG(s) 'tutorial' retrieved from /home/airflow/.local/lib/python3.12/site-packages/airflow/example_dags/tutorial.py
[2024-11-22T19:25:50.262+0300] {logging_mixin.py:190} INFO - [2024-11-22T19:25:50.261+0300] {dag.py:3239} INFO - Sync 1 DAGs
[2024-11-22T19:25:50.285+0300] {logging_mixin.py:190} INFO - [2024-11-22T19:25:50.285+0300] {dag.py:4180} INFO - Setting next_dagrun for tutorial to 2024-11-21 00:00:00+00:00, run_after=2024-11-22 00:00:00+00:00
[2024-11-22T19:25:50.303+0300] {processor.py:208} INFO - Processing /home/airflow/.local/lib/python3.12/site-packages/airflow/example_dags/tutorial.py took 0.077 seconds
[2024-11-22T19:26:20.585+0300] {processor.py:186} INFO - Started process (PID=1139) to work on /home/airflow/.local/lib/python3.12/site-packages/airflow/example_dags/tutorial.py
[2024-11-22T19:26:20.586+0300] {processor.py:914} INFO - Processing file /home/airflow/.local/lib/python3.12/site-packages/airflow/example_dags/tutorial.py for tasks to queue
[2024-11-22T19:26:20.589+0300] {logging_mixin.py:190} INFO - [2024-11-22T19:26:20.589+0300] {dagbag.py:588} INFO - Filling up the DagBag from /home/airflow/.local/lib/python3.12/site-packages/airflow/example_dags/tutorial.py
[2024-11-22T19:26:20.601+0300] {processor.py:925} INFO - DAG(s) 'tutorial' retrieved from /home/airflow/.local/lib/python3.12/site-packages/airflow/example_dags/tutorial.py
[2024-11-22T19:26:20.623+0300] {logging_mixin.py:190} INFO - [2024-11-22T19:26:20.623+0300] {dag.py:3239} INFO - Sync 1 DAGs
[2024-11-22T19:26:20.643+0300] {logging_mixin.py:190} INFO - [2024-11-22T19:26:20.643+0300] {dag.py:4180} INFO - Setting next_dagrun for tutorial to 2024-11-21 00:00:00+00:00, run_after=2024-11-22 00:00:00+00:00
[2024-11-22T19:26:20.668+0300] {processor.py:208} INFO - Processing /home/airflow/.local/lib/python3.12/site-packages/airflow/example_dags/tutorial.py took 0.090 seconds
[2024-11-22T19:26:51.055+0300] {processor.py:186} INFO - Started process (PID=1209) to work on /home/airflow/.local/lib/python3.12/site-packages/airflow/example_dags/tutorial.py
[2024-11-22T19:26:51.057+0300] {processor.py:914} INFO - Processing file /home/airflow/.local/lib/python3.12/site-packages/airflow/example_dags/tutorial.py for tasks to queue
[2024-11-22T19:26:51.059+0300] {logging_mixin.py:190} INFO - [2024-11-22T19:26:51.059+0300] {dagbag.py:588} INFO - Filling up the DagBag from /home/airflow/.local/lib/python3.12/site-packages/airflow/example_dags/tutorial.py
[2024-11-22T19:26:51.067+0300] {processor.py:925} INFO - DAG(s) 'tutorial' retrieved from /home/airflow/.local/lib/python3.12/site-packages/airflow/example_dags/tutorial.py
[2024-11-22T19:26:51.086+0300] {logging_mixin.py:190} INFO - [2024-11-22T19:26:51.085+0300] {dag.py:3239} INFO - Sync 1 DAGs
[2024-11-22T19:26:51.104+0300] {logging_mixin.py:190} INFO - [2024-11-22T19:26:51.104+0300] {dag.py:4180} INFO - Setting next_dagrun for tutorial to 2024-11-21 00:00:00+00:00, run_after=2024-11-22 00:00:00+00:00
[2024-11-22T19:26:51.122+0300] {processor.py:208} INFO - Processing /home/airflow/.local/lib/python3.12/site-packages/airflow/example_dags/tutorial.py took 0.073 seconds
[2024-11-22T19:27:21.572+0300] {processor.py:186} INFO - Started process (PID=1278) to work on /home/airflow/.local/lib/python3.12/site-packages/airflow/example_dags/tutorial.py
[2024-11-22T19:27:21.573+0300] {processor.py:914} INFO - Processing file /home/airflow/.local/lib/python3.12/site-packages/airflow/example_dags/tutorial.py for tasks to queue
[2024-11-22T19:27:21.575+0300] {logging_mixin.py:190} INFO - [2024-11-22T19:27:21.575+0300] {dagbag.py:588} INFO - Filling up the DagBag from /home/airflow/.local/lib/python3.12/site-packages/airflow/example_dags/tutorial.py
[2024-11-22T19:27:21.584+0300] {processor.py:925} INFO - DAG(s) 'tutorial' retrieved from /home/airflow/.local/lib/python3.12/site-packages/airflow/example_dags/tutorial.py
[2024-11-22T19:27:21.604+0300] {logging_mixin.py:190} INFO - [2024-11-22T19:27:21.603+0300] {dag.py:3239} INFO - Sync 1 DAGs
[2024-11-22T19:27:21.623+0300] {logging_mixin.py:190} INFO - [2024-11-22T19:27:21.623+0300] {dag.py:4180} INFO - Setting next_dagrun for tutorial to 2024-11-21 00:00:00+00:00, run_after=2024-11-22 00:00:00+00:00
[2024-11-22T19:27:21.648+0300] {processor.py:208} INFO - Processing /home/airflow/.local/lib/python3.12/site-packages/airflow/example_dags/tutorial.py took 0.081 seconds
[2024-11-22T19:27:52.022+0300] {processor.py:186} INFO - Started process (PID=1347) to work on /home/airflow/.local/lib/python3.12/site-packages/airflow/example_dags/tutorial.py
[2024-11-22T19:27:52.023+0300] {processor.py:914} INFO - Processing file /home/airflow/.local/lib/python3.12/site-packages/airflow/example_dags/tutorial.py for tasks to queue
[2024-11-22T19:27:52.026+0300] {logging_mixin.py:190} INFO - [2024-11-22T19:27:52.025+0300] {dagbag.py:588} INFO - Filling up the DagBag from /home/airflow/.local/lib/python3.12/site-packages/airflow/example_dags/tutorial.py
[2024-11-22T19:27:52.039+0300] {processor.py:925} INFO - DAG(s) 'tutorial' retrieved from /home/airflow/.local/lib/python3.12/site-packages/airflow/example_dags/tutorial.py
[2024-11-22T19:27:52.067+0300] {logging_mixin.py:190} INFO - [2024-11-22T19:27:52.067+0300] {dag.py:3239} INFO - Sync 1 DAGs
[2024-11-22T19:27:52.107+0300] {logging_mixin.py:190} INFO - [2024-11-22T19:27:52.106+0300] {dag.py:4180} INFO - Setting next_dagrun for tutorial to 2024-11-21 00:00:00+00:00, run_after=2024-11-22 00:00:00+00:00
[2024-11-22T19:27:52.133+0300] {processor.py:208} INFO - Processing /home/airflow/.local/lib/python3.12/site-packages/airflow/example_dags/tutorial.py took 0.118 seconds
[2024-11-22T19:28:23.216+0300] {processor.py:186} INFO - Started process (PID=1416) to work on /home/airflow/.local/lib/python3.12/site-packages/airflow/example_dags/tutorial.py
[2024-11-22T19:28:23.217+0300] {processor.py:914} INFO - Processing file /home/airflow/.local/lib/python3.12/site-packages/airflow/example_dags/tutorial.py for tasks to queue
[2024-11-22T19:28:23.220+0300] {logging_mixin.py:190} INFO - [2024-11-22T19:28:23.219+0300] {dagbag.py:588} INFO - Filling up the DagBag from /home/airflow/.local/lib/python3.12/site-packages/airflow/example_dags/tutorial.py
[2024-11-22T19:28:23.228+0300] {processor.py:925} INFO - DAG(s) 'tutorial' retrieved from /home/airflow/.local/lib/python3.12/site-packages/airflow/example_dags/tutorial.py
[2024-11-22T19:28:23.248+0300] {logging_mixin.py:190} INFO - [2024-11-22T19:28:23.247+0300] {dag.py:3239} INFO - Sync 1 DAGs
[2024-11-22T19:28:23.269+0300] {logging_mixin.py:190} INFO - [2024-11-22T19:28:23.269+0300] {dag.py:4180} INFO - Setting next_dagrun for tutorial to 2024-11-21 00:00:00+00:00, run_after=2024-11-22 00:00:00+00:00
[2024-11-22T19:28:23.299+0300] {processor.py:208} INFO - Processing /home/airflow/.local/lib/python3.12/site-packages/airflow/example_dags/tutorial.py took 0.089 seconds
[2024-11-22T19:28:53.963+0300] {processor.py:186} INFO - Started process (PID=1484) to work on /home/airflow/.local/lib/python3.12/site-packages/airflow/example_dags/tutorial.py
[2024-11-22T19:28:53.965+0300] {processor.py:914} INFO - Processing file /home/airflow/.local/lib/python3.12/site-packages/airflow/example_dags/tutorial.py for tasks to queue
[2024-11-22T19:28:53.967+0300] {logging_mixin.py:190} INFO - [2024-11-22T19:28:53.967+0300] {dagbag.py:588} INFO - Filling up the DagBag from /home/airflow/.local/lib/python3.12/site-packages/airflow/example_dags/tutorial.py
[2024-11-22T19:28:53.974+0300] {processor.py:925} INFO - DAG(s) 'tutorial' retrieved from /home/airflow/.local/lib/python3.12/site-packages/airflow/example_dags/tutorial.py
[2024-11-22T19:28:53.995+0300] {logging_mixin.py:190} INFO - [2024-11-22T19:28:53.994+0300] {dag.py:3239} INFO - Sync 1 DAGs
[2024-11-22T19:28:54.014+0300] {logging_mixin.py:190} INFO - [2024-11-22T19:28:54.014+0300] {dag.py:4180} INFO - Setting next_dagrun for tutorial to 2024-11-21 00:00:00+00:00, run_after=2024-11-22 00:00:00+00:00
[2024-11-22T19:28:54.047+0300] {processor.py:208} INFO - Processing /home/airflow/.local/lib/python3.12/site-packages/airflow/example_dags/tutorial.py took 0.091 seconds
[2024-11-22T19:29:24.522+0300] {processor.py:186} INFO - Started process (PID=1553) to work on /home/airflow/.local/lib/python3.12/site-packages/airflow/example_dags/tutorial.py
[2024-11-22T19:29:24.524+0300] {processor.py:914} INFO - Processing file /home/airflow/.local/lib/python3.12/site-packages/airflow/example_dags/tutorial.py for tasks to queue
[2024-11-22T19:29:24.526+0300] {logging_mixin.py:190} INFO - [2024-11-22T19:29:24.526+0300] {dagbag.py:588} INFO - Filling up the DagBag from /home/airflow/.local/lib/python3.12/site-packages/airflow/example_dags/tutorial.py
[2024-11-22T19:29:24.533+0300] {processor.py:925} INFO - DAG(s) 'tutorial' retrieved from /home/airflow/.local/lib/python3.12/site-packages/airflow/example_dags/tutorial.py
[2024-11-22T19:29:24.552+0300] {logging_mixin.py:190} INFO - [2024-11-22T19:29:24.551+0300] {dag.py:3239} INFO - Sync 1 DAGs
[2024-11-22T19:29:24.570+0300] {logging_mixin.py:190} INFO - [2024-11-22T19:29:24.570+0300] {dag.py:4180} INFO - Setting next_dagrun for tutorial to 2024-11-21 00:00:00+00:00, run_after=2024-11-22 00:00:00+00:00
[2024-11-22T19:29:24.601+0300] {processor.py:208} INFO - Processing /home/airflow/.local/lib/python3.12/site-packages/airflow/example_dags/tutorial.py took 0.084 seconds
