[2024-11-22T19:18:41.661+0300] {processor.py:186} INFO - Started process (PID=104) to work on /home/airflow/.local/lib/python3.12/site-packages/airflow/example_dags/tutorial_objectstorage.py
[2024-11-22T19:18:41.662+0300] {processor.py:914} INFO - Processing file /home/airflow/.local/lib/python3.12/site-packages/airflow/example_dags/tutorial_objectstorage.py for tasks to queue
[2024-11-22T19:18:41.666+0300] {logging_mixin.py:190} INFO - [2024-11-22T19:18:41.665+0300] {dagbag.py:588} INFO - Filling up the DagBag from /home/airflow/.local/lib/python3.12/site-packages/airflow/example_dags/tutorial_objectstorage.py
[2024-11-22T19:18:41.686+0300] {processor.py:925} INFO - DAG(s) 'tutorial_objectstorage' retrieved from /home/airflow/.local/lib/python3.12/site-packages/airflow/example_dags/tutorial_objectstorage.py
[2024-11-22T19:18:41.733+0300] {logging_mixin.py:190} INFO - [2024-11-22T19:18:41.733+0300] {dag.py:3239} INFO - Sync 1 DAGs
[2024-11-22T19:18:41.759+0300] {logging_mixin.py:190} INFO - [2024-11-22T19:18:41.759+0300] {dag.py:4180} INFO - Setting next_dagrun for tutorial_objectstorage to None, run_after=None
[2024-11-22T19:18:41.791+0300] {processor.py:208} INFO - Processing /home/airflow/.local/lib/python3.12/site-packages/airflow/example_dags/tutorial_objectstorage.py took 0.139 seconds
[2024-11-22T19:19:11.999+0300] {processor.py:186} INFO - Started process (PID=189) to work on /home/airflow/.local/lib/python3.12/site-packages/airflow/example_dags/tutorial_objectstorage.py
[2024-11-22T19:19:12.002+0300] {processor.py:914} INFO - Processing file /home/airflow/.local/lib/python3.12/site-packages/airflow/example_dags/tutorial_objectstorage.py for tasks to queue
[2024-11-22T19:19:12.009+0300] {logging_mixin.py:190} INFO - [2024-11-22T19:19:12.008+0300] {dagbag.py:588} INFO - Filling up the DagBag from /home/airflow/.local/lib/python3.12/site-packages/airflow/example_dags/tutorial_objectstorage.py
[2024-11-22T19:19:12.028+0300] {processor.py:925} INFO - DAG(s) 'tutorial_objectstorage' retrieved from /home/airflow/.local/lib/python3.12/site-packages/airflow/example_dags/tutorial_objectstorage.py
[2024-11-22T19:19:12.053+0300] {logging_mixin.py:190} INFO - [2024-11-22T19:19:12.052+0300] {dag.py:3239} INFO - Sync 1 DAGs
[2024-11-22T19:19:12.063+0300] {logging_mixin.py:190} INFO - [2024-11-22T19:19:12.063+0300] {dag.py:4180} INFO - Setting next_dagrun for tutorial_objectstorage to None, run_after=None
[2024-11-22T19:19:12.094+0300] {processor.py:208} INFO - Processing /home/airflow/.local/lib/python3.12/site-packages/airflow/example_dags/tutorial_objectstorage.py took 0.116 seconds
[2024-11-22T19:19:43.199+0300] {processor.py:186} INFO - Started process (PID=259) to work on /home/airflow/.local/lib/python3.12/site-packages/airflow/example_dags/tutorial_objectstorage.py
[2024-11-22T19:19:43.200+0300] {processor.py:914} INFO - Processing file /home/airflow/.local/lib/python3.12/site-packages/airflow/example_dags/tutorial_objectstorage.py for tasks to queue
[2024-11-22T19:19:43.204+0300] {logging_mixin.py:190} INFO - [2024-11-22T19:19:43.203+0300] {dagbag.py:588} INFO - Filling up the DagBag from /home/airflow/.local/lib/python3.12/site-packages/airflow/example_dags/tutorial_objectstorage.py
[2024-11-22T19:19:43.215+0300] {processor.py:925} INFO - DAG(s) 'tutorial_objectstorage' retrieved from /home/airflow/.local/lib/python3.12/site-packages/airflow/example_dags/tutorial_objectstorage.py
[2024-11-22T19:19:43.244+0300] {logging_mixin.py:190} INFO - [2024-11-22T19:19:43.244+0300] {dag.py:3239} INFO - Sync 1 DAGs
[2024-11-22T19:19:43.263+0300] {logging_mixin.py:190} INFO - [2024-11-22T19:19:43.263+0300] {dag.py:4180} INFO - Setting next_dagrun for tutorial_objectstorage to None, run_after=None
[2024-11-22T19:19:43.285+0300] {processor.py:208} INFO - Processing /home/airflow/.local/lib/python3.12/site-packages/airflow/example_dags/tutorial_objectstorage.py took 0.094 seconds
[2024-11-22T19:20:13.390+0300] {processor.py:186} INFO - Started process (PID=327) to work on /home/airflow/.local/lib/python3.12/site-packages/airflow/example_dags/tutorial_objectstorage.py
[2024-11-22T19:20:13.391+0300] {processor.py:914} INFO - Processing file /home/airflow/.local/lib/python3.12/site-packages/airflow/example_dags/tutorial_objectstorage.py for tasks to queue
[2024-11-22T19:20:13.394+0300] {logging_mixin.py:190} INFO - [2024-11-22T19:20:13.394+0300] {dagbag.py:588} INFO - Filling up the DagBag from /home/airflow/.local/lib/python3.12/site-packages/airflow/example_dags/tutorial_objectstorage.py
[2024-11-22T19:20:13.403+0300] {processor.py:925} INFO - DAG(s) 'tutorial_objectstorage' retrieved from /home/airflow/.local/lib/python3.12/site-packages/airflow/example_dags/tutorial_objectstorage.py
[2024-11-22T19:20:13.421+0300] {logging_mixin.py:190} INFO - [2024-11-22T19:20:13.421+0300] {dag.py:3239} INFO - Sync 1 DAGs
[2024-11-22T19:20:13.434+0300] {logging_mixin.py:190} INFO - [2024-11-22T19:20:13.434+0300] {dag.py:4180} INFO - Setting next_dagrun for tutorial_objectstorage to None, run_after=None
[2024-11-22T19:20:13.451+0300] {processor.py:208} INFO - Processing /home/airflow/.local/lib/python3.12/site-packages/airflow/example_dags/tutorial_objectstorage.py took 0.068 seconds
[2024-11-22T19:20:44.103+0300] {processor.py:186} INFO - Started process (PID=396) to work on /home/airflow/.local/lib/python3.12/site-packages/airflow/example_dags/tutorial_objectstorage.py
[2024-11-22T19:20:44.104+0300] {processor.py:914} INFO - Processing file /home/airflow/.local/lib/python3.12/site-packages/airflow/example_dags/tutorial_objectstorage.py for tasks to queue
[2024-11-22T19:20:44.106+0300] {logging_mixin.py:190} INFO - [2024-11-22T19:20:44.106+0300] {dagbag.py:588} INFO - Filling up the DagBag from /home/airflow/.local/lib/python3.12/site-packages/airflow/example_dags/tutorial_objectstorage.py
[2024-11-22T19:20:44.115+0300] {processor.py:925} INFO - DAG(s) 'tutorial_objectstorage' retrieved from /home/airflow/.local/lib/python3.12/site-packages/airflow/example_dags/tutorial_objectstorage.py
[2024-11-22T19:20:44.133+0300] {logging_mixin.py:190} INFO - [2024-11-22T19:20:44.133+0300] {dag.py:3239} INFO - Sync 1 DAGs
[2024-11-22T19:20:44.146+0300] {logging_mixin.py:190} INFO - [2024-11-22T19:20:44.146+0300] {dag.py:4180} INFO - Setting next_dagrun for tutorial_objectstorage to None, run_after=None
[2024-11-22T19:20:44.167+0300] {processor.py:208} INFO - Processing /home/airflow/.local/lib/python3.12/site-packages/airflow/example_dags/tutorial_objectstorage.py took 0.070 seconds
[2024-11-22T19:21:15.145+0300] {processor.py:186} INFO - Started process (PID=466) to work on /home/airflow/.local/lib/python3.12/site-packages/airflow/example_dags/tutorial_objectstorage.py
[2024-11-22T19:21:15.146+0300] {processor.py:914} INFO - Processing file /home/airflow/.local/lib/python3.12/site-packages/airflow/example_dags/tutorial_objectstorage.py for tasks to queue
[2024-11-22T19:21:15.148+0300] {logging_mixin.py:190} INFO - [2024-11-22T19:21:15.148+0300] {dagbag.py:588} INFO - Filling up the DagBag from /home/airflow/.local/lib/python3.12/site-packages/airflow/example_dags/tutorial_objectstorage.py
[2024-11-22T19:21:15.159+0300] {processor.py:925} INFO - DAG(s) 'tutorial_objectstorage' retrieved from /home/airflow/.local/lib/python3.12/site-packages/airflow/example_dags/tutorial_objectstorage.py
[2024-11-22T19:21:15.180+0300] {logging_mixin.py:190} INFO - [2024-11-22T19:21:15.179+0300] {dag.py:3239} INFO - Sync 1 DAGs
[2024-11-22T19:21:15.194+0300] {logging_mixin.py:190} INFO - [2024-11-22T19:21:15.194+0300] {dag.py:4180} INFO - Setting next_dagrun for tutorial_objectstorage to None, run_after=None
[2024-11-22T19:21:15.224+0300] {processor.py:208} INFO - Processing /home/airflow/.local/lib/python3.12/site-packages/airflow/example_dags/tutorial_objectstorage.py took 0.083 seconds
[2024-11-22T19:21:45.852+0300] {processor.py:186} INFO - Started process (PID=535) to work on /home/airflow/.local/lib/python3.12/site-packages/airflow/example_dags/tutorial_objectstorage.py
[2024-11-22T19:21:45.854+0300] {processor.py:914} INFO - Processing file /home/airflow/.local/lib/python3.12/site-packages/airflow/example_dags/tutorial_objectstorage.py for tasks to queue
[2024-11-22T19:21:45.857+0300] {logging_mixin.py:190} INFO - [2024-11-22T19:21:45.856+0300] {dagbag.py:588} INFO - Filling up the DagBag from /home/airflow/.local/lib/python3.12/site-packages/airflow/example_dags/tutorial_objectstorage.py
[2024-11-22T19:21:45.865+0300] {processor.py:925} INFO - DAG(s) 'tutorial_objectstorage' retrieved from /home/airflow/.local/lib/python3.12/site-packages/airflow/example_dags/tutorial_objectstorage.py
[2024-11-22T19:21:45.885+0300] {logging_mixin.py:190} INFO - [2024-11-22T19:21:45.885+0300] {dag.py:3239} INFO - Sync 1 DAGs
[2024-11-22T19:21:45.900+0300] {logging_mixin.py:190} INFO - [2024-11-22T19:21:45.899+0300] {dag.py:4180} INFO - Setting next_dagrun for tutorial_objectstorage to None, run_after=None
[2024-11-22T19:21:45.922+0300] {processor.py:208} INFO - Processing /home/airflow/.local/lib/python3.12/site-packages/airflow/example_dags/tutorial_objectstorage.py took 0.076 seconds
[2024-11-22T19:22:16.808+0300] {processor.py:186} INFO - Started process (PID=604) to work on /home/airflow/.local/lib/python3.12/site-packages/airflow/example_dags/tutorial_objectstorage.py
[2024-11-22T19:22:16.809+0300] {processor.py:914} INFO - Processing file /home/airflow/.local/lib/python3.12/site-packages/airflow/example_dags/tutorial_objectstorage.py for tasks to queue
[2024-11-22T19:22:16.812+0300] {logging_mixin.py:190} INFO - [2024-11-22T19:22:16.811+0300] {dagbag.py:588} INFO - Filling up the DagBag from /home/airflow/.local/lib/python3.12/site-packages/airflow/example_dags/tutorial_objectstorage.py
[2024-11-22T19:22:16.822+0300] {processor.py:925} INFO - DAG(s) 'tutorial_objectstorage' retrieved from /home/airflow/.local/lib/python3.12/site-packages/airflow/example_dags/tutorial_objectstorage.py
[2024-11-22T19:22:16.842+0300] {logging_mixin.py:190} INFO - [2024-11-22T19:22:16.842+0300] {dag.py:3239} INFO - Sync 1 DAGs
[2024-11-22T19:22:16.856+0300] {logging_mixin.py:190} INFO - [2024-11-22T19:22:16.856+0300] {dag.py:4180} INFO - Setting next_dagrun for tutorial_objectstorage to None, run_after=None
[2024-11-22T19:22:16.875+0300] {processor.py:208} INFO - Processing /home/airflow/.local/lib/python3.12/site-packages/airflow/example_dags/tutorial_objectstorage.py took 0.072 seconds
[2024-11-22T19:22:47.109+0300] {processor.py:186} INFO - Started process (PID=673) to work on /home/airflow/.local/lib/python3.12/site-packages/airflow/example_dags/tutorial_objectstorage.py
[2024-11-22T19:22:47.110+0300] {processor.py:914} INFO - Processing file /home/airflow/.local/lib/python3.12/site-packages/airflow/example_dags/tutorial_objectstorage.py for tasks to queue
[2024-11-22T19:22:47.113+0300] {logging_mixin.py:190} INFO - [2024-11-22T19:22:47.112+0300] {dagbag.py:588} INFO - Filling up the DagBag from /home/airflow/.local/lib/python3.12/site-packages/airflow/example_dags/tutorial_objectstorage.py
[2024-11-22T19:22:47.121+0300] {processor.py:925} INFO - DAG(s) 'tutorial_objectstorage' retrieved from /home/airflow/.local/lib/python3.12/site-packages/airflow/example_dags/tutorial_objectstorage.py
[2024-11-22T19:22:47.137+0300] {logging_mixin.py:190} INFO - [2024-11-22T19:22:47.136+0300] {dag.py:3239} INFO - Sync 1 DAGs
[2024-11-22T19:22:47.149+0300] {logging_mixin.py:190} INFO - [2024-11-22T19:22:47.149+0300] {dag.py:4180} INFO - Setting next_dagrun for tutorial_objectstorage to None, run_after=None
[2024-11-22T19:22:47.169+0300] {processor.py:208} INFO - Processing /home/airflow/.local/lib/python3.12/site-packages/airflow/example_dags/tutorial_objectstorage.py took 0.064 seconds
[2024-11-22T19:23:18.190+0300] {processor.py:186} INFO - Started process (PID=742) to work on /home/airflow/.local/lib/python3.12/site-packages/airflow/example_dags/tutorial_objectstorage.py
[2024-11-22T19:23:18.191+0300] {processor.py:914} INFO - Processing file /home/airflow/.local/lib/python3.12/site-packages/airflow/example_dags/tutorial_objectstorage.py for tasks to queue
[2024-11-22T19:23:18.194+0300] {logging_mixin.py:190} INFO - [2024-11-22T19:23:18.194+0300] {dagbag.py:588} INFO - Filling up the DagBag from /home/airflow/.local/lib/python3.12/site-packages/airflow/example_dags/tutorial_objectstorage.py
[2024-11-22T19:23:18.203+0300] {processor.py:925} INFO - DAG(s) 'tutorial_objectstorage' retrieved from /home/airflow/.local/lib/python3.12/site-packages/airflow/example_dags/tutorial_objectstorage.py
[2024-11-22T19:23:18.228+0300] {logging_mixin.py:190} INFO - [2024-11-22T19:23:18.228+0300] {dag.py:3239} INFO - Sync 1 DAGs
[2024-11-22T19:23:18.245+0300] {logging_mixin.py:190} INFO - [2024-11-22T19:23:18.244+0300] {dag.py:4180} INFO - Setting next_dagrun for tutorial_objectstorage to None, run_after=None
[2024-11-22T19:23:18.269+0300] {processor.py:208} INFO - Processing /home/airflow/.local/lib/python3.12/site-packages/airflow/example_dags/tutorial_objectstorage.py took 0.084 seconds
[2024-11-22T19:23:48.454+0300] {processor.py:186} INFO - Started process (PID=810) to work on /home/airflow/.local/lib/python3.12/site-packages/airflow/example_dags/tutorial_objectstorage.py
[2024-11-22T19:23:48.455+0300] {processor.py:914} INFO - Processing file /home/airflow/.local/lib/python3.12/site-packages/airflow/example_dags/tutorial_objectstorage.py for tasks to queue
[2024-11-22T19:23:48.457+0300] {logging_mixin.py:190} INFO - [2024-11-22T19:23:48.456+0300] {dagbag.py:588} INFO - Filling up the DagBag from /home/airflow/.local/lib/python3.12/site-packages/airflow/example_dags/tutorial_objectstorage.py
[2024-11-22T19:23:48.467+0300] {processor.py:925} INFO - DAG(s) 'tutorial_objectstorage' retrieved from /home/airflow/.local/lib/python3.12/site-packages/airflow/example_dags/tutorial_objectstorage.py
[2024-11-22T19:23:48.491+0300] {logging_mixin.py:190} INFO - [2024-11-22T19:23:48.490+0300] {dag.py:3239} INFO - Sync 1 DAGs
[2024-11-22T19:23:48.506+0300] {logging_mixin.py:190} INFO - [2024-11-22T19:23:48.506+0300] {dag.py:4180} INFO - Setting next_dagrun for tutorial_objectstorage to None, run_after=None
[2024-11-22T19:23:48.525+0300] {processor.py:208} INFO - Processing /home/airflow/.local/lib/python3.12/site-packages/airflow/example_dags/tutorial_objectstorage.py took 0.077 seconds
[2024-11-22T19:24:19.588+0300] {processor.py:186} INFO - Started process (PID=880) to work on /home/airflow/.local/lib/python3.12/site-packages/airflow/example_dags/tutorial_objectstorage.py
[2024-11-22T19:24:19.590+0300] {processor.py:914} INFO - Processing file /home/airflow/.local/lib/python3.12/site-packages/airflow/example_dags/tutorial_objectstorage.py for tasks to queue
[2024-11-22T19:24:19.593+0300] {logging_mixin.py:190} INFO - [2024-11-22T19:24:19.592+0300] {dagbag.py:588} INFO - Filling up the DagBag from /home/airflow/.local/lib/python3.12/site-packages/airflow/example_dags/tutorial_objectstorage.py
[2024-11-22T19:24:19.600+0300] {processor.py:925} INFO - DAG(s) 'tutorial_objectstorage' retrieved from /home/airflow/.local/lib/python3.12/site-packages/airflow/example_dags/tutorial_objectstorage.py
[2024-11-22T19:24:19.621+0300] {logging_mixin.py:190} INFO - [2024-11-22T19:24:19.620+0300] {dag.py:3239} INFO - Sync 1 DAGs
[2024-11-22T19:24:19.634+0300] {logging_mixin.py:190} INFO - [2024-11-22T19:24:19.633+0300] {dag.py:4180} INFO - Setting next_dagrun for tutorial_objectstorage to None, run_after=None
[2024-11-22T19:24:19.666+0300] {processor.py:208} INFO - Processing /home/airflow/.local/lib/python3.12/site-packages/airflow/example_dags/tutorial_objectstorage.py took 0.083 seconds
[2024-11-22T19:24:50.430+0300] {processor.py:186} INFO - Started process (PID=949) to work on /home/airflow/.local/lib/python3.12/site-packages/airflow/example_dags/tutorial_objectstorage.py
[2024-11-22T19:24:50.432+0300] {processor.py:914} INFO - Processing file /home/airflow/.local/lib/python3.12/site-packages/airflow/example_dags/tutorial_objectstorage.py for tasks to queue
[2024-11-22T19:24:50.434+0300] {logging_mixin.py:190} INFO - [2024-11-22T19:24:50.434+0300] {dagbag.py:588} INFO - Filling up the DagBag from /home/airflow/.local/lib/python3.12/site-packages/airflow/example_dags/tutorial_objectstorage.py
[2024-11-22T19:24:50.441+0300] {processor.py:925} INFO - DAG(s) 'tutorial_objectstorage' retrieved from /home/airflow/.local/lib/python3.12/site-packages/airflow/example_dags/tutorial_objectstorage.py
[2024-11-22T19:24:50.458+0300] {logging_mixin.py:190} INFO - [2024-11-22T19:24:50.458+0300] {dag.py:3239} INFO - Sync 1 DAGs
[2024-11-22T19:24:50.470+0300] {logging_mixin.py:190} INFO - [2024-11-22T19:24:50.469+0300] {dag.py:4180} INFO - Setting next_dagrun for tutorial_objectstorage to None, run_after=None
[2024-11-22T19:24:50.493+0300] {processor.py:208} INFO - Processing /home/airflow/.local/lib/python3.12/site-packages/airflow/example_dags/tutorial_objectstorage.py took 0.068 seconds
[2024-11-22T19:25:21.582+0300] {processor.py:186} INFO - Started process (PID=1018) to work on /home/airflow/.local/lib/python3.12/site-packages/airflow/example_dags/tutorial_objectstorage.py
[2024-11-22T19:25:21.584+0300] {processor.py:914} INFO - Processing file /home/airflow/.local/lib/python3.12/site-packages/airflow/example_dags/tutorial_objectstorage.py for tasks to queue
[2024-11-22T19:25:21.586+0300] {logging_mixin.py:190} INFO - [2024-11-22T19:25:21.586+0300] {dagbag.py:588} INFO - Filling up the DagBag from /home/airflow/.local/lib/python3.12/site-packages/airflow/example_dags/tutorial_objectstorage.py
[2024-11-22T19:25:21.595+0300] {processor.py:925} INFO - DAG(s) 'tutorial_objectstorage' retrieved from /home/airflow/.local/lib/python3.12/site-packages/airflow/example_dags/tutorial_objectstorage.py
[2024-11-22T19:25:21.616+0300] {logging_mixin.py:190} INFO - [2024-11-22T19:25:21.616+0300] {dag.py:3239} INFO - Sync 1 DAGs
[2024-11-22T19:25:21.631+0300] {logging_mixin.py:190} INFO - [2024-11-22T19:25:21.631+0300] {dag.py:4180} INFO - Setting next_dagrun for tutorial_objectstorage to None, run_after=None
[2024-11-22T19:25:21.653+0300] {processor.py:208} INFO - Processing /home/airflow/.local/lib/python3.12/site-packages/airflow/example_dags/tutorial_objectstorage.py took 0.077 seconds
[2024-11-22T19:25:52.241+0300] {processor.py:186} INFO - Started process (PID=1087) to work on /home/airflow/.local/lib/python3.12/site-packages/airflow/example_dags/tutorial_objectstorage.py
[2024-11-22T19:25:52.242+0300] {processor.py:914} INFO - Processing file /home/airflow/.local/lib/python3.12/site-packages/airflow/example_dags/tutorial_objectstorage.py for tasks to queue
[2024-11-22T19:25:52.245+0300] {logging_mixin.py:190} INFO - [2024-11-22T19:25:52.245+0300] {dagbag.py:588} INFO - Filling up the DagBag from /home/airflow/.local/lib/python3.12/site-packages/airflow/example_dags/tutorial_objectstorage.py
[2024-11-22T19:25:52.259+0300] {processor.py:925} INFO - DAG(s) 'tutorial_objectstorage' retrieved from /home/airflow/.local/lib/python3.12/site-packages/airflow/example_dags/tutorial_objectstorage.py
[2024-11-22T19:25:52.278+0300] {logging_mixin.py:190} INFO - [2024-11-22T19:25:52.277+0300] {dag.py:3239} INFO - Sync 1 DAGs
[2024-11-22T19:25:52.289+0300] {logging_mixin.py:190} INFO - [2024-11-22T19:25:52.289+0300] {dag.py:4180} INFO - Setting next_dagrun for tutorial_objectstorage to None, run_after=None
[2024-11-22T19:25:52.307+0300] {processor.py:208} INFO - Processing /home/airflow/.local/lib/python3.12/site-packages/airflow/example_dags/tutorial_objectstorage.py took 0.072 seconds
[2024-11-22T19:26:22.516+0300] {processor.py:186} INFO - Started process (PID=1155) to work on /home/airflow/.local/lib/python3.12/site-packages/airflow/example_dags/tutorial_objectstorage.py
[2024-11-22T19:26:22.518+0300] {processor.py:914} INFO - Processing file /home/airflow/.local/lib/python3.12/site-packages/airflow/example_dags/tutorial_objectstorage.py for tasks to queue
[2024-11-22T19:26:22.520+0300] {logging_mixin.py:190} INFO - [2024-11-22T19:26:22.520+0300] {dagbag.py:588} INFO - Filling up the DagBag from /home/airflow/.local/lib/python3.12/site-packages/airflow/example_dags/tutorial_objectstorage.py
[2024-11-22T19:26:22.528+0300] {processor.py:925} INFO - DAG(s) 'tutorial_objectstorage' retrieved from /home/airflow/.local/lib/python3.12/site-packages/airflow/example_dags/tutorial_objectstorage.py
[2024-11-22T19:26:22.548+0300] {logging_mixin.py:190} INFO - [2024-11-22T19:26:22.547+0300] {dag.py:3239} INFO - Sync 1 DAGs
[2024-11-22T19:26:22.559+0300] {logging_mixin.py:190} INFO - [2024-11-22T19:26:22.559+0300] {dag.py:4180} INFO - Setting next_dagrun for tutorial_objectstorage to None, run_after=None
[2024-11-22T19:26:22.580+0300] {processor.py:208} INFO - Processing /home/airflow/.local/lib/python3.12/site-packages/airflow/example_dags/tutorial_objectstorage.py took 0.070 seconds
[2024-11-22T19:26:54.138+0300] {processor.py:186} INFO - Started process (PID=1225) to work on /home/airflow/.local/lib/python3.12/site-packages/airflow/example_dags/tutorial_objectstorage.py
[2024-11-22T19:26:54.139+0300] {processor.py:914} INFO - Processing file /home/airflow/.local/lib/python3.12/site-packages/airflow/example_dags/tutorial_objectstorage.py for tasks to queue
[2024-11-22T19:26:54.142+0300] {logging_mixin.py:190} INFO - [2024-11-22T19:26:54.141+0300] {dagbag.py:588} INFO - Filling up the DagBag from /home/airflow/.local/lib/python3.12/site-packages/airflow/example_dags/tutorial_objectstorage.py
[2024-11-22T19:26:54.153+0300] {processor.py:925} INFO - DAG(s) 'tutorial_objectstorage' retrieved from /home/airflow/.local/lib/python3.12/site-packages/airflow/example_dags/tutorial_objectstorage.py
[2024-11-22T19:26:54.175+0300] {logging_mixin.py:190} INFO - [2024-11-22T19:26:54.174+0300] {dag.py:3239} INFO - Sync 1 DAGs
[2024-11-22T19:26:54.192+0300] {logging_mixin.py:190} INFO - [2024-11-22T19:26:54.191+0300] {dag.py:4180} INFO - Setting next_dagrun for tutorial_objectstorage to None, run_after=None
[2024-11-22T19:26:54.218+0300] {processor.py:208} INFO - Processing /home/airflow/.local/lib/python3.12/site-packages/airflow/example_dags/tutorial_objectstorage.py took 0.085 seconds
[2024-11-22T19:27:25.253+0300] {processor.py:186} INFO - Started process (PID=1294) to work on /home/airflow/.local/lib/python3.12/site-packages/airflow/example_dags/tutorial_objectstorage.py
[2024-11-22T19:27:25.255+0300] {processor.py:914} INFO - Processing file /home/airflow/.local/lib/python3.12/site-packages/airflow/example_dags/tutorial_objectstorage.py for tasks to queue
[2024-11-22T19:27:25.258+0300] {logging_mixin.py:190} INFO - [2024-11-22T19:27:25.257+0300] {dagbag.py:588} INFO - Filling up the DagBag from /home/airflow/.local/lib/python3.12/site-packages/airflow/example_dags/tutorial_objectstorage.py
[2024-11-22T19:27:25.268+0300] {processor.py:925} INFO - DAG(s) 'tutorial_objectstorage' retrieved from /home/airflow/.local/lib/python3.12/site-packages/airflow/example_dags/tutorial_objectstorage.py
[2024-11-22T19:27:25.288+0300] {logging_mixin.py:190} INFO - [2024-11-22T19:27:25.288+0300] {dag.py:3239} INFO - Sync 1 DAGs
[2024-11-22T19:27:25.303+0300] {logging_mixin.py:190} INFO - [2024-11-22T19:27:25.303+0300] {dag.py:4180} INFO - Setting next_dagrun for tutorial_objectstorage to None, run_after=None
[2024-11-22T19:27:25.342+0300] {processor.py:208} INFO - Processing /home/airflow/.local/lib/python3.12/site-packages/airflow/example_dags/tutorial_objectstorage.py took 0.093 seconds
[2024-11-22T19:27:55.932+0300] {processor.py:186} INFO - Started process (PID=1362) to work on /home/airflow/.local/lib/python3.12/site-packages/airflow/example_dags/tutorial_objectstorage.py
[2024-11-22T19:27:55.933+0300] {processor.py:914} INFO - Processing file /home/airflow/.local/lib/python3.12/site-packages/airflow/example_dags/tutorial_objectstorage.py for tasks to queue
[2024-11-22T19:27:55.936+0300] {logging_mixin.py:190} INFO - [2024-11-22T19:27:55.936+0300] {dagbag.py:588} INFO - Filling up the DagBag from /home/airflow/.local/lib/python3.12/site-packages/airflow/example_dags/tutorial_objectstorage.py
[2024-11-22T19:27:55.945+0300] {processor.py:925} INFO - DAG(s) 'tutorial_objectstorage' retrieved from /home/airflow/.local/lib/python3.12/site-packages/airflow/example_dags/tutorial_objectstorage.py
[2024-11-22T19:27:55.966+0300] {logging_mixin.py:190} INFO - [2024-11-22T19:27:55.966+0300] {dag.py:3239} INFO - Sync 1 DAGs
[2024-11-22T19:27:55.981+0300] {logging_mixin.py:190} INFO - [2024-11-22T19:27:55.981+0300] {dag.py:4180} INFO - Setting next_dagrun for tutorial_objectstorage to None, run_after=None
[2024-11-22T19:27:56.001+0300] {processor.py:208} INFO - Processing /home/airflow/.local/lib/python3.12/site-packages/airflow/example_dags/tutorial_objectstorage.py took 0.075 seconds
[2024-11-22T19:28:27.082+0300] {processor.py:186} INFO - Started process (PID=1431) to work on /home/airflow/.local/lib/python3.12/site-packages/airflow/example_dags/tutorial_objectstorage.py
[2024-11-22T19:28:27.084+0300] {processor.py:914} INFO - Processing file /home/airflow/.local/lib/python3.12/site-packages/airflow/example_dags/tutorial_objectstorage.py for tasks to queue
[2024-11-22T19:28:27.086+0300] {logging_mixin.py:190} INFO - [2024-11-22T19:28:27.086+0300] {dagbag.py:588} INFO - Filling up the DagBag from /home/airflow/.local/lib/python3.12/site-packages/airflow/example_dags/tutorial_objectstorage.py
[2024-11-22T19:28:27.099+0300] {processor.py:925} INFO - DAG(s) 'tutorial_objectstorage' retrieved from /home/airflow/.local/lib/python3.12/site-packages/airflow/example_dags/tutorial_objectstorage.py
[2024-11-22T19:28:27.119+0300] {logging_mixin.py:190} INFO - [2024-11-22T19:28:27.119+0300] {dag.py:3239} INFO - Sync 1 DAGs
[2024-11-22T19:28:27.136+0300] {logging_mixin.py:190} INFO - [2024-11-22T19:28:27.135+0300] {dag.py:4180} INFO - Setting next_dagrun for tutorial_objectstorage to None, run_after=None
[2024-11-22T19:28:27.156+0300] {processor.py:208} INFO - Processing /home/airflow/.local/lib/python3.12/site-packages/airflow/example_dags/tutorial_objectstorage.py took 0.080 seconds
[2024-11-22T19:28:57.910+0300] {processor.py:186} INFO - Started process (PID=1500) to work on /home/airflow/.local/lib/python3.12/site-packages/airflow/example_dags/tutorial_objectstorage.py
[2024-11-22T19:28:57.911+0300] {processor.py:914} INFO - Processing file /home/airflow/.local/lib/python3.12/site-packages/airflow/example_dags/tutorial_objectstorage.py for tasks to queue
[2024-11-22T19:28:57.914+0300] {logging_mixin.py:190} INFO - [2024-11-22T19:28:57.914+0300] {dagbag.py:588} INFO - Filling up the DagBag from /home/airflow/.local/lib/python3.12/site-packages/airflow/example_dags/tutorial_objectstorage.py
[2024-11-22T19:28:57.924+0300] {processor.py:925} INFO - DAG(s) 'tutorial_objectstorage' retrieved from /home/airflow/.local/lib/python3.12/site-packages/airflow/example_dags/tutorial_objectstorage.py
[2024-11-22T19:28:57.944+0300] {logging_mixin.py:190} INFO - [2024-11-22T19:28:57.944+0300] {dag.py:3239} INFO - Sync 1 DAGs
[2024-11-22T19:28:57.959+0300] {logging_mixin.py:190} INFO - [2024-11-22T19:28:57.959+0300] {dag.py:4180} INFO - Setting next_dagrun for tutorial_objectstorage to None, run_after=None
[2024-11-22T19:28:57.981+0300] {processor.py:208} INFO - Processing /home/airflow/.local/lib/python3.12/site-packages/airflow/example_dags/tutorial_objectstorage.py took 0.076 seconds
[2024-11-22T19:29:28.498+0300] {processor.py:186} INFO - Started process (PID=1569) to work on /home/airflow/.local/lib/python3.12/site-packages/airflow/example_dags/tutorial_objectstorage.py
[2024-11-22T19:29:28.499+0300] {processor.py:914} INFO - Processing file /home/airflow/.local/lib/python3.12/site-packages/airflow/example_dags/tutorial_objectstorage.py for tasks to queue
[2024-11-22T19:29:28.502+0300] {logging_mixin.py:190} INFO - [2024-11-22T19:29:28.501+0300] {dagbag.py:588} INFO - Filling up the DagBag from /home/airflow/.local/lib/python3.12/site-packages/airflow/example_dags/tutorial_objectstorage.py
[2024-11-22T19:29:28.511+0300] {processor.py:925} INFO - DAG(s) 'tutorial_objectstorage' retrieved from /home/airflow/.local/lib/python3.12/site-packages/airflow/example_dags/tutorial_objectstorage.py
[2024-11-22T19:29:28.527+0300] {logging_mixin.py:190} INFO - [2024-11-22T19:29:28.527+0300] {dag.py:3239} INFO - Sync 1 DAGs
[2024-11-22T19:29:28.541+0300] {logging_mixin.py:190} INFO - [2024-11-22T19:29:28.541+0300] {dag.py:4180} INFO - Setting next_dagrun for tutorial_objectstorage to None, run_after=None
[2024-11-22T19:29:28.560+0300] {processor.py:208} INFO - Processing /home/airflow/.local/lib/python3.12/site-packages/airflow/example_dags/tutorial_objectstorage.py took 0.068 seconds
