[2024-11-06T01:34:32.266+0300] {processor.py:186} INFO - Started process (PID=2730) to work on /opt/airflow/dags/telegram_notifications.py
[2024-11-06T01:34:32.268+0300] {processor.py:914} INFO - Processing file /opt/airflow/dags/telegram_notifications.py for tasks to queue
[2024-11-06T01:34:32.270+0300] {logging_mixin.py:190} INFO - [2024-11-06T01:34:32.270+0300] {dagbag.py:588} INFO - Filling up the DagBag from /opt/airflow/dags/telegram_notifications.py
[2024-11-06T01:34:32.332+0300] {processor.py:927} WARNING - No viable dags retrieved from /opt/airflow/dags/telegram_notifications.py
[2024-11-06T01:34:32.351+0300] {processor.py:208} INFO - Processing /opt/airflow/dags/telegram_notifications.py took 0.096 seconds
[2024-11-06T01:34:42.000+0300] {processor.py:186} INFO - Started process (PID=2786) to work on /opt/airflow/dags/telegram_notifications.py
[2024-11-06T01:34:42.002+0300] {processor.py:914} INFO - Processing file /opt/airflow/dags/telegram_notifications.py for tasks to queue
[2024-11-06T01:34:42.006+0300] {logging_mixin.py:190} INFO - [2024-11-06T01:34:42.006+0300] {dagbag.py:588} INFO - Filling up the DagBag from /opt/airflow/dags/telegram_notifications.py
[2024-11-06T01:34:42.115+0300] {processor.py:927} WARNING - No viable dags retrieved from /opt/airflow/dags/telegram_notifications.py
[2024-11-06T01:34:42.138+0300] {processor.py:208} INFO - Processing /opt/airflow/dags/telegram_notifications.py took 0.147 seconds
[2024-11-06T01:35:13.104+0300] {processor.py:186} INFO - Started process (PID=2855) to work on /opt/airflow/dags/telegram_notifications.py
[2024-11-06T01:35:13.106+0300] {processor.py:914} INFO - Processing file /opt/airflow/dags/telegram_notifications.py for tasks to queue
[2024-11-06T01:35:13.108+0300] {logging_mixin.py:190} INFO - [2024-11-06T01:35:13.108+0300] {dagbag.py:588} INFO - Filling up the DagBag from /opt/airflow/dags/telegram_notifications.py
[2024-11-06T01:35:13.123+0300] {processor.py:927} WARNING - No viable dags retrieved from /opt/airflow/dags/telegram_notifications.py
[2024-11-06T01:35:13.135+0300] {processor.py:208} INFO - Processing /opt/airflow/dags/telegram_notifications.py took 0.036 seconds
[2024-11-06T01:35:43.545+0300] {processor.py:186} INFO - Started process (PID=2924) to work on /opt/airflow/dags/telegram_notifications.py
[2024-11-06T01:35:43.546+0300] {processor.py:914} INFO - Processing file /opt/airflow/dags/telegram_notifications.py for tasks to queue
[2024-11-06T01:35:43.549+0300] {logging_mixin.py:190} INFO - [2024-11-06T01:35:43.549+0300] {dagbag.py:588} INFO - Filling up the DagBag from /opt/airflow/dags/telegram_notifications.py
[2024-11-06T01:35:43.577+0300] {processor.py:927} WARNING - No viable dags retrieved from /opt/airflow/dags/telegram_notifications.py
[2024-11-06T01:35:43.590+0300] {processor.py:208} INFO - Processing /opt/airflow/dags/telegram_notifications.py took 0.049 seconds
[2024-11-06T01:36:13.678+0300] {processor.py:186} INFO - Started process (PID=2993) to work on /opt/airflow/dags/telegram_notifications.py
[2024-11-06T01:36:13.679+0300] {processor.py:914} INFO - Processing file /opt/airflow/dags/telegram_notifications.py for tasks to queue
[2024-11-06T01:36:13.681+0300] {logging_mixin.py:190} INFO - [2024-11-06T01:36:13.681+0300] {dagbag.py:588} INFO - Filling up the DagBag from /opt/airflow/dags/telegram_notifications.py
[2024-11-06T01:36:13.703+0300] {processor.py:927} WARNING - No viable dags retrieved from /opt/airflow/dags/telegram_notifications.py
[2024-11-06T01:36:13.719+0300] {processor.py:208} INFO - Processing /opt/airflow/dags/telegram_notifications.py took 0.046 seconds
[2024-11-06T01:36:44.145+0300] {processor.py:186} INFO - Started process (PID=3062) to work on /opt/airflow/dags/telegram_notifications.py
[2024-11-06T01:36:44.146+0300] {processor.py:914} INFO - Processing file /opt/airflow/dags/telegram_notifications.py for tasks to queue
[2024-11-06T01:36:44.151+0300] {logging_mixin.py:190} INFO - [2024-11-06T01:36:44.150+0300] {dagbag.py:588} INFO - Filling up the DagBag from /opt/airflow/dags/telegram_notifications.py
[2024-11-06T01:36:44.243+0300] {processor.py:927} WARNING - No viable dags retrieved from /opt/airflow/dags/telegram_notifications.py
[2024-11-06T01:36:44.291+0300] {processor.py:208} INFO - Processing /opt/airflow/dags/telegram_notifications.py took 0.159 seconds
[2024-11-06T01:37:14.419+0300] {processor.py:186} INFO - Started process (PID=3131) to work on /opt/airflow/dags/telegram_notifications.py
[2024-11-06T01:37:14.420+0300] {processor.py:914} INFO - Processing file /opt/airflow/dags/telegram_notifications.py for tasks to queue
[2024-11-06T01:37:14.423+0300] {logging_mixin.py:190} INFO - [2024-11-06T01:37:14.423+0300] {dagbag.py:588} INFO - Filling up the DagBag from /opt/airflow/dags/telegram_notifications.py
[2024-11-06T01:37:14.440+0300] {processor.py:927} WARNING - No viable dags retrieved from /opt/airflow/dags/telegram_notifications.py
[2024-11-06T01:37:14.455+0300] {processor.py:208} INFO - Processing /opt/airflow/dags/telegram_notifications.py took 0.043 seconds
[2024-11-06T01:37:44.911+0300] {processor.py:186} INFO - Started process (PID=3200) to work on /opt/airflow/dags/telegram_notifications.py
[2024-11-06T01:37:44.912+0300] {processor.py:914} INFO - Processing file /opt/airflow/dags/telegram_notifications.py for tasks to queue
[2024-11-06T01:37:44.916+0300] {logging_mixin.py:190} INFO - [2024-11-06T01:37:44.915+0300] {dagbag.py:588} INFO - Filling up the DagBag from /opt/airflow/dags/telegram_notifications.py
[2024-11-06T01:37:44.928+0300] {processor.py:927} WARNING - No viable dags retrieved from /opt/airflow/dags/telegram_notifications.py
[2024-11-06T01:37:44.941+0300] {processor.py:208} INFO - Processing /opt/airflow/dags/telegram_notifications.py took 0.036 seconds
[2024-11-06T01:40:49.408+0300] {processor.py:186} INFO - Started process (PID=54) to work on /opt/airflow/dags/telegram_notifications.py
[2024-11-06T01:40:49.410+0300] {processor.py:914} INFO - Processing file /opt/airflow/dags/telegram_notifications.py for tasks to queue
[2024-11-06T01:40:49.413+0300] {logging_mixin.py:190} INFO - [2024-11-06T01:40:49.412+0300] {dagbag.py:588} INFO - Filling up the DagBag from /opt/airflow/dags/telegram_notifications.py
[2024-11-06T01:40:49.428+0300] {processor.py:927} WARNING - No viable dags retrieved from /opt/airflow/dags/telegram_notifications.py
[2024-11-06T01:40:49.447+0300] {processor.py:208} INFO - Processing /opt/airflow/dags/telegram_notifications.py took 0.044 seconds
[2024-11-06T01:41:20.615+0300] {processor.py:186} INFO - Started process (PID=123) to work on /opt/airflow/dags/telegram_notifications.py
[2024-11-06T01:41:20.617+0300] {processor.py:914} INFO - Processing file /opt/airflow/dags/telegram_notifications.py for tasks to queue
[2024-11-06T01:41:20.621+0300] {logging_mixin.py:190} INFO - [2024-11-06T01:41:20.620+0300] {dagbag.py:588} INFO - Filling up the DagBag from /opt/airflow/dags/telegram_notifications.py
[2024-11-06T01:41:20.707+0300] {processor.py:927} WARNING - No viable dags retrieved from /opt/airflow/dags/telegram_notifications.py
[2024-11-06T01:41:20.732+0300] {processor.py:208} INFO - Processing /opt/airflow/dags/telegram_notifications.py took 0.126 seconds
[2024-11-06T01:41:51.758+0300] {processor.py:186} INFO - Started process (PID=192) to work on /opt/airflow/dags/telegram_notifications.py
[2024-11-06T01:41:51.759+0300] {processor.py:914} INFO - Processing file /opt/airflow/dags/telegram_notifications.py for tasks to queue
[2024-11-06T01:41:51.762+0300] {logging_mixin.py:190} INFO - [2024-11-06T01:41:51.762+0300] {dagbag.py:588} INFO - Filling up the DagBag from /opt/airflow/dags/telegram_notifications.py
[2024-11-06T01:41:51.796+0300] {processor.py:927} WARNING - No viable dags retrieved from /opt/airflow/dags/telegram_notifications.py
[2024-11-06T01:41:51.811+0300] {processor.py:208} INFO - Processing /opt/airflow/dags/telegram_notifications.py took 0.058 seconds
[2024-11-06T01:42:22.659+0300] {processor.py:186} INFO - Started process (PID=261) to work on /opt/airflow/dags/telegram_notifications.py
[2024-11-06T01:42:22.660+0300] {processor.py:914} INFO - Processing file /opt/airflow/dags/telegram_notifications.py for tasks to queue
[2024-11-06T01:42:22.665+0300] {logging_mixin.py:190} INFO - [2024-11-06T01:42:22.664+0300] {dagbag.py:588} INFO - Filling up the DagBag from /opt/airflow/dags/telegram_notifications.py
[2024-11-06T01:42:22.694+0300] {processor.py:927} WARNING - No viable dags retrieved from /opt/airflow/dags/telegram_notifications.py
[2024-11-06T01:42:22.714+0300] {processor.py:208} INFO - Processing /opt/airflow/dags/telegram_notifications.py took 0.064 seconds
[2024-11-06T01:42:52.996+0300] {processor.py:186} INFO - Started process (PID=329) to work on /opt/airflow/dags/telegram_notifications.py
[2024-11-06T01:42:52.998+0300] {processor.py:914} INFO - Processing file /opt/airflow/dags/telegram_notifications.py for tasks to queue
[2024-11-06T01:42:53.001+0300] {logging_mixin.py:190} INFO - [2024-11-06T01:42:53.000+0300] {dagbag.py:588} INFO - Filling up the DagBag from /opt/airflow/dags/telegram_notifications.py
[2024-11-06T01:42:53.032+0300] {processor.py:927} WARNING - No viable dags retrieved from /opt/airflow/dags/telegram_notifications.py
[2024-11-06T01:42:53.048+0300] {processor.py:208} INFO - Processing /opt/airflow/dags/telegram_notifications.py took 0.056 seconds
[2024-11-06T01:43:24.092+0300] {processor.py:186} INFO - Started process (PID=398) to work on /opt/airflow/dags/telegram_notifications.py
[2024-11-06T01:43:24.093+0300] {processor.py:914} INFO - Processing file /opt/airflow/dags/telegram_notifications.py for tasks to queue
[2024-11-06T01:43:24.095+0300] {logging_mixin.py:190} INFO - [2024-11-06T01:43:24.095+0300] {dagbag.py:588} INFO - Filling up the DagBag from /opt/airflow/dags/telegram_notifications.py
[2024-11-06T01:43:24.113+0300] {processor.py:927} WARNING - No viable dags retrieved from /opt/airflow/dags/telegram_notifications.py
[2024-11-06T01:43:24.132+0300] {processor.py:208} INFO - Processing /opt/airflow/dags/telegram_notifications.py took 0.046 seconds
[2024-11-06T01:44:51.116+0300] {processor.py:186} INFO - Started process (PID=56) to work on /opt/airflow/dags/telegram_notifications.py
[2024-11-06T01:44:51.117+0300] {processor.py:914} INFO - Processing file /opt/airflow/dags/telegram_notifications.py for tasks to queue
[2024-11-06T01:44:51.122+0300] {logging_mixin.py:190} INFO - [2024-11-06T01:44:51.122+0300] {dagbag.py:588} INFO - Filling up the DagBag from /opt/airflow/dags/telegram_notifications.py
[2024-11-06T01:44:51.148+0300] {processor.py:927} WARNING - No viable dags retrieved from /opt/airflow/dags/telegram_notifications.py
[2024-11-06T01:44:51.169+0300] {processor.py:208} INFO - Processing /opt/airflow/dags/telegram_notifications.py took 0.060 seconds
[2024-11-06T01:45:21.766+0300] {processor.py:186} INFO - Started process (PID=125) to work on /opt/airflow/dags/telegram_notifications.py
[2024-11-06T01:45:21.768+0300] {processor.py:914} INFO - Processing file /opt/airflow/dags/telegram_notifications.py for tasks to queue
[2024-11-06T01:45:21.772+0300] {logging_mixin.py:190} INFO - [2024-11-06T01:45:21.771+0300] {dagbag.py:588} INFO - Filling up the DagBag from /opt/airflow/dags/telegram_notifications.py
[2024-11-06T01:45:21.831+0300] {processor.py:927} WARNING - No viable dags retrieved from /opt/airflow/dags/telegram_notifications.py
[2024-11-06T01:45:21.853+0300] {processor.py:208} INFO - Processing /opt/airflow/dags/telegram_notifications.py took 0.098 seconds
[2024-11-06T01:45:52.342+0300] {processor.py:186} INFO - Started process (PID=194) to work on /opt/airflow/dags/telegram_notifications.py
[2024-11-06T01:45:52.344+0300] {processor.py:914} INFO - Processing file /opt/airflow/dags/telegram_notifications.py for tasks to queue
[2024-11-06T01:45:52.349+0300] {logging_mixin.py:190} INFO - [2024-11-06T01:45:52.348+0300] {dagbag.py:588} INFO - Filling up the DagBag from /opt/airflow/dags/telegram_notifications.py
[2024-11-06T01:45:52.370+0300] {processor.py:927} WARNING - No viable dags retrieved from /opt/airflow/dags/telegram_notifications.py
[2024-11-06T01:45:52.386+0300] {processor.py:208} INFO - Processing /opt/airflow/dags/telegram_notifications.py took 0.051 seconds
[2024-11-06T01:46:22.654+0300] {processor.py:186} INFO - Started process (PID=263) to work on /opt/airflow/dags/telegram_notifications.py
[2024-11-06T01:46:22.655+0300] {processor.py:914} INFO - Processing file /opt/airflow/dags/telegram_notifications.py for tasks to queue
[2024-11-06T01:46:22.658+0300] {logging_mixin.py:190} INFO - [2024-11-06T01:46:22.658+0300] {dagbag.py:588} INFO - Filling up the DagBag from /opt/airflow/dags/telegram_notifications.py
[2024-11-06T01:46:22.704+0300] {processor.py:927} WARNING - No viable dags retrieved from /opt/airflow/dags/telegram_notifications.py
[2024-11-06T01:46:22.754+0300] {processor.py:208} INFO - Processing /opt/airflow/dags/telegram_notifications.py took 0.108 seconds
[2024-11-06T01:46:53.695+0300] {processor.py:186} INFO - Started process (PID=332) to work on /opt/airflow/dags/telegram_notifications.py
[2024-11-06T01:46:53.697+0300] {processor.py:914} INFO - Processing file /opt/airflow/dags/telegram_notifications.py for tasks to queue
[2024-11-06T01:46:53.701+0300] {logging_mixin.py:190} INFO - [2024-11-06T01:46:53.700+0300] {dagbag.py:588} INFO - Filling up the DagBag from /opt/airflow/dags/telegram_notifications.py
[2024-11-06T01:46:53.726+0300] {processor.py:927} WARNING - No viable dags retrieved from /opt/airflow/dags/telegram_notifications.py
[2024-11-06T01:46:53.746+0300] {processor.py:208} INFO - Processing /opt/airflow/dags/telegram_notifications.py took 0.059 seconds
[2024-11-06T01:47:23.982+0300] {processor.py:186} INFO - Started process (PID=401) to work on /opt/airflow/dags/telegram_notifications.py
[2024-11-06T01:47:23.983+0300] {processor.py:914} INFO - Processing file /opt/airflow/dags/telegram_notifications.py for tasks to queue
[2024-11-06T01:47:23.985+0300] {logging_mixin.py:190} INFO - [2024-11-06T01:47:23.985+0300] {dagbag.py:588} INFO - Filling up the DagBag from /opt/airflow/dags/telegram_notifications.py
[2024-11-06T01:47:24.003+0300] {processor.py:927} WARNING - No viable dags retrieved from /opt/airflow/dags/telegram_notifications.py
[2024-11-06T01:47:24.017+0300] {processor.py:208} INFO - Processing /opt/airflow/dags/telegram_notifications.py took 0.039 seconds
[2024-11-06T01:47:54.394+0300] {processor.py:186} INFO - Started process (PID=470) to work on /opt/airflow/dags/telegram_notifications.py
[2024-11-06T01:47:54.395+0300] {processor.py:914} INFO - Processing file /opt/airflow/dags/telegram_notifications.py for tasks to queue
[2024-11-06T01:47:54.398+0300] {logging_mixin.py:190} INFO - [2024-11-06T01:47:54.397+0300] {dagbag.py:588} INFO - Filling up the DagBag from /opt/airflow/dags/telegram_notifications.py
[2024-11-06T01:47:54.414+0300] {processor.py:927} WARNING - No viable dags retrieved from /opt/airflow/dags/telegram_notifications.py
[2024-11-06T01:47:54.428+0300] {processor.py:208} INFO - Processing /opt/airflow/dags/telegram_notifications.py took 0.038 seconds
[2024-11-06T01:48:25.184+0300] {processor.py:186} INFO - Started process (PID=545) to work on /opt/airflow/dags/telegram_notifications.py
[2024-11-06T01:48:25.185+0300] {processor.py:914} INFO - Processing file /opt/airflow/dags/telegram_notifications.py for tasks to queue
[2024-11-06T01:48:25.188+0300] {logging_mixin.py:190} INFO - [2024-11-06T01:48:25.188+0300] {dagbag.py:588} INFO - Filling up the DagBag from /opt/airflow/dags/telegram_notifications.py
[2024-11-06T01:48:25.210+0300] {processor.py:927} WARNING - No viable dags retrieved from /opt/airflow/dags/telegram_notifications.py
[2024-11-06T01:48:25.220+0300] {processor.py:208} INFO - Processing /opt/airflow/dags/telegram_notifications.py took 0.042 seconds
[2024-11-06T01:48:29.491+0300] {processor.py:186} INFO - Started process (PID=593) to work on /opt/airflow/dags/telegram_notifications.py
[2024-11-06T01:48:29.492+0300] {processor.py:914} INFO - Processing file /opt/airflow/dags/telegram_notifications.py for tasks to queue
[2024-11-06T01:48:29.495+0300] {logging_mixin.py:190} INFO - [2024-11-06T01:48:29.495+0300] {dagbag.py:588} INFO - Filling up the DagBag from /opt/airflow/dags/telegram_notifications.py
[2024-11-06T01:48:29.519+0300] {processor.py:927} WARNING - No viable dags retrieved from /opt/airflow/dags/telegram_notifications.py
[2024-11-06T01:48:29.533+0300] {processor.py:208} INFO - Processing /opt/airflow/dags/telegram_notifications.py took 0.047 seconds
[2024-11-06T01:50:27.125+0300] {processor.py:186} INFO - Started process (PID=48) to work on /opt/airflow/dags/telegram_notifications.py
[2024-11-06T01:50:27.126+0300] {processor.py:914} INFO - Processing file /opt/airflow/dags/telegram_notifications.py for tasks to queue
[2024-11-06T01:50:27.130+0300] {logging_mixin.py:190} INFO - [2024-11-06T01:50:27.130+0300] {dagbag.py:588} INFO - Filling up the DagBag from /opt/airflow/dags/telegram_notifications.py
[2024-11-06T01:50:27.153+0300] {processor.py:927} WARNING - No viable dags retrieved from /opt/airflow/dags/telegram_notifications.py
[2024-11-06T01:50:27.173+0300] {processor.py:208} INFO - Processing /opt/airflow/dags/telegram_notifications.py took 0.055 seconds
[2024-11-06T01:50:58.300+0300] {processor.py:186} INFO - Started process (PID=118) to work on /opt/airflow/dags/telegram_notifications.py
[2024-11-06T01:50:58.301+0300] {processor.py:914} INFO - Processing file /opt/airflow/dags/telegram_notifications.py for tasks to queue
[2024-11-06T01:50:58.304+0300] {logging_mixin.py:190} INFO - [2024-11-06T01:50:58.304+0300] {dagbag.py:588} INFO - Filling up the DagBag from /opt/airflow/dags/telegram_notifications.py
[2024-11-06T01:50:58.332+0300] {processor.py:927} WARNING - No viable dags retrieved from /opt/airflow/dags/telegram_notifications.py
[2024-11-06T01:50:58.352+0300] {processor.py:208} INFO - Processing /opt/airflow/dags/telegram_notifications.py took 0.057 seconds
[2024-11-06T01:51:29.152+0300] {processor.py:186} INFO - Started process (PID=193) to work on /opt/airflow/dags/telegram_notifications.py
[2024-11-06T01:51:29.153+0300] {processor.py:914} INFO - Processing file /opt/airflow/dags/telegram_notifications.py for tasks to queue
[2024-11-06T01:51:29.156+0300] {logging_mixin.py:190} INFO - [2024-11-06T01:51:29.156+0300] {dagbag.py:588} INFO - Filling up the DagBag from /opt/airflow/dags/telegram_notifications.py
[2024-11-06T01:51:29.181+0300] {processor.py:927} WARNING - No viable dags retrieved from /opt/airflow/dags/telegram_notifications.py
[2024-11-06T01:51:29.199+0300] {processor.py:208} INFO - Processing /opt/airflow/dags/telegram_notifications.py took 0.054 seconds
[2024-11-06T01:51:59.373+0300] {processor.py:186} INFO - Started process (PID=261) to work on /opt/airflow/dags/telegram_notifications.py
[2024-11-06T01:51:59.375+0300] {processor.py:914} INFO - Processing file /opt/airflow/dags/telegram_notifications.py for tasks to queue
[2024-11-06T01:51:59.378+0300] {logging_mixin.py:190} INFO - [2024-11-06T01:51:59.378+0300] {dagbag.py:588} INFO - Filling up the DagBag from /opt/airflow/dags/telegram_notifications.py
[2024-11-06T01:51:59.405+0300] {processor.py:927} WARNING - No viable dags retrieved from /opt/airflow/dags/telegram_notifications.py
[2024-11-06T01:51:59.426+0300] {processor.py:208} INFO - Processing /opt/airflow/dags/telegram_notifications.py took 0.061 seconds
[2024-11-06T01:52:30.366+0300] {processor.py:186} INFO - Started process (PID=331) to work on /opt/airflow/dags/telegram_notifications.py
[2024-11-06T01:52:30.368+0300] {processor.py:914} INFO - Processing file /opt/airflow/dags/telegram_notifications.py for tasks to queue
[2024-11-06T01:52:30.370+0300] {logging_mixin.py:190} INFO - [2024-11-06T01:52:30.370+0300] {dagbag.py:588} INFO - Filling up the DagBag from /opt/airflow/dags/telegram_notifications.py
[2024-11-06T01:52:30.414+0300] {processor.py:927} WARNING - No viable dags retrieved from /opt/airflow/dags/telegram_notifications.py
[2024-11-06T01:52:30.441+0300] {processor.py:208} INFO - Processing /opt/airflow/dags/telegram_notifications.py took 0.080 seconds
[2024-11-06T01:53:01.540+0300] {processor.py:186} INFO - Started process (PID=401) to work on /opt/airflow/dags/telegram_notifications.py
[2024-11-06T01:53:01.541+0300] {processor.py:914} INFO - Processing file /opt/airflow/dags/telegram_notifications.py for tasks to queue
[2024-11-06T01:53:01.544+0300] {logging_mixin.py:190} INFO - [2024-11-06T01:53:01.544+0300] {dagbag.py:588} INFO - Filling up the DagBag from /opt/airflow/dags/telegram_notifications.py
[2024-11-06T01:53:01.571+0300] {processor.py:927} WARNING - No viable dags retrieved from /opt/airflow/dags/telegram_notifications.py
[2024-11-06T01:53:01.590+0300] {processor.py:208} INFO - Processing /opt/airflow/dags/telegram_notifications.py took 0.055 seconds
[2024-11-06T01:53:22.042+0300] {processor.py:186} INFO - Started process (PID=463) to work on /opt/airflow/dags/telegram_notifications.py
[2024-11-06T01:53:22.043+0300] {processor.py:914} INFO - Processing file /opt/airflow/dags/telegram_notifications.py for tasks to queue
[2024-11-06T01:53:22.047+0300] {logging_mixin.py:190} INFO - [2024-11-06T01:53:22.046+0300] {dagbag.py:588} INFO - Filling up the DagBag from /opt/airflow/dags/telegram_notifications.py
[2024-11-06T01:53:22.076+0300] {processor.py:927} WARNING - No viable dags retrieved from /opt/airflow/dags/telegram_notifications.py
[2024-11-06T01:53:22.092+0300] {processor.py:208} INFO - Processing /opt/airflow/dags/telegram_notifications.py took 0.055 seconds
[2024-11-06T01:53:52.929+0300] {processor.py:186} INFO - Started process (PID=532) to work on /opt/airflow/dags/telegram_notifications.py
[2024-11-06T01:53:52.932+0300] {processor.py:914} INFO - Processing file /opt/airflow/dags/telegram_notifications.py for tasks to queue
[2024-11-06T01:53:52.937+0300] {logging_mixin.py:190} INFO - [2024-11-06T01:53:52.936+0300] {dagbag.py:588} INFO - Filling up the DagBag from /opt/airflow/dags/telegram_notifications.py
[2024-11-06T01:53:52.989+0300] {processor.py:927} WARNING - No viable dags retrieved from /opt/airflow/dags/telegram_notifications.py
[2024-11-06T01:53:53.015+0300] {processor.py:208} INFO - Processing /opt/airflow/dags/telegram_notifications.py took 0.105 seconds
[2024-11-06T01:54:23.942+0300] {processor.py:186} INFO - Started process (PID=601) to work on /opt/airflow/dags/telegram_notifications.py
[2024-11-06T01:54:23.945+0300] {processor.py:914} INFO - Processing file /opt/airflow/dags/telegram_notifications.py for tasks to queue
[2024-11-06T01:54:23.948+0300] {logging_mixin.py:190} INFO - [2024-11-06T01:54:23.948+0300] {dagbag.py:588} INFO - Filling up the DagBag from /opt/airflow/dags/telegram_notifications.py
[2024-11-06T01:54:23.970+0300] {processor.py:927} WARNING - No viable dags retrieved from /opt/airflow/dags/telegram_notifications.py
[2024-11-06T01:54:23.989+0300] {processor.py:208} INFO - Processing /opt/airflow/dags/telegram_notifications.py took 0.055 seconds
[2024-11-06T01:55:33.556+0300] {processor.py:186} INFO - Started process (PID=54) to work on /opt/airflow/dags/telegram_notifications.py
[2024-11-06T01:55:33.557+0300] {processor.py:914} INFO - Processing file /opt/airflow/dags/telegram_notifications.py for tasks to queue
[2024-11-06T01:55:33.561+0300] {logging_mixin.py:190} INFO - [2024-11-06T01:55:33.560+0300] {dagbag.py:588} INFO - Filling up the DagBag from /opt/airflow/dags/telegram_notifications.py
[2024-11-06T01:55:33.580+0300] {processor.py:927} WARNING - No viable dags retrieved from /opt/airflow/dags/telegram_notifications.py
[2024-11-06T01:55:33.601+0300] {processor.py:208} INFO - Processing /opt/airflow/dags/telegram_notifications.py took 0.052 seconds
[2024-11-06T01:56:04.650+0300] {processor.py:186} INFO - Started process (PID=123) to work on /opt/airflow/dags/telegram_notifications.py
[2024-11-06T01:56:04.652+0300] {processor.py:914} INFO - Processing file /opt/airflow/dags/telegram_notifications.py for tasks to queue
[2024-11-06T01:56:04.659+0300] {logging_mixin.py:190} INFO - [2024-11-06T01:56:04.658+0300] {dagbag.py:588} INFO - Filling up the DagBag from /opt/airflow/dags/telegram_notifications.py
[2024-11-06T01:56:04.681+0300] {processor.py:927} WARNING - No viable dags retrieved from /opt/airflow/dags/telegram_notifications.py
[2024-11-06T01:56:04.704+0300] {processor.py:208} INFO - Processing /opt/airflow/dags/telegram_notifications.py took 0.064 seconds
[2024-11-06T01:56:35.509+0300] {processor.py:186} INFO - Started process (PID=194) to work on /opt/airflow/dags/telegram_notifications.py
[2024-11-06T01:56:35.510+0300] {processor.py:914} INFO - Processing file /opt/airflow/dags/telegram_notifications.py for tasks to queue
[2024-11-06T01:56:35.512+0300] {logging_mixin.py:190} INFO - [2024-11-06T01:56:35.512+0300] {dagbag.py:588} INFO - Filling up the DagBag from /opt/airflow/dags/telegram_notifications.py
[2024-11-06T01:56:35.530+0300] {processor.py:927} WARNING - No viable dags retrieved from /opt/airflow/dags/telegram_notifications.py
[2024-11-06T01:56:35.541+0300] {processor.py:208} INFO - Processing /opt/airflow/dags/telegram_notifications.py took 0.037 seconds
[2024-11-06T01:57:06.151+0300] {processor.py:186} INFO - Started process (PID=263) to work on /opt/airflow/dags/telegram_notifications.py
[2024-11-06T01:57:06.152+0300] {processor.py:914} INFO - Processing file /opt/airflow/dags/telegram_notifications.py for tasks to queue
[2024-11-06T01:57:06.155+0300] {logging_mixin.py:190} INFO - [2024-11-06T01:57:06.154+0300] {dagbag.py:588} INFO - Filling up the DagBag from /opt/airflow/dags/telegram_notifications.py
[2024-11-06T01:57:06.174+0300] {processor.py:927} WARNING - No viable dags retrieved from /opt/airflow/dags/telegram_notifications.py
[2024-11-06T01:57:06.186+0300] {processor.py:208} INFO - Processing /opt/airflow/dags/telegram_notifications.py took 0.040 seconds
[2024-11-06T01:57:36.851+0300] {processor.py:186} INFO - Started process (PID=332) to work on /opt/airflow/dags/telegram_notifications.py
[2024-11-06T01:57:36.853+0300] {processor.py:914} INFO - Processing file /opt/airflow/dags/telegram_notifications.py for tasks to queue
[2024-11-06T01:57:36.856+0300] {logging_mixin.py:190} INFO - [2024-11-06T01:57:36.855+0300] {dagbag.py:588} INFO - Filling up the DagBag from /opt/airflow/dags/telegram_notifications.py
[2024-11-06T01:57:36.881+0300] {processor.py:927} WARNING - No viable dags retrieved from /opt/airflow/dags/telegram_notifications.py
[2024-11-06T01:57:36.899+0300] {processor.py:208} INFO - Processing /opt/airflow/dags/telegram_notifications.py took 0.055 seconds
[2024-11-06T01:58:07.823+0300] {processor.py:186} INFO - Started process (PID=408) to work on /opt/airflow/dags/telegram_notifications.py
[2024-11-06T01:58:07.824+0300] {processor.py:914} INFO - Processing file /opt/airflow/dags/telegram_notifications.py for tasks to queue
[2024-11-06T01:58:07.831+0300] {logging_mixin.py:190} INFO - [2024-11-06T01:58:07.830+0300] {dagbag.py:588} INFO - Filling up the DagBag from /opt/airflow/dags/telegram_notifications.py
[2024-11-06T01:58:07.849+0300] {processor.py:927} WARNING - No viable dags retrieved from /opt/airflow/dags/telegram_notifications.py
[2024-11-06T01:58:07.868+0300] {processor.py:208} INFO - Processing /opt/airflow/dags/telegram_notifications.py took 0.051 seconds
[2024-11-06T01:58:37.949+0300] {processor.py:186} INFO - Started process (PID=478) to work on /opt/airflow/dags/telegram_notifications.py
[2024-11-06T01:58:37.951+0300] {processor.py:914} INFO - Processing file /opt/airflow/dags/telegram_notifications.py for tasks to queue
[2024-11-06T01:58:37.956+0300] {logging_mixin.py:190} INFO - [2024-11-06T01:58:37.954+0300] {dagbag.py:588} INFO - Filling up the DagBag from /opt/airflow/dags/telegram_notifications.py
[2024-11-06T01:58:37.980+0300] {processor.py:927} WARNING - No viable dags retrieved from /opt/airflow/dags/telegram_notifications.py
[2024-11-06T01:58:37.999+0300] {processor.py:208} INFO - Processing /opt/airflow/dags/telegram_notifications.py took 0.057 seconds
[2024-11-06T02:00:14.220+0300] {processor.py:186} INFO - Started process (PID=57) to work on /opt/airflow/dags/telegram_notifications.py
[2024-11-06T02:00:14.221+0300] {processor.py:914} INFO - Processing file /opt/airflow/dags/telegram_notifications.py for tasks to queue
[2024-11-06T02:00:14.225+0300] {logging_mixin.py:190} INFO - [2024-11-06T02:00:14.224+0300] {dagbag.py:588} INFO - Filling up the DagBag from /opt/airflow/dags/telegram_notifications.py
[2024-11-06T02:00:14.246+0300] {processor.py:927} WARNING - No viable dags retrieved from /opt/airflow/dags/telegram_notifications.py
[2024-11-06T02:00:14.267+0300] {processor.py:208} INFO - Processing /opt/airflow/dags/telegram_notifications.py took 0.055 seconds
[2024-11-06T02:00:45.378+0300] {processor.py:186} INFO - Started process (PID=126) to work on /opt/airflow/dags/telegram_notifications.py
[2024-11-06T02:00:45.383+0300] {processor.py:914} INFO - Processing file /opt/airflow/dags/telegram_notifications.py for tasks to queue
[2024-11-06T02:00:45.390+0300] {logging_mixin.py:190} INFO - [2024-11-06T02:00:45.390+0300] {dagbag.py:588} INFO - Filling up the DagBag from /opt/airflow/dags/telegram_notifications.py
[2024-11-06T02:00:45.431+0300] {processor.py:927} WARNING - No viable dags retrieved from /opt/airflow/dags/telegram_notifications.py
[2024-11-06T02:00:45.459+0300] {processor.py:208} INFO - Processing /opt/airflow/dags/telegram_notifications.py took 0.095 seconds
[2024-11-06T02:01:15.848+0300] {processor.py:186} INFO - Started process (PID=197) to work on /opt/airflow/dags/telegram_notifications.py
[2024-11-06T02:01:15.849+0300] {processor.py:914} INFO - Processing file /opt/airflow/dags/telegram_notifications.py for tasks to queue
[2024-11-06T02:01:15.854+0300] {logging_mixin.py:190} INFO - [2024-11-06T02:01:15.854+0300] {dagbag.py:588} INFO - Filling up the DagBag from /opt/airflow/dags/telegram_notifications.py
[2024-11-06T02:01:15.935+0300] {processor.py:927} WARNING - No viable dags retrieved from /opt/airflow/dags/telegram_notifications.py
[2024-11-06T02:01:15.953+0300] {processor.py:208} INFO - Processing /opt/airflow/dags/telegram_notifications.py took 0.115 seconds
