[2024-11-08T18:11:25.451+0300] {local_task_job_runner.py:123} INFO - ::group::Pre task execution logs
[2024-11-08T18:11:25.513+0300] {taskinstance.py:2612} INFO - Dependencies all met for dep_context=non-requeueable deps ti=<TaskInstance: backup_files_dag.backup_files scheduled__2024-11-07T00:00:00+00:00 [queued]>
[2024-11-08T18:11:25.540+0300] {taskinstance.py:2612} INFO - Dependencies all met for dep_context=requeueable deps ti=<TaskInstance: backup_files_dag.backup_files scheduled__2024-11-07T00:00:00+00:00 [queued]>
[2024-11-08T18:11:25.545+0300] {taskinstance.py:2865} INFO - Starting attempt 1 of 2
[2024-11-08T18:11:25.701+0300] {taskinstance.py:2888} INFO - Executing <Task(BashOperator): backup_files> on 2024-11-07 00:00:00+00:00
[2024-11-08T18:11:25.806+0300] {warnings.py:112} WARNING - /home/***/.local/lib/python3.12/site-packages/***/task/task_runner/standard_task_runner.py:70: DeprecationWarning: This process (pid=74) is multi-threaded, use of fork() may lead to deadlocks in the child.
  pid = os.fork()

[2024-11-08T18:11:25.828+0300] {standard_task_runner.py:104} INFO - Running: ['***', 'tasks', 'run', 'backup_files_dag', 'backup_files', 'scheduled__2024-11-07T00:00:00+00:00', '--job-id', '210', '--raw', '--subdir', 'DAGS_FOLDER/backup_files_dag.py', '--cfg-path', '/tmp/tmp4tco2pq6']
[2024-11-08T18:11:25.854+0300] {standard_task_runner.py:105} INFO - Job 210: Subtask backup_files
[2024-11-08T18:11:25.819+0300] {standard_task_runner.py:72} INFO - Started process 107 to run task
[2024-11-08T18:11:26.310+0300] {task_command.py:467} INFO - Running <TaskInstance: backup_files_dag.backup_files scheduled__2024-11-07T00:00:00+00:00 [running]> on host 1168f67a661e
[2024-11-08T18:11:26.711+0300] {taskinstance.py:3131} INFO - Exporting env vars: AIRFLOW_CTX_DAG_OWNER='***' AIRFLOW_CTX_DAG_ID='backup_files_dag' AIRFLOW_CTX_TASK_ID='backup_files' AIRFLOW_CTX_EXECUTION_DATE='2024-11-07T00:00:00+00:00' AIRFLOW_CTX_TRY_NUMBER='1' AIRFLOW_CTX_DAG_RUN_ID='scheduled__2024-11-07T00:00:00+00:00'
[2024-11-08T18:11:26.713+0300] {logging_mixin.py:190} INFO - Task instance is in running state
[2024-11-08T18:11:26.713+0300] {logging_mixin.py:190} INFO -  Previous state of the Task instance: queued
[2024-11-08T18:11:26.715+0300] {logging_mixin.py:190} INFO - Current task name:backup_files state:running start_date:2024-11-08 15:11:25.516510+00:00
[2024-11-08T18:11:26.716+0300] {logging_mixin.py:190} INFO - Dag name:backup_files_dag and current dag run status:running
[2024-11-08T18:11:26.717+0300] {taskinstance.py:731} INFO - ::endgroup::
[2024-11-08T18:11:26.719+0300] {subprocess.py:63} INFO - Tmp dir root location: /tmp
[2024-11-08T18:11:26.721+0300] {subprocess.py:75} INFO - Running command: ['/usr/bin/bash', '-c', 'cp -r /opt/***/source* /opt/***/backup']
[2024-11-08T18:11:26.740+0300] {subprocess.py:86} INFO - Output:
[2024-11-08T18:11:33.277+0300] {subprocess.py:97} INFO - Command exited with return code 0
[2024-11-08T18:11:33.314+0300] {taskinstance.py:340} INFO - ::group::Post task execution logs
[2024-11-08T18:11:33.316+0300] {taskinstance.py:352} INFO - Marking task as SUCCESS. dag_id=backup_files_dag, task_id=backup_files, run_id=scheduled__2024-11-07T00:00:00+00:00, execution_date=20241107T000000, start_date=20241108T151125, end_date=20241108T151133
[2024-11-08T18:11:33.335+0300] {logging_mixin.py:190} INFO - Task instance in success state
[2024-11-08T18:11:33.336+0300] {logging_mixin.py:190} INFO -  Previous state of the Task instance: running
[2024-11-08T18:11:33.337+0300] {logging_mixin.py:190} INFO - Dag name:backup_files_dag queued_at:2024-11-08 15:11:18.371988+00:00
[2024-11-08T18:11:33.337+0300] {logging_mixin.py:190} INFO - Task hostname:1168f67a661e operator:BashOperator
[2024-11-08T18:11:33.356+0300] {local_task_job_runner.py:266} INFO - Task exited with return code 0
[2024-11-08T18:11:33.380+0300] {taskinstance.py:3900} INFO - 0 downstream tasks scheduled from follow-on schedule check
[2024-11-08T18:11:33.383+0300] {local_task_job_runner.py:245} INFO - ::endgroup::
