[2024-11-08T18:11:19.288+0300] {processor.py:186} INFO - Started process (PID=84) to work on /opt/airflow/dags/backup_files_dag.py
[2024-11-08T18:11:19.290+0300] {processor.py:914} INFO - Processing file /opt/airflow/dags/backup_files_dag.py for tasks to queue
[2024-11-08T18:11:19.293+0300] {logging_mixin.py:190} INFO - [2024-11-08T18:11:19.292+0300] {dagbag.py:588} INFO - Filling up the DagBag from /opt/airflow/dags/backup_files_dag.py
[2024-11-08T18:11:19.320+0300] {processor.py:925} INFO - DAG(s) 'backup_files_dag' retrieved from /opt/airflow/dags/backup_files_dag.py
[2024-11-08T18:11:19.345+0300] {logging_mixin.py:190} INFO - [2024-11-08T18:11:19.345+0300] {dag.py:3239} INFO - Sync 1 DAGs
[2024-11-08T18:11:19.374+0300] {logging_mixin.py:190} INFO - [2024-11-08T18:11:19.374+0300] {dag.py:4180} INFO - Setting next_dagrun for backup_files_dag to 2024-11-08 00:00:00+00:00, run_after=2024-11-09 00:00:00+00:00
[2024-11-08T18:11:19.397+0300] {processor.py:208} INFO - Processing /opt/airflow/dags/backup_files_dag.py took 0.115 seconds
[2024-11-08T18:11:49.977+0300] {processor.py:186} INFO - Started process (PID=181) to work on /opt/airflow/dags/backup_files_dag.py
[2024-11-08T18:11:49.978+0300] {processor.py:914} INFO - Processing file /opt/airflow/dags/backup_files_dag.py for tasks to queue
[2024-11-08T18:11:49.981+0300] {logging_mixin.py:190} INFO - [2024-11-08T18:11:49.981+0300] {dagbag.py:588} INFO - Filling up the DagBag from /opt/airflow/dags/backup_files_dag.py
[2024-11-08T18:11:50.010+0300] {processor.py:925} INFO - DAG(s) 'backup_files_dag' retrieved from /opt/airflow/dags/backup_files_dag.py
[2024-11-08T18:11:50.030+0300] {logging_mixin.py:190} INFO - [2024-11-08T18:11:50.029+0300] {dag.py:3239} INFO - Sync 1 DAGs
[2024-11-08T18:11:50.057+0300] {logging_mixin.py:190} INFO - [2024-11-08T18:11:50.057+0300] {dag.py:4180} INFO - Setting next_dagrun for backup_files_dag to 2024-11-08 00:00:00+00:00, run_after=2024-11-09 00:00:00+00:00
[2024-11-08T18:11:50.077+0300] {processor.py:208} INFO - Processing /opt/airflow/dags/backup_files_dag.py took 0.106 seconds
[2024-11-08T18:12:20.803+0300] {processor.py:186} INFO - Started process (PID=254) to work on /opt/airflow/dags/backup_files_dag.py
[2024-11-08T18:12:20.804+0300] {processor.py:914} INFO - Processing file /opt/airflow/dags/backup_files_dag.py for tasks to queue
[2024-11-08T18:12:20.807+0300] {logging_mixin.py:190} INFO - [2024-11-08T18:12:20.807+0300] {dagbag.py:588} INFO - Filling up the DagBag from /opt/airflow/dags/backup_files_dag.py
[2024-11-08T18:12:20.831+0300] {processor.py:925} INFO - DAG(s) 'backup_files_dag' retrieved from /opt/airflow/dags/backup_files_dag.py
[2024-11-08T18:12:20.851+0300] {logging_mixin.py:190} INFO - [2024-11-08T18:12:20.851+0300] {dag.py:3239} INFO - Sync 1 DAGs
[2024-11-08T18:12:20.876+0300] {logging_mixin.py:190} INFO - [2024-11-08T18:12:20.876+0300] {dag.py:4180} INFO - Setting next_dagrun for backup_files_dag to 2024-11-08 00:00:00+00:00, run_after=2024-11-09 00:00:00+00:00
[2024-11-08T18:12:20.896+0300] {processor.py:208} INFO - Processing /opt/airflow/dags/backup_files_dag.py took 0.098 seconds
[2024-11-08T18:12:51.168+0300] {processor.py:186} INFO - Started process (PID=326) to work on /opt/airflow/dags/backup_files_dag.py
[2024-11-08T18:12:51.169+0300] {processor.py:914} INFO - Processing file /opt/airflow/dags/backup_files_dag.py for tasks to queue
[2024-11-08T18:12:51.172+0300] {logging_mixin.py:190} INFO - [2024-11-08T18:12:51.172+0300] {dagbag.py:588} INFO - Filling up the DagBag from /opt/airflow/dags/backup_files_dag.py
[2024-11-08T18:12:51.197+0300] {processor.py:925} INFO - DAG(s) 'backup_files_dag' retrieved from /opt/airflow/dags/backup_files_dag.py
[2024-11-08T18:12:51.215+0300] {logging_mixin.py:190} INFO - [2024-11-08T18:12:51.214+0300] {dag.py:3239} INFO - Sync 1 DAGs
[2024-11-08T18:12:51.238+0300] {logging_mixin.py:190} INFO - [2024-11-08T18:12:51.238+0300] {dag.py:4180} INFO - Setting next_dagrun for backup_files_dag to 2024-11-08 00:00:00+00:00, run_after=2024-11-09 00:00:00+00:00
[2024-11-08T18:12:51.258+0300] {processor.py:208} INFO - Processing /opt/airflow/dags/backup_files_dag.py took 0.096 seconds
[2024-11-08T18:13:21.753+0300] {processor.py:186} INFO - Started process (PID=395) to work on /opt/airflow/dags/backup_files_dag.py
[2024-11-08T18:13:21.754+0300] {processor.py:914} INFO - Processing file /opt/airflow/dags/backup_files_dag.py for tasks to queue
[2024-11-08T18:13:21.757+0300] {logging_mixin.py:190} INFO - [2024-11-08T18:13:21.757+0300] {dagbag.py:588} INFO - Filling up the DagBag from /opt/airflow/dags/backup_files_dag.py
[2024-11-08T18:13:21.788+0300] {processor.py:925} INFO - DAG(s) 'backup_files_dag' retrieved from /opt/airflow/dags/backup_files_dag.py
[2024-11-08T18:13:21.811+0300] {logging_mixin.py:190} INFO - [2024-11-08T18:13:21.811+0300] {dag.py:3239} INFO - Sync 1 DAGs
[2024-11-08T18:13:21.836+0300] {logging_mixin.py:190} INFO - [2024-11-08T18:13:21.836+0300] {dag.py:4180} INFO - Setting next_dagrun for backup_files_dag to 2024-11-08 00:00:00+00:00, run_after=2024-11-09 00:00:00+00:00
[2024-11-08T18:13:21.863+0300] {processor.py:208} INFO - Processing /opt/airflow/dags/backup_files_dag.py took 0.117 seconds
[2024-11-08T18:13:52.118+0300] {processor.py:186} INFO - Started process (PID=464) to work on /opt/airflow/dags/backup_files_dag.py
[2024-11-08T18:13:52.120+0300] {processor.py:914} INFO - Processing file /opt/airflow/dags/backup_files_dag.py for tasks to queue
[2024-11-08T18:13:52.123+0300] {logging_mixin.py:190} INFO - [2024-11-08T18:13:52.123+0300] {dagbag.py:588} INFO - Filling up the DagBag from /opt/airflow/dags/backup_files_dag.py
[2024-11-08T18:13:52.164+0300] {processor.py:925} INFO - DAG(s) 'backup_files_dag' retrieved from /opt/airflow/dags/backup_files_dag.py
[2024-11-08T18:13:52.181+0300] {logging_mixin.py:190} INFO - [2024-11-08T18:13:52.181+0300] {dag.py:3239} INFO - Sync 1 DAGs
[2024-11-08T18:13:52.201+0300] {logging_mixin.py:190} INFO - [2024-11-08T18:13:52.201+0300] {dag.py:4180} INFO - Setting next_dagrun for backup_files_dag to 2024-11-08 00:00:00+00:00, run_after=2024-11-09 00:00:00+00:00
[2024-11-08T18:13:52.225+0300] {processor.py:208} INFO - Processing /opt/airflow/dags/backup_files_dag.py took 0.112 seconds
[2024-11-08T18:14:23.180+0300] {processor.py:186} INFO - Started process (PID=533) to work on /opt/airflow/dags/backup_files_dag.py
[2024-11-08T18:14:23.181+0300] {processor.py:914} INFO - Processing file /opt/airflow/dags/backup_files_dag.py for tasks to queue
[2024-11-08T18:14:23.184+0300] {logging_mixin.py:190} INFO - [2024-11-08T18:14:23.183+0300] {dagbag.py:588} INFO - Filling up the DagBag from /opt/airflow/dags/backup_files_dag.py
[2024-11-08T18:14:23.213+0300] {processor.py:925} INFO - DAG(s) 'backup_files_dag' retrieved from /opt/airflow/dags/backup_files_dag.py
[2024-11-08T18:14:23.229+0300] {logging_mixin.py:190} INFO - [2024-11-08T18:14:23.229+0300] {dag.py:3239} INFO - Sync 1 DAGs
[2024-11-08T18:14:23.250+0300] {logging_mixin.py:190} INFO - [2024-11-08T18:14:23.250+0300] {dag.py:4180} INFO - Setting next_dagrun for backup_files_dag to 2024-11-08 00:00:00+00:00, run_after=2024-11-09 00:00:00+00:00
[2024-11-08T18:14:23.270+0300] {processor.py:208} INFO - Processing /opt/airflow/dags/backup_files_dag.py took 0.095 seconds
[2024-11-08T18:14:53.576+0300] {processor.py:186} INFO - Started process (PID=601) to work on /opt/airflow/dags/backup_files_dag.py
[2024-11-08T18:14:53.577+0300] {processor.py:914} INFO - Processing file /opt/airflow/dags/backup_files_dag.py for tasks to queue
[2024-11-08T18:14:53.580+0300] {logging_mixin.py:190} INFO - [2024-11-08T18:14:53.579+0300] {dagbag.py:588} INFO - Filling up the DagBag from /opt/airflow/dags/backup_files_dag.py
[2024-11-08T18:14:53.597+0300] {processor.py:925} INFO - DAG(s) 'backup_files_dag' retrieved from /opt/airflow/dags/backup_files_dag.py
[2024-11-08T18:14:53.613+0300] {logging_mixin.py:190} INFO - [2024-11-08T18:14:53.613+0300] {dag.py:3239} INFO - Sync 1 DAGs
[2024-11-08T18:14:53.635+0300] {logging_mixin.py:190} INFO - [2024-11-08T18:14:53.635+0300] {dag.py:4180} INFO - Setting next_dagrun for backup_files_dag to 2024-11-08 00:00:00+00:00, run_after=2024-11-09 00:00:00+00:00
[2024-11-08T18:14:53.652+0300] {processor.py:208} INFO - Processing /opt/airflow/dags/backup_files_dag.py took 0.082 seconds
[2024-11-08T18:15:24.051+0300] {processor.py:186} INFO - Started process (PID=670) to work on /opt/airflow/dags/backup_files_dag.py
[2024-11-08T18:15:24.052+0300] {processor.py:914} INFO - Processing file /opt/airflow/dags/backup_files_dag.py for tasks to queue
[2024-11-08T18:15:24.055+0300] {logging_mixin.py:190} INFO - [2024-11-08T18:15:24.054+0300] {dagbag.py:588} INFO - Filling up the DagBag from /opt/airflow/dags/backup_files_dag.py
[2024-11-08T18:15:24.084+0300] {processor.py:925} INFO - DAG(s) 'backup_files_dag' retrieved from /opt/airflow/dags/backup_files_dag.py
[2024-11-08T18:15:24.111+0300] {logging_mixin.py:190} INFO - [2024-11-08T18:15:24.111+0300] {dag.py:3239} INFO - Sync 1 DAGs
[2024-11-08T18:15:24.142+0300] {logging_mixin.py:190} INFO - [2024-11-08T18:15:24.142+0300] {dag.py:4180} INFO - Setting next_dagrun for backup_files_dag to 2024-11-08 00:00:00+00:00, run_after=2024-11-09 00:00:00+00:00
[2024-11-08T18:15:24.174+0300] {processor.py:208} INFO - Processing /opt/airflow/dags/backup_files_dag.py took 0.129 seconds
[2024-11-08T18:15:54.773+0300] {processor.py:186} INFO - Started process (PID=739) to work on /opt/airflow/dags/backup_files_dag.py
[2024-11-08T18:15:54.774+0300] {processor.py:914} INFO - Processing file /opt/airflow/dags/backup_files_dag.py for tasks to queue
[2024-11-08T18:15:54.777+0300] {logging_mixin.py:190} INFO - [2024-11-08T18:15:54.777+0300] {dagbag.py:588} INFO - Filling up the DagBag from /opt/airflow/dags/backup_files_dag.py
[2024-11-08T18:15:54.820+0300] {processor.py:925} INFO - DAG(s) 'backup_files_dag' retrieved from /opt/airflow/dags/backup_files_dag.py
[2024-11-08T18:15:54.839+0300] {logging_mixin.py:190} INFO - [2024-11-08T18:15:54.838+0300] {dag.py:3239} INFO - Sync 1 DAGs
[2024-11-08T18:15:54.861+0300] {logging_mixin.py:190} INFO - [2024-11-08T18:15:54.861+0300] {dag.py:4180} INFO - Setting next_dagrun for backup_files_dag to 2024-11-08 00:00:00+00:00, run_after=2024-11-09 00:00:00+00:00
[2024-11-08T18:15:54.882+0300] {processor.py:208} INFO - Processing /opt/airflow/dags/backup_files_dag.py took 0.114 seconds
[2024-11-08T18:16:25.559+0300] {processor.py:186} INFO - Started process (PID=808) to work on /opt/airflow/dags/backup_files_dag.py
[2024-11-08T18:16:25.560+0300] {processor.py:914} INFO - Processing file /opt/airflow/dags/backup_files_dag.py for tasks to queue
[2024-11-08T18:16:25.564+0300] {logging_mixin.py:190} INFO - [2024-11-08T18:16:25.563+0300] {dagbag.py:588} INFO - Filling up the DagBag from /opt/airflow/dags/backup_files_dag.py
[2024-11-08T18:16:25.602+0300] {processor.py:925} INFO - DAG(s) 'backup_files_dag' retrieved from /opt/airflow/dags/backup_files_dag.py
[2024-11-08T18:16:25.620+0300] {logging_mixin.py:190} INFO - [2024-11-08T18:16:25.619+0300] {dag.py:3239} INFO - Sync 1 DAGs
[2024-11-08T18:16:25.652+0300] {logging_mixin.py:190} INFO - [2024-11-08T18:16:25.652+0300] {dag.py:4180} INFO - Setting next_dagrun for backup_files_dag to 2024-11-08 00:00:00+00:00, run_after=2024-11-09 00:00:00+00:00
[2024-11-08T18:16:25.675+0300] {processor.py:208} INFO - Processing /opt/airflow/dags/backup_files_dag.py took 0.121 seconds
[2024-11-08T18:16:56.665+0300] {processor.py:186} INFO - Started process (PID=877) to work on /opt/airflow/dags/backup_files_dag.py
[2024-11-08T18:16:56.666+0300] {processor.py:914} INFO - Processing file /opt/airflow/dags/backup_files_dag.py for tasks to queue
[2024-11-08T18:16:56.668+0300] {logging_mixin.py:190} INFO - [2024-11-08T18:16:56.668+0300] {dagbag.py:588} INFO - Filling up the DagBag from /opt/airflow/dags/backup_files_dag.py
[2024-11-08T18:16:56.697+0300] {processor.py:925} INFO - DAG(s) 'backup_files_dag' retrieved from /opt/airflow/dags/backup_files_dag.py
[2024-11-08T18:16:56.713+0300] {logging_mixin.py:190} INFO - [2024-11-08T18:16:56.713+0300] {dag.py:3239} INFO - Sync 1 DAGs
[2024-11-08T18:16:56.732+0300] {logging_mixin.py:190} INFO - [2024-11-08T18:16:56.732+0300] {dag.py:4180} INFO - Setting next_dagrun for backup_files_dag to 2024-11-08 00:00:00+00:00, run_after=2024-11-09 00:00:00+00:00
[2024-11-08T18:16:56.751+0300] {processor.py:208} INFO - Processing /opt/airflow/dags/backup_files_dag.py took 0.092 seconds
[2024-11-08T18:27:57.368+0300] {processor.py:186} INFO - Started process (PID=60) to work on /opt/airflow/dags/backup_files_dag.py
[2024-11-08T18:27:57.369+0300] {processor.py:914} INFO - Processing file /opt/airflow/dags/backup_files_dag.py for tasks to queue
[2024-11-08T18:27:57.374+0300] {logging_mixin.py:190} INFO - [2024-11-08T18:27:57.373+0300] {dagbag.py:588} INFO - Filling up the DagBag from /opt/airflow/dags/backup_files_dag.py
[2024-11-08T18:27:57.411+0300] {processor.py:925} INFO - DAG(s) 'backup_files_dag' retrieved from /opt/airflow/dags/backup_files_dag.py
[2024-11-08T18:27:57.438+0300] {logging_mixin.py:190} INFO - [2024-11-08T18:27:57.438+0300] {dag.py:3239} INFO - Sync 1 DAGs
[2024-11-08T18:27:57.469+0300] {logging_mixin.py:190} INFO - [2024-11-08T18:27:57.468+0300] {dag.py:4180} INFO - Setting next_dagrun for backup_files_dag to 2024-11-08 00:00:00+00:00, run_after=2024-11-09 00:00:00+00:00
[2024-11-08T18:27:57.496+0300] {processor.py:208} INFO - Processing /opt/airflow/dags/backup_files_dag.py took 0.136 seconds
[2024-11-08T18:28:28.215+0300] {processor.py:186} INFO - Started process (PID=129) to work on /opt/airflow/dags/backup_files_dag.py
[2024-11-08T18:28:28.217+0300] {processor.py:914} INFO - Processing file /opt/airflow/dags/backup_files_dag.py for tasks to queue
[2024-11-08T18:28:28.220+0300] {logging_mixin.py:190} INFO - [2024-11-08T18:28:28.220+0300] {dagbag.py:588} INFO - Filling up the DagBag from /opt/airflow/dags/backup_files_dag.py
[2024-11-08T18:28:28.245+0300] {processor.py:925} INFO - DAG(s) 'backup_files_dag' retrieved from /opt/airflow/dags/backup_files_dag.py
[2024-11-08T18:28:28.264+0300] {logging_mixin.py:190} INFO - [2024-11-08T18:28:28.264+0300] {dag.py:3239} INFO - Sync 1 DAGs
[2024-11-08T18:28:28.289+0300] {logging_mixin.py:190} INFO - [2024-11-08T18:28:28.289+0300] {dag.py:4180} INFO - Setting next_dagrun for backup_files_dag to 2024-11-08 00:00:00+00:00, run_after=2024-11-09 00:00:00+00:00
[2024-11-08T18:28:28.310+0300] {processor.py:208} INFO - Processing /opt/airflow/dags/backup_files_dag.py took 0.100 seconds
[2024-11-08T18:28:58.461+0300] {processor.py:186} INFO - Started process (PID=198) to work on /opt/airflow/dags/backup_files_dag.py
[2024-11-08T18:28:58.462+0300] {processor.py:914} INFO - Processing file /opt/airflow/dags/backup_files_dag.py for tasks to queue
[2024-11-08T18:28:58.465+0300] {logging_mixin.py:190} INFO - [2024-11-08T18:28:58.464+0300] {dagbag.py:588} INFO - Filling up the DagBag from /opt/airflow/dags/backup_files_dag.py
[2024-11-08T18:28:58.492+0300] {processor.py:925} INFO - DAG(s) 'backup_files_dag' retrieved from /opt/airflow/dags/backup_files_dag.py
[2024-11-08T18:28:58.509+0300] {logging_mixin.py:190} INFO - [2024-11-08T18:28:58.509+0300] {dag.py:3239} INFO - Sync 1 DAGs
[2024-11-08T18:28:58.532+0300] {logging_mixin.py:190} INFO - [2024-11-08T18:28:58.531+0300] {dag.py:4180} INFO - Setting next_dagrun for backup_files_dag to 2024-11-08 00:00:00+00:00, run_after=2024-11-09 00:00:00+00:00
[2024-11-08T18:28:58.551+0300] {processor.py:208} INFO - Processing /opt/airflow/dags/backup_files_dag.py took 0.095 seconds
[2024-11-08T18:29:29.415+0300] {processor.py:186} INFO - Started process (PID=267) to work on /opt/airflow/dags/backup_files_dag.py
[2024-11-08T18:29:29.416+0300] {processor.py:914} INFO - Processing file /opt/airflow/dags/backup_files_dag.py for tasks to queue
[2024-11-08T18:29:29.419+0300] {logging_mixin.py:190} INFO - [2024-11-08T18:29:29.419+0300] {dagbag.py:588} INFO - Filling up the DagBag from /opt/airflow/dags/backup_files_dag.py
[2024-11-08T18:29:29.449+0300] {processor.py:925} INFO - DAG(s) 'backup_files_dag' retrieved from /opt/airflow/dags/backup_files_dag.py
[2024-11-08T18:29:29.466+0300] {logging_mixin.py:190} INFO - [2024-11-08T18:29:29.466+0300] {dag.py:3239} INFO - Sync 1 DAGs
[2024-11-08T18:29:29.486+0300] {logging_mixin.py:190} INFO - [2024-11-08T18:29:29.486+0300] {dag.py:4180} INFO - Setting next_dagrun for backup_files_dag to 2024-11-08 00:00:00+00:00, run_after=2024-11-09 00:00:00+00:00
[2024-11-08T18:29:29.503+0300] {processor.py:208} INFO - Processing /opt/airflow/dags/backup_files_dag.py took 0.093 seconds
[2024-11-08T18:30:00.187+0300] {processor.py:186} INFO - Started process (PID=336) to work on /opt/airflow/dags/backup_files_dag.py
[2024-11-08T18:30:00.188+0300] {processor.py:914} INFO - Processing file /opt/airflow/dags/backup_files_dag.py for tasks to queue
[2024-11-08T18:30:00.191+0300] {logging_mixin.py:190} INFO - [2024-11-08T18:30:00.190+0300] {dagbag.py:588} INFO - Filling up the DagBag from /opt/airflow/dags/backup_files_dag.py
[2024-11-08T18:30:00.217+0300] {processor.py:925} INFO - DAG(s) 'backup_files_dag' retrieved from /opt/airflow/dags/backup_files_dag.py
[2024-11-08T18:30:00.234+0300] {logging_mixin.py:190} INFO - [2024-11-08T18:30:00.234+0300] {dag.py:3239} INFO - Sync 1 DAGs
[2024-11-08T18:30:00.257+0300] {logging_mixin.py:190} INFO - [2024-11-08T18:30:00.257+0300] {dag.py:4180} INFO - Setting next_dagrun for backup_files_dag to 2024-11-08 00:00:00+00:00, run_after=2024-11-09 00:00:00+00:00
[2024-11-08T18:30:00.277+0300] {processor.py:208} INFO - Processing /opt/airflow/dags/backup_files_dag.py took 0.095 seconds
[2024-11-08T18:30:30.826+0300] {processor.py:186} INFO - Started process (PID=411) to work on /opt/airflow/dags/backup_files_dag.py
[2024-11-08T18:30:30.828+0300] {processor.py:914} INFO - Processing file /opt/airflow/dags/backup_files_dag.py for tasks to queue
[2024-11-08T18:30:30.830+0300] {logging_mixin.py:190} INFO - [2024-11-08T18:30:30.830+0300] {dagbag.py:588} INFO - Filling up the DagBag from /opt/airflow/dags/backup_files_dag.py
[2024-11-08T18:30:30.858+0300] {processor.py:925} INFO - DAG(s) 'backup_files_dag' retrieved from /opt/airflow/dags/backup_files_dag.py
[2024-11-08T18:30:30.884+0300] {logging_mixin.py:190} INFO - [2024-11-08T18:30:30.883+0300] {dag.py:3239} INFO - Sync 1 DAGs
[2024-11-08T18:30:30.917+0300] {logging_mixin.py:190} INFO - [2024-11-08T18:30:30.916+0300] {dag.py:4180} INFO - Setting next_dagrun for backup_files_dag to 2024-11-08 00:00:00+00:00, run_after=2024-11-09 00:00:00+00:00
[2024-11-08T18:30:30.944+0300] {processor.py:208} INFO - Processing /opt/airflow/dags/backup_files_dag.py took 0.123 seconds
[2024-11-08T18:31:01.552+0300] {processor.py:186} INFO - Started process (PID=480) to work on /opt/airflow/dags/backup_files_dag.py
[2024-11-08T18:31:01.553+0300] {processor.py:914} INFO - Processing file /opt/airflow/dags/backup_files_dag.py for tasks to queue
[2024-11-08T18:31:01.556+0300] {logging_mixin.py:190} INFO - [2024-11-08T18:31:01.556+0300] {dagbag.py:588} INFO - Filling up the DagBag from /opt/airflow/dags/backup_files_dag.py
[2024-11-08T18:31:01.604+0300] {processor.py:925} INFO - DAG(s) 'backup_files_dag' retrieved from /opt/airflow/dags/backup_files_dag.py
[2024-11-08T18:31:01.630+0300] {logging_mixin.py:190} INFO - [2024-11-08T18:31:01.629+0300] {dag.py:3239} INFO - Sync 1 DAGs
[2024-11-08T18:31:01.653+0300] {logging_mixin.py:190} INFO - [2024-11-08T18:31:01.653+0300] {dag.py:4180} INFO - Setting next_dagrun for backup_files_dag to 2024-11-08 00:00:00+00:00, run_after=2024-11-09 00:00:00+00:00
[2024-11-08T18:31:01.704+0300] {processor.py:208} INFO - Processing /opt/airflow/dags/backup_files_dag.py took 0.158 seconds
[2024-11-08T18:31:32.244+0300] {processor.py:186} INFO - Started process (PID=549) to work on /opt/airflow/dags/backup_files_dag.py
[2024-11-08T18:31:32.245+0300] {processor.py:914} INFO - Processing file /opt/airflow/dags/backup_files_dag.py for tasks to queue
[2024-11-08T18:31:32.247+0300] {logging_mixin.py:190} INFO - [2024-11-08T18:31:32.247+0300] {dagbag.py:588} INFO - Filling up the DagBag from /opt/airflow/dags/backup_files_dag.py
[2024-11-08T18:31:32.275+0300] {processor.py:925} INFO - DAG(s) 'backup_files_dag' retrieved from /opt/airflow/dags/backup_files_dag.py
[2024-11-08T18:31:32.292+0300] {logging_mixin.py:190} INFO - [2024-11-08T18:31:32.291+0300] {dag.py:3239} INFO - Sync 1 DAGs
[2024-11-08T18:31:32.313+0300] {logging_mixin.py:190} INFO - [2024-11-08T18:31:32.313+0300] {dag.py:4180} INFO - Setting next_dagrun for backup_files_dag to 2024-11-08 00:00:00+00:00, run_after=2024-11-09 00:00:00+00:00
[2024-11-08T18:31:32.334+0300] {processor.py:208} INFO - Processing /opt/airflow/dags/backup_files_dag.py took 0.095 seconds
[2024-11-08T18:32:03.292+0300] {processor.py:186} INFO - Started process (PID=618) to work on /opt/airflow/dags/backup_files_dag.py
[2024-11-08T18:32:03.293+0300] {processor.py:914} INFO - Processing file /opt/airflow/dags/backup_files_dag.py for tasks to queue
[2024-11-08T18:32:03.295+0300] {logging_mixin.py:190} INFO - [2024-11-08T18:32:03.295+0300] {dagbag.py:588} INFO - Filling up the DagBag from /opt/airflow/dags/backup_files_dag.py
[2024-11-08T18:32:03.316+0300] {processor.py:925} INFO - DAG(s) 'backup_files_dag' retrieved from /opt/airflow/dags/backup_files_dag.py
[2024-11-08T18:32:03.330+0300] {logging_mixin.py:190} INFO - [2024-11-08T18:32:03.329+0300] {dag.py:3239} INFO - Sync 1 DAGs
[2024-11-08T18:32:03.350+0300] {logging_mixin.py:190} INFO - [2024-11-08T18:32:03.350+0300] {dag.py:4180} INFO - Setting next_dagrun for backup_files_dag to 2024-11-08 00:00:00+00:00, run_after=2024-11-09 00:00:00+00:00
[2024-11-08T18:32:03.369+0300] {processor.py:208} INFO - Processing /opt/airflow/dags/backup_files_dag.py took 0.083 seconds
[2024-11-08T18:32:33.865+0300] {processor.py:186} INFO - Started process (PID=687) to work on /opt/airflow/dags/backup_files_dag.py
[2024-11-08T18:32:33.866+0300] {processor.py:914} INFO - Processing file /opt/airflow/dags/backup_files_dag.py for tasks to queue
[2024-11-08T18:32:33.868+0300] {logging_mixin.py:190} INFO - [2024-11-08T18:32:33.868+0300] {dagbag.py:588} INFO - Filling up the DagBag from /opt/airflow/dags/backup_files_dag.py
[2024-11-08T18:32:33.896+0300] {processor.py:925} INFO - DAG(s) 'backup_files_dag' retrieved from /opt/airflow/dags/backup_files_dag.py
[2024-11-08T18:32:33.914+0300] {logging_mixin.py:190} INFO - [2024-11-08T18:32:33.914+0300] {dag.py:3239} INFO - Sync 1 DAGs
[2024-11-08T18:32:33.938+0300] {logging_mixin.py:190} INFO - [2024-11-08T18:32:33.938+0300] {dag.py:4180} INFO - Setting next_dagrun for backup_files_dag to 2024-11-08 00:00:00+00:00, run_after=2024-11-09 00:00:00+00:00
[2024-11-08T18:32:33.956+0300] {processor.py:208} INFO - Processing /opt/airflow/dags/backup_files_dag.py took 0.096 seconds
[2024-11-08T18:33:04.387+0300] {processor.py:186} INFO - Started process (PID=755) to work on /opt/airflow/dags/backup_files_dag.py
[2024-11-08T18:33:04.389+0300] {processor.py:914} INFO - Processing file /opt/airflow/dags/backup_files_dag.py for tasks to queue
[2024-11-08T18:33:04.393+0300] {logging_mixin.py:190} INFO - [2024-11-08T18:33:04.392+0300] {dagbag.py:588} INFO - Filling up the DagBag from /opt/airflow/dags/backup_files_dag.py
[2024-11-08T18:33:04.488+0300] {processor.py:925} INFO - DAG(s) 'backup_files_dag' retrieved from /opt/airflow/dags/backup_files_dag.py
[2024-11-08T18:33:04.508+0300] {logging_mixin.py:190} INFO - [2024-11-08T18:33:04.508+0300] {dag.py:3239} INFO - Sync 1 DAGs
[2024-11-08T18:33:04.527+0300] {logging_mixin.py:190} INFO - [2024-11-08T18:33:04.527+0300] {dag.py:4180} INFO - Setting next_dagrun for backup_files_dag to 2024-11-08 00:00:00+00:00, run_after=2024-11-09 00:00:00+00:00
[2024-11-08T18:33:04.545+0300] {processor.py:208} INFO - Processing /opt/airflow/dags/backup_files_dag.py took 0.163 seconds
[2024-11-08T18:33:35.554+0300] {processor.py:186} INFO - Started process (PID=824) to work on /opt/airflow/dags/backup_files_dag.py
[2024-11-08T18:33:35.555+0300] {processor.py:914} INFO - Processing file /opt/airflow/dags/backup_files_dag.py for tasks to queue
[2024-11-08T18:33:35.558+0300] {logging_mixin.py:190} INFO - [2024-11-08T18:33:35.557+0300] {dagbag.py:588} INFO - Filling up the DagBag from /opt/airflow/dags/backup_files_dag.py
[2024-11-08T18:33:35.591+0300] {processor.py:925} INFO - DAG(s) 'backup_files_dag' retrieved from /opt/airflow/dags/backup_files_dag.py
[2024-11-08T18:33:35.607+0300] {logging_mixin.py:190} INFO - [2024-11-08T18:33:35.607+0300] {dag.py:3239} INFO - Sync 1 DAGs
[2024-11-08T18:33:35.628+0300] {logging_mixin.py:190} INFO - [2024-11-08T18:33:35.628+0300] {dag.py:4180} INFO - Setting next_dagrun for backup_files_dag to 2024-11-08 00:00:00+00:00, run_after=2024-11-09 00:00:00+00:00
[2024-11-08T18:33:35.649+0300] {processor.py:208} INFO - Processing /opt/airflow/dags/backup_files_dag.py took 0.099 seconds
[2024-11-08T18:34:06.214+0300] {processor.py:186} INFO - Started process (PID=893) to work on /opt/airflow/dags/backup_files_dag.py
[2024-11-08T18:34:06.215+0300] {processor.py:914} INFO - Processing file /opt/airflow/dags/backup_files_dag.py for tasks to queue
[2024-11-08T18:34:06.218+0300] {logging_mixin.py:190} INFO - [2024-11-08T18:34:06.218+0300] {dagbag.py:588} INFO - Filling up the DagBag from /opt/airflow/dags/backup_files_dag.py
[2024-11-08T18:34:06.236+0300] {processor.py:925} INFO - DAG(s) 'backup_files_dag' retrieved from /opt/airflow/dags/backup_files_dag.py
[2024-11-08T18:34:06.252+0300] {logging_mixin.py:190} INFO - [2024-11-08T18:34:06.251+0300] {dag.py:3239} INFO - Sync 1 DAGs
[2024-11-08T18:34:06.272+0300] {logging_mixin.py:190} INFO - [2024-11-08T18:34:06.272+0300] {dag.py:4180} INFO - Setting next_dagrun for backup_files_dag to 2024-11-08 00:00:00+00:00, run_after=2024-11-09 00:00:00+00:00
[2024-11-08T18:34:06.291+0300] {processor.py:208} INFO - Processing /opt/airflow/dags/backup_files_dag.py took 0.083 seconds
[2024-11-08T18:34:36.945+0300] {processor.py:186} INFO - Started process (PID=962) to work on /opt/airflow/dags/backup_files_dag.py
[2024-11-08T18:34:36.947+0300] {processor.py:914} INFO - Processing file /opt/airflow/dags/backup_files_dag.py for tasks to queue
[2024-11-08T18:34:36.950+0300] {logging_mixin.py:190} INFO - [2024-11-08T18:34:36.949+0300] {dagbag.py:588} INFO - Filling up the DagBag from /opt/airflow/dags/backup_files_dag.py
[2024-11-08T18:34:36.977+0300] {processor.py:925} INFO - DAG(s) 'backup_files_dag' retrieved from /opt/airflow/dags/backup_files_dag.py
[2024-11-08T18:34:36.996+0300] {logging_mixin.py:190} INFO - [2024-11-08T18:34:36.995+0300] {dag.py:3239} INFO - Sync 1 DAGs
[2024-11-08T18:34:37.018+0300] {logging_mixin.py:190} INFO - [2024-11-08T18:34:37.017+0300] {dag.py:4180} INFO - Setting next_dagrun for backup_files_dag to 2024-11-08 00:00:00+00:00, run_after=2024-11-09 00:00:00+00:00
[2024-11-08T18:34:37.045+0300] {processor.py:208} INFO - Processing /opt/airflow/dags/backup_files_dag.py took 0.104 seconds
[2024-11-08T18:35:07.843+0300] {processor.py:186} INFO - Started process (PID=1031) to work on /opt/airflow/dags/backup_files_dag.py
[2024-11-08T18:35:07.846+0300] {processor.py:914} INFO - Processing file /opt/airflow/dags/backup_files_dag.py for tasks to queue
[2024-11-08T18:35:07.854+0300] {logging_mixin.py:190} INFO - [2024-11-08T18:35:07.853+0300] {dagbag.py:588} INFO - Filling up the DagBag from /opt/airflow/dags/backup_files_dag.py
[2024-11-08T18:35:07.907+0300] {processor.py:925} INFO - DAG(s) 'backup_files_dag' retrieved from /opt/airflow/dags/backup_files_dag.py
[2024-11-08T18:35:07.928+0300] {logging_mixin.py:190} INFO - [2024-11-08T18:35:07.928+0300] {dag.py:3239} INFO - Sync 1 DAGs
[2024-11-08T18:35:07.960+0300] {logging_mixin.py:190} INFO - [2024-11-08T18:35:07.960+0300] {dag.py:4180} INFO - Setting next_dagrun for backup_files_dag to 2024-11-08 00:00:00+00:00, run_after=2024-11-09 00:00:00+00:00
[2024-11-08T18:35:08.001+0300] {processor.py:208} INFO - Processing /opt/airflow/dags/backup_files_dag.py took 0.182 seconds
[2024-11-08T18:35:38.307+0300] {processor.py:186} INFO - Started process (PID=1100) to work on /opt/airflow/dags/backup_files_dag.py
[2024-11-08T18:35:38.309+0300] {processor.py:914} INFO - Processing file /opt/airflow/dags/backup_files_dag.py for tasks to queue
[2024-11-08T18:35:38.311+0300] {logging_mixin.py:190} INFO - [2024-11-08T18:35:38.311+0300] {dagbag.py:588} INFO - Filling up the DagBag from /opt/airflow/dags/backup_files_dag.py
[2024-11-08T18:35:38.334+0300] {processor.py:925} INFO - DAG(s) 'backup_files_dag' retrieved from /opt/airflow/dags/backup_files_dag.py
[2024-11-08T18:35:38.353+0300] {logging_mixin.py:190} INFO - [2024-11-08T18:35:38.352+0300] {dag.py:3239} INFO - Sync 1 DAGs
[2024-11-08T18:35:38.378+0300] {logging_mixin.py:190} INFO - [2024-11-08T18:35:38.377+0300] {dag.py:4180} INFO - Setting next_dagrun for backup_files_dag to 2024-11-08 00:00:00+00:00, run_after=2024-11-09 00:00:00+00:00
[2024-11-08T18:35:38.398+0300] {processor.py:208} INFO - Processing /opt/airflow/dags/backup_files_dag.py took 0.097 seconds
[2024-11-08T18:36:09.254+0300] {processor.py:186} INFO - Started process (PID=1169) to work on /opt/airflow/dags/backup_files_dag.py
[2024-11-08T18:36:09.255+0300] {processor.py:914} INFO - Processing file /opt/airflow/dags/backup_files_dag.py for tasks to queue
[2024-11-08T18:36:09.259+0300] {logging_mixin.py:190} INFO - [2024-11-08T18:36:09.258+0300] {dagbag.py:588} INFO - Filling up the DagBag from /opt/airflow/dags/backup_files_dag.py
[2024-11-08T18:36:09.285+0300] {processor.py:925} INFO - DAG(s) 'backup_files_dag' retrieved from /opt/airflow/dags/backup_files_dag.py
[2024-11-08T18:36:09.310+0300] {logging_mixin.py:190} INFO - [2024-11-08T18:36:09.310+0300] {dag.py:3239} INFO - Sync 1 DAGs
[2024-11-08T18:36:09.338+0300] {logging_mixin.py:190} INFO - [2024-11-08T18:36:09.338+0300] {dag.py:4180} INFO - Setting next_dagrun for backup_files_dag to 2024-11-08 00:00:00+00:00, run_after=2024-11-09 00:00:00+00:00
[2024-11-08T18:36:09.365+0300] {processor.py:208} INFO - Processing /opt/airflow/dags/backup_files_dag.py took 0.118 seconds
[2024-11-08T18:36:39.704+0300] {processor.py:186} INFO - Started process (PID=1237) to work on /opt/airflow/dags/backup_files_dag.py
[2024-11-08T18:36:39.706+0300] {processor.py:914} INFO - Processing file /opt/airflow/dags/backup_files_dag.py for tasks to queue
[2024-11-08T18:36:39.708+0300] {logging_mixin.py:190} INFO - [2024-11-08T18:36:39.707+0300] {dagbag.py:588} INFO - Filling up the DagBag from /opt/airflow/dags/backup_files_dag.py
[2024-11-08T18:36:39.739+0300] {processor.py:925} INFO - DAG(s) 'backup_files_dag' retrieved from /opt/airflow/dags/backup_files_dag.py
[2024-11-08T18:36:39.762+0300] {logging_mixin.py:190} INFO - [2024-11-08T18:36:39.761+0300] {dag.py:3239} INFO - Sync 1 DAGs
[2024-11-08T18:36:39.789+0300] {logging_mixin.py:190} INFO - [2024-11-08T18:36:39.788+0300] {dag.py:4180} INFO - Setting next_dagrun for backup_files_dag to 2024-11-08 00:00:00+00:00, run_after=2024-11-09 00:00:00+00:00
[2024-11-08T18:36:39.814+0300] {processor.py:208} INFO - Processing /opt/airflow/dags/backup_files_dag.py took 0.115 seconds
[2024-11-08T18:37:10.386+0300] {processor.py:186} INFO - Started process (PID=1306) to work on /opt/airflow/dags/backup_files_dag.py
[2024-11-08T18:37:10.387+0300] {processor.py:914} INFO - Processing file /opt/airflow/dags/backup_files_dag.py for tasks to queue
[2024-11-08T18:37:10.391+0300] {logging_mixin.py:190} INFO - [2024-11-08T18:37:10.390+0300] {dagbag.py:588} INFO - Filling up the DagBag from /opt/airflow/dags/backup_files_dag.py
[2024-11-08T18:37:10.422+0300] {processor.py:925} INFO - DAG(s) 'backup_files_dag' retrieved from /opt/airflow/dags/backup_files_dag.py
[2024-11-08T18:37:10.439+0300] {logging_mixin.py:190} INFO - [2024-11-08T18:37:10.439+0300] {dag.py:3239} INFO - Sync 1 DAGs
[2024-11-08T18:37:10.462+0300] {logging_mixin.py:190} INFO - [2024-11-08T18:37:10.462+0300] {dag.py:4180} INFO - Setting next_dagrun for backup_files_dag to 2024-11-08 00:00:00+00:00, run_after=2024-11-09 00:00:00+00:00
[2024-11-08T18:37:10.483+0300] {processor.py:208} INFO - Processing /opt/airflow/dags/backup_files_dag.py took 0.102 seconds
[2024-11-08T18:37:41.234+0300] {processor.py:186} INFO - Started process (PID=1375) to work on /opt/airflow/dags/backup_files_dag.py
[2024-11-08T18:37:41.236+0300] {processor.py:914} INFO - Processing file /opt/airflow/dags/backup_files_dag.py for tasks to queue
[2024-11-08T18:37:41.239+0300] {logging_mixin.py:190} INFO - [2024-11-08T18:37:41.238+0300] {dagbag.py:588} INFO - Filling up the DagBag from /opt/airflow/dags/backup_files_dag.py
[2024-11-08T18:37:41.272+0300] {processor.py:925} INFO - DAG(s) 'backup_files_dag' retrieved from /opt/airflow/dags/backup_files_dag.py
[2024-11-08T18:37:41.290+0300] {logging_mixin.py:190} INFO - [2024-11-08T18:37:41.289+0300] {dag.py:3239} INFO - Sync 1 DAGs
[2024-11-08T18:37:41.310+0300] {logging_mixin.py:190} INFO - [2024-11-08T18:37:41.310+0300] {dag.py:4180} INFO - Setting next_dagrun for backup_files_dag to 2024-11-08 00:00:00+00:00, run_after=2024-11-09 00:00:00+00:00
[2024-11-08T18:37:41.329+0300] {processor.py:208} INFO - Processing /opt/airflow/dags/backup_files_dag.py took 0.100 seconds
[2024-11-08T18:38:12.200+0300] {processor.py:186} INFO - Started process (PID=1444) to work on /opt/airflow/dags/backup_files_dag.py
[2024-11-08T18:38:12.201+0300] {processor.py:914} INFO - Processing file /opt/airflow/dags/backup_files_dag.py for tasks to queue
[2024-11-08T18:38:12.204+0300] {logging_mixin.py:190} INFO - [2024-11-08T18:38:12.203+0300] {dagbag.py:588} INFO - Filling up the DagBag from /opt/airflow/dags/backup_files_dag.py
[2024-11-08T18:38:12.238+0300] {processor.py:925} INFO - DAG(s) 'backup_files_dag' retrieved from /opt/airflow/dags/backup_files_dag.py
[2024-11-08T18:38:12.257+0300] {logging_mixin.py:190} INFO - [2024-11-08T18:38:12.256+0300] {dag.py:3239} INFO - Sync 1 DAGs
[2024-11-08T18:38:12.279+0300] {logging_mixin.py:190} INFO - [2024-11-08T18:38:12.279+0300] {dag.py:4180} INFO - Setting next_dagrun for backup_files_dag to 2024-11-08 00:00:00+00:00, run_after=2024-11-09 00:00:00+00:00
[2024-11-08T18:38:12.301+0300] {processor.py:208} INFO - Processing /opt/airflow/dags/backup_files_dag.py took 0.106 seconds
[2024-11-08T18:38:43.160+0300] {processor.py:186} INFO - Started process (PID=1513) to work on /opt/airflow/dags/backup_files_dag.py
[2024-11-08T18:38:43.161+0300] {processor.py:914} INFO - Processing file /opt/airflow/dags/backup_files_dag.py for tasks to queue
[2024-11-08T18:38:43.164+0300] {logging_mixin.py:190} INFO - [2024-11-08T18:38:43.164+0300] {dagbag.py:588} INFO - Filling up the DagBag from /opt/airflow/dags/backup_files_dag.py
[2024-11-08T18:38:43.196+0300] {processor.py:925} INFO - DAG(s) 'backup_files_dag' retrieved from /opt/airflow/dags/backup_files_dag.py
[2024-11-08T18:38:43.213+0300] {logging_mixin.py:190} INFO - [2024-11-08T18:38:43.213+0300] {dag.py:3239} INFO - Sync 1 DAGs
[2024-11-08T18:38:43.239+0300] {logging_mixin.py:190} INFO - [2024-11-08T18:38:43.238+0300] {dag.py:4180} INFO - Setting next_dagrun for backup_files_dag to 2024-11-08 00:00:00+00:00, run_after=2024-11-09 00:00:00+00:00
[2024-11-08T18:38:43.264+0300] {processor.py:208} INFO - Processing /opt/airflow/dags/backup_files_dag.py took 0.109 seconds
[2024-11-08T18:39:14.078+0300] {processor.py:186} INFO - Started process (PID=1582) to work on /opt/airflow/dags/backup_files_dag.py
[2024-11-08T18:39:14.079+0300] {processor.py:914} INFO - Processing file /opt/airflow/dags/backup_files_dag.py for tasks to queue
[2024-11-08T18:39:14.081+0300] {logging_mixin.py:190} INFO - [2024-11-08T18:39:14.081+0300] {dagbag.py:588} INFO - Filling up the DagBag from /opt/airflow/dags/backup_files_dag.py
[2024-11-08T18:39:14.107+0300] {processor.py:925} INFO - DAG(s) 'backup_files_dag' retrieved from /opt/airflow/dags/backup_files_dag.py
[2024-11-08T18:39:14.123+0300] {logging_mixin.py:190} INFO - [2024-11-08T18:39:14.122+0300] {dag.py:3239} INFO - Sync 1 DAGs
[2024-11-08T18:39:14.144+0300] {logging_mixin.py:190} INFO - [2024-11-08T18:39:14.143+0300] {dag.py:4180} INFO - Setting next_dagrun for backup_files_dag to 2024-11-08 00:00:00+00:00, run_after=2024-11-09 00:00:00+00:00
[2024-11-08T18:39:14.161+0300] {processor.py:208} INFO - Processing /opt/airflow/dags/backup_files_dag.py took 0.088 seconds
[2024-11-08T18:39:44.465+0300] {processor.py:186} INFO - Started process (PID=1651) to work on /opt/airflow/dags/backup_files_dag.py
[2024-11-08T18:39:44.467+0300] {processor.py:914} INFO - Processing file /opt/airflow/dags/backup_files_dag.py for tasks to queue
[2024-11-08T18:39:44.471+0300] {logging_mixin.py:190} INFO - [2024-11-08T18:39:44.470+0300] {dagbag.py:588} INFO - Filling up the DagBag from /opt/airflow/dags/backup_files_dag.py
[2024-11-08T18:39:44.508+0300] {processor.py:925} INFO - DAG(s) 'backup_files_dag' retrieved from /opt/airflow/dags/backup_files_dag.py
[2024-11-08T18:39:44.534+0300] {logging_mixin.py:190} INFO - [2024-11-08T18:39:44.533+0300] {dag.py:3239} INFO - Sync 1 DAGs
[2024-11-08T18:39:44.560+0300] {logging_mixin.py:190} INFO - [2024-11-08T18:39:44.560+0300] {dag.py:4180} INFO - Setting next_dagrun for backup_files_dag to 2024-11-08 00:00:00+00:00, run_after=2024-11-09 00:00:00+00:00
[2024-11-08T18:39:44.583+0300] {processor.py:208} INFO - Processing /opt/airflow/dags/backup_files_dag.py took 0.124 seconds
[2024-11-08T18:40:15.494+0300] {processor.py:186} INFO - Started process (PID=1722) to work on /opt/airflow/dags/backup_files_dag.py
[2024-11-08T18:40:15.496+0300] {processor.py:914} INFO - Processing file /opt/airflow/dags/backup_files_dag.py for tasks to queue
[2024-11-08T18:40:15.499+0300] {logging_mixin.py:190} INFO - [2024-11-08T18:40:15.498+0300] {dagbag.py:588} INFO - Filling up the DagBag from /opt/airflow/dags/backup_files_dag.py
[2024-11-08T18:40:15.547+0300] {processor.py:925} INFO - DAG(s) 'backup_files_dag' retrieved from /opt/airflow/dags/backup_files_dag.py
[2024-11-08T18:40:15.577+0300] {logging_mixin.py:190} INFO - [2024-11-08T18:40:15.576+0300] {dag.py:3239} INFO - Sync 1 DAGs
[2024-11-08T18:40:15.595+0300] {logging_mixin.py:190} INFO - [2024-11-08T18:40:15.595+0300] {dag.py:4180} INFO - Setting next_dagrun for backup_files_dag to 2024-11-08 00:00:00+00:00, run_after=2024-11-09 00:00:00+00:00
[2024-11-08T18:40:15.621+0300] {processor.py:208} INFO - Processing /opt/airflow/dags/backup_files_dag.py took 0.132 seconds
[2024-11-08T18:40:45.864+0300] {processor.py:186} INFO - Started process (PID=1791) to work on /opt/airflow/dags/backup_files_dag.py
[2024-11-08T18:40:45.865+0300] {processor.py:914} INFO - Processing file /opt/airflow/dags/backup_files_dag.py for tasks to queue
[2024-11-08T18:40:45.867+0300] {logging_mixin.py:190} INFO - [2024-11-08T18:40:45.867+0300] {dagbag.py:588} INFO - Filling up the DagBag from /opt/airflow/dags/backup_files_dag.py
[2024-11-08T18:40:45.889+0300] {processor.py:925} INFO - DAG(s) 'backup_files_dag' retrieved from /opt/airflow/dags/backup_files_dag.py
[2024-11-08T18:40:45.905+0300] {logging_mixin.py:190} INFO - [2024-11-08T18:40:45.904+0300] {dag.py:3239} INFO - Sync 1 DAGs
[2024-11-08T18:40:45.928+0300] {logging_mixin.py:190} INFO - [2024-11-08T18:40:45.928+0300] {dag.py:4180} INFO - Setting next_dagrun for backup_files_dag to 2024-11-08 00:00:00+00:00, run_after=2024-11-09 00:00:00+00:00
[2024-11-08T18:40:45.952+0300] {processor.py:208} INFO - Processing /opt/airflow/dags/backup_files_dag.py took 0.093 seconds
[2024-11-08T18:41:16.714+0300] {processor.py:186} INFO - Started process (PID=1860) to work on /opt/airflow/dags/backup_files_dag.py
[2024-11-08T18:41:16.715+0300] {processor.py:914} INFO - Processing file /opt/airflow/dags/backup_files_dag.py for tasks to queue
[2024-11-08T18:41:16.717+0300] {logging_mixin.py:190} INFO - [2024-11-08T18:41:16.717+0300] {dagbag.py:588} INFO - Filling up the DagBag from /opt/airflow/dags/backup_files_dag.py
[2024-11-08T18:41:16.735+0300] {processor.py:925} INFO - DAG(s) 'backup_files_dag' retrieved from /opt/airflow/dags/backup_files_dag.py
[2024-11-08T18:41:16.759+0300] {logging_mixin.py:190} INFO - [2024-11-08T18:41:16.758+0300] {dag.py:3239} INFO - Sync 1 DAGs
[2024-11-08T18:41:16.783+0300] {logging_mixin.py:190} INFO - [2024-11-08T18:41:16.783+0300] {dag.py:4180} INFO - Setting next_dagrun for backup_files_dag to 2024-11-08 00:00:00+00:00, run_after=2024-11-09 00:00:00+00:00
[2024-11-08T18:41:16.807+0300] {processor.py:208} INFO - Processing /opt/airflow/dags/backup_files_dag.py took 0.098 seconds
[2024-11-08T18:41:47.437+0300] {processor.py:186} INFO - Started process (PID=1929) to work on /opt/airflow/dags/backup_files_dag.py
[2024-11-08T18:41:47.438+0300] {processor.py:914} INFO - Processing file /opt/airflow/dags/backup_files_dag.py for tasks to queue
[2024-11-08T18:41:47.440+0300] {logging_mixin.py:190} INFO - [2024-11-08T18:41:47.440+0300] {dagbag.py:588} INFO - Filling up the DagBag from /opt/airflow/dags/backup_files_dag.py
[2024-11-08T18:41:47.485+0300] {processor.py:925} INFO - DAG(s) 'backup_files_dag' retrieved from /opt/airflow/dags/backup_files_dag.py
[2024-11-08T18:41:47.506+0300] {logging_mixin.py:190} INFO - [2024-11-08T18:41:47.505+0300] {dag.py:3239} INFO - Sync 1 DAGs
[2024-11-08T18:41:47.531+0300] {logging_mixin.py:190} INFO - [2024-11-08T18:41:47.530+0300] {dag.py:4180} INFO - Setting next_dagrun for backup_files_dag to 2024-11-08 00:00:00+00:00, run_after=2024-11-09 00:00:00+00:00
[2024-11-08T18:41:47.560+0300] {processor.py:208} INFO - Processing /opt/airflow/dags/backup_files_dag.py took 0.127 seconds
[2024-11-08T18:42:18.007+0300] {processor.py:186} INFO - Started process (PID=1998) to work on /opt/airflow/dags/backup_files_dag.py
[2024-11-08T18:42:18.008+0300] {processor.py:914} INFO - Processing file /opt/airflow/dags/backup_files_dag.py for tasks to queue
[2024-11-08T18:42:18.012+0300] {logging_mixin.py:190} INFO - [2024-11-08T18:42:18.012+0300] {dagbag.py:588} INFO - Filling up the DagBag from /opt/airflow/dags/backup_files_dag.py
[2024-11-08T18:42:18.058+0300] {processor.py:925} INFO - DAG(s) 'backup_files_dag' retrieved from /opt/airflow/dags/backup_files_dag.py
[2024-11-08T18:42:18.089+0300] {logging_mixin.py:190} INFO - [2024-11-08T18:42:18.089+0300] {dag.py:3239} INFO - Sync 1 DAGs
[2024-11-08T18:42:18.109+0300] {logging_mixin.py:190} INFO - [2024-11-08T18:42:18.108+0300] {dag.py:4180} INFO - Setting next_dagrun for backup_files_dag to 2024-11-08 00:00:00+00:00, run_after=2024-11-09 00:00:00+00:00
[2024-11-08T18:42:18.143+0300] {processor.py:208} INFO - Processing /opt/airflow/dags/backup_files_dag.py took 0.143 seconds
[2024-11-08T18:42:48.814+0300] {processor.py:186} INFO - Started process (PID=2067) to work on /opt/airflow/dags/backup_files_dag.py
[2024-11-08T18:42:48.815+0300] {processor.py:914} INFO - Processing file /opt/airflow/dags/backup_files_dag.py for tasks to queue
[2024-11-08T18:42:48.818+0300] {logging_mixin.py:190} INFO - [2024-11-08T18:42:48.817+0300] {dagbag.py:588} INFO - Filling up the DagBag from /opt/airflow/dags/backup_files_dag.py
[2024-11-08T18:42:48.856+0300] {processor.py:925} INFO - DAG(s) 'backup_files_dag' retrieved from /opt/airflow/dags/backup_files_dag.py
[2024-11-08T18:42:48.874+0300] {logging_mixin.py:190} INFO - [2024-11-08T18:42:48.874+0300] {dag.py:3239} INFO - Sync 1 DAGs
[2024-11-08T18:42:48.892+0300] {logging_mixin.py:190} INFO - [2024-11-08T18:42:48.892+0300] {dag.py:4180} INFO - Setting next_dagrun for backup_files_dag to 2024-11-08 00:00:00+00:00, run_after=2024-11-09 00:00:00+00:00
[2024-11-08T18:42:48.919+0300] {processor.py:208} INFO - Processing /opt/airflow/dags/backup_files_dag.py took 0.110 seconds
[2024-11-08T18:43:19.225+0300] {processor.py:186} INFO - Started process (PID=2136) to work on /opt/airflow/dags/backup_files_dag.py
[2024-11-08T18:43:19.226+0300] {processor.py:914} INFO - Processing file /opt/airflow/dags/backup_files_dag.py for tasks to queue
[2024-11-08T18:43:19.228+0300] {logging_mixin.py:190} INFO - [2024-11-08T18:43:19.228+0300] {dagbag.py:588} INFO - Filling up the DagBag from /opt/airflow/dags/backup_files_dag.py
[2024-11-08T18:43:19.250+0300] {processor.py:925} INFO - DAG(s) 'backup_files_dag' retrieved from /opt/airflow/dags/backup_files_dag.py
[2024-11-08T18:43:19.266+0300] {logging_mixin.py:190} INFO - [2024-11-08T18:43:19.266+0300] {dag.py:3239} INFO - Sync 1 DAGs
[2024-11-08T18:43:19.284+0300] {logging_mixin.py:190} INFO - [2024-11-08T18:43:19.284+0300] {dag.py:4180} INFO - Setting next_dagrun for backup_files_dag to 2024-11-08 00:00:00+00:00, run_after=2024-11-09 00:00:00+00:00
[2024-11-08T18:43:19.305+0300] {processor.py:208} INFO - Processing /opt/airflow/dags/backup_files_dag.py took 0.086 seconds
[2024-11-08T18:43:50.270+0300] {processor.py:186} INFO - Started process (PID=2205) to work on /opt/airflow/dags/backup_files_dag.py
[2024-11-08T18:43:50.272+0300] {processor.py:914} INFO - Processing file /opt/airflow/dags/backup_files_dag.py for tasks to queue
[2024-11-08T18:43:50.275+0300] {logging_mixin.py:190} INFO - [2024-11-08T18:43:50.274+0300] {dagbag.py:588} INFO - Filling up the DagBag from /opt/airflow/dags/backup_files_dag.py
[2024-11-08T18:43:50.298+0300] {processor.py:925} INFO - DAG(s) 'backup_files_dag' retrieved from /opt/airflow/dags/backup_files_dag.py
[2024-11-08T18:43:50.313+0300] {logging_mixin.py:190} INFO - [2024-11-08T18:43:50.313+0300] {dag.py:3239} INFO - Sync 1 DAGs
[2024-11-08T18:43:50.332+0300] {logging_mixin.py:190} INFO - [2024-11-08T18:43:50.332+0300] {dag.py:4180} INFO - Setting next_dagrun for backup_files_dag to 2024-11-08 00:00:00+00:00, run_after=2024-11-09 00:00:00+00:00
[2024-11-08T18:43:50.347+0300] {processor.py:208} INFO - Processing /opt/airflow/dags/backup_files_dag.py took 0.083 seconds
[2024-11-08T18:44:20.793+0300] {processor.py:186} INFO - Started process (PID=2274) to work on /opt/airflow/dags/backup_files_dag.py
[2024-11-08T18:44:20.795+0300] {processor.py:914} INFO - Processing file /opt/airflow/dags/backup_files_dag.py for tasks to queue
[2024-11-08T18:44:20.802+0300] {logging_mixin.py:190} INFO - [2024-11-08T18:44:20.802+0300] {dagbag.py:588} INFO - Filling up the DagBag from /opt/airflow/dags/backup_files_dag.py
[2024-11-08T18:44:20.906+0300] {processor.py:925} INFO - DAG(s) 'backup_files_dag' retrieved from /opt/airflow/dags/backup_files_dag.py
[2024-11-08T18:44:20.935+0300] {logging_mixin.py:190} INFO - [2024-11-08T18:44:20.934+0300] {dag.py:3239} INFO - Sync 1 DAGs
[2024-11-08T18:44:20.955+0300] {logging_mixin.py:190} INFO - [2024-11-08T18:44:20.955+0300] {dag.py:4180} INFO - Setting next_dagrun for backup_files_dag to 2024-11-08 00:00:00+00:00, run_after=2024-11-09 00:00:00+00:00
[2024-11-08T18:44:20.975+0300] {processor.py:208} INFO - Processing /opt/airflow/dags/backup_files_dag.py took 0.191 seconds
[2024-11-08T18:44:51.220+0300] {processor.py:186} INFO - Started process (PID=2342) to work on /opt/airflow/dags/backup_files_dag.py
[2024-11-08T18:44:51.221+0300] {processor.py:914} INFO - Processing file /opt/airflow/dags/backup_files_dag.py for tasks to queue
[2024-11-08T18:44:51.223+0300] {logging_mixin.py:190} INFO - [2024-11-08T18:44:51.222+0300] {dagbag.py:588} INFO - Filling up the DagBag from /opt/airflow/dags/backup_files_dag.py
[2024-11-08T18:44:51.256+0300] {processor.py:925} INFO - DAG(s) 'backup_files_dag' retrieved from /opt/airflow/dags/backup_files_dag.py
[2024-11-08T18:44:51.276+0300] {logging_mixin.py:190} INFO - [2024-11-08T18:44:51.276+0300] {dag.py:3239} INFO - Sync 1 DAGs
[2024-11-08T18:44:51.302+0300] {logging_mixin.py:190} INFO - [2024-11-08T18:44:51.301+0300] {dag.py:4180} INFO - Setting next_dagrun for backup_files_dag to 2024-11-08 00:00:00+00:00, run_after=2024-11-09 00:00:00+00:00
[2024-11-08T18:44:51.336+0300] {processor.py:208} INFO - Processing /opt/airflow/dags/backup_files_dag.py took 0.121 seconds
[2024-11-08T18:45:22.618+0300] {processor.py:186} INFO - Started process (PID=2411) to work on /opt/airflow/dags/backup_files_dag.py
[2024-11-08T18:45:22.619+0300] {processor.py:914} INFO - Processing file /opt/airflow/dags/backup_files_dag.py for tasks to queue
[2024-11-08T18:45:22.621+0300] {logging_mixin.py:190} INFO - [2024-11-08T18:45:22.621+0300] {dagbag.py:588} INFO - Filling up the DagBag from /opt/airflow/dags/backup_files_dag.py
[2024-11-08T18:45:22.665+0300] {processor.py:925} INFO - DAG(s) 'backup_files_dag' retrieved from /opt/airflow/dags/backup_files_dag.py
[2024-11-08T18:45:22.692+0300] {logging_mixin.py:190} INFO - [2024-11-08T18:45:22.692+0300] {dag.py:3239} INFO - Sync 1 DAGs
[2024-11-08T18:45:22.903+0300] {logging_mixin.py:190} INFO - [2024-11-08T18:45:22.903+0300] {dag.py:4180} INFO - Setting next_dagrun for backup_files_dag to 2024-11-08 00:00:00+00:00, run_after=2024-11-09 00:00:00+00:00
[2024-11-08T18:45:22.940+0300] {processor.py:208} INFO - Processing /opt/airflow/dags/backup_files_dag.py took 0.329 seconds
[2024-11-08T18:45:53.320+0300] {processor.py:186} INFO - Started process (PID=2480) to work on /opt/airflow/dags/backup_files_dag.py
[2024-11-08T18:45:53.321+0300] {processor.py:914} INFO - Processing file /opt/airflow/dags/backup_files_dag.py for tasks to queue
[2024-11-08T18:45:53.323+0300] {logging_mixin.py:190} INFO - [2024-11-08T18:45:53.323+0300] {dagbag.py:588} INFO - Filling up the DagBag from /opt/airflow/dags/backup_files_dag.py
[2024-11-08T18:45:53.342+0300] {processor.py:925} INFO - DAG(s) 'backup_files_dag' retrieved from /opt/airflow/dags/backup_files_dag.py
[2024-11-08T18:45:53.358+0300] {logging_mixin.py:190} INFO - [2024-11-08T18:45:53.358+0300] {dag.py:3239} INFO - Sync 1 DAGs
[2024-11-08T18:45:53.382+0300] {logging_mixin.py:190} INFO - [2024-11-08T18:45:53.382+0300] {dag.py:4180} INFO - Setting next_dagrun for backup_files_dag to 2024-11-08 00:00:00+00:00, run_after=2024-11-09 00:00:00+00:00
[2024-11-08T18:45:53.572+0300] {processor.py:208} INFO - Processing /opt/airflow/dags/backup_files_dag.py took 0.257 seconds
[2024-11-08T18:46:23.785+0300] {processor.py:186} INFO - Started process (PID=2549) to work on /opt/airflow/dags/backup_files_dag.py
[2024-11-08T18:46:23.787+0300] {processor.py:914} INFO - Processing file /opt/airflow/dags/backup_files_dag.py for tasks to queue
[2024-11-08T18:46:23.789+0300] {logging_mixin.py:190} INFO - [2024-11-08T18:46:23.789+0300] {dagbag.py:588} INFO - Filling up the DagBag from /opt/airflow/dags/backup_files_dag.py
[2024-11-08T18:46:23.833+0300] {processor.py:925} INFO - DAG(s) 'backup_files_dag' retrieved from /opt/airflow/dags/backup_files_dag.py
[2024-11-08T18:46:23.855+0300] {logging_mixin.py:190} INFO - [2024-11-08T18:46:23.854+0300] {dag.py:3239} INFO - Sync 1 DAGs
[2024-11-08T18:46:23.878+0300] {logging_mixin.py:190} INFO - [2024-11-08T18:46:23.878+0300] {dag.py:4180} INFO - Setting next_dagrun for backup_files_dag to 2024-11-08 00:00:00+00:00, run_after=2024-11-09 00:00:00+00:00
[2024-11-08T18:46:23.913+0300] {processor.py:208} INFO - Processing /opt/airflow/dags/backup_files_dag.py took 0.132 seconds
[2024-11-08T18:46:54.220+0300] {processor.py:186} INFO - Started process (PID=2618) to work on /opt/airflow/dags/backup_files_dag.py
[2024-11-08T18:46:54.221+0300] {processor.py:914} INFO - Processing file /opt/airflow/dags/backup_files_dag.py for tasks to queue
[2024-11-08T18:46:54.225+0300] {logging_mixin.py:190} INFO - [2024-11-08T18:46:54.224+0300] {dagbag.py:588} INFO - Filling up the DagBag from /opt/airflow/dags/backup_files_dag.py
[2024-11-08T18:46:54.273+0300] {processor.py:925} INFO - DAG(s) 'backup_files_dag' retrieved from /opt/airflow/dags/backup_files_dag.py
[2024-11-08T18:46:54.296+0300] {logging_mixin.py:190} INFO - [2024-11-08T18:46:54.295+0300] {dag.py:3239} INFO - Sync 1 DAGs
[2024-11-08T18:46:54.318+0300] {logging_mixin.py:190} INFO - [2024-11-08T18:46:54.318+0300] {dag.py:4180} INFO - Setting next_dagrun for backup_files_dag to 2024-11-08 00:00:00+00:00, run_after=2024-11-09 00:00:00+00:00
[2024-11-08T18:46:54.360+0300] {processor.py:208} INFO - Processing /opt/airflow/dags/backup_files_dag.py took 0.148 seconds
[2024-11-08T18:47:25.094+0300] {processor.py:186} INFO - Started process (PID=2687) to work on /opt/airflow/dags/backup_files_dag.py
[2024-11-08T18:47:25.096+0300] {processor.py:914} INFO - Processing file /opt/airflow/dags/backup_files_dag.py for tasks to queue
[2024-11-08T18:47:25.100+0300] {logging_mixin.py:190} INFO - [2024-11-08T18:47:25.100+0300] {dagbag.py:588} INFO - Filling up the DagBag from /opt/airflow/dags/backup_files_dag.py
[2024-11-08T18:47:25.137+0300] {processor.py:925} INFO - DAG(s) 'backup_files_dag' retrieved from /opt/airflow/dags/backup_files_dag.py
[2024-11-08T18:47:25.155+0300] {logging_mixin.py:190} INFO - [2024-11-08T18:47:25.154+0300] {dag.py:3239} INFO - Sync 1 DAGs
[2024-11-08T18:47:25.316+0300] {logging_mixin.py:190} INFO - [2024-11-08T18:47:25.315+0300] {dag.py:4180} INFO - Setting next_dagrun for backup_files_dag to 2024-11-08 00:00:00+00:00, run_after=2024-11-09 00:00:00+00:00
[2024-11-08T18:47:25.333+0300] {processor.py:208} INFO - Processing /opt/airflow/dags/backup_files_dag.py took 0.244 seconds
[2024-11-08T18:47:55.496+0300] {processor.py:186} INFO - Started process (PID=2756) to work on /opt/airflow/dags/backup_files_dag.py
[2024-11-08T18:47:55.497+0300] {processor.py:914} INFO - Processing file /opt/airflow/dags/backup_files_dag.py for tasks to queue
[2024-11-08T18:47:55.500+0300] {logging_mixin.py:190} INFO - [2024-11-08T18:47:55.500+0300] {dagbag.py:588} INFO - Filling up the DagBag from /opt/airflow/dags/backup_files_dag.py
[2024-11-08T18:47:55.543+0300] {processor.py:925} INFO - DAG(s) 'backup_files_dag' retrieved from /opt/airflow/dags/backup_files_dag.py
[2024-11-08T18:47:55.567+0300] {logging_mixin.py:190} INFO - [2024-11-08T18:47:55.566+0300] {dag.py:3239} INFO - Sync 1 DAGs
[2024-11-08T18:47:55.595+0300] {logging_mixin.py:190} INFO - [2024-11-08T18:47:55.595+0300] {dag.py:4180} INFO - Setting next_dagrun for backup_files_dag to 2024-11-08 00:00:00+00:00, run_after=2024-11-09 00:00:00+00:00
[2024-11-08T18:47:55.625+0300] {processor.py:208} INFO - Processing /opt/airflow/dags/backup_files_dag.py took 0.134 seconds
[2024-11-08T18:48:25.809+0300] {processor.py:186} INFO - Started process (PID=2825) to work on /opt/airflow/dags/backup_files_dag.py
[2024-11-08T18:48:25.810+0300] {processor.py:914} INFO - Processing file /opt/airflow/dags/backup_files_dag.py for tasks to queue
[2024-11-08T18:48:25.812+0300] {logging_mixin.py:190} INFO - [2024-11-08T18:48:25.812+0300] {dagbag.py:588} INFO - Filling up the DagBag from /opt/airflow/dags/backup_files_dag.py
[2024-11-08T18:48:25.837+0300] {processor.py:925} INFO - DAG(s) 'backup_files_dag' retrieved from /opt/airflow/dags/backup_files_dag.py
[2024-11-08T18:48:25.857+0300] {logging_mixin.py:190} INFO - [2024-11-08T18:48:25.857+0300] {dag.py:3239} INFO - Sync 1 DAGs
[2024-11-08T18:48:25.883+0300] {logging_mixin.py:190} INFO - [2024-11-08T18:48:25.883+0300] {dag.py:4180} INFO - Setting next_dagrun for backup_files_dag to 2024-11-08 00:00:00+00:00, run_after=2024-11-09 00:00:00+00:00
[2024-11-08T18:48:25.908+0300] {processor.py:208} INFO - Processing /opt/airflow/dags/backup_files_dag.py took 0.104 seconds
[2024-11-08T18:48:56.252+0300] {processor.py:186} INFO - Started process (PID=2895) to work on /opt/airflow/dags/backup_files_dag.py
[2024-11-08T18:48:56.253+0300] {processor.py:914} INFO - Processing file /opt/airflow/dags/backup_files_dag.py for tasks to queue
[2024-11-08T18:48:56.256+0300] {logging_mixin.py:190} INFO - [2024-11-08T18:48:56.256+0300] {dagbag.py:588} INFO - Filling up the DagBag from /opt/airflow/dags/backup_files_dag.py
[2024-11-08T18:48:56.292+0300] {processor.py:925} INFO - DAG(s) 'backup_files_dag' retrieved from /opt/airflow/dags/backup_files_dag.py
[2024-11-08T18:48:56.311+0300] {logging_mixin.py:190} INFO - [2024-11-08T18:48:56.311+0300] {dag.py:3239} INFO - Sync 1 DAGs
[2024-11-08T18:48:56.332+0300] {logging_mixin.py:190} INFO - [2024-11-08T18:48:56.331+0300] {dag.py:4180} INFO - Setting next_dagrun for backup_files_dag to 2024-11-08 00:00:00+00:00, run_after=2024-11-09 00:00:00+00:00
[2024-11-08T18:48:56.352+0300] {processor.py:208} INFO - Processing /opt/airflow/dags/backup_files_dag.py took 0.107 seconds
[2024-11-08T18:49:27.288+0300] {processor.py:186} INFO - Started process (PID=2964) to work on /opt/airflow/dags/backup_files_dag.py
[2024-11-08T18:49:27.290+0300] {processor.py:914} INFO - Processing file /opt/airflow/dags/backup_files_dag.py for tasks to queue
[2024-11-08T18:49:27.293+0300] {logging_mixin.py:190} INFO - [2024-11-08T18:49:27.292+0300] {dagbag.py:588} INFO - Filling up the DagBag from /opt/airflow/dags/backup_files_dag.py
[2024-11-08T18:49:27.335+0300] {processor.py:925} INFO - DAG(s) 'backup_files_dag' retrieved from /opt/airflow/dags/backup_files_dag.py
[2024-11-08T18:49:27.362+0300] {logging_mixin.py:190} INFO - [2024-11-08T18:49:27.361+0300] {dag.py:3239} INFO - Sync 1 DAGs
[2024-11-08T18:49:27.387+0300] {logging_mixin.py:190} INFO - [2024-11-08T18:49:27.387+0300] {dag.py:4180} INFO - Setting next_dagrun for backup_files_dag to 2024-11-08 00:00:00+00:00, run_after=2024-11-09 00:00:00+00:00
[2024-11-08T18:49:27.411+0300] {processor.py:208} INFO - Processing /opt/airflow/dags/backup_files_dag.py took 0.129 seconds
[2024-11-08T18:49:57.641+0300] {processor.py:186} INFO - Started process (PID=3033) to work on /opt/airflow/dags/backup_files_dag.py
[2024-11-08T18:49:57.643+0300] {processor.py:914} INFO - Processing file /opt/airflow/dags/backup_files_dag.py for tasks to queue
[2024-11-08T18:49:57.650+0300] {logging_mixin.py:190} INFO - [2024-11-08T18:49:57.649+0300] {dagbag.py:588} INFO - Filling up the DagBag from /opt/airflow/dags/backup_files_dag.py
[2024-11-08T18:49:57.688+0300] {processor.py:925} INFO - DAG(s) 'backup_files_dag' retrieved from /opt/airflow/dags/backup_files_dag.py
[2024-11-08T18:49:57.711+0300] {logging_mixin.py:190} INFO - [2024-11-08T18:49:57.711+0300] {dag.py:3239} INFO - Sync 1 DAGs
[2024-11-08T18:49:57.745+0300] {logging_mixin.py:190} INFO - [2024-11-08T18:49:57.745+0300] {dag.py:4180} INFO - Setting next_dagrun for backup_files_dag to 2024-11-08 00:00:00+00:00, run_after=2024-11-09 00:00:00+00:00
[2024-11-08T18:49:57.787+0300] {processor.py:208} INFO - Processing /opt/airflow/dags/backup_files_dag.py took 0.152 seconds
[2024-11-08T18:53:12.919+0300] {processor.py:186} INFO - Started process (PID=59) to work on /opt/airflow/dags/backup_files_dag.py
[2024-11-08T18:53:12.920+0300] {processor.py:914} INFO - Processing file /opt/airflow/dags/backup_files_dag.py for tasks to queue
[2024-11-08T18:53:12.923+0300] {logging_mixin.py:190} INFO - [2024-11-08T18:53:12.923+0300] {dagbag.py:588} INFO - Filling up the DagBag from /opt/airflow/dags/backup_files_dag.py
[2024-11-08T18:53:12.962+0300] {processor.py:925} INFO - DAG(s) 'backup_files_dag' retrieved from /opt/airflow/dags/backup_files_dag.py
[2024-11-08T18:53:12.991+0300] {logging_mixin.py:190} INFO - [2024-11-08T18:53:12.991+0300] {dag.py:3239} INFO - Sync 1 DAGs
[2024-11-08T18:53:13.020+0300] {logging_mixin.py:190} INFO - [2024-11-08T18:53:13.020+0300] {dag.py:4180} INFO - Setting next_dagrun for backup_files_dag to 2024-11-08 00:00:00+00:00, run_after=2024-11-09 00:00:00+00:00
[2024-11-08T18:53:13.046+0300] {processor.py:208} INFO - Processing /opt/airflow/dags/backup_files_dag.py took 0.134 seconds
[2024-11-08T18:53:43.552+0300] {processor.py:186} INFO - Started process (PID=129) to work on /opt/airflow/dags/backup_files_dag.py
[2024-11-08T18:53:43.553+0300] {processor.py:914} INFO - Processing file /opt/airflow/dags/backup_files_dag.py for tasks to queue
[2024-11-08T18:53:43.555+0300] {logging_mixin.py:190} INFO - [2024-11-08T18:53:43.555+0300] {dagbag.py:588} INFO - Filling up the DagBag from /opt/airflow/dags/backup_files_dag.py
[2024-11-08T18:53:43.572+0300] {processor.py:925} INFO - DAG(s) 'backup_files_dag' retrieved from /opt/airflow/dags/backup_files_dag.py
[2024-11-08T18:53:43.590+0300] {logging_mixin.py:190} INFO - [2024-11-08T18:53:43.590+0300] {dag.py:3239} INFO - Sync 1 DAGs
[2024-11-08T18:53:43.612+0300] {logging_mixin.py:190} INFO - [2024-11-08T18:53:43.612+0300] {dag.py:4180} INFO - Setting next_dagrun for backup_files_dag to 2024-11-08 00:00:00+00:00, run_after=2024-11-09 00:00:00+00:00
[2024-11-08T18:53:43.628+0300] {processor.py:208} INFO - Processing /opt/airflow/dags/backup_files_dag.py took 0.081 seconds
[2024-11-08T18:54:13.865+0300] {processor.py:186} INFO - Started process (PID=198) to work on /opt/airflow/dags/backup_files_dag.py
[2024-11-08T18:54:13.866+0300] {processor.py:914} INFO - Processing file /opt/airflow/dags/backup_files_dag.py for tasks to queue
[2024-11-08T18:54:13.870+0300] {logging_mixin.py:190} INFO - [2024-11-08T18:54:13.869+0300] {dagbag.py:588} INFO - Filling up the DagBag from /opt/airflow/dags/backup_files_dag.py
[2024-11-08T18:54:13.894+0300] {processor.py:925} INFO - DAG(s) 'backup_files_dag' retrieved from /opt/airflow/dags/backup_files_dag.py
[2024-11-08T18:54:13.908+0300] {logging_mixin.py:190} INFO - [2024-11-08T18:54:13.908+0300] {dag.py:3239} INFO - Sync 1 DAGs
[2024-11-08T18:54:13.932+0300] {logging_mixin.py:190} INFO - [2024-11-08T18:54:13.932+0300] {dag.py:4180} INFO - Setting next_dagrun for backup_files_dag to 2024-11-08 00:00:00+00:00, run_after=2024-11-09 00:00:00+00:00
[2024-11-08T18:54:13.953+0300] {processor.py:208} INFO - Processing /opt/airflow/dags/backup_files_dag.py took 0.094 seconds
[2024-11-08T18:55:27.487+0300] {processor.py:186} INFO - Started process (PID=61) to work on /opt/airflow/dags/backup_files_dag.py
[2024-11-08T18:55:27.489+0300] {processor.py:914} INFO - Processing file /opt/airflow/dags/backup_files_dag.py for tasks to queue
[2024-11-08T18:55:27.493+0300] {logging_mixin.py:190} INFO - [2024-11-08T18:55:27.493+0300] {dagbag.py:588} INFO - Filling up the DagBag from /opt/airflow/dags/backup_files_dag.py
[2024-11-08T18:55:27.531+0300] {processor.py:925} INFO - DAG(s) 'backup_files_dag' retrieved from /opt/airflow/dags/backup_files_dag.py
[2024-11-08T18:55:27.561+0300] {logging_mixin.py:190} INFO - [2024-11-08T18:55:27.561+0300] {dag.py:3239} INFO - Sync 1 DAGs
[2024-11-08T18:55:27.590+0300] {logging_mixin.py:190} INFO - [2024-11-08T18:55:27.589+0300] {dag.py:4180} INFO - Setting next_dagrun for backup_files_dag to 2024-11-08 00:00:00+00:00, run_after=2024-11-09 00:00:00+00:00
[2024-11-08T18:55:27.613+0300] {processor.py:208} INFO - Processing /opt/airflow/dags/backup_files_dag.py took 0.133 seconds
[2024-11-08T18:55:57.697+0300] {processor.py:186} INFO - Started process (PID=130) to work on /opt/airflow/dags/backup_files_dag.py
[2024-11-08T18:55:57.698+0300] {processor.py:914} INFO - Processing file /opt/airflow/dags/backup_files_dag.py for tasks to queue
[2024-11-08T18:55:57.700+0300] {logging_mixin.py:190} INFO - [2024-11-08T18:55:57.700+0300] {dagbag.py:588} INFO - Filling up the DagBag from /opt/airflow/dags/backup_files_dag.py
[2024-11-08T18:55:57.721+0300] {processor.py:925} INFO - DAG(s) 'backup_files_dag' retrieved from /opt/airflow/dags/backup_files_dag.py
[2024-11-08T18:55:57.738+0300] {logging_mixin.py:190} INFO - [2024-11-08T18:55:57.737+0300] {dag.py:3239} INFO - Sync 1 DAGs
[2024-11-08T18:55:57.757+0300] {logging_mixin.py:190} INFO - [2024-11-08T18:55:57.757+0300] {dag.py:4180} INFO - Setting next_dagrun for backup_files_dag to 2024-11-08 00:00:00+00:00, run_after=2024-11-09 00:00:00+00:00
[2024-11-08T18:55:57.777+0300] {processor.py:208} INFO - Processing /opt/airflow/dags/backup_files_dag.py took 0.085 seconds
[2024-11-08T18:56:50.607+0300] {processor.py:186} INFO - Started process (PID=59) to work on /opt/airflow/dags/backup_files_dag.py
[2024-11-08T18:56:50.608+0300] {processor.py:914} INFO - Processing file /opt/airflow/dags/backup_files_dag.py for tasks to queue
[2024-11-08T18:56:50.611+0300] {logging_mixin.py:190} INFO - [2024-11-08T18:56:50.611+0300] {dagbag.py:588} INFO - Filling up the DagBag from /opt/airflow/dags/backup_files_dag.py
[2024-11-08T18:56:50.637+0300] {processor.py:925} INFO - DAG(s) 'backup_files_dag' retrieved from /opt/airflow/dags/backup_files_dag.py
[2024-11-08T18:56:50.662+0300] {logging_mixin.py:190} INFO - [2024-11-08T18:56:50.662+0300] {dag.py:3239} INFO - Sync 1 DAGs
[2024-11-08T18:56:50.691+0300] {logging_mixin.py:190} INFO - [2024-11-08T18:56:50.691+0300] {dag.py:4180} INFO - Setting next_dagrun for backup_files_dag to 2024-11-08 00:00:00+00:00, run_after=2024-11-09 00:00:00+00:00
[2024-11-08T18:56:50.723+0300] {processor.py:208} INFO - Processing /opt/airflow/dags/backup_files_dag.py took 0.122 seconds
[2024-11-08T18:57:21.350+0300] {processor.py:186} INFO - Started process (PID=128) to work on /opt/airflow/dags/backup_files_dag.py
[2024-11-08T18:57:21.351+0300] {processor.py:914} INFO - Processing file /opt/airflow/dags/backup_files_dag.py for tasks to queue
[2024-11-08T18:57:21.354+0300] {logging_mixin.py:190} INFO - [2024-11-08T18:57:21.354+0300] {dagbag.py:588} INFO - Filling up the DagBag from /opt/airflow/dags/backup_files_dag.py
[2024-11-08T18:57:21.379+0300] {processor.py:925} INFO - DAG(s) 'backup_files_dag' retrieved from /opt/airflow/dags/backup_files_dag.py
[2024-11-08T18:57:21.395+0300] {logging_mixin.py:190} INFO - [2024-11-08T18:57:21.395+0300] {dag.py:3239} INFO - Sync 1 DAGs
[2024-11-08T18:57:21.416+0300] {logging_mixin.py:190} INFO - [2024-11-08T18:57:21.415+0300] {dag.py:4180} INFO - Setting next_dagrun for backup_files_dag to 2024-11-08 00:00:00+00:00, run_after=2024-11-09 00:00:00+00:00
[2024-11-08T18:57:21.434+0300] {processor.py:208} INFO - Processing /opt/airflow/dags/backup_files_dag.py took 0.088 seconds
[2024-11-08T18:57:51.987+0300] {processor.py:186} INFO - Started process (PID=197) to work on /opt/airflow/dags/backup_files_dag.py
[2024-11-08T18:57:51.988+0300] {processor.py:914} INFO - Processing file /opt/airflow/dags/backup_files_dag.py for tasks to queue
[2024-11-08T18:57:51.991+0300] {logging_mixin.py:190} INFO - [2024-11-08T18:57:51.990+0300] {dagbag.py:588} INFO - Filling up the DagBag from /opt/airflow/dags/backup_files_dag.py
[2024-11-08T18:57:52.018+0300] {processor.py:925} INFO - DAG(s) 'backup_files_dag' retrieved from /opt/airflow/dags/backup_files_dag.py
[2024-11-08T18:57:52.035+0300] {logging_mixin.py:190} INFO - [2024-11-08T18:57:52.035+0300] {dag.py:3239} INFO - Sync 1 DAGs
[2024-11-08T18:57:52.057+0300] {logging_mixin.py:190} INFO - [2024-11-08T18:57:52.056+0300] {dag.py:4180} INFO - Setting next_dagrun for backup_files_dag to 2024-11-08 00:00:00+00:00, run_after=2024-11-09 00:00:00+00:00
[2024-11-08T18:57:52.079+0300] {processor.py:208} INFO - Processing /opt/airflow/dags/backup_files_dag.py took 0.098 seconds
[2024-11-08T18:58:22.857+0300] {processor.py:186} INFO - Started process (PID=266) to work on /opt/airflow/dags/backup_files_dag.py
[2024-11-08T18:58:22.858+0300] {processor.py:914} INFO - Processing file /opt/airflow/dags/backup_files_dag.py for tasks to queue
[2024-11-08T18:58:22.861+0300] {logging_mixin.py:190} INFO - [2024-11-08T18:58:22.861+0300] {dagbag.py:588} INFO - Filling up the DagBag from /opt/airflow/dags/backup_files_dag.py
[2024-11-08T18:58:22.875+0300] {processor.py:925} INFO - DAG(s) 'backup_files_dag' retrieved from /opt/airflow/dags/backup_files_dag.py
[2024-11-08T18:58:22.890+0300] {logging_mixin.py:190} INFO - [2024-11-08T18:58:22.889+0300] {dag.py:3239} INFO - Sync 1 DAGs
[2024-11-08T18:58:22.905+0300] {logging_mixin.py:190} INFO - [2024-11-08T18:58:22.905+0300] {dag.py:4180} INFO - Setting next_dagrun for backup_files_dag to 2024-11-08 00:00:00+00:00, run_after=2024-11-09 00:00:00+00:00
[2024-11-08T18:58:22.923+0300] {processor.py:208} INFO - Processing /opt/airflow/dags/backup_files_dag.py took 0.072 seconds
[2024-11-08T18:58:54.054+0300] {processor.py:186} INFO - Started process (PID=335) to work on /opt/airflow/dags/backup_files_dag.py
[2024-11-08T18:58:54.056+0300] {processor.py:914} INFO - Processing file /opt/airflow/dags/backup_files_dag.py for tasks to queue
[2024-11-08T18:58:54.060+0300] {logging_mixin.py:190} INFO - [2024-11-08T18:58:54.060+0300] {dagbag.py:588} INFO - Filling up the DagBag from /opt/airflow/dags/backup_files_dag.py
[2024-11-08T18:58:54.128+0300] {processor.py:925} INFO - DAG(s) 'backup_files_dag' retrieved from /opt/airflow/dags/backup_files_dag.py
[2024-11-08T18:58:54.152+0300] {logging_mixin.py:190} INFO - [2024-11-08T18:58:54.152+0300] {dag.py:3239} INFO - Sync 1 DAGs
[2024-11-08T18:58:54.169+0300] {logging_mixin.py:190} INFO - [2024-11-08T18:58:54.169+0300] {dag.py:4180} INFO - Setting next_dagrun for backup_files_dag to 2024-11-08 00:00:00+00:00, run_after=2024-11-09 00:00:00+00:00
[2024-11-08T18:58:54.203+0300] {processor.py:208} INFO - Processing /opt/airflow/dags/backup_files_dag.py took 0.158 seconds
[2024-11-08T18:59:25.193+0300] {processor.py:186} INFO - Started process (PID=404) to work on /opt/airflow/dags/backup_files_dag.py
[2024-11-08T18:59:25.195+0300] {processor.py:914} INFO - Processing file /opt/airflow/dags/backup_files_dag.py for tasks to queue
[2024-11-08T18:59:25.197+0300] {logging_mixin.py:190} INFO - [2024-11-08T18:59:25.196+0300] {dagbag.py:588} INFO - Filling up the DagBag from /opt/airflow/dags/backup_files_dag.py
[2024-11-08T18:59:25.224+0300] {processor.py:925} INFO - DAG(s) 'backup_files_dag' retrieved from /opt/airflow/dags/backup_files_dag.py
[2024-11-08T18:59:25.239+0300] {logging_mixin.py:190} INFO - [2024-11-08T18:59:25.239+0300] {dag.py:3239} INFO - Sync 1 DAGs
[2024-11-08T18:59:25.258+0300] {logging_mixin.py:190} INFO - [2024-11-08T18:59:25.257+0300] {dag.py:4180} INFO - Setting next_dagrun for backup_files_dag to 2024-11-08 00:00:00+00:00, run_after=2024-11-09 00:00:00+00:00
[2024-11-08T18:59:25.285+0300] {processor.py:208} INFO - Processing /opt/airflow/dags/backup_files_dag.py took 0.097 seconds
[2024-11-08T18:59:56.058+0300] {processor.py:186} INFO - Started process (PID=477) to work on /opt/airflow/dags/backup_files_dag.py
[2024-11-08T18:59:56.059+0300] {processor.py:914} INFO - Processing file /opt/airflow/dags/backup_files_dag.py for tasks to queue
[2024-11-08T18:59:56.064+0300] {logging_mixin.py:190} INFO - [2024-11-08T18:59:56.063+0300] {dagbag.py:588} INFO - Filling up the DagBag from /opt/airflow/dags/backup_files_dag.py
[2024-11-08T18:59:56.087+0300] {processor.py:925} INFO - DAG(s) 'backup_files_dag' retrieved from /opt/airflow/dags/backup_files_dag.py
[2024-11-08T18:59:56.113+0300] {logging_mixin.py:190} INFO - [2024-11-08T18:59:56.113+0300] {dag.py:3239} INFO - Sync 1 DAGs
[2024-11-08T18:59:56.141+0300] {logging_mixin.py:190} INFO - [2024-11-08T18:59:56.141+0300] {dag.py:4180} INFO - Setting next_dagrun for backup_files_dag to 2024-11-08 00:00:00+00:00, run_after=2024-11-09 00:00:00+00:00
[2024-11-08T18:59:56.165+0300] {processor.py:208} INFO - Processing /opt/airflow/dags/backup_files_dag.py took 0.117 seconds
[2024-11-08T19:00:26.465+0300] {processor.py:186} INFO - Started process (PID=553) to work on /opt/airflow/dags/backup_files_dag.py
[2024-11-08T19:00:26.466+0300] {processor.py:914} INFO - Processing file /opt/airflow/dags/backup_files_dag.py for tasks to queue
[2024-11-08T19:00:26.469+0300] {logging_mixin.py:190} INFO - [2024-11-08T19:00:26.468+0300] {dagbag.py:588} INFO - Filling up the DagBag from /opt/airflow/dags/backup_files_dag.py
[2024-11-08T19:00:26.488+0300] {processor.py:925} INFO - DAG(s) 'backup_files_dag' retrieved from /opt/airflow/dags/backup_files_dag.py
[2024-11-08T19:00:26.506+0300] {logging_mixin.py:190} INFO - [2024-11-08T19:00:26.505+0300] {dag.py:3239} INFO - Sync 1 DAGs
[2024-11-08T19:00:26.532+0300] {logging_mixin.py:190} INFO - [2024-11-08T19:00:26.532+0300] {dag.py:4180} INFO - Setting next_dagrun for backup_files_dag to 2024-11-08 00:00:00+00:00, run_after=2024-11-09 00:00:00+00:00
[2024-11-08T19:00:26.554+0300] {processor.py:208} INFO - Processing /opt/airflow/dags/backup_files_dag.py took 0.096 seconds
[2024-11-08T19:00:56.978+0300] {processor.py:186} INFO - Started process (PID=622) to work on /opt/airflow/dags/backup_files_dag.py
[2024-11-08T19:00:56.980+0300] {processor.py:914} INFO - Processing file /opt/airflow/dags/backup_files_dag.py for tasks to queue
[2024-11-08T19:00:56.985+0300] {logging_mixin.py:190} INFO - [2024-11-08T19:00:56.984+0300] {dagbag.py:588} INFO - Filling up the DagBag from /opt/airflow/dags/backup_files_dag.py
[2024-11-08T19:00:57.027+0300] {processor.py:925} INFO - DAG(s) 'backup_files_dag' retrieved from /opt/airflow/dags/backup_files_dag.py
[2024-11-08T19:00:57.044+0300] {logging_mixin.py:190} INFO - [2024-11-08T19:00:57.043+0300] {dag.py:3239} INFO - Sync 1 DAGs
[2024-11-08T19:00:57.063+0300] {logging_mixin.py:190} INFO - [2024-11-08T19:00:57.063+0300] {dag.py:4180} INFO - Setting next_dagrun for backup_files_dag to 2024-11-08 00:00:00+00:00, run_after=2024-11-09 00:00:00+00:00
[2024-11-08T19:00:57.084+0300] {processor.py:208} INFO - Processing /opt/airflow/dags/backup_files_dag.py took 0.118 seconds
[2024-11-08T19:01:27.630+0300] {processor.py:186} INFO - Started process (PID=689) to work on /opt/airflow/dags/backup_files_dag.py
[2024-11-08T19:01:27.632+0300] {processor.py:914} INFO - Processing file /opt/airflow/dags/backup_files_dag.py for tasks to queue
[2024-11-08T19:01:27.634+0300] {logging_mixin.py:190} INFO - [2024-11-08T19:01:27.634+0300] {dagbag.py:588} INFO - Filling up the DagBag from /opt/airflow/dags/backup_files_dag.py
[2024-11-08T19:01:27.681+0300] {processor.py:925} INFO - DAG(s) 'backup_files_dag' retrieved from /opt/airflow/dags/backup_files_dag.py
[2024-11-08T19:01:27.699+0300] {logging_mixin.py:190} INFO - [2024-11-08T19:01:27.699+0300] {dag.py:3239} INFO - Sync 1 DAGs
[2024-11-08T19:01:27.723+0300] {logging_mixin.py:190} INFO - [2024-11-08T19:01:27.723+0300] {dag.py:4180} INFO - Setting next_dagrun for backup_files_dag to 2024-11-08 00:00:00+00:00, run_after=2024-11-09 00:00:00+00:00
[2024-11-08T19:01:27.768+0300] {processor.py:208} INFO - Processing /opt/airflow/dags/backup_files_dag.py took 0.145 seconds
[2024-11-08T19:01:58.182+0300] {processor.py:186} INFO - Started process (PID=758) to work on /opt/airflow/dags/backup_files_dag.py
[2024-11-08T19:01:58.183+0300] {processor.py:914} INFO - Processing file /opt/airflow/dags/backup_files_dag.py for tasks to queue
[2024-11-08T19:01:58.186+0300] {logging_mixin.py:190} INFO - [2024-11-08T19:01:58.186+0300] {dagbag.py:588} INFO - Filling up the DagBag from /opt/airflow/dags/backup_files_dag.py
[2024-11-08T19:01:58.258+0300] {processor.py:925} INFO - DAG(s) 'backup_files_dag' retrieved from /opt/airflow/dags/backup_files_dag.py
[2024-11-08T19:01:58.303+0300] {logging_mixin.py:190} INFO - [2024-11-08T19:01:58.303+0300] {dag.py:3239} INFO - Sync 1 DAGs
[2024-11-08T19:01:58.338+0300] {logging_mixin.py:190} INFO - [2024-11-08T19:01:58.337+0300] {dag.py:4180} INFO - Setting next_dagrun for backup_files_dag to 2024-11-08 00:00:00+00:00, run_after=2024-11-09 00:00:00+00:00
[2024-11-08T19:01:58.368+0300] {processor.py:208} INFO - Processing /opt/airflow/dags/backup_files_dag.py took 0.192 seconds
[2024-11-08T19:02:28.694+0300] {processor.py:186} INFO - Started process (PID=827) to work on /opt/airflow/dags/backup_files_dag.py
[2024-11-08T19:02:28.696+0300] {processor.py:914} INFO - Processing file /opt/airflow/dags/backup_files_dag.py for tasks to queue
[2024-11-08T19:02:28.698+0300] {logging_mixin.py:190} INFO - [2024-11-08T19:02:28.697+0300] {dagbag.py:588} INFO - Filling up the DagBag from /opt/airflow/dags/backup_files_dag.py
[2024-11-08T19:02:28.723+0300] {processor.py:925} INFO - DAG(s) 'backup_files_dag' retrieved from /opt/airflow/dags/backup_files_dag.py
[2024-11-08T19:02:28.738+0300] {logging_mixin.py:190} INFO - [2024-11-08T19:02:28.738+0300] {dag.py:3239} INFO - Sync 1 DAGs
[2024-11-08T19:02:28.757+0300] {logging_mixin.py:190} INFO - [2024-11-08T19:02:28.757+0300] {dag.py:4180} INFO - Setting next_dagrun for backup_files_dag to 2024-11-08 00:00:00+00:00, run_after=2024-11-09 00:00:00+00:00
[2024-11-08T19:02:28.775+0300] {processor.py:208} INFO - Processing /opt/airflow/dags/backup_files_dag.py took 0.086 seconds
[2024-11-08T19:02:59.699+0300] {processor.py:186} INFO - Started process (PID=896) to work on /opt/airflow/dags/backup_files_dag.py
[2024-11-08T19:02:59.700+0300] {processor.py:914} INFO - Processing file /opt/airflow/dags/backup_files_dag.py for tasks to queue
[2024-11-08T19:02:59.703+0300] {logging_mixin.py:190} INFO - [2024-11-08T19:02:59.703+0300] {dagbag.py:588} INFO - Filling up the DagBag from /opt/airflow/dags/backup_files_dag.py
[2024-11-08T19:02:59.773+0300] {processor.py:925} INFO - DAG(s) 'backup_files_dag' retrieved from /opt/airflow/dags/backup_files_dag.py
[2024-11-08T19:02:59.801+0300] {logging_mixin.py:190} INFO - [2024-11-08T19:02:59.800+0300] {dag.py:3239} INFO - Sync 1 DAGs
[2024-11-08T19:02:59.853+0300] {logging_mixin.py:190} INFO - [2024-11-08T19:02:59.853+0300] {dag.py:4180} INFO - Setting next_dagrun for backup_files_dag to 2024-11-08 00:00:00+00:00, run_after=2024-11-09 00:00:00+00:00
[2024-11-08T19:02:59.906+0300] {processor.py:208} INFO - Processing /opt/airflow/dags/backup_files_dag.py took 0.214 seconds
[2024-11-08T19:03:30.746+0300] {processor.py:186} INFO - Started process (PID=965) to work on /opt/airflow/dags/backup_files_dag.py
[2024-11-08T19:03:30.748+0300] {processor.py:914} INFO - Processing file /opt/airflow/dags/backup_files_dag.py for tasks to queue
[2024-11-08T19:03:30.751+0300] {logging_mixin.py:190} INFO - [2024-11-08T19:03:30.751+0300] {dagbag.py:588} INFO - Filling up the DagBag from /opt/airflow/dags/backup_files_dag.py
[2024-11-08T19:03:30.789+0300] {processor.py:925} INFO - DAG(s) 'backup_files_dag' retrieved from /opt/airflow/dags/backup_files_dag.py
[2024-11-08T19:03:30.809+0300] {logging_mixin.py:190} INFO - [2024-11-08T19:03:30.809+0300] {dag.py:3239} INFO - Sync 1 DAGs
[2024-11-08T19:03:30.833+0300] {logging_mixin.py:190} INFO - [2024-11-08T19:03:30.833+0300] {dag.py:4180} INFO - Setting next_dagrun for backup_files_dag to 2024-11-08 00:00:00+00:00, run_after=2024-11-09 00:00:00+00:00
[2024-11-08T19:03:30.860+0300] {processor.py:208} INFO - Processing /opt/airflow/dags/backup_files_dag.py took 0.118 seconds
[2024-11-08T19:04:01.847+0300] {processor.py:186} INFO - Started process (PID=1034) to work on /opt/airflow/dags/backup_files_dag.py
[2024-11-08T19:04:01.848+0300] {processor.py:914} INFO - Processing file /opt/airflow/dags/backup_files_dag.py for tasks to queue
[2024-11-08T19:04:01.850+0300] {logging_mixin.py:190} INFO - [2024-11-08T19:04:01.850+0300] {dagbag.py:588} INFO - Filling up the DagBag from /opt/airflow/dags/backup_files_dag.py
[2024-11-08T19:04:01.892+0300] {processor.py:925} INFO - DAG(s) 'backup_files_dag' retrieved from /opt/airflow/dags/backup_files_dag.py
[2024-11-08T19:04:01.910+0300] {logging_mixin.py:190} INFO - [2024-11-08T19:04:01.910+0300] {dag.py:3239} INFO - Sync 1 DAGs
[2024-11-08T19:04:01.929+0300] {logging_mixin.py:190} INFO - [2024-11-08T19:04:01.929+0300] {dag.py:4180} INFO - Setting next_dagrun for backup_files_dag to 2024-11-08 00:00:00+00:00, run_after=2024-11-09 00:00:00+00:00
[2024-11-08T19:04:01.950+0300] {processor.py:208} INFO - Processing /opt/airflow/dags/backup_files_dag.py took 0.108 seconds
[2024-11-08T19:04:32.325+0300] {processor.py:186} INFO - Started process (PID=1103) to work on /opt/airflow/dags/backup_files_dag.py
[2024-11-08T19:04:32.326+0300] {processor.py:914} INFO - Processing file /opt/airflow/dags/backup_files_dag.py for tasks to queue
[2024-11-08T19:04:32.329+0300] {logging_mixin.py:190} INFO - [2024-11-08T19:04:32.329+0300] {dagbag.py:588} INFO - Filling up the DagBag from /opt/airflow/dags/backup_files_dag.py
[2024-11-08T19:04:32.368+0300] {processor.py:925} INFO - DAG(s) 'backup_files_dag' retrieved from /opt/airflow/dags/backup_files_dag.py
[2024-11-08T19:04:32.386+0300] {logging_mixin.py:190} INFO - [2024-11-08T19:04:32.386+0300] {dag.py:3239} INFO - Sync 1 DAGs
[2024-11-08T19:04:32.406+0300] {logging_mixin.py:190} INFO - [2024-11-08T19:04:32.406+0300] {dag.py:4180} INFO - Setting next_dagrun for backup_files_dag to 2024-11-08 00:00:00+00:00, run_after=2024-11-09 00:00:00+00:00
[2024-11-08T19:04:32.423+0300] {processor.py:208} INFO - Processing /opt/airflow/dags/backup_files_dag.py took 0.103 seconds
[2024-11-08T19:05:03.173+0300] {processor.py:186} INFO - Started process (PID=1172) to work on /opt/airflow/dags/backup_files_dag.py
[2024-11-08T19:05:03.175+0300] {processor.py:914} INFO - Processing file /opt/airflow/dags/backup_files_dag.py for tasks to queue
[2024-11-08T19:05:03.177+0300] {logging_mixin.py:190} INFO - [2024-11-08T19:05:03.177+0300] {dagbag.py:588} INFO - Filling up the DagBag from /opt/airflow/dags/backup_files_dag.py
[2024-11-08T19:05:03.243+0300] {processor.py:925} INFO - DAG(s) 'backup_files_dag' retrieved from /opt/airflow/dags/backup_files_dag.py
[2024-11-08T19:05:03.275+0300] {logging_mixin.py:190} INFO - [2024-11-08T19:05:03.275+0300] {dag.py:3239} INFO - Sync 1 DAGs
[2024-11-08T19:05:03.299+0300] {logging_mixin.py:190} INFO - [2024-11-08T19:05:03.298+0300] {dag.py:4180} INFO - Setting next_dagrun for backup_files_dag to 2024-11-08 00:00:00+00:00, run_after=2024-11-09 00:00:00+00:00
[2024-11-08T19:05:03.321+0300] {processor.py:208} INFO - Processing /opt/airflow/dags/backup_files_dag.py took 0.154 seconds
