[2024-11-05T21:00:19.842+0000] {local_task_job_runner.py:123} INFO - ::group::Pre task execution logs
[2024-11-05T21:00:19.870+0000] {taskinstance.py:2612} INFO - Dependencies all met for dep_context=non-requeueable deps ti=<TaskInstance: fraud_transaction_analysis2.send_telegram_message scheduled__2024-11-04T21:00:00+00:00 [queued]>
[2024-11-05T21:00:19.883+0000] {taskinstance.py:2612} INFO - Dependencies all met for dep_context=requeueable deps ti=<TaskInstance: fraud_transaction_analysis2.send_telegram_message scheduled__2024-11-04T21:00:00+00:00 [queued]>
[2024-11-05T21:00:19.884+0000] {taskinstance.py:2865} INFO - Starting attempt 1 of 1
[2024-11-05T21:00:19.901+0000] {taskinstance.py:2888} INFO - Executing <Task(TelegramOperator): send_telegram_message> on 2024-11-04 21:00:00+00:00
[2024-11-05T21:00:19.910+0000] {warnings.py:112} WARNING - /home/***/.local/lib/python3.12/site-packages/***/task/task_runner/standard_task_runner.py:70: DeprecationWarning: This process (pid=218) is multi-threaded, use of fork() may lead to deadlocks in the child.
  pid = os.fork()

[2024-11-05T21:00:19.912+0000] {standard_task_runner.py:72} INFO - Started process 220 to run task
[2024-11-05T21:00:19.913+0000] {standard_task_runner.py:104} INFO - Running: ['***', 'tasks', 'run', 'fraud_transaction_analysis2', 'send_telegram_message', 'scheduled__2024-11-04T21:00:00+00:00', '--job-id', '146', '--raw', '--subdir', 'DAGS_FOLDER/fraud_transaction_analysis2-dag.py', '--cfg-path', '/tmp/tmp0nmidvf0']
[2024-11-05T21:00:19.915+0000] {standard_task_runner.py:105} INFO - Job 146: Subtask send_telegram_message
[2024-11-05T21:00:19.981+0000] {task_command.py:467} INFO - Running <TaskInstance: fraud_transaction_analysis2.send_telegram_message scheduled__2024-11-04T21:00:00+00:00 [running]> on host fe1d23aa9a61
[2024-11-05T21:00:20.089+0000] {taskinstance.py:3131} INFO - Exporting env vars: AIRFLOW_CTX_DAG_OWNER='***' AIRFLOW_CTX_DAG_ID='fraud_transaction_analysis2' AIRFLOW_CTX_TASK_ID='send_telegram_message' AIRFLOW_CTX_EXECUTION_DATE='2024-11-04T21:00:00+00:00' AIRFLOW_CTX_TRY_NUMBER='1' AIRFLOW_CTX_DAG_RUN_ID='scheduled__2024-11-04T21:00:00+00:00'
[2024-11-05T21:00:20.093+0000] {logging_mixin.py:190} INFO - Task instance is in running state
[2024-11-05T21:00:20.095+0000] {logging_mixin.py:190} INFO -  Previous state of the Task instance: queued
[2024-11-05T21:00:20.097+0000] {logging_mixin.py:190} INFO - Current task name:send_telegram_message state:running start_date:2024-11-05 21:00:19.871258+00:00
[2024-11-05T21:00:20.100+0000] {logging_mixin.py:190} INFO - Dag name:fraud_transaction_analysis2 and current dag run status:running
[2024-11-05T21:00:20.102+0000] {taskinstance.py:731} INFO - ::endgroup::
[2024-11-05T21:00:20.121+0000] {base.py:84} INFO - Retrieving connection 'telegram_default'
[2024-11-05T21:00:20.404+0000] {_client.py:1773} INFO - HTTP Request: POST https://api.telegram.org/bot7891446819:AAEGULObbcnCnd-J60AxChFllx8pM5Qbp5A/sendMessage "HTTP/1.1 200 OK"
[2024-11-05T21:00:20.467+0000] {taskinstance.py:340} INFO - ::group::Post task execution logs
[2024-11-05T21:00:20.468+0000] {taskinstance.py:352} INFO - Marking task as SUCCESS. dag_id=fraud_transaction_analysis2, task_id=send_telegram_message, run_id=scheduled__2024-11-04T21:00:00+00:00, execution_date=20241104T210000, start_date=20241105T210019, end_date=20241105T210020
[2024-11-05T21:00:20.500+0000] {logging_mixin.py:190} INFO - Task instance in success state
[2024-11-05T21:00:20.504+0000] {logging_mixin.py:190} INFO -  Previous state of the Task instance: running
[2024-11-05T21:00:20.508+0000] {logging_mixin.py:190} INFO - Dag name:fraud_transaction_analysis2 queued_at:2024-11-05 21:00:01.112250+00:00
[2024-11-05T21:00:20.511+0000] {logging_mixin.py:190} INFO - Task hostname:fe1d23aa9a61 operator:TelegramOperator
[2024-11-05T21:00:20.574+0000] {local_task_job_runner.py:266} INFO - Task exited with return code 0
[2024-11-05T21:00:20.620+0000] {taskinstance.py:3900} INFO - 0 downstream tasks scheduled from follow-on schedule check
[2024-11-05T21:00:20.638+0000] {local_task_job_runner.py:245} INFO - ::endgroup::
