[2024-11-08T18:59:53.764+0300] {local_task_job_runner.py:123} INFO - ::group::Pre task execution logs
[2024-11-08T18:59:53.781+0300] {taskinstance.py:2612} INFO - Dependencies all met for dep_context=non-requeueable deps ti=<TaskInstance: fraud_transaction_analysis2.convert_to_btc manual__2024-11-08T15:59:45.804371+00:00 [queued]>
[2024-11-08T18:59:53.792+0300] {taskinstance.py:2612} INFO - Dependencies all met for dep_context=requeueable deps ti=<TaskInstance: fraud_transaction_analysis2.convert_to_btc manual__2024-11-08T15:59:45.804371+00:00 [queued]>
[2024-11-08T18:59:53.793+0300] {taskinstance.py:2865} INFO - Starting attempt 1 of 1
[2024-11-08T18:59:53.807+0300] {taskinstance.py:2888} INFO - Executing <Task(PythonOperator): convert_to_btc> on 2024-11-08 15:59:45.804371+00:00
[2024-11-08T18:59:53.813+0300] {warnings.py:112} WARNING - /home/***/.local/lib/python3.12/site-packages/***/task/task_runner/standard_task_runner.py:70: DeprecationWarning: This process (pid=109) is multi-threaded, use of fork() may lead to deadlocks in the child.
  pid = os.fork()

[2024-11-08T18:59:53.815+0300] {standard_task_runner.py:72} INFO - Started process 111 to run task
[2024-11-08T18:59:53.814+0300] {standard_task_runner.py:104} INFO - Running: ['***', 'tasks', 'run', 'fraud_transaction_analysis2', 'convert_to_btc', 'manual__2024-11-08T15:59:45.804371+00:00', '--job-id', '243', '--raw', '--subdir', 'DAGS_FOLDER/fraud_transaction_analysis2-dag.py', '--cfg-path', '/tmp/tmp06d94_lz']
[2024-11-08T18:59:53.816+0300] {standard_task_runner.py:105} INFO - Job 243: Subtask convert_to_btc
[2024-11-08T18:59:53.859+0300] {task_command.py:467} INFO - Running <TaskInstance: fraud_transaction_analysis2.convert_to_btc manual__2024-11-08T15:59:45.804371+00:00 [running]> on host 1168f67a661e
[2024-11-08T18:59:53.952+0300] {taskinstance.py:3131} INFO - Exporting env vars: AIRFLOW_CTX_DAG_OWNER='***' AIRFLOW_CTX_DAG_ID='fraud_transaction_analysis2' AIRFLOW_CTX_TASK_ID='convert_to_btc' AIRFLOW_CTX_EXECUTION_DATE='2024-11-08T15:59:45.804371+00:00' AIRFLOW_CTX_TRY_NUMBER='1' AIRFLOW_CTX_DAG_RUN_ID='manual__2024-11-08T15:59:45.804371+00:00'
[2024-11-08T18:59:53.953+0300] {logging_mixin.py:190} INFO - Task instance is in running state
[2024-11-08T18:59:53.954+0300] {logging_mixin.py:190} INFO -  Previous state of the Task instance: queued
[2024-11-08T18:59:53.955+0300] {logging_mixin.py:190} INFO - Current task name:convert_to_btc state:running start_date:2024-11-08 15:59:53.782864+00:00
[2024-11-08T18:59:53.955+0300] {logging_mixin.py:190} INFO - Dag name:fraud_transaction_analysis2 and current dag run status:running
[2024-11-08T18:59:53.956+0300] {taskinstance.py:731} INFO - ::endgroup::
[2024-11-08T18:59:53.957+0300] {python.py:240} INFO - Done. Returned value was: 0.7856564123662527
[2024-11-08T18:59:53.975+0300] {taskinstance.py:340} INFO - ::group::Post task execution logs
[2024-11-08T18:59:53.976+0300] {taskinstance.py:352} INFO - Marking task as SUCCESS. dag_id=fraud_transaction_analysis2, task_id=convert_to_btc, run_id=manual__2024-11-08T15:59:45.804371+00:00, execution_date=20241108T155945, start_date=20241108T155953, end_date=20241108T155953
[2024-11-08T18:59:53.983+0300] {logging_mixin.py:190} INFO - Task instance in success state
[2024-11-08T18:59:53.984+0300] {logging_mixin.py:190} INFO -  Previous state of the Task instance: running
[2024-11-08T18:59:53.985+0300] {logging_mixin.py:190} INFO - Dag name:fraud_transaction_analysis2 queued_at:2024-11-08 15:59:45.824822+00:00
[2024-11-08T18:59:53.985+0300] {logging_mixin.py:190} INFO - Task hostname:1168f67a661e operator:PythonOperator
[2024-11-08T18:59:54.031+0300] {local_task_job_runner.py:266} INFO - Task exited with return code 0
[2024-11-08T18:59:54.049+0300] {warnings.py:112} WARNING - /home/***/.local/lib/python3.12/site-packages/***/models/baseoperator.py:1378: AirflowProviderDeprecationWarning: Call to deprecated class PostgresOperator. (Please use `***.providers.common.sql.operators.sql.SQLExecuteQueryOperator`.Also, you can provide `hook_params={'schema': <database>}`.)
  result = cls.__new__(cls)

[2024-11-08T18:59:54.076+0300] {taskinstance.py:3900} INFO - 1 downstream tasks scheduled from follow-on schedule check
[2024-11-08T18:59:54.081+0300] {local_task_job_runner.py:245} INFO - ::endgroup::
