[2024-11-18T16:55:19.223+0300] {processor.py:186} INFO - Started process (PID=107) to work on /home/airflow/.local/lib/python3.12/site-packages/airflow/example_dags/example_subdag_operator.py
[2024-11-18T16:55:19.225+0300] {processor.py:914} INFO - Processing file /home/airflow/.local/lib/python3.12/site-packages/airflow/example_dags/example_subdag_operator.py for tasks to queue
[2024-11-18T16:55:19.232+0300] {logging_mixin.py:190} INFO - [2024-11-18T16:55:19.231+0300] {dagbag.py:588} INFO - Filling up the DagBag from /home/airflow/.local/lib/python3.12/site-packages/airflow/example_dags/example_subdag_operator.py
[2024-11-18T16:55:19.293+0300] {processor.py:925} INFO - DAG(s) 'example_subdag_operator.section-1', 'example_subdag_operator.section-2', 'example_subdag_operator' retrieved from /home/airflow/.local/lib/python3.12/site-packages/airflow/example_dags/example_subdag_operator.py
[2024-11-18T16:55:19.334+0300] {logging_mixin.py:190} INFO - [2024-11-18T16:55:19.333+0300] {dag.py:3239} INFO - Sync 3 DAGs
[2024-11-18T16:55:19.399+0300] {logging_mixin.py:190} INFO - [2024-11-18T16:55:19.398+0300] {dag.py:4180} INFO - Setting next_dagrun for example_subdag_operator to 2022-01-01 00:00:00+00:00, run_after=2022-01-01 00:00:00+00:00
[2024-11-18T16:55:19.407+0300] {logging_mixin.py:190} INFO - [2024-11-18T16:55:19.407+0300] {dag.py:4180} INFO - Setting next_dagrun for example_subdag_operator.section-1 to None, run_after=None
[2024-11-18T16:55:19.415+0300] {logging_mixin.py:190} INFO - [2024-11-18T16:55:19.414+0300] {dag.py:4180} INFO - Setting next_dagrun for example_subdag_operator.section-2 to None, run_after=None
[2024-11-18T16:55:19.439+0300] {logging_mixin.py:190} INFO - [2024-11-18T16:55:19.438+0300] {dag.py:3239} INFO - Sync 2 DAGs
[2024-11-18T16:55:19.457+0300] {logging_mixin.py:190} INFO - [2024-11-18T16:55:19.456+0300] {dag.py:4180} INFO - Setting next_dagrun for example_subdag_operator.section-1 to None, run_after=None
[2024-11-18T16:55:19.459+0300] {logging_mixin.py:190} INFO - [2024-11-18T16:55:19.459+0300] {dag.py:4180} INFO - Setting next_dagrun for example_subdag_operator.section-2 to None, run_after=None
[2024-11-18T16:55:19.491+0300] {processor.py:208} INFO - Processing /home/airflow/.local/lib/python3.12/site-packages/airflow/example_dags/example_subdag_operator.py took 0.283 seconds
[2024-11-18T16:55:49.642+0300] {processor.py:186} INFO - Started process (PID=192) to work on /home/airflow/.local/lib/python3.12/site-packages/airflow/example_dags/example_subdag_operator.py
[2024-11-18T16:55:49.643+0300] {processor.py:914} INFO - Processing file /home/airflow/.local/lib/python3.12/site-packages/airflow/example_dags/example_subdag_operator.py for tasks to queue
[2024-11-18T16:55:49.647+0300] {logging_mixin.py:190} INFO - [2024-11-18T16:55:49.646+0300] {dagbag.py:588} INFO - Filling up the DagBag from /home/airflow/.local/lib/python3.12/site-packages/airflow/example_dags/example_subdag_operator.py
[2024-11-18T16:55:49.676+0300] {processor.py:925} INFO - DAG(s) 'example_subdag_operator.section-1', 'example_subdag_operator.section-2', 'example_subdag_operator' retrieved from /home/airflow/.local/lib/python3.12/site-packages/airflow/example_dags/example_subdag_operator.py
[2024-11-18T16:55:49.692+0300] {logging_mixin.py:190} INFO - [2024-11-18T16:55:49.692+0300] {dag.py:3239} INFO - Sync 3 DAGs
[2024-11-18T16:55:49.717+0300] {logging_mixin.py:190} INFO - [2024-11-18T16:55:49.717+0300] {dag.py:4180} INFO - Setting next_dagrun for example_subdag_operator to 2022-01-01 00:00:00+00:00, run_after=2022-01-01 00:00:00+00:00
[2024-11-18T16:55:49.722+0300] {logging_mixin.py:190} INFO - [2024-11-18T16:55:49.721+0300] {dag.py:4180} INFO - Setting next_dagrun for example_subdag_operator.section-1 to None, run_after=None
[2024-11-18T16:55:49.723+0300] {logging_mixin.py:190} INFO - [2024-11-18T16:55:49.723+0300] {dag.py:4180} INFO - Setting next_dagrun for example_subdag_operator.section-2 to None, run_after=None
[2024-11-18T16:55:49.731+0300] {logging_mixin.py:190} INFO - [2024-11-18T16:55:49.731+0300] {dag.py:3239} INFO - Sync 2 DAGs
[2024-11-18T16:55:49.737+0300] {logging_mixin.py:190} INFO - [2024-11-18T16:55:49.737+0300] {dag.py:4180} INFO - Setting next_dagrun for example_subdag_operator.section-1 to None, run_after=None
[2024-11-18T16:55:49.738+0300] {logging_mixin.py:190} INFO - [2024-11-18T16:55:49.738+0300] {dag.py:4180} INFO - Setting next_dagrun for example_subdag_operator.section-2 to None, run_after=None
[2024-11-18T16:55:49.760+0300] {processor.py:208} INFO - Processing /home/airflow/.local/lib/python3.12/site-packages/airflow/example_dags/example_subdag_operator.py took 0.124 seconds
[2024-11-18T16:56:20.114+0300] {processor.py:186} INFO - Started process (PID=263) to work on /home/airflow/.local/lib/python3.12/site-packages/airflow/example_dags/example_subdag_operator.py
[2024-11-18T16:56:20.116+0300] {processor.py:914} INFO - Processing file /home/airflow/.local/lib/python3.12/site-packages/airflow/example_dags/example_subdag_operator.py for tasks to queue
[2024-11-18T16:56:20.120+0300] {logging_mixin.py:190} INFO - [2024-11-18T16:56:20.119+0300] {dagbag.py:588} INFO - Filling up the DagBag from /home/airflow/.local/lib/python3.12/site-packages/airflow/example_dags/example_subdag_operator.py
[2024-11-18T16:56:20.142+0300] {processor.py:925} INFO - DAG(s) 'example_subdag_operator.section-1', 'example_subdag_operator.section-2', 'example_subdag_operator' retrieved from /home/airflow/.local/lib/python3.12/site-packages/airflow/example_dags/example_subdag_operator.py
[2024-11-18T16:56:20.157+0300] {logging_mixin.py:190} INFO - [2024-11-18T16:56:20.157+0300] {dag.py:3239} INFO - Sync 3 DAGs
[2024-11-18T16:56:20.174+0300] {logging_mixin.py:190} INFO - [2024-11-18T16:56:20.174+0300] {dag.py:4180} INFO - Setting next_dagrun for example_subdag_operator to 2022-01-01 00:00:00+00:00, run_after=2022-01-01 00:00:00+00:00
[2024-11-18T16:56:20.177+0300] {logging_mixin.py:190} INFO - [2024-11-18T16:56:20.177+0300] {dag.py:4180} INFO - Setting next_dagrun for example_subdag_operator.section-1 to None, run_after=None
[2024-11-18T16:56:20.179+0300] {logging_mixin.py:190} INFO - [2024-11-18T16:56:20.178+0300] {dag.py:4180} INFO - Setting next_dagrun for example_subdag_operator.section-2 to None, run_after=None
[2024-11-18T16:56:20.183+0300] {logging_mixin.py:190} INFO - [2024-11-18T16:56:20.183+0300] {dag.py:3239} INFO - Sync 2 DAGs
[2024-11-18T16:56:20.188+0300] {logging_mixin.py:190} INFO - [2024-11-18T16:56:20.187+0300] {dag.py:4180} INFO - Setting next_dagrun for example_subdag_operator.section-1 to None, run_after=None
[2024-11-18T16:56:20.188+0300] {logging_mixin.py:190} INFO - [2024-11-18T16:56:20.188+0300] {dag.py:4180} INFO - Setting next_dagrun for example_subdag_operator.section-2 to None, run_after=None
[2024-11-18T16:56:20.201+0300] {processor.py:208} INFO - Processing /home/airflow/.local/lib/python3.12/site-packages/airflow/example_dags/example_subdag_operator.py took 0.091 seconds
[2024-11-18T16:56:50.440+0300] {processor.py:186} INFO - Started process (PID=332) to work on /home/airflow/.local/lib/python3.12/site-packages/airflow/example_dags/example_subdag_operator.py
[2024-11-18T16:56:50.441+0300] {processor.py:914} INFO - Processing file /home/airflow/.local/lib/python3.12/site-packages/airflow/example_dags/example_subdag_operator.py for tasks to queue
[2024-11-18T16:56:50.443+0300] {logging_mixin.py:190} INFO - [2024-11-18T16:56:50.443+0300] {dagbag.py:588} INFO - Filling up the DagBag from /home/airflow/.local/lib/python3.12/site-packages/airflow/example_dags/example_subdag_operator.py
[2024-11-18T16:56:50.465+0300] {processor.py:925} INFO - DAG(s) 'example_subdag_operator.section-1', 'example_subdag_operator.section-2', 'example_subdag_operator' retrieved from /home/airflow/.local/lib/python3.12/site-packages/airflow/example_dags/example_subdag_operator.py
[2024-11-18T16:56:50.478+0300] {logging_mixin.py:190} INFO - [2024-11-18T16:56:50.477+0300] {dag.py:3239} INFO - Sync 3 DAGs
[2024-11-18T16:56:50.496+0300] {logging_mixin.py:190} INFO - [2024-11-18T16:56:50.496+0300] {dag.py:4180} INFO - Setting next_dagrun for example_subdag_operator to 2022-01-01 00:00:00+00:00, run_after=2022-01-01 00:00:00+00:00
[2024-11-18T16:56:50.506+0300] {logging_mixin.py:190} INFO - [2024-11-18T16:56:50.506+0300] {dag.py:4180} INFO - Setting next_dagrun for example_subdag_operator.section-1 to None, run_after=None
[2024-11-18T16:56:50.509+0300] {logging_mixin.py:190} INFO - [2024-11-18T16:56:50.508+0300] {dag.py:4180} INFO - Setting next_dagrun for example_subdag_operator.section-2 to None, run_after=None
[2024-11-18T16:56:50.523+0300] {logging_mixin.py:190} INFO - [2024-11-18T16:56:50.522+0300] {dag.py:3239} INFO - Sync 2 DAGs
[2024-11-18T16:56:50.528+0300] {logging_mixin.py:190} INFO - [2024-11-18T16:56:50.528+0300] {dag.py:4180} INFO - Setting next_dagrun for example_subdag_operator.section-1 to None, run_after=None
[2024-11-18T16:56:50.529+0300] {logging_mixin.py:190} INFO - [2024-11-18T16:56:50.529+0300] {dag.py:4180} INFO - Setting next_dagrun for example_subdag_operator.section-2 to None, run_after=None
[2024-11-18T16:56:50.540+0300] {processor.py:208} INFO - Processing /home/airflow/.local/lib/python3.12/site-packages/airflow/example_dags/example_subdag_operator.py took 0.105 seconds
[2024-11-18T16:57:21.129+0300] {processor.py:186} INFO - Started process (PID=401) to work on /home/airflow/.local/lib/python3.12/site-packages/airflow/example_dags/example_subdag_operator.py
[2024-11-18T16:57:21.130+0300] {processor.py:914} INFO - Processing file /home/airflow/.local/lib/python3.12/site-packages/airflow/example_dags/example_subdag_operator.py for tasks to queue
[2024-11-18T16:57:21.133+0300] {logging_mixin.py:190} INFO - [2024-11-18T16:57:21.132+0300] {dagbag.py:588} INFO - Filling up the DagBag from /home/airflow/.local/lib/python3.12/site-packages/airflow/example_dags/example_subdag_operator.py
[2024-11-18T16:57:21.157+0300] {processor.py:925} INFO - DAG(s) 'example_subdag_operator.section-1', 'example_subdag_operator.section-2', 'example_subdag_operator' retrieved from /home/airflow/.local/lib/python3.12/site-packages/airflow/example_dags/example_subdag_operator.py
[2024-11-18T16:57:21.170+0300] {logging_mixin.py:190} INFO - [2024-11-18T16:57:21.170+0300] {dag.py:3239} INFO - Sync 3 DAGs
[2024-11-18T16:57:21.189+0300] {logging_mixin.py:190} INFO - [2024-11-18T16:57:21.189+0300] {dag.py:4180} INFO - Setting next_dagrun for example_subdag_operator to 2022-01-01 00:00:00+00:00, run_after=2022-01-01 00:00:00+00:00
[2024-11-18T16:57:21.193+0300] {logging_mixin.py:190} INFO - [2024-11-18T16:57:21.193+0300] {dag.py:4180} INFO - Setting next_dagrun for example_subdag_operator.section-1 to None, run_after=None
[2024-11-18T16:57:21.194+0300] {logging_mixin.py:190} INFO - [2024-11-18T16:57:21.194+0300] {dag.py:4180} INFO - Setting next_dagrun for example_subdag_operator.section-2 to None, run_after=None
[2024-11-18T16:57:21.202+0300] {logging_mixin.py:190} INFO - [2024-11-18T16:57:21.202+0300] {dag.py:3239} INFO - Sync 2 DAGs
[2024-11-18T16:57:21.207+0300] {logging_mixin.py:190} INFO - [2024-11-18T16:57:21.207+0300] {dag.py:4180} INFO - Setting next_dagrun for example_subdag_operator.section-1 to None, run_after=None
[2024-11-18T16:57:21.208+0300] {logging_mixin.py:190} INFO - [2024-11-18T16:57:21.207+0300] {dag.py:4180} INFO - Setting next_dagrun for example_subdag_operator.section-2 to None, run_after=None
[2024-11-18T16:57:21.217+0300] {processor.py:208} INFO - Processing /home/airflow/.local/lib/python3.12/site-packages/airflow/example_dags/example_subdag_operator.py took 0.092 seconds
[2024-11-18T16:57:52.020+0300] {processor.py:186} INFO - Started process (PID=470) to work on /home/airflow/.local/lib/python3.12/site-packages/airflow/example_dags/example_subdag_operator.py
[2024-11-18T16:57:52.021+0300] {processor.py:914} INFO - Processing file /home/airflow/.local/lib/python3.12/site-packages/airflow/example_dags/example_subdag_operator.py for tasks to queue
[2024-11-18T16:57:52.023+0300] {logging_mixin.py:190} INFO - [2024-11-18T16:57:52.023+0300] {dagbag.py:588} INFO - Filling up the DagBag from /home/airflow/.local/lib/python3.12/site-packages/airflow/example_dags/example_subdag_operator.py
[2024-11-18T16:57:52.044+0300] {processor.py:925} INFO - DAG(s) 'example_subdag_operator.section-1', 'example_subdag_operator.section-2', 'example_subdag_operator' retrieved from /home/airflow/.local/lib/python3.12/site-packages/airflow/example_dags/example_subdag_operator.py
[2024-11-18T16:57:52.056+0300] {logging_mixin.py:190} INFO - [2024-11-18T16:57:52.055+0300] {dag.py:3239} INFO - Sync 3 DAGs
[2024-11-18T16:57:52.071+0300] {logging_mixin.py:190} INFO - [2024-11-18T16:57:52.071+0300] {dag.py:4180} INFO - Setting next_dagrun for example_subdag_operator to 2022-01-01 00:00:00+00:00, run_after=2022-01-01 00:00:00+00:00
[2024-11-18T16:57:52.075+0300] {logging_mixin.py:190} INFO - [2024-11-18T16:57:52.075+0300] {dag.py:4180} INFO - Setting next_dagrun for example_subdag_operator.section-1 to None, run_after=None
[2024-11-18T16:57:52.077+0300] {logging_mixin.py:190} INFO - [2024-11-18T16:57:52.076+0300] {dag.py:4180} INFO - Setting next_dagrun for example_subdag_operator.section-2 to None, run_after=None
[2024-11-18T16:57:52.083+0300] {logging_mixin.py:190} INFO - [2024-11-18T16:57:52.083+0300] {dag.py:3239} INFO - Sync 2 DAGs
[2024-11-18T16:57:52.088+0300] {logging_mixin.py:190} INFO - [2024-11-18T16:57:52.087+0300] {dag.py:4180} INFO - Setting next_dagrun for example_subdag_operator.section-1 to None, run_after=None
[2024-11-18T16:57:52.089+0300] {logging_mixin.py:190} INFO - [2024-11-18T16:57:52.089+0300] {dag.py:4180} INFO - Setting next_dagrun for example_subdag_operator.section-2 to None, run_after=None
[2024-11-18T16:57:52.114+0300] {processor.py:208} INFO - Processing /home/airflow/.local/lib/python3.12/site-packages/airflow/example_dags/example_subdag_operator.py took 0.100 seconds
[2024-11-18T16:58:22.552+0300] {processor.py:186} INFO - Started process (PID=539) to work on /home/airflow/.local/lib/python3.12/site-packages/airflow/example_dags/example_subdag_operator.py
[2024-11-18T16:58:22.554+0300] {processor.py:914} INFO - Processing file /home/airflow/.local/lib/python3.12/site-packages/airflow/example_dags/example_subdag_operator.py for tasks to queue
[2024-11-18T16:58:22.556+0300] {logging_mixin.py:190} INFO - [2024-11-18T16:58:22.556+0300] {dagbag.py:588} INFO - Filling up the DagBag from /home/airflow/.local/lib/python3.12/site-packages/airflow/example_dags/example_subdag_operator.py
[2024-11-18T16:58:22.578+0300] {processor.py:925} INFO - DAG(s) 'example_subdag_operator.section-1', 'example_subdag_operator.section-2', 'example_subdag_operator' retrieved from /home/airflow/.local/lib/python3.12/site-packages/airflow/example_dags/example_subdag_operator.py
[2024-11-18T16:58:22.591+0300] {logging_mixin.py:190} INFO - [2024-11-18T16:58:22.590+0300] {dag.py:3239} INFO - Sync 3 DAGs
[2024-11-18T16:58:22.611+0300] {logging_mixin.py:190} INFO - [2024-11-18T16:58:22.611+0300] {dag.py:4180} INFO - Setting next_dagrun for example_subdag_operator to 2022-01-01 00:00:00+00:00, run_after=2022-01-01 00:00:00+00:00
[2024-11-18T16:58:22.615+0300] {logging_mixin.py:190} INFO - [2024-11-18T16:58:22.614+0300] {dag.py:4180} INFO - Setting next_dagrun for example_subdag_operator.section-1 to None, run_after=None
[2024-11-18T16:58:22.617+0300] {logging_mixin.py:190} INFO - [2024-11-18T16:58:22.617+0300] {dag.py:4180} INFO - Setting next_dagrun for example_subdag_operator.section-2 to None, run_after=None
[2024-11-18T16:58:22.623+0300] {logging_mixin.py:190} INFO - [2024-11-18T16:58:22.623+0300] {dag.py:3239} INFO - Sync 2 DAGs
[2024-11-18T16:58:22.628+0300] {logging_mixin.py:190} INFO - [2024-11-18T16:58:22.628+0300] {dag.py:4180} INFO - Setting next_dagrun for example_subdag_operator.section-1 to None, run_after=None
[2024-11-18T16:58:22.629+0300] {logging_mixin.py:190} INFO - [2024-11-18T16:58:22.629+0300] {dag.py:4180} INFO - Setting next_dagrun for example_subdag_operator.section-2 to None, run_after=None
[2024-11-18T16:58:22.643+0300] {processor.py:208} INFO - Processing /home/airflow/.local/lib/python3.12/site-packages/airflow/example_dags/example_subdag_operator.py took 0.095 seconds
[2024-11-18T16:58:53.430+0300] {processor.py:186} INFO - Started process (PID=607) to work on /home/airflow/.local/lib/python3.12/site-packages/airflow/example_dags/example_subdag_operator.py
[2024-11-18T16:58:53.431+0300] {processor.py:914} INFO - Processing file /home/airflow/.local/lib/python3.12/site-packages/airflow/example_dags/example_subdag_operator.py for tasks to queue
[2024-11-18T16:58:53.434+0300] {logging_mixin.py:190} INFO - [2024-11-18T16:58:53.433+0300] {dagbag.py:588} INFO - Filling up the DagBag from /home/airflow/.local/lib/python3.12/site-packages/airflow/example_dags/example_subdag_operator.py
[2024-11-18T16:58:53.457+0300] {processor.py:925} INFO - DAG(s) 'example_subdag_operator.section-1', 'example_subdag_operator.section-2', 'example_subdag_operator' retrieved from /home/airflow/.local/lib/python3.12/site-packages/airflow/example_dags/example_subdag_operator.py
[2024-11-18T16:58:53.471+0300] {logging_mixin.py:190} INFO - [2024-11-18T16:58:53.471+0300] {dag.py:3239} INFO - Sync 3 DAGs
[2024-11-18T16:58:53.496+0300] {logging_mixin.py:190} INFO - [2024-11-18T16:58:53.496+0300] {dag.py:4180} INFO - Setting next_dagrun for example_subdag_operator to 2022-01-01 00:00:00+00:00, run_after=2022-01-01 00:00:00+00:00
[2024-11-18T16:58:53.500+0300] {logging_mixin.py:190} INFO - [2024-11-18T16:58:53.500+0300] {dag.py:4180} INFO - Setting next_dagrun for example_subdag_operator.section-1 to None, run_after=None
[2024-11-18T16:58:53.503+0300] {logging_mixin.py:190} INFO - [2024-11-18T16:58:53.503+0300] {dag.py:4180} INFO - Setting next_dagrun for example_subdag_operator.section-2 to None, run_after=None
[2024-11-18T16:58:53.511+0300] {logging_mixin.py:190} INFO - [2024-11-18T16:58:53.510+0300] {dag.py:3239} INFO - Sync 2 DAGs
[2024-11-18T16:58:53.516+0300] {logging_mixin.py:190} INFO - [2024-11-18T16:58:53.516+0300] {dag.py:4180} INFO - Setting next_dagrun for example_subdag_operator.section-1 to None, run_after=None
[2024-11-18T16:58:53.517+0300] {logging_mixin.py:190} INFO - [2024-11-18T16:58:53.517+0300] {dag.py:4180} INFO - Setting next_dagrun for example_subdag_operator.section-2 to None, run_after=None
[2024-11-18T16:58:53.526+0300] {processor.py:208} INFO - Processing /home/airflow/.local/lib/python3.12/site-packages/airflow/example_dags/example_subdag_operator.py took 0.101 seconds
