[2024-11-18T16:55:23.542+0300] {processor.py:186} INFO - Started process (PID=128) to work on /home/airflow/.local/lib/python3.12/site-packages/airflow/example_dags/example_xcomargs.py
[2024-11-18T16:55:23.544+0300] {processor.py:914} INFO - Processing file /home/airflow/.local/lib/python3.12/site-packages/airflow/example_dags/example_xcomargs.py for tasks to queue
[2024-11-18T16:55:23.550+0300] {logging_mixin.py:190} INFO - [2024-11-18T16:55:23.549+0300] {dagbag.py:588} INFO - Filling up the DagBag from /home/airflow/.local/lib/python3.12/site-packages/airflow/example_dags/example_xcomargs.py
[2024-11-18T16:55:23.570+0300] {processor.py:925} INFO - DAG(s) 'example_xcom_args', 'example_xcom_args_with_operators' retrieved from /home/airflow/.local/lib/python3.12/site-packages/airflow/example_dags/example_xcomargs.py
[2024-11-18T16:55:23.612+0300] {logging_mixin.py:190} INFO - [2024-11-18T16:55:23.612+0300] {dag.py:3239} INFO - Sync 2 DAGs
[2024-11-18T16:55:23.644+0300] {logging_mixin.py:190} INFO - [2024-11-18T16:55:23.644+0300] {dag.py:4180} INFO - Setting next_dagrun for example_xcom_args to None, run_after=None
[2024-11-18T16:55:23.652+0300] {logging_mixin.py:190} INFO - [2024-11-18T16:55:23.652+0300] {dag.py:4180} INFO - Setting next_dagrun for example_xcom_args_with_operators to None, run_after=None
[2024-11-18T16:55:23.691+0300] {processor.py:208} INFO - Processing /home/airflow/.local/lib/python3.12/site-packages/airflow/example_dags/example_xcomargs.py took 0.159 seconds
[2024-11-18T16:55:54.136+0300] {processor.py:186} INFO - Started process (PID=213) to work on /home/airflow/.local/lib/python3.12/site-packages/airflow/example_dags/example_xcomargs.py
[2024-11-18T16:55:54.137+0300] {processor.py:914} INFO - Processing file /home/airflow/.local/lib/python3.12/site-packages/airflow/example_dags/example_xcomargs.py for tasks to queue
[2024-11-18T16:55:54.139+0300] {logging_mixin.py:190} INFO - [2024-11-18T16:55:54.139+0300] {dagbag.py:588} INFO - Filling up the DagBag from /home/airflow/.local/lib/python3.12/site-packages/airflow/example_dags/example_xcomargs.py
[2024-11-18T16:55:54.148+0300] {processor.py:925} INFO - DAG(s) 'example_xcom_args_with_operators', 'example_xcom_args' retrieved from /home/airflow/.local/lib/python3.12/site-packages/airflow/example_dags/example_xcomargs.py
[2024-11-18T16:55:54.168+0300] {logging_mixin.py:190} INFO - [2024-11-18T16:55:54.168+0300] {dag.py:3239} INFO - Sync 2 DAGs
[2024-11-18T16:55:54.179+0300] {logging_mixin.py:190} INFO - [2024-11-18T16:55:54.179+0300] {dag.py:4180} INFO - Setting next_dagrun for example_xcom_args to None, run_after=None
[2024-11-18T16:55:54.183+0300] {logging_mixin.py:190} INFO - [2024-11-18T16:55:54.183+0300] {dag.py:4180} INFO - Setting next_dagrun for example_xcom_args_with_operators to None, run_after=None
[2024-11-18T16:55:54.198+0300] {processor.py:208} INFO - Processing /home/airflow/.local/lib/python3.12/site-packages/airflow/example_dags/example_xcomargs.py took 0.068 seconds
[2024-11-18T16:56:24.639+0300] {processor.py:186} INFO - Started process (PID=284) to work on /home/airflow/.local/lib/python3.12/site-packages/airflow/example_dags/example_xcomargs.py
[2024-11-18T16:56:24.640+0300] {processor.py:914} INFO - Processing file /home/airflow/.local/lib/python3.12/site-packages/airflow/example_dags/example_xcomargs.py for tasks to queue
[2024-11-18T16:56:24.642+0300] {logging_mixin.py:190} INFO - [2024-11-18T16:56:24.642+0300] {dagbag.py:588} INFO - Filling up the DagBag from /home/airflow/.local/lib/python3.12/site-packages/airflow/example_dags/example_xcomargs.py
[2024-11-18T16:56:24.653+0300] {processor.py:925} INFO - DAG(s) 'example_xcom_args_with_operators', 'example_xcom_args' retrieved from /home/airflow/.local/lib/python3.12/site-packages/airflow/example_dags/example_xcomargs.py
[2024-11-18T16:56:24.673+0300] {logging_mixin.py:190} INFO - [2024-11-18T16:56:24.673+0300] {dag.py:3239} INFO - Sync 2 DAGs
[2024-11-18T16:56:24.686+0300] {logging_mixin.py:190} INFO - [2024-11-18T16:56:24.685+0300] {dag.py:4180} INFO - Setting next_dagrun for example_xcom_args to None, run_after=None
[2024-11-18T16:56:24.690+0300] {logging_mixin.py:190} INFO - [2024-11-18T16:56:24.689+0300] {dag.py:4180} INFO - Setting next_dagrun for example_xcom_args_with_operators to None, run_after=None
[2024-11-18T16:56:24.705+0300] {processor.py:208} INFO - Processing /home/airflow/.local/lib/python3.12/site-packages/airflow/example_dags/example_xcomargs.py took 0.071 seconds
[2024-11-18T16:56:55.023+0300] {processor.py:186} INFO - Started process (PID=353) to work on /home/airflow/.local/lib/python3.12/site-packages/airflow/example_dags/example_xcomargs.py
[2024-11-18T16:56:55.025+0300] {processor.py:914} INFO - Processing file /home/airflow/.local/lib/python3.12/site-packages/airflow/example_dags/example_xcomargs.py for tasks to queue
[2024-11-18T16:56:55.027+0300] {logging_mixin.py:190} INFO - [2024-11-18T16:56:55.027+0300] {dagbag.py:588} INFO - Filling up the DagBag from /home/airflow/.local/lib/python3.12/site-packages/airflow/example_dags/example_xcomargs.py
[2024-11-18T16:56:55.039+0300] {processor.py:925} INFO - DAG(s) 'example_xcom_args_with_operators', 'example_xcom_args' retrieved from /home/airflow/.local/lib/python3.12/site-packages/airflow/example_dags/example_xcomargs.py
[2024-11-18T16:56:55.060+0300] {logging_mixin.py:190} INFO - [2024-11-18T16:56:55.059+0300] {dag.py:3239} INFO - Sync 2 DAGs
[2024-11-18T16:56:55.076+0300] {logging_mixin.py:190} INFO - [2024-11-18T16:56:55.076+0300] {dag.py:4180} INFO - Setting next_dagrun for example_xcom_args to None, run_after=None
[2024-11-18T16:56:55.081+0300] {logging_mixin.py:190} INFO - [2024-11-18T16:56:55.080+0300] {dag.py:4180} INFO - Setting next_dagrun for example_xcom_args_with_operators to None, run_after=None
[2024-11-18T16:56:55.099+0300] {processor.py:208} INFO - Processing /home/airflow/.local/lib/python3.12/site-packages/airflow/example_dags/example_xcomargs.py took 0.082 seconds
[2024-11-18T16:57:25.498+0300] {processor.py:186} INFO - Started process (PID=422) to work on /home/airflow/.local/lib/python3.12/site-packages/airflow/example_dags/example_xcomargs.py
[2024-11-18T16:57:25.500+0300] {processor.py:914} INFO - Processing file /home/airflow/.local/lib/python3.12/site-packages/airflow/example_dags/example_xcomargs.py for tasks to queue
[2024-11-18T16:57:25.503+0300] {logging_mixin.py:190} INFO - [2024-11-18T16:57:25.503+0300] {dagbag.py:588} INFO - Filling up the DagBag from /home/airflow/.local/lib/python3.12/site-packages/airflow/example_dags/example_xcomargs.py
[2024-11-18T16:57:25.514+0300] {processor.py:925} INFO - DAG(s) 'example_xcom_args_with_operators', 'example_xcom_args' retrieved from /home/airflow/.local/lib/python3.12/site-packages/airflow/example_dags/example_xcomargs.py
[2024-11-18T16:57:25.541+0300] {logging_mixin.py:190} INFO - [2024-11-18T16:57:25.541+0300] {dag.py:3239} INFO - Sync 2 DAGs
[2024-11-18T16:57:25.554+0300] {logging_mixin.py:190} INFO - [2024-11-18T16:57:25.554+0300] {dag.py:4180} INFO - Setting next_dagrun for example_xcom_args to None, run_after=None
[2024-11-18T16:57:25.559+0300] {logging_mixin.py:190} INFO - [2024-11-18T16:57:25.558+0300] {dag.py:4180} INFO - Setting next_dagrun for example_xcom_args_with_operators to None, run_after=None
[2024-11-18T16:57:25.577+0300] {processor.py:208} INFO - Processing /home/airflow/.local/lib/python3.12/site-packages/airflow/example_dags/example_xcomargs.py took 0.084 seconds
[2024-11-18T16:57:56.616+0300] {processor.py:186} INFO - Started process (PID=491) to work on /home/airflow/.local/lib/python3.12/site-packages/airflow/example_dags/example_xcomargs.py
[2024-11-18T16:57:56.618+0300] {processor.py:914} INFO - Processing file /home/airflow/.local/lib/python3.12/site-packages/airflow/example_dags/example_xcomargs.py for tasks to queue
[2024-11-18T16:57:56.620+0300] {logging_mixin.py:190} INFO - [2024-11-18T16:57:56.620+0300] {dagbag.py:588} INFO - Filling up the DagBag from /home/airflow/.local/lib/python3.12/site-packages/airflow/example_dags/example_xcomargs.py
[2024-11-18T16:57:56.632+0300] {processor.py:925} INFO - DAG(s) 'example_xcom_args_with_operators', 'example_xcom_args' retrieved from /home/airflow/.local/lib/python3.12/site-packages/airflow/example_dags/example_xcomargs.py
[2024-11-18T16:57:56.652+0300] {logging_mixin.py:190} INFO - [2024-11-18T16:57:56.652+0300] {dag.py:3239} INFO - Sync 2 DAGs
[2024-11-18T16:57:56.666+0300] {logging_mixin.py:190} INFO - [2024-11-18T16:57:56.666+0300] {dag.py:4180} INFO - Setting next_dagrun for example_xcom_args to None, run_after=None
[2024-11-18T16:57:56.670+0300] {logging_mixin.py:190} INFO - [2024-11-18T16:57:56.670+0300] {dag.py:4180} INFO - Setting next_dagrun for example_xcom_args_with_operators to None, run_after=None
[2024-11-18T16:57:56.687+0300] {processor.py:208} INFO - Processing /home/airflow/.local/lib/python3.12/site-packages/airflow/example_dags/example_xcomargs.py took 0.075 seconds
[2024-11-18T16:58:27.163+0300] {processor.py:186} INFO - Started process (PID=560) to work on /home/airflow/.local/lib/python3.12/site-packages/airflow/example_dags/example_xcomargs.py
[2024-11-18T16:58:27.164+0300] {processor.py:914} INFO - Processing file /home/airflow/.local/lib/python3.12/site-packages/airflow/example_dags/example_xcomargs.py for tasks to queue
[2024-11-18T16:58:27.166+0300] {logging_mixin.py:190} INFO - [2024-11-18T16:58:27.166+0300] {dagbag.py:588} INFO - Filling up the DagBag from /home/airflow/.local/lib/python3.12/site-packages/airflow/example_dags/example_xcomargs.py
[2024-11-18T16:58:27.175+0300] {processor.py:925} INFO - DAG(s) 'example_xcom_args', 'example_xcom_args_with_operators' retrieved from /home/airflow/.local/lib/python3.12/site-packages/airflow/example_dags/example_xcomargs.py
[2024-11-18T16:58:27.196+0300] {logging_mixin.py:190} INFO - [2024-11-18T16:58:27.196+0300] {dag.py:3239} INFO - Sync 2 DAGs
[2024-11-18T16:58:27.208+0300] {logging_mixin.py:190} INFO - [2024-11-18T16:58:27.208+0300] {dag.py:4180} INFO - Setting next_dagrun for example_xcom_args to None, run_after=None
[2024-11-18T16:58:27.213+0300] {logging_mixin.py:190} INFO - [2024-11-18T16:58:27.213+0300] {dag.py:4180} INFO - Setting next_dagrun for example_xcom_args_with_operators to None, run_after=None
[2024-11-18T16:58:27.230+0300] {processor.py:208} INFO - Processing /home/airflow/.local/lib/python3.12/site-packages/airflow/example_dags/example_xcomargs.py took 0.072 seconds
[2024-11-18T16:58:58.101+0300] {processor.py:186} INFO - Started process (PID=628) to work on /home/airflow/.local/lib/python3.12/site-packages/airflow/example_dags/example_xcomargs.py
[2024-11-18T16:58:58.102+0300] {processor.py:914} INFO - Processing file /home/airflow/.local/lib/python3.12/site-packages/airflow/example_dags/example_xcomargs.py for tasks to queue
[2024-11-18T16:58:58.105+0300] {logging_mixin.py:190} INFO - [2024-11-18T16:58:58.104+0300] {dagbag.py:588} INFO - Filling up the DagBag from /home/airflow/.local/lib/python3.12/site-packages/airflow/example_dags/example_xcomargs.py
[2024-11-18T16:58:58.115+0300] {processor.py:925} INFO - DAG(s) 'example_xcom_args', 'example_xcom_args_with_operators' retrieved from /home/airflow/.local/lib/python3.12/site-packages/airflow/example_dags/example_xcomargs.py
[2024-11-18T16:58:58.135+0300] {logging_mixin.py:190} INFO - [2024-11-18T16:58:58.135+0300] {dag.py:3239} INFO - Sync 2 DAGs
[2024-11-18T16:58:58.149+0300] {logging_mixin.py:190} INFO - [2024-11-18T16:58:58.149+0300] {dag.py:4180} INFO - Setting next_dagrun for example_xcom_args to None, run_after=None
[2024-11-18T16:58:58.153+0300] {logging_mixin.py:190} INFO - [2024-11-18T16:58:58.152+0300] {dag.py:4180} INFO - Setting next_dagrun for example_xcom_args_with_operators to None, run_after=None
[2024-11-18T16:58:58.167+0300] {processor.py:208} INFO - Processing /home/airflow/.local/lib/python3.12/site-packages/airflow/example_dags/example_xcomargs.py took 0.071 seconds
