[2024-11-18T16:55:23.584+0300] {processor.py:186} INFO - Started process (PID=129) to work on /home/airflow/.local/lib/python3.12/site-packages/airflow/example_dags/example_inlet_event_extra.py
[2024-11-18T16:55:23.586+0300] {processor.py:914} INFO - Processing file /home/airflow/.local/lib/python3.12/site-packages/airflow/example_dags/example_inlet_event_extra.py for tasks to queue
[2024-11-18T16:55:23.591+0300] {logging_mixin.py:190} INFO - [2024-11-18T16:55:23.590+0300] {dagbag.py:588} INFO - Filling up the DagBag from /home/airflow/.local/lib/python3.12/site-packages/airflow/example_dags/example_inlet_event_extra.py
[2024-11-18T16:55:23.911+0300] {processor.py:925} INFO - DAG(s) 'read_dataset_event', 'read_dataset_event_from_classic' retrieved from /home/airflow/.local/lib/python3.12/site-packages/airflow/example_dags/example_inlet_event_extra.py
[2024-11-18T16:55:23.958+0300] {logging_mixin.py:190} INFO - [2024-11-18T16:55:23.957+0300] {dag.py:3239} INFO - Sync 2 DAGs
[2024-11-18T16:55:24.022+0300] {logging_mixin.py:190} INFO - [2024-11-18T16:55:24.022+0300] {dag.py:4180} INFO - Setting next_dagrun for read_dataset_event to 2024-11-17 00:00:00+00:00, run_after=2024-11-18 00:00:00+00:00
[2024-11-18T16:55:24.037+0300] {logging_mixin.py:190} INFO - [2024-11-18T16:55:24.037+0300] {dag.py:4180} INFO - Setting next_dagrun for read_dataset_event_from_classic to 2024-11-17 00:00:00+00:00, run_after=2024-11-18 00:00:00+00:00
[2024-11-18T16:55:24.090+0300] {processor.py:208} INFO - Processing /home/airflow/.local/lib/python3.12/site-packages/airflow/example_dags/example_inlet_event_extra.py took 0.515 seconds
[2024-11-18T16:55:54.147+0300] {processor.py:186} INFO - Started process (PID=214) to work on /home/airflow/.local/lib/python3.12/site-packages/airflow/example_dags/example_inlet_event_extra.py
[2024-11-18T16:55:54.148+0300] {processor.py:914} INFO - Processing file /home/airflow/.local/lib/python3.12/site-packages/airflow/example_dags/example_inlet_event_extra.py for tasks to queue
[2024-11-18T16:55:54.150+0300] {logging_mixin.py:190} INFO - [2024-11-18T16:55:54.150+0300] {dagbag.py:588} INFO - Filling up the DagBag from /home/airflow/.local/lib/python3.12/site-packages/airflow/example_dags/example_inlet_event_extra.py
[2024-11-18T16:55:54.275+0300] {processor.py:925} INFO - DAG(s) 'read_dataset_event_from_classic', 'read_dataset_event' retrieved from /home/airflow/.local/lib/python3.12/site-packages/airflow/example_dags/example_inlet_event_extra.py
[2024-11-18T16:55:54.293+0300] {logging_mixin.py:190} INFO - [2024-11-18T16:55:54.293+0300] {dag.py:3239} INFO - Sync 2 DAGs
[2024-11-18T16:55:54.319+0300] {logging_mixin.py:190} INFO - [2024-11-18T16:55:54.318+0300] {dag.py:4180} INFO - Setting next_dagrun for read_dataset_event to 2024-11-17 00:00:00+00:00, run_after=2024-11-18 00:00:00+00:00
[2024-11-18T16:55:54.323+0300] {logging_mixin.py:190} INFO - [2024-11-18T16:55:54.323+0300] {dag.py:4180} INFO - Setting next_dagrun for read_dataset_event_from_classic to 2024-11-17 00:00:00+00:00, run_after=2024-11-18 00:00:00+00:00
[2024-11-18T16:55:54.338+0300] {processor.py:208} INFO - Processing /home/airflow/.local/lib/python3.12/site-packages/airflow/example_dags/example_inlet_event_extra.py took 0.196 seconds
[2024-11-18T16:56:24.666+0300] {processor.py:186} INFO - Started process (PID=285) to work on /home/airflow/.local/lib/python3.12/site-packages/airflow/example_dags/example_inlet_event_extra.py
[2024-11-18T16:56:24.667+0300] {processor.py:914} INFO - Processing file /home/airflow/.local/lib/python3.12/site-packages/airflow/example_dags/example_inlet_event_extra.py for tasks to queue
[2024-11-18T16:56:24.669+0300] {logging_mixin.py:190} INFO - [2024-11-18T16:56:24.669+0300] {dagbag.py:588} INFO - Filling up the DagBag from /home/airflow/.local/lib/python3.12/site-packages/airflow/example_dags/example_inlet_event_extra.py
[2024-11-18T16:56:24.788+0300] {processor.py:925} INFO - DAG(s) 'read_dataset_event_from_classic', 'read_dataset_event' retrieved from /home/airflow/.local/lib/python3.12/site-packages/airflow/example_dags/example_inlet_event_extra.py
[2024-11-18T16:56:24.807+0300] {logging_mixin.py:190} INFO - [2024-11-18T16:56:24.807+0300] {dag.py:3239} INFO - Sync 2 DAGs
[2024-11-18T16:56:24.830+0300] {logging_mixin.py:190} INFO - [2024-11-18T16:56:24.830+0300] {dag.py:4180} INFO - Setting next_dagrun for read_dataset_event to 2024-11-17 00:00:00+00:00, run_after=2024-11-18 00:00:00+00:00
[2024-11-18T16:56:24.835+0300] {logging_mixin.py:190} INFO - [2024-11-18T16:56:24.835+0300] {dag.py:4180} INFO - Setting next_dagrun for read_dataset_event_from_classic to 2024-11-17 00:00:00+00:00, run_after=2024-11-18 00:00:00+00:00
[2024-11-18T16:56:24.851+0300] {processor.py:208} INFO - Processing /home/airflow/.local/lib/python3.12/site-packages/airflow/example_dags/example_inlet_event_extra.py took 0.190 seconds
[2024-11-18T16:56:55.064+0300] {processor.py:186} INFO - Started process (PID=354) to work on /home/airflow/.local/lib/python3.12/site-packages/airflow/example_dags/example_inlet_event_extra.py
[2024-11-18T16:56:55.066+0300] {processor.py:914} INFO - Processing file /home/airflow/.local/lib/python3.12/site-packages/airflow/example_dags/example_inlet_event_extra.py for tasks to queue
[2024-11-18T16:56:55.068+0300] {logging_mixin.py:190} INFO - [2024-11-18T16:56:55.067+0300] {dagbag.py:588} INFO - Filling up the DagBag from /home/airflow/.local/lib/python3.12/site-packages/airflow/example_dags/example_inlet_event_extra.py
[2024-11-18T16:56:55.199+0300] {processor.py:925} INFO - DAG(s) 'read_dataset_event_from_classic', 'read_dataset_event' retrieved from /home/airflow/.local/lib/python3.12/site-packages/airflow/example_dags/example_inlet_event_extra.py
[2024-11-18T16:56:55.220+0300] {logging_mixin.py:190} INFO - [2024-11-18T16:56:55.220+0300] {dag.py:3239} INFO - Sync 2 DAGs
[2024-11-18T16:56:55.244+0300] {logging_mixin.py:190} INFO - [2024-11-18T16:56:55.244+0300] {dag.py:4180} INFO - Setting next_dagrun for read_dataset_event to 2024-11-17 00:00:00+00:00, run_after=2024-11-18 00:00:00+00:00
[2024-11-18T16:56:55.250+0300] {logging_mixin.py:190} INFO - [2024-11-18T16:56:55.250+0300] {dag.py:4180} INFO - Setting next_dagrun for read_dataset_event_from_classic to 2024-11-17 00:00:00+00:00, run_after=2024-11-18 00:00:00+00:00
[2024-11-18T16:56:55.268+0300] {processor.py:208} INFO - Processing /home/airflow/.local/lib/python3.12/site-packages/airflow/example_dags/example_inlet_event_extra.py took 0.208 seconds
[2024-11-18T16:57:25.540+0300] {processor.py:186} INFO - Started process (PID=423) to work on /home/airflow/.local/lib/python3.12/site-packages/airflow/example_dags/example_inlet_event_extra.py
[2024-11-18T16:57:25.542+0300] {processor.py:914} INFO - Processing file /home/airflow/.local/lib/python3.12/site-packages/airflow/example_dags/example_inlet_event_extra.py for tasks to queue
[2024-11-18T16:57:25.545+0300] {logging_mixin.py:190} INFO - [2024-11-18T16:57:25.544+0300] {dagbag.py:588} INFO - Filling up the DagBag from /home/airflow/.local/lib/python3.12/site-packages/airflow/example_dags/example_inlet_event_extra.py
[2024-11-18T16:57:25.666+0300] {processor.py:925} INFO - DAG(s) 'read_dataset_event', 'read_dataset_event_from_classic' retrieved from /home/airflow/.local/lib/python3.12/site-packages/airflow/example_dags/example_inlet_event_extra.py
[2024-11-18T16:57:25.686+0300] {logging_mixin.py:190} INFO - [2024-11-18T16:57:25.686+0300] {dag.py:3239} INFO - Sync 2 DAGs
[2024-11-18T16:57:25.706+0300] {logging_mixin.py:190} INFO - [2024-11-18T16:57:25.706+0300] {dag.py:4180} INFO - Setting next_dagrun for read_dataset_event to 2024-11-17 00:00:00+00:00, run_after=2024-11-18 00:00:00+00:00
[2024-11-18T16:57:25.711+0300] {logging_mixin.py:190} INFO - [2024-11-18T16:57:25.711+0300] {dag.py:4180} INFO - Setting next_dagrun for read_dataset_event_from_classic to 2024-11-17 00:00:00+00:00, run_after=2024-11-18 00:00:00+00:00
[2024-11-18T16:57:25.728+0300] {processor.py:208} INFO - Processing /home/airflow/.local/lib/python3.12/site-packages/airflow/example_dags/example_inlet_event_extra.py took 0.193 seconds
[2024-11-18T16:57:56.651+0300] {processor.py:186} INFO - Started process (PID=492) to work on /home/airflow/.local/lib/python3.12/site-packages/airflow/example_dags/example_inlet_event_extra.py
[2024-11-18T16:57:56.653+0300] {processor.py:914} INFO - Processing file /home/airflow/.local/lib/python3.12/site-packages/airflow/example_dags/example_inlet_event_extra.py for tasks to queue
[2024-11-18T16:57:56.655+0300] {logging_mixin.py:190} INFO - [2024-11-18T16:57:56.655+0300] {dagbag.py:588} INFO - Filling up the DagBag from /home/airflow/.local/lib/python3.12/site-packages/airflow/example_dags/example_inlet_event_extra.py
[2024-11-18T16:57:56.779+0300] {processor.py:925} INFO - DAG(s) 'read_dataset_event_from_classic', 'read_dataset_event' retrieved from /home/airflow/.local/lib/python3.12/site-packages/airflow/example_dags/example_inlet_event_extra.py
[2024-11-18T16:57:56.799+0300] {logging_mixin.py:190} INFO - [2024-11-18T16:57:56.799+0300] {dag.py:3239} INFO - Sync 2 DAGs
[2024-11-18T16:57:56.823+0300] {logging_mixin.py:190} INFO - [2024-11-18T16:57:56.823+0300] {dag.py:4180} INFO - Setting next_dagrun for read_dataset_event to 2024-11-17 00:00:00+00:00, run_after=2024-11-18 00:00:00+00:00
[2024-11-18T16:57:56.828+0300] {logging_mixin.py:190} INFO - [2024-11-18T16:57:56.828+0300] {dag.py:4180} INFO - Setting next_dagrun for read_dataset_event_from_classic to 2024-11-17 00:00:00+00:00, run_after=2024-11-18 00:00:00+00:00
[2024-11-18T16:57:56.844+0300] {processor.py:208} INFO - Processing /home/airflow/.local/lib/python3.12/site-packages/airflow/example_dags/example_inlet_event_extra.py took 0.197 seconds
[2024-11-18T16:58:27.196+0300] {processor.py:186} INFO - Started process (PID=561) to work on /home/airflow/.local/lib/python3.12/site-packages/airflow/example_dags/example_inlet_event_extra.py
[2024-11-18T16:58:27.198+0300] {processor.py:914} INFO - Processing file /home/airflow/.local/lib/python3.12/site-packages/airflow/example_dags/example_inlet_event_extra.py for tasks to queue
[2024-11-18T16:58:27.201+0300] {logging_mixin.py:190} INFO - [2024-11-18T16:58:27.200+0300] {dagbag.py:588} INFO - Filling up the DagBag from /home/airflow/.local/lib/python3.12/site-packages/airflow/example_dags/example_inlet_event_extra.py
[2024-11-18T16:58:27.314+0300] {processor.py:925} INFO - DAG(s) 'read_dataset_event_from_classic', 'read_dataset_event' retrieved from /home/airflow/.local/lib/python3.12/site-packages/airflow/example_dags/example_inlet_event_extra.py
[2024-11-18T16:58:27.332+0300] {logging_mixin.py:190} INFO - [2024-11-18T16:58:27.332+0300] {dag.py:3239} INFO - Sync 2 DAGs
[2024-11-18T16:58:27.505+0300] {logging_mixin.py:190} INFO - [2024-11-18T16:58:27.505+0300] {dag.py:4180} INFO - Setting next_dagrun for read_dataset_event to 2024-11-17 00:00:00+00:00, run_after=2024-11-18 00:00:00+00:00
[2024-11-18T16:58:27.511+0300] {logging_mixin.py:190} INFO - [2024-11-18T16:58:27.511+0300] {dag.py:4180} INFO - Setting next_dagrun for read_dataset_event_from_classic to 2024-11-17 00:00:00+00:00, run_after=2024-11-18 00:00:00+00:00
[2024-11-18T16:58:27.529+0300] {processor.py:208} INFO - Processing /home/airflow/.local/lib/python3.12/site-packages/airflow/example_dags/example_inlet_event_extra.py took 0.337 seconds
[2024-11-18T16:58:58.127+0300] {processor.py:186} INFO - Started process (PID=629) to work on /home/airflow/.local/lib/python3.12/site-packages/airflow/example_dags/example_inlet_event_extra.py
[2024-11-18T16:58:58.128+0300] {processor.py:914} INFO - Processing file /home/airflow/.local/lib/python3.12/site-packages/airflow/example_dags/example_inlet_event_extra.py for tasks to queue
[2024-11-18T16:58:58.130+0300] {logging_mixin.py:190} INFO - [2024-11-18T16:58:58.130+0300] {dagbag.py:588} INFO - Filling up the DagBag from /home/airflow/.local/lib/python3.12/site-packages/airflow/example_dags/example_inlet_event_extra.py
[2024-11-18T16:58:58.244+0300] {processor.py:925} INFO - DAG(s) 'read_dataset_event', 'read_dataset_event_from_classic' retrieved from /home/airflow/.local/lib/python3.12/site-packages/airflow/example_dags/example_inlet_event_extra.py
[2024-11-18T16:58:58.264+0300] {logging_mixin.py:190} INFO - [2024-11-18T16:58:58.263+0300] {dag.py:3239} INFO - Sync 2 DAGs
[2024-11-18T16:58:58.283+0300] {logging_mixin.py:190} INFO - [2024-11-18T16:58:58.283+0300] {dag.py:4180} INFO - Setting next_dagrun for read_dataset_event to 2024-11-17 00:00:00+00:00, run_after=2024-11-18 00:00:00+00:00
[2024-11-18T16:58:58.288+0300] {logging_mixin.py:190} INFO - [2024-11-18T16:58:58.287+0300] {dag.py:4180} INFO - Setting next_dagrun for read_dataset_event_from_classic to 2024-11-17 00:00:00+00:00, run_after=2024-11-18 00:00:00+00:00
[2024-11-18T16:58:58.305+0300] {processor.py:208} INFO - Processing /home/airflow/.local/lib/python3.12/site-packages/airflow/example_dags/example_inlet_event_extra.py took 0.183 seconds
