[2024-11-18T16:55:21.196+0300] {processor.py:186} INFO - Started process (PID=114) to work on /home/airflow/.local/lib/python3.12/site-packages/airflow/example_dags/example_sensors.py
[2024-11-18T16:55:21.198+0300] {processor.py:914} INFO - Processing file /home/airflow/.local/lib/python3.12/site-packages/airflow/example_dags/example_sensors.py for tasks to queue
[2024-11-18T16:55:21.204+0300] {logging_mixin.py:190} INFO - [2024-11-18T16:55:21.203+0300] {dagbag.py:588} INFO - Filling up the DagBag from /home/airflow/.local/lib/python3.12/site-packages/airflow/example_dags/example_sensors.py
[2024-11-18T16:55:21.244+0300] {processor.py:925} INFO - DAG(s) 'example_sensors' retrieved from /home/airflow/.local/lib/python3.12/site-packages/airflow/example_dags/example_sensors.py
[2024-11-18T16:55:21.300+0300] {logging_mixin.py:190} INFO - [2024-11-18T16:55:21.299+0300] {dag.py:3239} INFO - Sync 1 DAGs
[2024-11-18T16:55:21.327+0300] {logging_mixin.py:190} INFO - [2024-11-18T16:55:21.327+0300] {dag.py:4180} INFO - Setting next_dagrun for example_sensors to None, run_after=None
[2024-11-18T16:55:21.368+0300] {processor.py:208} INFO - Processing /home/airflow/.local/lib/python3.12/site-packages/airflow/example_dags/example_sensors.py took 0.187 seconds
[2024-11-18T16:55:52.222+0300] {processor.py:186} INFO - Started process (PID=199) to work on /home/airflow/.local/lib/python3.12/site-packages/airflow/example_dags/example_sensors.py
[2024-11-18T16:55:52.223+0300] {processor.py:914} INFO - Processing file /home/airflow/.local/lib/python3.12/site-packages/airflow/example_dags/example_sensors.py for tasks to queue
[2024-11-18T16:55:52.225+0300] {logging_mixin.py:190} INFO - [2024-11-18T16:55:52.225+0300] {dagbag.py:588} INFO - Filling up the DagBag from /home/airflow/.local/lib/python3.12/site-packages/airflow/example_dags/example_sensors.py
[2024-11-18T16:55:52.234+0300] {processor.py:925} INFO - DAG(s) 'example_sensors' retrieved from /home/airflow/.local/lib/python3.12/site-packages/airflow/example_dags/example_sensors.py
[2024-11-18T16:55:52.258+0300] {logging_mixin.py:190} INFO - [2024-11-18T16:55:52.258+0300] {dag.py:3239} INFO - Sync 1 DAGs
[2024-11-18T16:55:52.271+0300] {logging_mixin.py:190} INFO - [2024-11-18T16:55:52.271+0300] {dag.py:4180} INFO - Setting next_dagrun for example_sensors to None, run_after=None
[2024-11-18T16:55:52.287+0300] {processor.py:208} INFO - Processing /home/airflow/.local/lib/python3.12/site-packages/airflow/example_dags/example_sensors.py took 0.069 seconds
[2024-11-18T16:56:22.655+0300] {processor.py:186} INFO - Started process (PID=270) to work on /home/airflow/.local/lib/python3.12/site-packages/airflow/example_dags/example_sensors.py
[2024-11-18T16:56:22.657+0300] {processor.py:914} INFO - Processing file /home/airflow/.local/lib/python3.12/site-packages/airflow/example_dags/example_sensors.py for tasks to queue
[2024-11-18T16:56:22.660+0300] {logging_mixin.py:190} INFO - [2024-11-18T16:56:22.659+0300] {dagbag.py:588} INFO - Filling up the DagBag from /home/airflow/.local/lib/python3.12/site-packages/airflow/example_dags/example_sensors.py
[2024-11-18T16:56:22.668+0300] {processor.py:925} INFO - DAG(s) 'example_sensors' retrieved from /home/airflow/.local/lib/python3.12/site-packages/airflow/example_dags/example_sensors.py
[2024-11-18T16:56:22.696+0300] {logging_mixin.py:190} INFO - [2024-11-18T16:56:22.695+0300] {dag.py:3239} INFO - Sync 1 DAGs
[2024-11-18T16:56:22.711+0300] {logging_mixin.py:190} INFO - [2024-11-18T16:56:22.711+0300] {dag.py:4180} INFO - Setting next_dagrun for example_sensors to None, run_after=None
[2024-11-18T16:56:22.731+0300] {processor.py:208} INFO - Processing /home/airflow/.local/lib/python3.12/site-packages/airflow/example_dags/example_sensors.py took 0.080 seconds
[2024-11-18T16:56:52.899+0300] {processor.py:186} INFO - Started process (PID=339) to work on /home/airflow/.local/lib/python3.12/site-packages/airflow/example_dags/example_sensors.py
[2024-11-18T16:56:52.901+0300] {processor.py:914} INFO - Processing file /home/airflow/.local/lib/python3.12/site-packages/airflow/example_dags/example_sensors.py for tasks to queue
[2024-11-18T16:56:52.904+0300] {logging_mixin.py:190} INFO - [2024-11-18T16:56:52.904+0300] {dagbag.py:588} INFO - Filling up the DagBag from /home/airflow/.local/lib/python3.12/site-packages/airflow/example_dags/example_sensors.py
[2024-11-18T16:56:52.913+0300] {processor.py:925} INFO - DAG(s) 'example_sensors' retrieved from /home/airflow/.local/lib/python3.12/site-packages/airflow/example_dags/example_sensors.py
[2024-11-18T16:56:52.936+0300] {logging_mixin.py:190} INFO - [2024-11-18T16:56:52.936+0300] {dag.py:3239} INFO - Sync 1 DAGs
[2024-11-18T16:56:52.948+0300] {logging_mixin.py:190} INFO - [2024-11-18T16:56:52.947+0300] {dag.py:4180} INFO - Setting next_dagrun for example_sensors to None, run_after=None
[2024-11-18T16:56:52.978+0300] {processor.py:208} INFO - Processing /home/airflow/.local/lib/python3.12/site-packages/airflow/example_dags/example_sensors.py took 0.086 seconds
[2024-11-18T16:57:23.640+0300] {processor.py:186} INFO - Started process (PID=408) to work on /home/airflow/.local/lib/python3.12/site-packages/airflow/example_dags/example_sensors.py
[2024-11-18T16:57:23.641+0300] {processor.py:914} INFO - Processing file /home/airflow/.local/lib/python3.12/site-packages/airflow/example_dags/example_sensors.py for tasks to queue
[2024-11-18T16:57:23.645+0300] {logging_mixin.py:190} INFO - [2024-11-18T16:57:23.644+0300] {dagbag.py:588} INFO - Filling up the DagBag from /home/airflow/.local/lib/python3.12/site-packages/airflow/example_dags/example_sensors.py
[2024-11-18T16:57:23.653+0300] {processor.py:925} INFO - DAG(s) 'example_sensors' retrieved from /home/airflow/.local/lib/python3.12/site-packages/airflow/example_dags/example_sensors.py
[2024-11-18T16:57:23.677+0300] {logging_mixin.py:190} INFO - [2024-11-18T16:57:23.677+0300] {dag.py:3239} INFO - Sync 1 DAGs
[2024-11-18T16:57:23.690+0300] {logging_mixin.py:190} INFO - [2024-11-18T16:57:23.689+0300] {dag.py:4180} INFO - Setting next_dagrun for example_sensors to None, run_after=None
[2024-11-18T16:57:23.706+0300] {processor.py:208} INFO - Processing /home/airflow/.local/lib/python3.12/site-packages/airflow/example_dags/example_sensors.py took 0.072 seconds
[2024-11-18T16:57:54.519+0300] {processor.py:186} INFO - Started process (PID=477) to work on /home/airflow/.local/lib/python3.12/site-packages/airflow/example_dags/example_sensors.py
[2024-11-18T16:57:54.523+0300] {processor.py:914} INFO - Processing file /home/airflow/.local/lib/python3.12/site-packages/airflow/example_dags/example_sensors.py for tasks to queue
[2024-11-18T16:57:54.529+0300] {logging_mixin.py:190} INFO - [2024-11-18T16:57:54.529+0300] {dagbag.py:588} INFO - Filling up the DagBag from /home/airflow/.local/lib/python3.12/site-packages/airflow/example_dags/example_sensors.py
[2024-11-18T16:57:54.546+0300] {processor.py:925} INFO - DAG(s) 'example_sensors' retrieved from /home/airflow/.local/lib/python3.12/site-packages/airflow/example_dags/example_sensors.py
[2024-11-18T16:57:54.575+0300] {logging_mixin.py:190} INFO - [2024-11-18T16:57:54.575+0300] {dag.py:3239} INFO - Sync 1 DAGs
[2024-11-18T16:57:54.587+0300] {logging_mixin.py:190} INFO - [2024-11-18T16:57:54.587+0300] {dag.py:4180} INFO - Setting next_dagrun for example_sensors to None, run_after=None
[2024-11-18T16:57:54.606+0300] {processor.py:208} INFO - Processing /home/airflow/.local/lib/python3.12/site-packages/airflow/example_dags/example_sensors.py took 0.101 seconds
[2024-11-18T16:58:25.238+0300] {processor.py:186} INFO - Started process (PID=546) to work on /home/airflow/.local/lib/python3.12/site-packages/airflow/example_dags/example_sensors.py
[2024-11-18T16:58:25.240+0300] {processor.py:914} INFO - Processing file /home/airflow/.local/lib/python3.12/site-packages/airflow/example_dags/example_sensors.py for tasks to queue
[2024-11-18T16:58:25.245+0300] {logging_mixin.py:190} INFO - [2024-11-18T16:58:25.245+0300] {dagbag.py:588} INFO - Filling up the DagBag from /home/airflow/.local/lib/python3.12/site-packages/airflow/example_dags/example_sensors.py
[2024-11-18T16:58:25.259+0300] {processor.py:925} INFO - DAG(s) 'example_sensors' retrieved from /home/airflow/.local/lib/python3.12/site-packages/airflow/example_dags/example_sensors.py
[2024-11-18T16:58:25.283+0300] {logging_mixin.py:190} INFO - [2024-11-18T16:58:25.282+0300] {dag.py:3239} INFO - Sync 1 DAGs
[2024-11-18T16:58:25.298+0300] {logging_mixin.py:190} INFO - [2024-11-18T16:58:25.298+0300] {dag.py:4180} INFO - Setting next_dagrun for example_sensors to None, run_after=None
[2024-11-18T16:58:25.327+0300] {processor.py:208} INFO - Processing /home/airflow/.local/lib/python3.12/site-packages/airflow/example_dags/example_sensors.py took 0.099 seconds
[2024-11-18T16:58:56.006+0300] {processor.py:186} INFO - Started process (PID=614) to work on /home/airflow/.local/lib/python3.12/site-packages/airflow/example_dags/example_sensors.py
[2024-11-18T16:58:56.008+0300] {processor.py:914} INFO - Processing file /home/airflow/.local/lib/python3.12/site-packages/airflow/example_dags/example_sensors.py for tasks to queue
[2024-11-18T16:58:56.010+0300] {logging_mixin.py:190} INFO - [2024-11-18T16:58:56.010+0300] {dagbag.py:588} INFO - Filling up the DagBag from /home/airflow/.local/lib/python3.12/site-packages/airflow/example_dags/example_sensors.py
[2024-11-18T16:58:56.020+0300] {processor.py:925} INFO - DAG(s) 'example_sensors' retrieved from /home/airflow/.local/lib/python3.12/site-packages/airflow/example_dags/example_sensors.py
[2024-11-18T16:58:56.044+0300] {logging_mixin.py:190} INFO - [2024-11-18T16:58:56.044+0300] {dag.py:3239} INFO - Sync 1 DAGs
[2024-11-18T16:58:56.056+0300] {logging_mixin.py:190} INFO - [2024-11-18T16:58:56.056+0300] {dag.py:4180} INFO - Setting next_dagrun for example_sensors to None, run_after=None
[2024-11-18T16:58:56.087+0300] {processor.py:208} INFO - Processing /home/airflow/.local/lib/python3.12/site-packages/airflow/example_dags/example_sensors.py took 0.086 seconds
