[2024-11-18T16:55:22.686+0300] {processor.py:186} INFO - Started process (PID=123) to work on /home/airflow/.local/lib/python3.12/site-packages/airflow/example_dags/example_latest_only_with_trigger.py
[2024-11-18T16:55:22.688+0300] {processor.py:914} INFO - Processing file /home/airflow/.local/lib/python3.12/site-packages/airflow/example_dags/example_latest_only_with_trigger.py for tasks to queue
[2024-11-18T16:55:22.694+0300] {logging_mixin.py:190} INFO - [2024-11-18T16:55:22.693+0300] {dagbag.py:588} INFO - Filling up the DagBag from /home/airflow/.local/lib/python3.12/site-packages/airflow/example_dags/example_latest_only_with_trigger.py
[2024-11-18T16:55:22.712+0300] {processor.py:925} INFO - DAG(s) 'latest_only_with_trigger' retrieved from /home/airflow/.local/lib/python3.12/site-packages/airflow/example_dags/example_latest_only_with_trigger.py
[2024-11-18T16:55:22.757+0300] {logging_mixin.py:190} INFO - [2024-11-18T16:55:22.756+0300] {dag.py:3239} INFO - Sync 1 DAGs
[2024-11-18T16:55:22.807+0300] {logging_mixin.py:190} INFO - [2024-11-18T16:55:22.806+0300] {dag.py:4180} INFO - Setting next_dagrun for latest_only_with_trigger to 2024-11-18 08:00:00+00:00, run_after=2024-11-18 12:00:00+00:00
[2024-11-18T16:55:22.845+0300] {processor.py:208} INFO - Processing /home/airflow/.local/lib/python3.12/site-packages/airflow/example_dags/example_latest_only_with_trigger.py took 0.172 seconds
[2024-11-18T16:55:53.755+0300] {processor.py:186} INFO - Started process (PID=208) to work on /home/airflow/.local/lib/python3.12/site-packages/airflow/example_dags/example_latest_only_with_trigger.py
[2024-11-18T16:55:53.757+0300] {processor.py:914} INFO - Processing file /home/airflow/.local/lib/python3.12/site-packages/airflow/example_dags/example_latest_only_with_trigger.py for tasks to queue
[2024-11-18T16:55:53.761+0300] {logging_mixin.py:190} INFO - [2024-11-18T16:55:53.760+0300] {dagbag.py:588} INFO - Filling up the DagBag from /home/airflow/.local/lib/python3.12/site-packages/airflow/example_dags/example_latest_only_with_trigger.py
[2024-11-18T16:55:53.769+0300] {processor.py:925} INFO - DAG(s) 'latest_only_with_trigger' retrieved from /home/airflow/.local/lib/python3.12/site-packages/airflow/example_dags/example_latest_only_with_trigger.py
[2024-11-18T16:55:53.789+0300] {logging_mixin.py:190} INFO - [2024-11-18T16:55:53.789+0300] {dag.py:3239} INFO - Sync 1 DAGs
[2024-11-18T16:55:53.811+0300] {logging_mixin.py:190} INFO - [2024-11-18T16:55:53.811+0300] {dag.py:4180} INFO - Setting next_dagrun for latest_only_with_trigger to 2024-11-18 08:00:00+00:00, run_after=2024-11-18 12:00:00+00:00
[2024-11-18T16:55:53.843+0300] {processor.py:208} INFO - Processing /home/airflow/.local/lib/python3.12/site-packages/airflow/example_dags/example_latest_only_with_trigger.py took 0.099 seconds
[2024-11-18T16:56:24.241+0300] {processor.py:186} INFO - Started process (PID=279) to work on /home/airflow/.local/lib/python3.12/site-packages/airflow/example_dags/example_latest_only_with_trigger.py
[2024-11-18T16:56:24.243+0300] {processor.py:914} INFO - Processing file /home/airflow/.local/lib/python3.12/site-packages/airflow/example_dags/example_latest_only_with_trigger.py for tasks to queue
[2024-11-18T16:56:24.245+0300] {logging_mixin.py:190} INFO - [2024-11-18T16:56:24.245+0300] {dagbag.py:588} INFO - Filling up the DagBag from /home/airflow/.local/lib/python3.12/site-packages/airflow/example_dags/example_latest_only_with_trigger.py
[2024-11-18T16:56:24.253+0300] {processor.py:925} INFO - DAG(s) 'latest_only_with_trigger' retrieved from /home/airflow/.local/lib/python3.12/site-packages/airflow/example_dags/example_latest_only_with_trigger.py
[2024-11-18T16:56:24.278+0300] {logging_mixin.py:190} INFO - [2024-11-18T16:56:24.278+0300] {dag.py:3239} INFO - Sync 1 DAGs
[2024-11-18T16:56:24.301+0300] {logging_mixin.py:190} INFO - [2024-11-18T16:56:24.301+0300] {dag.py:4180} INFO - Setting next_dagrun for latest_only_with_trigger to 2024-11-18 08:00:00+00:00, run_after=2024-11-18 12:00:00+00:00
[2024-11-18T16:56:24.333+0300] {processor.py:208} INFO - Processing /home/airflow/.local/lib/python3.12/site-packages/airflow/example_dags/example_latest_only_with_trigger.py took 0.112 seconds
[2024-11-18T16:56:54.576+0300] {processor.py:186} INFO - Started process (PID=348) to work on /home/airflow/.local/lib/python3.12/site-packages/airflow/example_dags/example_latest_only_with_trigger.py
[2024-11-18T16:56:54.577+0300] {processor.py:914} INFO - Processing file /home/airflow/.local/lib/python3.12/site-packages/airflow/example_dags/example_latest_only_with_trigger.py for tasks to queue
[2024-11-18T16:56:54.580+0300] {logging_mixin.py:190} INFO - [2024-11-18T16:56:54.579+0300] {dagbag.py:588} INFO - Filling up the DagBag from /home/airflow/.local/lib/python3.12/site-packages/airflow/example_dags/example_latest_only_with_trigger.py
[2024-11-18T16:56:54.588+0300] {processor.py:925} INFO - DAG(s) 'latest_only_with_trigger' retrieved from /home/airflow/.local/lib/python3.12/site-packages/airflow/example_dags/example_latest_only_with_trigger.py
[2024-11-18T16:56:54.607+0300] {logging_mixin.py:190} INFO - [2024-11-18T16:56:54.607+0300] {dag.py:3239} INFO - Sync 1 DAGs
[2024-11-18T16:56:54.630+0300] {logging_mixin.py:190} INFO - [2024-11-18T16:56:54.630+0300] {dag.py:4180} INFO - Setting next_dagrun for latest_only_with_trigger to 2024-11-18 08:00:00+00:00, run_after=2024-11-18 12:00:00+00:00
[2024-11-18T16:56:54.660+0300] {processor.py:208} INFO - Processing /home/airflow/.local/lib/python3.12/site-packages/airflow/example_dags/example_latest_only_with_trigger.py took 0.090 seconds
[2024-11-18T16:57:25.102+0300] {processor.py:186} INFO - Started process (PID=417) to work on /home/airflow/.local/lib/python3.12/site-packages/airflow/example_dags/example_latest_only_with_trigger.py
[2024-11-18T16:57:25.103+0300] {processor.py:914} INFO - Processing file /home/airflow/.local/lib/python3.12/site-packages/airflow/example_dags/example_latest_only_with_trigger.py for tasks to queue
[2024-11-18T16:57:25.106+0300] {logging_mixin.py:190} INFO - [2024-11-18T16:57:25.105+0300] {dagbag.py:588} INFO - Filling up the DagBag from /home/airflow/.local/lib/python3.12/site-packages/airflow/example_dags/example_latest_only_with_trigger.py
[2024-11-18T16:57:25.112+0300] {processor.py:925} INFO - DAG(s) 'latest_only_with_trigger' retrieved from /home/airflow/.local/lib/python3.12/site-packages/airflow/example_dags/example_latest_only_with_trigger.py
[2024-11-18T16:57:25.132+0300] {logging_mixin.py:190} INFO - [2024-11-18T16:57:25.131+0300] {dag.py:3239} INFO - Sync 1 DAGs
[2024-11-18T16:57:25.156+0300] {logging_mixin.py:190} INFO - [2024-11-18T16:57:25.156+0300] {dag.py:4180} INFO - Setting next_dagrun for latest_only_with_trigger to 2024-11-18 08:00:00+00:00, run_after=2024-11-18 12:00:00+00:00
[2024-11-18T16:57:25.188+0300] {processor.py:208} INFO - Processing /home/airflow/.local/lib/python3.12/site-packages/airflow/example_dags/example_latest_only_with_trigger.py took 0.094 seconds
[2024-11-18T16:57:56.208+0300] {processor.py:186} INFO - Started process (PID=486) to work on /home/airflow/.local/lib/python3.12/site-packages/airflow/example_dags/example_latest_only_with_trigger.py
[2024-11-18T16:57:56.212+0300] {processor.py:914} INFO - Processing file /home/airflow/.local/lib/python3.12/site-packages/airflow/example_dags/example_latest_only_with_trigger.py for tasks to queue
[2024-11-18T16:57:56.218+0300] {logging_mixin.py:190} INFO - [2024-11-18T16:57:56.218+0300] {dagbag.py:588} INFO - Filling up the DagBag from /home/airflow/.local/lib/python3.12/site-packages/airflow/example_dags/example_latest_only_with_trigger.py
[2024-11-18T16:57:56.233+0300] {processor.py:925} INFO - DAG(s) 'latest_only_with_trigger' retrieved from /home/airflow/.local/lib/python3.12/site-packages/airflow/example_dags/example_latest_only_with_trigger.py
[2024-11-18T16:57:56.262+0300] {logging_mixin.py:190} INFO - [2024-11-18T16:57:56.261+0300] {dag.py:3239} INFO - Sync 1 DAGs
[2024-11-18T16:57:56.288+0300] {logging_mixin.py:190} INFO - [2024-11-18T16:57:56.288+0300] {dag.py:4180} INFO - Setting next_dagrun for latest_only_with_trigger to 2024-11-18 08:00:00+00:00, run_after=2024-11-18 12:00:00+00:00
[2024-11-18T16:57:56.309+0300] {processor.py:208} INFO - Processing /home/airflow/.local/lib/python3.12/site-packages/airflow/example_dags/example_latest_only_with_trigger.py took 0.118 seconds
[2024-11-18T16:58:26.810+0300] {processor.py:186} INFO - Started process (PID=555) to work on /home/airflow/.local/lib/python3.12/site-packages/airflow/example_dags/example_latest_only_with_trigger.py
[2024-11-18T16:58:26.811+0300] {processor.py:914} INFO - Processing file /home/airflow/.local/lib/python3.12/site-packages/airflow/example_dags/example_latest_only_with_trigger.py for tasks to queue
[2024-11-18T16:58:26.813+0300] {logging_mixin.py:190} INFO - [2024-11-18T16:58:26.813+0300] {dagbag.py:588} INFO - Filling up the DagBag from /home/airflow/.local/lib/python3.12/site-packages/airflow/example_dags/example_latest_only_with_trigger.py
[2024-11-18T16:58:26.820+0300] {processor.py:925} INFO - DAG(s) 'latest_only_with_trigger' retrieved from /home/airflow/.local/lib/python3.12/site-packages/airflow/example_dags/example_latest_only_with_trigger.py
[2024-11-18T16:58:26.839+0300] {logging_mixin.py:190} INFO - [2024-11-18T16:58:26.838+0300] {dag.py:3239} INFO - Sync 1 DAGs
[2024-11-18T16:58:26.858+0300] {logging_mixin.py:190} INFO - [2024-11-18T16:58:26.858+0300] {dag.py:4180} INFO - Setting next_dagrun for latest_only_with_trigger to 2024-11-18 08:00:00+00:00, run_after=2024-11-18 12:00:00+00:00
[2024-11-18T16:58:26.875+0300] {processor.py:208} INFO - Processing /home/airflow/.local/lib/python3.12/site-packages/airflow/example_dags/example_latest_only_with_trigger.py took 0.069 seconds
[2024-11-18T16:58:57.742+0300] {processor.py:186} INFO - Started process (PID=623) to work on /home/airflow/.local/lib/python3.12/site-packages/airflow/example_dags/example_latest_only_with_trigger.py
[2024-11-18T16:58:57.743+0300] {processor.py:914} INFO - Processing file /home/airflow/.local/lib/python3.12/site-packages/airflow/example_dags/example_latest_only_with_trigger.py for tasks to queue
[2024-11-18T16:58:57.746+0300] {logging_mixin.py:190} INFO - [2024-11-18T16:58:57.745+0300] {dagbag.py:588} INFO - Filling up the DagBag from /home/airflow/.local/lib/python3.12/site-packages/airflow/example_dags/example_latest_only_with_trigger.py
[2024-11-18T16:58:57.753+0300] {processor.py:925} INFO - DAG(s) 'latest_only_with_trigger' retrieved from /home/airflow/.local/lib/python3.12/site-packages/airflow/example_dags/example_latest_only_with_trigger.py
[2024-11-18T16:58:57.777+0300] {logging_mixin.py:190} INFO - [2024-11-18T16:58:57.776+0300] {dag.py:3239} INFO - Sync 1 DAGs
[2024-11-18T16:58:57.798+0300] {logging_mixin.py:190} INFO - [2024-11-18T16:58:57.797+0300] {dag.py:4180} INFO - Setting next_dagrun for latest_only_with_trigger to 2024-11-18 08:00:00+00:00, run_after=2024-11-18 12:00:00+00:00
[2024-11-18T16:58:57.823+0300] {processor.py:208} INFO - Processing /home/airflow/.local/lib/python3.12/site-packages/airflow/example_dags/example_latest_only_with_trigger.py took 0.086 seconds
