[2024-11-18T16:55:23.171+0300] {processor.py:186} INFO - Started process (PID=125) to work on /home/airflow/.local/lib/python3.12/site-packages/airflow/example_dags/example_dag_decorator.py
[2024-11-18T16:55:23.173+0300] {processor.py:914} INFO - Processing file /home/airflow/.local/lib/python3.12/site-packages/airflow/example_dags/example_dag_decorator.py for tasks to queue
[2024-11-18T16:55:23.177+0300] {logging_mixin.py:190} INFO - [2024-11-18T16:55:23.176+0300] {dagbag.py:588} INFO - Filling up the DagBag from /home/airflow/.local/lib/python3.12/site-packages/airflow/example_dags/example_dag_decorator.py
[2024-11-18T16:55:23.194+0300] {processor.py:925} INFO - DAG(s) 'example_dag_decorator' retrieved from /home/airflow/.local/lib/python3.12/site-packages/airflow/example_dags/example_dag_decorator.py
[2024-11-18T16:55:23.415+0300] {logging_mixin.py:190} INFO - [2024-11-18T16:55:23.414+0300] {dag.py:3239} INFO - Sync 1 DAGs
[2024-11-18T16:55:23.435+0300] {logging_mixin.py:190} INFO - [2024-11-18T16:55:23.435+0300] {dag.py:4180} INFO - Setting next_dagrun for example_dag_decorator to None, run_after=None
[2024-11-18T16:55:23.471+0300] {processor.py:208} INFO - Processing /home/airflow/.local/lib/python3.12/site-packages/airflow/example_dags/example_dag_decorator.py took 0.307 seconds
[2024-11-18T16:55:53.882+0300] {processor.py:186} INFO - Started process (PID=210) to work on /home/airflow/.local/lib/python3.12/site-packages/airflow/example_dags/example_dag_decorator.py
[2024-11-18T16:55:53.884+0300] {processor.py:914} INFO - Processing file /home/airflow/.local/lib/python3.12/site-packages/airflow/example_dags/example_dag_decorator.py for tasks to queue
[2024-11-18T16:55:53.886+0300] {logging_mixin.py:190} INFO - [2024-11-18T16:55:53.886+0300] {dagbag.py:588} INFO - Filling up the DagBag from /home/airflow/.local/lib/python3.12/site-packages/airflow/example_dags/example_dag_decorator.py
[2024-11-18T16:55:53.900+0300] {processor.py:925} INFO - DAG(s) 'example_dag_decorator' retrieved from /home/airflow/.local/lib/python3.12/site-packages/airflow/example_dags/example_dag_decorator.py
[2024-11-18T16:55:53.993+0300] {logging_mixin.py:190} INFO - [2024-11-18T16:55:53.993+0300] {dag.py:3239} INFO - Sync 1 DAGs
[2024-11-18T16:55:54.004+0300] {logging_mixin.py:190} INFO - [2024-11-18T16:55:54.004+0300] {dag.py:4180} INFO - Setting next_dagrun for example_dag_decorator to None, run_after=None
[2024-11-18T16:55:54.022+0300] {processor.py:208} INFO - Processing /home/airflow/.local/lib/python3.12/site-packages/airflow/example_dags/example_dag_decorator.py took 0.144 seconds
[2024-11-18T16:56:24.395+0300] {processor.py:186} INFO - Started process (PID=281) to work on /home/airflow/.local/lib/python3.12/site-packages/airflow/example_dags/example_dag_decorator.py
[2024-11-18T16:56:24.396+0300] {processor.py:914} INFO - Processing file /home/airflow/.local/lib/python3.12/site-packages/airflow/example_dags/example_dag_decorator.py for tasks to queue
[2024-11-18T16:56:24.399+0300] {logging_mixin.py:190} INFO - [2024-11-18T16:56:24.398+0300] {dagbag.py:588} INFO - Filling up the DagBag from /home/airflow/.local/lib/python3.12/site-packages/airflow/example_dags/example_dag_decorator.py
[2024-11-18T16:56:24.409+0300] {processor.py:925} INFO - DAG(s) 'example_dag_decorator' retrieved from /home/airflow/.local/lib/python3.12/site-packages/airflow/example_dags/example_dag_decorator.py
[2024-11-18T16:56:24.512+0300] {logging_mixin.py:190} INFO - [2024-11-18T16:56:24.512+0300] {dag.py:3239} INFO - Sync 1 DAGs
[2024-11-18T16:56:24.525+0300] {logging_mixin.py:190} INFO - [2024-11-18T16:56:24.525+0300] {dag.py:4180} INFO - Setting next_dagrun for example_dag_decorator to None, run_after=None
[2024-11-18T16:56:24.542+0300] {processor.py:208} INFO - Processing /home/airflow/.local/lib/python3.12/site-packages/airflow/example_dags/example_dag_decorator.py took 0.152 seconds
[2024-11-18T16:56:54.839+0300] {processor.py:186} INFO - Started process (PID=350) to work on /home/airflow/.local/lib/python3.12/site-packages/airflow/example_dags/example_dag_decorator.py
[2024-11-18T16:56:54.841+0300] {processor.py:914} INFO - Processing file /home/airflow/.local/lib/python3.12/site-packages/airflow/example_dags/example_dag_decorator.py for tasks to queue
[2024-11-18T16:56:54.843+0300] {logging_mixin.py:190} INFO - [2024-11-18T16:56:54.843+0300] {dagbag.py:588} INFO - Filling up the DagBag from /home/airflow/.local/lib/python3.12/site-packages/airflow/example_dags/example_dag_decorator.py
[2024-11-18T16:56:54.854+0300] {processor.py:925} INFO - DAG(s) 'example_dag_decorator' retrieved from /home/airflow/.local/lib/python3.12/site-packages/airflow/example_dags/example_dag_decorator.py
[2024-11-18T16:56:54.956+0300] {logging_mixin.py:190} INFO - [2024-11-18T16:56:54.956+0300] {dag.py:3239} INFO - Sync 1 DAGs
[2024-11-18T16:56:54.968+0300] {logging_mixin.py:190} INFO - [2024-11-18T16:56:54.968+0300] {dag.py:4180} INFO - Setting next_dagrun for example_dag_decorator to None, run_after=None
[2024-11-18T16:56:54.987+0300] {processor.py:208} INFO - Processing /home/airflow/.local/lib/python3.12/site-packages/airflow/example_dags/example_dag_decorator.py took 0.154 seconds
[2024-11-18T16:57:25.239+0300] {processor.py:186} INFO - Started process (PID=419) to work on /home/airflow/.local/lib/python3.12/site-packages/airflow/example_dags/example_dag_decorator.py
[2024-11-18T16:57:25.241+0300] {processor.py:914} INFO - Processing file /home/airflow/.local/lib/python3.12/site-packages/airflow/example_dags/example_dag_decorator.py for tasks to queue
[2024-11-18T16:57:25.243+0300] {logging_mixin.py:190} INFO - [2024-11-18T16:57:25.243+0300] {dagbag.py:588} INFO - Filling up the DagBag from /home/airflow/.local/lib/python3.12/site-packages/airflow/example_dags/example_dag_decorator.py
[2024-11-18T16:57:25.254+0300] {processor.py:925} INFO - DAG(s) 'example_dag_decorator' retrieved from /home/airflow/.local/lib/python3.12/site-packages/airflow/example_dags/example_dag_decorator.py
[2024-11-18T16:57:25.351+0300] {logging_mixin.py:190} INFO - [2024-11-18T16:57:25.350+0300] {dag.py:3239} INFO - Sync 1 DAGs
[2024-11-18T16:57:25.364+0300] {logging_mixin.py:190} INFO - [2024-11-18T16:57:25.363+0300] {dag.py:4180} INFO - Setting next_dagrun for example_dag_decorator to None, run_after=None
[2024-11-18T16:57:25.379+0300] {processor.py:208} INFO - Processing /home/airflow/.local/lib/python3.12/site-packages/airflow/example_dags/example_dag_decorator.py took 0.146 seconds
[2024-11-18T16:57:56.367+0300] {processor.py:186} INFO - Started process (PID=488) to work on /home/airflow/.local/lib/python3.12/site-packages/airflow/example_dags/example_dag_decorator.py
[2024-11-18T16:57:56.369+0300] {processor.py:914} INFO - Processing file /home/airflow/.local/lib/python3.12/site-packages/airflow/example_dags/example_dag_decorator.py for tasks to queue
[2024-11-18T16:57:56.371+0300] {logging_mixin.py:190} INFO - [2024-11-18T16:57:56.371+0300] {dagbag.py:588} INFO - Filling up the DagBag from /home/airflow/.local/lib/python3.12/site-packages/airflow/example_dags/example_dag_decorator.py
[2024-11-18T16:57:56.384+0300] {processor.py:925} INFO - DAG(s) 'example_dag_decorator' retrieved from /home/airflow/.local/lib/python3.12/site-packages/airflow/example_dags/example_dag_decorator.py
[2024-11-18T16:57:56.479+0300] {logging_mixin.py:190} INFO - [2024-11-18T16:57:56.479+0300] {dag.py:3239} INFO - Sync 1 DAGs
[2024-11-18T16:57:56.490+0300] {logging_mixin.py:190} INFO - [2024-11-18T16:57:56.489+0300] {dag.py:4180} INFO - Setting next_dagrun for example_dag_decorator to None, run_after=None
[2024-11-18T16:57:56.507+0300] {processor.py:208} INFO - Processing /home/airflow/.local/lib/python3.12/site-packages/airflow/example_dags/example_dag_decorator.py took 0.145 seconds
[2024-11-18T16:58:26.921+0300] {processor.py:186} INFO - Started process (PID=557) to work on /home/airflow/.local/lib/python3.12/site-packages/airflow/example_dags/example_dag_decorator.py
[2024-11-18T16:58:26.922+0300] {processor.py:914} INFO - Processing file /home/airflow/.local/lib/python3.12/site-packages/airflow/example_dags/example_dag_decorator.py for tasks to queue
[2024-11-18T16:58:26.924+0300] {logging_mixin.py:190} INFO - [2024-11-18T16:58:26.924+0300] {dagbag.py:588} INFO - Filling up the DagBag from /home/airflow/.local/lib/python3.12/site-packages/airflow/example_dags/example_dag_decorator.py
[2024-11-18T16:58:26.933+0300] {processor.py:925} INFO - DAG(s) 'example_dag_decorator' retrieved from /home/airflow/.local/lib/python3.12/site-packages/airflow/example_dags/example_dag_decorator.py
[2024-11-18T16:58:27.021+0300] {logging_mixin.py:190} INFO - [2024-11-18T16:58:27.021+0300] {dag.py:3239} INFO - Sync 1 DAGs
[2024-11-18T16:58:27.032+0300] {logging_mixin.py:190} INFO - [2024-11-18T16:58:27.032+0300] {dag.py:4180} INFO - Setting next_dagrun for example_dag_decorator to None, run_after=None
[2024-11-18T16:58:27.051+0300] {processor.py:208} INFO - Processing /home/airflow/.local/lib/python3.12/site-packages/airflow/example_dags/example_dag_decorator.py took 0.135 seconds
[2024-11-18T16:58:57.869+0300] {processor.py:186} INFO - Started process (PID=625) to work on /home/airflow/.local/lib/python3.12/site-packages/airflow/example_dags/example_dag_decorator.py
[2024-11-18T16:58:57.870+0300] {processor.py:914} INFO - Processing file /home/airflow/.local/lib/python3.12/site-packages/airflow/example_dags/example_dag_decorator.py for tasks to queue
[2024-11-18T16:58:57.872+0300] {logging_mixin.py:190} INFO - [2024-11-18T16:58:57.872+0300] {dagbag.py:588} INFO - Filling up the DagBag from /home/airflow/.local/lib/python3.12/site-packages/airflow/example_dags/example_dag_decorator.py
[2024-11-18T16:58:57.882+0300] {processor.py:925} INFO - DAG(s) 'example_dag_decorator' retrieved from /home/airflow/.local/lib/python3.12/site-packages/airflow/example_dags/example_dag_decorator.py
[2024-11-18T16:58:57.969+0300] {logging_mixin.py:190} INFO - [2024-11-18T16:58:57.968+0300] {dag.py:3239} INFO - Sync 1 DAGs
[2024-11-18T16:58:57.981+0300] {logging_mixin.py:190} INFO - [2024-11-18T16:58:57.981+0300] {dag.py:4180} INFO - Setting next_dagrun for example_dag_decorator to None, run_after=None
[2024-11-18T16:58:58.000+0300] {processor.py:208} INFO - Processing /home/airflow/.local/lib/python3.12/site-packages/airflow/example_dags/example_dag_decorator.py took 0.137 seconds
