[2024-11-18T16:55:23.173+0300] {processor.py:186} INFO - Started process (PID=126) to work on /home/airflow/.local/lib/python3.12/site-packages/airflow/example_dags/example_task_group_decorator.py
[2024-11-18T16:55:23.175+0300] {processor.py:914} INFO - Processing file /home/airflow/.local/lib/python3.12/site-packages/airflow/example_dags/example_task_group_decorator.py for tasks to queue
[2024-11-18T16:55:23.178+0300] {logging_mixin.py:190} INFO - [2024-11-18T16:55:23.177+0300] {dagbag.py:588} INFO - Filling up the DagBag from /home/airflow/.local/lib/python3.12/site-packages/airflow/example_dags/example_task_group_decorator.py
[2024-11-18T16:55:23.206+0300] {processor.py:925} INFO - DAG(s) 'example_task_group_decorator' retrieved from /home/airflow/.local/lib/python3.12/site-packages/airflow/example_dags/example_task_group_decorator.py
[2024-11-18T16:55:23.249+0300] {logging_mixin.py:190} INFO - [2024-11-18T16:55:23.249+0300] {dag.py:3239} INFO - Sync 1 DAGs
[2024-11-18T16:55:23.277+0300] {logging_mixin.py:190} INFO - [2024-11-18T16:55:23.277+0300] {dag.py:4180} INFO - Setting next_dagrun for example_task_group_decorator to None, run_after=None
[2024-11-18T16:55:23.315+0300] {processor.py:208} INFO - Processing /home/airflow/.local/lib/python3.12/site-packages/airflow/example_dags/example_task_group_decorator.py took 0.150 seconds
[2024-11-18T16:55:54.032+0300] {processor.py:186} INFO - Started process (PID=211) to work on /home/airflow/.local/lib/python3.12/site-packages/airflow/example_dags/example_task_group_decorator.py
[2024-11-18T16:55:54.033+0300] {processor.py:914} INFO - Processing file /home/airflow/.local/lib/python3.12/site-packages/airflow/example_dags/example_task_group_decorator.py for tasks to queue
[2024-11-18T16:55:54.036+0300] {logging_mixin.py:190} INFO - [2024-11-18T16:55:54.035+0300] {dagbag.py:588} INFO - Filling up the DagBag from /home/airflow/.local/lib/python3.12/site-packages/airflow/example_dags/example_task_group_decorator.py
[2024-11-18T16:55:54.048+0300] {processor.py:925} INFO - DAG(s) 'example_task_group_decorator' retrieved from /home/airflow/.local/lib/python3.12/site-packages/airflow/example_dags/example_task_group_decorator.py
[2024-11-18T16:55:54.069+0300] {logging_mixin.py:190} INFO - [2024-11-18T16:55:54.069+0300] {dag.py:3239} INFO - Sync 1 DAGs
[2024-11-18T16:55:54.081+0300] {logging_mixin.py:190} INFO - [2024-11-18T16:55:54.081+0300] {dag.py:4180} INFO - Setting next_dagrun for example_task_group_decorator to None, run_after=None
[2024-11-18T16:55:54.102+0300] {processor.py:208} INFO - Processing /home/airflow/.local/lib/python3.12/site-packages/airflow/example_dags/example_task_group_decorator.py took 0.076 seconds
[2024-11-18T16:56:24.526+0300] {processor.py:186} INFO - Started process (PID=282) to work on /home/airflow/.local/lib/python3.12/site-packages/airflow/example_dags/example_task_group_decorator.py
[2024-11-18T16:56:24.527+0300] {processor.py:914} INFO - Processing file /home/airflow/.local/lib/python3.12/site-packages/airflow/example_dags/example_task_group_decorator.py for tasks to queue
[2024-11-18T16:56:24.529+0300] {logging_mixin.py:190} INFO - [2024-11-18T16:56:24.529+0300] {dagbag.py:588} INFO - Filling up the DagBag from /home/airflow/.local/lib/python3.12/site-packages/airflow/example_dags/example_task_group_decorator.py
[2024-11-18T16:56:24.543+0300] {processor.py:925} INFO - DAG(s) 'example_task_group_decorator' retrieved from /home/airflow/.local/lib/python3.12/site-packages/airflow/example_dags/example_task_group_decorator.py
[2024-11-18T16:56:24.569+0300] {logging_mixin.py:190} INFO - [2024-11-18T16:56:24.568+0300] {dag.py:3239} INFO - Sync 1 DAGs
[2024-11-18T16:56:24.584+0300] {logging_mixin.py:190} INFO - [2024-11-18T16:56:24.584+0300] {dag.py:4180} INFO - Setting next_dagrun for example_task_group_decorator to None, run_after=None
[2024-11-18T16:56:24.601+0300] {processor.py:208} INFO - Processing /home/airflow/.local/lib/python3.12/site-packages/airflow/example_dags/example_task_group_decorator.py took 0.080 seconds
[2024-11-18T16:56:54.840+0300] {processor.py:186} INFO - Started process (PID=351) to work on /home/airflow/.local/lib/python3.12/site-packages/airflow/example_dags/example_task_group_decorator.py
[2024-11-18T16:56:54.841+0300] {processor.py:914} INFO - Processing file /home/airflow/.local/lib/python3.12/site-packages/airflow/example_dags/example_task_group_decorator.py for tasks to queue
[2024-11-18T16:56:54.843+0300] {logging_mixin.py:190} INFO - [2024-11-18T16:56:54.843+0300] {dagbag.py:588} INFO - Filling up the DagBag from /home/airflow/.local/lib/python3.12/site-packages/airflow/example_dags/example_task_group_decorator.py
[2024-11-18T16:56:54.860+0300] {processor.py:925} INFO - DAG(s) 'example_task_group_decorator' retrieved from /home/airflow/.local/lib/python3.12/site-packages/airflow/example_dags/example_task_group_decorator.py
[2024-11-18T16:56:54.887+0300] {logging_mixin.py:190} INFO - [2024-11-18T16:56:54.886+0300] {dag.py:3239} INFO - Sync 1 DAGs
[2024-11-18T16:56:54.901+0300] {logging_mixin.py:190} INFO - [2024-11-18T16:56:54.901+0300] {dag.py:4180} INFO - Setting next_dagrun for example_task_group_decorator to None, run_after=None
[2024-11-18T16:56:54.922+0300] {processor.py:208} INFO - Processing /home/airflow/.local/lib/python3.12/site-packages/airflow/example_dags/example_task_group_decorator.py took 0.087 seconds
[2024-11-18T16:57:25.372+0300] {processor.py:186} INFO - Started process (PID=420) to work on /home/airflow/.local/lib/python3.12/site-packages/airflow/example_dags/example_task_group_decorator.py
[2024-11-18T16:57:25.373+0300] {processor.py:914} INFO - Processing file /home/airflow/.local/lib/python3.12/site-packages/airflow/example_dags/example_task_group_decorator.py for tasks to queue
[2024-11-18T16:57:25.375+0300] {logging_mixin.py:190} INFO - [2024-11-18T16:57:25.375+0300] {dagbag.py:588} INFO - Filling up the DagBag from /home/airflow/.local/lib/python3.12/site-packages/airflow/example_dags/example_task_group_decorator.py
[2024-11-18T16:57:25.390+0300] {processor.py:925} INFO - DAG(s) 'example_task_group_decorator' retrieved from /home/airflow/.local/lib/python3.12/site-packages/airflow/example_dags/example_task_group_decorator.py
[2024-11-18T16:57:25.412+0300] {logging_mixin.py:190} INFO - [2024-11-18T16:57:25.412+0300] {dag.py:3239} INFO - Sync 1 DAGs
[2024-11-18T16:57:25.426+0300] {logging_mixin.py:190} INFO - [2024-11-18T16:57:25.425+0300] {dag.py:4180} INFO - Setting next_dagrun for example_task_group_decorator to None, run_after=None
[2024-11-18T16:57:25.444+0300] {processor.py:208} INFO - Processing /home/airflow/.local/lib/python3.12/site-packages/airflow/example_dags/example_task_group_decorator.py took 0.077 seconds
[2024-11-18T16:57:56.502+0300] {processor.py:186} INFO - Started process (PID=489) to work on /home/airflow/.local/lib/python3.12/site-packages/airflow/example_dags/example_task_group_decorator.py
[2024-11-18T16:57:56.504+0300] {processor.py:914} INFO - Processing file /home/airflow/.local/lib/python3.12/site-packages/airflow/example_dags/example_task_group_decorator.py for tasks to queue
[2024-11-18T16:57:56.506+0300] {logging_mixin.py:190} INFO - [2024-11-18T16:57:56.506+0300] {dagbag.py:588} INFO - Filling up the DagBag from /home/airflow/.local/lib/python3.12/site-packages/airflow/example_dags/example_task_group_decorator.py
[2024-11-18T16:57:56.520+0300] {processor.py:925} INFO - DAG(s) 'example_task_group_decorator' retrieved from /home/airflow/.local/lib/python3.12/site-packages/airflow/example_dags/example_task_group_decorator.py
[2024-11-18T16:57:56.542+0300] {logging_mixin.py:190} INFO - [2024-11-18T16:57:56.542+0300] {dag.py:3239} INFO - Sync 1 DAGs
[2024-11-18T16:57:56.555+0300] {logging_mixin.py:190} INFO - [2024-11-18T16:57:56.555+0300] {dag.py:4180} INFO - Setting next_dagrun for example_task_group_decorator to None, run_after=None
[2024-11-18T16:57:56.574+0300] {processor.py:208} INFO - Processing /home/airflow/.local/lib/python3.12/site-packages/airflow/example_dags/example_task_group_decorator.py took 0.077 seconds
[2024-11-18T16:58:27.053+0300] {processor.py:186} INFO - Started process (PID=558) to work on /home/airflow/.local/lib/python3.12/site-packages/airflow/example_dags/example_task_group_decorator.py
[2024-11-18T16:58:27.054+0300] {processor.py:914} INFO - Processing file /home/airflow/.local/lib/python3.12/site-packages/airflow/example_dags/example_task_group_decorator.py for tasks to queue
[2024-11-18T16:58:27.056+0300] {logging_mixin.py:190} INFO - [2024-11-18T16:58:27.056+0300] {dagbag.py:588} INFO - Filling up the DagBag from /home/airflow/.local/lib/python3.12/site-packages/airflow/example_dags/example_task_group_decorator.py
[2024-11-18T16:58:27.073+0300] {processor.py:925} INFO - DAG(s) 'example_task_group_decorator' retrieved from /home/airflow/.local/lib/python3.12/site-packages/airflow/example_dags/example_task_group_decorator.py
[2024-11-18T16:58:27.095+0300] {logging_mixin.py:190} INFO - [2024-11-18T16:58:27.095+0300] {dag.py:3239} INFO - Sync 1 DAGs
[2024-11-18T16:58:27.107+0300] {logging_mixin.py:190} INFO - [2024-11-18T16:58:27.107+0300] {dag.py:4180} INFO - Setting next_dagrun for example_task_group_decorator to None, run_after=None
[2024-11-18T16:58:27.125+0300] {processor.py:208} INFO - Processing /home/airflow/.local/lib/python3.12/site-packages/airflow/example_dags/example_task_group_decorator.py took 0.077 seconds
[2024-11-18T16:58:57.997+0300] {processor.py:186} INFO - Started process (PID=626) to work on /home/airflow/.local/lib/python3.12/site-packages/airflow/example_dags/example_task_group_decorator.py
[2024-11-18T16:58:57.998+0300] {processor.py:914} INFO - Processing file /home/airflow/.local/lib/python3.12/site-packages/airflow/example_dags/example_task_group_decorator.py for tasks to queue
[2024-11-18T16:58:58.000+0300] {logging_mixin.py:190} INFO - [2024-11-18T16:58:58.000+0300] {dagbag.py:588} INFO - Filling up the DagBag from /home/airflow/.local/lib/python3.12/site-packages/airflow/example_dags/example_task_group_decorator.py
[2024-11-18T16:58:58.015+0300] {processor.py:925} INFO - DAG(s) 'example_task_group_decorator' retrieved from /home/airflow/.local/lib/python3.12/site-packages/airflow/example_dags/example_task_group_decorator.py
[2024-11-18T16:58:58.036+0300] {logging_mixin.py:190} INFO - [2024-11-18T16:58:58.036+0300] {dag.py:3239} INFO - Sync 1 DAGs
[2024-11-18T16:58:58.048+0300] {logging_mixin.py:190} INFO - [2024-11-18T16:58:58.048+0300] {dag.py:4180} INFO - Setting next_dagrun for example_task_group_decorator to None, run_after=None
[2024-11-18T16:58:58.066+0300] {processor.py:208} INFO - Processing /home/airflow/.local/lib/python3.12/site-packages/airflow/example_dags/example_task_group_decorator.py took 0.074 seconds
