[2024-11-18T16:55:22.462+0300] {processor.py:186} INFO - Started process (PID=121) to work on /home/airflow/.local/lib/python3.12/site-packages/airflow/example_dags/example_trigger_target_dag.py
[2024-11-18T16:55:22.464+0300] {processor.py:914} INFO - Processing file /home/airflow/.local/lib/python3.12/site-packages/airflow/example_dags/example_trigger_target_dag.py for tasks to queue
[2024-11-18T16:55:22.470+0300] {logging_mixin.py:190} INFO - [2024-11-18T16:55:22.469+0300] {dagbag.py:588} INFO - Filling up the DagBag from /home/airflow/.local/lib/python3.12/site-packages/airflow/example_dags/example_trigger_target_dag.py
[2024-11-18T16:55:22.495+0300] {processor.py:925} INFO - DAG(s) 'example_trigger_target_dag' retrieved from /home/airflow/.local/lib/python3.12/site-packages/airflow/example_dags/example_trigger_target_dag.py
[2024-11-18T16:55:22.541+0300] {logging_mixin.py:190} INFO - [2024-11-18T16:55:22.541+0300] {dag.py:3239} INFO - Sync 1 DAGs
[2024-11-18T16:55:22.575+0300] {logging_mixin.py:190} INFO - [2024-11-18T16:55:22.575+0300] {dag.py:4180} INFO - Setting next_dagrun for example_trigger_target_dag to None, run_after=None
[2024-11-18T16:55:22.615+0300] {processor.py:208} INFO - Processing /home/airflow/.local/lib/python3.12/site-packages/airflow/example_dags/example_trigger_target_dag.py took 0.160 seconds
[2024-11-18T16:55:52.711+0300] {processor.py:186} INFO - Started process (PID=206) to work on /home/airflow/.local/lib/python3.12/site-packages/airflow/example_dags/example_trigger_target_dag.py
[2024-11-18T16:55:52.712+0300] {processor.py:914} INFO - Processing file /home/airflow/.local/lib/python3.12/site-packages/airflow/example_dags/example_trigger_target_dag.py for tasks to queue
[2024-11-18T16:55:52.715+0300] {logging_mixin.py:190} INFO - [2024-11-18T16:55:52.714+0300] {dagbag.py:588} INFO - Filling up the DagBag from /home/airflow/.local/lib/python3.12/site-packages/airflow/example_dags/example_trigger_target_dag.py
[2024-11-18T16:55:52.721+0300] {processor.py:925} INFO - DAG(s) 'example_trigger_target_dag' retrieved from /home/airflow/.local/lib/python3.12/site-packages/airflow/example_dags/example_trigger_target_dag.py
[2024-11-18T16:55:52.738+0300] {logging_mixin.py:190} INFO - [2024-11-18T16:55:52.737+0300] {dag.py:3239} INFO - Sync 1 DAGs
[2024-11-18T16:55:52.751+0300] {logging_mixin.py:190} INFO - [2024-11-18T16:55:52.751+0300] {dag.py:4180} INFO - Setting next_dagrun for example_trigger_target_dag to None, run_after=None
[2024-11-18T16:55:52.792+0300] {processor.py:208} INFO - Processing /home/airflow/.local/lib/python3.12/site-packages/airflow/example_dags/example_trigger_target_dag.py took 0.086 seconds
[2024-11-18T16:56:23.069+0300] {processor.py:186} INFO - Started process (PID=277) to work on /home/airflow/.local/lib/python3.12/site-packages/airflow/example_dags/example_trigger_target_dag.py
[2024-11-18T16:56:23.070+0300] {processor.py:914} INFO - Processing file /home/airflow/.local/lib/python3.12/site-packages/airflow/example_dags/example_trigger_target_dag.py for tasks to queue
[2024-11-18T16:56:23.073+0300] {logging_mixin.py:190} INFO - [2024-11-18T16:56:23.072+0300] {dagbag.py:588} INFO - Filling up the DagBag from /home/airflow/.local/lib/python3.12/site-packages/airflow/example_dags/example_trigger_target_dag.py
[2024-11-18T16:56:23.080+0300] {processor.py:925} INFO - DAG(s) 'example_trigger_target_dag' retrieved from /home/airflow/.local/lib/python3.12/site-packages/airflow/example_dags/example_trigger_target_dag.py
[2024-11-18T16:56:23.103+0300] {logging_mixin.py:190} INFO - [2024-11-18T16:56:23.102+0300] {dag.py:3239} INFO - Sync 1 DAGs
[2024-11-18T16:56:23.118+0300] {logging_mixin.py:190} INFO - [2024-11-18T16:56:23.117+0300] {dag.py:4180} INFO - Setting next_dagrun for example_trigger_target_dag to None, run_after=None
[2024-11-18T16:56:23.137+0300] {processor.py:208} INFO - Processing /home/airflow/.local/lib/python3.12/site-packages/airflow/example_dags/example_trigger_target_dag.py took 0.074 seconds
[2024-11-18T16:56:53.538+0300] {processor.py:186} INFO - Started process (PID=346) to work on /home/airflow/.local/lib/python3.12/site-packages/airflow/example_dags/example_trigger_target_dag.py
[2024-11-18T16:56:53.540+0300] {processor.py:914} INFO - Processing file /home/airflow/.local/lib/python3.12/site-packages/airflow/example_dags/example_trigger_target_dag.py for tasks to queue
[2024-11-18T16:56:53.543+0300] {logging_mixin.py:190} INFO - [2024-11-18T16:56:53.542+0300] {dagbag.py:588} INFO - Filling up the DagBag from /home/airflow/.local/lib/python3.12/site-packages/airflow/example_dags/example_trigger_target_dag.py
[2024-11-18T16:56:53.551+0300] {processor.py:925} INFO - DAG(s) 'example_trigger_target_dag' retrieved from /home/airflow/.local/lib/python3.12/site-packages/airflow/example_dags/example_trigger_target_dag.py
[2024-11-18T16:56:53.570+0300] {logging_mixin.py:190} INFO - [2024-11-18T16:56:53.570+0300] {dag.py:3239} INFO - Sync 1 DAGs
[2024-11-18T16:56:53.583+0300] {logging_mixin.py:190} INFO - [2024-11-18T16:56:53.583+0300] {dag.py:4180} INFO - Setting next_dagrun for example_trigger_target_dag to None, run_after=None
[2024-11-18T16:56:53.616+0300] {processor.py:208} INFO - Processing /home/airflow/.local/lib/python3.12/site-packages/airflow/example_dags/example_trigger_target_dag.py took 0.084 seconds
[2024-11-18T16:57:24.019+0300] {processor.py:186} INFO - Started process (PID=415) to work on /home/airflow/.local/lib/python3.12/site-packages/airflow/example_dags/example_trigger_target_dag.py
[2024-11-18T16:57:24.021+0300] {processor.py:914} INFO - Processing file /home/airflow/.local/lib/python3.12/site-packages/airflow/example_dags/example_trigger_target_dag.py for tasks to queue
[2024-11-18T16:57:24.023+0300] {logging_mixin.py:190} INFO - [2024-11-18T16:57:24.023+0300] {dagbag.py:588} INFO - Filling up the DagBag from /home/airflow/.local/lib/python3.12/site-packages/airflow/example_dags/example_trigger_target_dag.py
[2024-11-18T16:57:24.030+0300] {processor.py:925} INFO - DAG(s) 'example_trigger_target_dag' retrieved from /home/airflow/.local/lib/python3.12/site-packages/airflow/example_dags/example_trigger_target_dag.py
[2024-11-18T16:57:24.048+0300] {logging_mixin.py:190} INFO - [2024-11-18T16:57:24.048+0300] {dag.py:3239} INFO - Sync 1 DAGs
[2024-11-18T16:57:24.061+0300] {logging_mixin.py:190} INFO - [2024-11-18T16:57:24.061+0300] {dag.py:4180} INFO - Setting next_dagrun for example_trigger_target_dag to None, run_after=None
[2024-11-18T16:57:24.080+0300] {processor.py:208} INFO - Processing /home/airflow/.local/lib/python3.12/site-packages/airflow/example_dags/example_trigger_target_dag.py took 0.065 seconds
[2024-11-18T16:57:54.980+0300] {processor.py:186} INFO - Started process (PID=484) to work on /home/airflow/.local/lib/python3.12/site-packages/airflow/example_dags/example_trigger_target_dag.py
[2024-11-18T16:57:54.981+0300] {processor.py:914} INFO - Processing file /home/airflow/.local/lib/python3.12/site-packages/airflow/example_dags/example_trigger_target_dag.py for tasks to queue
[2024-11-18T16:57:54.984+0300] {logging_mixin.py:190} INFO - [2024-11-18T16:57:54.984+0300] {dagbag.py:588} INFO - Filling up the DagBag from /home/airflow/.local/lib/python3.12/site-packages/airflow/example_dags/example_trigger_target_dag.py
[2024-11-18T16:57:54.992+0300] {processor.py:925} INFO - DAG(s) 'example_trigger_target_dag' retrieved from /home/airflow/.local/lib/python3.12/site-packages/airflow/example_dags/example_trigger_target_dag.py
[2024-11-18T16:57:55.010+0300] {logging_mixin.py:190} INFO - [2024-11-18T16:57:55.010+0300] {dag.py:3239} INFO - Sync 1 DAGs
[2024-11-18T16:57:55.022+0300] {logging_mixin.py:190} INFO - [2024-11-18T16:57:55.022+0300] {dag.py:4180} INFO - Setting next_dagrun for example_trigger_target_dag to None, run_after=None
[2024-11-18T16:57:55.043+0300] {processor.py:208} INFO - Processing /home/airflow/.local/lib/python3.12/site-packages/airflow/example_dags/example_trigger_target_dag.py took 0.068 seconds
[2024-11-18T16:58:25.684+0300] {processor.py:186} INFO - Started process (PID=553) to work on /home/airflow/.local/lib/python3.12/site-packages/airflow/example_dags/example_trigger_target_dag.py
[2024-11-18T16:58:25.685+0300] {processor.py:914} INFO - Processing file /home/airflow/.local/lib/python3.12/site-packages/airflow/example_dags/example_trigger_target_dag.py for tasks to queue
[2024-11-18T16:58:25.688+0300] {logging_mixin.py:190} INFO - [2024-11-18T16:58:25.688+0300] {dagbag.py:588} INFO - Filling up the DagBag from /home/airflow/.local/lib/python3.12/site-packages/airflow/example_dags/example_trigger_target_dag.py
[2024-11-18T16:58:25.695+0300] {processor.py:925} INFO - DAG(s) 'example_trigger_target_dag' retrieved from /home/airflow/.local/lib/python3.12/site-packages/airflow/example_dags/example_trigger_target_dag.py
[2024-11-18T16:58:25.714+0300] {logging_mixin.py:190} INFO - [2024-11-18T16:58:25.714+0300] {dag.py:3239} INFO - Sync 1 DAGs
[2024-11-18T16:58:25.730+0300] {logging_mixin.py:190} INFO - [2024-11-18T16:58:25.730+0300] {dag.py:4180} INFO - Setting next_dagrun for example_trigger_target_dag to None, run_after=None
[2024-11-18T16:58:25.748+0300] {processor.py:208} INFO - Processing /home/airflow/.local/lib/python3.12/site-packages/airflow/example_dags/example_trigger_target_dag.py took 0.069 seconds
[2024-11-18T16:58:56.696+0300] {processor.py:186} INFO - Started process (PID=621) to work on /home/airflow/.local/lib/python3.12/site-packages/airflow/example_dags/example_trigger_target_dag.py
[2024-11-18T16:58:56.698+0300] {processor.py:914} INFO - Processing file /home/airflow/.local/lib/python3.12/site-packages/airflow/example_dags/example_trigger_target_dag.py for tasks to queue
[2024-11-18T16:58:56.701+0300] {logging_mixin.py:190} INFO - [2024-11-18T16:58:56.701+0300] {dagbag.py:588} INFO - Filling up the DagBag from /home/airflow/.local/lib/python3.12/site-packages/airflow/example_dags/example_trigger_target_dag.py
[2024-11-18T16:58:56.713+0300] {processor.py:925} INFO - DAG(s) 'example_trigger_target_dag' retrieved from /home/airflow/.local/lib/python3.12/site-packages/airflow/example_dags/example_trigger_target_dag.py
[2024-11-18T16:58:56.746+0300] {logging_mixin.py:190} INFO - [2024-11-18T16:58:56.746+0300] {dag.py:3239} INFO - Sync 1 DAGs
[2024-11-18T16:58:56.772+0300] {logging_mixin.py:190} INFO - [2024-11-18T16:58:56.772+0300] {dag.py:4180} INFO - Setting next_dagrun for example_trigger_target_dag to None, run_after=None
[2024-11-18T16:58:56.815+0300] {processor.py:208} INFO - Processing /home/airflow/.local/lib/python3.12/site-packages/airflow/example_dags/example_trigger_target_dag.py took 0.127 seconds
