[2024-11-18T16:55:20.501+0300] {processor.py:186} INFO - Started process (PID=111) to work on /home/airflow/.local/lib/python3.12/site-packages/airflow/example_dags/example_params_ui_tutorial.py
[2024-11-18T16:55:20.504+0300] {processor.py:914} INFO - Processing file /home/airflow/.local/lib/python3.12/site-packages/airflow/example_dags/example_params_ui_tutorial.py for tasks to queue
[2024-11-18T16:55:20.511+0300] {logging_mixin.py:190} INFO - [2024-11-18T16:55:20.510+0300] {dagbag.py:588} INFO - Filling up the DagBag from /home/airflow/.local/lib/python3.12/site-packages/airflow/example_dags/example_params_ui_tutorial.py
[2024-11-18T16:55:20.541+0300] {processor.py:925} INFO - DAG(s) 'example_params_ui_tutorial' retrieved from /home/airflow/.local/lib/python3.12/site-packages/airflow/example_dags/example_params_ui_tutorial.py
[2024-11-18T16:55:20.984+0300] {logging_mixin.py:190} INFO - [2024-11-18T16:55:20.984+0300] {dag.py:3239} INFO - Sync 1 DAGs
[2024-11-18T16:55:21.026+0300] {logging_mixin.py:190} INFO - [2024-11-18T16:55:21.025+0300] {dag.py:4180} INFO - Setting next_dagrun for example_params_ui_tutorial to None, run_after=None
[2024-11-18T16:55:21.086+0300] {processor.py:208} INFO - Processing /home/airflow/.local/lib/python3.12/site-packages/airflow/example_dags/example_params_ui_tutorial.py took 0.602 seconds
[2024-11-18T16:55:51.200+0300] {processor.py:186} INFO - Started process (PID=197) to work on /home/airflow/.local/lib/python3.12/site-packages/airflow/example_dags/example_params_ui_tutorial.py
[2024-11-18T16:55:51.202+0300] {processor.py:914} INFO - Processing file /home/airflow/.local/lib/python3.12/site-packages/airflow/example_dags/example_params_ui_tutorial.py for tasks to queue
[2024-11-18T16:55:51.205+0300] {logging_mixin.py:190} INFO - [2024-11-18T16:55:51.204+0300] {dagbag.py:588} INFO - Filling up the DagBag from /home/airflow/.local/lib/python3.12/site-packages/airflow/example_dags/example_params_ui_tutorial.py
[2024-11-18T16:55:51.212+0300] {processor.py:925} INFO - DAG(s) 'example_params_ui_tutorial' retrieved from /home/airflow/.local/lib/python3.12/site-packages/airflow/example_dags/example_params_ui_tutorial.py
[2024-11-18T16:55:51.255+0300] {logging_mixin.py:190} INFO - [2024-11-18T16:55:51.255+0300] {dag.py:3239} INFO - Sync 1 DAGs
[2024-11-18T16:55:51.273+0300] {logging_mixin.py:190} INFO - [2024-11-18T16:55:51.273+0300] {dag.py:4180} INFO - Setting next_dagrun for example_params_ui_tutorial to None, run_after=None
[2024-11-18T16:55:51.290+0300] {processor.py:208} INFO - Processing /home/airflow/.local/lib/python3.12/site-packages/airflow/example_dags/example_params_ui_tutorial.py took 0.095 seconds
[2024-11-18T16:56:21.644+0300] {processor.py:186} INFO - Started process (PID=268) to work on /home/airflow/.local/lib/python3.12/site-packages/airflow/example_dags/example_params_ui_tutorial.py
[2024-11-18T16:56:21.646+0300] {processor.py:914} INFO - Processing file /home/airflow/.local/lib/python3.12/site-packages/airflow/example_dags/example_params_ui_tutorial.py for tasks to queue
[2024-11-18T16:56:21.648+0300] {logging_mixin.py:190} INFO - [2024-11-18T16:56:21.648+0300] {dagbag.py:588} INFO - Filling up the DagBag from /home/airflow/.local/lib/python3.12/site-packages/airflow/example_dags/example_params_ui_tutorial.py
[2024-11-18T16:56:21.658+0300] {processor.py:925} INFO - DAG(s) 'example_params_ui_tutorial' retrieved from /home/airflow/.local/lib/python3.12/site-packages/airflow/example_dags/example_params_ui_tutorial.py
[2024-11-18T16:56:21.694+0300] {logging_mixin.py:190} INFO - [2024-11-18T16:56:21.694+0300] {dag.py:3239} INFO - Sync 1 DAGs
[2024-11-18T16:56:21.709+0300] {logging_mixin.py:190} INFO - [2024-11-18T16:56:21.709+0300] {dag.py:4180} INFO - Setting next_dagrun for example_params_ui_tutorial to None, run_after=None
[2024-11-18T16:56:21.742+0300] {processor.py:208} INFO - Processing /home/airflow/.local/lib/python3.12/site-packages/airflow/example_dags/example_params_ui_tutorial.py took 0.104 seconds
[2024-11-18T16:56:51.819+0300] {processor.py:186} INFO - Started process (PID=337) to work on /home/airflow/.local/lib/python3.12/site-packages/airflow/example_dags/example_params_ui_tutorial.py
[2024-11-18T16:56:51.821+0300] {processor.py:914} INFO - Processing file /home/airflow/.local/lib/python3.12/site-packages/airflow/example_dags/example_params_ui_tutorial.py for tasks to queue
[2024-11-18T16:56:51.823+0300] {logging_mixin.py:190} INFO - [2024-11-18T16:56:51.823+0300] {dagbag.py:588} INFO - Filling up the DagBag from /home/airflow/.local/lib/python3.12/site-packages/airflow/example_dags/example_params_ui_tutorial.py
[2024-11-18T16:56:51.830+0300] {processor.py:925} INFO - DAG(s) 'example_params_ui_tutorial' retrieved from /home/airflow/.local/lib/python3.12/site-packages/airflow/example_dags/example_params_ui_tutorial.py
[2024-11-18T16:56:51.861+0300] {logging_mixin.py:190} INFO - [2024-11-18T16:56:51.860+0300] {dag.py:3239} INFO - Sync 1 DAGs
[2024-11-18T16:56:51.872+0300] {logging_mixin.py:190} INFO - [2024-11-18T16:56:51.872+0300] {dag.py:4180} INFO - Setting next_dagrun for example_params_ui_tutorial to None, run_after=None
[2024-11-18T16:56:51.888+0300] {processor.py:208} INFO - Processing /home/airflow/.local/lib/python3.12/site-packages/airflow/example_dags/example_params_ui_tutorial.py took 0.073 seconds
[2024-11-18T16:57:22.505+0300] {processor.py:186} INFO - Started process (PID=405) to work on /home/airflow/.local/lib/python3.12/site-packages/airflow/example_dags/example_params_ui_tutorial.py
[2024-11-18T16:57:22.507+0300] {processor.py:914} INFO - Processing file /home/airflow/.local/lib/python3.12/site-packages/airflow/example_dags/example_params_ui_tutorial.py for tasks to queue
[2024-11-18T16:57:22.509+0300] {logging_mixin.py:190} INFO - [2024-11-18T16:57:22.509+0300] {dagbag.py:588} INFO - Filling up the DagBag from /home/airflow/.local/lib/python3.12/site-packages/airflow/example_dags/example_params_ui_tutorial.py
[2024-11-18T16:57:22.519+0300] {processor.py:925} INFO - DAG(s) 'example_params_ui_tutorial' retrieved from /home/airflow/.local/lib/python3.12/site-packages/airflow/example_dags/example_params_ui_tutorial.py
[2024-11-18T16:57:22.558+0300] {logging_mixin.py:190} INFO - [2024-11-18T16:57:22.558+0300] {dag.py:3239} INFO - Sync 1 DAGs
[2024-11-18T16:57:22.572+0300] {logging_mixin.py:190} INFO - [2024-11-18T16:57:22.572+0300] {dag.py:4180} INFO - Setting next_dagrun for example_params_ui_tutorial to None, run_after=None
[2024-11-18T16:57:22.590+0300] {processor.py:208} INFO - Processing /home/airflow/.local/lib/python3.12/site-packages/airflow/example_dags/example_params_ui_tutorial.py took 0.089 seconds
[2024-11-18T16:57:53.408+0300] {processor.py:186} INFO - Started process (PID=474) to work on /home/airflow/.local/lib/python3.12/site-packages/airflow/example_dags/example_params_ui_tutorial.py
[2024-11-18T16:57:53.409+0300] {processor.py:914} INFO - Processing file /home/airflow/.local/lib/python3.12/site-packages/airflow/example_dags/example_params_ui_tutorial.py for tasks to queue
[2024-11-18T16:57:53.412+0300] {logging_mixin.py:190} INFO - [2024-11-18T16:57:53.412+0300] {dagbag.py:588} INFO - Filling up the DagBag from /home/airflow/.local/lib/python3.12/site-packages/airflow/example_dags/example_params_ui_tutorial.py
[2024-11-18T16:57:53.420+0300] {processor.py:925} INFO - DAG(s) 'example_params_ui_tutorial' retrieved from /home/airflow/.local/lib/python3.12/site-packages/airflow/example_dags/example_params_ui_tutorial.py
[2024-11-18T16:57:53.462+0300] {logging_mixin.py:190} INFO - [2024-11-18T16:57:53.462+0300] {dag.py:3239} INFO - Sync 1 DAGs
[2024-11-18T16:57:53.475+0300] {logging_mixin.py:190} INFO - [2024-11-18T16:57:53.475+0300] {dag.py:4180} INFO - Setting next_dagrun for example_params_ui_tutorial to None, run_after=None
[2024-11-18T16:57:53.493+0300] {processor.py:208} INFO - Processing /home/airflow/.local/lib/python3.12/site-packages/airflow/example_dags/example_params_ui_tutorial.py took 0.090 seconds
[2024-11-18T16:58:24.118+0300] {processor.py:186} INFO - Started process (PID=543) to work on /home/airflow/.local/lib/python3.12/site-packages/airflow/example_dags/example_params_ui_tutorial.py
[2024-11-18T16:58:24.120+0300] {processor.py:914} INFO - Processing file /home/airflow/.local/lib/python3.12/site-packages/airflow/example_dags/example_params_ui_tutorial.py for tasks to queue
[2024-11-18T16:58:24.122+0300] {logging_mixin.py:190} INFO - [2024-11-18T16:58:24.122+0300] {dagbag.py:588} INFO - Filling up the DagBag from /home/airflow/.local/lib/python3.12/site-packages/airflow/example_dags/example_params_ui_tutorial.py
[2024-11-18T16:58:24.131+0300] {processor.py:925} INFO - DAG(s) 'example_params_ui_tutorial' retrieved from /home/airflow/.local/lib/python3.12/site-packages/airflow/example_dags/example_params_ui_tutorial.py
[2024-11-18T16:58:24.174+0300] {logging_mixin.py:190} INFO - [2024-11-18T16:58:24.174+0300] {dag.py:3239} INFO - Sync 1 DAGs
[2024-11-18T16:58:24.193+0300] {logging_mixin.py:190} INFO - [2024-11-18T16:58:24.193+0300] {dag.py:4180} INFO - Setting next_dagrun for example_params_ui_tutorial to None, run_after=None
[2024-11-18T16:58:24.216+0300] {processor.py:208} INFO - Processing /home/airflow/.local/lib/python3.12/site-packages/airflow/example_dags/example_params_ui_tutorial.py took 0.104 seconds
[2024-11-18T16:58:54.931+0300] {processor.py:186} INFO - Started process (PID=611) to work on /home/airflow/.local/lib/python3.12/site-packages/airflow/example_dags/example_params_ui_tutorial.py
[2024-11-18T16:58:54.933+0300] {processor.py:914} INFO - Processing file /home/airflow/.local/lib/python3.12/site-packages/airflow/example_dags/example_params_ui_tutorial.py for tasks to queue
[2024-11-18T16:58:54.936+0300] {logging_mixin.py:190} INFO - [2024-11-18T16:58:54.935+0300] {dagbag.py:588} INFO - Filling up the DagBag from /home/airflow/.local/lib/python3.12/site-packages/airflow/example_dags/example_params_ui_tutorial.py
[2024-11-18T16:58:54.944+0300] {processor.py:925} INFO - DAG(s) 'example_params_ui_tutorial' retrieved from /home/airflow/.local/lib/python3.12/site-packages/airflow/example_dags/example_params_ui_tutorial.py
[2024-11-18T16:58:54.982+0300] {logging_mixin.py:190} INFO - [2024-11-18T16:58:54.982+0300] {dag.py:3239} INFO - Sync 1 DAGs
[2024-11-18T16:58:54.994+0300] {logging_mixin.py:190} INFO - [2024-11-18T16:58:54.994+0300] {dag.py:4180} INFO - Setting next_dagrun for example_params_ui_tutorial to None, run_after=None
[2024-11-18T16:58:55.022+0300] {processor.py:208} INFO - Processing /home/airflow/.local/lib/python3.12/site-packages/airflow/example_dags/example_params_ui_tutorial.py took 0.096 seconds
