[2024-11-18T16:55:21.924+0300] {processor.py:186} INFO - Started process (PID=119) to work on /home/airflow/.local/lib/python3.12/site-packages/airflow/example_dags/tutorial_taskflow_api.py
[2024-11-18T16:55:21.926+0300] {processor.py:914} INFO - Processing file /home/airflow/.local/lib/python3.12/site-packages/airflow/example_dags/tutorial_taskflow_api.py for tasks to queue
[2024-11-18T16:55:21.930+0300] {logging_mixin.py:190} INFO - [2024-11-18T16:55:21.929+0300] {dagbag.py:588} INFO - Filling up the DagBag from /home/airflow/.local/lib/python3.12/site-packages/airflow/example_dags/tutorial_taskflow_api.py
[2024-11-18T16:55:21.944+0300] {processor.py:925} INFO - DAG(s) 'tutorial_taskflow_api' retrieved from /home/airflow/.local/lib/python3.12/site-packages/airflow/example_dags/tutorial_taskflow_api.py
[2024-11-18T16:55:21.991+0300] {logging_mixin.py:190} INFO - [2024-11-18T16:55:21.990+0300] {dag.py:3239} INFO - Sync 1 DAGs
[2024-11-18T16:55:22.021+0300] {logging_mixin.py:190} INFO - [2024-11-18T16:55:22.020+0300] {dag.py:4180} INFO - Setting next_dagrun for tutorial_taskflow_api to None, run_after=None
[2024-11-18T16:55:22.081+0300] {processor.py:208} INFO - Processing /home/airflow/.local/lib/python3.12/site-packages/airflow/example_dags/tutorial_taskflow_api.py took 0.167 seconds
[2024-11-18T16:55:52.504+0300] {processor.py:186} INFO - Started process (PID=204) to work on /home/airflow/.local/lib/python3.12/site-packages/airflow/example_dags/tutorial_taskflow_api.py
[2024-11-18T16:55:52.505+0300] {processor.py:914} INFO - Processing file /home/airflow/.local/lib/python3.12/site-packages/airflow/example_dags/tutorial_taskflow_api.py for tasks to queue
[2024-11-18T16:55:52.507+0300] {logging_mixin.py:190} INFO - [2024-11-18T16:55:52.507+0300] {dagbag.py:588} INFO - Filling up the DagBag from /home/airflow/.local/lib/python3.12/site-packages/airflow/example_dags/tutorial_taskflow_api.py
[2024-11-18T16:55:52.514+0300] {processor.py:925} INFO - DAG(s) 'tutorial_taskflow_api' retrieved from /home/airflow/.local/lib/python3.12/site-packages/airflow/example_dags/tutorial_taskflow_api.py
[2024-11-18T16:55:52.531+0300] {logging_mixin.py:190} INFO - [2024-11-18T16:55:52.531+0300] {dag.py:3239} INFO - Sync 1 DAGs
[2024-11-18T16:55:52.544+0300] {logging_mixin.py:190} INFO - [2024-11-18T16:55:52.544+0300] {dag.py:4180} INFO - Setting next_dagrun for tutorial_taskflow_api to None, run_after=None
[2024-11-18T16:55:52.561+0300] {processor.py:208} INFO - Processing /home/airflow/.local/lib/python3.12/site-packages/airflow/example_dags/tutorial_taskflow_api.py took 0.062 seconds
[2024-11-18T16:56:22.965+0300] {processor.py:186} INFO - Started process (PID=275) to work on /home/airflow/.local/lib/python3.12/site-packages/airflow/example_dags/tutorial_taskflow_api.py
[2024-11-18T16:56:22.966+0300] {processor.py:914} INFO - Processing file /home/airflow/.local/lib/python3.12/site-packages/airflow/example_dags/tutorial_taskflow_api.py for tasks to queue
[2024-11-18T16:56:22.969+0300] {logging_mixin.py:190} INFO - [2024-11-18T16:56:22.969+0300] {dagbag.py:588} INFO - Filling up the DagBag from /home/airflow/.local/lib/python3.12/site-packages/airflow/example_dags/tutorial_taskflow_api.py
[2024-11-18T16:56:22.977+0300] {processor.py:925} INFO - DAG(s) 'tutorial_taskflow_api' retrieved from /home/airflow/.local/lib/python3.12/site-packages/airflow/example_dags/tutorial_taskflow_api.py
[2024-11-18T16:56:22.999+0300] {logging_mixin.py:190} INFO - [2024-11-18T16:56:22.999+0300] {dag.py:3239} INFO - Sync 1 DAGs
[2024-11-18T16:56:23.013+0300] {logging_mixin.py:190} INFO - [2024-11-18T16:56:23.013+0300] {dag.py:4180} INFO - Setting next_dagrun for tutorial_taskflow_api to None, run_after=None
[2024-11-18T16:56:23.033+0300] {processor.py:208} INFO - Processing /home/airflow/.local/lib/python3.12/site-packages/airflow/example_dags/tutorial_taskflow_api.py took 0.073 seconds
[2024-11-18T16:56:53.400+0300] {processor.py:186} INFO - Started process (PID=344) to work on /home/airflow/.local/lib/python3.12/site-packages/airflow/example_dags/tutorial_taskflow_api.py
[2024-11-18T16:56:53.402+0300] {processor.py:914} INFO - Processing file /home/airflow/.local/lib/python3.12/site-packages/airflow/example_dags/tutorial_taskflow_api.py for tasks to queue
[2024-11-18T16:56:53.405+0300] {logging_mixin.py:190} INFO - [2024-11-18T16:56:53.404+0300] {dagbag.py:588} INFO - Filling up the DagBag from /home/airflow/.local/lib/python3.12/site-packages/airflow/example_dags/tutorial_taskflow_api.py
[2024-11-18T16:56:53.414+0300] {processor.py:925} INFO - DAG(s) 'tutorial_taskflow_api' retrieved from /home/airflow/.local/lib/python3.12/site-packages/airflow/example_dags/tutorial_taskflow_api.py
[2024-11-18T16:56:53.437+0300] {logging_mixin.py:190} INFO - [2024-11-18T16:56:53.437+0300] {dag.py:3239} INFO - Sync 1 DAGs
[2024-11-18T16:56:53.450+0300] {logging_mixin.py:190} INFO - [2024-11-18T16:56:53.450+0300] {dag.py:4180} INFO - Setting next_dagrun for tutorial_taskflow_api to None, run_after=None
[2024-11-18T16:56:53.481+0300] {processor.py:208} INFO - Processing /home/airflow/.local/lib/python3.12/site-packages/airflow/example_dags/tutorial_taskflow_api.py took 0.086 seconds
[2024-11-18T16:57:23.915+0300] {processor.py:186} INFO - Started process (PID=413) to work on /home/airflow/.local/lib/python3.12/site-packages/airflow/example_dags/tutorial_taskflow_api.py
[2024-11-18T16:57:23.916+0300] {processor.py:914} INFO - Processing file /home/airflow/.local/lib/python3.12/site-packages/airflow/example_dags/tutorial_taskflow_api.py for tasks to queue
[2024-11-18T16:57:23.918+0300] {logging_mixin.py:190} INFO - [2024-11-18T16:57:23.918+0300] {dagbag.py:588} INFO - Filling up the DagBag from /home/airflow/.local/lib/python3.12/site-packages/airflow/example_dags/tutorial_taskflow_api.py
[2024-11-18T16:57:23.926+0300] {processor.py:925} INFO - DAG(s) 'tutorial_taskflow_api' retrieved from /home/airflow/.local/lib/python3.12/site-packages/airflow/example_dags/tutorial_taskflow_api.py
[2024-11-18T16:57:23.946+0300] {logging_mixin.py:190} INFO - [2024-11-18T16:57:23.946+0300] {dag.py:3239} INFO - Sync 1 DAGs
[2024-11-18T16:57:23.960+0300] {logging_mixin.py:190} INFO - [2024-11-18T16:57:23.960+0300] {dag.py:4180} INFO - Setting next_dagrun for tutorial_taskflow_api to None, run_after=None
[2024-11-18T16:57:23.981+0300] {processor.py:208} INFO - Processing /home/airflow/.local/lib/python3.12/site-packages/airflow/example_dags/tutorial_taskflow_api.py took 0.072 seconds
[2024-11-18T16:57:54.872+0300] {processor.py:186} INFO - Started process (PID=482) to work on /home/airflow/.local/lib/python3.12/site-packages/airflow/example_dags/tutorial_taskflow_api.py
[2024-11-18T16:57:54.874+0300] {processor.py:914} INFO - Processing file /home/airflow/.local/lib/python3.12/site-packages/airflow/example_dags/tutorial_taskflow_api.py for tasks to queue
[2024-11-18T16:57:54.876+0300] {logging_mixin.py:190} INFO - [2024-11-18T16:57:54.876+0300] {dagbag.py:588} INFO - Filling up the DagBag from /home/airflow/.local/lib/python3.12/site-packages/airflow/example_dags/tutorial_taskflow_api.py
[2024-11-18T16:57:54.884+0300] {processor.py:925} INFO - DAG(s) 'tutorial_taskflow_api' retrieved from /home/airflow/.local/lib/python3.12/site-packages/airflow/example_dags/tutorial_taskflow_api.py
[2024-11-18T16:57:54.902+0300] {logging_mixin.py:190} INFO - [2024-11-18T16:57:54.902+0300] {dag.py:3239} INFO - Sync 1 DAGs
[2024-11-18T16:57:54.914+0300] {logging_mixin.py:190} INFO - [2024-11-18T16:57:54.914+0300] {dag.py:4180} INFO - Setting next_dagrun for tutorial_taskflow_api to None, run_after=None
[2024-11-18T16:57:54.936+0300] {processor.py:208} INFO - Processing /home/airflow/.local/lib/python3.12/site-packages/airflow/example_dags/tutorial_taskflow_api.py took 0.069 seconds
[2024-11-18T16:58:25.585+0300] {processor.py:186} INFO - Started process (PID=551) to work on /home/airflow/.local/lib/python3.12/site-packages/airflow/example_dags/tutorial_taskflow_api.py
[2024-11-18T16:58:25.587+0300] {processor.py:914} INFO - Processing file /home/airflow/.local/lib/python3.12/site-packages/airflow/example_dags/tutorial_taskflow_api.py for tasks to queue
[2024-11-18T16:58:25.590+0300] {logging_mixin.py:190} INFO - [2024-11-18T16:58:25.590+0300] {dagbag.py:588} INFO - Filling up the DagBag from /home/airflow/.local/lib/python3.12/site-packages/airflow/example_dags/tutorial_taskflow_api.py
[2024-11-18T16:58:25.598+0300] {processor.py:925} INFO - DAG(s) 'tutorial_taskflow_api' retrieved from /home/airflow/.local/lib/python3.12/site-packages/airflow/example_dags/tutorial_taskflow_api.py
[2024-11-18T16:58:25.616+0300] {logging_mixin.py:190} INFO - [2024-11-18T16:58:25.616+0300] {dag.py:3239} INFO - Sync 1 DAGs
[2024-11-18T16:58:25.632+0300] {logging_mixin.py:190} INFO - [2024-11-18T16:58:25.632+0300] {dag.py:4180} INFO - Setting next_dagrun for tutorial_taskflow_api to None, run_after=None
[2024-11-18T16:58:25.650+0300] {processor.py:208} INFO - Processing /home/airflow/.local/lib/python3.12/site-packages/airflow/example_dags/tutorial_taskflow_api.py took 0.070 seconds
[2024-11-18T16:58:56.454+0300] {processor.py:186} INFO - Started process (PID=619) to work on /home/airflow/.local/lib/python3.12/site-packages/airflow/example_dags/tutorial_taskflow_api.py
[2024-11-18T16:58:56.455+0300] {processor.py:914} INFO - Processing file /home/airflow/.local/lib/python3.12/site-packages/airflow/example_dags/tutorial_taskflow_api.py for tasks to queue
[2024-11-18T16:58:56.458+0300] {logging_mixin.py:190} INFO - [2024-11-18T16:58:56.457+0300] {dagbag.py:588} INFO - Filling up the DagBag from /home/airflow/.local/lib/python3.12/site-packages/airflow/example_dags/tutorial_taskflow_api.py
[2024-11-18T16:58:56.464+0300] {processor.py:925} INFO - DAG(s) 'tutorial_taskflow_api' retrieved from /home/airflow/.local/lib/python3.12/site-packages/airflow/example_dags/tutorial_taskflow_api.py
[2024-11-18T16:58:56.482+0300] {logging_mixin.py:190} INFO - [2024-11-18T16:58:56.482+0300] {dag.py:3239} INFO - Sync 1 DAGs
[2024-11-18T16:58:56.494+0300] {logging_mixin.py:190} INFO - [2024-11-18T16:58:56.494+0300] {dag.py:4180} INFO - Setting next_dagrun for tutorial_taskflow_api to None, run_after=None
[2024-11-18T16:58:56.512+0300] {processor.py:208} INFO - Processing /home/airflow/.local/lib/python3.12/site-packages/airflow/example_dags/tutorial_taskflow_api.py took 0.063 seconds
