[2024-10-31T20:48:30.584+0000] {processor.py:186} INFO - Started process (PID=62) to work on /home/airflow/.local/lib/python3.12/site-packages/airflow/example_dags/example_datasets.py
[2024-10-31T20:48:30.585+0000] {processor.py:914} INFO - Processing file /home/airflow/.local/lib/python3.12/site-packages/airflow/example_dags/example_datasets.py for tasks to queue
[2024-10-31T20:48:30.588+0000] {logging_mixin.py:190} INFO - [2024-10-31T20:48:30.588+0000] {dagbag.py:588} INFO - Filling up the DagBag from /home/airflow/.local/lib/python3.12/site-packages/airflow/example_dags/example_datasets.py
[2024-10-31T20:48:31.003+0000] {processor.py:925} INFO - DAG(s) 'dataset_produces_1', 'dataset_consumes_1_and_2', 'dataset_consumes_1', 'dataset_consumes_1_never_scheduled', 'dataset_consumes_unknown_never_scheduled', 'consume_1_or_2_with_dataset_expressions', 'consume_1_and_2_with_dataset_expressions', 'consume_1_or_both_2_and_3_with_dataset_expressions', 'dataset_produces_2', 'conditional_dataset_and_time_based_timetable' retrieved from /home/airflow/.local/lib/python3.12/site-packages/airflow/example_dags/example_datasets.py
[2024-10-31T20:48:31.095+0000] {logging_mixin.py:190} INFO - [2024-10-31T20:48:31.095+0000] {override.py:1900} INFO - Created Permission View: can read on DAG:dataset_produces_1
[2024-10-31T20:48:31.106+0000] {logging_mixin.py:190} INFO - [2024-10-31T20:48:31.106+0000] {override.py:1900} INFO - Created Permission View: can delete on DAG:dataset_produces_1
[2024-10-31T20:48:31.116+0000] {logging_mixin.py:190} INFO - [2024-10-31T20:48:31.116+0000] {override.py:1900} INFO - Created Permission View: can edit on DAG:dataset_produces_1
[2024-10-31T20:48:31.128+0000] {logging_mixin.py:190} INFO - [2024-10-31T20:48:31.127+0000] {override.py:1900} INFO - Created Permission View: can create on DAG Run:dataset_produces_1
[2024-10-31T20:48:31.140+0000] {logging_mixin.py:190} INFO - [2024-10-31T20:48:31.140+0000] {override.py:1900} INFO - Created Permission View: can read on DAG Run:dataset_produces_1
[2024-10-31T20:48:31.151+0000] {logging_mixin.py:190} INFO - [2024-10-31T20:48:31.151+0000] {override.py:1900} INFO - Created Permission View: menu access on DAG Run:dataset_produces_1
[2024-10-31T20:48:31.161+0000] {logging_mixin.py:190} INFO - [2024-10-31T20:48:31.160+0000] {override.py:1900} INFO - Created Permission View: can delete on DAG Run:dataset_produces_1
[2024-10-31T20:48:31.181+0000] {logging_mixin.py:190} INFO - [2024-10-31T20:48:31.180+0000] {override.py:1900} INFO - Created Permission View: can read on DAG:dataset_consumes_1_and_2
[2024-10-31T20:48:31.191+0000] {logging_mixin.py:190} INFO - [2024-10-31T20:48:31.190+0000] {override.py:1900} INFO - Created Permission View: can delete on DAG:dataset_consumes_1_and_2
[2024-10-31T20:48:31.201+0000] {logging_mixin.py:190} INFO - [2024-10-31T20:48:31.200+0000] {override.py:1900} INFO - Created Permission View: can edit on DAG:dataset_consumes_1_and_2
[2024-10-31T20:48:31.211+0000] {logging_mixin.py:190} INFO - [2024-10-31T20:48:31.211+0000] {override.py:1900} INFO - Created Permission View: can create on DAG Run:dataset_consumes_1_and_2
[2024-10-31T20:48:31.221+0000] {logging_mixin.py:190} INFO - [2024-10-31T20:48:31.220+0000] {override.py:1900} INFO - Created Permission View: can read on DAG Run:dataset_consumes_1_and_2
[2024-10-31T20:48:31.229+0000] {logging_mixin.py:190} INFO - [2024-10-31T20:48:31.229+0000] {override.py:1900} INFO - Created Permission View: menu access on DAG Run:dataset_consumes_1_and_2
[2024-10-31T20:48:31.239+0000] {logging_mixin.py:190} INFO - [2024-10-31T20:48:31.239+0000] {override.py:1900} INFO - Created Permission View: can delete on DAG Run:dataset_consumes_1_and_2
[2024-10-31T20:48:31.255+0000] {logging_mixin.py:190} INFO - [2024-10-31T20:48:31.255+0000] {override.py:1900} INFO - Created Permission View: can read on DAG:dataset_consumes_1
[2024-10-31T20:48:31.262+0000] {logging_mixin.py:190} INFO - [2024-10-31T20:48:31.262+0000] {override.py:1900} INFO - Created Permission View: can delete on DAG:dataset_consumes_1
[2024-10-31T20:48:31.278+0000] {logging_mixin.py:190} INFO - [2024-10-31T20:48:31.277+0000] {override.py:1900} INFO - Created Permission View: can edit on DAG:dataset_consumes_1
[2024-10-31T20:48:31.294+0000] {logging_mixin.py:190} INFO - [2024-10-31T20:48:31.293+0000] {override.py:1900} INFO - Created Permission View: can create on DAG Run:dataset_consumes_1
[2024-10-31T20:48:31.306+0000] {logging_mixin.py:190} INFO - [2024-10-31T20:48:31.306+0000] {override.py:1900} INFO - Created Permission View: can read on DAG Run:dataset_consumes_1
[2024-10-31T20:48:31.319+0000] {logging_mixin.py:190} INFO - [2024-10-31T20:48:31.318+0000] {override.py:1900} INFO - Created Permission View: menu access on DAG Run:dataset_consumes_1
[2024-10-31T20:48:31.329+0000] {logging_mixin.py:190} INFO - [2024-10-31T20:48:31.329+0000] {override.py:1900} INFO - Created Permission View: can delete on DAG Run:dataset_consumes_1
[2024-10-31T20:48:31.348+0000] {logging_mixin.py:190} INFO - [2024-10-31T20:48:31.347+0000] {override.py:1900} INFO - Created Permission View: can read on DAG:dataset_consumes_1_never_scheduled
[2024-10-31T20:48:31.358+0000] {logging_mixin.py:190} INFO - [2024-10-31T20:48:31.358+0000] {override.py:1900} INFO - Created Permission View: can delete on DAG:dataset_consumes_1_never_scheduled
[2024-10-31T20:48:31.369+0000] {logging_mixin.py:190} INFO - [2024-10-31T20:48:31.369+0000] {override.py:1900} INFO - Created Permission View: can edit on DAG:dataset_consumes_1_never_scheduled
[2024-10-31T20:48:31.384+0000] {logging_mixin.py:190} INFO - [2024-10-31T20:48:31.383+0000] {override.py:1900} INFO - Created Permission View: can create on DAG Run:dataset_consumes_1_never_scheduled
[2024-10-31T20:48:31.394+0000] {logging_mixin.py:190} INFO - [2024-10-31T20:48:31.394+0000] {override.py:1900} INFO - Created Permission View: can read on DAG Run:dataset_consumes_1_never_scheduled
[2024-10-31T20:48:31.404+0000] {logging_mixin.py:190} INFO - [2024-10-31T20:48:31.404+0000] {override.py:1900} INFO - Created Permission View: menu access on DAG Run:dataset_consumes_1_never_scheduled
[2024-10-31T20:48:31.413+0000] {logging_mixin.py:190} INFO - [2024-10-31T20:48:31.413+0000] {override.py:1900} INFO - Created Permission View: can delete on DAG Run:dataset_consumes_1_never_scheduled
[2024-10-31T20:48:31.430+0000] {logging_mixin.py:190} INFO - [2024-10-31T20:48:31.429+0000] {override.py:1900} INFO - Created Permission View: can read on DAG:dataset_consumes_unknown_never_scheduled
[2024-10-31T20:48:31.440+0000] {logging_mixin.py:190} INFO - [2024-10-31T20:48:31.439+0000] {override.py:1900} INFO - Created Permission View: can delete on DAG:dataset_consumes_unknown_never_scheduled
[2024-10-31T20:48:31.448+0000] {logging_mixin.py:190} INFO - [2024-10-31T20:48:31.448+0000] {override.py:1900} INFO - Created Permission View: can edit on DAG:dataset_consumes_unknown_never_scheduled
[2024-10-31T20:48:31.459+0000] {logging_mixin.py:190} INFO - [2024-10-31T20:48:31.458+0000] {override.py:1900} INFO - Created Permission View: can create on DAG Run:dataset_consumes_unknown_never_scheduled
[2024-10-31T20:48:31.472+0000] {logging_mixin.py:190} INFO - [2024-10-31T20:48:31.471+0000] {override.py:1900} INFO - Created Permission View: can read on DAG Run:dataset_consumes_unknown_never_scheduled
[2024-10-31T20:48:31.482+0000] {logging_mixin.py:190} INFO - [2024-10-31T20:48:31.481+0000] {override.py:1900} INFO - Created Permission View: menu access on DAG Run:dataset_consumes_unknown_never_scheduled
[2024-10-31T20:48:31.491+0000] {logging_mixin.py:190} INFO - [2024-10-31T20:48:31.491+0000] {override.py:1900} INFO - Created Permission View: can delete on DAG Run:dataset_consumes_unknown_never_scheduled
[2024-10-31T20:48:31.512+0000] {logging_mixin.py:190} INFO - [2024-10-31T20:48:31.512+0000] {override.py:1900} INFO - Created Permission View: can read on DAG:consume_1_or_2_with_dataset_expressions
[2024-10-31T20:48:31.522+0000] {logging_mixin.py:190} INFO - [2024-10-31T20:48:31.522+0000] {override.py:1900} INFO - Created Permission View: can delete on DAG:consume_1_or_2_with_dataset_expressions
[2024-10-31T20:48:31.530+0000] {logging_mixin.py:190} INFO - [2024-10-31T20:48:31.530+0000] {override.py:1900} INFO - Created Permission View: can edit on DAG:consume_1_or_2_with_dataset_expressions
[2024-10-31T20:48:31.544+0000] {logging_mixin.py:190} INFO - [2024-10-31T20:48:31.544+0000] {override.py:1900} INFO - Created Permission View: can create on DAG Run:consume_1_or_2_with_dataset_expressions
[2024-10-31T20:48:31.552+0000] {logging_mixin.py:190} INFO - [2024-10-31T20:48:31.552+0000] {override.py:1900} INFO - Created Permission View: can read on DAG Run:consume_1_or_2_with_dataset_expressions
[2024-10-31T20:48:31.559+0000] {logging_mixin.py:190} INFO - [2024-10-31T20:48:31.559+0000] {override.py:1900} INFO - Created Permission View: menu access on DAG Run:consume_1_or_2_with_dataset_expressions
[2024-10-31T20:48:31.569+0000] {logging_mixin.py:190} INFO - [2024-10-31T20:48:31.568+0000] {override.py:1900} INFO - Created Permission View: can delete on DAG Run:consume_1_or_2_with_dataset_expressions
[2024-10-31T20:48:31.585+0000] {logging_mixin.py:190} INFO - [2024-10-31T20:48:31.585+0000] {override.py:1900} INFO - Created Permission View: can read on DAG:consume_1_and_2_with_dataset_expressions
[2024-10-31T20:48:31.593+0000] {logging_mixin.py:190} INFO - [2024-10-31T20:48:31.593+0000] {override.py:1900} INFO - Created Permission View: can delete on DAG:consume_1_and_2_with_dataset_expressions
[2024-10-31T20:48:31.602+0000] {logging_mixin.py:190} INFO - [2024-10-31T20:48:31.601+0000] {override.py:1900} INFO - Created Permission View: can edit on DAG:consume_1_and_2_with_dataset_expressions
[2024-10-31T20:48:31.613+0000] {logging_mixin.py:190} INFO - [2024-10-31T20:48:31.613+0000] {override.py:1900} INFO - Created Permission View: can create on DAG Run:consume_1_and_2_with_dataset_expressions
[2024-10-31T20:48:31.621+0000] {logging_mixin.py:190} INFO - [2024-10-31T20:48:31.621+0000] {override.py:1900} INFO - Created Permission View: can read on DAG Run:consume_1_and_2_with_dataset_expressions
[2024-10-31T20:48:31.629+0000] {logging_mixin.py:190} INFO - [2024-10-31T20:48:31.629+0000] {override.py:1900} INFO - Created Permission View: menu access on DAG Run:consume_1_and_2_with_dataset_expressions
[2024-10-31T20:48:31.637+0000] {logging_mixin.py:190} INFO - [2024-10-31T20:48:31.637+0000] {override.py:1900} INFO - Created Permission View: can delete on DAG Run:consume_1_and_2_with_dataset_expressions
[2024-10-31T20:48:31.653+0000] {logging_mixin.py:190} INFO - [2024-10-31T20:48:31.652+0000] {override.py:1900} INFO - Created Permission View: can read on DAG:consume_1_or_both_2_and_3_with_dataset_expressions
[2024-10-31T20:48:31.661+0000] {logging_mixin.py:190} INFO - [2024-10-31T20:48:31.661+0000] {override.py:1900} INFO - Created Permission View: can delete on DAG:consume_1_or_both_2_and_3_with_dataset_expressions
[2024-10-31T20:48:31.671+0000] {logging_mixin.py:190} INFO - [2024-10-31T20:48:31.671+0000] {override.py:1900} INFO - Created Permission View: can edit on DAG:consume_1_or_both_2_and_3_with_dataset_expressions
[2024-10-31T20:48:31.684+0000] {logging_mixin.py:190} INFO - [2024-10-31T20:48:31.683+0000] {override.py:1900} INFO - Created Permission View: can create on DAG Run:consume_1_or_both_2_and_3_with_dataset_expressions
[2024-10-31T20:48:31.694+0000] {logging_mixin.py:190} INFO - [2024-10-31T20:48:31.694+0000] {override.py:1900} INFO - Created Permission View: can read on DAG Run:consume_1_or_both_2_and_3_with_dataset_expressions
[2024-10-31T20:48:31.703+0000] {logging_mixin.py:190} INFO - [2024-10-31T20:48:31.703+0000] {override.py:1900} INFO - Created Permission View: menu access on DAG Run:consume_1_or_both_2_and_3_with_dataset_expressions
[2024-10-31T20:48:31.712+0000] {logging_mixin.py:190} INFO - [2024-10-31T20:48:31.712+0000] {override.py:1900} INFO - Created Permission View: can delete on DAG Run:consume_1_or_both_2_and_3_with_dataset_expressions
[2024-10-31T20:48:31.728+0000] {logging_mixin.py:190} INFO - [2024-10-31T20:48:31.728+0000] {override.py:1900} INFO - Created Permission View: can read on DAG:dataset_produces_2
[2024-10-31T20:48:31.741+0000] {logging_mixin.py:190} INFO - [2024-10-31T20:48:31.740+0000] {override.py:1900} INFO - Created Permission View: can delete on DAG:dataset_produces_2
[2024-10-31T20:48:31.753+0000] {logging_mixin.py:190} INFO - [2024-10-31T20:48:31.752+0000] {override.py:1900} INFO - Created Permission View: can edit on DAG:dataset_produces_2
[2024-10-31T20:48:31.766+0000] {logging_mixin.py:190} INFO - [2024-10-31T20:48:31.766+0000] {override.py:1900} INFO - Created Permission View: can create on DAG Run:dataset_produces_2
[2024-10-31T20:48:31.778+0000] {logging_mixin.py:190} INFO - [2024-10-31T20:48:31.778+0000] {override.py:1900} INFO - Created Permission View: can read on DAG Run:dataset_produces_2
[2024-10-31T20:48:31.789+0000] {logging_mixin.py:190} INFO - [2024-10-31T20:48:31.789+0000] {override.py:1900} INFO - Created Permission View: menu access on DAG Run:dataset_produces_2
[2024-10-31T20:48:31.801+0000] {logging_mixin.py:190} INFO - [2024-10-31T20:48:31.800+0000] {override.py:1900} INFO - Created Permission View: can delete on DAG Run:dataset_produces_2
[2024-10-31T20:48:31.818+0000] {logging_mixin.py:190} INFO - [2024-10-31T20:48:31.818+0000] {override.py:1900} INFO - Created Permission View: can read on DAG:conditional_dataset_and_time_based_timetable
[2024-10-31T20:48:31.830+0000] {logging_mixin.py:190} INFO - [2024-10-31T20:48:31.829+0000] {override.py:1900} INFO - Created Permission View: can delete on DAG:conditional_dataset_and_time_based_timetable
[2024-10-31T20:48:31.839+0000] {logging_mixin.py:190} INFO - [2024-10-31T20:48:31.839+0000] {override.py:1900} INFO - Created Permission View: can edit on DAG:conditional_dataset_and_time_based_timetable
[2024-10-31T20:48:31.850+0000] {logging_mixin.py:190} INFO - [2024-10-31T20:48:31.850+0000] {override.py:1900} INFO - Created Permission View: can create on DAG Run:conditional_dataset_and_time_based_timetable
[2024-10-31T20:48:31.861+0000] {logging_mixin.py:190} INFO - [2024-10-31T20:48:31.860+0000] {override.py:1900} INFO - Created Permission View: can read on DAG Run:conditional_dataset_and_time_based_timetable
[2024-10-31T20:48:31.872+0000] {logging_mixin.py:190} INFO - [2024-10-31T20:48:31.871+0000] {override.py:1900} INFO - Created Permission View: menu access on DAG Run:conditional_dataset_and_time_based_timetable
[2024-10-31T20:48:31.882+0000] {logging_mixin.py:190} INFO - [2024-10-31T20:48:31.882+0000] {override.py:1900} INFO - Created Permission View: can delete on DAG Run:conditional_dataset_and_time_based_timetable
[2024-10-31T20:48:31.883+0000] {logging_mixin.py:190} INFO - [2024-10-31T20:48:31.883+0000] {dag.py:3239} INFO - Sync 10 DAGs
[2024-10-31T20:48:31.897+0000] {logging_mixin.py:190} INFO - [2024-10-31T20:48:31.897+0000] {dag.py:3262} INFO - Creating ORM DAG for dataset_consumes_1_never_scheduled
[2024-10-31T20:48:31.898+0000] {logging_mixin.py:190} INFO - [2024-10-31T20:48:31.898+0000] {dag.py:3262} INFO - Creating ORM DAG for dataset_consumes_unknown_never_scheduled
[2024-10-31T20:48:31.900+0000] {logging_mixin.py:190} INFO - [2024-10-31T20:48:31.899+0000] {dag.py:3262} INFO - Creating ORM DAG for conditional_dataset_and_time_based_timetable
[2024-10-31T20:48:31.901+0000] {logging_mixin.py:190} INFO - [2024-10-31T20:48:31.900+0000] {dag.py:3262} INFO - Creating ORM DAG for dataset_consumes_1
[2024-10-31T20:48:31.902+0000] {logging_mixin.py:190} INFO - [2024-10-31T20:48:31.902+0000] {dag.py:3262} INFO - Creating ORM DAG for dataset_produces_2
[2024-10-31T20:48:31.903+0000] {logging_mixin.py:190} INFO - [2024-10-31T20:48:31.903+0000] {dag.py:3262} INFO - Creating ORM DAG for consume_1_or_2_with_dataset_expressions
[2024-10-31T20:48:31.904+0000] {logging_mixin.py:190} INFO - [2024-10-31T20:48:31.904+0000] {dag.py:3262} INFO - Creating ORM DAG for dataset_consumes_1_and_2
[2024-10-31T20:48:31.906+0000] {logging_mixin.py:190} INFO - [2024-10-31T20:48:31.905+0000] {dag.py:3262} INFO - Creating ORM DAG for consume_1_or_both_2_and_3_with_dataset_expressions
[2024-10-31T20:48:31.907+0000] {logging_mixin.py:190} INFO - [2024-10-31T20:48:31.907+0000] {dag.py:3262} INFO - Creating ORM DAG for dataset_produces_1
[2024-10-31T20:48:31.908+0000] {logging_mixin.py:190} INFO - [2024-10-31T20:48:31.908+0000] {dag.py:3262} INFO - Creating ORM DAG for consume_1_and_2_with_dataset_expressions
[2024-10-31T20:48:31.920+0000] {logging_mixin.py:190} INFO - [2024-10-31T20:48:31.919+0000] {dag.py:4180} INFO - Setting next_dagrun for conditional_dataset_and_time_based_timetable to 2024-10-30 01:00:00+00:00, run_after=2024-10-30 01:00:00+00:00
[2024-10-31T20:48:31.921+0000] {logging_mixin.py:190} INFO - [2024-10-31T20:48:31.921+0000] {dag.py:4180} INFO - Setting next_dagrun for consume_1_and_2_with_dataset_expressions to None, run_after=None
[2024-10-31T20:48:31.922+0000] {logging_mixin.py:190} INFO - [2024-10-31T20:48:31.922+0000] {dag.py:4180} INFO - Setting next_dagrun for consume_1_or_2_with_dataset_expressions to None, run_after=None
[2024-10-31T20:48:31.923+0000] {logging_mixin.py:190} INFO - [2024-10-31T20:48:31.923+0000] {dag.py:4180} INFO - Setting next_dagrun for consume_1_or_both_2_and_3_with_dataset_expressions to None, run_after=None
[2024-10-31T20:48:31.924+0000] {logging_mixin.py:190} INFO - [2024-10-31T20:48:31.924+0000] {dag.py:4180} INFO - Setting next_dagrun for dataset_consumes_1 to None, run_after=None
[2024-10-31T20:48:31.925+0000] {logging_mixin.py:190} INFO - [2024-10-31T20:48:31.925+0000] {dag.py:4180} INFO - Setting next_dagrun for dataset_consumes_1_and_2 to None, run_after=None
[2024-10-31T20:48:31.926+0000] {logging_mixin.py:190} INFO - [2024-10-31T20:48:31.926+0000] {dag.py:4180} INFO - Setting next_dagrun for dataset_consumes_1_never_scheduled to None, run_after=None
[2024-10-31T20:48:31.928+0000] {logging_mixin.py:190} INFO - [2024-10-31T20:48:31.927+0000] {dag.py:4180} INFO - Setting next_dagrun for dataset_consumes_unknown_never_scheduled to None, run_after=None
[2024-10-31T20:48:31.930+0000] {logging_mixin.py:190} INFO - [2024-10-31T20:48:31.930+0000] {dag.py:4180} INFO - Setting next_dagrun for dataset_produces_1 to 2024-10-30 00:00:00+00:00, run_after=2024-10-31 00:00:00+00:00
[2024-10-31T20:48:31.931+0000] {logging_mixin.py:190} INFO - [2024-10-31T20:48:31.931+0000] {dag.py:4180} INFO - Setting next_dagrun for dataset_produces_2 to None, run_after=None
[2024-10-31T20:48:31.986+0000] {processor.py:208} INFO - Processing /home/airflow/.local/lib/python3.12/site-packages/airflow/example_dags/example_datasets.py took 1.408 seconds
[2024-10-31T20:49:02.073+0000] {processor.py:186} INFO - Started process (PID=128) to work on /home/airflow/.local/lib/python3.12/site-packages/airflow/example_dags/example_datasets.py
[2024-10-31T20:49:02.074+0000] {processor.py:914} INFO - Processing file /home/airflow/.local/lib/python3.12/site-packages/airflow/example_dags/example_datasets.py for tasks to queue
[2024-10-31T20:49:02.077+0000] {logging_mixin.py:190} INFO - [2024-10-31T20:49:02.077+0000] {dagbag.py:588} INFO - Filling up the DagBag from /home/airflow/.local/lib/python3.12/site-packages/airflow/example_dags/example_datasets.py
[2024-10-31T20:49:02.202+0000] {processor.py:925} INFO - DAG(s) 'dataset_produces_1', 'dataset_consumes_unknown_never_scheduled', 'dataset_consumes_1', 'consume_1_or_2_with_dataset_expressions', 'dataset_consumes_1_never_scheduled', 'conditional_dataset_and_time_based_timetable', 'consume_1_or_both_2_and_3_with_dataset_expressions', 'dataset_consumes_1_and_2', 'consume_1_and_2_with_dataset_expressions', 'dataset_produces_2' retrieved from /home/airflow/.local/lib/python3.12/site-packages/airflow/example_dags/example_datasets.py
[2024-10-31T20:49:02.238+0000] {logging_mixin.py:190} INFO - [2024-10-31T20:49:02.238+0000] {dag.py:3239} INFO - Sync 10 DAGs
[2024-10-31T20:49:02.258+0000] {logging_mixin.py:190} INFO - [2024-10-31T20:49:02.257+0000] {dag.py:4180} INFO - Setting next_dagrun for conditional_dataset_and_time_based_timetable to 2024-10-30 01:00:00+00:00, run_after=2024-10-30 01:00:00+00:00
[2024-10-31T20:49:02.261+0000] {logging_mixin.py:190} INFO - [2024-10-31T20:49:02.261+0000] {dag.py:4180} INFO - Setting next_dagrun for consume_1_and_2_with_dataset_expressions to None, run_after=None
[2024-10-31T20:49:02.263+0000] {logging_mixin.py:190} INFO - [2024-10-31T20:49:02.263+0000] {dag.py:4180} INFO - Setting next_dagrun for consume_1_or_2_with_dataset_expressions to None, run_after=None
[2024-10-31T20:49:02.265+0000] {logging_mixin.py:190} INFO - [2024-10-31T20:49:02.265+0000] {dag.py:4180} INFO - Setting next_dagrun for consume_1_or_both_2_and_3_with_dataset_expressions to None, run_after=None
[2024-10-31T20:49:02.267+0000] {logging_mixin.py:190} INFO - [2024-10-31T20:49:02.267+0000] {dag.py:4180} INFO - Setting next_dagrun for dataset_consumes_1 to None, run_after=None
[2024-10-31T20:49:02.269+0000] {logging_mixin.py:190} INFO - [2024-10-31T20:49:02.269+0000] {dag.py:4180} INFO - Setting next_dagrun for dataset_consumes_1_and_2 to None, run_after=None
[2024-10-31T20:49:02.271+0000] {logging_mixin.py:190} INFO - [2024-10-31T20:49:02.271+0000] {dag.py:4180} INFO - Setting next_dagrun for dataset_consumes_1_never_scheduled to None, run_after=None
[2024-10-31T20:49:02.273+0000] {logging_mixin.py:190} INFO - [2024-10-31T20:49:02.273+0000] {dag.py:4180} INFO - Setting next_dagrun for dataset_consumes_unknown_never_scheduled to None, run_after=None
[2024-10-31T20:49:02.274+0000] {logging_mixin.py:190} INFO - [2024-10-31T20:49:02.274+0000] {dag.py:4180} INFO - Setting next_dagrun for dataset_produces_1 to 2024-10-30 00:00:00+00:00, run_after=2024-10-31 00:00:00+00:00
[2024-10-31T20:49:02.276+0000] {logging_mixin.py:190} INFO - [2024-10-31T20:49:02.276+0000] {dag.py:4180} INFO - Setting next_dagrun for dataset_produces_2 to None, run_after=None
[2024-10-31T20:49:02.348+0000] {processor.py:208} INFO - Processing /home/airflow/.local/lib/python3.12/site-packages/airflow/example_dags/example_datasets.py took 0.280 seconds
[2024-10-31T20:51:08.200+0000] {processor.py:186} INFO - Started process (PID=56) to work on /home/airflow/.local/lib/python3.12/site-packages/airflow/example_dags/example_datasets.py
[2024-10-31T20:51:08.201+0000] {processor.py:914} INFO - Processing file /home/airflow/.local/lib/python3.12/site-packages/airflow/example_dags/example_datasets.py for tasks to queue
[2024-10-31T20:51:08.205+0000] {logging_mixin.py:190} INFO - [2024-10-31T20:51:08.205+0000] {dagbag.py:588} INFO - Filling up the DagBag from /home/airflow/.local/lib/python3.12/site-packages/airflow/example_dags/example_datasets.py
[2024-10-31T20:51:08.469+0000] {processor.py:925} INFO - DAG(s) 'dataset_consumes_unknown_never_scheduled', 'conditional_dataset_and_time_based_timetable', 'consume_1_and_2_with_dataset_expressions', 'dataset_consumes_1_never_scheduled', 'dataset_produces_2', 'dataset_consumes_1_and_2', 'consume_1_or_2_with_dataset_expressions', 'dataset_produces_1', 'dataset_consumes_1', 'consume_1_or_both_2_and_3_with_dataset_expressions' retrieved from /home/airflow/.local/lib/python3.12/site-packages/airflow/example_dags/example_datasets.py
[2024-10-31T20:51:08.535+0000] {logging_mixin.py:190} INFO - [2024-10-31T20:51:08.535+0000] {dag.py:3239} INFO - Sync 10 DAGs
[2024-10-31T20:51:08.564+0000] {logging_mixin.py:190} INFO - [2024-10-31T20:51:08.564+0000] {dag.py:4180} INFO - Setting next_dagrun for conditional_dataset_and_time_based_timetable to 2024-10-30 01:00:00+00:00, run_after=2024-10-30 01:00:00+00:00
[2024-10-31T20:51:08.570+0000] {logging_mixin.py:190} INFO - [2024-10-31T20:51:08.569+0000] {dag.py:4180} INFO - Setting next_dagrun for consume_1_and_2_with_dataset_expressions to None, run_after=None
[2024-10-31T20:51:08.573+0000] {logging_mixin.py:190} INFO - [2024-10-31T20:51:08.572+0000] {dag.py:4180} INFO - Setting next_dagrun for consume_1_or_2_with_dataset_expressions to None, run_after=None
[2024-10-31T20:51:08.575+0000] {logging_mixin.py:190} INFO - [2024-10-31T20:51:08.575+0000] {dag.py:4180} INFO - Setting next_dagrun for consume_1_or_both_2_and_3_with_dataset_expressions to None, run_after=None
[2024-10-31T20:51:08.577+0000] {logging_mixin.py:190} INFO - [2024-10-31T20:51:08.577+0000] {dag.py:4180} INFO - Setting next_dagrun for dataset_consumes_1 to None, run_after=None
[2024-10-31T20:51:08.580+0000] {logging_mixin.py:190} INFO - [2024-10-31T20:51:08.580+0000] {dag.py:4180} INFO - Setting next_dagrun for dataset_consumes_1_and_2 to None, run_after=None
[2024-10-31T20:51:08.583+0000] {logging_mixin.py:190} INFO - [2024-10-31T20:51:08.582+0000] {dag.py:4180} INFO - Setting next_dagrun for dataset_consumes_1_never_scheduled to None, run_after=None
[2024-10-31T20:51:08.585+0000] {logging_mixin.py:190} INFO - [2024-10-31T20:51:08.585+0000] {dag.py:4180} INFO - Setting next_dagrun for dataset_consumes_unknown_never_scheduled to None, run_after=None
[2024-10-31T20:51:08.588+0000] {logging_mixin.py:190} INFO - [2024-10-31T20:51:08.588+0000] {dag.py:4180} INFO - Setting next_dagrun for dataset_produces_1 to 2024-10-30 00:00:00+00:00, run_after=2024-10-31 00:00:00+00:00
[2024-10-31T20:51:08.590+0000] {logging_mixin.py:190} INFO - [2024-10-31T20:51:08.590+0000] {dag.py:4180} INFO - Setting next_dagrun for dataset_produces_2 to None, run_after=None
[2024-10-31T20:51:08.630+0000] {processor.py:208} INFO - Processing /home/airflow/.local/lib/python3.12/site-packages/airflow/example_dags/example_datasets.py took 0.438 seconds
[2024-10-31T21:44:24.272+0000] {processor.py:186} INFO - Started process (PID=75) to work on /home/airflow/.local/lib/python3.12/site-packages/airflow/example_dags/example_datasets.py
[2024-10-31T21:44:24.274+0000] {processor.py:914} INFO - Processing file /home/airflow/.local/lib/python3.12/site-packages/airflow/example_dags/example_datasets.py for tasks to queue
[2024-10-31T21:44:24.277+0000] {logging_mixin.py:190} INFO - [2024-10-31T21:44:24.277+0000] {dagbag.py:588} INFO - Filling up the DagBag from /home/airflow/.local/lib/python3.12/site-packages/airflow/example_dags/example_datasets.py
[2024-10-31T21:44:24.597+0000] {processor.py:925} INFO - DAG(s) 'dataset_consumes_unknown_never_scheduled', 'dataset_consumes_1_and_2', 'dataset_produces_2', 'consume_1_or_both_2_and_3_with_dataset_expressions', 'consume_1_or_2_with_dataset_expressions', 'conditional_dataset_and_time_based_timetable', 'dataset_consumes_1_never_scheduled', 'dataset_produces_1', 'consume_1_and_2_with_dataset_expressions', 'dataset_consumes_1' retrieved from /home/airflow/.local/lib/python3.12/site-packages/airflow/example_dags/example_datasets.py
[2024-10-31T21:44:24.676+0000] {logging_mixin.py:190} INFO - [2024-10-31T21:44:24.676+0000] {dag.py:3239} INFO - Sync 10 DAGs
[2024-10-31T21:44:24.754+0000] {logging_mixin.py:190} INFO - [2024-10-31T21:44:24.753+0000] {dag.py:4180} INFO - Setting next_dagrun for conditional_dataset_and_time_based_timetable to 2024-10-30 01:00:00+00:00, run_after=2024-10-30 01:00:00+00:00
[2024-10-31T21:44:24.767+0000] {logging_mixin.py:190} INFO - [2024-10-31T21:44:24.766+0000] {dag.py:4180} INFO - Setting next_dagrun for consume_1_and_2_with_dataset_expressions to None, run_after=None
[2024-10-31T21:44:24.770+0000] {logging_mixin.py:190} INFO - [2024-10-31T21:44:24.770+0000] {dag.py:4180} INFO - Setting next_dagrun for consume_1_or_2_with_dataset_expressions to None, run_after=None
[2024-10-31T21:44:24.774+0000] {logging_mixin.py:190} INFO - [2024-10-31T21:44:24.774+0000] {dag.py:4180} INFO - Setting next_dagrun for consume_1_or_both_2_and_3_with_dataset_expressions to None, run_after=None
[2024-10-31T21:44:24.778+0000] {logging_mixin.py:190} INFO - [2024-10-31T21:44:24.777+0000] {dag.py:4180} INFO - Setting next_dagrun for dataset_consumes_1 to None, run_after=None
[2024-10-31T21:44:24.781+0000] {logging_mixin.py:190} INFO - [2024-10-31T21:44:24.781+0000] {dag.py:4180} INFO - Setting next_dagrun for dataset_consumes_1_and_2 to None, run_after=None
[2024-10-31T21:44:24.784+0000] {logging_mixin.py:190} INFO - [2024-10-31T21:44:24.784+0000] {dag.py:4180} INFO - Setting next_dagrun for dataset_consumes_1_never_scheduled to None, run_after=None
[2024-10-31T21:44:24.787+0000] {logging_mixin.py:190} INFO - [2024-10-31T21:44:24.787+0000] {dag.py:4180} INFO - Setting next_dagrun for dataset_consumes_unknown_never_scheduled to None, run_after=None
[2024-10-31T21:44:24.800+0000] {logging_mixin.py:190} INFO - [2024-10-31T21:44:24.799+0000] {dag.py:4180} INFO - Setting next_dagrun for dataset_produces_1 to 2024-10-30 00:00:00+00:00, run_after=2024-10-31 00:00:00+00:00
[2024-10-31T21:44:24.804+0000] {logging_mixin.py:190} INFO - [2024-10-31T21:44:24.803+0000] {dag.py:4180} INFO - Setting next_dagrun for dataset_produces_2 to None, run_after=None
[2024-10-31T21:44:24.921+0000] {processor.py:208} INFO - Processing /home/airflow/.local/lib/python3.12/site-packages/airflow/example_dags/example_datasets.py took 0.663 seconds
[2024-10-31T21:44:55.443+0000] {processor.py:186} INFO - Started process (PID=138) to work on /home/airflow/.local/lib/python3.12/site-packages/airflow/example_dags/example_datasets.py
[2024-10-31T21:44:55.444+0000] {processor.py:914} INFO - Processing file /home/airflow/.local/lib/python3.12/site-packages/airflow/example_dags/example_datasets.py for tasks to queue
[2024-10-31T21:44:55.448+0000] {logging_mixin.py:190} INFO - [2024-10-31T21:44:55.447+0000] {dagbag.py:588} INFO - Filling up the DagBag from /home/airflow/.local/lib/python3.12/site-packages/airflow/example_dags/example_datasets.py
[2024-10-31T21:44:55.647+0000] {processor.py:925} INFO - DAG(s) 'consume_1_and_2_with_dataset_expressions', 'consume_1_or_2_with_dataset_expressions', 'dataset_produces_1', 'dataset_consumes_1', 'dataset_consumes_1_never_scheduled', 'dataset_produces_2', 'dataset_consumes_unknown_never_scheduled', 'dataset_consumes_1_and_2', 'consume_1_or_both_2_and_3_with_dataset_expressions', 'conditional_dataset_and_time_based_timetable' retrieved from /home/airflow/.local/lib/python3.12/site-packages/airflow/example_dags/example_datasets.py
[2024-10-31T21:44:55.704+0000] {logging_mixin.py:190} INFO - [2024-10-31T21:44:55.704+0000] {dag.py:3239} INFO - Sync 10 DAGs
[2024-10-31T21:44:55.734+0000] {logging_mixin.py:190} INFO - [2024-10-31T21:44:55.734+0000] {dag.py:4180} INFO - Setting next_dagrun for conditional_dataset_and_time_based_timetable to 2024-10-30 01:00:00+00:00, run_after=2024-10-30 01:00:00+00:00
[2024-10-31T21:44:55.740+0000] {logging_mixin.py:190} INFO - [2024-10-31T21:44:55.740+0000] {dag.py:4180} INFO - Setting next_dagrun for consume_1_and_2_with_dataset_expressions to None, run_after=None
[2024-10-31T21:44:55.743+0000] {logging_mixin.py:190} INFO - [2024-10-31T21:44:55.743+0000] {dag.py:4180} INFO - Setting next_dagrun for consume_1_or_2_with_dataset_expressions to None, run_after=None
[2024-10-31T21:44:55.745+0000] {logging_mixin.py:190} INFO - [2024-10-31T21:44:55.745+0000] {dag.py:4180} INFO - Setting next_dagrun for consume_1_or_both_2_and_3_with_dataset_expressions to None, run_after=None
[2024-10-31T21:44:55.747+0000] {logging_mixin.py:190} INFO - [2024-10-31T21:44:55.747+0000] {dag.py:4180} INFO - Setting next_dagrun for dataset_consumes_1 to None, run_after=None
[2024-10-31T21:44:55.750+0000] {logging_mixin.py:190} INFO - [2024-10-31T21:44:55.749+0000] {dag.py:4180} INFO - Setting next_dagrun for dataset_consumes_1_and_2 to None, run_after=None
[2024-10-31T21:44:55.753+0000] {logging_mixin.py:190} INFO - [2024-10-31T21:44:55.752+0000] {dag.py:4180} INFO - Setting next_dagrun for dataset_consumes_1_never_scheduled to None, run_after=None
[2024-10-31T21:44:55.755+0000] {logging_mixin.py:190} INFO - [2024-10-31T21:44:55.754+0000] {dag.py:4180} INFO - Setting next_dagrun for dataset_consumes_unknown_never_scheduled to None, run_after=None
[2024-10-31T21:44:55.758+0000] {logging_mixin.py:190} INFO - [2024-10-31T21:44:55.758+0000] {dag.py:4180} INFO - Setting next_dagrun for dataset_produces_1 to 2024-10-30 00:00:00+00:00, run_after=2024-10-31 00:00:00+00:00
[2024-10-31T21:44:55.760+0000] {logging_mixin.py:190} INFO - [2024-10-31T21:44:55.759+0000] {dag.py:4180} INFO - Setting next_dagrun for dataset_produces_2 to None, run_after=None
[2024-10-31T21:44:55.805+0000] {processor.py:208} INFO - Processing /home/airflow/.local/lib/python3.12/site-packages/airflow/example_dags/example_datasets.py took 0.370 seconds
[2024-10-31T21:45:26.120+0000] {processor.py:186} INFO - Started process (PID=200) to work on /home/airflow/.local/lib/python3.12/site-packages/airflow/example_dags/example_datasets.py
[2024-10-31T21:45:26.121+0000] {processor.py:914} INFO - Processing file /home/airflow/.local/lib/python3.12/site-packages/airflow/example_dags/example_datasets.py for tasks to queue
[2024-10-31T21:45:26.123+0000] {logging_mixin.py:190} INFO - [2024-10-31T21:45:26.123+0000] {dagbag.py:588} INFO - Filling up the DagBag from /home/airflow/.local/lib/python3.12/site-packages/airflow/example_dags/example_datasets.py
[2024-10-31T21:45:26.275+0000] {processor.py:925} INFO - DAG(s) 'conditional_dataset_and_time_based_timetable', 'dataset_consumes_1_never_scheduled', 'consume_1_or_both_2_and_3_with_dataset_expressions', 'dataset_consumes_unknown_never_scheduled', 'dataset_consumes_1', 'dataset_produces_1', 'consume_1_and_2_with_dataset_expressions', 'consume_1_or_2_with_dataset_expressions', 'dataset_produces_2', 'dataset_consumes_1_and_2' retrieved from /home/airflow/.local/lib/python3.12/site-packages/airflow/example_dags/example_datasets.py
[2024-10-31T21:45:26.320+0000] {logging_mixin.py:190} INFO - [2024-10-31T21:45:26.320+0000] {dag.py:3239} INFO - Sync 10 DAGs
[2024-10-31T21:45:26.356+0000] {logging_mixin.py:190} INFO - [2024-10-31T21:45:26.356+0000] {dag.py:4180} INFO - Setting next_dagrun for conditional_dataset_and_time_based_timetable to 2024-10-30 01:00:00+00:00, run_after=2024-10-30 01:00:00+00:00
[2024-10-31T21:45:26.361+0000] {logging_mixin.py:190} INFO - [2024-10-31T21:45:26.360+0000] {dag.py:4180} INFO - Setting next_dagrun for consume_1_and_2_with_dataset_expressions to None, run_after=None
[2024-10-31T21:45:26.362+0000] {logging_mixin.py:190} INFO - [2024-10-31T21:45:26.362+0000] {dag.py:4180} INFO - Setting next_dagrun for consume_1_or_2_with_dataset_expressions to None, run_after=None
[2024-10-31T21:45:26.364+0000] {logging_mixin.py:190} INFO - [2024-10-31T21:45:26.364+0000] {dag.py:4180} INFO - Setting next_dagrun for consume_1_or_both_2_and_3_with_dataset_expressions to None, run_after=None
[2024-10-31T21:45:26.365+0000] {logging_mixin.py:190} INFO - [2024-10-31T21:45:26.365+0000] {dag.py:4180} INFO - Setting next_dagrun for dataset_consumes_1 to None, run_after=None
[2024-10-31T21:45:26.367+0000] {logging_mixin.py:190} INFO - [2024-10-31T21:45:26.367+0000] {dag.py:4180} INFO - Setting next_dagrun for dataset_consumes_1_and_2 to None, run_after=None
[2024-10-31T21:45:26.369+0000] {logging_mixin.py:190} INFO - [2024-10-31T21:45:26.369+0000] {dag.py:4180} INFO - Setting next_dagrun for dataset_consumes_1_never_scheduled to None, run_after=None
[2024-10-31T21:45:26.371+0000] {logging_mixin.py:190} INFO - [2024-10-31T21:45:26.370+0000] {dag.py:4180} INFO - Setting next_dagrun for dataset_consumes_unknown_never_scheduled to None, run_after=None
[2024-10-31T21:45:26.373+0000] {logging_mixin.py:190} INFO - [2024-10-31T21:45:26.373+0000] {dag.py:4180} INFO - Setting next_dagrun for dataset_produces_1 to 2024-10-30 00:00:00+00:00, run_after=2024-10-31 00:00:00+00:00
[2024-10-31T21:45:26.375+0000] {logging_mixin.py:190} INFO - [2024-10-31T21:45:26.375+0000] {dag.py:4180} INFO - Setting next_dagrun for dataset_produces_2 to None, run_after=None
[2024-10-31T21:45:26.428+0000] {processor.py:208} INFO - Processing /home/airflow/.local/lib/python3.12/site-packages/airflow/example_dags/example_datasets.py took 0.313 seconds
