[2024-10-31T20:48:36.630+0000] {processor.py:186} INFO - Started process (PID=96) to work on /home/airflow/.local/lib/python3.12/site-packages/airflow/example_dags/example_sla_dag.py
[2024-10-31T20:48:36.631+0000] {processor.py:914} INFO - Processing file /home/airflow/.local/lib/python3.12/site-packages/airflow/example_dags/example_sla_dag.py for tasks to queue
[2024-10-31T20:48:36.634+0000] {logging_mixin.py:190} INFO - [2024-10-31T20:48:36.633+0000] {dagbag.py:588} INFO - Filling up the DagBag from /home/airflow/.local/lib/python3.12/site-packages/airflow/example_dags/example_sla_dag.py
[2024-10-31T20:48:36.645+0000] {processor.py:925} INFO - DAG(s) 'example_sla_dag' retrieved from /home/airflow/.local/lib/python3.12/site-packages/airflow/example_dags/example_sla_dag.py
[2024-10-31T20:48:36.755+0000] {logging_mixin.py:190} INFO - [2024-10-31T20:48:36.754+0000] {override.py:1900} INFO - Created Permission View: can read on DAG:example_sla_dag
[2024-10-31T20:48:36.766+0000] {logging_mixin.py:190} INFO - [2024-10-31T20:48:36.765+0000] {override.py:1900} INFO - Created Permission View: can delete on DAG:example_sla_dag
[2024-10-31T20:48:36.776+0000] {logging_mixin.py:190} INFO - [2024-10-31T20:48:36.776+0000] {override.py:1900} INFO - Created Permission View: can edit on DAG:example_sla_dag
[2024-10-31T20:48:36.787+0000] {logging_mixin.py:190} INFO - [2024-10-31T20:48:36.786+0000] {override.py:1900} INFO - Created Permission View: can create on DAG Run:example_sla_dag
[2024-10-31T20:48:36.794+0000] {logging_mixin.py:190} INFO - [2024-10-31T20:48:36.793+0000] {override.py:1900} INFO - Created Permission View: can read on DAG Run:example_sla_dag
[2024-10-31T20:48:36.801+0000] {logging_mixin.py:190} INFO - [2024-10-31T20:48:36.801+0000] {override.py:1900} INFO - Created Permission View: menu access on DAG Run:example_sla_dag
[2024-10-31T20:48:36.808+0000] {logging_mixin.py:190} INFO - [2024-10-31T20:48:36.808+0000] {override.py:1900} INFO - Created Permission View: can delete on DAG Run:example_sla_dag
[2024-10-31T20:48:36.809+0000] {logging_mixin.py:190} INFO - [2024-10-31T20:48:36.809+0000] {dag.py:3239} INFO - Sync 1 DAGs
[2024-10-31T20:48:36.821+0000] {logging_mixin.py:190} INFO - [2024-10-31T20:48:36.821+0000] {dag.py:3262} INFO - Creating ORM DAG for example_sla_dag
[2024-10-31T20:48:36.833+0000] {logging_mixin.py:190} INFO - [2024-10-31T20:48:36.833+0000] {dag.py:4180} INFO - Setting next_dagrun for example_sla_dag to 2024-10-31 20:46:00+00:00, run_after=2024-10-31 20:48:00+00:00
[2024-10-31T20:48:36.851+0000] {processor.py:208} INFO - Processing /home/airflow/.local/lib/python3.12/site-packages/airflow/example_dags/example_sla_dag.py took 0.227 seconds
[2024-10-31T20:49:07.461+0000] {processor.py:186} INFO - Started process (PID=158) to work on /home/airflow/.local/lib/python3.12/site-packages/airflow/example_dags/example_sla_dag.py
[2024-10-31T20:49:07.463+0000] {processor.py:914} INFO - Processing file /home/airflow/.local/lib/python3.12/site-packages/airflow/example_dags/example_sla_dag.py for tasks to queue
[2024-10-31T20:49:07.467+0000] {logging_mixin.py:190} INFO - [2024-10-31T20:49:07.466+0000] {dagbag.py:588} INFO - Filling up the DagBag from /home/airflow/.local/lib/python3.12/site-packages/airflow/example_dags/example_sla_dag.py
[2024-10-31T20:49:07.483+0000] {processor.py:925} INFO - DAG(s) 'example_sla_dag' retrieved from /home/airflow/.local/lib/python3.12/site-packages/airflow/example_dags/example_sla_dag.py
[2024-10-31T20:49:07.516+0000] {logging_mixin.py:190} INFO - [2024-10-31T20:49:07.516+0000] {dag.py:3239} INFO - Sync 1 DAGs
[2024-10-31T20:49:07.555+0000] {logging_mixin.py:190} INFO - [2024-10-31T20:49:07.555+0000] {dag.py:4180} INFO - Setting next_dagrun for example_sla_dag to 2024-10-31 20:46:00+00:00, run_after=2024-10-31 20:48:00+00:00
[2024-10-31T20:49:07.586+0000] {processor.py:208} INFO - Processing /home/airflow/.local/lib/python3.12/site-packages/airflow/example_dags/example_sla_dag.py took 0.133 seconds
[2024-10-31T20:51:10.365+0000] {processor.py:186} INFO - Started process (PID=84) to work on /home/airflow/.local/lib/python3.12/site-packages/airflow/example_dags/example_sla_dag.py
[2024-10-31T20:51:10.366+0000] {processor.py:914} INFO - Processing file /home/airflow/.local/lib/python3.12/site-packages/airflow/example_dags/example_sla_dag.py for tasks to queue
[2024-10-31T20:51:10.369+0000] {logging_mixin.py:190} INFO - [2024-10-31T20:51:10.368+0000] {dagbag.py:588} INFO - Filling up the DagBag from /home/airflow/.local/lib/python3.12/site-packages/airflow/example_dags/example_sla_dag.py
[2024-10-31T20:51:10.377+0000] {processor.py:925} INFO - DAG(s) 'example_sla_dag' retrieved from /home/airflow/.local/lib/python3.12/site-packages/airflow/example_dags/example_sla_dag.py
[2024-10-31T20:51:10.398+0000] {logging_mixin.py:190} INFO - [2024-10-31T20:51:10.398+0000] {dag.py:3239} INFO - Sync 1 DAGs
[2024-10-31T20:51:10.425+0000] {logging_mixin.py:190} INFO - [2024-10-31T20:51:10.425+0000] {dag.py:4180} INFO - Setting next_dagrun for example_sla_dag to 2024-10-31 20:48:00+00:00, run_after=2024-10-31 20:50:00+00:00
[2024-10-31T20:51:10.448+0000] {processor.py:208} INFO - Processing /home/airflow/.local/lib/python3.12/site-packages/airflow/example_dags/example_sla_dag.py took 0.087 seconds
[2024-10-31T21:44:28.202+0000] {processor.py:186} INFO - Started process (PID=103) to work on /home/airflow/.local/lib/python3.12/site-packages/airflow/example_dags/example_sla_dag.py
[2024-10-31T21:44:28.204+0000] {processor.py:914} INFO - Processing file /home/airflow/.local/lib/python3.12/site-packages/airflow/example_dags/example_sla_dag.py for tasks to queue
[2024-10-31T21:44:28.209+0000] {logging_mixin.py:190} INFO - [2024-10-31T21:44:28.208+0000] {dagbag.py:588} INFO - Filling up the DagBag from /home/airflow/.local/lib/python3.12/site-packages/airflow/example_dags/example_sla_dag.py
[2024-10-31T21:44:28.223+0000] {processor.py:925} INFO - DAG(s) 'example_sla_dag' retrieved from /home/airflow/.local/lib/python3.12/site-packages/airflow/example_dags/example_sla_dag.py
[2024-10-31T21:44:28.271+0000] {logging_mixin.py:190} INFO - [2024-10-31T21:44:28.271+0000] {dag.py:3239} INFO - Sync 1 DAGs
[2024-10-31T21:44:28.319+0000] {logging_mixin.py:190} INFO - [2024-10-31T21:44:28.319+0000] {dag.py:4180} INFO - Setting next_dagrun for example_sla_dag to 2024-10-31 21:42:00+00:00, run_after=2024-10-31 21:44:00+00:00
[2024-10-31T21:44:28.345+0000] {processor.py:208} INFO - Processing /home/airflow/.local/lib/python3.12/site-packages/airflow/example_dags/example_sla_dag.py took 0.152 seconds
[2024-10-31T21:44:58.929+0000] {processor.py:186} INFO - Started process (PID=165) to work on /home/airflow/.local/lib/python3.12/site-packages/airflow/example_dags/example_sla_dag.py
[2024-10-31T21:44:58.930+0000] {processor.py:914} INFO - Processing file /home/airflow/.local/lib/python3.12/site-packages/airflow/example_dags/example_sla_dag.py for tasks to queue
[2024-10-31T21:44:58.933+0000] {logging_mixin.py:190} INFO - [2024-10-31T21:44:58.933+0000] {dagbag.py:588} INFO - Filling up the DagBag from /home/airflow/.local/lib/python3.12/site-packages/airflow/example_dags/example_sla_dag.py
[2024-10-31T21:44:58.944+0000] {processor.py:925} INFO - DAG(s) 'example_sla_dag' retrieved from /home/airflow/.local/lib/python3.12/site-packages/airflow/example_dags/example_sla_dag.py
[2024-10-31T21:44:58.964+0000] {logging_mixin.py:190} INFO - [2024-10-31T21:44:58.964+0000] {dag.py:3239} INFO - Sync 1 DAGs
[2024-10-31T21:44:58.992+0000] {logging_mixin.py:190} INFO - [2024-10-31T21:44:58.992+0000] {dag.py:4180} INFO - Setting next_dagrun for example_sla_dag to 2024-10-31 21:42:00+00:00, run_after=2024-10-31 21:44:00+00:00
[2024-10-31T21:44:59.016+0000] {processor.py:208} INFO - Processing /home/airflow/.local/lib/python3.12/site-packages/airflow/example_dags/example_sla_dag.py took 0.092 seconds
[2024-10-31T21:45:29.415+0000] {processor.py:186} INFO - Started process (PID=227) to work on /home/airflow/.local/lib/python3.12/site-packages/airflow/example_dags/example_sla_dag.py
[2024-10-31T21:45:29.417+0000] {processor.py:914} INFO - Processing file /home/airflow/.local/lib/python3.12/site-packages/airflow/example_dags/example_sla_dag.py for tasks to queue
[2024-10-31T21:45:29.419+0000] {logging_mixin.py:190} INFO - [2024-10-31T21:45:29.419+0000] {dagbag.py:588} INFO - Filling up the DagBag from /home/airflow/.local/lib/python3.12/site-packages/airflow/example_dags/example_sla_dag.py
[2024-10-31T21:45:29.431+0000] {processor.py:925} INFO - DAG(s) 'example_sla_dag' retrieved from /home/airflow/.local/lib/python3.12/site-packages/airflow/example_dags/example_sla_dag.py
[2024-10-31T21:45:29.452+0000] {logging_mixin.py:190} INFO - [2024-10-31T21:45:29.451+0000] {dag.py:3239} INFO - Sync 1 DAGs
[2024-10-31T21:45:29.479+0000] {logging_mixin.py:190} INFO - [2024-10-31T21:45:29.479+0000] {dag.py:4180} INFO - Setting next_dagrun for example_sla_dag to 2024-10-31 21:42:00+00:00, run_after=2024-10-31 21:44:00+00:00
[2024-10-31T21:45:29.498+0000] {processor.py:208} INFO - Processing /home/airflow/.local/lib/python3.12/site-packages/airflow/example_dags/example_sla_dag.py took 0.088 seconds
