[2024-10-31T20:48:33.933+0000] {processor.py:186} INFO - Started process (PID=83) to work on /home/airflow/.local/lib/python3.12/site-packages/airflow/example_dags/example_dataset_alias.py
[2024-10-31T20:48:33.935+0000] {processor.py:914} INFO - Processing file /home/airflow/.local/lib/python3.12/site-packages/airflow/example_dags/example_dataset_alias.py for tasks to queue
[2024-10-31T20:48:33.939+0000] {logging_mixin.py:190} INFO - [2024-10-31T20:48:33.938+0000] {dagbag.py:588} INFO - Filling up the DagBag from /home/airflow/.local/lib/python3.12/site-packages/airflow/example_dags/example_dataset_alias.py
[2024-10-31T20:48:34.128+0000] {processor.py:925} INFO - DAG(s) 'dataset_alias_example_alias_producer', 'dataset_s3_bucket_consumer', 'dataset_alias_example_alias_consumer', 'dataset_s3_bucket_producer' retrieved from /home/airflow/.local/lib/python3.12/site-packages/airflow/example_dags/example_dataset_alias.py
[2024-10-31T20:48:34.227+0000] {logging_mixin.py:190} INFO - [2024-10-31T20:48:34.227+0000] {override.py:1900} INFO - Created Permission View: can read on DAG:dataset_alias_example_alias_producer
[2024-10-31T20:48:34.242+0000] {logging_mixin.py:190} INFO - [2024-10-31T20:48:34.241+0000] {override.py:1900} INFO - Created Permission View: can delete on DAG:dataset_alias_example_alias_producer
[2024-10-31T20:48:34.254+0000] {logging_mixin.py:190} INFO - [2024-10-31T20:48:34.254+0000] {override.py:1900} INFO - Created Permission View: can edit on DAG:dataset_alias_example_alias_producer
[2024-10-31T20:48:34.266+0000] {logging_mixin.py:190} INFO - [2024-10-31T20:48:34.265+0000] {override.py:1900} INFO - Created Permission View: can create on DAG Run:dataset_alias_example_alias_producer
[2024-10-31T20:48:34.274+0000] {logging_mixin.py:190} INFO - [2024-10-31T20:48:34.274+0000] {override.py:1900} INFO - Created Permission View: can read on DAG Run:dataset_alias_example_alias_producer
[2024-10-31T20:48:34.284+0000] {logging_mixin.py:190} INFO - [2024-10-31T20:48:34.283+0000] {override.py:1900} INFO - Created Permission View: menu access on DAG Run:dataset_alias_example_alias_producer
[2024-10-31T20:48:34.292+0000] {logging_mixin.py:190} INFO - [2024-10-31T20:48:34.291+0000] {override.py:1900} INFO - Created Permission View: can delete on DAG Run:dataset_alias_example_alias_producer
[2024-10-31T20:48:34.308+0000] {logging_mixin.py:190} INFO - [2024-10-31T20:48:34.308+0000] {override.py:1900} INFO - Created Permission View: can read on DAG:dataset_s3_bucket_consumer
[2024-10-31T20:48:34.319+0000] {logging_mixin.py:190} INFO - [2024-10-31T20:48:34.318+0000] {override.py:1900} INFO - Created Permission View: can delete on DAG:dataset_s3_bucket_consumer
[2024-10-31T20:48:34.327+0000] {logging_mixin.py:190} INFO - [2024-10-31T20:48:34.327+0000] {override.py:1900} INFO - Created Permission View: can edit on DAG:dataset_s3_bucket_consumer
[2024-10-31T20:48:34.338+0000] {logging_mixin.py:190} INFO - [2024-10-31T20:48:34.338+0000] {override.py:1900} INFO - Created Permission View: can create on DAG Run:dataset_s3_bucket_consumer
[2024-10-31T20:48:34.347+0000] {logging_mixin.py:190} INFO - [2024-10-31T20:48:34.347+0000] {override.py:1900} INFO - Created Permission View: can read on DAG Run:dataset_s3_bucket_consumer
[2024-10-31T20:48:34.354+0000] {logging_mixin.py:190} INFO - [2024-10-31T20:48:34.354+0000] {override.py:1900} INFO - Created Permission View: menu access on DAG Run:dataset_s3_bucket_consumer
[2024-10-31T20:48:34.362+0000] {logging_mixin.py:190} INFO - [2024-10-31T20:48:34.362+0000] {override.py:1900} INFO - Created Permission View: can delete on DAG Run:dataset_s3_bucket_consumer
[2024-10-31T20:48:34.376+0000] {logging_mixin.py:190} INFO - [2024-10-31T20:48:34.376+0000] {override.py:1900} INFO - Created Permission View: can read on DAG:dataset_alias_example_alias_consumer
[2024-10-31T20:48:34.384+0000] {logging_mixin.py:190} INFO - [2024-10-31T20:48:34.384+0000] {override.py:1900} INFO - Created Permission View: can delete on DAG:dataset_alias_example_alias_consumer
[2024-10-31T20:48:34.392+0000] {logging_mixin.py:190} INFO - [2024-10-31T20:48:34.391+0000] {override.py:1900} INFO - Created Permission View: can edit on DAG:dataset_alias_example_alias_consumer
[2024-10-31T20:48:34.401+0000] {logging_mixin.py:190} INFO - [2024-10-31T20:48:34.401+0000] {override.py:1900} INFO - Created Permission View: can create on DAG Run:dataset_alias_example_alias_consumer
[2024-10-31T20:48:34.409+0000] {logging_mixin.py:190} INFO - [2024-10-31T20:48:34.408+0000] {override.py:1900} INFO - Created Permission View: can read on DAG Run:dataset_alias_example_alias_consumer
[2024-10-31T20:48:34.418+0000] {logging_mixin.py:190} INFO - [2024-10-31T20:48:34.418+0000] {override.py:1900} INFO - Created Permission View: menu access on DAG Run:dataset_alias_example_alias_consumer
[2024-10-31T20:48:34.427+0000] {logging_mixin.py:190} INFO - [2024-10-31T20:48:34.426+0000] {override.py:1900} INFO - Created Permission View: can delete on DAG Run:dataset_alias_example_alias_consumer
[2024-10-31T20:48:34.446+0000] {logging_mixin.py:190} INFO - [2024-10-31T20:48:34.446+0000] {override.py:1900} INFO - Created Permission View: can read on DAG:dataset_s3_bucket_producer
[2024-10-31T20:48:34.458+0000] {logging_mixin.py:190} INFO - [2024-10-31T20:48:34.458+0000] {override.py:1900} INFO - Created Permission View: can delete on DAG:dataset_s3_bucket_producer
[2024-10-31T20:48:34.468+0000] {logging_mixin.py:190} INFO - [2024-10-31T20:48:34.468+0000] {override.py:1900} INFO - Created Permission View: can edit on DAG:dataset_s3_bucket_producer
[2024-10-31T20:48:34.481+0000] {logging_mixin.py:190} INFO - [2024-10-31T20:48:34.481+0000] {override.py:1900} INFO - Created Permission View: can create on DAG Run:dataset_s3_bucket_producer
[2024-10-31T20:48:34.491+0000] {logging_mixin.py:190} INFO - [2024-10-31T20:48:34.490+0000] {override.py:1900} INFO - Created Permission View: can read on DAG Run:dataset_s3_bucket_producer
[2024-10-31T20:48:34.503+0000] {logging_mixin.py:190} INFO - [2024-10-31T20:48:34.503+0000] {override.py:1900} INFO - Created Permission View: menu access on DAG Run:dataset_s3_bucket_producer
[2024-10-31T20:48:34.514+0000] {logging_mixin.py:190} INFO - [2024-10-31T20:48:34.513+0000] {override.py:1900} INFO - Created Permission View: can delete on DAG Run:dataset_s3_bucket_producer
[2024-10-31T20:48:34.515+0000] {logging_mixin.py:190} INFO - [2024-10-31T20:48:34.515+0000] {dag.py:3239} INFO - Sync 4 DAGs
[2024-10-31T20:48:34.527+0000] {logging_mixin.py:190} INFO - [2024-10-31T20:48:34.527+0000] {dag.py:3262} INFO - Creating ORM DAG for dataset_alias_example_alias_producer
[2024-10-31T20:48:34.529+0000] {logging_mixin.py:190} INFO - [2024-10-31T20:48:34.529+0000] {dag.py:3262} INFO - Creating ORM DAG for dataset_alias_example_alias_consumer
[2024-10-31T20:48:34.530+0000] {logging_mixin.py:190} INFO - [2024-10-31T20:48:34.530+0000] {dag.py:3262} INFO - Creating ORM DAG for dataset_s3_bucket_producer
[2024-10-31T20:48:34.532+0000] {logging_mixin.py:190} INFO - [2024-10-31T20:48:34.531+0000] {dag.py:3262} INFO - Creating ORM DAG for dataset_s3_bucket_consumer
[2024-10-31T20:48:34.540+0000] {logging_mixin.py:190} INFO - [2024-10-31T20:48:34.540+0000] {dag.py:4180} INFO - Setting next_dagrun for dataset_alias_example_alias_consumer to None, run_after=None
[2024-10-31T20:48:34.542+0000] {logging_mixin.py:190} INFO - [2024-10-31T20:48:34.541+0000] {dag.py:4180} INFO - Setting next_dagrun for dataset_alias_example_alias_producer to None, run_after=None
[2024-10-31T20:48:34.543+0000] {logging_mixin.py:190} INFO - [2024-10-31T20:48:34.543+0000] {dag.py:4180} INFO - Setting next_dagrun for dataset_s3_bucket_consumer to None, run_after=None
[2024-10-31T20:48:34.544+0000] {logging_mixin.py:190} INFO - [2024-10-31T20:48:34.544+0000] {dag.py:4180} INFO - Setting next_dagrun for dataset_s3_bucket_producer to None, run_after=None
[2024-10-31T20:48:34.587+0000] {processor.py:208} INFO - Processing /home/airflow/.local/lib/python3.12/site-packages/airflow/example_dags/example_dataset_alias.py took 0.661 seconds
[2024-10-31T20:49:05.226+0000] {processor.py:186} INFO - Started process (PID=145) to work on /home/airflow/.local/lib/python3.12/site-packages/airflow/example_dags/example_dataset_alias.py
[2024-10-31T20:49:05.227+0000] {processor.py:914} INFO - Processing file /home/airflow/.local/lib/python3.12/site-packages/airflow/example_dags/example_dataset_alias.py for tasks to queue
[2024-10-31T20:49:05.229+0000] {logging_mixin.py:190} INFO - [2024-10-31T20:49:05.229+0000] {dagbag.py:588} INFO - Filling up the DagBag from /home/airflow/.local/lib/python3.12/site-packages/airflow/example_dags/example_dataset_alias.py
[2024-10-31T20:49:05.369+0000] {processor.py:925} INFO - DAG(s) 'dataset_alias_example_alias_producer', 'dataset_alias_example_alias_consumer', 'dataset_s3_bucket_producer', 'dataset_s3_bucket_consumer' retrieved from /home/airflow/.local/lib/python3.12/site-packages/airflow/example_dags/example_dataset_alias.py
[2024-10-31T20:49:05.392+0000] {logging_mixin.py:190} INFO - [2024-10-31T20:49:05.392+0000] {dag.py:3239} INFO - Sync 4 DAGs
[2024-10-31T20:49:05.417+0000] {logging_mixin.py:190} INFO - [2024-10-31T20:49:05.417+0000] {dag.py:4180} INFO - Setting next_dagrun for dataset_alias_example_alias_consumer to None, run_after=None
[2024-10-31T20:49:05.421+0000] {logging_mixin.py:190} INFO - [2024-10-31T20:49:05.421+0000] {dag.py:4180} INFO - Setting next_dagrun for dataset_alias_example_alias_producer to None, run_after=None
[2024-10-31T20:49:05.423+0000] {logging_mixin.py:190} INFO - [2024-10-31T20:49:05.423+0000] {dag.py:4180} INFO - Setting next_dagrun for dataset_s3_bucket_consumer to None, run_after=None
[2024-10-31T20:49:05.425+0000] {logging_mixin.py:190} INFO - [2024-10-31T20:49:05.425+0000] {dag.py:4180} INFO - Setting next_dagrun for dataset_s3_bucket_producer to None, run_after=None
[2024-10-31T20:49:05.448+0000] {processor.py:208} INFO - Processing /home/airflow/.local/lib/python3.12/site-packages/airflow/example_dags/example_dataset_alias.py took 0.227 seconds
[2024-10-31T20:51:09.537+0000] {processor.py:186} INFO - Started process (PID=71) to work on /home/airflow/.local/lib/python3.12/site-packages/airflow/example_dags/example_dataset_alias.py
[2024-10-31T20:51:09.539+0000] {processor.py:914} INFO - Processing file /home/airflow/.local/lib/python3.12/site-packages/airflow/example_dags/example_dataset_alias.py for tasks to queue
[2024-10-31T20:51:09.541+0000] {logging_mixin.py:190} INFO - [2024-10-31T20:51:09.541+0000] {dagbag.py:588} INFO - Filling up the DagBag from /home/airflow/.local/lib/python3.12/site-packages/airflow/example_dags/example_dataset_alias.py
[2024-10-31T20:51:09.668+0000] {processor.py:925} INFO - DAG(s) 'dataset_s3_bucket_consumer', 'dataset_alias_example_alias_consumer', 'dataset_alias_example_alias_producer', 'dataset_s3_bucket_producer' retrieved from /home/airflow/.local/lib/python3.12/site-packages/airflow/example_dags/example_dataset_alias.py
[2024-10-31T20:51:09.690+0000] {logging_mixin.py:190} INFO - [2024-10-31T20:51:09.689+0000] {dag.py:3239} INFO - Sync 4 DAGs
[2024-10-31T20:51:09.711+0000] {logging_mixin.py:190} INFO - [2024-10-31T20:51:09.711+0000] {dag.py:4180} INFO - Setting next_dagrun for dataset_alias_example_alias_consumer to None, run_after=None
[2024-10-31T20:51:09.714+0000] {logging_mixin.py:190} INFO - [2024-10-31T20:51:09.714+0000] {dag.py:4180} INFO - Setting next_dagrun for dataset_alias_example_alias_producer to None, run_after=None
[2024-10-31T20:51:09.716+0000] {logging_mixin.py:190} INFO - [2024-10-31T20:51:09.716+0000] {dag.py:4180} INFO - Setting next_dagrun for dataset_s3_bucket_consumer to None, run_after=None
[2024-10-31T20:51:09.717+0000] {logging_mixin.py:190} INFO - [2024-10-31T20:51:09.717+0000] {dag.py:4180} INFO - Setting next_dagrun for dataset_s3_bucket_producer to None, run_after=None
[2024-10-31T20:51:09.739+0000] {processor.py:208} INFO - Processing /home/airflow/.local/lib/python3.12/site-packages/airflow/example_dags/example_dataset_alias.py took 0.206 seconds
[2024-10-31T21:44:26.630+0000] {processor.py:186} INFO - Started process (PID=90) to work on /home/airflow/.local/lib/python3.12/site-packages/airflow/example_dags/example_dataset_alias.py
[2024-10-31T21:44:26.632+0000] {processor.py:914} INFO - Processing file /home/airflow/.local/lib/python3.12/site-packages/airflow/example_dags/example_dataset_alias.py for tasks to queue
[2024-10-31T21:44:26.636+0000] {logging_mixin.py:190} INFO - [2024-10-31T21:44:26.635+0000] {dagbag.py:588} INFO - Filling up the DagBag from /home/airflow/.local/lib/python3.12/site-packages/airflow/example_dags/example_dataset_alias.py
[2024-10-31T21:44:26.857+0000] {processor.py:925} INFO - DAG(s) 'dataset_s3_bucket_producer', 'dataset_s3_bucket_consumer', 'dataset_alias_example_alias_consumer', 'dataset_alias_example_alias_producer' retrieved from /home/airflow/.local/lib/python3.12/site-packages/airflow/example_dags/example_dataset_alias.py
[2024-10-31T21:44:26.906+0000] {logging_mixin.py:190} INFO - [2024-10-31T21:44:26.906+0000] {dag.py:3239} INFO - Sync 4 DAGs
[2024-10-31T21:44:26.934+0000] {logging_mixin.py:190} INFO - [2024-10-31T21:44:26.934+0000] {dag.py:4180} INFO - Setting next_dagrun for dataset_alias_example_alias_consumer to None, run_after=None
[2024-10-31T21:44:26.939+0000] {logging_mixin.py:190} INFO - [2024-10-31T21:44:26.938+0000] {dag.py:4180} INFO - Setting next_dagrun for dataset_alias_example_alias_producer to None, run_after=None
[2024-10-31T21:44:26.942+0000] {logging_mixin.py:190} INFO - [2024-10-31T21:44:26.942+0000] {dag.py:4180} INFO - Setting next_dagrun for dataset_s3_bucket_consumer to None, run_after=None
[2024-10-31T21:44:26.945+0000] {logging_mixin.py:190} INFO - [2024-10-31T21:44:26.944+0000] {dag.py:4180} INFO - Setting next_dagrun for dataset_s3_bucket_producer to None, run_after=None
[2024-10-31T21:44:26.980+0000] {processor.py:208} INFO - Processing /home/airflow/.local/lib/python3.12/site-packages/airflow/example_dags/example_dataset_alias.py took 0.358 seconds
[2024-10-31T21:44:57.858+0000] {processor.py:186} INFO - Started process (PID=152) to work on /home/airflow/.local/lib/python3.12/site-packages/airflow/example_dags/example_dataset_alias.py
[2024-10-31T21:44:57.859+0000] {processor.py:914} INFO - Processing file /home/airflow/.local/lib/python3.12/site-packages/airflow/example_dags/example_dataset_alias.py for tasks to queue
[2024-10-31T21:44:57.862+0000] {logging_mixin.py:190} INFO - [2024-10-31T21:44:57.862+0000] {dagbag.py:588} INFO - Filling up the DagBag from /home/airflow/.local/lib/python3.12/site-packages/airflow/example_dags/example_dataset_alias.py
[2024-10-31T21:44:58.020+0000] {processor.py:925} INFO - DAG(s) 'dataset_s3_bucket_consumer', 'dataset_alias_example_alias_consumer', 'dataset_alias_example_alias_producer', 'dataset_s3_bucket_producer' retrieved from /home/airflow/.local/lib/python3.12/site-packages/airflow/example_dags/example_dataset_alias.py
[2024-10-31T21:44:58.045+0000] {logging_mixin.py:190} INFO - [2024-10-31T21:44:58.045+0000] {dag.py:3239} INFO - Sync 4 DAGs
[2024-10-31T21:44:58.065+0000] {logging_mixin.py:190} INFO - [2024-10-31T21:44:58.065+0000] {dag.py:4180} INFO - Setting next_dagrun for dataset_alias_example_alias_consumer to None, run_after=None
[2024-10-31T21:44:58.068+0000] {logging_mixin.py:190} INFO - [2024-10-31T21:44:58.068+0000] {dag.py:4180} INFO - Setting next_dagrun for dataset_alias_example_alias_producer to None, run_after=None
[2024-10-31T21:44:58.070+0000] {logging_mixin.py:190} INFO - [2024-10-31T21:44:58.070+0000] {dag.py:4180} INFO - Setting next_dagrun for dataset_s3_bucket_consumer to None, run_after=None
[2024-10-31T21:44:58.072+0000] {logging_mixin.py:190} INFO - [2024-10-31T21:44:58.072+0000] {dag.py:4180} INFO - Setting next_dagrun for dataset_s3_bucket_producer to None, run_after=None
[2024-10-31T21:44:58.115+0000] {processor.py:208} INFO - Processing /home/airflow/.local/lib/python3.12/site-packages/airflow/example_dags/example_dataset_alias.py took 0.263 seconds
[2024-10-31T21:45:28.267+0000] {processor.py:186} INFO - Started process (PID=214) to work on /home/airflow/.local/lib/python3.12/site-packages/airflow/example_dags/example_dataset_alias.py
[2024-10-31T21:45:28.269+0000] {processor.py:914} INFO - Processing file /home/airflow/.local/lib/python3.12/site-packages/airflow/example_dags/example_dataset_alias.py for tasks to queue
[2024-10-31T21:45:28.273+0000] {logging_mixin.py:190} INFO - [2024-10-31T21:45:28.272+0000] {dagbag.py:588} INFO - Filling up the DagBag from /home/airflow/.local/lib/python3.12/site-packages/airflow/example_dags/example_dataset_alias.py
[2024-10-31T21:45:28.481+0000] {processor.py:925} INFO - DAG(s) 'dataset_alias_example_alias_consumer', 'dataset_s3_bucket_consumer', 'dataset_s3_bucket_producer', 'dataset_alias_example_alias_producer' retrieved from /home/airflow/.local/lib/python3.12/site-packages/airflow/example_dags/example_dataset_alias.py
[2024-10-31T21:45:28.521+0000] {logging_mixin.py:190} INFO - [2024-10-31T21:45:28.520+0000] {dag.py:3239} INFO - Sync 4 DAGs
[2024-10-31T21:45:28.554+0000] {logging_mixin.py:190} INFO - [2024-10-31T21:45:28.554+0000] {dag.py:4180} INFO - Setting next_dagrun for dataset_alias_example_alias_consumer to None, run_after=None
[2024-10-31T21:45:28.559+0000] {logging_mixin.py:190} INFO - [2024-10-31T21:45:28.558+0000] {dag.py:4180} INFO - Setting next_dagrun for dataset_alias_example_alias_producer to None, run_after=None
[2024-10-31T21:45:28.561+0000] {logging_mixin.py:190} INFO - [2024-10-31T21:45:28.561+0000] {dag.py:4180} INFO - Setting next_dagrun for dataset_s3_bucket_consumer to None, run_after=None
[2024-10-31T21:45:28.564+0000] {logging_mixin.py:190} INFO - [2024-10-31T21:45:28.564+0000] {dag.py:4180} INFO - Setting next_dagrun for dataset_s3_bucket_producer to None, run_after=None
[2024-10-31T21:45:28.596+0000] {processor.py:208} INFO - Processing /home/airflow/.local/lib/python3.12/site-packages/airflow/example_dags/example_dataset_alias.py took 0.341 seconds
