[2024-10-31T20:48:38.620+0000] {processor.py:186} INFO - Started process (PID=108) to work on /home/airflow/.local/lib/python3.12/site-packages/airflow/example_dags/example_branch_datetime_operator.py
[2024-10-31T20:48:38.621+0000] {processor.py:914} INFO - Processing file /home/airflow/.local/lib/python3.12/site-packages/airflow/example_dags/example_branch_datetime_operator.py for tasks to queue
[2024-10-31T20:48:38.624+0000] {logging_mixin.py:190} INFO - [2024-10-31T20:48:38.624+0000] {dagbag.py:588} INFO - Filling up the DagBag from /home/airflow/.local/lib/python3.12/site-packages/airflow/example_dags/example_branch_datetime_operator.py
[2024-10-31T20:48:38.642+0000] {processor.py:925} INFO - DAG(s) 'example_branch_datetime_operator_3', 'example_branch_datetime_operator_2', 'example_branch_datetime_operator' retrieved from /home/airflow/.local/lib/python3.12/site-packages/airflow/example_dags/example_branch_datetime_operator.py
[2024-10-31T20:48:38.784+0000] {logging_mixin.py:190} INFO - [2024-10-31T20:48:38.781+0000] {override.py:1900} INFO - Created Permission View: can read on DAG:example_branch_datetime_operator_3
[2024-10-31T20:48:38.802+0000] {logging_mixin.py:190} INFO - [2024-10-31T20:48:38.801+0000] {override.py:1900} INFO - Created Permission View: can delete on DAG:example_branch_datetime_operator_3
[2024-10-31T20:48:38.817+0000] {logging_mixin.py:190} INFO - [2024-10-31T20:48:38.816+0000] {override.py:1900} INFO - Created Permission View: can edit on DAG:example_branch_datetime_operator_3
[2024-10-31T20:48:38.831+0000] {logging_mixin.py:190} INFO - [2024-10-31T20:48:38.830+0000] {override.py:1900} INFO - Created Permission View: can create on DAG Run:example_branch_datetime_operator_3
[2024-10-31T20:48:38.840+0000] {logging_mixin.py:190} INFO - [2024-10-31T20:48:38.840+0000] {override.py:1900} INFO - Created Permission View: can read on DAG Run:example_branch_datetime_operator_3
[2024-10-31T20:48:38.851+0000] {logging_mixin.py:190} INFO - [2024-10-31T20:48:38.850+0000] {override.py:1900} INFO - Created Permission View: menu access on DAG Run:example_branch_datetime_operator_3
[2024-10-31T20:48:38.864+0000] {logging_mixin.py:190} INFO - [2024-10-31T20:48:38.863+0000] {override.py:1900} INFO - Created Permission View: can delete on DAG Run:example_branch_datetime_operator_3
[2024-10-31T20:48:38.882+0000] {logging_mixin.py:190} INFO - [2024-10-31T20:48:38.882+0000] {override.py:1900} INFO - Created Permission View: can read on DAG:example_branch_datetime_operator_2
[2024-10-31T20:48:38.890+0000] {logging_mixin.py:190} INFO - [2024-10-31T20:48:38.889+0000] {override.py:1900} INFO - Created Permission View: can delete on DAG:example_branch_datetime_operator_2
[2024-10-31T20:48:38.900+0000] {logging_mixin.py:190} INFO - [2024-10-31T20:48:38.900+0000] {override.py:1900} INFO - Created Permission View: can edit on DAG:example_branch_datetime_operator_2
[2024-10-31T20:48:38.910+0000] {logging_mixin.py:190} INFO - [2024-10-31T20:48:38.910+0000] {override.py:1900} INFO - Created Permission View: can create on DAG Run:example_branch_datetime_operator_2
[2024-10-31T20:48:38.920+0000] {logging_mixin.py:190} INFO - [2024-10-31T20:48:38.920+0000] {override.py:1900} INFO - Created Permission View: can read on DAG Run:example_branch_datetime_operator_2
[2024-10-31T20:48:38.931+0000] {logging_mixin.py:190} INFO - [2024-10-31T20:48:38.931+0000] {override.py:1900} INFO - Created Permission View: menu access on DAG Run:example_branch_datetime_operator_2
[2024-10-31T20:48:38.940+0000] {logging_mixin.py:190} INFO - [2024-10-31T20:48:38.940+0000] {override.py:1900} INFO - Created Permission View: can delete on DAG Run:example_branch_datetime_operator_2
[2024-10-31T20:48:38.959+0000] {logging_mixin.py:190} INFO - [2024-10-31T20:48:38.958+0000] {override.py:1900} INFO - Created Permission View: can read on DAG:example_branch_datetime_operator
[2024-10-31T20:48:38.968+0000] {logging_mixin.py:190} INFO - [2024-10-31T20:48:38.968+0000] {override.py:1900} INFO - Created Permission View: can delete on DAG:example_branch_datetime_operator
[2024-10-31T20:48:38.977+0000] {logging_mixin.py:190} INFO - [2024-10-31T20:48:38.976+0000] {override.py:1900} INFO - Created Permission View: can edit on DAG:example_branch_datetime_operator
[2024-10-31T20:48:38.987+0000] {logging_mixin.py:190} INFO - [2024-10-31T20:48:38.986+0000] {override.py:1900} INFO - Created Permission View: can create on DAG Run:example_branch_datetime_operator
[2024-10-31T20:48:38.995+0000] {logging_mixin.py:190} INFO - [2024-10-31T20:48:38.995+0000] {override.py:1900} INFO - Created Permission View: can read on DAG Run:example_branch_datetime_operator
[2024-10-31T20:48:39.005+0000] {logging_mixin.py:190} INFO - [2024-10-31T20:48:39.004+0000] {override.py:1900} INFO - Created Permission View: menu access on DAG Run:example_branch_datetime_operator
[2024-10-31T20:48:39.016+0000] {logging_mixin.py:190} INFO - [2024-10-31T20:48:39.015+0000] {override.py:1900} INFO - Created Permission View: can delete on DAG Run:example_branch_datetime_operator
[2024-10-31T20:48:39.017+0000] {logging_mixin.py:190} INFO - [2024-10-31T20:48:39.017+0000] {dag.py:3239} INFO - Sync 3 DAGs
[2024-10-31T20:48:39.032+0000] {logging_mixin.py:190} INFO - [2024-10-31T20:48:39.032+0000] {dag.py:3262} INFO - Creating ORM DAG for example_branch_datetime_operator_3
[2024-10-31T20:48:39.033+0000] {logging_mixin.py:190} INFO - [2024-10-31T20:48:39.033+0000] {dag.py:3262} INFO - Creating ORM DAG for example_branch_datetime_operator_2
[2024-10-31T20:48:39.035+0000] {logging_mixin.py:190} INFO - [2024-10-31T20:48:39.034+0000] {dag.py:3262} INFO - Creating ORM DAG for example_branch_datetime_operator
[2024-10-31T20:48:39.048+0000] {logging_mixin.py:190} INFO - [2024-10-31T20:48:39.047+0000] {dag.py:4180} INFO - Setting next_dagrun for example_branch_datetime_operator to 2024-10-30 00:00:00+00:00, run_after=2024-10-31 00:00:00+00:00
[2024-10-31T20:48:39.050+0000] {logging_mixin.py:190} INFO - [2024-10-31T20:48:39.050+0000] {dag.py:4180} INFO - Setting next_dagrun for example_branch_datetime_operator_2 to 2024-10-30 00:00:00+00:00, run_after=2024-10-31 00:00:00+00:00
[2024-10-31T20:48:39.052+0000] {logging_mixin.py:190} INFO - [2024-10-31T20:48:39.052+0000] {dag.py:4180} INFO - Setting next_dagrun for example_branch_datetime_operator_3 to 2024-10-30 00:00:00+00:00, run_after=2024-10-31 00:00:00+00:00
[2024-10-31T20:48:39.078+0000] {processor.py:208} INFO - Processing /home/airflow/.local/lib/python3.12/site-packages/airflow/example_dags/example_branch_datetime_operator.py took 0.466 seconds
[2024-10-31T20:51:11.183+0000] {processor.py:186} INFO - Started process (PID=96) to work on /home/airflow/.local/lib/python3.12/site-packages/airflow/example_dags/example_branch_datetime_operator.py
[2024-10-31T20:51:11.184+0000] {processor.py:914} INFO - Processing file /home/airflow/.local/lib/python3.12/site-packages/airflow/example_dags/example_branch_datetime_operator.py for tasks to queue
[2024-10-31T20:51:11.187+0000] {logging_mixin.py:190} INFO - [2024-10-31T20:51:11.187+0000] {dagbag.py:588} INFO - Filling up the DagBag from /home/airflow/.local/lib/python3.12/site-packages/airflow/example_dags/example_branch_datetime_operator.py
[2024-10-31T20:51:11.196+0000] {processor.py:925} INFO - DAG(s) 'example_branch_datetime_operator_2', 'example_branch_datetime_operator', 'example_branch_datetime_operator_3' retrieved from /home/airflow/.local/lib/python3.12/site-packages/airflow/example_dags/example_branch_datetime_operator.py
[2024-10-31T20:51:11.219+0000] {logging_mixin.py:190} INFO - [2024-10-31T20:51:11.219+0000] {dag.py:3239} INFO - Sync 3 DAGs
[2024-10-31T20:51:11.240+0000] {logging_mixin.py:190} INFO - [2024-10-31T20:51:11.239+0000] {dag.py:4180} INFO - Setting next_dagrun for example_branch_datetime_operator to 2024-10-30 00:00:00+00:00, run_after=2024-10-31 00:00:00+00:00
[2024-10-31T20:51:11.244+0000] {logging_mixin.py:190} INFO - [2024-10-31T20:51:11.244+0000] {dag.py:4180} INFO - Setting next_dagrun for example_branch_datetime_operator_2 to 2024-10-30 00:00:00+00:00, run_after=2024-10-31 00:00:00+00:00
[2024-10-31T20:51:11.247+0000] {logging_mixin.py:190} INFO - [2024-10-31T20:51:11.247+0000] {dag.py:4180} INFO - Setting next_dagrun for example_branch_datetime_operator_3 to 2024-10-30 00:00:00+00:00, run_after=2024-10-31 00:00:00+00:00
[2024-10-31T20:51:11.264+0000] {processor.py:208} INFO - Processing /home/airflow/.local/lib/python3.12/site-packages/airflow/example_dags/example_branch_datetime_operator.py took 0.086 seconds
[2024-10-31T21:44:29.364+0000] {processor.py:186} INFO - Started process (PID=115) to work on /home/airflow/.local/lib/python3.12/site-packages/airflow/example_dags/example_branch_datetime_operator.py
[2024-10-31T21:44:29.366+0000] {processor.py:914} INFO - Processing file /home/airflow/.local/lib/python3.12/site-packages/airflow/example_dags/example_branch_datetime_operator.py for tasks to queue
[2024-10-31T21:44:29.369+0000] {logging_mixin.py:190} INFO - [2024-10-31T21:44:29.369+0000] {dagbag.py:588} INFO - Filling up the DagBag from /home/airflow/.local/lib/python3.12/site-packages/airflow/example_dags/example_branch_datetime_operator.py
[2024-10-31T21:44:29.398+0000] {processor.py:925} INFO - DAG(s) 'example_branch_datetime_operator', 'example_branch_datetime_operator_2', 'example_branch_datetime_operator_3' retrieved from /home/airflow/.local/lib/python3.12/site-packages/airflow/example_dags/example_branch_datetime_operator.py
[2024-10-31T21:44:29.470+0000] {logging_mixin.py:190} INFO - [2024-10-31T21:44:29.470+0000] {dag.py:3239} INFO - Sync 3 DAGs
[2024-10-31T21:44:29.548+0000] {logging_mixin.py:190} INFO - [2024-10-31T21:44:29.548+0000] {dag.py:4180} INFO - Setting next_dagrun for example_branch_datetime_operator to 2024-10-30 00:00:00+00:00, run_after=2024-10-31 00:00:00+00:00
[2024-10-31T21:44:29.569+0000] {logging_mixin.py:190} INFO - [2024-10-31T21:44:29.568+0000] {dag.py:4180} INFO - Setting next_dagrun for example_branch_datetime_operator_2 to 2024-10-30 00:00:00+00:00, run_after=2024-10-31 00:00:00+00:00
[2024-10-31T21:44:29.576+0000] {logging_mixin.py:190} INFO - [2024-10-31T21:44:29.575+0000] {dag.py:4180} INFO - Setting next_dagrun for example_branch_datetime_operator_3 to 2024-10-30 00:00:00+00:00, run_after=2024-10-31 00:00:00+00:00
[2024-10-31T21:44:29.621+0000] {processor.py:208} INFO - Processing /home/airflow/.local/lib/python3.12/site-packages/airflow/example_dags/example_branch_datetime_operator.py took 0.263 seconds
[2024-10-31T21:44:59.897+0000] {processor.py:186} INFO - Started process (PID=177) to work on /home/airflow/.local/lib/python3.12/site-packages/airflow/example_dags/example_branch_datetime_operator.py
[2024-10-31T21:44:59.898+0000] {processor.py:914} INFO - Processing file /home/airflow/.local/lib/python3.12/site-packages/airflow/example_dags/example_branch_datetime_operator.py for tasks to queue
[2024-10-31T21:44:59.900+0000] {logging_mixin.py:190} INFO - [2024-10-31T21:44:59.900+0000] {dagbag.py:588} INFO - Filling up the DagBag from /home/airflow/.local/lib/python3.12/site-packages/airflow/example_dags/example_branch_datetime_operator.py
[2024-10-31T21:44:59.911+0000] {processor.py:925} INFO - DAG(s) 'example_branch_datetime_operator', 'example_branch_datetime_operator_3', 'example_branch_datetime_operator_2' retrieved from /home/airflow/.local/lib/python3.12/site-packages/airflow/example_dags/example_branch_datetime_operator.py
[2024-10-31T21:44:59.944+0000] {logging_mixin.py:190} INFO - [2024-10-31T21:44:59.944+0000] {dag.py:3239} INFO - Sync 3 DAGs
[2024-10-31T21:44:59.971+0000] {logging_mixin.py:190} INFO - [2024-10-31T21:44:59.971+0000] {dag.py:4180} INFO - Setting next_dagrun for example_branch_datetime_operator to 2024-10-30 00:00:00+00:00, run_after=2024-10-31 00:00:00+00:00
[2024-10-31T21:44:59.976+0000] {logging_mixin.py:190} INFO - [2024-10-31T21:44:59.976+0000] {dag.py:4180} INFO - Setting next_dagrun for example_branch_datetime_operator_2 to 2024-10-30 00:00:00+00:00, run_after=2024-10-31 00:00:00+00:00
[2024-10-31T21:44:59.979+0000] {logging_mixin.py:190} INFO - [2024-10-31T21:44:59.979+0000] {dag.py:4180} INFO - Setting next_dagrun for example_branch_datetime_operator_3 to 2024-10-30 00:00:00+00:00, run_after=2024-10-31 00:00:00+00:00
[2024-10-31T21:44:59.999+0000] {processor.py:208} INFO - Processing /home/airflow/.local/lib/python3.12/site-packages/airflow/example_dags/example_branch_datetime_operator.py took 0.107 seconds
[2024-10-31T21:45:30.343+0000] {processor.py:186} INFO - Started process (PID=239) to work on /home/airflow/.local/lib/python3.12/site-packages/airflow/example_dags/example_branch_datetime_operator.py
[2024-10-31T21:45:30.345+0000] {processor.py:914} INFO - Processing file /home/airflow/.local/lib/python3.12/site-packages/airflow/example_dags/example_branch_datetime_operator.py for tasks to queue
[2024-10-31T21:45:30.347+0000] {logging_mixin.py:190} INFO - [2024-10-31T21:45:30.347+0000] {dagbag.py:588} INFO - Filling up the DagBag from /home/airflow/.local/lib/python3.12/site-packages/airflow/example_dags/example_branch_datetime_operator.py
[2024-10-31T21:45:30.361+0000] {processor.py:925} INFO - DAG(s) 'example_branch_datetime_operator_3', 'example_branch_datetime_operator', 'example_branch_datetime_operator_2' retrieved from /home/airflow/.local/lib/python3.12/site-packages/airflow/example_dags/example_branch_datetime_operator.py
[2024-10-31T21:45:30.391+0000] {logging_mixin.py:190} INFO - [2024-10-31T21:45:30.391+0000] {dag.py:3239} INFO - Sync 3 DAGs
[2024-10-31T21:45:30.414+0000] {logging_mixin.py:190} INFO - [2024-10-31T21:45:30.413+0000] {dag.py:4180} INFO - Setting next_dagrun for example_branch_datetime_operator to 2024-10-30 00:00:00+00:00, run_after=2024-10-31 00:00:00+00:00
[2024-10-31T21:45:30.418+0000] {logging_mixin.py:190} INFO - [2024-10-31T21:45:30.418+0000] {dag.py:4180} INFO - Setting next_dagrun for example_branch_datetime_operator_2 to 2024-10-30 00:00:00+00:00, run_after=2024-10-31 00:00:00+00:00
[2024-10-31T21:45:30.422+0000] {logging_mixin.py:190} INFO - [2024-10-31T21:45:30.422+0000] {dag.py:4180} INFO - Setting next_dagrun for example_branch_datetime_operator_3 to 2024-10-30 00:00:00+00:00, run_after=2024-10-31 00:00:00+00:00
[2024-10-31T21:45:30.444+0000] {processor.py:208} INFO - Processing /home/airflow/.local/lib/python3.12/site-packages/airflow/example_dags/example_branch_datetime_operator.py took 0.107 seconds
