[2024-10-31T20:48:32.932+0000] {processor.py:186} INFO - Started process (PID=73) to work on /home/airflow/.local/lib/python3.12/site-packages/airflow/example_dags/example_bash_operator.py
[2024-10-31T20:48:32.934+0000] {processor.py:914} INFO - Processing file /home/airflow/.local/lib/python3.12/site-packages/airflow/example_dags/example_bash_operator.py for tasks to queue
[2024-10-31T20:48:32.938+0000] {logging_mixin.py:190} INFO - [2024-10-31T20:48:32.937+0000] {dagbag.py:588} INFO - Filling up the DagBag from /home/airflow/.local/lib/python3.12/site-packages/airflow/example_dags/example_bash_operator.py
[2024-10-31T20:48:32.960+0000] {processor.py:925} INFO - DAG(s) 'example_bash_operator' retrieved from /home/airflow/.local/lib/python3.12/site-packages/airflow/example_dags/example_bash_operator.py
[2024-10-31T20:48:33.093+0000] {logging_mixin.py:190} INFO - [2024-10-31T20:48:33.092+0000] {override.py:1900} INFO - Created Permission View: can read on DAG:example_bash_operator
[2024-10-31T20:48:33.108+0000] {logging_mixin.py:190} INFO - [2024-10-31T20:48:33.108+0000] {override.py:1900} INFO - Created Permission View: can delete on DAG:example_bash_operator
[2024-10-31T20:48:33.120+0000] {logging_mixin.py:190} INFO - [2024-10-31T20:48:33.119+0000] {override.py:1900} INFO - Created Permission View: can edit on DAG:example_bash_operator
[2024-10-31T20:48:33.133+0000] {logging_mixin.py:190} INFO - [2024-10-31T20:48:33.132+0000] {override.py:1900} INFO - Created Permission View: can create on DAG Run:example_bash_operator
[2024-10-31T20:48:33.143+0000] {logging_mixin.py:190} INFO - [2024-10-31T20:48:33.143+0000] {override.py:1900} INFO - Created Permission View: can read on DAG Run:example_bash_operator
[2024-10-31T20:48:33.156+0000] {logging_mixin.py:190} INFO - [2024-10-31T20:48:33.155+0000] {override.py:1900} INFO - Created Permission View: menu access on DAG Run:example_bash_operator
[2024-10-31T20:48:33.167+0000] {logging_mixin.py:190} INFO - [2024-10-31T20:48:33.167+0000] {override.py:1900} INFO - Created Permission View: can delete on DAG Run:example_bash_operator
[2024-10-31T20:48:33.168+0000] {logging_mixin.py:190} INFO - [2024-10-31T20:48:33.168+0000] {dag.py:3239} INFO - Sync 1 DAGs
[2024-10-31T20:48:33.183+0000] {logging_mixin.py:190} INFO - [2024-10-31T20:48:33.183+0000] {dag.py:3262} INFO - Creating ORM DAG for example_bash_operator
[2024-10-31T20:48:33.194+0000] {logging_mixin.py:190} INFO - [2024-10-31T20:48:33.194+0000] {dag.py:4180} INFO - Setting next_dagrun for example_bash_operator to 2024-10-30 00:00:00+00:00, run_after=2024-10-31 00:00:00+00:00
[2024-10-31T20:48:33.218+0000] {processor.py:208} INFO - Processing /home/airflow/.local/lib/python3.12/site-packages/airflow/example_dags/example_bash_operator.py took 0.295 seconds
[2024-10-31T20:49:03.928+0000] {processor.py:186} INFO - Started process (PID=141) to work on /home/airflow/.local/lib/python3.12/site-packages/airflow/example_dags/example_bash_operator.py
[2024-10-31T20:49:03.931+0000] {processor.py:914} INFO - Processing file /home/airflow/.local/lib/python3.12/site-packages/airflow/example_dags/example_bash_operator.py for tasks to queue
[2024-10-31T20:49:03.934+0000] {logging_mixin.py:190} INFO - [2024-10-31T20:49:03.934+0000] {dagbag.py:588} INFO - Filling up the DagBag from /home/airflow/.local/lib/python3.12/site-packages/airflow/example_dags/example_bash_operator.py
[2024-10-31T20:49:03.946+0000] {processor.py:925} INFO - DAG(s) 'example_bash_operator' retrieved from /home/airflow/.local/lib/python3.12/site-packages/airflow/example_dags/example_bash_operator.py
[2024-10-31T20:49:03.976+0000] {logging_mixin.py:190} INFO - [2024-10-31T20:49:03.976+0000] {dag.py:3239} INFO - Sync 1 DAGs
[2024-10-31T20:49:04.003+0000] {logging_mixin.py:190} INFO - [2024-10-31T20:49:04.003+0000] {dag.py:4180} INFO - Setting next_dagrun for example_bash_operator to 2024-10-30 00:00:00+00:00, run_after=2024-10-31 00:00:00+00:00
[2024-10-31T20:49:04.026+0000] {processor.py:208} INFO - Processing /home/airflow/.local/lib/python3.12/site-packages/airflow/example_dags/example_bash_operator.py took 0.102 seconds
[2024-10-31T20:51:09.208+0000] {processor.py:186} INFO - Started process (PID=67) to work on /home/airflow/.local/lib/python3.12/site-packages/airflow/example_dags/example_bash_operator.py
[2024-10-31T20:51:09.209+0000] {processor.py:914} INFO - Processing file /home/airflow/.local/lib/python3.12/site-packages/airflow/example_dags/example_bash_operator.py for tasks to queue
[2024-10-31T20:51:09.212+0000] {logging_mixin.py:190} INFO - [2024-10-31T20:51:09.212+0000] {dagbag.py:588} INFO - Filling up the DagBag from /home/airflow/.local/lib/python3.12/site-packages/airflow/example_dags/example_bash_operator.py
[2024-10-31T20:51:09.226+0000] {processor.py:925} INFO - DAG(s) 'example_bash_operator' retrieved from /home/airflow/.local/lib/python3.12/site-packages/airflow/example_dags/example_bash_operator.py
[2024-10-31T20:51:09.253+0000] {logging_mixin.py:190} INFO - [2024-10-31T20:51:09.253+0000] {dag.py:3239} INFO - Sync 1 DAGs
[2024-10-31T20:51:09.273+0000] {logging_mixin.py:190} INFO - [2024-10-31T20:51:09.272+0000] {dag.py:4180} INFO - Setting next_dagrun for example_bash_operator to 2024-10-30 00:00:00+00:00, run_after=2024-10-31 00:00:00+00:00
[2024-10-31T20:51:09.290+0000] {processor.py:208} INFO - Processing /home/airflow/.local/lib/python3.12/site-packages/airflow/example_dags/example_bash_operator.py took 0.086 seconds
[2024-10-31T21:44:26.131+0000] {processor.py:186} INFO - Started process (PID=86) to work on /home/airflow/.local/lib/python3.12/site-packages/airflow/example_dags/example_bash_operator.py
[2024-10-31T21:44:26.133+0000] {processor.py:914} INFO - Processing file /home/airflow/.local/lib/python3.12/site-packages/airflow/example_dags/example_bash_operator.py for tasks to queue
[2024-10-31T21:44:26.136+0000] {logging_mixin.py:190} INFO - [2024-10-31T21:44:26.136+0000] {dagbag.py:588} INFO - Filling up the DagBag from /home/airflow/.local/lib/python3.12/site-packages/airflow/example_dags/example_bash_operator.py
[2024-10-31T21:44:26.165+0000] {processor.py:925} INFO - DAG(s) 'example_bash_operator' retrieved from /home/airflow/.local/lib/python3.12/site-packages/airflow/example_dags/example_bash_operator.py
[2024-10-31T21:44:26.205+0000] {logging_mixin.py:190} INFO - [2024-10-31T21:44:26.205+0000] {dag.py:3239} INFO - Sync 1 DAGs
[2024-10-31T21:44:26.242+0000] {logging_mixin.py:190} INFO - [2024-10-31T21:44:26.242+0000] {dag.py:4180} INFO - Setting next_dagrun for example_bash_operator to 2024-10-30 00:00:00+00:00, run_after=2024-10-31 00:00:00+00:00
[2024-10-31T21:44:26.278+0000] {processor.py:208} INFO - Processing /home/airflow/.local/lib/python3.12/site-packages/airflow/example_dags/example_bash_operator.py took 0.153 seconds
[2024-10-31T21:44:56.513+0000] {processor.py:186} INFO - Started process (PID=148) to work on /home/airflow/.local/lib/python3.12/site-packages/airflow/example_dags/example_bash_operator.py
[2024-10-31T21:44:56.515+0000] {processor.py:914} INFO - Processing file /home/airflow/.local/lib/python3.12/site-packages/airflow/example_dags/example_bash_operator.py for tasks to queue
[2024-10-31T21:44:56.517+0000] {logging_mixin.py:190} INFO - [2024-10-31T21:44:56.516+0000] {dagbag.py:588} INFO - Filling up the DagBag from /home/airflow/.local/lib/python3.12/site-packages/airflow/example_dags/example_bash_operator.py
[2024-10-31T21:44:56.535+0000] {processor.py:925} INFO - DAG(s) 'example_bash_operator' retrieved from /home/airflow/.local/lib/python3.12/site-packages/airflow/example_dags/example_bash_operator.py
[2024-10-31T21:44:56.566+0000] {logging_mixin.py:190} INFO - [2024-10-31T21:44:56.565+0000] {dag.py:3239} INFO - Sync 1 DAGs
[2024-10-31T21:44:56.608+0000] {logging_mixin.py:190} INFO - [2024-10-31T21:44:56.608+0000] {dag.py:4180} INFO - Setting next_dagrun for example_bash_operator to 2024-10-30 00:00:00+00:00, run_after=2024-10-31 00:00:00+00:00
[2024-10-31T21:44:56.637+0000] {processor.py:208} INFO - Processing /home/airflow/.local/lib/python3.12/site-packages/airflow/example_dags/example_bash_operator.py took 0.133 seconds
[2024-10-31T21:45:26.950+0000] {processor.py:186} INFO - Started process (PID=210) to work on /home/airflow/.local/lib/python3.12/site-packages/airflow/example_dags/example_bash_operator.py
[2024-10-31T21:45:26.951+0000] {processor.py:914} INFO - Processing file /home/airflow/.local/lib/python3.12/site-packages/airflow/example_dags/example_bash_operator.py for tasks to queue
[2024-10-31T21:45:26.954+0000] {logging_mixin.py:190} INFO - [2024-10-31T21:45:26.954+0000] {dagbag.py:588} INFO - Filling up the DagBag from /home/airflow/.local/lib/python3.12/site-packages/airflow/example_dags/example_bash_operator.py
[2024-10-31T21:45:26.969+0000] {processor.py:925} INFO - DAG(s) 'example_bash_operator' retrieved from /home/airflow/.local/lib/python3.12/site-packages/airflow/example_dags/example_bash_operator.py
[2024-10-31T21:45:27.001+0000] {logging_mixin.py:190} INFO - [2024-10-31T21:45:27.000+0000] {dag.py:3239} INFO - Sync 1 DAGs
[2024-10-31T21:45:27.035+0000] {logging_mixin.py:190} INFO - [2024-10-31T21:45:27.035+0000] {dag.py:4180} INFO - Setting next_dagrun for example_bash_operator to 2024-10-30 00:00:00+00:00, run_after=2024-10-31 00:00:00+00:00
[2024-10-31T21:45:27.071+0000] {processor.py:208} INFO - Processing /home/airflow/.local/lib/python3.12/site-packages/airflow/example_dags/example_bash_operator.py took 0.127 seconds
