[2024-10-31T20:48:30.193+0000] {processor.py:186} INFO - Started process (PID=61) to work on /home/airflow/.local/lib/python3.12/site-packages/airflow/example_dags/example_task_group.py
[2024-10-31T20:48:30.195+0000] {processor.py:914} INFO - Processing file /home/airflow/.local/lib/python3.12/site-packages/airflow/example_dags/example_task_group.py for tasks to queue
[2024-10-31T20:48:30.202+0000] {logging_mixin.py:190} INFO - [2024-10-31T20:48:30.201+0000] {dagbag.py:588} INFO - Filling up the DagBag from /home/airflow/.local/lib/python3.12/site-packages/airflow/example_dags/example_task_group.py
[2024-10-31T20:48:30.212+0000] {processor.py:925} INFO - DAG(s) 'example_task_group' retrieved from /home/airflow/.local/lib/python3.12/site-packages/airflow/example_dags/example_task_group.py
[2024-10-31T20:48:30.407+0000] {logging_mixin.py:190} INFO - [2024-10-31T20:48:30.406+0000] {override.py:1900} INFO - Created Permission View: can read on DAG:example_task_group
[2024-10-31T20:48:30.425+0000] {logging_mixin.py:190} INFO - [2024-10-31T20:48:30.425+0000] {override.py:1900} INFO - Created Permission View: can delete on DAG:example_task_group
[2024-10-31T20:48:30.438+0000] {logging_mixin.py:190} INFO - [2024-10-31T20:48:30.437+0000] {override.py:1900} INFO - Created Permission View: can edit on DAG:example_task_group
[2024-10-31T20:48:30.452+0000] {logging_mixin.py:190} INFO - [2024-10-31T20:48:30.451+0000] {override.py:1900} INFO - Created Permission View: can create on DAG Run:example_task_group
[2024-10-31T20:48:30.467+0000] {logging_mixin.py:190} INFO - [2024-10-31T20:48:30.466+0000] {override.py:1900} INFO - Created Permission View: can read on DAG Run:example_task_group
[2024-10-31T20:48:30.477+0000] {logging_mixin.py:190} INFO - [2024-10-31T20:48:30.477+0000] {override.py:1900} INFO - Created Permission View: menu access on DAG Run:example_task_group
[2024-10-31T20:48:30.492+0000] {logging_mixin.py:190} INFO - [2024-10-31T20:48:30.492+0000] {override.py:1900} INFO - Created Permission View: can delete on DAG Run:example_task_group
[2024-10-31T20:48:30.493+0000] {logging_mixin.py:190} INFO - [2024-10-31T20:48:30.493+0000] {dag.py:3239} INFO - Sync 1 DAGs
[2024-10-31T20:48:30.512+0000] {logging_mixin.py:190} INFO - [2024-10-31T20:48:30.511+0000] {dag.py:3262} INFO - Creating ORM DAG for example_task_group
[2024-10-31T20:48:30.513+0000] {logging_mixin.py:190} INFO - [2024-10-31T20:48:30.513+0000] {dag.py:4180} INFO - Setting next_dagrun for example_task_group to None, run_after=None
[2024-10-31T20:48:30.534+0000] {processor.py:208} INFO - Processing /home/airflow/.local/lib/python3.12/site-packages/airflow/example_dags/example_task_group.py took 0.348 seconds
[2024-10-31T20:49:01.435+0000] {processor.py:186} INFO - Started process (PID=123) to work on /home/airflow/.local/lib/python3.12/site-packages/airflow/example_dags/example_task_group.py
[2024-10-31T20:49:01.437+0000] {processor.py:914} INFO - Processing file /home/airflow/.local/lib/python3.12/site-packages/airflow/example_dags/example_task_group.py for tasks to queue
[2024-10-31T20:49:01.440+0000] {logging_mixin.py:190} INFO - [2024-10-31T20:49:01.440+0000] {dagbag.py:588} INFO - Filling up the DagBag from /home/airflow/.local/lib/python3.12/site-packages/airflow/example_dags/example_task_group.py
[2024-10-31T20:49:01.448+0000] {processor.py:925} INFO - DAG(s) 'example_task_group' retrieved from /home/airflow/.local/lib/python3.12/site-packages/airflow/example_dags/example_task_group.py
[2024-10-31T20:49:01.467+0000] {logging_mixin.py:190} INFO - [2024-10-31T20:49:01.467+0000] {dag.py:3239} INFO - Sync 1 DAGs
[2024-10-31T20:49:01.478+0000] {logging_mixin.py:190} INFO - [2024-10-31T20:49:01.478+0000] {dag.py:4180} INFO - Setting next_dagrun for example_task_group to None, run_after=None
[2024-10-31T20:49:01.495+0000] {processor.py:208} INFO - Processing /home/airflow/.local/lib/python3.12/site-packages/airflow/example_dags/example_task_group.py took 0.066 seconds
[2024-10-31T20:51:08.067+0000] {processor.py:186} INFO - Started process (PID=55) to work on /home/airflow/.local/lib/python3.12/site-packages/airflow/example_dags/example_task_group.py
[2024-10-31T20:51:08.069+0000] {processor.py:914} INFO - Processing file /home/airflow/.local/lib/python3.12/site-packages/airflow/example_dags/example_task_group.py for tasks to queue
[2024-10-31T20:51:08.072+0000] {logging_mixin.py:190} INFO - [2024-10-31T20:51:08.072+0000] {dagbag.py:588} INFO - Filling up the DagBag from /home/airflow/.local/lib/python3.12/site-packages/airflow/example_dags/example_task_group.py
[2024-10-31T20:51:08.084+0000] {processor.py:925} INFO - DAG(s) 'example_task_group' retrieved from /home/airflow/.local/lib/python3.12/site-packages/airflow/example_dags/example_task_group.py
[2024-10-31T20:51:08.118+0000] {logging_mixin.py:190} INFO - [2024-10-31T20:51:08.118+0000] {dag.py:3239} INFO - Sync 1 DAGs
[2024-10-31T20:51:08.133+0000] {logging_mixin.py:190} INFO - [2024-10-31T20:51:08.132+0000] {dag.py:4180} INFO - Setting next_dagrun for example_task_group to None, run_after=None
[2024-10-31T20:51:08.153+0000] {processor.py:208} INFO - Processing /home/airflow/.local/lib/python3.12/site-packages/airflow/example_dags/example_task_group.py took 0.092 seconds
[2024-10-31T21:44:24.114+0000] {processor.py:186} INFO - Started process (PID=74) to work on /home/airflow/.local/lib/python3.12/site-packages/airflow/example_dags/example_task_group.py
[2024-10-31T21:44:24.116+0000] {processor.py:914} INFO - Processing file /home/airflow/.local/lib/python3.12/site-packages/airflow/example_dags/example_task_group.py for tasks to queue
[2024-10-31T21:44:24.119+0000] {logging_mixin.py:190} INFO - [2024-10-31T21:44:24.118+0000] {dagbag.py:588} INFO - Filling up the DagBag from /home/airflow/.local/lib/python3.12/site-packages/airflow/example_dags/example_task_group.py
[2024-10-31T21:44:24.132+0000] {processor.py:925} INFO - DAG(s) 'example_task_group' retrieved from /home/airflow/.local/lib/python3.12/site-packages/airflow/example_dags/example_task_group.py
[2024-10-31T21:44:24.166+0000] {logging_mixin.py:190} INFO - [2024-10-31T21:44:24.166+0000] {dag.py:3239} INFO - Sync 1 DAGs
[2024-10-31T21:44:24.179+0000] {logging_mixin.py:190} INFO - [2024-10-31T21:44:24.179+0000] {dag.py:4180} INFO - Setting next_dagrun for example_task_group to None, run_after=None
[2024-10-31T21:44:24.209+0000] {processor.py:208} INFO - Processing /home/airflow/.local/lib/python3.12/site-packages/airflow/example_dags/example_task_group.py took 0.101 seconds
[2024-10-31T21:44:54.308+0000] {processor.py:186} INFO - Started process (PID=136) to work on /home/airflow/.local/lib/python3.12/site-packages/airflow/example_dags/example_task_group.py
[2024-10-31T21:44:54.310+0000] {processor.py:914} INFO - Processing file /home/airflow/.local/lib/python3.12/site-packages/airflow/example_dags/example_task_group.py for tasks to queue
[2024-10-31T21:44:54.313+0000] {logging_mixin.py:190} INFO - [2024-10-31T21:44:54.312+0000] {dagbag.py:588} INFO - Filling up the DagBag from /home/airflow/.local/lib/python3.12/site-packages/airflow/example_dags/example_task_group.py
[2024-10-31T21:44:54.323+0000] {processor.py:925} INFO - DAG(s) 'example_task_group' retrieved from /home/airflow/.local/lib/python3.12/site-packages/airflow/example_dags/example_task_group.py
[2024-10-31T21:44:54.344+0000] {logging_mixin.py:190} INFO - [2024-10-31T21:44:54.343+0000] {dag.py:3239} INFO - Sync 1 DAGs
[2024-10-31T21:44:54.358+0000] {logging_mixin.py:190} INFO - [2024-10-31T21:44:54.358+0000] {dag.py:4180} INFO - Setting next_dagrun for example_task_group to None, run_after=None
[2024-10-31T21:44:54.382+0000] {processor.py:208} INFO - Processing /home/airflow/.local/lib/python3.12/site-packages/airflow/example_dags/example_task_group.py took 0.079 seconds
[2024-10-31T21:45:24.952+0000] {processor.py:186} INFO - Started process (PID=198) to work on /home/airflow/.local/lib/python3.12/site-packages/airflow/example_dags/example_task_group.py
[2024-10-31T21:45:24.954+0000] {processor.py:914} INFO - Processing file /home/airflow/.local/lib/python3.12/site-packages/airflow/example_dags/example_task_group.py for tasks to queue
[2024-10-31T21:45:24.957+0000] {logging_mixin.py:190} INFO - [2024-10-31T21:45:24.957+0000] {dagbag.py:588} INFO - Filling up the DagBag from /home/airflow/.local/lib/python3.12/site-packages/airflow/example_dags/example_task_group.py
[2024-10-31T21:45:24.968+0000] {processor.py:925} INFO - DAG(s) 'example_task_group' retrieved from /home/airflow/.local/lib/python3.12/site-packages/airflow/example_dags/example_task_group.py
[2024-10-31T21:45:24.998+0000] {logging_mixin.py:190} INFO - [2024-10-31T21:45:24.998+0000] {dag.py:3239} INFO - Sync 1 DAGs
[2024-10-31T21:45:25.021+0000] {logging_mixin.py:190} INFO - [2024-10-31T21:45:25.021+0000] {dag.py:4180} INFO - Setting next_dagrun for example_task_group to None, run_after=None
[2024-10-31T21:45:25.057+0000] {processor.py:208} INFO - Processing /home/airflow/.local/lib/python3.12/site-packages/airflow/example_dags/example_task_group.py took 0.112 seconds
