[2024-10-31T20:48:29.685+0000] {processor.py:186} INFO - Started process (PID=59) to work on /home/airflow/.local/lib/python3.12/site-packages/airflow/example_dags/example_nested_branch_dag.py
[2024-10-31T20:48:29.686+0000] {processor.py:914} INFO - Processing file /home/airflow/.local/lib/python3.12/site-packages/airflow/example_dags/example_nested_branch_dag.py for tasks to queue
[2024-10-31T20:48:29.690+0000] {logging_mixin.py:190} INFO - [2024-10-31T20:48:29.689+0000] {dagbag.py:588} INFO - Filling up the DagBag from /home/airflow/.local/lib/python3.12/site-packages/airflow/example_dags/example_nested_branch_dag.py
[2024-10-31T20:48:29.714+0000] {processor.py:925} INFO - DAG(s) 'example_nested_branch_dag' retrieved from /home/airflow/.local/lib/python3.12/site-packages/airflow/example_dags/example_nested_branch_dag.py
[2024-10-31T20:48:29.976+0000] {logging_mixin.py:190} INFO - [2024-10-31T20:48:29.975+0000] {override.py:1900} INFO - Created Permission View: can read on DAG:example_nested_branch_dag
[2024-10-31T20:48:29.990+0000] {logging_mixin.py:190} INFO - [2024-10-31T20:48:29.989+0000] {override.py:1900} INFO - Created Permission View: can delete on DAG:example_nested_branch_dag
[2024-10-31T20:48:30.002+0000] {logging_mixin.py:190} INFO - [2024-10-31T20:48:30.001+0000] {override.py:1900} INFO - Created Permission View: can edit on DAG:example_nested_branch_dag
[2024-10-31T20:48:30.017+0000] {logging_mixin.py:190} INFO - [2024-10-31T20:48:30.017+0000] {override.py:1900} INFO - Created Permission View: can create on DAG Run:example_nested_branch_dag
[2024-10-31T20:48:30.027+0000] {logging_mixin.py:190} INFO - [2024-10-31T20:48:30.026+0000] {override.py:1900} INFO - Created Permission View: can read on DAG Run:example_nested_branch_dag
[2024-10-31T20:48:30.040+0000] {logging_mixin.py:190} INFO - [2024-10-31T20:48:30.039+0000] {override.py:1900} INFO - Created Permission View: menu access on DAG Run:example_nested_branch_dag
[2024-10-31T20:48:30.052+0000] {logging_mixin.py:190} INFO - [2024-10-31T20:48:30.051+0000] {override.py:1900} INFO - Created Permission View: can delete on DAG Run:example_nested_branch_dag
[2024-10-31T20:48:30.053+0000] {logging_mixin.py:190} INFO - [2024-10-31T20:48:30.053+0000] {dag.py:3239} INFO - Sync 1 DAGs
[2024-10-31T20:48:30.072+0000] {logging_mixin.py:190} INFO - [2024-10-31T20:48:30.071+0000] {dag.py:3262} INFO - Creating ORM DAG for example_nested_branch_dag
[2024-10-31T20:48:30.090+0000] {logging_mixin.py:190} INFO - [2024-10-31T20:48:30.089+0000] {dag.py:4180} INFO - Setting next_dagrun for example_nested_branch_dag to 2024-10-30 00:00:00+00:00, run_after=2024-10-31 00:00:00+00:00
[2024-10-31T20:48:30.129+0000] {processor.py:208} INFO - Processing /home/airflow/.local/lib/python3.12/site-packages/airflow/example_dags/example_nested_branch_dag.py took 0.454 seconds
[2024-10-31T20:49:00.394+0000] {processor.py:186} INFO - Started process (PID=121) to work on /home/airflow/.local/lib/python3.12/site-packages/airflow/example_dags/example_nested_branch_dag.py
[2024-10-31T20:49:00.396+0000] {processor.py:914} INFO - Processing file /home/airflow/.local/lib/python3.12/site-packages/airflow/example_dags/example_nested_branch_dag.py for tasks to queue
[2024-10-31T20:49:00.399+0000] {logging_mixin.py:190} INFO - [2024-10-31T20:49:00.399+0000] {dagbag.py:588} INFO - Filling up the DagBag from /home/airflow/.local/lib/python3.12/site-packages/airflow/example_dags/example_nested_branch_dag.py
[2024-10-31T20:49:00.409+0000] {processor.py:925} INFO - DAG(s) 'example_nested_branch_dag' retrieved from /home/airflow/.local/lib/python3.12/site-packages/airflow/example_dags/example_nested_branch_dag.py
[2024-10-31T20:49:00.434+0000] {logging_mixin.py:190} INFO - [2024-10-31T20:49:00.434+0000] {dag.py:3239} INFO - Sync 1 DAGs
[2024-10-31T20:49:00.454+0000] {logging_mixin.py:190} INFO - [2024-10-31T20:49:00.454+0000] {dag.py:4180} INFO - Setting next_dagrun for example_nested_branch_dag to 2024-10-30 00:00:00+00:00, run_after=2024-10-31 00:00:00+00:00
[2024-10-31T20:49:00.475+0000] {processor.py:208} INFO - Processing /home/airflow/.local/lib/python3.12/site-packages/airflow/example_dags/example_nested_branch_dag.py took 0.087 seconds
[2024-10-31T20:51:07.892+0000] {processor.py:186} INFO - Started process (PID=53) to work on /home/airflow/.local/lib/python3.12/site-packages/airflow/example_dags/example_nested_branch_dag.py
[2024-10-31T20:51:07.894+0000] {processor.py:914} INFO - Processing file /home/airflow/.local/lib/python3.12/site-packages/airflow/example_dags/example_nested_branch_dag.py for tasks to queue
[2024-10-31T20:51:07.898+0000] {logging_mixin.py:190} INFO - [2024-10-31T20:51:07.897+0000] {dagbag.py:588} INFO - Filling up the DagBag from /home/airflow/.local/lib/python3.12/site-packages/airflow/example_dags/example_nested_branch_dag.py
[2024-10-31T20:51:07.912+0000] {processor.py:925} INFO - DAG(s) 'example_nested_branch_dag' retrieved from /home/airflow/.local/lib/python3.12/site-packages/airflow/example_dags/example_nested_branch_dag.py
[2024-10-31T20:51:07.959+0000] {logging_mixin.py:190} INFO - [2024-10-31T20:51:07.958+0000] {dag.py:3239} INFO - Sync 1 DAGs
[2024-10-31T20:51:07.989+0000] {logging_mixin.py:190} INFO - [2024-10-31T20:51:07.988+0000] {dag.py:4180} INFO - Setting next_dagrun for example_nested_branch_dag to 2024-10-30 00:00:00+00:00, run_after=2024-10-31 00:00:00+00:00
[2024-10-31T20:51:08.014+0000] {processor.py:208} INFO - Processing /home/airflow/.local/lib/python3.12/site-packages/airflow/example_dags/example_nested_branch_dag.py took 0.129 seconds
[2024-10-31T21:44:23.889+0000] {processor.py:186} INFO - Started process (PID=66) to work on /home/airflow/.local/lib/python3.12/site-packages/airflow/example_dags/example_nested_branch_dag.py
[2024-10-31T21:44:23.891+0000] {processor.py:914} INFO - Processing file /home/airflow/.local/lib/python3.12/site-packages/airflow/example_dags/example_nested_branch_dag.py for tasks to queue
[2024-10-31T21:44:23.896+0000] {logging_mixin.py:190} INFO - [2024-10-31T21:44:23.896+0000] {dagbag.py:588} INFO - Filling up the DagBag from /home/airflow/.local/lib/python3.12/site-packages/airflow/example_dags/example_nested_branch_dag.py
[2024-10-31T21:44:23.927+0000] {processor.py:925} INFO - DAG(s) 'example_nested_branch_dag' retrieved from /home/airflow/.local/lib/python3.12/site-packages/airflow/example_dags/example_nested_branch_dag.py
[2024-10-31T21:44:23.981+0000] {logging_mixin.py:190} INFO - [2024-10-31T21:44:23.981+0000] {dag.py:3239} INFO - Sync 1 DAGs
[2024-10-31T21:44:24.021+0000] {logging_mixin.py:190} INFO - [2024-10-31T21:44:24.020+0000] {dag.py:4180} INFO - Setting next_dagrun for example_nested_branch_dag to 2024-10-30 00:00:00+00:00, run_after=2024-10-31 00:00:00+00:00
[2024-10-31T21:44:24.049+0000] {processor.py:208} INFO - Processing /home/airflow/.local/lib/python3.12/site-packages/airflow/example_dags/example_nested_branch_dag.py took 0.172 seconds
[2024-10-31T21:44:54.124+0000] {processor.py:186} INFO - Started process (PID=135) to work on /home/airflow/.local/lib/python3.12/site-packages/airflow/example_dags/example_nested_branch_dag.py
[2024-10-31T21:44:54.127+0000] {processor.py:914} INFO - Processing file /home/airflow/.local/lib/python3.12/site-packages/airflow/example_dags/example_nested_branch_dag.py for tasks to queue
[2024-10-31T21:44:54.132+0000] {logging_mixin.py:190} INFO - [2024-10-31T21:44:54.131+0000] {dagbag.py:588} INFO - Filling up the DagBag from /home/airflow/.local/lib/python3.12/site-packages/airflow/example_dags/example_nested_branch_dag.py
[2024-10-31T21:44:54.162+0000] {processor.py:925} INFO - DAG(s) 'example_nested_branch_dag' retrieved from /home/airflow/.local/lib/python3.12/site-packages/airflow/example_dags/example_nested_branch_dag.py
[2024-10-31T21:44:54.202+0000] {logging_mixin.py:190} INFO - [2024-10-31T21:44:54.201+0000] {dag.py:3239} INFO - Sync 1 DAGs
[2024-10-31T21:44:54.249+0000] {logging_mixin.py:190} INFO - [2024-10-31T21:44:54.248+0000] {dag.py:4180} INFO - Setting next_dagrun for example_nested_branch_dag to 2024-10-30 00:00:00+00:00, run_after=2024-10-31 00:00:00+00:00
[2024-10-31T21:44:54.277+0000] {processor.py:208} INFO - Processing /home/airflow/.local/lib/python3.12/site-packages/airflow/example_dags/example_nested_branch_dag.py took 0.165 seconds
[2024-10-31T21:45:24.758+0000] {processor.py:186} INFO - Started process (PID=196) to work on /home/airflow/.local/lib/python3.12/site-packages/airflow/example_dags/example_nested_branch_dag.py
[2024-10-31T21:45:24.760+0000] {processor.py:914} INFO - Processing file /home/airflow/.local/lib/python3.12/site-packages/airflow/example_dags/example_nested_branch_dag.py for tasks to queue
[2024-10-31T21:45:24.764+0000] {logging_mixin.py:190} INFO - [2024-10-31T21:45:24.763+0000] {dagbag.py:588} INFO - Filling up the DagBag from /home/airflow/.local/lib/python3.12/site-packages/airflow/example_dags/example_nested_branch_dag.py
[2024-10-31T21:45:24.781+0000] {processor.py:925} INFO - DAG(s) 'example_nested_branch_dag' retrieved from /home/airflow/.local/lib/python3.12/site-packages/airflow/example_dags/example_nested_branch_dag.py
[2024-10-31T21:45:24.816+0000] {logging_mixin.py:190} INFO - [2024-10-31T21:45:24.816+0000] {dag.py:3239} INFO - Sync 1 DAGs
[2024-10-31T21:45:24.853+0000] {logging_mixin.py:190} INFO - [2024-10-31T21:45:24.853+0000] {dag.py:4180} INFO - Setting next_dagrun for example_nested_branch_dag to 2024-10-30 00:00:00+00:00, run_after=2024-10-31 00:00:00+00:00
[2024-10-31T21:45:24.892+0000] {processor.py:208} INFO - Processing /home/airflow/.local/lib/python3.12/site-packages/airflow/example_dags/example_nested_branch_dag.py took 0.142 seconds
