[2024-10-31T20:48:36.624+0000] {processor.py:186} INFO - Started process (PID=95) to work on /home/airflow/.local/lib/python3.12/site-packages/airflow/example_dags/example_params_ui_tutorial.py
[2024-10-31T20:48:36.626+0000] {processor.py:914} INFO - Processing file /home/airflow/.local/lib/python3.12/site-packages/airflow/example_dags/example_params_ui_tutorial.py for tasks to queue
[2024-10-31T20:48:36.630+0000] {logging_mixin.py:190} INFO - [2024-10-31T20:48:36.629+0000] {dagbag.py:588} INFO - Filling up the DagBag from /home/airflow/.local/lib/python3.12/site-packages/airflow/example_dags/example_params_ui_tutorial.py
[2024-10-31T20:48:36.640+0000] {processor.py:925} INFO - DAG(s) 'example_params_ui_tutorial' retrieved from /home/airflow/.local/lib/python3.12/site-packages/airflow/example_dags/example_params_ui_tutorial.py
[2024-10-31T20:48:36.770+0000] {logging_mixin.py:190} INFO - [2024-10-31T20:48:36.769+0000] {override.py:1900} INFO - Created Permission View: can read on DAG:example_params_ui_tutorial
[2024-10-31T20:48:36.780+0000] {logging_mixin.py:190} INFO - [2024-10-31T20:48:36.780+0000] {override.py:1900} INFO - Created Permission View: can delete on DAG:example_params_ui_tutorial
[2024-10-31T20:48:36.788+0000] {logging_mixin.py:190} INFO - [2024-10-31T20:48:36.788+0000] {override.py:1900} INFO - Created Permission View: can edit on DAG:example_params_ui_tutorial
[2024-10-31T20:48:36.798+0000] {logging_mixin.py:190} INFO - [2024-10-31T20:48:36.798+0000] {override.py:1900} INFO - Created Permission View: can create on DAG Run:example_params_ui_tutorial
[2024-10-31T20:48:36.805+0000] {logging_mixin.py:190} INFO - [2024-10-31T20:48:36.805+0000] {override.py:1900} INFO - Created Permission View: can read on DAG Run:example_params_ui_tutorial
[2024-10-31T20:48:36.813+0000] {logging_mixin.py:190} INFO - [2024-10-31T20:48:36.813+0000] {override.py:1900} INFO - Created Permission View: menu access on DAG Run:example_params_ui_tutorial
[2024-10-31T20:48:36.822+0000] {logging_mixin.py:190} INFO - [2024-10-31T20:48:36.821+0000] {override.py:1900} INFO - Created Permission View: can delete on DAG Run:example_params_ui_tutorial
[2024-10-31T20:48:36.822+0000] {logging_mixin.py:190} INFO - [2024-10-31T20:48:36.822+0000] {dag.py:3239} INFO - Sync 1 DAGs
[2024-10-31T20:48:36.835+0000] {logging_mixin.py:190} INFO - [2024-10-31T20:48:36.835+0000] {dag.py:3262} INFO - Creating ORM DAG for example_params_ui_tutorial
[2024-10-31T20:48:36.837+0000] {logging_mixin.py:190} INFO - [2024-10-31T20:48:36.837+0000] {dag.py:4180} INFO - Setting next_dagrun for example_params_ui_tutorial to None, run_after=None
[2024-10-31T20:48:36.859+0000] {processor.py:208} INFO - Processing /home/airflow/.local/lib/python3.12/site-packages/airflow/example_dags/example_params_ui_tutorial.py took 0.240 seconds
[2024-10-31T20:49:07.326+0000] {processor.py:186} INFO - Started process (PID=157) to work on /home/airflow/.local/lib/python3.12/site-packages/airflow/example_dags/example_params_ui_tutorial.py
[2024-10-31T20:49:07.328+0000] {processor.py:914} INFO - Processing file /home/airflow/.local/lib/python3.12/site-packages/airflow/example_dags/example_params_ui_tutorial.py for tasks to queue
[2024-10-31T20:49:07.332+0000] {logging_mixin.py:190} INFO - [2024-10-31T20:49:07.332+0000] {dagbag.py:588} INFO - Filling up the DagBag from /home/airflow/.local/lib/python3.12/site-packages/airflow/example_dags/example_params_ui_tutorial.py
[2024-10-31T20:49:07.347+0000] {processor.py:925} INFO - DAG(s) 'example_params_ui_tutorial' retrieved from /home/airflow/.local/lib/python3.12/site-packages/airflow/example_dags/example_params_ui_tutorial.py
[2024-10-31T20:49:07.432+0000] {logging_mixin.py:190} INFO - [2024-10-31T20:49:07.431+0000] {dag.py:3239} INFO - Sync 1 DAGs
[2024-10-31T20:49:07.454+0000] {logging_mixin.py:190} INFO - [2024-10-31T20:49:07.454+0000] {dag.py:4180} INFO - Setting next_dagrun for example_params_ui_tutorial to None, run_after=None
[2024-10-31T20:49:07.488+0000] {processor.py:208} INFO - Processing /home/airflow/.local/lib/python3.12/site-packages/airflow/example_dags/example_params_ui_tutorial.py took 0.171 seconds
[2024-10-31T20:51:10.339+0000] {processor.py:186} INFO - Started process (PID=83) to work on /home/airflow/.local/lib/python3.12/site-packages/airflow/example_dags/example_params_ui_tutorial.py
[2024-10-31T20:51:10.340+0000] {processor.py:914} INFO - Processing file /home/airflow/.local/lib/python3.12/site-packages/airflow/example_dags/example_params_ui_tutorial.py for tasks to queue
[2024-10-31T20:51:10.343+0000] {logging_mixin.py:190} INFO - [2024-10-31T20:51:10.342+0000] {dagbag.py:588} INFO - Filling up the DagBag from /home/airflow/.local/lib/python3.12/site-packages/airflow/example_dags/example_params_ui_tutorial.py
[2024-10-31T20:51:10.351+0000] {processor.py:925} INFO - DAG(s) 'example_params_ui_tutorial' retrieved from /home/airflow/.local/lib/python3.12/site-packages/airflow/example_dags/example_params_ui_tutorial.py
[2024-10-31T20:51:10.391+0000] {logging_mixin.py:190} INFO - [2024-10-31T20:51:10.390+0000] {dag.py:3239} INFO - Sync 1 DAGs
[2024-10-31T20:51:10.407+0000] {logging_mixin.py:190} INFO - [2024-10-31T20:51:10.406+0000] {dag.py:4180} INFO - Setting next_dagrun for example_params_ui_tutorial to None, run_after=None
[2024-10-31T20:51:10.427+0000] {processor.py:208} INFO - Processing /home/airflow/.local/lib/python3.12/site-packages/airflow/example_dags/example_params_ui_tutorial.py took 0.093 seconds
[2024-10-31T21:44:27.990+0000] {processor.py:186} INFO - Started process (PID=102) to work on /home/airflow/.local/lib/python3.12/site-packages/airflow/example_dags/example_params_ui_tutorial.py
[2024-10-31T21:44:27.991+0000] {processor.py:914} INFO - Processing file /home/airflow/.local/lib/python3.12/site-packages/airflow/example_dags/example_params_ui_tutorial.py for tasks to queue
[2024-10-31T21:44:27.995+0000] {logging_mixin.py:190} INFO - [2024-10-31T21:44:27.995+0000] {dagbag.py:588} INFO - Filling up the DagBag from /home/airflow/.local/lib/python3.12/site-packages/airflow/example_dags/example_params_ui_tutorial.py
[2024-10-31T21:44:28.008+0000] {processor.py:925} INFO - DAG(s) 'example_params_ui_tutorial' retrieved from /home/airflow/.local/lib/python3.12/site-packages/airflow/example_dags/example_params_ui_tutorial.py
[2024-10-31T21:44:28.064+0000] {logging_mixin.py:190} INFO - [2024-10-31T21:44:28.064+0000] {dag.py:3239} INFO - Sync 1 DAGs
[2024-10-31T21:44:28.084+0000] {logging_mixin.py:190} INFO - [2024-10-31T21:44:28.083+0000] {dag.py:4180} INFO - Setting next_dagrun for example_params_ui_tutorial to None, run_after=None
[2024-10-31T21:44:28.122+0000] {processor.py:208} INFO - Processing /home/airflow/.local/lib/python3.12/site-packages/airflow/example_dags/example_params_ui_tutorial.py took 0.141 seconds
[2024-10-31T21:44:58.796+0000] {processor.py:186} INFO - Started process (PID=164) to work on /home/airflow/.local/lib/python3.12/site-packages/airflow/example_dags/example_params_ui_tutorial.py
[2024-10-31T21:44:58.798+0000] {processor.py:914} INFO - Processing file /home/airflow/.local/lib/python3.12/site-packages/airflow/example_dags/example_params_ui_tutorial.py for tasks to queue
[2024-10-31T21:44:58.800+0000] {logging_mixin.py:190} INFO - [2024-10-31T21:44:58.800+0000] {dagbag.py:588} INFO - Filling up the DagBag from /home/airflow/.local/lib/python3.12/site-packages/airflow/example_dags/example_params_ui_tutorial.py
[2024-10-31T21:44:58.810+0000] {processor.py:925} INFO - DAG(s) 'example_params_ui_tutorial' retrieved from /home/airflow/.local/lib/python3.12/site-packages/airflow/example_dags/example_params_ui_tutorial.py
[2024-10-31T21:44:58.863+0000] {logging_mixin.py:190} INFO - [2024-10-31T21:44:58.863+0000] {dag.py:3239} INFO - Sync 1 DAGs
[2024-10-31T21:44:58.888+0000] {logging_mixin.py:190} INFO - [2024-10-31T21:44:58.888+0000] {dag.py:4180} INFO - Setting next_dagrun for example_params_ui_tutorial to None, run_after=None
[2024-10-31T21:44:58.919+0000] {processor.py:208} INFO - Processing /home/airflow/.local/lib/python3.12/site-packages/airflow/example_dags/example_params_ui_tutorial.py took 0.128 seconds
[2024-10-31T21:45:29.390+0000] {processor.py:186} INFO - Started process (PID=226) to work on /home/airflow/.local/lib/python3.12/site-packages/airflow/example_dags/example_params_ui_tutorial.py
[2024-10-31T21:45:29.392+0000] {processor.py:914} INFO - Processing file /home/airflow/.local/lib/python3.12/site-packages/airflow/example_dags/example_params_ui_tutorial.py for tasks to queue
[2024-10-31T21:45:29.395+0000] {logging_mixin.py:190} INFO - [2024-10-31T21:45:29.395+0000] {dagbag.py:588} INFO - Filling up the DagBag from /home/airflow/.local/lib/python3.12/site-packages/airflow/example_dags/example_params_ui_tutorial.py
[2024-10-31T21:45:29.405+0000] {processor.py:925} INFO - DAG(s) 'example_params_ui_tutorial' retrieved from /home/airflow/.local/lib/python3.12/site-packages/airflow/example_dags/example_params_ui_tutorial.py
[2024-10-31T21:45:29.450+0000] {logging_mixin.py:190} INFO - [2024-10-31T21:45:29.450+0000] {dag.py:3239} INFO - Sync 1 DAGs
[2024-10-31T21:45:29.464+0000] {logging_mixin.py:190} INFO - [2024-10-31T21:45:29.463+0000] {dag.py:4180} INFO - Setting next_dagrun for example_params_ui_tutorial to None, run_after=None
[2024-10-31T21:45:29.497+0000] {processor.py:208} INFO - Processing /home/airflow/.local/lib/python3.12/site-packages/airflow/example_dags/example_params_ui_tutorial.py took 0.113 seconds
