[2024-10-31T20:48:36.363+0000] {processor.py:186} INFO - Started process (PID=94) to work on /home/airflow/.local/lib/python3.12/site-packages/airflow/example_dags/example_setup_teardown_taskflow.py
[2024-10-31T20:48:36.364+0000] {processor.py:914} INFO - Processing file /home/airflow/.local/lib/python3.12/site-packages/airflow/example_dags/example_setup_teardown_taskflow.py for tasks to queue
[2024-10-31T20:48:36.367+0000] {logging_mixin.py:190} INFO - [2024-10-31T20:48:36.367+0000] {dagbag.py:588} INFO - Filling up the DagBag from /home/airflow/.local/lib/python3.12/site-packages/airflow/example_dags/example_setup_teardown_taskflow.py
[2024-10-31T20:48:36.377+0000] {processor.py:925} INFO - DAG(s) 'example_setup_teardown_taskflow' retrieved from /home/airflow/.local/lib/python3.12/site-packages/airflow/example_dags/example_setup_teardown_taskflow.py
[2024-10-31T20:48:36.462+0000] {logging_mixin.py:190} INFO - [2024-10-31T20:48:36.462+0000] {override.py:1900} INFO - Created Permission View: can read on DAG:example_setup_teardown_taskflow
[2024-10-31T20:48:36.471+0000] {logging_mixin.py:190} INFO - [2024-10-31T20:48:36.471+0000] {override.py:1900} INFO - Created Permission View: can delete on DAG:example_setup_teardown_taskflow
[2024-10-31T20:48:36.499+0000] {logging_mixin.py:190} INFO - [2024-10-31T20:48:36.498+0000] {override.py:1900} INFO - Created Permission View: can edit on DAG:example_setup_teardown_taskflow
[2024-10-31T20:48:36.509+0000] {logging_mixin.py:190} INFO - [2024-10-31T20:48:36.509+0000] {override.py:1900} INFO - Created Permission View: can create on DAG Run:example_setup_teardown_taskflow
[2024-10-31T20:48:36.516+0000] {logging_mixin.py:190} INFO - [2024-10-31T20:48:36.516+0000] {override.py:1900} INFO - Created Permission View: can read on DAG Run:example_setup_teardown_taskflow
[2024-10-31T20:48:36.525+0000] {logging_mixin.py:190} INFO - [2024-10-31T20:48:36.524+0000] {override.py:1900} INFO - Created Permission View: menu access on DAG Run:example_setup_teardown_taskflow
[2024-10-31T20:48:36.532+0000] {logging_mixin.py:190} INFO - [2024-10-31T20:48:36.532+0000] {override.py:1900} INFO - Created Permission View: can delete on DAG Run:example_setup_teardown_taskflow
[2024-10-31T20:48:36.533+0000] {logging_mixin.py:190} INFO - [2024-10-31T20:48:36.533+0000] {dag.py:3239} INFO - Sync 1 DAGs
[2024-10-31T20:48:36.545+0000] {logging_mixin.py:190} INFO - [2024-10-31T20:48:36.544+0000] {dag.py:3262} INFO - Creating ORM DAG for example_setup_teardown_taskflow
[2024-10-31T20:48:36.546+0000] {logging_mixin.py:190} INFO - [2024-10-31T20:48:36.546+0000] {dag.py:4180} INFO - Setting next_dagrun for example_setup_teardown_taskflow to None, run_after=None
[2024-10-31T20:48:36.570+0000] {processor.py:208} INFO - Processing /home/airflow/.local/lib/python3.12/site-packages/airflow/example_dags/example_setup_teardown_taskflow.py took 0.215 seconds
[2024-10-31T20:49:07.290+0000] {processor.py:186} INFO - Started process (PID=156) to work on /home/airflow/.local/lib/python3.12/site-packages/airflow/example_dags/example_setup_teardown_taskflow.py
[2024-10-31T20:49:07.291+0000] {processor.py:914} INFO - Processing file /home/airflow/.local/lib/python3.12/site-packages/airflow/example_dags/example_setup_teardown_taskflow.py for tasks to queue
[2024-10-31T20:49:07.297+0000] {logging_mixin.py:190} INFO - [2024-10-31T20:49:07.296+0000] {dagbag.py:588} INFO - Filling up the DagBag from /home/airflow/.local/lib/python3.12/site-packages/airflow/example_dags/example_setup_teardown_taskflow.py
[2024-10-31T20:49:07.315+0000] {processor.py:925} INFO - DAG(s) 'example_setup_teardown_taskflow' retrieved from /home/airflow/.local/lib/python3.12/site-packages/airflow/example_dags/example_setup_teardown_taskflow.py
[2024-10-31T20:49:07.352+0000] {logging_mixin.py:190} INFO - [2024-10-31T20:49:07.352+0000] {dag.py:3239} INFO - Sync 1 DAGs
[2024-10-31T20:49:07.374+0000] {logging_mixin.py:190} INFO - [2024-10-31T20:49:07.373+0000] {dag.py:4180} INFO - Setting next_dagrun for example_setup_teardown_taskflow to None, run_after=None
[2024-10-31T20:49:07.416+0000] {processor.py:208} INFO - Processing /home/airflow/.local/lib/python3.12/site-packages/airflow/example_dags/example_setup_teardown_taskflow.py took 0.136 seconds
[2024-10-31T20:51:10.264+0000] {processor.py:186} INFO - Started process (PID=82) to work on /home/airflow/.local/lib/python3.12/site-packages/airflow/example_dags/example_setup_teardown_taskflow.py
[2024-10-31T20:51:10.265+0000] {processor.py:914} INFO - Processing file /home/airflow/.local/lib/python3.12/site-packages/airflow/example_dags/example_setup_teardown_taskflow.py for tasks to queue
[2024-10-31T20:51:10.267+0000] {logging_mixin.py:190} INFO - [2024-10-31T20:51:10.267+0000] {dagbag.py:588} INFO - Filling up the DagBag from /home/airflow/.local/lib/python3.12/site-packages/airflow/example_dags/example_setup_teardown_taskflow.py
[2024-10-31T20:51:10.278+0000] {processor.py:925} INFO - DAG(s) 'example_setup_teardown_taskflow' retrieved from /home/airflow/.local/lib/python3.12/site-packages/airflow/example_dags/example_setup_teardown_taskflow.py
[2024-10-31T20:51:10.299+0000] {logging_mixin.py:190} INFO - [2024-10-31T20:51:10.299+0000] {dag.py:3239} INFO - Sync 1 DAGs
[2024-10-31T20:51:10.313+0000] {logging_mixin.py:190} INFO - [2024-10-31T20:51:10.313+0000] {dag.py:4180} INFO - Setting next_dagrun for example_setup_teardown_taskflow to None, run_after=None
[2024-10-31T20:51:10.334+0000] {processor.py:208} INFO - Processing /home/airflow/.local/lib/python3.12/site-packages/airflow/example_dags/example_setup_teardown_taskflow.py took 0.075 seconds
[2024-10-31T21:44:27.818+0000] {processor.py:186} INFO - Started process (PID=101) to work on /home/airflow/.local/lib/python3.12/site-packages/airflow/example_dags/example_setup_teardown_taskflow.py
[2024-10-31T21:44:27.820+0000] {processor.py:914} INFO - Processing file /home/airflow/.local/lib/python3.12/site-packages/airflow/example_dags/example_setup_teardown_taskflow.py for tasks to queue
[2024-10-31T21:44:27.824+0000] {logging_mixin.py:190} INFO - [2024-10-31T21:44:27.824+0000] {dagbag.py:588} INFO - Filling up the DagBag from /home/airflow/.local/lib/python3.12/site-packages/airflow/example_dags/example_setup_teardown_taskflow.py
[2024-10-31T21:44:27.843+0000] {processor.py:925} INFO - DAG(s) 'example_setup_teardown_taskflow' retrieved from /home/airflow/.local/lib/python3.12/site-packages/airflow/example_dags/example_setup_teardown_taskflow.py
[2024-10-31T21:44:27.879+0000] {logging_mixin.py:190} INFO - [2024-10-31T21:44:27.879+0000] {dag.py:3239} INFO - Sync 1 DAGs
[2024-10-31T21:44:27.899+0000] {logging_mixin.py:190} INFO - [2024-10-31T21:44:27.898+0000] {dag.py:4180} INFO - Setting next_dagrun for example_setup_teardown_taskflow to None, run_after=None
[2024-10-31T21:44:27.930+0000] {processor.py:208} INFO - Processing /home/airflow/.local/lib/python3.12/site-packages/airflow/example_dags/example_setup_teardown_taskflow.py took 0.120 seconds
[2024-10-31T21:44:58.796+0000] {processor.py:186} INFO - Started process (PID=163) to work on /home/airflow/.local/lib/python3.12/site-packages/airflow/example_dags/example_setup_teardown_taskflow.py
[2024-10-31T21:44:58.797+0000] {processor.py:914} INFO - Processing file /home/airflow/.local/lib/python3.12/site-packages/airflow/example_dags/example_setup_teardown_taskflow.py for tasks to queue
[2024-10-31T21:44:58.800+0000] {logging_mixin.py:190} INFO - [2024-10-31T21:44:58.800+0000] {dagbag.py:588} INFO - Filling up the DagBag from /home/airflow/.local/lib/python3.12/site-packages/airflow/example_dags/example_setup_teardown_taskflow.py
[2024-10-31T21:44:58.813+0000] {processor.py:925} INFO - DAG(s) 'example_setup_teardown_taskflow' retrieved from /home/airflow/.local/lib/python3.12/site-packages/airflow/example_dags/example_setup_teardown_taskflow.py
[2024-10-31T21:44:58.834+0000] {logging_mixin.py:190} INFO - [2024-10-31T21:44:58.833+0000] {dag.py:3239} INFO - Sync 1 DAGs
[2024-10-31T21:44:58.850+0000] {logging_mixin.py:190} INFO - [2024-10-31T21:44:58.850+0000] {dag.py:4180} INFO - Setting next_dagrun for example_setup_teardown_taskflow to None, run_after=None
[2024-10-31T21:44:58.885+0000] {processor.py:208} INFO - Processing /home/airflow/.local/lib/python3.12/site-packages/airflow/example_dags/example_setup_teardown_taskflow.py took 0.094 seconds
[2024-10-31T21:45:29.289+0000] {processor.py:186} INFO - Started process (PID=225) to work on /home/airflow/.local/lib/python3.12/site-packages/airflow/example_dags/example_setup_teardown_taskflow.py
[2024-10-31T21:45:29.291+0000] {processor.py:914} INFO - Processing file /home/airflow/.local/lib/python3.12/site-packages/airflow/example_dags/example_setup_teardown_taskflow.py for tasks to queue
[2024-10-31T21:45:29.293+0000] {logging_mixin.py:190} INFO - [2024-10-31T21:45:29.293+0000] {dagbag.py:588} INFO - Filling up the DagBag from /home/airflow/.local/lib/python3.12/site-packages/airflow/example_dags/example_setup_teardown_taskflow.py
[2024-10-31T21:45:29.305+0000] {processor.py:925} INFO - DAG(s) 'example_setup_teardown_taskflow' retrieved from /home/airflow/.local/lib/python3.12/site-packages/airflow/example_dags/example_setup_teardown_taskflow.py
[2024-10-31T21:45:29.331+0000] {logging_mixin.py:190} INFO - [2024-10-31T21:45:29.331+0000] {dag.py:3239} INFO - Sync 1 DAGs
[2024-10-31T21:45:29.346+0000] {logging_mixin.py:190} INFO - [2024-10-31T21:45:29.346+0000] {dag.py:4180} INFO - Setting next_dagrun for example_setup_teardown_taskflow to None, run_after=None
[2024-10-31T21:45:29.373+0000] {processor.py:208} INFO - Processing /home/airflow/.local/lib/python3.12/site-packages/airflow/example_dags/example_setup_teardown_taskflow.py took 0.090 seconds
