[2024-10-31T20:48:38.166+0000] {processor.py:186} INFO - Started process (PID=105) to work on /home/airflow/.local/lib/python3.12/site-packages/airflow/example_dags/example_trigger_target_dag.py
[2024-10-31T20:48:38.167+0000] {processor.py:914} INFO - Processing file /home/airflow/.local/lib/python3.12/site-packages/airflow/example_dags/example_trigger_target_dag.py for tasks to queue
[2024-10-31T20:48:38.170+0000] {logging_mixin.py:190} INFO - [2024-10-31T20:48:38.169+0000] {dagbag.py:588} INFO - Filling up the DagBag from /home/airflow/.local/lib/python3.12/site-packages/airflow/example_dags/example_trigger_target_dag.py
[2024-10-31T20:48:38.182+0000] {processor.py:925} INFO - DAG(s) 'example_trigger_target_dag' retrieved from /home/airflow/.local/lib/python3.12/site-packages/airflow/example_dags/example_trigger_target_dag.py
[2024-10-31T20:48:38.309+0000] {logging_mixin.py:190} INFO - [2024-10-31T20:48:38.308+0000] {override.py:1900} INFO - Created Permission View: can read on DAG:example_trigger_target_dag
[2024-10-31T20:48:38.324+0000] {logging_mixin.py:190} INFO - [2024-10-31T20:48:38.323+0000] {override.py:1900} INFO - Created Permission View: can delete on DAG:example_trigger_target_dag
[2024-10-31T20:48:38.336+0000] {logging_mixin.py:190} INFO - [2024-10-31T20:48:38.335+0000] {override.py:1900} INFO - Created Permission View: can edit on DAG:example_trigger_target_dag
[2024-10-31T20:48:38.349+0000] {logging_mixin.py:190} INFO - [2024-10-31T20:48:38.348+0000] {override.py:1900} INFO - Created Permission View: can create on DAG Run:example_trigger_target_dag
[2024-10-31T20:48:38.358+0000] {logging_mixin.py:190} INFO - [2024-10-31T20:48:38.358+0000] {override.py:1900} INFO - Created Permission View: can read on DAG Run:example_trigger_target_dag
[2024-10-31T20:48:38.370+0000] {logging_mixin.py:190} INFO - [2024-10-31T20:48:38.369+0000] {override.py:1900} INFO - Created Permission View: menu access on DAG Run:example_trigger_target_dag
[2024-10-31T20:48:38.380+0000] {logging_mixin.py:190} INFO - [2024-10-31T20:48:38.380+0000] {override.py:1900} INFO - Created Permission View: can delete on DAG Run:example_trigger_target_dag
[2024-10-31T20:48:38.381+0000] {logging_mixin.py:190} INFO - [2024-10-31T20:48:38.381+0000] {dag.py:3239} INFO - Sync 1 DAGs
[2024-10-31T20:48:38.395+0000] {logging_mixin.py:190} INFO - [2024-10-31T20:48:38.395+0000] {dag.py:3262} INFO - Creating ORM DAG for example_trigger_target_dag
[2024-10-31T20:48:38.396+0000] {logging_mixin.py:190} INFO - [2024-10-31T20:48:38.396+0000] {dag.py:4180} INFO - Setting next_dagrun for example_trigger_target_dag to None, run_after=None
[2024-10-31T20:48:38.417+0000] {processor.py:208} INFO - Processing /home/airflow/.local/lib/python3.12/site-packages/airflow/example_dags/example_trigger_target_dag.py took 0.260 seconds
[2024-10-31T20:51:10.983+0000] {processor.py:186} INFO - Started process (PID=93) to work on /home/airflow/.local/lib/python3.12/site-packages/airflow/example_dags/example_trigger_target_dag.py
[2024-10-31T20:51:10.984+0000] {processor.py:914} INFO - Processing file /home/airflow/.local/lib/python3.12/site-packages/airflow/example_dags/example_trigger_target_dag.py for tasks to queue
[2024-10-31T20:51:10.987+0000] {logging_mixin.py:190} INFO - [2024-10-31T20:51:10.987+0000] {dagbag.py:588} INFO - Filling up the DagBag from /home/airflow/.local/lib/python3.12/site-packages/airflow/example_dags/example_trigger_target_dag.py
[2024-10-31T20:51:10.994+0000] {processor.py:925} INFO - DAG(s) 'example_trigger_target_dag' retrieved from /home/airflow/.local/lib/python3.12/site-packages/airflow/example_dags/example_trigger_target_dag.py
[2024-10-31T20:51:11.009+0000] {logging_mixin.py:190} INFO - [2024-10-31T20:51:11.009+0000] {dag.py:3239} INFO - Sync 1 DAGs
[2024-10-31T20:51:11.024+0000] {logging_mixin.py:190} INFO - [2024-10-31T20:51:11.023+0000] {dag.py:4180} INFO - Setting next_dagrun for example_trigger_target_dag to None, run_after=None
[2024-10-31T20:51:11.042+0000] {processor.py:208} INFO - Processing /home/airflow/.local/lib/python3.12/site-packages/airflow/example_dags/example_trigger_target_dag.py took 0.063 seconds
[2024-10-31T21:44:29.065+0000] {processor.py:186} INFO - Started process (PID=112) to work on /home/airflow/.local/lib/python3.12/site-packages/airflow/example_dags/example_trigger_target_dag.py
[2024-10-31T21:44:29.067+0000] {processor.py:914} INFO - Processing file /home/airflow/.local/lib/python3.12/site-packages/airflow/example_dags/example_trigger_target_dag.py for tasks to queue
[2024-10-31T21:44:29.070+0000] {logging_mixin.py:190} INFO - [2024-10-31T21:44:29.070+0000] {dagbag.py:588} INFO - Filling up the DagBag from /home/airflow/.local/lib/python3.12/site-packages/airflow/example_dags/example_trigger_target_dag.py
[2024-10-31T21:44:29.079+0000] {processor.py:925} INFO - DAG(s) 'example_trigger_target_dag' retrieved from /home/airflow/.local/lib/python3.12/site-packages/airflow/example_dags/example_trigger_target_dag.py
[2024-10-31T21:44:29.105+0000] {logging_mixin.py:190} INFO - [2024-10-31T21:44:29.105+0000] {dag.py:3239} INFO - Sync 1 DAGs
[2024-10-31T21:44:29.125+0000] {logging_mixin.py:190} INFO - [2024-10-31T21:44:29.125+0000] {dag.py:4180} INFO - Setting next_dagrun for example_trigger_target_dag to None, run_after=None
[2024-10-31T21:44:29.158+0000] {processor.py:208} INFO - Processing /home/airflow/.local/lib/python3.12/site-packages/airflow/example_dags/example_trigger_target_dag.py took 0.100 seconds
[2024-10-31T21:44:59.476+0000] {processor.py:186} INFO - Started process (PID=174) to work on /home/airflow/.local/lib/python3.12/site-packages/airflow/example_dags/example_trigger_target_dag.py
[2024-10-31T21:44:59.477+0000] {processor.py:914} INFO - Processing file /home/airflow/.local/lib/python3.12/site-packages/airflow/example_dags/example_trigger_target_dag.py for tasks to queue
[2024-10-31T21:44:59.480+0000] {logging_mixin.py:190} INFO - [2024-10-31T21:44:59.480+0000] {dagbag.py:588} INFO - Filling up the DagBag from /home/airflow/.local/lib/python3.12/site-packages/airflow/example_dags/example_trigger_target_dag.py
[2024-10-31T21:44:59.489+0000] {processor.py:925} INFO - DAG(s) 'example_trigger_target_dag' retrieved from /home/airflow/.local/lib/python3.12/site-packages/airflow/example_dags/example_trigger_target_dag.py
[2024-10-31T21:44:59.509+0000] {logging_mixin.py:190} INFO - [2024-10-31T21:44:59.508+0000] {dag.py:3239} INFO - Sync 1 DAGs
[2024-10-31T21:44:59.522+0000] {logging_mixin.py:190} INFO - [2024-10-31T21:44:59.522+0000] {dag.py:4180} INFO - Setting next_dagrun for example_trigger_target_dag to None, run_after=None
[2024-10-31T21:44:59.543+0000] {processor.py:208} INFO - Processing /home/airflow/.local/lib/python3.12/site-packages/airflow/example_dags/example_trigger_target_dag.py took 0.072 seconds
[2024-10-31T21:45:30.102+0000] {processor.py:186} INFO - Started process (PID=236) to work on /home/airflow/.local/lib/python3.12/site-packages/airflow/example_dags/example_trigger_target_dag.py
[2024-10-31T21:45:30.103+0000] {processor.py:914} INFO - Processing file /home/airflow/.local/lib/python3.12/site-packages/airflow/example_dags/example_trigger_target_dag.py for tasks to queue
[2024-10-31T21:45:30.106+0000] {logging_mixin.py:190} INFO - [2024-10-31T21:45:30.106+0000] {dagbag.py:588} INFO - Filling up the DagBag from /home/airflow/.local/lib/python3.12/site-packages/airflow/example_dags/example_trigger_target_dag.py
[2024-10-31T21:45:30.115+0000] {processor.py:925} INFO - DAG(s) 'example_trigger_target_dag' retrieved from /home/airflow/.local/lib/python3.12/site-packages/airflow/example_dags/example_trigger_target_dag.py
[2024-10-31T21:45:30.136+0000] {logging_mixin.py:190} INFO - [2024-10-31T21:45:30.135+0000] {dag.py:3239} INFO - Sync 1 DAGs
[2024-10-31T21:45:30.156+0000] {logging_mixin.py:190} INFO - [2024-10-31T21:45:30.156+0000] {dag.py:4180} INFO - Setting next_dagrun for example_trigger_target_dag to None, run_after=None
[2024-10-31T21:45:30.179+0000] {processor.py:208} INFO - Processing /home/airflow/.local/lib/python3.12/site-packages/airflow/example_dags/example_trigger_target_dag.py took 0.082 seconds
