[2024-10-31T20:48:35.176+0000] {processor.py:186} INFO - Started process (PID=88) to work on /home/airflow/.local/lib/python3.12/site-packages/airflow/example_dags/example_outlet_event_extra.py
[2024-10-31T20:48:35.177+0000] {processor.py:914} INFO - Processing file /home/airflow/.local/lib/python3.12/site-packages/airflow/example_dags/example_outlet_event_extra.py for tasks to queue
[2024-10-31T20:48:35.182+0000] {logging_mixin.py:190} INFO - [2024-10-31T20:48:35.181+0000] {dagbag.py:588} INFO - Filling up the DagBag from /home/airflow/.local/lib/python3.12/site-packages/airflow/example_dags/example_outlet_event_extra.py
[2024-10-31T20:48:35.349+0000] {processor.py:925} INFO - DAG(s) 'dataset_with_extra_from_classic_operator', 'dataset_with_extra_by_yield', 'dataset_with_extra_by_context' retrieved from /home/airflow/.local/lib/python3.12/site-packages/airflow/example_dags/example_outlet_event_extra.py
[2024-10-31T20:48:35.461+0000] {logging_mixin.py:190} INFO - [2024-10-31T20:48:35.460+0000] {override.py:1900} INFO - Created Permission View: can read on DAG:dataset_with_extra_from_classic_operator
[2024-10-31T20:48:35.473+0000] {logging_mixin.py:190} INFO - [2024-10-31T20:48:35.473+0000] {override.py:1900} INFO - Created Permission View: can delete on DAG:dataset_with_extra_from_classic_operator
[2024-10-31T20:48:35.482+0000] {logging_mixin.py:190} INFO - [2024-10-31T20:48:35.482+0000] {override.py:1900} INFO - Created Permission View: can edit on DAG:dataset_with_extra_from_classic_operator
[2024-10-31T20:48:35.495+0000] {logging_mixin.py:190} INFO - [2024-10-31T20:48:35.494+0000] {override.py:1900} INFO - Created Permission View: can create on DAG Run:dataset_with_extra_from_classic_operator
[2024-10-31T20:48:35.513+0000] {logging_mixin.py:190} INFO - [2024-10-31T20:48:35.512+0000] {override.py:1900} INFO - Created Permission View: can read on DAG Run:dataset_with_extra_from_classic_operator
[2024-10-31T20:48:35.524+0000] {logging_mixin.py:190} INFO - [2024-10-31T20:48:35.524+0000] {override.py:1900} INFO - Created Permission View: menu access on DAG Run:dataset_with_extra_from_classic_operator
[2024-10-31T20:48:35.536+0000] {logging_mixin.py:190} INFO - [2024-10-31T20:48:35.536+0000] {override.py:1900} INFO - Created Permission View: can delete on DAG Run:dataset_with_extra_from_classic_operator
[2024-10-31T20:48:35.555+0000] {logging_mixin.py:190} INFO - [2024-10-31T20:48:35.555+0000] {override.py:1900} INFO - Created Permission View: can read on DAG:dataset_with_extra_by_yield
[2024-10-31T20:48:35.565+0000] {logging_mixin.py:190} INFO - [2024-10-31T20:48:35.565+0000] {override.py:1900} INFO - Created Permission View: can delete on DAG:dataset_with_extra_by_yield
[2024-10-31T20:48:35.585+0000] {logging_mixin.py:190} INFO - [2024-10-31T20:48:35.584+0000] {override.py:1900} INFO - Created Permission View: can edit on DAG:dataset_with_extra_by_yield
[2024-10-31T20:48:35.606+0000] {logging_mixin.py:190} INFO - [2024-10-31T20:48:35.605+0000] {override.py:1900} INFO - Created Permission View: can create on DAG Run:dataset_with_extra_by_yield
[2024-10-31T20:48:35.617+0000] {logging_mixin.py:190} INFO - [2024-10-31T20:48:35.616+0000] {override.py:1900} INFO - Created Permission View: can read on DAG Run:dataset_with_extra_by_yield
[2024-10-31T20:48:35.627+0000] {logging_mixin.py:190} INFO - [2024-10-31T20:48:35.627+0000] {override.py:1900} INFO - Created Permission View: menu access on DAG Run:dataset_with_extra_by_yield
[2024-10-31T20:48:35.638+0000] {logging_mixin.py:190} INFO - [2024-10-31T20:48:35.637+0000] {override.py:1900} INFO - Created Permission View: can delete on DAG Run:dataset_with_extra_by_yield
[2024-10-31T20:48:35.659+0000] {logging_mixin.py:190} INFO - [2024-10-31T20:48:35.658+0000] {override.py:1900} INFO - Created Permission View: can read on DAG:dataset_with_extra_by_context
[2024-10-31T20:48:35.668+0000] {logging_mixin.py:190} INFO - [2024-10-31T20:48:35.668+0000] {override.py:1900} INFO - Created Permission View: can delete on DAG:dataset_with_extra_by_context
[2024-10-31T20:48:35.677+0000] {logging_mixin.py:190} INFO - [2024-10-31T20:48:35.676+0000] {override.py:1900} INFO - Created Permission View: can edit on DAG:dataset_with_extra_by_context
[2024-10-31T20:48:35.688+0000] {logging_mixin.py:190} INFO - [2024-10-31T20:48:35.687+0000] {override.py:1900} INFO - Created Permission View: can create on DAG Run:dataset_with_extra_by_context
[2024-10-31T20:48:35.696+0000] {logging_mixin.py:190} INFO - [2024-10-31T20:48:35.696+0000] {override.py:1900} INFO - Created Permission View: can read on DAG Run:dataset_with_extra_by_context
[2024-10-31T20:48:35.707+0000] {logging_mixin.py:190} INFO - [2024-10-31T20:48:35.706+0000] {override.py:1900} INFO - Created Permission View: menu access on DAG Run:dataset_with_extra_by_context
[2024-10-31T20:48:35.715+0000] {logging_mixin.py:190} INFO - [2024-10-31T20:48:35.715+0000] {override.py:1900} INFO - Created Permission View: can delete on DAG Run:dataset_with_extra_by_context
[2024-10-31T20:48:35.716+0000] {logging_mixin.py:190} INFO - [2024-10-31T20:48:35.716+0000] {dag.py:3239} INFO - Sync 3 DAGs
[2024-10-31T20:48:35.728+0000] {logging_mixin.py:190} INFO - [2024-10-31T20:48:35.728+0000] {dag.py:3262} INFO - Creating ORM DAG for dataset_with_extra_from_classic_operator
[2024-10-31T20:48:35.730+0000] {logging_mixin.py:190} INFO - [2024-10-31T20:48:35.729+0000] {dag.py:3262} INFO - Creating ORM DAG for dataset_with_extra_by_context
[2024-10-31T20:48:35.731+0000] {logging_mixin.py:190} INFO - [2024-10-31T20:48:35.731+0000] {dag.py:3262} INFO - Creating ORM DAG for dataset_with_extra_by_yield
[2024-10-31T20:48:35.746+0000] {logging_mixin.py:190} INFO - [2024-10-31T20:48:35.745+0000] {dag.py:4180} INFO - Setting next_dagrun for dataset_with_extra_by_context to 2024-10-30 00:00:00+00:00, run_after=2024-10-31 00:00:00+00:00
[2024-10-31T20:48:35.749+0000] {logging_mixin.py:190} INFO - [2024-10-31T20:48:35.749+0000] {dag.py:4180} INFO - Setting next_dagrun for dataset_with_extra_by_yield to 2024-10-30 00:00:00+00:00, run_after=2024-10-31 00:00:00+00:00
[2024-10-31T20:48:35.752+0000] {logging_mixin.py:190} INFO - [2024-10-31T20:48:35.752+0000] {dag.py:4180} INFO - Setting next_dagrun for dataset_with_extra_from_classic_operator to 2024-10-30 00:00:00+00:00, run_after=2024-10-31 00:00:00+00:00
[2024-10-31T20:48:35.784+0000] {processor.py:208} INFO - Processing /home/airflow/.local/lib/python3.12/site-packages/airflow/example_dags/example_outlet_event_extra.py took 0.614 seconds
[2024-10-31T20:49:06.629+0000] {processor.py:186} INFO - Started process (PID=151) to work on /home/airflow/.local/lib/python3.12/site-packages/airflow/example_dags/example_outlet_event_extra.py
[2024-10-31T20:49:06.631+0000] {processor.py:914} INFO - Processing file /home/airflow/.local/lib/python3.12/site-packages/airflow/example_dags/example_outlet_event_extra.py for tasks to queue
[2024-10-31T20:49:06.638+0000] {logging_mixin.py:190} INFO - [2024-10-31T20:49:06.637+0000] {dagbag.py:588} INFO - Filling up the DagBag from /home/airflow/.local/lib/python3.12/site-packages/airflow/example_dags/example_outlet_event_extra.py
[2024-10-31T20:49:06.873+0000] {processor.py:925} INFO - DAG(s) 'dataset_with_extra_by_context', 'dataset_with_extra_from_classic_operator', 'dataset_with_extra_by_yield' retrieved from /home/airflow/.local/lib/python3.12/site-packages/airflow/example_dags/example_outlet_event_extra.py
[2024-10-31T20:49:06.905+0000] {logging_mixin.py:190} INFO - [2024-10-31T20:49:06.905+0000] {dag.py:3239} INFO - Sync 3 DAGs
[2024-10-31T20:49:06.965+0000] {logging_mixin.py:190} INFO - [2024-10-31T20:49:06.965+0000] {dag.py:4180} INFO - Setting next_dagrun for dataset_with_extra_by_context to 2024-10-30 00:00:00+00:00, run_after=2024-10-31 00:00:00+00:00
[2024-10-31T20:49:06.983+0000] {logging_mixin.py:190} INFO - [2024-10-31T20:49:06.983+0000] {dag.py:4180} INFO - Setting next_dagrun for dataset_with_extra_by_yield to 2024-10-30 00:00:00+00:00, run_after=2024-10-31 00:00:00+00:00
[2024-10-31T20:49:06.991+0000] {logging_mixin.py:190} INFO - [2024-10-31T20:49:06.989+0000] {dag.py:4180} INFO - Setting next_dagrun for dataset_with_extra_from_classic_operator to 2024-10-30 00:00:00+00:00, run_after=2024-10-31 00:00:00+00:00
[2024-10-31T20:49:07.051+0000] {processor.py:208} INFO - Processing /home/airflow/.local/lib/python3.12/site-packages/airflow/example_dags/example_outlet_event_extra.py took 0.441 seconds
[2024-10-31T20:51:09.872+0000] {processor.py:186} INFO - Started process (PID=76) to work on /home/airflow/.local/lib/python3.12/site-packages/airflow/example_dags/example_outlet_event_extra.py
[2024-10-31T20:51:09.873+0000] {processor.py:914} INFO - Processing file /home/airflow/.local/lib/python3.12/site-packages/airflow/example_dags/example_outlet_event_extra.py for tasks to queue
[2024-10-31T20:51:09.876+0000] {logging_mixin.py:190} INFO - [2024-10-31T20:51:09.876+0000] {dagbag.py:588} INFO - Filling up the DagBag from /home/airflow/.local/lib/python3.12/site-packages/airflow/example_dags/example_outlet_event_extra.py
[2024-10-31T20:51:09.996+0000] {processor.py:925} INFO - DAG(s) 'dataset_with_extra_by_yield', 'dataset_with_extra_from_classic_operator', 'dataset_with_extra_by_context' retrieved from /home/airflow/.local/lib/python3.12/site-packages/airflow/example_dags/example_outlet_event_extra.py
[2024-10-31T20:51:10.023+0000] {logging_mixin.py:190} INFO - [2024-10-31T20:51:10.023+0000] {dag.py:3239} INFO - Sync 3 DAGs
[2024-10-31T20:51:10.045+0000] {logging_mixin.py:190} INFO - [2024-10-31T20:51:10.045+0000] {dag.py:4180} INFO - Setting next_dagrun for dataset_with_extra_by_context to 2024-10-30 00:00:00+00:00, run_after=2024-10-31 00:00:00+00:00
[2024-10-31T20:51:10.052+0000] {logging_mixin.py:190} INFO - [2024-10-31T20:51:10.051+0000] {dag.py:4180} INFO - Setting next_dagrun for dataset_with_extra_by_yield to 2024-10-30 00:00:00+00:00, run_after=2024-10-31 00:00:00+00:00
[2024-10-31T20:51:10.055+0000] {logging_mixin.py:190} INFO - [2024-10-31T20:51:10.055+0000] {dag.py:4180} INFO - Setting next_dagrun for dataset_with_extra_from_classic_operator to 2024-10-30 00:00:00+00:00, run_after=2024-10-31 00:00:00+00:00
[2024-10-31T20:51:10.080+0000] {processor.py:208} INFO - Processing /home/airflow/.local/lib/python3.12/site-packages/airflow/example_dags/example_outlet_event_extra.py took 0.214 seconds
[2024-10-31T21:44:27.225+0000] {processor.py:186} INFO - Started process (PID=95) to work on /home/airflow/.local/lib/python3.12/site-packages/airflow/example_dags/example_outlet_event_extra.py
[2024-10-31T21:44:27.227+0000] {processor.py:914} INFO - Processing file /home/airflow/.local/lib/python3.12/site-packages/airflow/example_dags/example_outlet_event_extra.py for tasks to queue
[2024-10-31T21:44:27.232+0000] {logging_mixin.py:190} INFO - [2024-10-31T21:44:27.231+0000] {dagbag.py:588} INFO - Filling up the DagBag from /home/airflow/.local/lib/python3.12/site-packages/airflow/example_dags/example_outlet_event_extra.py
[2024-10-31T21:44:27.418+0000] {processor.py:925} INFO - DAG(s) 'dataset_with_extra_from_classic_operator', 'dataset_with_extra_by_context', 'dataset_with_extra_by_yield' retrieved from /home/airflow/.local/lib/python3.12/site-packages/airflow/example_dags/example_outlet_event_extra.py
[2024-10-31T21:44:27.460+0000] {logging_mixin.py:190} INFO - [2024-10-31T21:44:27.459+0000] {dag.py:3239} INFO - Sync 3 DAGs
[2024-10-31T21:44:27.496+0000] {logging_mixin.py:190} INFO - [2024-10-31T21:44:27.495+0000] {dag.py:4180} INFO - Setting next_dagrun for dataset_with_extra_by_context to 2024-10-30 00:00:00+00:00, run_after=2024-10-31 00:00:00+00:00
[2024-10-31T21:44:27.504+0000] {logging_mixin.py:190} INFO - [2024-10-31T21:44:27.504+0000] {dag.py:4180} INFO - Setting next_dagrun for dataset_with_extra_by_yield to 2024-10-30 00:00:00+00:00, run_after=2024-10-31 00:00:00+00:00
[2024-10-31T21:44:27.510+0000] {logging_mixin.py:190} INFO - [2024-10-31T21:44:27.509+0000] {dag.py:4180} INFO - Setting next_dagrun for dataset_with_extra_from_classic_operator to 2024-10-30 00:00:00+00:00, run_after=2024-10-31 00:00:00+00:00
[2024-10-31T21:44:27.548+0000] {processor.py:208} INFO - Processing /home/airflow/.local/lib/python3.12/site-packages/airflow/example_dags/example_outlet_event_extra.py took 0.330 seconds
[2024-10-31T21:44:58.209+0000] {processor.py:186} INFO - Started process (PID=157) to work on /home/airflow/.local/lib/python3.12/site-packages/airflow/example_dags/example_outlet_event_extra.py
[2024-10-31T21:44:58.210+0000] {processor.py:914} INFO - Processing file /home/airflow/.local/lib/python3.12/site-packages/airflow/example_dags/example_outlet_event_extra.py for tasks to queue
[2024-10-31T21:44:58.212+0000] {logging_mixin.py:190} INFO - [2024-10-31T21:44:58.212+0000] {dagbag.py:588} INFO - Filling up the DagBag from /home/airflow/.local/lib/python3.12/site-packages/airflow/example_dags/example_outlet_event_extra.py
[2024-10-31T21:44:58.348+0000] {processor.py:925} INFO - DAG(s) 'dataset_with_extra_by_yield', 'dataset_with_extra_by_context', 'dataset_with_extra_from_classic_operator' retrieved from /home/airflow/.local/lib/python3.12/site-packages/airflow/example_dags/example_outlet_event_extra.py
[2024-10-31T21:44:58.377+0000] {logging_mixin.py:190} INFO - [2024-10-31T21:44:58.376+0000] {dag.py:3239} INFO - Sync 3 DAGs
[2024-10-31T21:44:58.400+0000] {logging_mixin.py:190} INFO - [2024-10-31T21:44:58.400+0000] {dag.py:4180} INFO - Setting next_dagrun for dataset_with_extra_by_context to 2024-10-30 00:00:00+00:00, run_after=2024-10-31 00:00:00+00:00
[2024-10-31T21:44:58.404+0000] {logging_mixin.py:190} INFO - [2024-10-31T21:44:58.404+0000] {dag.py:4180} INFO - Setting next_dagrun for dataset_with_extra_by_yield to 2024-10-30 00:00:00+00:00, run_after=2024-10-31 00:00:00+00:00
[2024-10-31T21:44:58.407+0000] {logging_mixin.py:190} INFO - [2024-10-31T21:44:58.407+0000] {dag.py:4180} INFO - Setting next_dagrun for dataset_with_extra_from_classic_operator to 2024-10-30 00:00:00+00:00, run_after=2024-10-31 00:00:00+00:00
[2024-10-31T21:44:58.429+0000] {processor.py:208} INFO - Processing /home/airflow/.local/lib/python3.12/site-packages/airflow/example_dags/example_outlet_event_extra.py took 0.225 seconds
[2024-10-31T21:45:28.748+0000] {processor.py:186} INFO - Started process (PID=219) to work on /home/airflow/.local/lib/python3.12/site-packages/airflow/example_dags/example_outlet_event_extra.py
[2024-10-31T21:45:28.750+0000] {processor.py:914} INFO - Processing file /home/airflow/.local/lib/python3.12/site-packages/airflow/example_dags/example_outlet_event_extra.py for tasks to queue
[2024-10-31T21:45:28.753+0000] {logging_mixin.py:190} INFO - [2024-10-31T21:45:28.752+0000] {dagbag.py:588} INFO - Filling up the DagBag from /home/airflow/.local/lib/python3.12/site-packages/airflow/example_dags/example_outlet_event_extra.py
[2024-10-31T21:45:28.916+0000] {processor.py:925} INFO - DAG(s) 'dataset_with_extra_from_classic_operator', 'dataset_with_extra_by_yield', 'dataset_with_extra_by_context' retrieved from /home/airflow/.local/lib/python3.12/site-packages/airflow/example_dags/example_outlet_event_extra.py
[2024-10-31T21:45:28.949+0000] {logging_mixin.py:190} INFO - [2024-10-31T21:45:28.949+0000] {dag.py:3239} INFO - Sync 3 DAGs
[2024-10-31T21:45:28.981+0000] {logging_mixin.py:190} INFO - [2024-10-31T21:45:28.981+0000] {dag.py:4180} INFO - Setting next_dagrun for dataset_with_extra_by_context to 2024-10-30 00:00:00+00:00, run_after=2024-10-31 00:00:00+00:00
[2024-10-31T21:45:28.988+0000] {logging_mixin.py:190} INFO - [2024-10-31T21:45:28.988+0000] {dag.py:4180} INFO - Setting next_dagrun for dataset_with_extra_by_yield to 2024-10-30 00:00:00+00:00, run_after=2024-10-31 00:00:00+00:00
[2024-10-31T21:45:28.991+0000] {logging_mixin.py:190} INFO - [2024-10-31T21:45:28.991+0000] {dag.py:4180} INFO - Setting next_dagrun for dataset_with_extra_from_classic_operator to 2024-10-30 00:00:00+00:00, run_after=2024-10-31 00:00:00+00:00
[2024-10-31T21:45:29.023+0000] {processor.py:208} INFO - Processing /home/airflow/.local/lib/python3.12/site-packages/airflow/example_dags/example_outlet_event_extra.py took 0.280 seconds
