[2024-10-31T20:48:31.094+0000] {processor.py:186} INFO - Started process (PID=65) to work on /home/airflow/.local/lib/python3.12/site-packages/airflow/example_dags/example_short_circuit_decorator.py
[2024-10-31T20:48:31.095+0000] {processor.py:914} INFO - Processing file /home/airflow/.local/lib/python3.12/site-packages/airflow/example_dags/example_short_circuit_decorator.py for tasks to queue
[2024-10-31T20:48:31.098+0000] {logging_mixin.py:190} INFO - [2024-10-31T20:48:31.097+0000] {dagbag.py:588} INFO - Filling up the DagBag from /home/airflow/.local/lib/python3.12/site-packages/airflow/example_dags/example_short_circuit_decorator.py
[2024-10-31T20:48:31.108+0000] {processor.py:925} INFO - DAG(s) 'example_short_circuit_decorator' retrieved from /home/airflow/.local/lib/python3.12/site-packages/airflow/example_dags/example_short_circuit_decorator.py
[2024-10-31T20:48:31.210+0000] {logging_mixin.py:190} INFO - [2024-10-31T20:48:31.210+0000] {override.py:1900} INFO - Created Permission View: can read on DAG:example_short_circuit_decorator
[2024-10-31T20:48:31.223+0000] {logging_mixin.py:190} INFO - [2024-10-31T20:48:31.222+0000] {override.py:1900} INFO - Created Permission View: can delete on DAG:example_short_circuit_decorator
[2024-10-31T20:48:31.232+0000] {logging_mixin.py:190} INFO - [2024-10-31T20:48:31.231+0000] {override.py:1900} INFO - Created Permission View: can edit on DAG:example_short_circuit_decorator
[2024-10-31T20:48:31.242+0000] {logging_mixin.py:190} INFO - [2024-10-31T20:48:31.241+0000] {override.py:1900} INFO - Created Permission View: can create on DAG Run:example_short_circuit_decorator
[2024-10-31T20:48:31.250+0000] {logging_mixin.py:190} INFO - [2024-10-31T20:48:31.249+0000] {override.py:1900} INFO - Created Permission View: can read on DAG Run:example_short_circuit_decorator
[2024-10-31T20:48:31.257+0000] {logging_mixin.py:190} INFO - [2024-10-31T20:48:31.257+0000] {override.py:1900} INFO - Created Permission View: menu access on DAG Run:example_short_circuit_decorator
[2024-10-31T20:48:31.264+0000] {logging_mixin.py:190} INFO - [2024-10-31T20:48:31.264+0000] {override.py:1900} INFO - Created Permission View: can delete on DAG Run:example_short_circuit_decorator
[2024-10-31T20:48:31.265+0000] {logging_mixin.py:190} INFO - [2024-10-31T20:48:31.265+0000] {dag.py:3239} INFO - Sync 1 DAGs
[2024-10-31T20:48:31.285+0000] {logging_mixin.py:190} INFO - [2024-10-31T20:48:31.285+0000] {dag.py:3262} INFO - Creating ORM DAG for example_short_circuit_decorator
[2024-10-31T20:48:31.287+0000] {logging_mixin.py:190} INFO - [2024-10-31T20:48:31.286+0000] {dag.py:4180} INFO - Setting next_dagrun for example_short_circuit_decorator to None, run_after=None
[2024-10-31T20:48:31.311+0000] {processor.py:208} INFO - Processing /home/airflow/.local/lib/python3.12/site-packages/airflow/example_dags/example_short_circuit_decorator.py took 0.222 seconds
[2024-10-31T20:49:01.754+0000] {processor.py:186} INFO - Started process (PID=126) to work on /home/airflow/.local/lib/python3.12/site-packages/airflow/example_dags/example_short_circuit_decorator.py
[2024-10-31T20:49:01.756+0000] {processor.py:914} INFO - Processing file /home/airflow/.local/lib/python3.12/site-packages/airflow/example_dags/example_short_circuit_decorator.py for tasks to queue
[2024-10-31T20:49:01.760+0000] {logging_mixin.py:190} INFO - [2024-10-31T20:49:01.760+0000] {dagbag.py:588} INFO - Filling up the DagBag from /home/airflow/.local/lib/python3.12/site-packages/airflow/example_dags/example_short_circuit_decorator.py
[2024-10-31T20:49:01.771+0000] {processor.py:925} INFO - DAG(s) 'example_short_circuit_decorator' retrieved from /home/airflow/.local/lib/python3.12/site-packages/airflow/example_dags/example_short_circuit_decorator.py
[2024-10-31T20:49:01.794+0000] {logging_mixin.py:190} INFO - [2024-10-31T20:49:01.793+0000] {dag.py:3239} INFO - Sync 1 DAGs
[2024-10-31T20:49:01.804+0000] {logging_mixin.py:190} INFO - [2024-10-31T20:49:01.804+0000] {dag.py:4180} INFO - Setting next_dagrun for example_short_circuit_decorator to None, run_after=None
[2024-10-31T20:49:01.821+0000] {processor.py:208} INFO - Processing /home/airflow/.local/lib/python3.12/site-packages/airflow/example_dags/example_short_circuit_decorator.py took 0.088 seconds
[2024-10-31T20:51:08.467+0000] {processor.py:186} INFO - Started process (PID=59) to work on /home/airflow/.local/lib/python3.12/site-packages/airflow/example_dags/example_short_circuit_decorator.py
[2024-10-31T20:51:08.469+0000] {processor.py:914} INFO - Processing file /home/airflow/.local/lib/python3.12/site-packages/airflow/example_dags/example_short_circuit_decorator.py for tasks to queue
[2024-10-31T20:51:08.472+0000] {logging_mixin.py:190} INFO - [2024-10-31T20:51:08.472+0000] {dagbag.py:588} INFO - Filling up the DagBag from /home/airflow/.local/lib/python3.12/site-packages/airflow/example_dags/example_short_circuit_decorator.py
[2024-10-31T20:51:08.490+0000] {processor.py:925} INFO - DAG(s) 'example_short_circuit_decorator' retrieved from /home/airflow/.local/lib/python3.12/site-packages/airflow/example_dags/example_short_circuit_decorator.py
[2024-10-31T20:51:08.525+0000] {logging_mixin.py:190} INFO - [2024-10-31T20:51:08.525+0000] {dag.py:3239} INFO - Sync 1 DAGs
[2024-10-31T20:51:08.542+0000] {logging_mixin.py:190} INFO - [2024-10-31T20:51:08.541+0000] {dag.py:4180} INFO - Setting next_dagrun for example_short_circuit_decorator to None, run_after=None
[2024-10-31T20:51:08.565+0000] {processor.py:208} INFO - Processing /home/airflow/.local/lib/python3.12/site-packages/airflow/example_dags/example_short_circuit_decorator.py took 0.105 seconds
[2024-10-31T21:44:24.597+0000] {processor.py:186} INFO - Started process (PID=78) to work on /home/airflow/.local/lib/python3.12/site-packages/airflow/example_dags/example_short_circuit_decorator.py
[2024-10-31T21:44:24.599+0000] {processor.py:914} INFO - Processing file /home/airflow/.local/lib/python3.12/site-packages/airflow/example_dags/example_short_circuit_decorator.py for tasks to queue
[2024-10-31T21:44:24.603+0000] {logging_mixin.py:190} INFO - [2024-10-31T21:44:24.602+0000] {dagbag.py:588} INFO - Filling up the DagBag from /home/airflow/.local/lib/python3.12/site-packages/airflow/example_dags/example_short_circuit_decorator.py
[2024-10-31T21:44:24.618+0000] {processor.py:925} INFO - DAG(s) 'example_short_circuit_decorator' retrieved from /home/airflow/.local/lib/python3.12/site-packages/airflow/example_dags/example_short_circuit_decorator.py
[2024-10-31T21:44:24.664+0000] {logging_mixin.py:190} INFO - [2024-10-31T21:44:24.664+0000] {dag.py:3239} INFO - Sync 1 DAGs
[2024-10-31T21:44:24.693+0000] {logging_mixin.py:190} INFO - [2024-10-31T21:44:24.692+0000] {dag.py:4180} INFO - Setting next_dagrun for example_short_circuit_decorator to None, run_after=None
[2024-10-31T21:44:24.751+0000] {processor.py:208} INFO - Processing /home/airflow/.local/lib/python3.12/site-packages/airflow/example_dags/example_short_circuit_decorator.py took 0.160 seconds
[2024-10-31T21:44:55.605+0000] {processor.py:186} INFO - Started process (PID=140) to work on /home/airflow/.local/lib/python3.12/site-packages/airflow/example_dags/example_short_circuit_decorator.py
[2024-10-31T21:44:55.606+0000] {processor.py:914} INFO - Processing file /home/airflow/.local/lib/python3.12/site-packages/airflow/example_dags/example_short_circuit_decorator.py for tasks to queue
[2024-10-31T21:44:55.609+0000] {logging_mixin.py:190} INFO - [2024-10-31T21:44:55.609+0000] {dagbag.py:588} INFO - Filling up the DagBag from /home/airflow/.local/lib/python3.12/site-packages/airflow/example_dags/example_short_circuit_decorator.py
[2024-10-31T21:44:55.622+0000] {processor.py:925} INFO - DAG(s) 'example_short_circuit_decorator' retrieved from /home/airflow/.local/lib/python3.12/site-packages/airflow/example_dags/example_short_circuit_decorator.py
[2024-10-31T21:44:55.659+0000] {logging_mixin.py:190} INFO - [2024-10-31T21:44:55.659+0000] {dag.py:3239} INFO - Sync 1 DAGs
[2024-10-31T21:44:55.677+0000] {logging_mixin.py:190} INFO - [2024-10-31T21:44:55.677+0000] {dag.py:4180} INFO - Setting next_dagrun for example_short_circuit_decorator to None, run_after=None
[2024-10-31T21:44:55.707+0000] {processor.py:208} INFO - Processing /home/airflow/.local/lib/python3.12/site-packages/airflow/example_dags/example_short_circuit_decorator.py took 0.109 seconds
[2024-10-31T21:45:26.257+0000] {processor.py:186} INFO - Started process (PID=202) to work on /home/airflow/.local/lib/python3.12/site-packages/airflow/example_dags/example_short_circuit_decorator.py
[2024-10-31T21:45:26.259+0000] {processor.py:914} INFO - Processing file /home/airflow/.local/lib/python3.12/site-packages/airflow/example_dags/example_short_circuit_decorator.py for tasks to queue
[2024-10-31T21:45:26.261+0000] {logging_mixin.py:190} INFO - [2024-10-31T21:45:26.261+0000] {dagbag.py:588} INFO - Filling up the DagBag from /home/airflow/.local/lib/python3.12/site-packages/airflow/example_dags/example_short_circuit_decorator.py
[2024-10-31T21:45:26.269+0000] {processor.py:925} INFO - DAG(s) 'example_short_circuit_decorator' retrieved from /home/airflow/.local/lib/python3.12/site-packages/airflow/example_dags/example_short_circuit_decorator.py
[2024-10-31T21:45:26.295+0000] {logging_mixin.py:190} INFO - [2024-10-31T21:45:26.294+0000] {dag.py:3239} INFO - Sync 1 DAGs
[2024-10-31T21:45:26.308+0000] {logging_mixin.py:190} INFO - [2024-10-31T21:45:26.307+0000] {dag.py:4180} INFO - Setting next_dagrun for example_short_circuit_decorator to None, run_after=None
[2024-10-31T21:45:26.329+0000] {processor.py:208} INFO - Processing /home/airflow/.local/lib/python3.12/site-packages/airflow/example_dags/example_short_circuit_decorator.py took 0.077 seconds
