[2024-11-09T14:18:07.356+0300] {processor.py:186} INFO - Started process (PID=64) to work on /opt/airflow/dags/telegram_notifications.py
[2024-11-09T14:18:07.357+0300] {processor.py:914} INFO - Processing file /opt/airflow/dags/telegram_notifications.py for tasks to queue
[2024-11-09T14:18:07.362+0300] {logging_mixin.py:190} INFO - [2024-11-09T14:18:07.361+0300] {dagbag.py:588} INFO - Filling up the DagBag from /opt/airflow/dags/telegram_notifications.py
[2024-11-09T14:18:07.383+0300] {processor.py:927} WARNING - No viable dags retrieved from /opt/airflow/dags/telegram_notifications.py
[2024-11-09T14:18:07.411+0300] {processor.py:208} INFO - Processing /opt/airflow/dags/telegram_notifications.py took 0.062 seconds
[2024-11-09T14:18:37.555+0300] {processor.py:186} INFO - Started process (PID=142) to work on /opt/airflow/dags/telegram_notifications.py
[2024-11-09T14:18:37.556+0300] {processor.py:914} INFO - Processing file /opt/airflow/dags/telegram_notifications.py for tasks to queue
[2024-11-09T14:18:37.559+0300] {logging_mixin.py:190} INFO - [2024-11-09T14:18:37.559+0300] {dagbag.py:588} INFO - Filling up the DagBag from /opt/airflow/dags/telegram_notifications.py
[2024-11-09T14:18:37.588+0300] {processor.py:927} WARNING - No viable dags retrieved from /opt/airflow/dags/telegram_notifications.py
[2024-11-09T14:18:37.608+0300] {processor.py:208} INFO - Processing /opt/airflow/dags/telegram_notifications.py took 0.058 seconds
[2024-11-09T14:19:07.970+0300] {processor.py:186} INFO - Started process (PID=211) to work on /opt/airflow/dags/telegram_notifications.py
[2024-11-09T14:19:07.971+0300] {processor.py:914} INFO - Processing file /opt/airflow/dags/telegram_notifications.py for tasks to queue
[2024-11-09T14:19:07.973+0300] {logging_mixin.py:190} INFO - [2024-11-09T14:19:07.973+0300] {dagbag.py:588} INFO - Filling up the DagBag from /opt/airflow/dags/telegram_notifications.py
[2024-11-09T14:19:07.997+0300] {processor.py:927} WARNING - No viable dags retrieved from /opt/airflow/dags/telegram_notifications.py
[2024-11-09T14:19:08.011+0300] {processor.py:208} INFO - Processing /opt/airflow/dags/telegram_notifications.py took 0.047 seconds
[2024-11-09T14:19:38.655+0300] {processor.py:186} INFO - Started process (PID=280) to work on /opt/airflow/dags/telegram_notifications.py
[2024-11-09T14:19:38.656+0300] {processor.py:914} INFO - Processing file /opt/airflow/dags/telegram_notifications.py for tasks to queue
[2024-11-09T14:19:38.661+0300] {logging_mixin.py:190} INFO - [2024-11-09T14:19:38.660+0300] {dagbag.py:588} INFO - Filling up the DagBag from /opt/airflow/dags/telegram_notifications.py
[2024-11-09T14:19:38.740+0300] {processor.py:927} WARNING - No viable dags retrieved from /opt/airflow/dags/telegram_notifications.py
[2024-11-09T14:19:38.817+0300] {processor.py:208} INFO - Processing /opt/airflow/dags/telegram_notifications.py took 0.171 seconds
[2024-11-09T14:20:09.167+0300] {processor.py:186} INFO - Started process (PID=349) to work on /opt/airflow/dags/telegram_notifications.py
[2024-11-09T14:20:09.169+0300] {processor.py:914} INFO - Processing file /opt/airflow/dags/telegram_notifications.py for tasks to queue
[2024-11-09T14:20:09.172+0300] {logging_mixin.py:190} INFO - [2024-11-09T14:20:09.171+0300] {dagbag.py:588} INFO - Filling up the DagBag from /opt/airflow/dags/telegram_notifications.py
[2024-11-09T14:20:09.187+0300] {processor.py:927} WARNING - No viable dags retrieved from /opt/airflow/dags/telegram_notifications.py
[2024-11-09T14:20:09.201+0300] {processor.py:208} INFO - Processing /opt/airflow/dags/telegram_notifications.py took 0.039 seconds
[2024-11-09T14:20:39.528+0300] {processor.py:186} INFO - Started process (PID=417) to work on /opt/airflow/dags/telegram_notifications.py
[2024-11-09T14:20:39.529+0300] {processor.py:914} INFO - Processing file /opt/airflow/dags/telegram_notifications.py for tasks to queue
[2024-11-09T14:20:39.532+0300] {logging_mixin.py:190} INFO - [2024-11-09T14:20:39.531+0300] {dagbag.py:588} INFO - Filling up the DagBag from /opt/airflow/dags/telegram_notifications.py
[2024-11-09T14:20:39.561+0300] {processor.py:927} WARNING - No viable dags retrieved from /opt/airflow/dags/telegram_notifications.py
[2024-11-09T14:20:39.574+0300] {processor.py:208} INFO - Processing /opt/airflow/dags/telegram_notifications.py took 0.053 seconds
[2024-11-09T14:21:10.400+0300] {processor.py:186} INFO - Started process (PID=492) to work on /opt/airflow/dags/telegram_notifications.py
[2024-11-09T14:21:10.401+0300] {processor.py:914} INFO - Processing file /opt/airflow/dags/telegram_notifications.py for tasks to queue
[2024-11-09T14:21:10.404+0300] {logging_mixin.py:190} INFO - [2024-11-09T14:21:10.403+0300] {dagbag.py:588} INFO - Filling up the DagBag from /opt/airflow/dags/telegram_notifications.py
[2024-11-09T14:21:10.428+0300] {processor.py:927} WARNING - No viable dags retrieved from /opt/airflow/dags/telegram_notifications.py
[2024-11-09T14:21:10.441+0300] {processor.py:208} INFO - Processing /opt/airflow/dags/telegram_notifications.py took 0.046 seconds
[2024-11-09T14:21:40.891+0300] {processor.py:186} INFO - Started process (PID=561) to work on /opt/airflow/dags/telegram_notifications.py
[2024-11-09T14:21:40.893+0300] {processor.py:914} INFO - Processing file /opt/airflow/dags/telegram_notifications.py for tasks to queue
[2024-11-09T14:21:40.897+0300] {logging_mixin.py:190} INFO - [2024-11-09T14:21:40.896+0300] {dagbag.py:588} INFO - Filling up the DagBag from /opt/airflow/dags/telegram_notifications.py
[2024-11-09T14:21:40.919+0300] {processor.py:927} WARNING - No viable dags retrieved from /opt/airflow/dags/telegram_notifications.py
[2024-11-09T14:21:40.936+0300] {processor.py:208} INFO - Processing /opt/airflow/dags/telegram_notifications.py took 0.049 seconds
[2024-11-09T14:22:11.611+0300] {processor.py:186} INFO - Started process (PID=630) to work on /opt/airflow/dags/telegram_notifications.py
[2024-11-09T14:22:11.612+0300] {processor.py:914} INFO - Processing file /opt/airflow/dags/telegram_notifications.py for tasks to queue
[2024-11-09T14:22:11.614+0300] {logging_mixin.py:190} INFO - [2024-11-09T14:22:11.614+0300] {dagbag.py:588} INFO - Filling up the DagBag from /opt/airflow/dags/telegram_notifications.py
[2024-11-09T14:22:11.657+0300] {processor.py:927} WARNING - No viable dags retrieved from /opt/airflow/dags/telegram_notifications.py
[2024-11-09T14:22:11.677+0300] {processor.py:208} INFO - Processing /opt/airflow/dags/telegram_notifications.py took 0.070 seconds
[2024-11-09T14:22:42.141+0300] {processor.py:186} INFO - Started process (PID=699) to work on /opt/airflow/dags/telegram_notifications.py
[2024-11-09T14:22:42.143+0300] {processor.py:914} INFO - Processing file /opt/airflow/dags/telegram_notifications.py for tasks to queue
[2024-11-09T14:22:42.145+0300] {logging_mixin.py:190} INFO - [2024-11-09T14:22:42.145+0300] {dagbag.py:588} INFO - Filling up the DagBag from /opt/airflow/dags/telegram_notifications.py
[2024-11-09T14:22:42.171+0300] {processor.py:927} WARNING - No viable dags retrieved from /opt/airflow/dags/telegram_notifications.py
[2024-11-09T14:22:42.188+0300] {processor.py:208} INFO - Processing /opt/airflow/dags/telegram_notifications.py took 0.051 seconds
[2024-11-09T14:23:12.900+0300] {processor.py:186} INFO - Started process (PID=769) to work on /opt/airflow/dags/telegram_notifications.py
[2024-11-09T14:23:12.903+0300] {processor.py:914} INFO - Processing file /opt/airflow/dags/telegram_notifications.py for tasks to queue
[2024-11-09T14:23:12.906+0300] {logging_mixin.py:190} INFO - [2024-11-09T14:23:12.906+0300] {dagbag.py:588} INFO - Filling up the DagBag from /opt/airflow/dags/telegram_notifications.py
[2024-11-09T14:23:12.933+0300] {processor.py:927} WARNING - No viable dags retrieved from /opt/airflow/dags/telegram_notifications.py
[2024-11-09T14:23:12.953+0300] {processor.py:208} INFO - Processing /opt/airflow/dags/telegram_notifications.py took 0.062 seconds
[2024-11-09T14:23:43.718+0300] {processor.py:186} INFO - Started process (PID=838) to work on /opt/airflow/dags/telegram_notifications.py
[2024-11-09T14:23:43.720+0300] {processor.py:914} INFO - Processing file /opt/airflow/dags/telegram_notifications.py for tasks to queue
[2024-11-09T14:23:43.722+0300] {logging_mixin.py:190} INFO - [2024-11-09T14:23:43.722+0300] {dagbag.py:588} INFO - Filling up the DagBag from /opt/airflow/dags/telegram_notifications.py
[2024-11-09T14:23:43.754+0300] {processor.py:927} WARNING - No viable dags retrieved from /opt/airflow/dags/telegram_notifications.py
[2024-11-09T14:23:43.770+0300] {processor.py:208} INFO - Processing /opt/airflow/dags/telegram_notifications.py took 0.056 seconds
[2024-11-09T14:24:14.202+0300] {processor.py:186} INFO - Started process (PID=907) to work on /opt/airflow/dags/telegram_notifications.py
[2024-11-09T14:24:14.203+0300] {processor.py:914} INFO - Processing file /opt/airflow/dags/telegram_notifications.py for tasks to queue
[2024-11-09T14:24:14.205+0300] {logging_mixin.py:190} INFO - [2024-11-09T14:24:14.205+0300] {dagbag.py:588} INFO - Filling up the DagBag from /opt/airflow/dags/telegram_notifications.py
[2024-11-09T14:24:14.229+0300] {processor.py:927} WARNING - No viable dags retrieved from /opt/airflow/dags/telegram_notifications.py
[2024-11-09T14:24:14.244+0300] {processor.py:208} INFO - Processing /opt/airflow/dags/telegram_notifications.py took 0.048 seconds
[2024-11-09T14:24:44.551+0300] {processor.py:186} INFO - Started process (PID=976) to work on /opt/airflow/dags/telegram_notifications.py
[2024-11-09T14:24:44.552+0300] {processor.py:914} INFO - Processing file /opt/airflow/dags/telegram_notifications.py for tasks to queue
[2024-11-09T14:24:44.554+0300] {logging_mixin.py:190} INFO - [2024-11-09T14:24:44.554+0300] {dagbag.py:588} INFO - Filling up the DagBag from /opt/airflow/dags/telegram_notifications.py
[2024-11-09T14:24:44.574+0300] {processor.py:927} WARNING - No viable dags retrieved from /opt/airflow/dags/telegram_notifications.py
[2024-11-09T14:24:44.587+0300] {processor.py:208} INFO - Processing /opt/airflow/dags/telegram_notifications.py took 0.040 seconds
[2024-11-09T14:25:14.850+0300] {processor.py:186} INFO - Started process (PID=1045) to work on /opt/airflow/dags/telegram_notifications.py
[2024-11-09T14:25:14.852+0300] {processor.py:914} INFO - Processing file /opt/airflow/dags/telegram_notifications.py for tasks to queue
[2024-11-09T14:25:14.855+0300] {logging_mixin.py:190} INFO - [2024-11-09T14:25:14.854+0300] {dagbag.py:588} INFO - Filling up the DagBag from /opt/airflow/dags/telegram_notifications.py
[2024-11-09T14:25:14.907+0300] {processor.py:927} WARNING - No viable dags retrieved from /opt/airflow/dags/telegram_notifications.py
[2024-11-09T14:25:14.932+0300] {processor.py:208} INFO - Processing /opt/airflow/dags/telegram_notifications.py took 0.089 seconds
[2024-11-09T14:25:45.158+0300] {processor.py:186} INFO - Started process (PID=1114) to work on /opt/airflow/dags/telegram_notifications.py
[2024-11-09T14:25:45.160+0300] {processor.py:914} INFO - Processing file /opt/airflow/dags/telegram_notifications.py for tasks to queue
[2024-11-09T14:25:45.167+0300] {logging_mixin.py:190} INFO - [2024-11-09T14:25:45.166+0300] {dagbag.py:588} INFO - Filling up the DagBag from /opt/airflow/dags/telegram_notifications.py
[2024-11-09T14:25:45.194+0300] {processor.py:927} WARNING - No viable dags retrieved from /opt/airflow/dags/telegram_notifications.py
[2024-11-09T14:25:45.211+0300] {processor.py:208} INFO - Processing /opt/airflow/dags/telegram_notifications.py took 0.058 seconds
[2024-11-09T14:26:15.576+0300] {processor.py:186} INFO - Started process (PID=1183) to work on /opt/airflow/dags/telegram_notifications.py
[2024-11-09T14:26:15.577+0300] {processor.py:914} INFO - Processing file /opt/airflow/dags/telegram_notifications.py for tasks to queue
[2024-11-09T14:26:15.580+0300] {logging_mixin.py:190} INFO - [2024-11-09T14:26:15.579+0300] {dagbag.py:588} INFO - Filling up the DagBag from /opt/airflow/dags/telegram_notifications.py
[2024-11-09T14:26:15.595+0300] {processor.py:927} WARNING - No viable dags retrieved from /opt/airflow/dags/telegram_notifications.py
[2024-11-09T14:26:15.611+0300] {processor.py:208} INFO - Processing /opt/airflow/dags/telegram_notifications.py took 0.041 seconds
[2024-11-09T14:26:46.130+0300] {processor.py:186} INFO - Started process (PID=1252) to work on /opt/airflow/dags/telegram_notifications.py
[2024-11-09T14:26:46.132+0300] {processor.py:914} INFO - Processing file /opt/airflow/dags/telegram_notifications.py for tasks to queue
[2024-11-09T14:26:46.134+0300] {logging_mixin.py:190} INFO - [2024-11-09T14:26:46.134+0300] {dagbag.py:588} INFO - Filling up the DagBag from /opt/airflow/dags/telegram_notifications.py
[2024-11-09T14:26:46.162+0300] {processor.py:927} WARNING - No viable dags retrieved from /opt/airflow/dags/telegram_notifications.py
[2024-11-09T14:26:46.175+0300] {processor.py:208} INFO - Processing /opt/airflow/dags/telegram_notifications.py took 0.052 seconds
[2024-11-09T14:27:16.325+0300] {processor.py:186} INFO - Started process (PID=1320) to work on /opt/airflow/dags/telegram_notifications.py
[2024-11-09T14:27:16.329+0300] {processor.py:914} INFO - Processing file /opt/airflow/dags/telegram_notifications.py for tasks to queue
[2024-11-09T14:27:16.336+0300] {logging_mixin.py:190} INFO - [2024-11-09T14:27:16.336+0300] {dagbag.py:588} INFO - Filling up the DagBag from /opt/airflow/dags/telegram_notifications.py
[2024-11-09T14:27:16.400+0300] {processor.py:927} WARNING - No viable dags retrieved from /opt/airflow/dags/telegram_notifications.py
[2024-11-09T14:27:16.431+0300] {processor.py:208} INFO - Processing /opt/airflow/dags/telegram_notifications.py took 0.125 seconds
[2024-11-09T14:27:46.747+0300] {processor.py:186} INFO - Started process (PID=1389) to work on /opt/airflow/dags/telegram_notifications.py
[2024-11-09T14:27:46.748+0300] {processor.py:914} INFO - Processing file /opt/airflow/dags/telegram_notifications.py for tasks to queue
[2024-11-09T14:27:46.752+0300] {logging_mixin.py:190} INFO - [2024-11-09T14:27:46.751+0300] {dagbag.py:588} INFO - Filling up the DagBag from /opt/airflow/dags/telegram_notifications.py
[2024-11-09T14:27:46.776+0300] {processor.py:927} WARNING - No viable dags retrieved from /opt/airflow/dags/telegram_notifications.py
[2024-11-09T14:27:46.802+0300] {processor.py:208} INFO - Processing /opt/airflow/dags/telegram_notifications.py took 0.062 seconds
[2024-11-09T14:28:17.447+0300] {processor.py:186} INFO - Started process (PID=1457) to work on /opt/airflow/dags/telegram_notifications.py
[2024-11-09T14:28:17.448+0300] {processor.py:914} INFO - Processing file /opt/airflow/dags/telegram_notifications.py for tasks to queue
[2024-11-09T14:28:17.450+0300] {logging_mixin.py:190} INFO - [2024-11-09T14:28:17.450+0300] {dagbag.py:588} INFO - Filling up the DagBag from /opt/airflow/dags/telegram_notifications.py
[2024-11-09T14:28:17.477+0300] {processor.py:927} WARNING - No viable dags retrieved from /opt/airflow/dags/telegram_notifications.py
[2024-11-09T14:28:17.490+0300] {processor.py:208} INFO - Processing /opt/airflow/dags/telegram_notifications.py took 0.047 seconds
[2024-11-09T14:28:48.135+0300] {processor.py:186} INFO - Started process (PID=1526) to work on /opt/airflow/dags/telegram_notifications.py
[2024-11-09T14:28:48.137+0300] {processor.py:914} INFO - Processing file /opt/airflow/dags/telegram_notifications.py for tasks to queue
[2024-11-09T14:28:48.139+0300] {logging_mixin.py:190} INFO - [2024-11-09T14:28:48.139+0300] {dagbag.py:588} INFO - Filling up the DagBag from /opt/airflow/dags/telegram_notifications.py
[2024-11-09T14:28:48.164+0300] {processor.py:927} WARNING - No viable dags retrieved from /opt/airflow/dags/telegram_notifications.py
[2024-11-09T14:28:48.177+0300] {processor.py:208} INFO - Processing /opt/airflow/dags/telegram_notifications.py took 0.047 seconds
[2024-11-09T14:29:18.688+0300] {processor.py:186} INFO - Started process (PID=1595) to work on /opt/airflow/dags/telegram_notifications.py
[2024-11-09T14:29:18.690+0300] {processor.py:914} INFO - Processing file /opt/airflow/dags/telegram_notifications.py for tasks to queue
[2024-11-09T14:29:18.694+0300] {logging_mixin.py:190} INFO - [2024-11-09T14:29:18.694+0300] {dagbag.py:588} INFO - Filling up the DagBag from /opt/airflow/dags/telegram_notifications.py
[2024-11-09T14:29:18.727+0300] {processor.py:927} WARNING - No viable dags retrieved from /opt/airflow/dags/telegram_notifications.py
[2024-11-09T14:29:18.752+0300] {processor.py:208} INFO - Processing /opt/airflow/dags/telegram_notifications.py took 0.073 seconds
[2024-11-09T14:29:48.948+0300] {processor.py:186} INFO - Started process (PID=1663) to work on /opt/airflow/dags/telegram_notifications.py
[2024-11-09T14:29:48.951+0300] {processor.py:914} INFO - Processing file /opt/airflow/dags/telegram_notifications.py for tasks to queue
[2024-11-09T14:29:48.961+0300] {logging_mixin.py:190} INFO - [2024-11-09T14:29:48.960+0300] {dagbag.py:588} INFO - Filling up the DagBag from /opt/airflow/dags/telegram_notifications.py
[2024-11-09T14:29:49.016+0300] {processor.py:927} WARNING - No viable dags retrieved from /opt/airflow/dags/telegram_notifications.py
[2024-11-09T14:29:49.065+0300] {processor.py:208} INFO - Processing /opt/airflow/dags/telegram_notifications.py took 0.130 seconds
[2024-11-09T14:30:19.233+0300] {processor.py:186} INFO - Started process (PID=1732) to work on /opt/airflow/dags/telegram_notifications.py
[2024-11-09T14:30:19.235+0300] {processor.py:914} INFO - Processing file /opt/airflow/dags/telegram_notifications.py for tasks to queue
[2024-11-09T14:30:19.238+0300] {logging_mixin.py:190} INFO - [2024-11-09T14:30:19.238+0300] {dagbag.py:588} INFO - Filling up the DagBag from /opt/airflow/dags/telegram_notifications.py
[2024-11-09T14:30:19.291+0300] {processor.py:927} WARNING - No viable dags retrieved from /opt/airflow/dags/telegram_notifications.py
[2024-11-09T14:30:19.312+0300] {processor.py:208} INFO - Processing /opt/airflow/dags/telegram_notifications.py took 0.086 seconds
[2024-11-09T14:30:49.691+0300] {processor.py:186} INFO - Started process (PID=1800) to work on /opt/airflow/dags/telegram_notifications.py
[2024-11-09T14:30:49.693+0300] {processor.py:914} INFO - Processing file /opt/airflow/dags/telegram_notifications.py for tasks to queue
[2024-11-09T14:30:49.698+0300] {logging_mixin.py:190} INFO - [2024-11-09T14:30:49.698+0300] {dagbag.py:588} INFO - Filling up the DagBag from /opt/airflow/dags/telegram_notifications.py
[2024-11-09T14:30:49.739+0300] {processor.py:927} WARNING - No viable dags retrieved from /opt/airflow/dags/telegram_notifications.py
[2024-11-09T14:30:49.755+0300] {processor.py:208} INFO - Processing /opt/airflow/dags/telegram_notifications.py took 0.079 seconds
[2024-11-09T14:31:20.579+0300] {processor.py:186} INFO - Started process (PID=1869) to work on /opt/airflow/dags/telegram_notifications.py
[2024-11-09T14:31:20.582+0300] {processor.py:914} INFO - Processing file /opt/airflow/dags/telegram_notifications.py for tasks to queue
[2024-11-09T14:31:20.586+0300] {logging_mixin.py:190} INFO - [2024-11-09T14:31:20.586+0300] {dagbag.py:588} INFO - Filling up the DagBag from /opt/airflow/dags/telegram_notifications.py
[2024-11-09T14:31:20.634+0300] {processor.py:927} WARNING - No viable dags retrieved from /opt/airflow/dags/telegram_notifications.py
[2024-11-09T14:31:20.649+0300] {processor.py:208} INFO - Processing /opt/airflow/dags/telegram_notifications.py took 0.077 seconds
[2024-11-09T14:31:50.983+0300] {processor.py:186} INFO - Started process (PID=1938) to work on /opt/airflow/dags/telegram_notifications.py
[2024-11-09T14:31:50.985+0300] {processor.py:914} INFO - Processing file /opt/airflow/dags/telegram_notifications.py for tasks to queue
[2024-11-09T14:31:50.990+0300] {logging_mixin.py:190} INFO - [2024-11-09T14:31:50.990+0300] {dagbag.py:588} INFO - Filling up the DagBag from /opt/airflow/dags/telegram_notifications.py
[2024-11-09T14:31:51.044+0300] {processor.py:927} WARNING - No viable dags retrieved from /opt/airflow/dags/telegram_notifications.py
[2024-11-09T14:31:51.063+0300] {processor.py:208} INFO - Processing /opt/airflow/dags/telegram_notifications.py took 0.090 seconds
[2024-11-09T14:32:21.240+0300] {processor.py:186} INFO - Started process (PID=2007) to work on /opt/airflow/dags/telegram_notifications.py
[2024-11-09T14:32:21.241+0300] {processor.py:914} INFO - Processing file /opt/airflow/dags/telegram_notifications.py for tasks to queue
[2024-11-09T14:32:21.245+0300] {logging_mixin.py:190} INFO - [2024-11-09T14:32:21.245+0300] {dagbag.py:588} INFO - Filling up the DagBag from /opt/airflow/dags/telegram_notifications.py
[2024-11-09T14:32:21.264+0300] {processor.py:927} WARNING - No viable dags retrieved from /opt/airflow/dags/telegram_notifications.py
[2024-11-09T14:32:21.278+0300] {processor.py:208} INFO - Processing /opt/airflow/dags/telegram_notifications.py took 0.043 seconds
[2024-11-09T14:32:51.689+0300] {processor.py:186} INFO - Started process (PID=2076) to work on /opt/airflow/dags/telegram_notifications.py
[2024-11-09T14:32:51.691+0300] {processor.py:914} INFO - Processing file /opt/airflow/dags/telegram_notifications.py for tasks to queue
[2024-11-09T14:32:51.693+0300] {logging_mixin.py:190} INFO - [2024-11-09T14:32:51.693+0300] {dagbag.py:588} INFO - Filling up the DagBag from /opt/airflow/dags/telegram_notifications.py
[2024-11-09T14:32:51.731+0300] {processor.py:927} WARNING - No viable dags retrieved from /opt/airflow/dags/telegram_notifications.py
[2024-11-09T14:32:51.748+0300] {processor.py:208} INFO - Processing /opt/airflow/dags/telegram_notifications.py took 0.065 seconds
[2024-11-09T14:33:22.330+0300] {processor.py:186} INFO - Started process (PID=2145) to work on /opt/airflow/dags/telegram_notifications.py
[2024-11-09T14:33:22.332+0300] {processor.py:914} INFO - Processing file /opt/airflow/dags/telegram_notifications.py for tasks to queue
[2024-11-09T14:33:22.336+0300] {logging_mixin.py:190} INFO - [2024-11-09T14:33:22.336+0300] {dagbag.py:588} INFO - Filling up the DagBag from /opt/airflow/dags/telegram_notifications.py
[2024-11-09T14:33:22.378+0300] {processor.py:927} WARNING - No viable dags retrieved from /opt/airflow/dags/telegram_notifications.py
[2024-11-09T14:33:22.393+0300] {processor.py:208} INFO - Processing /opt/airflow/dags/telegram_notifications.py took 0.073 seconds
[2024-11-09T14:33:53.131+0300] {processor.py:186} INFO - Started process (PID=2213) to work on /opt/airflow/dags/telegram_notifications.py
[2024-11-09T14:33:53.133+0300] {processor.py:914} INFO - Processing file /opt/airflow/dags/telegram_notifications.py for tasks to queue
[2024-11-09T14:33:53.137+0300] {logging_mixin.py:190} INFO - [2024-11-09T14:33:53.136+0300] {dagbag.py:588} INFO - Filling up the DagBag from /opt/airflow/dags/telegram_notifications.py
[2024-11-09T14:33:53.159+0300] {processor.py:927} WARNING - No viable dags retrieved from /opt/airflow/dags/telegram_notifications.py
[2024-11-09T14:33:53.177+0300] {processor.py:208} INFO - Processing /opt/airflow/dags/telegram_notifications.py took 0.052 seconds
[2024-11-09T14:34:23.473+0300] {processor.py:186} INFO - Started process (PID=2282) to work on /opt/airflow/dags/telegram_notifications.py
[2024-11-09T14:34:23.475+0300] {processor.py:914} INFO - Processing file /opt/airflow/dags/telegram_notifications.py for tasks to queue
[2024-11-09T14:34:23.478+0300] {logging_mixin.py:190} INFO - [2024-11-09T14:34:23.478+0300] {dagbag.py:588} INFO - Filling up the DagBag from /opt/airflow/dags/telegram_notifications.py
[2024-11-09T14:34:23.513+0300] {processor.py:927} WARNING - No viable dags retrieved from /opt/airflow/dags/telegram_notifications.py
[2024-11-09T14:34:23.527+0300] {processor.py:208} INFO - Processing /opt/airflow/dags/telegram_notifications.py took 0.058 seconds
[2024-11-09T14:34:54.210+0300] {processor.py:186} INFO - Started process (PID=2351) to work on /opt/airflow/dags/telegram_notifications.py
[2024-11-09T14:34:54.213+0300] {processor.py:914} INFO - Processing file /opt/airflow/dags/telegram_notifications.py for tasks to queue
[2024-11-09T14:34:54.219+0300] {logging_mixin.py:190} INFO - [2024-11-09T14:34:54.218+0300] {dagbag.py:588} INFO - Filling up the DagBag from /opt/airflow/dags/telegram_notifications.py
[2024-11-09T14:34:54.306+0300] {processor.py:927} WARNING - No viable dags retrieved from /opt/airflow/dags/telegram_notifications.py
[2024-11-09T14:34:54.338+0300] {processor.py:208} INFO - Processing /opt/airflow/dags/telegram_notifications.py took 0.141 seconds
[2024-11-09T14:35:24.985+0300] {processor.py:186} INFO - Started process (PID=2420) to work on /opt/airflow/dags/telegram_notifications.py
[2024-11-09T14:35:24.986+0300] {processor.py:914} INFO - Processing file /opt/airflow/dags/telegram_notifications.py for tasks to queue
[2024-11-09T14:35:24.989+0300] {logging_mixin.py:190} INFO - [2024-11-09T14:35:24.988+0300] {dagbag.py:588} INFO - Filling up the DagBag from /opt/airflow/dags/telegram_notifications.py
[2024-11-09T14:35:25.016+0300] {processor.py:927} WARNING - No viable dags retrieved from /opt/airflow/dags/telegram_notifications.py
[2024-11-09T14:35:25.033+0300] {processor.py:208} INFO - Processing /opt/airflow/dags/telegram_notifications.py took 0.053 seconds
[2024-11-09T14:35:55.236+0300] {processor.py:186} INFO - Started process (PID=2489) to work on /opt/airflow/dags/telegram_notifications.py
[2024-11-09T14:35:55.239+0300] {processor.py:914} INFO - Processing file /opt/airflow/dags/telegram_notifications.py for tasks to queue
[2024-11-09T14:35:55.243+0300] {logging_mixin.py:190} INFO - [2024-11-09T14:35:55.243+0300] {dagbag.py:588} INFO - Filling up the DagBag from /opt/airflow/dags/telegram_notifications.py
[2024-11-09T14:35:55.340+0300] {processor.py:927} WARNING - No viable dags retrieved from /opt/airflow/dags/telegram_notifications.py
[2024-11-09T14:35:55.409+0300] {processor.py:208} INFO - Processing /opt/airflow/dags/telegram_notifications.py took 0.202 seconds
[2024-11-09T14:36:26.041+0300] {processor.py:186} INFO - Started process (PID=2558) to work on /opt/airflow/dags/telegram_notifications.py
[2024-11-09T14:36:26.042+0300] {processor.py:914} INFO - Processing file /opt/airflow/dags/telegram_notifications.py for tasks to queue
[2024-11-09T14:36:26.045+0300] {logging_mixin.py:190} INFO - [2024-11-09T14:36:26.045+0300] {dagbag.py:588} INFO - Filling up the DagBag from /opt/airflow/dags/telegram_notifications.py
[2024-11-09T14:36:26.079+0300] {processor.py:927} WARNING - No viable dags retrieved from /opt/airflow/dags/telegram_notifications.py
[2024-11-09T14:36:26.108+0300] {processor.py:208} INFO - Processing /opt/airflow/dags/telegram_notifications.py took 0.078 seconds
[2024-11-09T14:36:57.078+0300] {processor.py:186} INFO - Started process (PID=2627) to work on /opt/airflow/dags/telegram_notifications.py
[2024-11-09T14:36:57.080+0300] {processor.py:914} INFO - Processing file /opt/airflow/dags/telegram_notifications.py for tasks to queue
[2024-11-09T14:36:57.084+0300] {logging_mixin.py:190} INFO - [2024-11-09T14:36:57.083+0300] {dagbag.py:588} INFO - Filling up the DagBag from /opt/airflow/dags/telegram_notifications.py
[2024-11-09T14:36:57.123+0300] {processor.py:927} WARNING - No viable dags retrieved from /opt/airflow/dags/telegram_notifications.py
[2024-11-09T14:36:57.147+0300] {processor.py:208} INFO - Processing /opt/airflow/dags/telegram_notifications.py took 0.076 seconds
[2024-11-09T14:37:27.380+0300] {processor.py:186} INFO - Started process (PID=2696) to work on /opt/airflow/dags/telegram_notifications.py
[2024-11-09T14:37:27.381+0300] {processor.py:914} INFO - Processing file /opt/airflow/dags/telegram_notifications.py for tasks to queue
[2024-11-09T14:37:27.384+0300] {logging_mixin.py:190} INFO - [2024-11-09T14:37:27.384+0300] {dagbag.py:588} INFO - Filling up the DagBag from /opt/airflow/dags/telegram_notifications.py
[2024-11-09T14:37:27.432+0300] {processor.py:927} WARNING - No viable dags retrieved from /opt/airflow/dags/telegram_notifications.py
[2024-11-09T14:37:27.449+0300] {processor.py:208} INFO - Processing /opt/airflow/dags/telegram_notifications.py took 0.076 seconds
[2024-11-09T14:37:57.752+0300] {processor.py:186} INFO - Started process (PID=2765) to work on /opt/airflow/dags/telegram_notifications.py
[2024-11-09T14:37:57.754+0300] {processor.py:914} INFO - Processing file /opt/airflow/dags/telegram_notifications.py for tasks to queue
[2024-11-09T14:37:57.757+0300] {logging_mixin.py:190} INFO - [2024-11-09T14:37:57.757+0300] {dagbag.py:588} INFO - Filling up the DagBag from /opt/airflow/dags/telegram_notifications.py
[2024-11-09T14:37:57.781+0300] {processor.py:927} WARNING - No viable dags retrieved from /opt/airflow/dags/telegram_notifications.py
[2024-11-09T14:37:57.795+0300] {processor.py:208} INFO - Processing /opt/airflow/dags/telegram_notifications.py took 0.049 seconds
[2024-11-09T14:38:28.429+0300] {processor.py:186} INFO - Started process (PID=2834) to work on /opt/airflow/dags/telegram_notifications.py
[2024-11-09T14:38:28.430+0300] {processor.py:914} INFO - Processing file /opt/airflow/dags/telegram_notifications.py for tasks to queue
[2024-11-09T14:38:28.434+0300] {logging_mixin.py:190} INFO - [2024-11-09T14:38:28.433+0300] {dagbag.py:588} INFO - Filling up the DagBag from /opt/airflow/dags/telegram_notifications.py
[2024-11-09T14:38:28.442+0300] {processor.py:927} WARNING - No viable dags retrieved from /opt/airflow/dags/telegram_notifications.py
[2024-11-09T14:38:28.452+0300] {processor.py:208} INFO - Processing /opt/airflow/dags/telegram_notifications.py took 0.026 seconds
[2024-11-09T14:38:58.683+0300] {processor.py:186} INFO - Started process (PID=2914) to work on /opt/airflow/dags/telegram_notifications.py
[2024-11-09T14:38:58.685+0300] {processor.py:914} INFO - Processing file /opt/airflow/dags/telegram_notifications.py for tasks to queue
[2024-11-09T14:38:58.690+0300] {logging_mixin.py:190} INFO - [2024-11-09T14:38:58.690+0300] {dagbag.py:588} INFO - Filling up the DagBag from /opt/airflow/dags/telegram_notifications.py
[2024-11-09T14:38:58.745+0300] {processor.py:927} WARNING - No viable dags retrieved from /opt/airflow/dags/telegram_notifications.py
[2024-11-09T14:38:58.764+0300] {processor.py:208} INFO - Processing /opt/airflow/dags/telegram_notifications.py took 0.091 seconds
[2024-11-09T14:39:29.043+0300] {processor.py:186} INFO - Started process (PID=2983) to work on /opt/airflow/dags/telegram_notifications.py
[2024-11-09T14:39:29.045+0300] {processor.py:914} INFO - Processing file /opt/airflow/dags/telegram_notifications.py for tasks to queue
[2024-11-09T14:39:29.049+0300] {logging_mixin.py:190} INFO - [2024-11-09T14:39:29.048+0300] {dagbag.py:588} INFO - Filling up the DagBag from /opt/airflow/dags/telegram_notifications.py
[2024-11-09T14:39:29.074+0300] {processor.py:927} WARNING - No viable dags retrieved from /opt/airflow/dags/telegram_notifications.py
[2024-11-09T14:39:29.096+0300] {processor.py:208} INFO - Processing /opt/airflow/dags/telegram_notifications.py took 0.063 seconds
[2024-11-09T14:39:59.848+0300] {processor.py:186} INFO - Started process (PID=3052) to work on /opt/airflow/dags/telegram_notifications.py
[2024-11-09T14:39:59.850+0300] {processor.py:914} INFO - Processing file /opt/airflow/dags/telegram_notifications.py for tasks to queue
[2024-11-09T14:39:59.854+0300] {logging_mixin.py:190} INFO - [2024-11-09T14:39:59.853+0300] {dagbag.py:588} INFO - Filling up the DagBag from /opt/airflow/dags/telegram_notifications.py
[2024-11-09T14:39:59.894+0300] {processor.py:927} WARNING - No viable dags retrieved from /opt/airflow/dags/telegram_notifications.py
[2024-11-09T14:39:59.917+0300] {processor.py:208} INFO - Processing /opt/airflow/dags/telegram_notifications.py took 0.082 seconds
[2024-11-09T14:40:30.517+0300] {processor.py:186} INFO - Started process (PID=3120) to work on /opt/airflow/dags/telegram_notifications.py
[2024-11-09T14:40:30.519+0300] {processor.py:914} INFO - Processing file /opt/airflow/dags/telegram_notifications.py for tasks to queue
[2024-11-09T14:40:30.524+0300] {logging_mixin.py:190} INFO - [2024-11-09T14:40:30.523+0300] {dagbag.py:588} INFO - Filling up the DagBag from /opt/airflow/dags/telegram_notifications.py
[2024-11-09T14:40:30.572+0300] {processor.py:927} WARNING - No viable dags retrieved from /opt/airflow/dags/telegram_notifications.py
[2024-11-09T14:40:30.590+0300] {processor.py:208} INFO - Processing /opt/airflow/dags/telegram_notifications.py took 0.085 seconds
[2024-11-09T14:41:01.395+0300] {processor.py:186} INFO - Started process (PID=3189) to work on /opt/airflow/dags/telegram_notifications.py
[2024-11-09T14:41:01.396+0300] {processor.py:914} INFO - Processing file /opt/airflow/dags/telegram_notifications.py for tasks to queue
[2024-11-09T14:41:01.400+0300] {logging_mixin.py:190} INFO - [2024-11-09T14:41:01.399+0300] {dagbag.py:588} INFO - Filling up the DagBag from /opt/airflow/dags/telegram_notifications.py
[2024-11-09T14:41:01.437+0300] {processor.py:927} WARNING - No viable dags retrieved from /opt/airflow/dags/telegram_notifications.py
[2024-11-09T14:41:01.455+0300] {processor.py:208} INFO - Processing /opt/airflow/dags/telegram_notifications.py took 0.066 seconds
[2024-11-09T14:41:31.567+0300] {processor.py:186} INFO - Started process (PID=3258) to work on /opt/airflow/dags/telegram_notifications.py
[2024-11-09T14:41:31.568+0300] {processor.py:914} INFO - Processing file /opt/airflow/dags/telegram_notifications.py for tasks to queue
[2024-11-09T14:41:31.572+0300] {logging_mixin.py:190} INFO - [2024-11-09T14:41:31.571+0300] {dagbag.py:588} INFO - Filling up the DagBag from /opt/airflow/dags/telegram_notifications.py
[2024-11-09T14:41:31.610+0300] {processor.py:927} WARNING - No viable dags retrieved from /opt/airflow/dags/telegram_notifications.py
[2024-11-09T14:41:31.627+0300] {processor.py:208} INFO - Processing /opt/airflow/dags/telegram_notifications.py took 0.069 seconds
[2024-11-09T14:42:02.270+0300] {processor.py:186} INFO - Started process (PID=3327) to work on /opt/airflow/dags/telegram_notifications.py
[2024-11-09T14:42:02.271+0300] {processor.py:914} INFO - Processing file /opt/airflow/dags/telegram_notifications.py for tasks to queue
[2024-11-09T14:42:02.274+0300] {logging_mixin.py:190} INFO - [2024-11-09T14:42:02.273+0300] {dagbag.py:588} INFO - Filling up the DagBag from /opt/airflow/dags/telegram_notifications.py
[2024-11-09T14:42:02.293+0300] {processor.py:927} WARNING - No viable dags retrieved from /opt/airflow/dags/telegram_notifications.py
[2024-11-09T14:42:02.309+0300] {processor.py:208} INFO - Processing /opt/airflow/dags/telegram_notifications.py took 0.045 seconds
[2024-11-09T14:42:32.636+0300] {processor.py:186} INFO - Started process (PID=3396) to work on /opt/airflow/dags/telegram_notifications.py
[2024-11-09T14:42:32.638+0300] {processor.py:914} INFO - Processing file /opt/airflow/dags/telegram_notifications.py for tasks to queue
[2024-11-09T14:42:32.640+0300] {logging_mixin.py:190} INFO - [2024-11-09T14:42:32.640+0300] {dagbag.py:588} INFO - Filling up the DagBag from /opt/airflow/dags/telegram_notifications.py
[2024-11-09T14:42:32.665+0300] {processor.py:927} WARNING - No viable dags retrieved from /opt/airflow/dags/telegram_notifications.py
[2024-11-09T14:42:32.675+0300] {processor.py:208} INFO - Processing /opt/airflow/dags/telegram_notifications.py took 0.044 seconds
[2024-11-09T14:43:03.327+0300] {processor.py:186} INFO - Started process (PID=3465) to work on /opt/airflow/dags/telegram_notifications.py
[2024-11-09T14:43:03.329+0300] {processor.py:914} INFO - Processing file /opt/airflow/dags/telegram_notifications.py for tasks to queue
[2024-11-09T14:43:03.333+0300] {logging_mixin.py:190} INFO - [2024-11-09T14:43:03.332+0300] {dagbag.py:588} INFO - Filling up the DagBag from /opt/airflow/dags/telegram_notifications.py
[2024-11-09T14:43:03.356+0300] {processor.py:927} WARNING - No viable dags retrieved from /opt/airflow/dags/telegram_notifications.py
[2024-11-09T14:43:03.376+0300] {processor.py:208} INFO - Processing /opt/airflow/dags/telegram_notifications.py took 0.055 seconds
[2024-11-09T14:43:33.972+0300] {processor.py:186} INFO - Started process (PID=3534) to work on /opt/airflow/dags/telegram_notifications.py
[2024-11-09T14:43:33.974+0300] {processor.py:914} INFO - Processing file /opt/airflow/dags/telegram_notifications.py for tasks to queue
[2024-11-09T14:43:33.978+0300] {logging_mixin.py:190} INFO - [2024-11-09T14:43:33.978+0300] {dagbag.py:588} INFO - Filling up the DagBag from /opt/airflow/dags/telegram_notifications.py
[2024-11-09T14:43:34.005+0300] {processor.py:927} WARNING - No viable dags retrieved from /opt/airflow/dags/telegram_notifications.py
[2024-11-09T14:43:34.023+0300] {processor.py:208} INFO - Processing /opt/airflow/dags/telegram_notifications.py took 0.056 seconds
[2024-11-09T14:44:04.486+0300] {processor.py:186} INFO - Started process (PID=3603) to work on /opt/airflow/dags/telegram_notifications.py
[2024-11-09T14:44:04.487+0300] {processor.py:914} INFO - Processing file /opt/airflow/dags/telegram_notifications.py for tasks to queue
[2024-11-09T14:44:04.489+0300] {logging_mixin.py:190} INFO - [2024-11-09T14:44:04.489+0300] {dagbag.py:588} INFO - Filling up the DagBag from /opt/airflow/dags/telegram_notifications.py
[2024-11-09T14:44:04.506+0300] {processor.py:927} WARNING - No viable dags retrieved from /opt/airflow/dags/telegram_notifications.py
[2024-11-09T14:44:04.521+0300] {processor.py:208} INFO - Processing /opt/airflow/dags/telegram_notifications.py took 0.041 seconds
[2024-11-09T14:44:35.197+0300] {processor.py:186} INFO - Started process (PID=3672) to work on /opt/airflow/dags/telegram_notifications.py
[2024-11-09T14:44:35.198+0300] {processor.py:914} INFO - Processing file /opt/airflow/dags/telegram_notifications.py for tasks to queue
[2024-11-09T14:44:35.200+0300] {logging_mixin.py:190} INFO - [2024-11-09T14:44:35.200+0300] {dagbag.py:588} INFO - Filling up the DagBag from /opt/airflow/dags/telegram_notifications.py
[2024-11-09T14:44:35.223+0300] {processor.py:927} WARNING - No viable dags retrieved from /opt/airflow/dags/telegram_notifications.py
[2024-11-09T14:44:35.235+0300] {processor.py:208} INFO - Processing /opt/airflow/dags/telegram_notifications.py took 0.043 seconds
[2024-11-09T14:45:05.650+0300] {processor.py:186} INFO - Started process (PID=3741) to work on /opt/airflow/dags/telegram_notifications.py
[2024-11-09T14:45:05.651+0300] {processor.py:914} INFO - Processing file /opt/airflow/dags/telegram_notifications.py for tasks to queue
[2024-11-09T14:45:05.654+0300] {logging_mixin.py:190} INFO - [2024-11-09T14:45:05.654+0300] {dagbag.py:588} INFO - Filling up the DagBag from /opt/airflow/dags/telegram_notifications.py
[2024-11-09T14:45:05.679+0300] {processor.py:927} WARNING - No viable dags retrieved from /opt/airflow/dags/telegram_notifications.py
[2024-11-09T14:45:05.695+0300] {processor.py:208} INFO - Processing /opt/airflow/dags/telegram_notifications.py took 0.052 seconds
[2024-11-09T14:45:36.479+0300] {processor.py:186} INFO - Started process (PID=3810) to work on /opt/airflow/dags/telegram_notifications.py
[2024-11-09T14:45:36.480+0300] {processor.py:914} INFO - Processing file /opt/airflow/dags/telegram_notifications.py for tasks to queue
[2024-11-09T14:45:36.482+0300] {logging_mixin.py:190} INFO - [2024-11-09T14:45:36.482+0300] {dagbag.py:588} INFO - Filling up the DagBag from /opt/airflow/dags/telegram_notifications.py
[2024-11-09T14:45:36.508+0300] {processor.py:927} WARNING - No viable dags retrieved from /opt/airflow/dags/telegram_notifications.py
[2024-11-09T14:45:36.525+0300] {processor.py:208} INFO - Processing /opt/airflow/dags/telegram_notifications.py took 0.056 seconds
[2024-11-09T14:46:07.079+0300] {processor.py:186} INFO - Started process (PID=3879) to work on /opt/airflow/dags/telegram_notifications.py
[2024-11-09T14:46:07.080+0300] {processor.py:914} INFO - Processing file /opt/airflow/dags/telegram_notifications.py for tasks to queue
[2024-11-09T14:46:07.083+0300] {logging_mixin.py:190} INFO - [2024-11-09T14:46:07.083+0300] {dagbag.py:588} INFO - Filling up the DagBag from /opt/airflow/dags/telegram_notifications.py
[2024-11-09T14:46:07.109+0300] {processor.py:927} WARNING - No viable dags retrieved from /opt/airflow/dags/telegram_notifications.py
[2024-11-09T14:46:07.123+0300] {processor.py:208} INFO - Processing /opt/airflow/dags/telegram_notifications.py took 0.052 seconds
[2024-11-09T14:46:38.200+0300] {processor.py:186} INFO - Started process (PID=3948) to work on /opt/airflow/dags/telegram_notifications.py
[2024-11-09T14:46:38.202+0300] {processor.py:914} INFO - Processing file /opt/airflow/dags/telegram_notifications.py for tasks to queue
[2024-11-09T14:46:38.206+0300] {logging_mixin.py:190} INFO - [2024-11-09T14:46:38.205+0300] {dagbag.py:588} INFO - Filling up the DagBag from /opt/airflow/dags/telegram_notifications.py
[2024-11-09T14:46:38.261+0300] {processor.py:927} WARNING - No viable dags retrieved from /opt/airflow/dags/telegram_notifications.py
[2024-11-09T14:46:38.318+0300] {processor.py:208} INFO - Processing /opt/airflow/dags/telegram_notifications.py took 0.123 seconds
[2024-11-09T14:47:08.431+0300] {processor.py:186} INFO - Started process (PID=4016) to work on /opt/airflow/dags/telegram_notifications.py
[2024-11-09T14:47:08.432+0300] {processor.py:914} INFO - Processing file /opt/airflow/dags/telegram_notifications.py for tasks to queue
[2024-11-09T14:47:08.434+0300] {logging_mixin.py:190} INFO - [2024-11-09T14:47:08.433+0300] {dagbag.py:588} INFO - Filling up the DagBag from /opt/airflow/dags/telegram_notifications.py
[2024-11-09T14:47:08.441+0300] {processor.py:927} WARNING - No viable dags retrieved from /opt/airflow/dags/telegram_notifications.py
[2024-11-09T14:47:08.450+0300] {processor.py:208} INFO - Processing /opt/airflow/dags/telegram_notifications.py took 0.025 seconds
[2024-11-09T14:47:38.966+0300] {processor.py:186} INFO - Started process (PID=4086) to work on /opt/airflow/dags/telegram_notifications.py
[2024-11-09T14:47:38.967+0300] {processor.py:914} INFO - Processing file /opt/airflow/dags/telegram_notifications.py for tasks to queue
[2024-11-09T14:47:38.970+0300] {logging_mixin.py:190} INFO - [2024-11-09T14:47:38.970+0300] {dagbag.py:588} INFO - Filling up the DagBag from /opt/airflow/dags/telegram_notifications.py
[2024-11-09T14:47:39.024+0300] {processor.py:927} WARNING - No viable dags retrieved from /opt/airflow/dags/telegram_notifications.py
[2024-11-09T14:47:39.050+0300] {processor.py:208} INFO - Processing /opt/airflow/dags/telegram_notifications.py took 0.090 seconds
[2024-11-09T14:48:09.443+0300] {processor.py:186} INFO - Started process (PID=4155) to work on /opt/airflow/dags/telegram_notifications.py
[2024-11-09T14:48:09.444+0300] {processor.py:914} INFO - Processing file /opt/airflow/dags/telegram_notifications.py for tasks to queue
[2024-11-09T14:48:09.446+0300] {logging_mixin.py:190} INFO - [2024-11-09T14:48:09.446+0300] {dagbag.py:588} INFO - Filling up the DagBag from /opt/airflow/dags/telegram_notifications.py
[2024-11-09T14:48:09.465+0300] {processor.py:927} WARNING - No viable dags retrieved from /opt/airflow/dags/telegram_notifications.py
[2024-11-09T14:48:09.477+0300] {processor.py:208} INFO - Processing /opt/airflow/dags/telegram_notifications.py took 0.040 seconds
[2024-11-09T14:48:39.732+0300] {processor.py:186} INFO - Started process (PID=4224) to work on /opt/airflow/dags/telegram_notifications.py
[2024-11-09T14:48:39.733+0300] {processor.py:914} INFO - Processing file /opt/airflow/dags/telegram_notifications.py for tasks to queue
[2024-11-09T14:48:39.736+0300] {logging_mixin.py:190} INFO - [2024-11-09T14:48:39.735+0300] {dagbag.py:588} INFO - Filling up the DagBag from /opt/airflow/dags/telegram_notifications.py
[2024-11-09T14:48:39.754+0300] {processor.py:927} WARNING - No viable dags retrieved from /opt/airflow/dags/telegram_notifications.py
[2024-11-09T14:48:39.766+0300] {processor.py:208} INFO - Processing /opt/airflow/dags/telegram_notifications.py took 0.039 seconds
[2024-11-09T14:49:10.205+0300] {processor.py:186} INFO - Started process (PID=4293) to work on /opt/airflow/dags/telegram_notifications.py
[2024-11-09T14:49:10.206+0300] {processor.py:914} INFO - Processing file /opt/airflow/dags/telegram_notifications.py for tasks to queue
[2024-11-09T14:49:10.209+0300] {logging_mixin.py:190} INFO - [2024-11-09T14:49:10.208+0300] {dagbag.py:588} INFO - Filling up the DagBag from /opt/airflow/dags/telegram_notifications.py
[2024-11-09T14:49:10.231+0300] {processor.py:927} WARNING - No viable dags retrieved from /opt/airflow/dags/telegram_notifications.py
[2024-11-09T14:49:10.244+0300] {processor.py:208} INFO - Processing /opt/airflow/dags/telegram_notifications.py took 0.043 seconds
[2024-11-09T14:49:40.458+0300] {processor.py:186} INFO - Started process (PID=4362) to work on /opt/airflow/dags/telegram_notifications.py
[2024-11-09T14:49:40.459+0300] {processor.py:914} INFO - Processing file /opt/airflow/dags/telegram_notifications.py for tasks to queue
[2024-11-09T14:49:40.462+0300] {logging_mixin.py:190} INFO - [2024-11-09T14:49:40.462+0300] {dagbag.py:588} INFO - Filling up the DagBag from /opt/airflow/dags/telegram_notifications.py
[2024-11-09T14:49:40.473+0300] {processor.py:927} WARNING - No viable dags retrieved from /opt/airflow/dags/telegram_notifications.py
[2024-11-09T14:49:40.490+0300] {processor.py:208} INFO - Processing /opt/airflow/dags/telegram_notifications.py took 0.039 seconds
[2024-11-09T14:50:10.940+0300] {processor.py:186} INFO - Started process (PID=4430) to work on /opt/airflow/dags/telegram_notifications.py
[2024-11-09T14:50:10.942+0300] {processor.py:914} INFO - Processing file /opt/airflow/dags/telegram_notifications.py for tasks to queue
[2024-11-09T14:50:10.944+0300] {logging_mixin.py:190} INFO - [2024-11-09T14:50:10.944+0300] {dagbag.py:588} INFO - Filling up the DagBag from /opt/airflow/dags/telegram_notifications.py
[2024-11-09T14:50:10.964+0300] {processor.py:927} WARNING - No viable dags retrieved from /opt/airflow/dags/telegram_notifications.py
[2024-11-09T14:50:10.980+0300] {processor.py:208} INFO - Processing /opt/airflow/dags/telegram_notifications.py took 0.046 seconds
[2024-11-09T14:50:41.967+0300] {processor.py:186} INFO - Started process (PID=4499) to work on /opt/airflow/dags/telegram_notifications.py
[2024-11-09T14:50:41.968+0300] {processor.py:914} INFO - Processing file /opt/airflow/dags/telegram_notifications.py for tasks to queue
[2024-11-09T14:50:41.971+0300] {logging_mixin.py:190} INFO - [2024-11-09T14:50:41.971+0300] {dagbag.py:588} INFO - Filling up the DagBag from /opt/airflow/dags/telegram_notifications.py
[2024-11-09T14:50:42.001+0300] {processor.py:927} WARNING - No viable dags retrieved from /opt/airflow/dags/telegram_notifications.py
[2024-11-09T14:50:42.020+0300] {processor.py:208} INFO - Processing /opt/airflow/dags/telegram_notifications.py took 0.059 seconds
[2024-11-09T14:51:13.085+0300] {processor.py:186} INFO - Started process (PID=4568) to work on /opt/airflow/dags/telegram_notifications.py
[2024-11-09T14:51:13.087+0300] {processor.py:914} INFO - Processing file /opt/airflow/dags/telegram_notifications.py for tasks to queue
[2024-11-09T14:51:13.089+0300] {logging_mixin.py:190} INFO - [2024-11-09T14:51:13.089+0300] {dagbag.py:588} INFO - Filling up the DagBag from /opt/airflow/dags/telegram_notifications.py
[2024-11-09T14:51:13.123+0300] {processor.py:927} WARNING - No viable dags retrieved from /opt/airflow/dags/telegram_notifications.py
[2024-11-09T14:51:13.143+0300] {processor.py:208} INFO - Processing /opt/airflow/dags/telegram_notifications.py took 0.065 seconds
[2024-11-09T14:51:43.449+0300] {processor.py:186} INFO - Started process (PID=4637) to work on /opt/airflow/dags/telegram_notifications.py
[2024-11-09T14:51:43.450+0300] {processor.py:914} INFO - Processing file /opt/airflow/dags/telegram_notifications.py for tasks to queue
[2024-11-09T14:51:43.452+0300] {logging_mixin.py:190} INFO - [2024-11-09T14:51:43.452+0300] {dagbag.py:588} INFO - Filling up the DagBag from /opt/airflow/dags/telegram_notifications.py
[2024-11-09T14:51:43.498+0300] {processor.py:927} WARNING - No viable dags retrieved from /opt/airflow/dags/telegram_notifications.py
[2024-11-09T14:51:43.521+0300] {processor.py:208} INFO - Processing /opt/airflow/dags/telegram_notifications.py took 0.078 seconds
[2024-11-09T14:52:14.325+0300] {processor.py:186} INFO - Started process (PID=4706) to work on /opt/airflow/dags/telegram_notifications.py
[2024-11-09T14:52:14.326+0300] {processor.py:914} INFO - Processing file /opt/airflow/dags/telegram_notifications.py for tasks to queue
[2024-11-09T14:52:14.330+0300] {logging_mixin.py:190} INFO - [2024-11-09T14:52:14.329+0300] {dagbag.py:588} INFO - Filling up the DagBag from /opt/airflow/dags/telegram_notifications.py
[2024-11-09T14:52:14.351+0300] {processor.py:927} WARNING - No viable dags retrieved from /opt/airflow/dags/telegram_notifications.py
[2024-11-09T14:52:14.367+0300] {processor.py:208} INFO - Processing /opt/airflow/dags/telegram_notifications.py took 0.052 seconds
[2024-11-09T14:52:44.519+0300] {processor.py:186} INFO - Started process (PID=4780) to work on /opt/airflow/dags/telegram_notifications.py
[2024-11-09T14:52:44.520+0300] {processor.py:914} INFO - Processing file /opt/airflow/dags/telegram_notifications.py for tasks to queue
[2024-11-09T14:52:44.523+0300] {logging_mixin.py:190} INFO - [2024-11-09T14:52:44.523+0300] {dagbag.py:588} INFO - Filling up the DagBag from /opt/airflow/dags/telegram_notifications.py
[2024-11-09T14:52:44.562+0300] {processor.py:927} WARNING - No viable dags retrieved from /opt/airflow/dags/telegram_notifications.py
[2024-11-09T14:52:44.576+0300] {processor.py:208} INFO - Processing /opt/airflow/dags/telegram_notifications.py took 0.062 seconds
[2024-11-09T14:53:14.879+0300] {processor.py:186} INFO - Started process (PID=4849) to work on /opt/airflow/dags/telegram_notifications.py
[2024-11-09T14:53:14.880+0300] {processor.py:914} INFO - Processing file /opt/airflow/dags/telegram_notifications.py for tasks to queue
[2024-11-09T14:53:14.884+0300] {logging_mixin.py:190} INFO - [2024-11-09T14:53:14.883+0300] {dagbag.py:588} INFO - Filling up the DagBag from /opt/airflow/dags/telegram_notifications.py
[2024-11-09T14:53:14.919+0300] {processor.py:927} WARNING - No viable dags retrieved from /opt/airflow/dags/telegram_notifications.py
[2024-11-09T14:53:14.935+0300] {processor.py:208} INFO - Processing /opt/airflow/dags/telegram_notifications.py took 0.064 seconds
[2024-11-09T14:53:45.203+0300] {processor.py:186} INFO - Started process (PID=4918) to work on /opt/airflow/dags/telegram_notifications.py
[2024-11-09T14:53:45.205+0300] {processor.py:914} INFO - Processing file /opt/airflow/dags/telegram_notifications.py for tasks to queue
[2024-11-09T14:53:45.208+0300] {logging_mixin.py:190} INFO - [2024-11-09T14:53:45.208+0300] {dagbag.py:588} INFO - Filling up the DagBag from /opt/airflow/dags/telegram_notifications.py
[2024-11-09T14:53:45.259+0300] {processor.py:927} WARNING - No viable dags retrieved from /opt/airflow/dags/telegram_notifications.py
[2024-11-09T14:53:45.281+0300] {processor.py:208} INFO - Processing /opt/airflow/dags/telegram_notifications.py took 0.092 seconds
[2024-11-09T14:54:16.037+0300] {processor.py:186} INFO - Started process (PID=4988) to work on /opt/airflow/dags/telegram_notifications.py
[2024-11-09T14:54:16.038+0300] {processor.py:914} INFO - Processing file /opt/airflow/dags/telegram_notifications.py for tasks to queue
[2024-11-09T14:54:16.040+0300] {logging_mixin.py:190} INFO - [2024-11-09T14:54:16.040+0300] {dagbag.py:588} INFO - Filling up the DagBag from /opt/airflow/dags/telegram_notifications.py
[2024-11-09T14:54:16.070+0300] {processor.py:927} WARNING - No viable dags retrieved from /opt/airflow/dags/telegram_notifications.py
[2024-11-09T14:54:16.085+0300] {processor.py:208} INFO - Processing /opt/airflow/dags/telegram_notifications.py took 0.053 seconds
[2024-11-09T14:54:46.337+0300] {processor.py:186} INFO - Started process (PID=5055) to work on /opt/airflow/dags/telegram_notifications.py
[2024-11-09T14:54:46.340+0300] {processor.py:914} INFO - Processing file /opt/airflow/dags/telegram_notifications.py for tasks to queue
[2024-11-09T14:54:46.345+0300] {logging_mixin.py:190} INFO - [2024-11-09T14:54:46.345+0300] {dagbag.py:588} INFO - Filling up the DagBag from /opt/airflow/dags/telegram_notifications.py
[2024-11-09T14:54:46.374+0300] {processor.py:927} WARNING - No viable dags retrieved from /opt/airflow/dags/telegram_notifications.py
[2024-11-09T14:54:46.398+0300] {processor.py:208} INFO - Processing /opt/airflow/dags/telegram_notifications.py took 0.078 seconds
[2024-11-09T14:55:16.942+0300] {processor.py:186} INFO - Started process (PID=5125) to work on /opt/airflow/dags/telegram_notifications.py
[2024-11-09T14:55:16.944+0300] {processor.py:914} INFO - Processing file /opt/airflow/dags/telegram_notifications.py for tasks to queue
[2024-11-09T14:55:16.946+0300] {logging_mixin.py:190} INFO - [2024-11-09T14:55:16.946+0300] {dagbag.py:588} INFO - Filling up the DagBag from /opt/airflow/dags/telegram_notifications.py
[2024-11-09T14:55:16.970+0300] {processor.py:927} WARNING - No viable dags retrieved from /opt/airflow/dags/telegram_notifications.py
[2024-11-09T14:55:16.983+0300] {processor.py:208} INFO - Processing /opt/airflow/dags/telegram_notifications.py took 0.046 seconds
[2024-11-09T15:15:51.504+0300] {processor.py:186} INFO - Started process (PID=67) to work on /opt/airflow/dags/telegram_notifications.py
[2024-11-09T15:15:51.505+0300] {processor.py:914} INFO - Processing file /opt/airflow/dags/telegram_notifications.py for tasks to queue
[2024-11-09T15:15:51.507+0300] {logging_mixin.py:190} INFO - [2024-11-09T15:15:51.507+0300] {dagbag.py:588} INFO - Filling up the DagBag from /opt/airflow/dags/telegram_notifications.py
[2024-11-09T15:15:51.533+0300] {processor.py:927} WARNING - No viable dags retrieved from /opt/airflow/dags/telegram_notifications.py
[2024-11-09T15:15:51.548+0300] {processor.py:208} INFO - Processing /opt/airflow/dags/telegram_notifications.py took 0.049 seconds
[2024-11-09T15:16:21.846+0300] {processor.py:186} INFO - Started process (PID=136) to work on /opt/airflow/dags/telegram_notifications.py
[2024-11-09T15:16:21.848+0300] {processor.py:914} INFO - Processing file /opt/airflow/dags/telegram_notifications.py for tasks to queue
[2024-11-09T15:16:21.850+0300] {logging_mixin.py:190} INFO - [2024-11-09T15:16:21.850+0300] {dagbag.py:588} INFO - Filling up the DagBag from /opt/airflow/dags/telegram_notifications.py
[2024-11-09T15:16:21.887+0300] {processor.py:927} WARNING - No viable dags retrieved from /opt/airflow/dags/telegram_notifications.py
[2024-11-09T15:16:21.904+0300] {processor.py:208} INFO - Processing /opt/airflow/dags/telegram_notifications.py took 0.063 seconds
[2024-11-09T15:16:52.874+0300] {processor.py:186} INFO - Started process (PID=211) to work on /opt/airflow/dags/telegram_notifications.py
[2024-11-09T15:16:52.876+0300] {processor.py:914} INFO - Processing file /opt/airflow/dags/telegram_notifications.py for tasks to queue
[2024-11-09T15:16:52.880+0300] {logging_mixin.py:190} INFO - [2024-11-09T15:16:52.879+0300] {dagbag.py:588} INFO - Filling up the DagBag from /opt/airflow/dags/telegram_notifications.py
[2024-11-09T15:16:52.912+0300] {processor.py:927} WARNING - No viable dags retrieved from /opt/airflow/dags/telegram_notifications.py
[2024-11-09T15:16:52.934+0300] {processor.py:208} INFO - Processing /opt/airflow/dags/telegram_notifications.py took 0.070 seconds
[2024-11-09T15:17:23.131+0300] {processor.py:186} INFO - Started process (PID=280) to work on /opt/airflow/dags/telegram_notifications.py
[2024-11-09T15:17:23.133+0300] {processor.py:914} INFO - Processing file /opt/airflow/dags/telegram_notifications.py for tasks to queue
[2024-11-09T15:17:23.135+0300] {logging_mixin.py:190} INFO - [2024-11-09T15:17:23.135+0300] {dagbag.py:588} INFO - Filling up the DagBag from /opt/airflow/dags/telegram_notifications.py
[2024-11-09T15:17:23.158+0300] {processor.py:927} WARNING - No viable dags retrieved from /opt/airflow/dags/telegram_notifications.py
[2024-11-09T15:17:23.174+0300] {processor.py:208} INFO - Processing /opt/airflow/dags/telegram_notifications.py took 0.048 seconds
[2024-11-09T15:17:53.575+0300] {processor.py:186} INFO - Started process (PID=349) to work on /opt/airflow/dags/telegram_notifications.py
[2024-11-09T15:17:53.576+0300] {processor.py:914} INFO - Processing file /opt/airflow/dags/telegram_notifications.py for tasks to queue
[2024-11-09T15:17:53.579+0300] {logging_mixin.py:190} INFO - [2024-11-09T15:17:53.579+0300] {dagbag.py:588} INFO - Filling up the DagBag from /opt/airflow/dags/telegram_notifications.py
[2024-11-09T15:17:53.595+0300] {processor.py:927} WARNING - No viable dags retrieved from /opt/airflow/dags/telegram_notifications.py
[2024-11-09T15:17:53.609+0300] {processor.py:208} INFO - Processing /opt/airflow/dags/telegram_notifications.py took 0.039 seconds
[2024-11-09T15:18:24.955+0300] {processor.py:186} INFO - Started process (PID=418) to work on /opt/airflow/dags/telegram_notifications.py
[2024-11-09T15:18:24.956+0300] {processor.py:914} INFO - Processing file /opt/airflow/dags/telegram_notifications.py for tasks to queue
[2024-11-09T15:18:24.958+0300] {logging_mixin.py:190} INFO - [2024-11-09T15:18:24.958+0300] {dagbag.py:588} INFO - Filling up the DagBag from /opt/airflow/dags/telegram_notifications.py
[2024-11-09T15:18:24.989+0300] {processor.py:927} WARNING - No viable dags retrieved from /opt/airflow/dags/telegram_notifications.py
[2024-11-09T15:18:25.000+0300] {processor.py:208} INFO - Processing /opt/airflow/dags/telegram_notifications.py took 0.051 seconds
[2024-11-09T15:18:55.134+0300] {processor.py:186} INFO - Started process (PID=486) to work on /opt/airflow/dags/telegram_notifications.py
[2024-11-09T15:18:55.135+0300] {processor.py:914} INFO - Processing file /opt/airflow/dags/telegram_notifications.py for tasks to queue
[2024-11-09T15:18:55.138+0300] {logging_mixin.py:190} INFO - [2024-11-09T15:18:55.137+0300] {dagbag.py:588} INFO - Filling up the DagBag from /opt/airflow/dags/telegram_notifications.py
[2024-11-09T15:18:55.159+0300] {processor.py:927} WARNING - No viable dags retrieved from /opt/airflow/dags/telegram_notifications.py
[2024-11-09T15:18:55.177+0300] {processor.py:208} INFO - Processing /opt/airflow/dags/telegram_notifications.py took 0.048 seconds
[2024-11-09T15:19:25.609+0300] {processor.py:186} INFO - Started process (PID=555) to work on /opt/airflow/dags/telegram_notifications.py
[2024-11-09T15:19:25.610+0300] {processor.py:914} INFO - Processing file /opt/airflow/dags/telegram_notifications.py for tasks to queue
[2024-11-09T15:19:25.613+0300] {logging_mixin.py:190} INFO - [2024-11-09T15:19:25.612+0300] {dagbag.py:588} INFO - Filling up the DagBag from /opt/airflow/dags/telegram_notifications.py
[2024-11-09T15:19:25.632+0300] {processor.py:927} WARNING - No viable dags retrieved from /opt/airflow/dags/telegram_notifications.py
[2024-11-09T15:19:25.648+0300] {processor.py:208} INFO - Processing /opt/airflow/dags/telegram_notifications.py took 0.044 seconds
[2024-11-09T15:19:56.392+0300] {processor.py:186} INFO - Started process (PID=624) to work on /opt/airflow/dags/telegram_notifications.py
[2024-11-09T15:19:56.393+0300] {processor.py:914} INFO - Processing file /opt/airflow/dags/telegram_notifications.py for tasks to queue
[2024-11-09T15:19:56.396+0300] {logging_mixin.py:190} INFO - [2024-11-09T15:19:56.395+0300] {dagbag.py:588} INFO - Filling up the DagBag from /opt/airflow/dags/telegram_notifications.py
[2024-11-09T15:19:56.425+0300] {processor.py:927} WARNING - No viable dags retrieved from /opt/airflow/dags/telegram_notifications.py
[2024-11-09T15:19:56.447+0300] {processor.py:208} INFO - Processing /opt/airflow/dags/telegram_notifications.py took 0.061 seconds
[2024-11-09T15:20:26.891+0300] {processor.py:186} INFO - Started process (PID=693) to work on /opt/airflow/dags/telegram_notifications.py
[2024-11-09T15:20:26.893+0300] {processor.py:914} INFO - Processing file /opt/airflow/dags/telegram_notifications.py for tasks to queue
[2024-11-09T15:20:26.896+0300] {logging_mixin.py:190} INFO - [2024-11-09T15:20:26.896+0300] {dagbag.py:588} INFO - Filling up the DagBag from /opt/airflow/dags/telegram_notifications.py
[2024-11-09T15:20:26.918+0300] {processor.py:927} WARNING - No viable dags retrieved from /opt/airflow/dags/telegram_notifications.py
[2024-11-09T15:20:26.931+0300] {processor.py:208} INFO - Processing /opt/airflow/dags/telegram_notifications.py took 0.049 seconds
[2024-11-09T15:20:57.487+0300] {processor.py:186} INFO - Started process (PID=762) to work on /opt/airflow/dags/telegram_notifications.py
[2024-11-09T15:20:57.488+0300] {processor.py:914} INFO - Processing file /opt/airflow/dags/telegram_notifications.py for tasks to queue
[2024-11-09T15:20:57.490+0300] {logging_mixin.py:190} INFO - [2024-11-09T15:20:57.489+0300] {dagbag.py:588} INFO - Filling up the DagBag from /opt/airflow/dags/telegram_notifications.py
[2024-11-09T15:20:57.509+0300] {processor.py:927} WARNING - No viable dags retrieved from /opt/airflow/dags/telegram_notifications.py
[2024-11-09T15:20:57.521+0300] {processor.py:208} INFO - Processing /opt/airflow/dags/telegram_notifications.py took 0.040 seconds
[2024-11-09T20:41:48.662+0300] {processor.py:186} INFO - Started process (PID=56) to work on /opt/airflow/dags/telegram_notifications.py
[2024-11-09T20:41:48.665+0300] {processor.py:914} INFO - Processing file /opt/airflow/dags/telegram_notifications.py for tasks to queue
[2024-11-09T20:41:48.671+0300] {logging_mixin.py:190} INFO - [2024-11-09T20:41:48.671+0300] {dagbag.py:588} INFO - Filling up the DagBag from /opt/airflow/dags/telegram_notifications.py
[2024-11-09T20:41:48.697+0300] {processor.py:927} WARNING - No viable dags retrieved from /opt/airflow/dags/telegram_notifications.py
[2024-11-09T20:41:48.725+0300] {processor.py:208} INFO - Processing /opt/airflow/dags/telegram_notifications.py took 0.074 seconds
