[2024-11-09T14:18:07.474+0300] {processor.py:186} INFO - Started process (PID=65) to work on /opt/airflow/dags/telegram-dag.py
[2024-11-09T14:18:07.476+0300] {processor.py:914} INFO - Processing file /opt/airflow/dags/telegram-dag.py for tasks to queue
[2024-11-09T14:18:07.481+0300] {logging_mixin.py:190} INFO - [2024-11-09T14:18:07.480+0300] {dagbag.py:588} INFO - Filling up the DagBag from /opt/airflow/dags/telegram-dag.py
[2024-11-09T14:18:07.526+0300] {processor.py:925} INFO - DAG(s) 'currency_rate_dag' retrieved from /opt/airflow/dags/telegram-dag.py
[2024-11-09T14:18:07.576+0300] {logging_mixin.py:190} INFO - [2024-11-09T14:18:07.576+0300] {dag.py:3239} INFO - Sync 1 DAGs
[2024-11-09T14:18:07.615+0300] {logging_mixin.py:190} INFO - [2024-11-09T14:18:07.615+0300] {dag.py:4180} INFO - Setting next_dagrun for currency_rate_dag to 2024-11-09 00:00:00+00:00, run_after=2024-11-09 12:00:00+00:00
[2024-11-09T14:18:07.645+0300] {processor.py:208} INFO - Processing /opt/airflow/dags/telegram-dag.py took 0.184 seconds
[2024-11-09T14:18:37.751+0300] {processor.py:186} INFO - Started process (PID=143) to work on /opt/airflow/dags/telegram-dag.py
[2024-11-09T14:18:37.752+0300] {processor.py:914} INFO - Processing file /opt/airflow/dags/telegram-dag.py for tasks to queue
[2024-11-09T14:18:37.754+0300] {logging_mixin.py:190} INFO - [2024-11-09T14:18:37.754+0300] {dagbag.py:588} INFO - Filling up the DagBag from /opt/airflow/dags/telegram-dag.py
[2024-11-09T14:18:37.799+0300] {processor.py:925} INFO - DAG(s) 'currency_rate_dag' retrieved from /opt/airflow/dags/telegram-dag.py
[2024-11-09T14:18:37.832+0300] {logging_mixin.py:190} INFO - [2024-11-09T14:18:37.832+0300] {dag.py:3239} INFO - Sync 1 DAGs
[2024-11-09T14:18:37.855+0300] {logging_mixin.py:190} INFO - [2024-11-09T14:18:37.855+0300] {dag.py:4180} INFO - Setting next_dagrun for currency_rate_dag to 2024-11-09 00:00:00+00:00, run_after=2024-11-09 12:00:00+00:00
[2024-11-09T14:18:37.878+0300] {processor.py:208} INFO - Processing /opt/airflow/dags/telegram-dag.py took 0.133 seconds
[2024-11-09T14:19:08.055+0300] {processor.py:186} INFO - Started process (PID=212) to work on /opt/airflow/dags/telegram-dag.py
[2024-11-09T14:19:08.056+0300] {processor.py:914} INFO - Processing file /opt/airflow/dags/telegram-dag.py for tasks to queue
[2024-11-09T14:19:08.059+0300] {logging_mixin.py:190} INFO - [2024-11-09T14:19:08.059+0300] {dagbag.py:588} INFO - Filling up the DagBag from /opt/airflow/dags/telegram-dag.py
[2024-11-09T14:19:08.101+0300] {processor.py:925} INFO - DAG(s) 'currency_rate_dag' retrieved from /opt/airflow/dags/telegram-dag.py
[2024-11-09T14:19:08.131+0300] {logging_mixin.py:190} INFO - [2024-11-09T14:19:08.131+0300] {dag.py:3239} INFO - Sync 1 DAGs
[2024-11-09T14:19:08.153+0300] {logging_mixin.py:190} INFO - [2024-11-09T14:19:08.152+0300] {dag.py:4180} INFO - Setting next_dagrun for currency_rate_dag to 2024-11-09 00:00:00+00:00, run_after=2024-11-09 12:00:00+00:00
[2024-11-09T14:19:08.172+0300] {processor.py:208} INFO - Processing /opt/airflow/dags/telegram-dag.py took 0.123 seconds
[2024-11-09T14:19:38.882+0300] {processor.py:186} INFO - Started process (PID=281) to work on /opt/airflow/dags/telegram-dag.py
[2024-11-09T14:19:38.884+0300] {processor.py:914} INFO - Processing file /opt/airflow/dags/telegram-dag.py for tasks to queue
[2024-11-09T14:19:38.886+0300] {logging_mixin.py:190} INFO - [2024-11-09T14:19:38.886+0300] {dagbag.py:588} INFO - Filling up the DagBag from /opt/airflow/dags/telegram-dag.py
[2024-11-09T14:19:38.949+0300] {processor.py:925} INFO - DAG(s) 'currency_rate_dag' retrieved from /opt/airflow/dags/telegram-dag.py
[2024-11-09T14:19:39.001+0300] {logging_mixin.py:190} INFO - [2024-11-09T14:19:39.000+0300] {dag.py:3239} INFO - Sync 1 DAGs
[2024-11-09T14:19:39.033+0300] {logging_mixin.py:190} INFO - [2024-11-09T14:19:39.033+0300] {dag.py:4180} INFO - Setting next_dagrun for currency_rate_dag to 2024-11-09 00:00:00+00:00, run_after=2024-11-09 12:00:00+00:00
[2024-11-09T14:19:39.065+0300] {processor.py:208} INFO - Processing /opt/airflow/dags/telegram-dag.py took 0.191 seconds
[2024-11-09T14:20:09.249+0300] {processor.py:186} INFO - Started process (PID=350) to work on /opt/airflow/dags/telegram-dag.py
[2024-11-09T14:20:09.250+0300] {processor.py:914} INFO - Processing file /opt/airflow/dags/telegram-dag.py for tasks to queue
[2024-11-09T14:20:09.253+0300] {logging_mixin.py:190} INFO - [2024-11-09T14:20:09.252+0300] {dagbag.py:588} INFO - Filling up the DagBag from /opt/airflow/dags/telegram-dag.py
[2024-11-09T14:20:09.299+0300] {processor.py:925} INFO - DAG(s) 'currency_rate_dag' retrieved from /opt/airflow/dags/telegram-dag.py
[2024-11-09T14:20:09.332+0300] {logging_mixin.py:190} INFO - [2024-11-09T14:20:09.332+0300] {dag.py:3239} INFO - Sync 1 DAGs
[2024-11-09T14:20:09.353+0300] {logging_mixin.py:190} INFO - [2024-11-09T14:20:09.353+0300] {dag.py:4180} INFO - Setting next_dagrun for currency_rate_dag to 2024-11-09 00:00:00+00:00, run_after=2024-11-09 12:00:00+00:00
[2024-11-09T14:20:09.387+0300] {processor.py:208} INFO - Processing /opt/airflow/dags/telegram-dag.py took 0.143 seconds
[2024-11-09T14:20:39.621+0300] {processor.py:186} INFO - Started process (PID=418) to work on /opt/airflow/dags/telegram-dag.py
[2024-11-09T14:20:39.623+0300] {processor.py:914} INFO - Processing file /opt/airflow/dags/telegram-dag.py for tasks to queue
[2024-11-09T14:20:39.625+0300] {logging_mixin.py:190} INFO - [2024-11-09T14:20:39.625+0300] {dagbag.py:588} INFO - Filling up the DagBag from /opt/airflow/dags/telegram-dag.py
[2024-11-09T14:20:39.663+0300] {processor.py:925} INFO - DAG(s) 'currency_rate_dag' retrieved from /opt/airflow/dags/telegram-dag.py
[2024-11-09T14:20:39.692+0300] {logging_mixin.py:190} INFO - [2024-11-09T14:20:39.691+0300] {dag.py:3239} INFO - Sync 1 DAGs
[2024-11-09T14:20:39.713+0300] {logging_mixin.py:190} INFO - [2024-11-09T14:20:39.713+0300] {dag.py:4180} INFO - Setting next_dagrun for currency_rate_dag to 2024-11-09 00:00:00+00:00, run_after=2024-11-09 12:00:00+00:00
[2024-11-09T14:20:39.732+0300] {processor.py:208} INFO - Processing /opt/airflow/dags/telegram-dag.py took 0.116 seconds
[2024-11-09T14:21:10.485+0300] {processor.py:186} INFO - Started process (PID=493) to work on /opt/airflow/dags/telegram-dag.py
[2024-11-09T14:21:10.487+0300] {processor.py:914} INFO - Processing file /opt/airflow/dags/telegram-dag.py for tasks to queue
[2024-11-09T14:21:10.490+0300] {logging_mixin.py:190} INFO - [2024-11-09T14:21:10.489+0300] {dagbag.py:588} INFO - Filling up the DagBag from /opt/airflow/dags/telegram-dag.py
[2024-11-09T14:21:10.525+0300] {processor.py:925} INFO - DAG(s) 'currency_rate_dag' retrieved from /opt/airflow/dags/telegram-dag.py
[2024-11-09T14:21:10.555+0300] {logging_mixin.py:190} INFO - [2024-11-09T14:21:10.554+0300] {dag.py:3239} INFO - Sync 1 DAGs
[2024-11-09T14:21:10.575+0300] {logging_mixin.py:190} INFO - [2024-11-09T14:21:10.575+0300] {dag.py:4180} INFO - Setting next_dagrun for currency_rate_dag to 2024-11-09 00:00:00+00:00, run_after=2024-11-09 12:00:00+00:00
[2024-11-09T14:21:10.596+0300] {processor.py:208} INFO - Processing /opt/airflow/dags/telegram-dag.py took 0.117 seconds
[2024-11-09T14:21:40.993+0300] {processor.py:186} INFO - Started process (PID=562) to work on /opt/airflow/dags/telegram-dag.py
[2024-11-09T14:21:40.995+0300] {processor.py:914} INFO - Processing file /opt/airflow/dags/telegram-dag.py for tasks to queue
[2024-11-09T14:21:40.998+0300] {logging_mixin.py:190} INFO - [2024-11-09T14:21:40.998+0300] {dagbag.py:588} INFO - Filling up the DagBag from /opt/airflow/dags/telegram-dag.py
[2024-11-09T14:21:41.042+0300] {processor.py:925} INFO - DAG(s) 'currency_rate_dag' retrieved from /opt/airflow/dags/telegram-dag.py
[2024-11-09T14:21:41.076+0300] {logging_mixin.py:190} INFO - [2024-11-09T14:21:41.075+0300] {dag.py:3239} INFO - Sync 1 DAGs
[2024-11-09T14:21:41.101+0300] {logging_mixin.py:190} INFO - [2024-11-09T14:21:41.101+0300] {dag.py:4180} INFO - Setting next_dagrun for currency_rate_dag to 2024-11-09 00:00:00+00:00, run_after=2024-11-09 12:00:00+00:00
[2024-11-09T14:21:41.122+0300] {processor.py:208} INFO - Processing /opt/airflow/dags/telegram-dag.py took 0.135 seconds
[2024-11-09T14:22:11.749+0300] {processor.py:186} INFO - Started process (PID=631) to work on /opt/airflow/dags/telegram-dag.py
[2024-11-09T14:22:11.750+0300] {processor.py:914} INFO - Processing file /opt/airflow/dags/telegram-dag.py for tasks to queue
[2024-11-09T14:22:11.753+0300] {logging_mixin.py:190} INFO - [2024-11-09T14:22:11.753+0300] {dagbag.py:588} INFO - Filling up the DagBag from /opt/airflow/dags/telegram-dag.py
[2024-11-09T14:22:11.812+0300] {processor.py:925} INFO - DAG(s) 'currency_rate_dag' retrieved from /opt/airflow/dags/telegram-dag.py
[2024-11-09T14:22:11.850+0300] {logging_mixin.py:190} INFO - [2024-11-09T14:22:11.850+0300] {dag.py:3239} INFO - Sync 1 DAGs
[2024-11-09T14:22:11.875+0300] {logging_mixin.py:190} INFO - [2024-11-09T14:22:11.875+0300] {dag.py:4180} INFO - Setting next_dagrun for currency_rate_dag to 2024-11-09 00:00:00+00:00, run_after=2024-11-09 12:00:00+00:00
[2024-11-09T14:22:11.902+0300] {processor.py:208} INFO - Processing /opt/airflow/dags/telegram-dag.py took 0.160 seconds
[2024-11-09T14:22:42.239+0300] {processor.py:186} INFO - Started process (PID=700) to work on /opt/airflow/dags/telegram-dag.py
[2024-11-09T14:22:42.240+0300] {processor.py:914} INFO - Processing file /opt/airflow/dags/telegram-dag.py for tasks to queue
[2024-11-09T14:22:42.243+0300] {logging_mixin.py:190} INFO - [2024-11-09T14:22:42.243+0300] {dagbag.py:588} INFO - Filling up the DagBag from /opt/airflow/dags/telegram-dag.py
[2024-11-09T14:22:42.291+0300] {processor.py:925} INFO - DAG(s) 'currency_rate_dag' retrieved from /opt/airflow/dags/telegram-dag.py
[2024-11-09T14:22:42.335+0300] {logging_mixin.py:190} INFO - [2024-11-09T14:22:42.334+0300] {dag.py:3239} INFO - Sync 1 DAGs
[2024-11-09T14:22:42.361+0300] {logging_mixin.py:190} INFO - [2024-11-09T14:22:42.361+0300] {dag.py:4180} INFO - Setting next_dagrun for currency_rate_dag to 2024-11-09 00:00:00+00:00, run_after=2024-11-09 12:00:00+00:00
[2024-11-09T14:22:42.386+0300] {processor.py:208} INFO - Processing /opt/airflow/dags/telegram-dag.py took 0.154 seconds
[2024-11-09T14:23:12.995+0300] {processor.py:186} INFO - Started process (PID=770) to work on /opt/airflow/dags/telegram-dag.py
[2024-11-09T14:23:12.996+0300] {processor.py:914} INFO - Processing file /opt/airflow/dags/telegram-dag.py for tasks to queue
[2024-11-09T14:23:12.999+0300] {logging_mixin.py:190} INFO - [2024-11-09T14:23:12.999+0300] {dagbag.py:588} INFO - Filling up the DagBag from /opt/airflow/dags/telegram-dag.py
[2024-11-09T14:23:13.028+0300] {processor.py:925} INFO - DAG(s) 'currency_rate_dag' retrieved from /opt/airflow/dags/telegram-dag.py
[2024-11-09T14:23:13.053+0300] {logging_mixin.py:190} INFO - [2024-11-09T14:23:13.053+0300] {dag.py:3239} INFO - Sync 1 DAGs
[2024-11-09T14:23:13.074+0300] {logging_mixin.py:190} INFO - [2024-11-09T14:23:13.074+0300] {dag.py:4180} INFO - Setting next_dagrun for currency_rate_dag to 2024-11-09 00:00:00+00:00, run_after=2024-11-09 12:00:00+00:00
[2024-11-09T14:23:13.091+0300] {processor.py:208} INFO - Processing /opt/airflow/dags/telegram-dag.py took 0.102 seconds
[2024-11-09T14:23:43.818+0300] {processor.py:186} INFO - Started process (PID=839) to work on /opt/airflow/dags/telegram-dag.py
[2024-11-09T14:23:43.819+0300] {processor.py:914} INFO - Processing file /opt/airflow/dags/telegram-dag.py for tasks to queue
[2024-11-09T14:23:43.821+0300] {logging_mixin.py:190} INFO - [2024-11-09T14:23:43.821+0300] {dagbag.py:588} INFO - Filling up the DagBag from /opt/airflow/dags/telegram-dag.py
[2024-11-09T14:23:43.857+0300] {processor.py:925} INFO - DAG(s) 'currency_rate_dag' retrieved from /opt/airflow/dags/telegram-dag.py
[2024-11-09T14:23:43.891+0300] {logging_mixin.py:190} INFO - [2024-11-09T14:23:43.890+0300] {dag.py:3239} INFO - Sync 1 DAGs
[2024-11-09T14:23:43.916+0300] {logging_mixin.py:190} INFO - [2024-11-09T14:23:43.916+0300] {dag.py:4180} INFO - Setting next_dagrun for currency_rate_dag to 2024-11-09 00:00:00+00:00, run_after=2024-11-09 12:00:00+00:00
[2024-11-09T14:23:43.951+0300] {processor.py:208} INFO - Processing /opt/airflow/dags/telegram-dag.py took 0.138 seconds
[2024-11-09T14:24:14.292+0300] {processor.py:186} INFO - Started process (PID=908) to work on /opt/airflow/dags/telegram-dag.py
[2024-11-09T14:24:14.293+0300] {processor.py:914} INFO - Processing file /opt/airflow/dags/telegram-dag.py for tasks to queue
[2024-11-09T14:24:14.295+0300] {logging_mixin.py:190} INFO - [2024-11-09T14:24:14.295+0300] {dagbag.py:588} INFO - Filling up the DagBag from /opt/airflow/dags/telegram-dag.py
[2024-11-09T14:24:14.330+0300] {processor.py:925} INFO - DAG(s) 'currency_rate_dag' retrieved from /opt/airflow/dags/telegram-dag.py
[2024-11-09T14:24:14.358+0300] {logging_mixin.py:190} INFO - [2024-11-09T14:24:14.358+0300] {dag.py:3239} INFO - Sync 1 DAGs
[2024-11-09T14:24:14.381+0300] {logging_mixin.py:190} INFO - [2024-11-09T14:24:14.381+0300] {dag.py:4180} INFO - Setting next_dagrun for currency_rate_dag to 2024-11-09 00:00:00+00:00, run_after=2024-11-09 12:00:00+00:00
[2024-11-09T14:24:14.400+0300] {processor.py:208} INFO - Processing /opt/airflow/dags/telegram-dag.py took 0.113 seconds
[2024-11-09T14:24:44.622+0300] {processor.py:186} INFO - Started process (PID=977) to work on /opt/airflow/dags/telegram-dag.py
[2024-11-09T14:24:44.623+0300] {processor.py:914} INFO - Processing file /opt/airflow/dags/telegram-dag.py for tasks to queue
[2024-11-09T14:24:44.626+0300] {logging_mixin.py:190} INFO - [2024-11-09T14:24:44.625+0300] {dagbag.py:588} INFO - Filling up the DagBag from /opt/airflow/dags/telegram-dag.py
[2024-11-09T14:24:44.662+0300] {processor.py:925} INFO - DAG(s) 'currency_rate_dag' retrieved from /opt/airflow/dags/telegram-dag.py
[2024-11-09T14:24:44.695+0300] {logging_mixin.py:190} INFO - [2024-11-09T14:24:44.695+0300] {dag.py:3239} INFO - Sync 1 DAGs
[2024-11-09T14:24:44.715+0300] {logging_mixin.py:190} INFO - [2024-11-09T14:24:44.715+0300] {dag.py:4180} INFO - Setting next_dagrun for currency_rate_dag to 2024-11-09 00:00:00+00:00, run_after=2024-11-09 12:00:00+00:00
[2024-11-09T14:24:44.736+0300] {processor.py:208} INFO - Processing /opt/airflow/dags/telegram-dag.py took 0.119 seconds
[2024-11-09T14:25:15.003+0300] {processor.py:186} INFO - Started process (PID=1046) to work on /opt/airflow/dags/telegram-dag.py
[2024-11-09T14:25:15.004+0300] {processor.py:914} INFO - Processing file /opt/airflow/dags/telegram-dag.py for tasks to queue
[2024-11-09T14:25:15.006+0300] {logging_mixin.py:190} INFO - [2024-11-09T14:25:15.006+0300] {dagbag.py:588} INFO - Filling up the DagBag from /opt/airflow/dags/telegram-dag.py
[2024-11-09T14:25:15.055+0300] {processor.py:925} INFO - DAG(s) 'currency_rate_dag' retrieved from /opt/airflow/dags/telegram-dag.py
[2024-11-09T14:25:15.080+0300] {logging_mixin.py:190} INFO - [2024-11-09T14:25:15.080+0300] {dag.py:3239} INFO - Sync 1 DAGs
[2024-11-09T14:25:15.100+0300] {logging_mixin.py:190} INFO - [2024-11-09T14:25:15.100+0300] {dag.py:4180} INFO - Setting next_dagrun for currency_rate_dag to 2024-11-09 00:00:00+00:00, run_after=2024-11-09 12:00:00+00:00
[2024-11-09T14:25:15.120+0300] {processor.py:208} INFO - Processing /opt/airflow/dags/telegram-dag.py took 0.122 seconds
[2024-11-09T14:25:45.273+0300] {processor.py:186} INFO - Started process (PID=1115) to work on /opt/airflow/dags/telegram-dag.py
[2024-11-09T14:25:45.274+0300] {processor.py:914} INFO - Processing file /opt/airflow/dags/telegram-dag.py for tasks to queue
[2024-11-09T14:25:45.277+0300] {logging_mixin.py:190} INFO - [2024-11-09T14:25:45.276+0300] {dagbag.py:588} INFO - Filling up the DagBag from /opt/airflow/dags/telegram-dag.py
[2024-11-09T14:25:45.311+0300] {processor.py:925} INFO - DAG(s) 'currency_rate_dag' retrieved from /opt/airflow/dags/telegram-dag.py
[2024-11-09T14:25:45.355+0300] {logging_mixin.py:190} INFO - [2024-11-09T14:25:45.355+0300] {dag.py:3239} INFO - Sync 1 DAGs
[2024-11-09T14:25:45.384+0300] {logging_mixin.py:190} INFO - [2024-11-09T14:25:45.383+0300] {dag.py:4180} INFO - Setting next_dagrun for currency_rate_dag to 2024-11-09 00:00:00+00:00, run_after=2024-11-09 12:00:00+00:00
[2024-11-09T14:25:45.421+0300] {processor.py:208} INFO - Processing /opt/airflow/dags/telegram-dag.py took 0.153 seconds
[2024-11-09T14:26:15.652+0300] {processor.py:186} INFO - Started process (PID=1184) to work on /opt/airflow/dags/telegram-dag.py
[2024-11-09T14:26:15.653+0300] {processor.py:914} INFO - Processing file /opt/airflow/dags/telegram-dag.py for tasks to queue
[2024-11-09T14:26:15.655+0300] {logging_mixin.py:190} INFO - [2024-11-09T14:26:15.655+0300] {dagbag.py:588} INFO - Filling up the DagBag from /opt/airflow/dags/telegram-dag.py
[2024-11-09T14:26:15.688+0300] {processor.py:925} INFO - DAG(s) 'currency_rate_dag' retrieved from /opt/airflow/dags/telegram-dag.py
[2024-11-09T14:26:15.713+0300] {logging_mixin.py:190} INFO - [2024-11-09T14:26:15.713+0300] {dag.py:3239} INFO - Sync 1 DAGs
[2024-11-09T14:26:15.735+0300] {logging_mixin.py:190} INFO - [2024-11-09T14:26:15.735+0300] {dag.py:4180} INFO - Setting next_dagrun for currency_rate_dag to 2024-11-09 00:00:00+00:00, run_after=2024-11-09 12:00:00+00:00
[2024-11-09T14:26:15.755+0300] {processor.py:208} INFO - Processing /opt/airflow/dags/telegram-dag.py took 0.108 seconds
[2024-11-09T14:26:46.221+0300] {processor.py:186} INFO - Started process (PID=1253) to work on /opt/airflow/dags/telegram-dag.py
[2024-11-09T14:26:46.222+0300] {processor.py:914} INFO - Processing file /opt/airflow/dags/telegram-dag.py for tasks to queue
[2024-11-09T14:26:46.225+0300] {logging_mixin.py:190} INFO - [2024-11-09T14:26:46.225+0300] {dagbag.py:588} INFO - Filling up the DagBag from /opt/airflow/dags/telegram-dag.py
[2024-11-09T14:26:46.257+0300] {processor.py:925} INFO - DAG(s) 'currency_rate_dag' retrieved from /opt/airflow/dags/telegram-dag.py
[2024-11-09T14:26:46.286+0300] {logging_mixin.py:190} INFO - [2024-11-09T14:26:46.286+0300] {dag.py:3239} INFO - Sync 1 DAGs
[2024-11-09T14:26:46.312+0300] {logging_mixin.py:190} INFO - [2024-11-09T14:26:46.312+0300] {dag.py:4180} INFO - Setting next_dagrun for currency_rate_dag to 2024-11-09 00:00:00+00:00, run_after=2024-11-09 12:00:00+00:00
[2024-11-09T14:26:46.334+0300] {processor.py:208} INFO - Processing /opt/airflow/dags/telegram-dag.py took 0.118 seconds
[2024-11-09T14:27:16.525+0300] {processor.py:186} INFO - Started process (PID=1322) to work on /opt/airflow/dags/telegram-dag.py
[2024-11-09T14:27:16.526+0300] {processor.py:914} INFO - Processing file /opt/airflow/dags/telegram-dag.py for tasks to queue
[2024-11-09T14:27:16.528+0300] {logging_mixin.py:190} INFO - [2024-11-09T14:27:16.528+0300] {dagbag.py:588} INFO - Filling up the DagBag from /opt/airflow/dags/telegram-dag.py
[2024-11-09T14:27:16.561+0300] {processor.py:925} INFO - DAG(s) 'currency_rate_dag' retrieved from /opt/airflow/dags/telegram-dag.py
[2024-11-09T14:27:16.583+0300] {logging_mixin.py:190} INFO - [2024-11-09T14:27:16.582+0300] {dag.py:3239} INFO - Sync 1 DAGs
[2024-11-09T14:27:16.606+0300] {logging_mixin.py:190} INFO - [2024-11-09T14:27:16.606+0300] {dag.py:4180} INFO - Setting next_dagrun for currency_rate_dag to 2024-11-09 00:00:00+00:00, run_after=2024-11-09 12:00:00+00:00
[2024-11-09T14:27:16.628+0300] {processor.py:208} INFO - Processing /opt/airflow/dags/telegram-dag.py took 0.108 seconds
[2024-11-09T14:27:46.855+0300] {processor.py:186} INFO - Started process (PID=1390) to work on /opt/airflow/dags/telegram-dag.py
[2024-11-09T14:27:46.856+0300] {processor.py:914} INFO - Processing file /opt/airflow/dags/telegram-dag.py for tasks to queue
[2024-11-09T14:27:46.860+0300] {logging_mixin.py:190} INFO - [2024-11-09T14:27:46.859+0300] {dagbag.py:588} INFO - Filling up the DagBag from /opt/airflow/dags/telegram-dag.py
[2024-11-09T14:27:46.917+0300] {processor.py:925} INFO - DAG(s) 'currency_rate_dag' retrieved from /opt/airflow/dags/telegram-dag.py
[2024-11-09T14:27:46.958+0300] {logging_mixin.py:190} INFO - [2024-11-09T14:27:46.957+0300] {dag.py:3239} INFO - Sync 1 DAGs
[2024-11-09T14:27:46.982+0300] {logging_mixin.py:190} INFO - [2024-11-09T14:27:46.981+0300] {dag.py:4180} INFO - Setting next_dagrun for currency_rate_dag to 2024-11-09 00:00:00+00:00, run_after=2024-11-09 12:00:00+00:00
[2024-11-09T14:27:47.021+0300] {processor.py:208} INFO - Processing /opt/airflow/dags/telegram-dag.py took 0.172 seconds
[2024-11-09T14:28:17.542+0300] {processor.py:186} INFO - Started process (PID=1458) to work on /opt/airflow/dags/telegram-dag.py
[2024-11-09T14:28:17.544+0300] {processor.py:914} INFO - Processing file /opt/airflow/dags/telegram-dag.py for tasks to queue
[2024-11-09T14:28:17.547+0300] {logging_mixin.py:190} INFO - [2024-11-09T14:28:17.547+0300] {dagbag.py:588} INFO - Filling up the DagBag from /opt/airflow/dags/telegram-dag.py
[2024-11-09T14:28:17.612+0300] {processor.py:925} INFO - DAG(s) 'currency_rate_dag' retrieved from /opt/airflow/dags/telegram-dag.py
[2024-11-09T14:28:17.667+0300] {logging_mixin.py:190} INFO - [2024-11-09T14:28:17.667+0300] {dag.py:3239} INFO - Sync 1 DAGs
[2024-11-09T14:28:17.692+0300] {logging_mixin.py:190} INFO - [2024-11-09T14:28:17.692+0300] {dag.py:4180} INFO - Setting next_dagrun for currency_rate_dag to 2024-11-09 00:00:00+00:00, run_after=2024-11-09 12:00:00+00:00
[2024-11-09T14:28:17.713+0300] {processor.py:208} INFO - Processing /opt/airflow/dags/telegram-dag.py took 0.175 seconds
[2024-11-09T14:28:48.214+0300] {processor.py:186} INFO - Started process (PID=1527) to work on /opt/airflow/dags/telegram-dag.py
[2024-11-09T14:28:48.215+0300] {processor.py:914} INFO - Processing file /opt/airflow/dags/telegram-dag.py for tasks to queue
[2024-11-09T14:28:48.218+0300] {logging_mixin.py:190} INFO - [2024-11-09T14:28:48.218+0300] {dagbag.py:588} INFO - Filling up the DagBag from /opt/airflow/dags/telegram-dag.py
[2024-11-09T14:28:48.255+0300] {processor.py:925} INFO - DAG(s) 'currency_rate_dag' retrieved from /opt/airflow/dags/telegram-dag.py
[2024-11-09T14:28:48.285+0300] {logging_mixin.py:190} INFO - [2024-11-09T14:28:48.284+0300] {dag.py:3239} INFO - Sync 1 DAGs
[2024-11-09T14:28:48.304+0300] {logging_mixin.py:190} INFO - [2024-11-09T14:28:48.304+0300] {dag.py:4180} INFO - Setting next_dagrun for currency_rate_dag to 2024-11-09 00:00:00+00:00, run_after=2024-11-09 12:00:00+00:00
[2024-11-09T14:28:48.321+0300] {processor.py:208} INFO - Processing /opt/airflow/dags/telegram-dag.py took 0.112 seconds
[2024-11-09T14:29:18.798+0300] {processor.py:186} INFO - Started process (PID=1596) to work on /opt/airflow/dags/telegram-dag.py
[2024-11-09T14:29:18.799+0300] {processor.py:914} INFO - Processing file /opt/airflow/dags/telegram-dag.py for tasks to queue
[2024-11-09T14:29:18.802+0300] {logging_mixin.py:190} INFO - [2024-11-09T14:29:18.801+0300] {dagbag.py:588} INFO - Filling up the DagBag from /opt/airflow/dags/telegram-dag.py
[2024-11-09T14:29:18.856+0300] {processor.py:925} INFO - DAG(s) 'currency_rate_dag' retrieved from /opt/airflow/dags/telegram-dag.py
[2024-11-09T14:29:18.890+0300] {logging_mixin.py:190} INFO - [2024-11-09T14:29:18.890+0300] {dag.py:3239} INFO - Sync 1 DAGs
[2024-11-09T14:29:18.915+0300] {logging_mixin.py:190} INFO - [2024-11-09T14:29:18.915+0300] {dag.py:4180} INFO - Setting next_dagrun for currency_rate_dag to 2024-11-09 00:00:00+00:00, run_after=2024-11-09 12:00:00+00:00
[2024-11-09T14:29:18.935+0300] {processor.py:208} INFO - Processing /opt/airflow/dags/telegram-dag.py took 0.143 seconds
[2024-11-09T14:29:49.226+0300] {processor.py:186} INFO - Started process (PID=1665) to work on /opt/airflow/dags/telegram-dag.py
[2024-11-09T14:29:49.227+0300] {processor.py:914} INFO - Processing file /opt/airflow/dags/telegram-dag.py for tasks to queue
[2024-11-09T14:29:49.230+0300] {logging_mixin.py:190} INFO - [2024-11-09T14:29:49.229+0300] {dagbag.py:588} INFO - Filling up the DagBag from /opt/airflow/dags/telegram-dag.py
[2024-11-09T14:29:49.263+0300] {processor.py:925} INFO - DAG(s) 'currency_rate_dag' retrieved from /opt/airflow/dags/telegram-dag.py
[2024-11-09T14:29:49.289+0300] {logging_mixin.py:190} INFO - [2024-11-09T14:29:49.288+0300] {dag.py:3239} INFO - Sync 1 DAGs
[2024-11-09T14:29:49.310+0300] {logging_mixin.py:190} INFO - [2024-11-09T14:29:49.310+0300] {dag.py:4180} INFO - Setting next_dagrun for currency_rate_dag to 2024-11-09 00:00:00+00:00, run_after=2024-11-09 12:00:00+00:00
[2024-11-09T14:29:49.339+0300] {processor.py:208} INFO - Processing /opt/airflow/dags/telegram-dag.py took 0.120 seconds
[2024-11-09T14:30:20.457+0300] {processor.py:186} INFO - Started process (PID=1734) to work on /opt/airflow/dags/telegram-dag.py
[2024-11-09T14:30:20.459+0300] {processor.py:914} INFO - Processing file /opt/airflow/dags/telegram-dag.py for tasks to queue
[2024-11-09T14:30:20.461+0300] {logging_mixin.py:190} INFO - [2024-11-09T14:30:20.460+0300] {dagbag.py:588} INFO - Filling up the DagBag from /opt/airflow/dags/telegram-dag.py
[2024-11-09T14:30:20.512+0300] {processor.py:925} INFO - DAG(s) 'currency_rate_dag' retrieved from /opt/airflow/dags/telegram-dag.py
[2024-11-09T14:30:20.539+0300] {logging_mixin.py:190} INFO - [2024-11-09T14:30:20.538+0300] {dag.py:3239} INFO - Sync 1 DAGs
[2024-11-09T14:30:20.557+0300] {logging_mixin.py:190} INFO - [2024-11-09T14:30:20.557+0300] {dag.py:4180} INFO - Setting next_dagrun for currency_rate_dag to 2024-11-09 00:00:00+00:00, run_after=2024-11-09 12:00:00+00:00
[2024-11-09T14:30:20.581+0300] {processor.py:208} INFO - Processing /opt/airflow/dags/telegram-dag.py took 0.128 seconds
[2024-11-09T14:30:50.804+0300] {processor.py:186} INFO - Started process (PID=1802) to work on /opt/airflow/dags/telegram-dag.py
[2024-11-09T14:30:50.807+0300] {processor.py:914} INFO - Processing file /opt/airflow/dags/telegram-dag.py for tasks to queue
[2024-11-09T14:30:50.811+0300] {logging_mixin.py:190} INFO - [2024-11-09T14:30:50.811+0300] {dagbag.py:588} INFO - Filling up the DagBag from /opt/airflow/dags/telegram-dag.py
[2024-11-09T14:30:50.897+0300] {processor.py:925} INFO - DAG(s) 'currency_rate_dag' retrieved from /opt/airflow/dags/telegram-dag.py
[2024-11-09T14:30:50.927+0300] {logging_mixin.py:190} INFO - [2024-11-09T14:30:50.927+0300] {dag.py:3239} INFO - Sync 1 DAGs
[2024-11-09T14:30:50.946+0300] {logging_mixin.py:190} INFO - [2024-11-09T14:30:50.946+0300] {dag.py:4180} INFO - Setting next_dagrun for currency_rate_dag to 2024-11-09 00:00:00+00:00, run_after=2024-11-09 12:00:00+00:00
[2024-11-09T14:30:50.971+0300] {processor.py:208} INFO - Processing /opt/airflow/dags/telegram-dag.py took 0.206 seconds
[2024-11-09T14:31:21.829+0300] {processor.py:186} INFO - Started process (PID=1871) to work on /opt/airflow/dags/telegram-dag.py
[2024-11-09T14:31:21.831+0300] {processor.py:914} INFO - Processing file /opt/airflow/dags/telegram-dag.py for tasks to queue
[2024-11-09T14:31:21.835+0300] {logging_mixin.py:190} INFO - [2024-11-09T14:31:21.834+0300] {dagbag.py:588} INFO - Filling up the DagBag from /opt/airflow/dags/telegram-dag.py
[2024-11-09T14:31:21.911+0300] {processor.py:925} INFO - DAG(s) 'currency_rate_dag' retrieved from /opt/airflow/dags/telegram-dag.py
[2024-11-09T14:31:21.944+0300] {logging_mixin.py:190} INFO - [2024-11-09T14:31:21.943+0300] {dag.py:3239} INFO - Sync 1 DAGs
[2024-11-09T14:31:21.964+0300] {logging_mixin.py:190} INFO - [2024-11-09T14:31:21.963+0300] {dag.py:4180} INFO - Setting next_dagrun for currency_rate_dag to 2024-11-09 00:00:00+00:00, run_after=2024-11-09 12:00:00+00:00
[2024-11-09T14:31:21.987+0300] {processor.py:208} INFO - Processing /opt/airflow/dags/telegram-dag.py took 0.163 seconds
[2024-11-09T14:31:52.160+0300] {processor.py:186} INFO - Started process (PID=1940) to work on /opt/airflow/dags/telegram-dag.py
[2024-11-09T14:31:52.162+0300] {processor.py:914} INFO - Processing file /opt/airflow/dags/telegram-dag.py for tasks to queue
[2024-11-09T14:31:52.165+0300] {logging_mixin.py:190} INFO - [2024-11-09T14:31:52.165+0300] {dagbag.py:588} INFO - Filling up the DagBag from /opt/airflow/dags/telegram-dag.py
[2024-11-09T14:31:52.204+0300] {processor.py:925} INFO - DAG(s) 'currency_rate_dag' retrieved from /opt/airflow/dags/telegram-dag.py
[2024-11-09T14:31:52.244+0300] {logging_mixin.py:190} INFO - [2024-11-09T14:31:52.244+0300] {dag.py:3239} INFO - Sync 1 DAGs
[2024-11-09T14:31:52.266+0300] {logging_mixin.py:190} INFO - [2024-11-09T14:31:52.266+0300] {dag.py:4180} INFO - Setting next_dagrun for currency_rate_dag to 2024-11-09 00:00:00+00:00, run_after=2024-11-09 12:00:00+00:00
[2024-11-09T14:31:52.288+0300] {processor.py:208} INFO - Processing /opt/airflow/dags/telegram-dag.py took 0.134 seconds
[2024-11-09T14:32:22.418+0300] {processor.py:186} INFO - Started process (PID=2009) to work on /opt/airflow/dags/telegram-dag.py
[2024-11-09T14:32:22.420+0300] {processor.py:914} INFO - Processing file /opt/airflow/dags/telegram-dag.py for tasks to queue
[2024-11-09T14:32:22.424+0300] {logging_mixin.py:190} INFO - [2024-11-09T14:32:22.423+0300] {dagbag.py:588} INFO - Filling up the DagBag from /opt/airflow/dags/telegram-dag.py
[2024-11-09T14:32:22.462+0300] {processor.py:925} INFO - DAG(s) 'currency_rate_dag' retrieved from /opt/airflow/dags/telegram-dag.py
[2024-11-09T14:32:22.494+0300] {logging_mixin.py:190} INFO - [2024-11-09T14:32:22.494+0300] {dag.py:3239} INFO - Sync 1 DAGs
[2024-11-09T14:32:22.522+0300] {logging_mixin.py:190} INFO - [2024-11-09T14:32:22.522+0300] {dag.py:4180} INFO - Setting next_dagrun for currency_rate_dag to 2024-11-09 00:00:00+00:00, run_after=2024-11-09 12:00:00+00:00
[2024-11-09T14:32:22.546+0300] {processor.py:208} INFO - Processing /opt/airflow/dags/telegram-dag.py took 0.136 seconds
[2024-11-09T14:32:52.841+0300] {processor.py:186} INFO - Started process (PID=2078) to work on /opt/airflow/dags/telegram-dag.py
[2024-11-09T14:32:52.842+0300] {processor.py:914} INFO - Processing file /opt/airflow/dags/telegram-dag.py for tasks to queue
[2024-11-09T14:32:52.844+0300] {logging_mixin.py:190} INFO - [2024-11-09T14:32:52.844+0300] {dagbag.py:588} INFO - Filling up the DagBag from /opt/airflow/dags/telegram-dag.py
[2024-11-09T14:32:52.876+0300] {processor.py:925} INFO - DAG(s) 'currency_rate_dag' retrieved from /opt/airflow/dags/telegram-dag.py
[2024-11-09T14:32:52.906+0300] {logging_mixin.py:190} INFO - [2024-11-09T14:32:52.905+0300] {dag.py:3239} INFO - Sync 1 DAGs
[2024-11-09T14:32:52.928+0300] {logging_mixin.py:190} INFO - [2024-11-09T14:32:52.928+0300] {dag.py:4180} INFO - Setting next_dagrun for currency_rate_dag to 2024-11-09 00:00:00+00:00, run_after=2024-11-09 12:00:00+00:00
[2024-11-09T14:32:52.962+0300] {processor.py:208} INFO - Processing /opt/airflow/dags/telegram-dag.py took 0.128 seconds
[2024-11-09T14:33:23.577+0300] {processor.py:186} INFO - Started process (PID=2147) to work on /opt/airflow/dags/telegram-dag.py
[2024-11-09T14:33:23.580+0300] {processor.py:914} INFO - Processing file /opt/airflow/dags/telegram-dag.py for tasks to queue
[2024-11-09T14:33:23.584+0300] {logging_mixin.py:190} INFO - [2024-11-09T14:33:23.583+0300] {dagbag.py:588} INFO - Filling up the DagBag from /opt/airflow/dags/telegram-dag.py
[2024-11-09T14:33:23.622+0300] {processor.py:925} INFO - DAG(s) 'currency_rate_dag' retrieved from /opt/airflow/dags/telegram-dag.py
[2024-11-09T14:33:23.643+0300] {logging_mixin.py:190} INFO - [2024-11-09T14:33:23.643+0300] {dag.py:3239} INFO - Sync 1 DAGs
[2024-11-09T14:33:23.662+0300] {logging_mixin.py:190} INFO - [2024-11-09T14:33:23.662+0300] {dag.py:4180} INFO - Setting next_dagrun for currency_rate_dag to 2024-11-09 00:00:00+00:00, run_after=2024-11-09 12:00:00+00:00
[2024-11-09T14:33:23.688+0300] {processor.py:208} INFO - Processing /opt/airflow/dags/telegram-dag.py took 0.119 seconds
[2024-11-09T14:33:54.319+0300] {processor.py:186} INFO - Started process (PID=2215) to work on /opt/airflow/dags/telegram-dag.py
[2024-11-09T14:33:54.320+0300] {processor.py:914} INFO - Processing file /opt/airflow/dags/telegram-dag.py for tasks to queue
[2024-11-09T14:33:54.324+0300] {logging_mixin.py:190} INFO - [2024-11-09T14:33:54.323+0300] {dagbag.py:588} INFO - Filling up the DagBag from /opt/airflow/dags/telegram-dag.py
[2024-11-09T14:33:54.411+0300] {processor.py:925} INFO - DAG(s) 'currency_rate_dag' retrieved from /opt/airflow/dags/telegram-dag.py
[2024-11-09T14:33:54.438+0300] {logging_mixin.py:190} INFO - [2024-11-09T14:33:54.438+0300] {dag.py:3239} INFO - Sync 1 DAGs
[2024-11-09T14:33:54.457+0300] {logging_mixin.py:190} INFO - [2024-11-09T14:33:54.457+0300] {dag.py:4180} INFO - Setting next_dagrun for currency_rate_dag to 2024-11-09 00:00:00+00:00, run_after=2024-11-09 12:00:00+00:00
[2024-11-09T14:33:54.482+0300] {processor.py:208} INFO - Processing /opt/airflow/dags/telegram-dag.py took 0.170 seconds
[2024-11-09T14:34:24.601+0300] {processor.py:186} INFO - Started process (PID=2284) to work on /opt/airflow/dags/telegram-dag.py
[2024-11-09T14:34:24.603+0300] {processor.py:914} INFO - Processing file /opt/airflow/dags/telegram-dag.py for tasks to queue
[2024-11-09T14:34:24.607+0300] {logging_mixin.py:190} INFO - [2024-11-09T14:34:24.606+0300] {dagbag.py:588} INFO - Filling up the DagBag from /opt/airflow/dags/telegram-dag.py
[2024-11-09T14:34:24.630+0300] {processor.py:925} INFO - DAG(s) 'currency_rate_dag' retrieved from /opt/airflow/dags/telegram-dag.py
[2024-11-09T14:34:24.662+0300] {logging_mixin.py:190} INFO - [2024-11-09T14:34:24.662+0300] {dag.py:3239} INFO - Sync 1 DAGs
[2024-11-09T14:34:24.885+0300] {logging_mixin.py:190} INFO - [2024-11-09T14:34:24.885+0300] {dag.py:4180} INFO - Setting next_dagrun for currency_rate_dag to 2024-11-09 00:00:00+00:00, run_after=2024-11-09 12:00:00+00:00
[2024-11-09T14:34:24.907+0300] {processor.py:208} INFO - Processing /opt/airflow/dags/telegram-dag.py took 0.315 seconds
[2024-11-09T14:34:55.379+0300] {processor.py:186} INFO - Started process (PID=2353) to work on /opt/airflow/dags/telegram-dag.py
[2024-11-09T14:34:55.380+0300] {processor.py:914} INFO - Processing file /opt/airflow/dags/telegram-dag.py for tasks to queue
[2024-11-09T14:34:55.383+0300] {logging_mixin.py:190} INFO - [2024-11-09T14:34:55.382+0300] {dagbag.py:588} INFO - Filling up the DagBag from /opt/airflow/dags/telegram-dag.py
[2024-11-09T14:34:55.430+0300] {processor.py:925} INFO - DAG(s) 'currency_rate_dag' retrieved from /opt/airflow/dags/telegram-dag.py
[2024-11-09T14:34:55.454+0300] {logging_mixin.py:190} INFO - [2024-11-09T14:34:55.454+0300] {dag.py:3239} INFO - Sync 1 DAGs
[2024-11-09T14:34:55.474+0300] {logging_mixin.py:190} INFO - [2024-11-09T14:34:55.474+0300] {dag.py:4180} INFO - Setting next_dagrun for currency_rate_dag to 2024-11-09 00:00:00+00:00, run_after=2024-11-09 12:00:00+00:00
[2024-11-09T14:34:55.502+0300] {processor.py:208} INFO - Processing /opt/airflow/dags/telegram-dag.py took 0.132 seconds
[2024-11-09T14:35:26.166+0300] {processor.py:186} INFO - Started process (PID=2422) to work on /opt/airflow/dags/telegram-dag.py
[2024-11-09T14:35:26.167+0300] {processor.py:914} INFO - Processing file /opt/airflow/dags/telegram-dag.py for tasks to queue
[2024-11-09T14:35:26.171+0300] {logging_mixin.py:190} INFO - [2024-11-09T14:35:26.171+0300] {dagbag.py:588} INFO - Filling up the DagBag from /opt/airflow/dags/telegram-dag.py
[2024-11-09T14:35:26.241+0300] {processor.py:925} INFO - DAG(s) 'currency_rate_dag' retrieved from /opt/airflow/dags/telegram-dag.py
[2024-11-09T14:35:26.275+0300] {logging_mixin.py:190} INFO - [2024-11-09T14:35:26.275+0300] {dag.py:3239} INFO - Sync 1 DAGs
[2024-11-09T14:35:26.295+0300] {logging_mixin.py:190} INFO - [2024-11-09T14:35:26.295+0300] {dag.py:4180} INFO - Setting next_dagrun for currency_rate_dag to 2024-11-09 00:00:00+00:00, run_after=2024-11-09 12:00:00+00:00
[2024-11-09T14:35:26.316+0300] {processor.py:208} INFO - Processing /opt/airflow/dags/telegram-dag.py took 0.155 seconds
[2024-11-09T14:35:56.586+0300] {processor.py:186} INFO - Started process (PID=2491) to work on /opt/airflow/dags/telegram-dag.py
[2024-11-09T14:35:56.587+0300] {processor.py:914} INFO - Processing file /opt/airflow/dags/telegram-dag.py for tasks to queue
[2024-11-09T14:35:56.589+0300] {logging_mixin.py:190} INFO - [2024-11-09T14:35:56.589+0300] {dagbag.py:588} INFO - Filling up the DagBag from /opt/airflow/dags/telegram-dag.py
[2024-11-09T14:35:56.635+0300] {processor.py:925} INFO - DAG(s) 'currency_rate_dag' retrieved from /opt/airflow/dags/telegram-dag.py
[2024-11-09T14:35:56.661+0300] {logging_mixin.py:190} INFO - [2024-11-09T14:35:56.661+0300] {dag.py:3239} INFO - Sync 1 DAGs
[2024-11-09T14:35:56.684+0300] {logging_mixin.py:190} INFO - [2024-11-09T14:35:56.683+0300] {dag.py:4180} INFO - Setting next_dagrun for currency_rate_dag to 2024-11-09 00:00:00+00:00, run_after=2024-11-09 12:00:00+00:00
[2024-11-09T14:35:56.704+0300] {processor.py:208} INFO - Processing /opt/airflow/dags/telegram-dag.py took 0.123 seconds
[2024-11-09T14:36:27.027+0300] {processor.py:186} INFO - Started process (PID=2560) to work on /opt/airflow/dags/telegram-dag.py
[2024-11-09T14:36:27.029+0300] {processor.py:914} INFO - Processing file /opt/airflow/dags/telegram-dag.py for tasks to queue
[2024-11-09T14:36:27.031+0300] {logging_mixin.py:190} INFO - [2024-11-09T14:36:27.031+0300] {dagbag.py:588} INFO - Filling up the DagBag from /opt/airflow/dags/telegram-dag.py
[2024-11-09T14:36:27.071+0300] {processor.py:925} INFO - DAG(s) 'currency_rate_dag' retrieved from /opt/airflow/dags/telegram-dag.py
[2024-11-09T14:36:27.284+0300] {logging_mixin.py:190} INFO - [2024-11-09T14:36:27.283+0300] {dag.py:3239} INFO - Sync 1 DAGs
[2024-11-09T14:36:27.304+0300] {logging_mixin.py:190} INFO - [2024-11-09T14:36:27.304+0300] {dag.py:4180} INFO - Setting next_dagrun for currency_rate_dag to 2024-11-09 00:00:00+00:00, run_after=2024-11-09 12:00:00+00:00
[2024-11-09T14:36:27.321+0300] {processor.py:208} INFO - Processing /opt/airflow/dags/telegram-dag.py took 0.302 seconds
[2024-11-09T14:36:58.220+0300] {processor.py:186} INFO - Started process (PID=2629) to work on /opt/airflow/dags/telegram-dag.py
[2024-11-09T14:36:58.222+0300] {processor.py:914} INFO - Processing file /opt/airflow/dags/telegram-dag.py for tasks to queue
[2024-11-09T14:36:58.226+0300] {logging_mixin.py:190} INFO - [2024-11-09T14:36:58.226+0300] {dagbag.py:588} INFO - Filling up the DagBag from /opt/airflow/dags/telegram-dag.py
[2024-11-09T14:36:58.397+0300] {processor.py:925} INFO - DAG(s) 'currency_rate_dag' retrieved from /opt/airflow/dags/telegram-dag.py
[2024-11-09T14:36:58.438+0300] {logging_mixin.py:190} INFO - [2024-11-09T14:36:58.438+0300] {dag.py:3239} INFO - Sync 1 DAGs
[2024-11-09T14:36:58.460+0300] {logging_mixin.py:190} INFO - [2024-11-09T14:36:58.460+0300] {dag.py:4180} INFO - Setting next_dagrun for currency_rate_dag to 2024-11-09 00:00:00+00:00, run_after=2024-11-09 12:00:00+00:00
[2024-11-09T14:36:58.484+0300] {processor.py:208} INFO - Processing /opt/airflow/dags/telegram-dag.py took 0.272 seconds
[2024-11-09T14:37:28.981+0300] {processor.py:186} INFO - Started process (PID=2698) to work on /opt/airflow/dags/telegram-dag.py
[2024-11-09T14:37:28.984+0300] {processor.py:914} INFO - Processing file /opt/airflow/dags/telegram-dag.py for tasks to queue
[2024-11-09T14:37:28.989+0300] {logging_mixin.py:190} INFO - [2024-11-09T14:37:28.988+0300] {dagbag.py:588} INFO - Filling up the DagBag from /opt/airflow/dags/telegram-dag.py
[2024-11-09T14:37:29.051+0300] {processor.py:925} INFO - DAG(s) 'currency_rate_dag' retrieved from /opt/airflow/dags/telegram-dag.py
[2024-11-09T14:37:29.082+0300] {logging_mixin.py:190} INFO - [2024-11-09T14:37:29.082+0300] {dag.py:3239} INFO - Sync 1 DAGs
[2024-11-09T14:37:29.102+0300] {logging_mixin.py:190} INFO - [2024-11-09T14:37:29.102+0300] {dag.py:4180} INFO - Setting next_dagrun for currency_rate_dag to 2024-11-09 00:00:00+00:00, run_after=2024-11-09 12:00:00+00:00
[2024-11-09T14:37:29.124+0300] {processor.py:208} INFO - Processing /opt/airflow/dags/telegram-dag.py took 0.155 seconds
[2024-11-09T14:37:59.319+0300] {processor.py:186} INFO - Started process (PID=2767) to work on /opt/airflow/dags/telegram-dag.py
[2024-11-09T14:37:59.321+0300] {processor.py:914} INFO - Processing file /opt/airflow/dags/telegram-dag.py for tasks to queue
[2024-11-09T14:37:59.325+0300] {logging_mixin.py:190} INFO - [2024-11-09T14:37:59.324+0300] {dagbag.py:588} INFO - Filling up the DagBag from /opt/airflow/dags/telegram-dag.py
[2024-11-09T14:37:59.382+0300] {processor.py:925} INFO - DAG(s) 'currency_rate_dag' retrieved from /opt/airflow/dags/telegram-dag.py
[2024-11-09T14:37:59.411+0300] {logging_mixin.py:190} INFO - [2024-11-09T14:37:59.411+0300] {dag.py:3239} INFO - Sync 1 DAGs
[2024-11-09T14:37:59.432+0300] {logging_mixin.py:190} INFO - [2024-11-09T14:37:59.432+0300] {dag.py:4180} INFO - Setting next_dagrun for currency_rate_dag to 2024-11-09 00:00:00+00:00, run_after=2024-11-09 12:00:00+00:00
[2024-11-09T14:37:59.451+0300] {processor.py:208} INFO - Processing /opt/airflow/dags/telegram-dag.py took 0.140 seconds
[2024-11-09T14:38:29.518+0300] {processor.py:186} INFO - Started process (PID=2836) to work on /opt/airflow/dags/telegram-dag.py
[2024-11-09T14:38:29.519+0300] {processor.py:914} INFO - Processing file /opt/airflow/dags/telegram-dag.py for tasks to queue
[2024-11-09T14:38:29.522+0300] {logging_mixin.py:190} INFO - [2024-11-09T14:38:29.521+0300] {dagbag.py:588} INFO - Filling up the DagBag from /opt/airflow/dags/telegram-dag.py
[2024-11-09T14:38:29.558+0300] {processor.py:925} INFO - DAG(s) 'currency_rate_dag' retrieved from /opt/airflow/dags/telegram-dag.py
[2024-11-09T14:38:29.583+0300] {logging_mixin.py:190} INFO - [2024-11-09T14:38:29.583+0300] {dag.py:3239} INFO - Sync 1 DAGs
[2024-11-09T14:38:29.604+0300] {logging_mixin.py:190} INFO - [2024-11-09T14:38:29.604+0300] {dag.py:4180} INFO - Setting next_dagrun for currency_rate_dag to 2024-11-09 00:00:00+00:00, run_after=2024-11-09 12:00:00+00:00
[2024-11-09T14:38:29.624+0300] {processor.py:208} INFO - Processing /opt/airflow/dags/telegram-dag.py took 0.112 seconds
[2024-11-09T14:38:59.903+0300] {processor.py:186} INFO - Started process (PID=2916) to work on /opt/airflow/dags/telegram-dag.py
[2024-11-09T14:38:59.904+0300] {processor.py:914} INFO - Processing file /opt/airflow/dags/telegram-dag.py for tasks to queue
[2024-11-09T14:38:59.906+0300] {logging_mixin.py:190} INFO - [2024-11-09T14:38:59.906+0300] {dagbag.py:588} INFO - Filling up the DagBag from /opt/airflow/dags/telegram-dag.py
[2024-11-09T14:38:59.943+0300] {processor.py:925} INFO - DAG(s) 'currency_rate_dag' retrieved from /opt/airflow/dags/telegram-dag.py
[2024-11-09T14:38:59.970+0300] {logging_mixin.py:190} INFO - [2024-11-09T14:38:59.970+0300] {dag.py:3239} INFO - Sync 1 DAGs
[2024-11-09T14:38:59.995+0300] {logging_mixin.py:190} INFO - [2024-11-09T14:38:59.995+0300] {dag.py:4180} INFO - Setting next_dagrun for currency_rate_dag to 2024-11-09 00:00:00+00:00, run_after=2024-11-09 12:00:00+00:00
[2024-11-09T14:39:00.016+0300] {processor.py:208} INFO - Processing /opt/airflow/dags/telegram-dag.py took 0.119 seconds
[2024-11-09T14:39:30.189+0300] {processor.py:186} INFO - Started process (PID=2985) to work on /opt/airflow/dags/telegram-dag.py
[2024-11-09T14:39:30.195+0300] {processor.py:914} INFO - Processing file /opt/airflow/dags/telegram-dag.py for tasks to queue
[2024-11-09T14:39:30.200+0300] {logging_mixin.py:190} INFO - [2024-11-09T14:39:30.199+0300] {dagbag.py:588} INFO - Filling up the DagBag from /opt/airflow/dags/telegram-dag.py
[2024-11-09T14:39:30.245+0300] {processor.py:925} INFO - DAG(s) 'currency_rate_dag' retrieved from /opt/airflow/dags/telegram-dag.py
[2024-11-09T14:39:30.282+0300] {logging_mixin.py:190} INFO - [2024-11-09T14:39:30.282+0300] {dag.py:3239} INFO - Sync 1 DAGs
[2024-11-09T14:39:30.318+0300] {logging_mixin.py:190} INFO - [2024-11-09T14:39:30.318+0300] {dag.py:4180} INFO - Setting next_dagrun for currency_rate_dag to 2024-11-09 00:00:00+00:00, run_after=2024-11-09 12:00:00+00:00
[2024-11-09T14:39:30.353+0300] {processor.py:208} INFO - Processing /opt/airflow/dags/telegram-dag.py took 0.174 seconds
[2024-11-09T14:40:00.999+0300] {processor.py:186} INFO - Started process (PID=3054) to work on /opt/airflow/dags/telegram-dag.py
[2024-11-09T14:40:01.000+0300] {processor.py:914} INFO - Processing file /opt/airflow/dags/telegram-dag.py for tasks to queue
[2024-11-09T14:40:01.003+0300] {logging_mixin.py:190} INFO - [2024-11-09T14:40:01.002+0300] {dagbag.py:588} INFO - Filling up the DagBag from /opt/airflow/dags/telegram-dag.py
[2024-11-09T14:40:01.039+0300] {processor.py:925} INFO - DAG(s) 'currency_rate_dag' retrieved from /opt/airflow/dags/telegram-dag.py
[2024-11-09T14:40:01.077+0300] {logging_mixin.py:190} INFO - [2024-11-09T14:40:01.077+0300] {dag.py:3239} INFO - Sync 1 DAGs
[2024-11-09T14:40:01.105+0300] {logging_mixin.py:190} INFO - [2024-11-09T14:40:01.105+0300] {dag.py:4180} INFO - Setting next_dagrun for currency_rate_dag to 2024-11-09 00:00:00+00:00, run_after=2024-11-09 12:00:00+00:00
[2024-11-09T14:40:01.135+0300] {processor.py:208} INFO - Processing /opt/airflow/dags/telegram-dag.py took 0.140 seconds
[2024-11-09T14:40:31.673+0300] {processor.py:186} INFO - Started process (PID=3122) to work on /opt/airflow/dags/telegram-dag.py
[2024-11-09T14:40:31.674+0300] {processor.py:914} INFO - Processing file /opt/airflow/dags/telegram-dag.py for tasks to queue
[2024-11-09T14:40:31.676+0300] {logging_mixin.py:190} INFO - [2024-11-09T14:40:31.676+0300] {dagbag.py:588} INFO - Filling up the DagBag from /opt/airflow/dags/telegram-dag.py
[2024-11-09T14:40:31.711+0300] {processor.py:925} INFO - DAG(s) 'currency_rate_dag' retrieved from /opt/airflow/dags/telegram-dag.py
[2024-11-09T14:40:31.739+0300] {logging_mixin.py:190} INFO - [2024-11-09T14:40:31.739+0300] {dag.py:3239} INFO - Sync 1 DAGs
[2024-11-09T14:40:31.761+0300] {logging_mixin.py:190} INFO - [2024-11-09T14:40:31.761+0300] {dag.py:4180} INFO - Setting next_dagrun for currency_rate_dag to 2024-11-09 00:00:00+00:00, run_after=2024-11-09 12:00:00+00:00
[2024-11-09T14:40:31.783+0300] {processor.py:208} INFO - Processing /opt/airflow/dags/telegram-dag.py took 0.115 seconds
[2024-11-09T14:41:02.400+0300] {processor.py:186} INFO - Started process (PID=3191) to work on /opt/airflow/dags/telegram-dag.py
[2024-11-09T14:41:02.401+0300] {processor.py:914} INFO - Processing file /opt/airflow/dags/telegram-dag.py for tasks to queue
[2024-11-09T14:41:02.403+0300] {logging_mixin.py:190} INFO - [2024-11-09T14:41:02.403+0300] {dagbag.py:588} INFO - Filling up the DagBag from /opt/airflow/dags/telegram-dag.py
[2024-11-09T14:41:02.425+0300] {processor.py:925} INFO - DAG(s) 'currency_rate_dag' retrieved from /opt/airflow/dags/telegram-dag.py
[2024-11-09T14:41:02.448+0300] {logging_mixin.py:190} INFO - [2024-11-09T14:41:02.448+0300] {dag.py:3239} INFO - Sync 1 DAGs
[2024-11-09T14:41:02.469+0300] {logging_mixin.py:190} INFO - [2024-11-09T14:41:02.468+0300] {dag.py:4180} INFO - Setting next_dagrun for currency_rate_dag to 2024-11-09 00:00:00+00:00, run_after=2024-11-09 12:00:00+00:00
[2024-11-09T14:41:02.496+0300] {processor.py:208} INFO - Processing /opt/airflow/dags/telegram-dag.py took 0.101 seconds
[2024-11-09T14:41:32.765+0300] {processor.py:186} INFO - Started process (PID=3260) to work on /opt/airflow/dags/telegram-dag.py
[2024-11-09T14:41:32.766+0300] {processor.py:914} INFO - Processing file /opt/airflow/dags/telegram-dag.py for tasks to queue
[2024-11-09T14:41:32.769+0300] {logging_mixin.py:190} INFO - [2024-11-09T14:41:32.769+0300] {dagbag.py:588} INFO - Filling up the DagBag from /opt/airflow/dags/telegram-dag.py
[2024-11-09T14:41:32.847+0300] {processor.py:925} INFO - DAG(s) 'currency_rate_dag' retrieved from /opt/airflow/dags/telegram-dag.py
[2024-11-09T14:41:32.887+0300] {logging_mixin.py:190} INFO - [2024-11-09T14:41:32.887+0300] {dag.py:3239} INFO - Sync 1 DAGs
[2024-11-09T14:41:32.909+0300] {logging_mixin.py:190} INFO - [2024-11-09T14:41:32.909+0300] {dag.py:4180} INFO - Setting next_dagrun for currency_rate_dag to 2024-11-09 00:00:00+00:00, run_after=2024-11-09 12:00:00+00:00
[2024-11-09T14:41:32.931+0300] {processor.py:208} INFO - Processing /opt/airflow/dags/telegram-dag.py took 0.171 seconds
[2024-11-09T14:42:03.396+0300] {processor.py:186} INFO - Started process (PID=3329) to work on /opt/airflow/dags/telegram-dag.py
[2024-11-09T14:42:03.397+0300] {processor.py:914} INFO - Processing file /opt/airflow/dags/telegram-dag.py for tasks to queue
[2024-11-09T14:42:03.401+0300] {logging_mixin.py:190} INFO - [2024-11-09T14:42:03.401+0300] {dagbag.py:588} INFO - Filling up the DagBag from /opt/airflow/dags/telegram-dag.py
[2024-11-09T14:42:03.442+0300] {processor.py:925} INFO - DAG(s) 'currency_rate_dag' retrieved from /opt/airflow/dags/telegram-dag.py
[2024-11-09T14:42:03.475+0300] {logging_mixin.py:190} INFO - [2024-11-09T14:42:03.475+0300] {dag.py:3239} INFO - Sync 1 DAGs
[2024-11-09T14:42:03.499+0300] {logging_mixin.py:190} INFO - [2024-11-09T14:42:03.499+0300] {dag.py:4180} INFO - Setting next_dagrun for currency_rate_dag to 2024-11-09 00:00:00+00:00, run_after=2024-11-09 12:00:00+00:00
[2024-11-09T14:42:03.524+0300] {processor.py:208} INFO - Processing /opt/airflow/dags/telegram-dag.py took 0.134 seconds
[2024-11-09T14:42:33.917+0300] {processor.py:186} INFO - Started process (PID=3398) to work on /opt/airflow/dags/telegram-dag.py
[2024-11-09T14:42:33.919+0300] {processor.py:914} INFO - Processing file /opt/airflow/dags/telegram-dag.py for tasks to queue
[2024-11-09T14:42:33.924+0300] {logging_mixin.py:190} INFO - [2024-11-09T14:42:33.923+0300] {dagbag.py:588} INFO - Filling up the DagBag from /opt/airflow/dags/telegram-dag.py
[2024-11-09T14:42:34.036+0300] {processor.py:925} INFO - DAG(s) 'currency_rate_dag' retrieved from /opt/airflow/dags/telegram-dag.py
[2024-11-09T14:42:34.066+0300] {logging_mixin.py:190} INFO - [2024-11-09T14:42:34.066+0300] {dag.py:3239} INFO - Sync 1 DAGs
[2024-11-09T14:42:34.087+0300] {logging_mixin.py:190} INFO - [2024-11-09T14:42:34.087+0300] {dag.py:4180} INFO - Setting next_dagrun for currency_rate_dag to 2024-11-09 00:00:00+00:00, run_after=2024-11-09 12:00:00+00:00
[2024-11-09T14:42:34.111+0300] {processor.py:208} INFO - Processing /opt/airflow/dags/telegram-dag.py took 0.204 seconds
[2024-11-09T14:43:04.446+0300] {processor.py:186} INFO - Started process (PID=3467) to work on /opt/airflow/dags/telegram-dag.py
[2024-11-09T14:43:04.447+0300] {processor.py:914} INFO - Processing file /opt/airflow/dags/telegram-dag.py for tasks to queue
[2024-11-09T14:43:04.449+0300] {logging_mixin.py:190} INFO - [2024-11-09T14:43:04.449+0300] {dagbag.py:588} INFO - Filling up the DagBag from /opt/airflow/dags/telegram-dag.py
[2024-11-09T14:43:04.480+0300] {processor.py:925} INFO - DAG(s) 'currency_rate_dag' retrieved from /opt/airflow/dags/telegram-dag.py
[2024-11-09T14:43:04.509+0300] {logging_mixin.py:190} INFO - [2024-11-09T14:43:04.508+0300] {dag.py:3239} INFO - Sync 1 DAGs
[2024-11-09T14:43:04.526+0300] {logging_mixin.py:190} INFO - [2024-11-09T14:43:04.526+0300] {dag.py:4180} INFO - Setting next_dagrun for currency_rate_dag to 2024-11-09 00:00:00+00:00, run_after=2024-11-09 12:00:00+00:00
[2024-11-09T14:43:04.545+0300] {processor.py:208} INFO - Processing /opt/airflow/dags/telegram-dag.py took 0.104 seconds
[2024-11-09T14:43:35.134+0300] {processor.py:186} INFO - Started process (PID=3536) to work on /opt/airflow/dags/telegram-dag.py
[2024-11-09T14:43:35.136+0300] {processor.py:914} INFO - Processing file /opt/airflow/dags/telegram-dag.py for tasks to queue
[2024-11-09T14:43:35.140+0300] {logging_mixin.py:190} INFO - [2024-11-09T14:43:35.139+0300] {dagbag.py:588} INFO - Filling up the DagBag from /opt/airflow/dags/telegram-dag.py
[2024-11-09T14:43:35.202+0300] {processor.py:925} INFO - DAG(s) 'currency_rate_dag' retrieved from /opt/airflow/dags/telegram-dag.py
[2024-11-09T14:43:35.245+0300] {logging_mixin.py:190} INFO - [2024-11-09T14:43:35.245+0300] {dag.py:3239} INFO - Sync 1 DAGs
[2024-11-09T14:43:35.276+0300] {logging_mixin.py:190} INFO - [2024-11-09T14:43:35.276+0300] {dag.py:4180} INFO - Setting next_dagrun for currency_rate_dag to 2024-11-09 00:00:00+00:00, run_after=2024-11-09 12:00:00+00:00
[2024-11-09T14:43:35.303+0300] {processor.py:208} INFO - Processing /opt/airflow/dags/telegram-dag.py took 0.178 seconds
[2024-11-09T14:44:05.697+0300] {processor.py:186} INFO - Started process (PID=3605) to work on /opt/airflow/dags/telegram-dag.py
[2024-11-09T14:44:05.698+0300] {processor.py:914} INFO - Processing file /opt/airflow/dags/telegram-dag.py for tasks to queue
[2024-11-09T14:44:05.703+0300] {logging_mixin.py:190} INFO - [2024-11-09T14:44:05.702+0300] {dagbag.py:588} INFO - Filling up the DagBag from /opt/airflow/dags/telegram-dag.py
[2024-11-09T14:44:05.816+0300] {processor.py:925} INFO - DAG(s) 'currency_rate_dag' retrieved from /opt/airflow/dags/telegram-dag.py
[2024-11-09T14:44:05.848+0300] {logging_mixin.py:190} INFO - [2024-11-09T14:44:05.847+0300] {dag.py:3239} INFO - Sync 1 DAGs
[2024-11-09T14:44:05.868+0300] {logging_mixin.py:190} INFO - [2024-11-09T14:44:05.867+0300] {dag.py:4180} INFO - Setting next_dagrun for currency_rate_dag to 2024-11-09 00:00:00+00:00, run_after=2024-11-09 12:00:00+00:00
[2024-11-09T14:44:05.893+0300] {processor.py:208} INFO - Processing /opt/airflow/dags/telegram-dag.py took 0.200 seconds
[2024-11-09T14:44:36.457+0300] {processor.py:186} INFO - Started process (PID=3674) to work on /opt/airflow/dags/telegram-dag.py
[2024-11-09T14:44:36.458+0300] {processor.py:914} INFO - Processing file /opt/airflow/dags/telegram-dag.py for tasks to queue
[2024-11-09T14:44:36.461+0300] {logging_mixin.py:190} INFO - [2024-11-09T14:44:36.460+0300] {dagbag.py:588} INFO - Filling up the DagBag from /opt/airflow/dags/telegram-dag.py
[2024-11-09T14:44:36.514+0300] {processor.py:925} INFO - DAG(s) 'currency_rate_dag' retrieved from /opt/airflow/dags/telegram-dag.py
[2024-11-09T14:44:36.543+0300] {logging_mixin.py:190} INFO - [2024-11-09T14:44:36.543+0300] {dag.py:3239} INFO - Sync 1 DAGs
[2024-11-09T14:44:36.564+0300] {logging_mixin.py:190} INFO - [2024-11-09T14:44:36.563+0300] {dag.py:4180} INFO - Setting next_dagrun for currency_rate_dag to 2024-11-09 00:00:00+00:00, run_after=2024-11-09 12:00:00+00:00
[2024-11-09T14:44:36.582+0300] {processor.py:208} INFO - Processing /opt/airflow/dags/telegram-dag.py took 0.130 seconds
[2024-11-09T14:45:06.842+0300] {processor.py:186} INFO - Started process (PID=3743) to work on /opt/airflow/dags/telegram-dag.py
[2024-11-09T14:45:06.843+0300] {processor.py:914} INFO - Processing file /opt/airflow/dags/telegram-dag.py for tasks to queue
[2024-11-09T14:45:06.846+0300] {logging_mixin.py:190} INFO - [2024-11-09T14:45:06.845+0300] {dagbag.py:588} INFO - Filling up the DagBag from /opt/airflow/dags/telegram-dag.py
[2024-11-09T14:45:06.879+0300] {processor.py:925} INFO - DAG(s) 'currency_rate_dag' retrieved from /opt/airflow/dags/telegram-dag.py
[2024-11-09T14:45:06.904+0300] {logging_mixin.py:190} INFO - [2024-11-09T14:45:06.904+0300] {dag.py:3239} INFO - Sync 1 DAGs
[2024-11-09T14:45:06.923+0300] {logging_mixin.py:190} INFO - [2024-11-09T14:45:06.923+0300] {dag.py:4180} INFO - Setting next_dagrun for currency_rate_dag to 2024-11-09 00:00:00+00:00, run_after=2024-11-09 12:00:00+00:00
[2024-11-09T14:45:06.941+0300] {processor.py:208} INFO - Processing /opt/airflow/dags/telegram-dag.py took 0.103 seconds
[2024-11-09T14:45:37.675+0300] {processor.py:186} INFO - Started process (PID=3812) to work on /opt/airflow/dags/telegram-dag.py
[2024-11-09T14:45:37.677+0300] {processor.py:914} INFO - Processing file /opt/airflow/dags/telegram-dag.py for tasks to queue
[2024-11-09T14:45:37.680+0300] {logging_mixin.py:190} INFO - [2024-11-09T14:45:37.679+0300] {dagbag.py:588} INFO - Filling up the DagBag from /opt/airflow/dags/telegram-dag.py
[2024-11-09T14:45:37.743+0300] {processor.py:925} INFO - DAG(s) 'currency_rate_dag' retrieved from /opt/airflow/dags/telegram-dag.py
[2024-11-09T14:45:37.770+0300] {logging_mixin.py:190} INFO - [2024-11-09T14:45:37.770+0300] {dag.py:3239} INFO - Sync 1 DAGs
[2024-11-09T14:45:37.790+0300] {logging_mixin.py:190} INFO - [2024-11-09T14:45:37.790+0300] {dag.py:4180} INFO - Setting next_dagrun for currency_rate_dag to 2024-11-09 00:00:00+00:00, run_after=2024-11-09 12:00:00+00:00
[2024-11-09T14:45:37.818+0300] {processor.py:208} INFO - Processing /opt/airflow/dags/telegram-dag.py took 0.147 seconds
[2024-11-09T14:46:08.245+0300] {processor.py:186} INFO - Started process (PID=3881) to work on /opt/airflow/dags/telegram-dag.py
[2024-11-09T14:46:08.247+0300] {processor.py:914} INFO - Processing file /opt/airflow/dags/telegram-dag.py for tasks to queue
[2024-11-09T14:46:08.250+0300] {logging_mixin.py:190} INFO - [2024-11-09T14:46:08.249+0300] {dagbag.py:588} INFO - Filling up the DagBag from /opt/airflow/dags/telegram-dag.py
[2024-11-09T14:46:08.280+0300] {processor.py:925} INFO - DAG(s) 'currency_rate_dag' retrieved from /opt/airflow/dags/telegram-dag.py
[2024-11-09T14:46:08.308+0300] {logging_mixin.py:190} INFO - [2024-11-09T14:46:08.307+0300] {dag.py:3239} INFO - Sync 1 DAGs
[2024-11-09T14:46:08.329+0300] {logging_mixin.py:190} INFO - [2024-11-09T14:46:08.329+0300] {dag.py:4180} INFO - Setting next_dagrun for currency_rate_dag to 2024-11-09 00:00:00+00:00, run_after=2024-11-09 12:00:00+00:00
[2024-11-09T14:46:08.348+0300] {processor.py:208} INFO - Processing /opt/airflow/dags/telegram-dag.py took 0.109 seconds
[2024-11-09T14:46:38.541+0300] {processor.py:186} INFO - Started process (PID=3950) to work on /opt/airflow/dags/telegram-dag.py
[2024-11-09T14:46:38.543+0300] {processor.py:914} INFO - Processing file /opt/airflow/dags/telegram-dag.py for tasks to queue
[2024-11-09T14:46:38.547+0300] {logging_mixin.py:190} INFO - [2024-11-09T14:46:38.546+0300] {dagbag.py:588} INFO - Filling up the DagBag from /opt/airflow/dags/telegram-dag.py
[2024-11-09T14:46:38.601+0300] {processor.py:925} INFO - DAG(s) 'currency_rate_dag' retrieved from /opt/airflow/dags/telegram-dag.py
[2024-11-09T14:46:38.634+0300] {logging_mixin.py:190} INFO - [2024-11-09T14:46:38.634+0300] {dag.py:3239} INFO - Sync 1 DAGs
[2024-11-09T14:46:38.656+0300] {logging_mixin.py:190} INFO - [2024-11-09T14:46:38.655+0300] {dag.py:4180} INFO - Setting next_dagrun for currency_rate_dag to 2024-11-09 00:00:00+00:00, run_after=2024-11-09 12:00:00+00:00
[2024-11-09T14:46:38.679+0300] {processor.py:208} INFO - Processing /opt/airflow/dags/telegram-dag.py took 0.143 seconds
[2024-11-09T14:47:09.621+0300] {processor.py:186} INFO - Started process (PID=4019) to work on /opt/airflow/dags/telegram-dag.py
[2024-11-09T14:47:09.622+0300] {processor.py:914} INFO - Processing file /opt/airflow/dags/telegram-dag.py for tasks to queue
[2024-11-09T14:47:09.624+0300] {logging_mixin.py:190} INFO - [2024-11-09T14:47:09.624+0300] {dagbag.py:588} INFO - Filling up the DagBag from /opt/airflow/dags/telegram-dag.py
[2024-11-09T14:47:09.654+0300] {processor.py:925} INFO - DAG(s) 'currency_rate_dag' retrieved from /opt/airflow/dags/telegram-dag.py
[2024-11-09T14:47:09.680+0300] {logging_mixin.py:190} INFO - [2024-11-09T14:47:09.680+0300] {dag.py:3239} INFO - Sync 1 DAGs
[2024-11-09T14:47:09.701+0300] {logging_mixin.py:190} INFO - [2024-11-09T14:47:09.701+0300] {dag.py:4180} INFO - Setting next_dagrun for currency_rate_dag to 2024-11-09 00:00:00+00:00, run_after=2024-11-09 12:00:00+00:00
[2024-11-09T14:47:09.725+0300] {processor.py:208} INFO - Processing /opt/airflow/dags/telegram-dag.py took 0.109 seconds
[2024-11-09T14:47:40.355+0300] {processor.py:186} INFO - Started process (PID=4088) to work on /opt/airflow/dags/telegram-dag.py
[2024-11-09T14:47:40.356+0300] {processor.py:914} INFO - Processing file /opt/airflow/dags/telegram-dag.py for tasks to queue
[2024-11-09T14:47:40.361+0300] {logging_mixin.py:190} INFO - [2024-11-09T14:47:40.360+0300] {dagbag.py:588} INFO - Filling up the DagBag from /opt/airflow/dags/telegram-dag.py
[2024-11-09T14:47:40.438+0300] {processor.py:925} INFO - DAG(s) 'currency_rate_dag' retrieved from /opt/airflow/dags/telegram-dag.py
[2024-11-09T14:47:40.471+0300] {logging_mixin.py:190} INFO - [2024-11-09T14:47:40.471+0300] {dag.py:3239} INFO - Sync 1 DAGs
[2024-11-09T14:47:40.494+0300] {logging_mixin.py:190} INFO - [2024-11-09T14:47:40.494+0300] {dag.py:4180} INFO - Setting next_dagrun for currency_rate_dag to 2024-11-09 00:00:00+00:00, run_after=2024-11-09 12:00:00+00:00
[2024-11-09T14:47:40.512+0300] {processor.py:208} INFO - Processing /opt/airflow/dags/telegram-dag.py took 0.163 seconds
[2024-11-09T14:48:10.628+0300] {processor.py:186} INFO - Started process (PID=4157) to work on /opt/airflow/dags/telegram-dag.py
[2024-11-09T14:48:10.629+0300] {processor.py:914} INFO - Processing file /opt/airflow/dags/telegram-dag.py for tasks to queue
[2024-11-09T14:48:10.631+0300] {logging_mixin.py:190} INFO - [2024-11-09T14:48:10.631+0300] {dagbag.py:588} INFO - Filling up the DagBag from /opt/airflow/dags/telegram-dag.py
[2024-11-09T14:48:10.670+0300] {processor.py:925} INFO - DAG(s) 'currency_rate_dag' retrieved from /opt/airflow/dags/telegram-dag.py
[2024-11-09T14:48:10.694+0300] {logging_mixin.py:190} INFO - [2024-11-09T14:48:10.694+0300] {dag.py:3239} INFO - Sync 1 DAGs
[2024-11-09T14:48:10.713+0300] {logging_mixin.py:190} INFO - [2024-11-09T14:48:10.713+0300] {dag.py:4180} INFO - Setting next_dagrun for currency_rate_dag to 2024-11-09 00:00:00+00:00, run_after=2024-11-09 12:00:00+00:00
[2024-11-09T14:48:10.732+0300] {processor.py:208} INFO - Processing /opt/airflow/dags/telegram-dag.py took 0.109 seconds
[2024-11-09T14:48:41.065+0300] {processor.py:186} INFO - Started process (PID=4226) to work on /opt/airflow/dags/telegram-dag.py
[2024-11-09T14:48:41.067+0300] {processor.py:914} INFO - Processing file /opt/airflow/dags/telegram-dag.py for tasks to queue
[2024-11-09T14:48:41.070+0300] {logging_mixin.py:190} INFO - [2024-11-09T14:48:41.070+0300] {dagbag.py:588} INFO - Filling up the DagBag from /opt/airflow/dags/telegram-dag.py
[2024-11-09T14:48:41.189+0300] {processor.py:925} INFO - DAG(s) 'currency_rate_dag' retrieved from /opt/airflow/dags/telegram-dag.py
[2024-11-09T14:48:41.230+0300] {logging_mixin.py:190} INFO - [2024-11-09T14:48:41.230+0300] {dag.py:3239} INFO - Sync 1 DAGs
[2024-11-09T14:48:41.249+0300] {logging_mixin.py:190} INFO - [2024-11-09T14:48:41.249+0300] {dag.py:4180} INFO - Setting next_dagrun for currency_rate_dag to 2024-11-09 00:00:00+00:00, run_after=2024-11-09 12:00:00+00:00
[2024-11-09T14:48:41.269+0300] {processor.py:208} INFO - Processing /opt/airflow/dags/telegram-dag.py took 0.210 seconds
[2024-11-09T14:49:11.409+0300] {processor.py:186} INFO - Started process (PID=4295) to work on /opt/airflow/dags/telegram-dag.py
[2024-11-09T14:49:11.410+0300] {processor.py:914} INFO - Processing file /opt/airflow/dags/telegram-dag.py for tasks to queue
[2024-11-09T14:49:11.412+0300] {logging_mixin.py:190} INFO - [2024-11-09T14:49:11.412+0300] {dagbag.py:588} INFO - Filling up the DagBag from /opt/airflow/dags/telegram-dag.py
[2024-11-09T14:49:11.439+0300] {processor.py:925} INFO - DAG(s) 'currency_rate_dag' retrieved from /opt/airflow/dags/telegram-dag.py
[2024-11-09T14:49:11.471+0300] {logging_mixin.py:190} INFO - [2024-11-09T14:49:11.470+0300] {dag.py:3239} INFO - Sync 1 DAGs
[2024-11-09T14:49:11.489+0300] {logging_mixin.py:190} INFO - [2024-11-09T14:49:11.489+0300] {dag.py:4180} INFO - Setting next_dagrun for currency_rate_dag to 2024-11-09 00:00:00+00:00, run_after=2024-11-09 12:00:00+00:00
[2024-11-09T14:49:11.509+0300] {processor.py:208} INFO - Processing /opt/airflow/dags/telegram-dag.py took 0.107 seconds
[2024-11-09T14:49:41.644+0300] {processor.py:186} INFO - Started process (PID=4364) to work on /opt/airflow/dags/telegram-dag.py
[2024-11-09T14:49:41.645+0300] {processor.py:914} INFO - Processing file /opt/airflow/dags/telegram-dag.py for tasks to queue
[2024-11-09T14:49:41.648+0300] {logging_mixin.py:190} INFO - [2024-11-09T14:49:41.647+0300] {dagbag.py:588} INFO - Filling up the DagBag from /opt/airflow/dags/telegram-dag.py
[2024-11-09T14:49:41.693+0300] {processor.py:925} INFO - DAG(s) 'currency_rate_dag' retrieved from /opt/airflow/dags/telegram-dag.py
[2024-11-09T14:49:41.722+0300] {logging_mixin.py:190} INFO - [2024-11-09T14:49:41.721+0300] {dag.py:3239} INFO - Sync 1 DAGs
[2024-11-09T14:49:41.743+0300] {logging_mixin.py:190} INFO - [2024-11-09T14:49:41.743+0300] {dag.py:4180} INFO - Setting next_dagrun for currency_rate_dag to 2024-11-09 00:00:00+00:00, run_after=2024-11-09 12:00:00+00:00
[2024-11-09T14:49:41.763+0300] {processor.py:208} INFO - Processing /opt/airflow/dags/telegram-dag.py took 0.125 seconds
[2024-11-09T14:50:12.067+0300] {processor.py:186} INFO - Started process (PID=4432) to work on /opt/airflow/dags/telegram-dag.py
[2024-11-09T14:50:12.068+0300] {processor.py:914} INFO - Processing file /opt/airflow/dags/telegram-dag.py for tasks to queue
[2024-11-09T14:50:12.070+0300] {logging_mixin.py:190} INFO - [2024-11-09T14:50:12.070+0300] {dagbag.py:588} INFO - Filling up the DagBag from /opt/airflow/dags/telegram-dag.py
[2024-11-09T14:50:12.100+0300] {processor.py:925} INFO - DAG(s) 'currency_rate_dag' retrieved from /opt/airflow/dags/telegram-dag.py
[2024-11-09T14:50:12.129+0300] {logging_mixin.py:190} INFO - [2024-11-09T14:50:12.129+0300] {dag.py:3239} INFO - Sync 1 DAGs
[2024-11-09T14:50:12.158+0300] {logging_mixin.py:190} INFO - [2024-11-09T14:50:12.158+0300] {dag.py:4180} INFO - Setting next_dagrun for currency_rate_dag to 2024-11-09 00:00:00+00:00, run_after=2024-11-09 12:00:00+00:00
[2024-11-09T14:50:12.181+0300] {processor.py:208} INFO - Processing /opt/airflow/dags/telegram-dag.py took 0.122 seconds
[2024-11-09T14:50:43.148+0300] {processor.py:186} INFO - Started process (PID=4501) to work on /opt/airflow/dags/telegram-dag.py
[2024-11-09T14:50:43.149+0300] {processor.py:914} INFO - Processing file /opt/airflow/dags/telegram-dag.py for tasks to queue
[2024-11-09T14:50:43.152+0300] {logging_mixin.py:190} INFO - [2024-11-09T14:50:43.152+0300] {dagbag.py:588} INFO - Filling up the DagBag from /opt/airflow/dags/telegram-dag.py
[2024-11-09T14:50:43.183+0300] {processor.py:925} INFO - DAG(s) 'currency_rate_dag' retrieved from /opt/airflow/dags/telegram-dag.py
[2024-11-09T14:50:43.211+0300] {logging_mixin.py:190} INFO - [2024-11-09T14:50:43.210+0300] {dag.py:3239} INFO - Sync 1 DAGs
[2024-11-09T14:50:43.236+0300] {logging_mixin.py:190} INFO - [2024-11-09T14:50:43.236+0300] {dag.py:4180} INFO - Setting next_dagrun for currency_rate_dag to 2024-11-09 00:00:00+00:00, run_after=2024-11-09 12:00:00+00:00
[2024-11-09T14:50:43.269+0300] {processor.py:208} INFO - Processing /opt/airflow/dags/telegram-dag.py took 0.126 seconds
[2024-11-09T14:51:14.311+0300] {processor.py:186} INFO - Started process (PID=4576) to work on /opt/airflow/dags/telegram-dag.py
[2024-11-09T14:51:14.313+0300] {processor.py:914} INFO - Processing file /opt/airflow/dags/telegram-dag.py for tasks to queue
[2024-11-09T14:51:14.316+0300] {logging_mixin.py:190} INFO - [2024-11-09T14:51:14.316+0300] {dagbag.py:588} INFO - Filling up the DagBag from /opt/airflow/dags/telegram-dag.py
[2024-11-09T14:51:14.407+0300] {processor.py:925} INFO - DAG(s) 'currency_rate_dag' retrieved from /opt/airflow/dags/telegram-dag.py
[2024-11-09T14:51:14.443+0300] {logging_mixin.py:190} INFO - [2024-11-09T14:51:14.443+0300] {dag.py:3239} INFO - Sync 1 DAGs
[2024-11-09T14:51:14.464+0300] {logging_mixin.py:190} INFO - [2024-11-09T14:51:14.464+0300] {dag.py:4180} INFO - Setting next_dagrun for currency_rate_dag to 2024-11-09 00:00:00+00:00, run_after=2024-11-09 12:00:00+00:00
[2024-11-09T14:51:14.482+0300] {processor.py:208} INFO - Processing /opt/airflow/dags/telegram-dag.py took 0.177 seconds
[2024-11-09T14:51:44.729+0300] {processor.py:186} INFO - Started process (PID=4645) to work on /opt/airflow/dags/telegram-dag.py
[2024-11-09T14:51:44.730+0300] {processor.py:914} INFO - Processing file /opt/airflow/dags/telegram-dag.py for tasks to queue
[2024-11-09T14:51:44.732+0300] {logging_mixin.py:190} INFO - [2024-11-09T14:51:44.732+0300] {dagbag.py:588} INFO - Filling up the DagBag from /opt/airflow/dags/telegram-dag.py
[2024-11-09T14:51:44.774+0300] {processor.py:925} INFO - DAG(s) 'currency_rate_dag' retrieved from /opt/airflow/dags/telegram-dag.py
[2024-11-09T14:51:44.802+0300] {logging_mixin.py:190} INFO - [2024-11-09T14:51:44.802+0300] {dag.py:3239} INFO - Sync 1 DAGs
[2024-11-09T14:51:44.822+0300] {logging_mixin.py:190} INFO - [2024-11-09T14:51:44.822+0300] {dag.py:4180} INFO - Setting next_dagrun for currency_rate_dag to 2024-11-09 00:00:00+00:00, run_after=2024-11-09 12:00:00+00:00
[2024-11-09T14:51:44.839+0300] {processor.py:208} INFO - Processing /opt/airflow/dags/telegram-dag.py took 0.117 seconds
[2024-11-09T14:52:15.570+0300] {processor.py:186} INFO - Started process (PID=4714) to work on /opt/airflow/dags/telegram-dag.py
[2024-11-09T14:52:15.572+0300] {processor.py:914} INFO - Processing file /opt/airflow/dags/telegram-dag.py for tasks to queue
[2024-11-09T14:52:15.575+0300] {logging_mixin.py:190} INFO - [2024-11-09T14:52:15.574+0300] {dagbag.py:588} INFO - Filling up the DagBag from /opt/airflow/dags/telegram-dag.py
[2024-11-09T14:52:15.623+0300] {processor.py:925} INFO - DAG(s) 'currency_rate_dag' retrieved from /opt/airflow/dags/telegram-dag.py
[2024-11-09T14:52:15.649+0300] {logging_mixin.py:190} INFO - [2024-11-09T14:52:15.649+0300] {dag.py:3239} INFO - Sync 1 DAGs
[2024-11-09T14:52:15.668+0300] {logging_mixin.py:190} INFO - [2024-11-09T14:52:15.667+0300] {dag.py:4180} INFO - Setting next_dagrun for currency_rate_dag to 2024-11-09 00:00:00+00:00, run_after=2024-11-09 12:00:00+00:00
[2024-11-09T14:52:15.688+0300] {processor.py:208} INFO - Processing /opt/airflow/dags/telegram-dag.py took 0.122 seconds
[2024-11-09T14:52:45.815+0300] {processor.py:186} INFO - Started process (PID=4783) to work on /opt/airflow/dags/telegram-dag.py
[2024-11-09T14:52:45.817+0300] {processor.py:914} INFO - Processing file /opt/airflow/dags/telegram-dag.py for tasks to queue
[2024-11-09T14:52:45.820+0300] {logging_mixin.py:190} INFO - [2024-11-09T14:52:45.819+0300] {dagbag.py:588} INFO - Filling up the DagBag from /opt/airflow/dags/telegram-dag.py
[2024-11-09T14:52:45.860+0300] {processor.py:925} INFO - DAG(s) 'currency_rate_dag' retrieved from /opt/airflow/dags/telegram-dag.py
[2024-11-09T14:52:45.892+0300] {logging_mixin.py:190} INFO - [2024-11-09T14:52:45.892+0300] {dag.py:3239} INFO - Sync 1 DAGs
[2024-11-09T14:52:45.919+0300] {logging_mixin.py:190} INFO - [2024-11-09T14:52:45.919+0300] {dag.py:4180} INFO - Setting next_dagrun for currency_rate_dag to 2024-11-09 00:00:00+00:00, run_after=2024-11-09 12:00:00+00:00
[2024-11-09T14:52:45.940+0300] {processor.py:208} INFO - Processing /opt/airflow/dags/telegram-dag.py took 0.133 seconds
[2024-11-09T14:53:16.090+0300] {processor.py:186} INFO - Started process (PID=4852) to work on /opt/airflow/dags/telegram-dag.py
[2024-11-09T14:53:16.092+0300] {processor.py:914} INFO - Processing file /opt/airflow/dags/telegram-dag.py for tasks to queue
[2024-11-09T14:53:16.096+0300] {logging_mixin.py:190} INFO - [2024-11-09T14:53:16.095+0300] {dagbag.py:588} INFO - Filling up the DagBag from /opt/airflow/dags/telegram-dag.py
[2024-11-09T14:53:16.183+0300] {processor.py:925} INFO - DAG(s) 'currency_rate_dag' retrieved from /opt/airflow/dags/telegram-dag.py
[2024-11-09T14:53:16.221+0300] {logging_mixin.py:190} INFO - [2024-11-09T14:53:16.221+0300] {dag.py:3239} INFO - Sync 1 DAGs
[2024-11-09T14:53:16.241+0300] {logging_mixin.py:190} INFO - [2024-11-09T14:53:16.241+0300] {dag.py:4180} INFO - Setting next_dagrun for currency_rate_dag to 2024-11-09 00:00:00+00:00, run_after=2024-11-09 12:00:00+00:00
[2024-11-09T14:53:16.260+0300] {processor.py:208} INFO - Processing /opt/airflow/dags/telegram-dag.py took 0.176 seconds
[2024-11-09T14:53:46.495+0300] {processor.py:186} INFO - Started process (PID=4921) to work on /opt/airflow/dags/telegram-dag.py
[2024-11-09T14:53:46.496+0300] {processor.py:914} INFO - Processing file /opt/airflow/dags/telegram-dag.py for tasks to queue
[2024-11-09T14:53:46.498+0300] {logging_mixin.py:190} INFO - [2024-11-09T14:53:46.497+0300] {dagbag.py:588} INFO - Filling up the DagBag from /opt/airflow/dags/telegram-dag.py
[2024-11-09T14:53:46.532+0300] {processor.py:925} INFO - DAG(s) 'currency_rate_dag' retrieved from /opt/airflow/dags/telegram-dag.py
[2024-11-09T14:53:46.554+0300] {logging_mixin.py:190} INFO - [2024-11-09T14:53:46.553+0300] {dag.py:3239} INFO - Sync 1 DAGs
[2024-11-09T14:53:46.574+0300] {logging_mixin.py:190} INFO - [2024-11-09T14:53:46.574+0300] {dag.py:4180} INFO - Setting next_dagrun for currency_rate_dag to 2024-11-09 00:00:00+00:00, run_after=2024-11-09 12:00:00+00:00
[2024-11-09T14:53:46.603+0300] {processor.py:208} INFO - Processing /opt/airflow/dags/telegram-dag.py took 0.113 seconds
[2024-11-09T14:54:17.189+0300] {processor.py:186} INFO - Started process (PID=4990) to work on /opt/airflow/dags/telegram-dag.py
[2024-11-09T14:54:17.192+0300] {processor.py:914} INFO - Processing file /opt/airflow/dags/telegram-dag.py for tasks to queue
[2024-11-09T14:54:17.195+0300] {logging_mixin.py:190} INFO - [2024-11-09T14:54:17.195+0300] {dagbag.py:588} INFO - Filling up the DagBag from /opt/airflow/dags/telegram-dag.py
[2024-11-09T14:54:17.333+0300] {processor.py:925} INFO - DAG(s) 'currency_rate_dag' retrieved from /opt/airflow/dags/telegram-dag.py
[2024-11-09T14:54:17.366+0300] {logging_mixin.py:190} INFO - [2024-11-09T14:54:17.366+0300] {dag.py:3239} INFO - Sync 1 DAGs
[2024-11-09T14:54:17.386+0300] {logging_mixin.py:190} INFO - [2024-11-09T14:54:17.386+0300] {dag.py:4180} INFO - Setting next_dagrun for currency_rate_dag to 2024-11-09 00:00:00+00:00, run_after=2024-11-09 12:00:00+00:00
[2024-11-09T14:54:17.404+0300] {processor.py:208} INFO - Processing /opt/airflow/dags/telegram-dag.py took 0.224 seconds
[2024-11-09T14:54:47.581+0300] {processor.py:186} INFO - Started process (PID=5058) to work on /opt/airflow/dags/telegram-dag.py
[2024-11-09T14:54:47.583+0300] {processor.py:914} INFO - Processing file /opt/airflow/dags/telegram-dag.py for tasks to queue
[2024-11-09T14:54:47.586+0300] {logging_mixin.py:190} INFO - [2024-11-09T14:54:47.585+0300] {dagbag.py:588} INFO - Filling up the DagBag from /opt/airflow/dags/telegram-dag.py
[2024-11-09T14:54:47.634+0300] {processor.py:925} INFO - DAG(s) 'currency_rate_dag' retrieved from /opt/airflow/dags/telegram-dag.py
[2024-11-09T14:54:47.663+0300] {logging_mixin.py:190} INFO - [2024-11-09T14:54:47.663+0300] {dag.py:3239} INFO - Sync 1 DAGs
[2024-11-09T14:54:47.685+0300] {logging_mixin.py:190} INFO - [2024-11-09T14:54:47.685+0300] {dag.py:4180} INFO - Setting next_dagrun for currency_rate_dag to 2024-11-09 00:00:00+00:00, run_after=2024-11-09 12:00:00+00:00
[2024-11-09T14:54:47.704+0300] {processor.py:208} INFO - Processing /opt/airflow/dags/telegram-dag.py took 0.130 seconds
[2024-11-09T14:55:18.144+0300] {processor.py:186} INFO - Started process (PID=5127) to work on /opt/airflow/dags/telegram-dag.py
[2024-11-09T14:55:18.145+0300] {processor.py:914} INFO - Processing file /opt/airflow/dags/telegram-dag.py for tasks to queue
[2024-11-09T14:55:18.147+0300] {logging_mixin.py:190} INFO - [2024-11-09T14:55:18.147+0300] {dagbag.py:588} INFO - Filling up the DagBag from /opt/airflow/dags/telegram-dag.py
[2024-11-09T14:55:18.190+0300] {processor.py:925} INFO - DAG(s) 'currency_rate_dag' retrieved from /opt/airflow/dags/telegram-dag.py
[2024-11-09T14:55:18.220+0300] {logging_mixin.py:190} INFO - [2024-11-09T14:55:18.220+0300] {dag.py:3239} INFO - Sync 1 DAGs
[2024-11-09T14:55:18.242+0300] {logging_mixin.py:190} INFO - [2024-11-09T14:55:18.242+0300] {dag.py:4180} INFO - Setting next_dagrun for currency_rate_dag to 2024-11-09 00:00:00+00:00, run_after=2024-11-09 12:00:00+00:00
[2024-11-09T14:55:18.275+0300] {processor.py:208} INFO - Processing /opt/airflow/dags/telegram-dag.py took 0.137 seconds
[2024-11-09T15:15:51.514+0300] {processor.py:186} INFO - Started process (PID=68) to work on /opt/airflow/dags/telegram-dag.py
[2024-11-09T15:15:51.516+0300] {processor.py:914} INFO - Processing file /opt/airflow/dags/telegram-dag.py for tasks to queue
[2024-11-09T15:15:51.520+0300] {logging_mixin.py:190} INFO - [2024-11-09T15:15:51.519+0300] {dagbag.py:588} INFO - Filling up the DagBag from /opt/airflow/dags/telegram-dag.py
[2024-11-09T15:15:51.565+0300] {processor.py:925} INFO - DAG(s) 'currency_rate_dag' retrieved from /opt/airflow/dags/telegram-dag.py
[2024-11-09T15:15:51.603+0300] {logging_mixin.py:190} INFO - [2024-11-09T15:15:51.603+0300] {dag.py:3239} INFO - Sync 1 DAGs
[2024-11-09T15:15:51.631+0300] {logging_mixin.py:190} INFO - [2024-11-09T15:15:51.630+0300] {dag.py:4180} INFO - Setting next_dagrun for currency_rate_dag to 2024-11-09 00:00:00+00:00, run_after=2024-11-09 12:00:00+00:00
[2024-11-09T15:15:51.665+0300] {processor.py:208} INFO - Processing /opt/airflow/dags/telegram-dag.py took 0.157 seconds
[2024-11-09T15:16:21.990+0300] {processor.py:186} INFO - Started process (PID=137) to work on /opt/airflow/dags/telegram-dag.py
[2024-11-09T15:16:21.991+0300] {processor.py:914} INFO - Processing file /opt/airflow/dags/telegram-dag.py for tasks to queue
[2024-11-09T15:16:21.994+0300] {logging_mixin.py:190} INFO - [2024-11-09T15:16:21.994+0300] {dagbag.py:588} INFO - Filling up the DagBag from /opt/airflow/dags/telegram-dag.py
[2024-11-09T15:16:22.039+0300] {processor.py:925} INFO - DAG(s) 'currency_rate_dag' retrieved from /opt/airflow/dags/telegram-dag.py
[2024-11-09T15:16:22.071+0300] {logging_mixin.py:190} INFO - [2024-11-09T15:16:22.071+0300] {dag.py:3239} INFO - Sync 1 DAGs
[2024-11-09T15:16:22.094+0300] {logging_mixin.py:190} INFO - [2024-11-09T15:16:22.093+0300] {dag.py:4180} INFO - Setting next_dagrun for currency_rate_dag to 2024-11-09 00:00:00+00:00, run_after=2024-11-09 12:00:00+00:00
[2024-11-09T15:16:22.115+0300] {processor.py:208} INFO - Processing /opt/airflow/dags/telegram-dag.py took 0.132 seconds
[2024-11-09T15:16:52.882+0300] {processor.py:186} INFO - Started process (PID=212) to work on /opt/airflow/dags/telegram-dag.py
[2024-11-09T15:16:52.884+0300] {processor.py:914} INFO - Processing file /opt/airflow/dags/telegram-dag.py for tasks to queue
[2024-11-09T15:16:52.890+0300] {logging_mixin.py:190} INFO - [2024-11-09T15:16:52.889+0300] {dagbag.py:588} INFO - Filling up the DagBag from /opt/airflow/dags/telegram-dag.py
[2024-11-09T15:16:52.936+0300] {processor.py:925} INFO - DAG(s) 'currency_rate_dag' retrieved from /opt/airflow/dags/telegram-dag.py
[2024-11-09T15:16:52.975+0300] {logging_mixin.py:190} INFO - [2024-11-09T15:16:52.975+0300] {dag.py:3239} INFO - Sync 1 DAGs
[2024-11-09T15:16:53.011+0300] {logging_mixin.py:190} INFO - [2024-11-09T15:16:53.011+0300] {dag.py:4180} INFO - Setting next_dagrun for currency_rate_dag to 2024-11-09 00:00:00+00:00, run_after=2024-11-09 12:00:00+00:00
[2024-11-09T15:16:53.038+0300] {processor.py:208} INFO - Processing /opt/airflow/dags/telegram-dag.py took 0.162 seconds
[2024-11-09T15:17:23.141+0300] {processor.py:186} INFO - Started process (PID=281) to work on /opt/airflow/dags/telegram-dag.py
[2024-11-09T15:17:23.143+0300] {processor.py:914} INFO - Processing file /opt/airflow/dags/telegram-dag.py for tasks to queue
[2024-11-09T15:17:23.145+0300] {logging_mixin.py:190} INFO - [2024-11-09T15:17:23.145+0300] {dagbag.py:588} INFO - Filling up the DagBag from /opt/airflow/dags/telegram-dag.py
[2024-11-09T15:17:23.179+0300] {processor.py:925} INFO - DAG(s) 'currency_rate_dag' retrieved from /opt/airflow/dags/telegram-dag.py
[2024-11-09T15:17:23.207+0300] {logging_mixin.py:190} INFO - [2024-11-09T15:17:23.207+0300] {dag.py:3239} INFO - Sync 1 DAGs
[2024-11-09T15:17:23.230+0300] {logging_mixin.py:190} INFO - [2024-11-09T15:17:23.230+0300] {dag.py:4180} INFO - Setting next_dagrun for currency_rate_dag to 2024-11-09 00:00:00+00:00, run_after=2024-11-09 12:00:00+00:00
[2024-11-09T15:17:23.266+0300] {processor.py:208} INFO - Processing /opt/airflow/dags/telegram-dag.py took 0.129 seconds
[2024-11-09T15:17:53.580+0300] {processor.py:186} INFO - Started process (PID=350) to work on /opt/airflow/dags/telegram-dag.py
[2024-11-09T15:17:53.581+0300] {processor.py:914} INFO - Processing file /opt/airflow/dags/telegram-dag.py for tasks to queue
[2024-11-09T15:17:53.583+0300] {logging_mixin.py:190} INFO - [2024-11-09T15:17:53.583+0300] {dagbag.py:588} INFO - Filling up the DagBag from /opt/airflow/dags/telegram-dag.py
[2024-11-09T15:17:53.616+0300] {processor.py:925} INFO - DAG(s) 'currency_rate_dag' retrieved from /opt/airflow/dags/telegram-dag.py
[2024-11-09T15:17:53.648+0300] {logging_mixin.py:190} INFO - [2024-11-09T15:17:53.647+0300] {dag.py:3239} INFO - Sync 1 DAGs
[2024-11-09T15:17:53.673+0300] {logging_mixin.py:190} INFO - [2024-11-09T15:17:53.673+0300] {dag.py:4180} INFO - Setting next_dagrun for currency_rate_dag to 2024-11-09 00:00:00+00:00, run_after=2024-11-09 12:00:00+00:00
[2024-11-09T15:17:53.708+0300] {processor.py:208} INFO - Processing /opt/airflow/dags/telegram-dag.py took 0.133 seconds
[2024-11-09T15:18:24.960+0300] {processor.py:186} INFO - Started process (PID=419) to work on /opt/airflow/dags/telegram-dag.py
[2024-11-09T15:18:24.961+0300] {processor.py:914} INFO - Processing file /opt/airflow/dags/telegram-dag.py for tasks to queue
[2024-11-09T15:18:24.964+0300] {logging_mixin.py:190} INFO - [2024-11-09T15:18:24.964+0300] {dagbag.py:588} INFO - Filling up the DagBag from /opt/airflow/dags/telegram-dag.py
[2024-11-09T15:18:25.020+0300] {processor.py:925} INFO - DAG(s) 'currency_rate_dag' retrieved from /opt/airflow/dags/telegram-dag.py
[2024-11-09T15:18:25.050+0300] {logging_mixin.py:190} INFO - [2024-11-09T15:18:25.050+0300] {dag.py:3239} INFO - Sync 1 DAGs
[2024-11-09T15:18:25.069+0300] {logging_mixin.py:190} INFO - [2024-11-09T15:18:25.069+0300] {dag.py:4180} INFO - Setting next_dagrun for currency_rate_dag to 2024-11-09 00:00:00+00:00, run_after=2024-11-09 12:00:00+00:00
[2024-11-09T15:18:25.097+0300] {processor.py:208} INFO - Processing /opt/airflow/dags/telegram-dag.py took 0.142 seconds
[2024-11-09T15:18:55.263+0300] {processor.py:186} INFO - Started process (PID=487) to work on /opt/airflow/dags/telegram-dag.py
[2024-11-09T15:18:55.264+0300] {processor.py:914} INFO - Processing file /opt/airflow/dags/telegram-dag.py for tasks to queue
[2024-11-09T15:18:55.267+0300] {logging_mixin.py:190} INFO - [2024-11-09T15:18:55.266+0300] {dagbag.py:588} INFO - Filling up the DagBag from /opt/airflow/dags/telegram-dag.py
[2024-11-09T15:18:55.305+0300] {processor.py:925} INFO - DAG(s) 'currency_rate_dag' retrieved from /opt/airflow/dags/telegram-dag.py
[2024-11-09T15:18:55.333+0300] {logging_mixin.py:190} INFO - [2024-11-09T15:18:55.333+0300] {dag.py:3239} INFO - Sync 1 DAGs
[2024-11-09T15:18:55.355+0300] {logging_mixin.py:190} INFO - [2024-11-09T15:18:55.354+0300] {dag.py:4180} INFO - Setting next_dagrun for currency_rate_dag to 2024-11-09 00:00:00+00:00, run_after=2024-11-09 12:00:00+00:00
[2024-11-09T15:18:55.375+0300] {processor.py:208} INFO - Processing /opt/airflow/dags/telegram-dag.py took 0.117 seconds
[2024-11-09T15:19:25.621+0300] {processor.py:186} INFO - Started process (PID=556) to work on /opt/airflow/dags/telegram-dag.py
[2024-11-09T15:19:25.623+0300] {processor.py:914} INFO - Processing file /opt/airflow/dags/telegram-dag.py for tasks to queue
[2024-11-09T15:19:25.626+0300] {logging_mixin.py:190} INFO - [2024-11-09T15:19:25.626+0300] {dagbag.py:588} INFO - Filling up the DagBag from /opt/airflow/dags/telegram-dag.py
[2024-11-09T15:19:25.659+0300] {processor.py:925} INFO - DAG(s) 'currency_rate_dag' retrieved from /opt/airflow/dags/telegram-dag.py
[2024-11-09T15:19:25.689+0300] {logging_mixin.py:190} INFO - [2024-11-09T15:19:25.689+0300] {dag.py:3239} INFO - Sync 1 DAGs
[2024-11-09T15:19:25.713+0300] {logging_mixin.py:190} INFO - [2024-11-09T15:19:25.713+0300] {dag.py:4180} INFO - Setting next_dagrun for currency_rate_dag to 2024-11-09 00:00:00+00:00, run_after=2024-11-09 12:00:00+00:00
[2024-11-09T15:19:25.748+0300] {processor.py:208} INFO - Processing /opt/airflow/dags/telegram-dag.py took 0.134 seconds
[2024-11-09T15:19:56.402+0300] {processor.py:186} INFO - Started process (PID=625) to work on /opt/airflow/dags/telegram-dag.py
[2024-11-09T15:19:56.403+0300] {processor.py:914} INFO - Processing file /opt/airflow/dags/telegram-dag.py for tasks to queue
[2024-11-09T15:19:56.406+0300] {logging_mixin.py:190} INFO - [2024-11-09T15:19:56.405+0300] {dagbag.py:588} INFO - Filling up the DagBag from /opt/airflow/dags/telegram-dag.py
[2024-11-09T15:19:56.455+0300] {processor.py:925} INFO - DAG(s) 'currency_rate_dag' retrieved from /opt/airflow/dags/telegram-dag.py
[2024-11-09T15:19:56.492+0300] {logging_mixin.py:190} INFO - [2024-11-09T15:19:56.492+0300] {dag.py:3239} INFO - Sync 1 DAGs
[2024-11-09T15:19:56.535+0300] {logging_mixin.py:190} INFO - [2024-11-09T15:19:56.534+0300] {dag.py:4180} INFO - Setting next_dagrun for currency_rate_dag to 2024-11-09 00:00:00+00:00, run_after=2024-11-09 12:00:00+00:00
[2024-11-09T15:19:56.566+0300] {processor.py:208} INFO - Processing /opt/airflow/dags/telegram-dag.py took 0.171 seconds
[2024-11-09T15:20:26.904+0300] {processor.py:186} INFO - Started process (PID=694) to work on /opt/airflow/dags/telegram-dag.py
[2024-11-09T15:20:26.905+0300] {processor.py:914} INFO - Processing file /opt/airflow/dags/telegram-dag.py for tasks to queue
[2024-11-09T15:20:26.907+0300] {logging_mixin.py:190} INFO - [2024-11-09T15:20:26.907+0300] {dagbag.py:588} INFO - Filling up the DagBag from /opt/airflow/dags/telegram-dag.py
[2024-11-09T15:20:26.940+0300] {processor.py:925} INFO - DAG(s) 'currency_rate_dag' retrieved from /opt/airflow/dags/telegram-dag.py
[2024-11-09T15:20:26.967+0300] {logging_mixin.py:190} INFO - [2024-11-09T15:20:26.967+0300] {dag.py:3239} INFO - Sync 1 DAGs
[2024-11-09T15:20:26.990+0300] {logging_mixin.py:190} INFO - [2024-11-09T15:20:26.990+0300] {dag.py:4180} INFO - Setting next_dagrun for currency_rate_dag to 2024-11-09 00:00:00+00:00, run_after=2024-11-09 12:00:00+00:00
[2024-11-09T15:20:27.010+0300] {processor.py:208} INFO - Processing /opt/airflow/dags/telegram-dag.py took 0.112 seconds
[2024-11-09T15:20:57.559+0300] {processor.py:186} INFO - Started process (PID=763) to work on /opt/airflow/dags/telegram-dag.py
[2024-11-09T15:20:57.560+0300] {processor.py:914} INFO - Processing file /opt/airflow/dags/telegram-dag.py for tasks to queue
[2024-11-09T15:20:57.562+0300] {logging_mixin.py:190} INFO - [2024-11-09T15:20:57.561+0300] {dagbag.py:588} INFO - Filling up the DagBag from /opt/airflow/dags/telegram-dag.py
[2024-11-09T15:20:57.596+0300] {processor.py:925} INFO - DAG(s) 'currency_rate_dag' retrieved from /opt/airflow/dags/telegram-dag.py
[2024-11-09T15:20:57.622+0300] {logging_mixin.py:190} INFO - [2024-11-09T15:20:57.621+0300] {dag.py:3239} INFO - Sync 1 DAGs
[2024-11-09T15:20:57.643+0300] {logging_mixin.py:190} INFO - [2024-11-09T15:20:57.643+0300] {dag.py:4180} INFO - Setting next_dagrun for currency_rate_dag to 2024-11-09 00:00:00+00:00, run_after=2024-11-09 12:00:00+00:00
[2024-11-09T15:20:57.660+0300] {processor.py:208} INFO - Processing /opt/airflow/dags/telegram-dag.py took 0.106 seconds
[2024-11-09T20:41:48.677+0300] {processor.py:186} INFO - Started process (PID=57) to work on /opt/airflow/dags/telegram-dag.py
[2024-11-09T20:41:48.679+0300] {processor.py:914} INFO - Processing file /opt/airflow/dags/telegram-dag.py for tasks to queue
[2024-11-09T20:41:48.684+0300] {logging_mixin.py:190} INFO - [2024-11-09T20:41:48.683+0300] {dagbag.py:588} INFO - Filling up the DagBag from /opt/airflow/dags/telegram-dag.py
[2024-11-09T20:41:48.733+0300] {processor.py:925} INFO - DAG(s) 'currency_rate_dag' retrieved from /opt/airflow/dags/telegram-dag.py
[2024-11-09T20:41:48.790+0300] {logging_mixin.py:190} INFO - [2024-11-09T20:41:48.790+0300] {dag.py:3239} INFO - Sync 1 DAGs
[2024-11-09T20:41:48.826+0300] {logging_mixin.py:190} INFO - [2024-11-09T20:41:48.826+0300] {dag.py:4180} INFO - Setting next_dagrun for currency_rate_dag to 2024-11-09 00:00:00+00:00, run_after=2024-11-09 12:00:00+00:00
[2024-11-09T20:41:48.857+0300] {processor.py:208} INFO - Processing /opt/airflow/dags/telegram-dag.py took 0.191 seconds
