[2024-11-05T20:42:15.194+0000] {local_task_job_runner.py:123} INFO - ::group::Pre task execution logs
[2024-11-05T20:42:15.213+0000] {taskinstance.py:2612} INFO - Dependencies all met for dep_context=non-requeueable deps ti=<TaskInstance: fraud_transaction_analysis2.insert_data manual__2024-11-05T20:42:00.420484+00:00 [queued]>
[2024-11-05T20:42:15.223+0000] {taskinstance.py:2612} INFO - Dependencies all met for dep_context=requeueable deps ti=<TaskInstance: fraud_transaction_analysis2.insert_data manual__2024-11-05T20:42:00.420484+00:00 [queued]>
[2024-11-05T20:42:15.224+0000] {taskinstance.py:2865} INFO - Starting attempt 1 of 1
[2024-11-05T20:42:15.236+0000] {taskinstance.py:2888} INFO - Executing <Task(PostgresOperator): insert_data> on 2024-11-05 20:42:00.420484+00:00
[2024-11-05T20:42:15.246+0000] {warnings.py:112} WARNING - /home/***/.local/lib/python3.12/site-packages/***/task/task_runner/standard_task_runner.py:70: DeprecationWarning: This process (pid=83) is multi-threaded, use of fork() may lead to deadlocks in the child.
  pid = os.fork()

[2024-11-05T20:42:15.248+0000] {standard_task_runner.py:72} INFO - Started process 85 to run task
[2024-11-05T20:42:15.250+0000] {standard_task_runner.py:104} INFO - Running: ['***', 'tasks', 'run', 'fraud_transaction_analysis2', 'insert_data', 'manual__2024-11-05T20:42:00.420484+00:00', '--job-id', '115', '--raw', '--subdir', 'DAGS_FOLDER/fraud_transaction_analysis2-dag.py', '--cfg-path', '/tmp/tmp99rh3_3l']
[2024-11-05T20:42:15.252+0000] {standard_task_runner.py:105} INFO - Job 115: Subtask insert_data
[2024-11-05T20:42:15.308+0000] {task_command.py:467} INFO - Running <TaskInstance: fraud_transaction_analysis2.insert_data manual__2024-11-05T20:42:00.420484+00:00 [running]> on host 21d07c241839
[2024-11-05T20:42:15.447+0000] {taskinstance.py:3131} INFO - Exporting env vars: AIRFLOW_CTX_DAG_OWNER='***' AIRFLOW_CTX_DAG_ID='fraud_transaction_analysis2' AIRFLOW_CTX_TASK_ID='insert_data' AIRFLOW_CTX_EXECUTION_DATE='2024-11-05T20:42:00.420484+00:00' AIRFLOW_CTX_TRY_NUMBER='1' AIRFLOW_CTX_DAG_RUN_ID='manual__2024-11-05T20:42:00.420484+00:00'
[2024-11-05T20:42:15.449+0000] {logging_mixin.py:190} INFO - Task instance is in running state
[2024-11-05T20:42:15.450+0000] {logging_mixin.py:190} INFO -  Previous state of the Task instance: queued
[2024-11-05T20:42:15.451+0000] {logging_mixin.py:190} INFO - Current task name:insert_data state:running start_date:2024-11-05 20:42:15.214644+00:00
[2024-11-05T20:42:15.451+0000] {logging_mixin.py:190} INFO - Dag name:fraud_transaction_analysis2 and current dag run status:running
[2024-11-05T20:42:15.452+0000] {taskinstance.py:731} INFO - ::endgroup::
[2024-11-05T20:42:15.453+0000] {sql.py:266} INFO - Executing: 
            INSERT INTO fraud_transactions (transaction_count, total_amount_usd, total_amount_btc, bitcoin_rate)
            VALUES (
                492,
                60127.97,
                0.8637952930094781,
                69609.0503
            );
        
[2024-11-05T20:42:15.464+0000] {base.py:84} INFO - Retrieving connection 'postgres_default'
[2024-11-05T20:42:15.476+0000] {base.py:84} INFO - Retrieving connection 'postgres_default'
[2024-11-05T20:42:15.487+0000] {sql.py:509} INFO - Running statement: 
            INSERT INTO fraud_transactions (transaction_count, total_amount_usd, total_amount_btc, bitcoin_rate)
            VALUES (
                492,
                60127.97,
                0.8637952930094781,
                69609.0503
            );
        , parameters: None
[2024-11-05T20:42:15.489+0000] {sql.py:518} INFO - Rows affected: 1
[2024-11-05T20:42:15.500+0000] {taskinstance.py:340} INFO - ::group::Post task execution logs
[2024-11-05T20:42:15.501+0000] {taskinstance.py:352} INFO - Marking task as SUCCESS. dag_id=fraud_transaction_analysis2, task_id=insert_data, run_id=manual__2024-11-05T20:42:00.420484+00:00, execution_date=20241105T204200, start_date=20241105T204215, end_date=20241105T204215
[2024-11-05T20:42:15.510+0000] {logging_mixin.py:190} INFO - Task instance in success state
[2024-11-05T20:42:15.510+0000] {logging_mixin.py:190} INFO -  Previous state of the Task instance: running
[2024-11-05T20:42:15.511+0000] {logging_mixin.py:190} INFO - Dag name:fraud_transaction_analysis2 queued_at:2024-11-05 20:42:00.451026+00:00
[2024-11-05T20:42:15.512+0000] {logging_mixin.py:190} INFO - Task hostname:21d07c241839 operator:PostgresOperator
[2024-11-05T20:42:15.548+0000] {local_task_job_runner.py:266} INFO - Task exited with return code 0
[2024-11-05T20:42:15.561+0000] {warnings.py:112} WARNING - /home/***/.local/lib/python3.12/site-packages/***/models/baseoperator.py:1378: AirflowProviderDeprecationWarning: Call to deprecated class PostgresOperator. (Please use `***.providers.common.sql.operators.sql.SQLExecuteQueryOperator`.Also, you can provide `hook_params={'schema': <database>}`.)
  result = cls.__new__(cls)

[2024-11-05T20:42:15.574+0000] {taskinstance.py:3900} INFO - 1 downstream tasks scheduled from follow-on schedule check
[2024-11-05T20:42:15.577+0000] {local_task_job_runner.py:245} INFO - ::endgroup::
