[2024-11-06T17:54:28.118+0300] {processor.py:186} INFO - Started process (PID=71) to work on /home/airflow/.local/lib/python3.12/site-packages/airflow/example_dags/example_nested_branch_dag.py
[2024-11-06T17:54:28.119+0300] {processor.py:914} INFO - Processing file /home/airflow/.local/lib/python3.12/site-packages/airflow/example_dags/example_nested_branch_dag.py for tasks to queue
[2024-11-06T17:54:28.127+0300] {logging_mixin.py:190} INFO - [2024-11-06T17:54:28.127+0300] {dagbag.py:588} INFO - Filling up the DagBag from /home/airflow/.local/lib/python3.12/site-packages/airflow/example_dags/example_nested_branch_dag.py
[2024-11-06T17:54:28.146+0300] {processor.py:925} INFO - DAG(s) 'example_nested_branch_dag' retrieved from /home/airflow/.local/lib/python3.12/site-packages/airflow/example_dags/example_nested_branch_dag.py
[2024-11-06T17:54:28.185+0300] {logging_mixin.py:190} INFO - [2024-11-06T17:54:28.184+0300] {dag.py:3239} INFO - Sync 1 DAGs
[2024-11-06T17:54:28.216+0300] {logging_mixin.py:190} INFO - [2024-11-06T17:54:28.216+0300] {dag.py:4180} INFO - Setting next_dagrun for example_nested_branch_dag to 2024-11-05 00:00:00+00:00, run_after=2024-11-06 00:00:00+00:00
[2024-11-06T17:54:28.241+0300] {processor.py:208} INFO - Processing /home/airflow/.local/lib/python3.12/site-packages/airflow/example_dags/example_nested_branch_dag.py took 0.131 seconds
[2024-11-06T17:54:58.369+0300] {processor.py:186} INFO - Started process (PID=160) to work on /home/airflow/.local/lib/python3.12/site-packages/airflow/example_dags/example_nested_branch_dag.py
[2024-11-06T17:54:58.371+0300] {processor.py:914} INFO - Processing file /home/airflow/.local/lib/python3.12/site-packages/airflow/example_dags/example_nested_branch_dag.py for tasks to queue
[2024-11-06T17:54:58.374+0300] {logging_mixin.py:190} INFO - [2024-11-06T17:54:58.373+0300] {dagbag.py:588} INFO - Filling up the DagBag from /home/airflow/.local/lib/python3.12/site-packages/airflow/example_dags/example_nested_branch_dag.py
[2024-11-06T17:54:58.389+0300] {processor.py:925} INFO - DAG(s) 'example_nested_branch_dag' retrieved from /home/airflow/.local/lib/python3.12/site-packages/airflow/example_dags/example_nested_branch_dag.py
[2024-11-06T17:54:58.413+0300] {logging_mixin.py:190} INFO - [2024-11-06T17:54:58.413+0300] {dag.py:3239} INFO - Sync 1 DAGs
[2024-11-06T17:54:58.441+0300] {logging_mixin.py:190} INFO - [2024-11-06T17:54:58.441+0300] {dag.py:4180} INFO - Setting next_dagrun for example_nested_branch_dag to 2024-11-05 00:00:00+00:00, run_after=2024-11-06 00:00:00+00:00
[2024-11-06T17:54:58.470+0300] {processor.py:208} INFO - Processing /home/airflow/.local/lib/python3.12/site-packages/airflow/example_dags/example_nested_branch_dag.py took 0.106 seconds
[2024-11-06T17:55:28.634+0300] {processor.py:186} INFO - Started process (PID=233) to work on /home/airflow/.local/lib/python3.12/site-packages/airflow/example_dags/example_nested_branch_dag.py
[2024-11-06T17:55:28.635+0300] {processor.py:914} INFO - Processing file /home/airflow/.local/lib/python3.12/site-packages/airflow/example_dags/example_nested_branch_dag.py for tasks to queue
[2024-11-06T17:55:28.638+0300] {logging_mixin.py:190} INFO - [2024-11-06T17:55:28.638+0300] {dagbag.py:588} INFO - Filling up the DagBag from /home/airflow/.local/lib/python3.12/site-packages/airflow/example_dags/example_nested_branch_dag.py
[2024-11-06T17:55:28.649+0300] {processor.py:925} INFO - DAG(s) 'example_nested_branch_dag' retrieved from /home/airflow/.local/lib/python3.12/site-packages/airflow/example_dags/example_nested_branch_dag.py
[2024-11-06T17:55:28.669+0300] {logging_mixin.py:190} INFO - [2024-11-06T17:55:28.669+0300] {dag.py:3239} INFO - Sync 1 DAGs
[2024-11-06T17:55:28.691+0300] {logging_mixin.py:190} INFO - [2024-11-06T17:55:28.691+0300] {dag.py:4180} INFO - Setting next_dagrun for example_nested_branch_dag to 2024-11-05 00:00:00+00:00, run_after=2024-11-06 00:00:00+00:00
[2024-11-06T17:55:28.712+0300] {processor.py:208} INFO - Processing /home/airflow/.local/lib/python3.12/site-packages/airflow/example_dags/example_nested_branch_dag.py took 0.085 seconds
[2024-11-06T17:55:59.520+0300] {processor.py:186} INFO - Started process (PID=302) to work on /home/airflow/.local/lib/python3.12/site-packages/airflow/example_dags/example_nested_branch_dag.py
[2024-11-06T17:55:59.522+0300] {processor.py:914} INFO - Processing file /home/airflow/.local/lib/python3.12/site-packages/airflow/example_dags/example_nested_branch_dag.py for tasks to queue
[2024-11-06T17:55:59.524+0300] {logging_mixin.py:190} INFO - [2024-11-06T17:55:59.524+0300] {dagbag.py:588} INFO - Filling up the DagBag from /home/airflow/.local/lib/python3.12/site-packages/airflow/example_dags/example_nested_branch_dag.py
[2024-11-06T17:55:59.533+0300] {processor.py:925} INFO - DAG(s) 'example_nested_branch_dag' retrieved from /home/airflow/.local/lib/python3.12/site-packages/airflow/example_dags/example_nested_branch_dag.py
[2024-11-06T17:55:59.552+0300] {logging_mixin.py:190} INFO - [2024-11-06T17:55:59.552+0300] {dag.py:3239} INFO - Sync 1 DAGs
[2024-11-06T17:55:59.571+0300] {logging_mixin.py:190} INFO - [2024-11-06T17:55:59.571+0300] {dag.py:4180} INFO - Setting next_dagrun for example_nested_branch_dag to 2024-11-05 00:00:00+00:00, run_after=2024-11-06 00:00:00+00:00
[2024-11-06T17:55:59.588+0300] {processor.py:208} INFO - Processing /home/airflow/.local/lib/python3.12/site-packages/airflow/example_dags/example_nested_branch_dag.py took 0.073 seconds
[2024-11-06T17:56:30.518+0300] {processor.py:186} INFO - Started process (PID=377) to work on /home/airflow/.local/lib/python3.12/site-packages/airflow/example_dags/example_nested_branch_dag.py
[2024-11-06T17:56:30.519+0300] {processor.py:914} INFO - Processing file /home/airflow/.local/lib/python3.12/site-packages/airflow/example_dags/example_nested_branch_dag.py for tasks to queue
[2024-11-06T17:56:30.521+0300] {logging_mixin.py:190} INFO - [2024-11-06T17:56:30.521+0300] {dagbag.py:588} INFO - Filling up the DagBag from /home/airflow/.local/lib/python3.12/site-packages/airflow/example_dags/example_nested_branch_dag.py
[2024-11-06T17:56:30.533+0300] {processor.py:925} INFO - DAG(s) 'example_nested_branch_dag' retrieved from /home/airflow/.local/lib/python3.12/site-packages/airflow/example_dags/example_nested_branch_dag.py
[2024-11-06T17:56:30.552+0300] {logging_mixin.py:190} INFO - [2024-11-06T17:56:30.552+0300] {dag.py:3239} INFO - Sync 1 DAGs
[2024-11-06T17:56:30.577+0300] {logging_mixin.py:190} INFO - [2024-11-06T17:56:30.577+0300] {dag.py:4180} INFO - Setting next_dagrun for example_nested_branch_dag to 2024-11-05 00:00:00+00:00, run_after=2024-11-06 00:00:00+00:00
[2024-11-06T17:56:30.595+0300] {processor.py:208} INFO - Processing /home/airflow/.local/lib/python3.12/site-packages/airflow/example_dags/example_nested_branch_dag.py took 0.082 seconds
[2024-11-06T17:57:01.132+0300] {processor.py:186} INFO - Started process (PID=446) to work on /home/airflow/.local/lib/python3.12/site-packages/airflow/example_dags/example_nested_branch_dag.py
[2024-11-06T17:57:01.133+0300] {processor.py:914} INFO - Processing file /home/airflow/.local/lib/python3.12/site-packages/airflow/example_dags/example_nested_branch_dag.py for tasks to queue
[2024-11-06T17:57:01.135+0300] {logging_mixin.py:190} INFO - [2024-11-06T17:57:01.135+0300] {dagbag.py:588} INFO - Filling up the DagBag from /home/airflow/.local/lib/python3.12/site-packages/airflow/example_dags/example_nested_branch_dag.py
[2024-11-06T17:57:01.145+0300] {processor.py:925} INFO - DAG(s) 'example_nested_branch_dag' retrieved from /home/airflow/.local/lib/python3.12/site-packages/airflow/example_dags/example_nested_branch_dag.py
[2024-11-06T17:57:01.166+0300] {logging_mixin.py:190} INFO - [2024-11-06T17:57:01.166+0300] {dag.py:3239} INFO - Sync 1 DAGs
[2024-11-06T17:57:01.189+0300] {logging_mixin.py:190} INFO - [2024-11-06T17:57:01.189+0300] {dag.py:4180} INFO - Setting next_dagrun for example_nested_branch_dag to 2024-11-05 00:00:00+00:00, run_after=2024-11-06 00:00:00+00:00
[2024-11-06T17:57:01.210+0300] {processor.py:208} INFO - Processing /home/airflow/.local/lib/python3.12/site-packages/airflow/example_dags/example_nested_branch_dag.py took 0.083 seconds
[2024-11-06T17:57:32.386+0300] {processor.py:186} INFO - Started process (PID=517) to work on /home/airflow/.local/lib/python3.12/site-packages/airflow/example_dags/example_nested_branch_dag.py
[2024-11-06T17:57:32.387+0300] {processor.py:914} INFO - Processing file /home/airflow/.local/lib/python3.12/site-packages/airflow/example_dags/example_nested_branch_dag.py for tasks to queue
[2024-11-06T17:57:32.389+0300] {logging_mixin.py:190} INFO - [2024-11-06T17:57:32.389+0300] {dagbag.py:588} INFO - Filling up the DagBag from /home/airflow/.local/lib/python3.12/site-packages/airflow/example_dags/example_nested_branch_dag.py
[2024-11-06T17:57:32.400+0300] {processor.py:925} INFO - DAG(s) 'example_nested_branch_dag' retrieved from /home/airflow/.local/lib/python3.12/site-packages/airflow/example_dags/example_nested_branch_dag.py
[2024-11-06T17:57:32.420+0300] {logging_mixin.py:190} INFO - [2024-11-06T17:57:32.420+0300] {dag.py:3239} INFO - Sync 1 DAGs
[2024-11-06T17:57:32.440+0300] {logging_mixin.py:190} INFO - [2024-11-06T17:57:32.440+0300] {dag.py:4180} INFO - Setting next_dagrun for example_nested_branch_dag to 2024-11-05 00:00:00+00:00, run_after=2024-11-06 00:00:00+00:00
[2024-11-06T17:57:32.458+0300] {processor.py:208} INFO - Processing /home/airflow/.local/lib/python3.12/site-packages/airflow/example_dags/example_nested_branch_dag.py took 0.078 seconds
[2024-11-06T17:58:02.869+0300] {processor.py:186} INFO - Started process (PID=586) to work on /home/airflow/.local/lib/python3.12/site-packages/airflow/example_dags/example_nested_branch_dag.py
[2024-11-06T17:58:02.870+0300] {processor.py:914} INFO - Processing file /home/airflow/.local/lib/python3.12/site-packages/airflow/example_dags/example_nested_branch_dag.py for tasks to queue
[2024-11-06T17:58:02.872+0300] {logging_mixin.py:190} INFO - [2024-11-06T17:58:02.872+0300] {dagbag.py:588} INFO - Filling up the DagBag from /home/airflow/.local/lib/python3.12/site-packages/airflow/example_dags/example_nested_branch_dag.py
[2024-11-06T17:58:02.883+0300] {processor.py:925} INFO - DAG(s) 'example_nested_branch_dag' retrieved from /home/airflow/.local/lib/python3.12/site-packages/airflow/example_dags/example_nested_branch_dag.py
[2024-11-06T17:58:02.901+0300] {logging_mixin.py:190} INFO - [2024-11-06T17:58:02.901+0300] {dag.py:3239} INFO - Sync 1 DAGs
[2024-11-06T17:58:02.921+0300] {logging_mixin.py:190} INFO - [2024-11-06T17:58:02.921+0300] {dag.py:4180} INFO - Setting next_dagrun for example_nested_branch_dag to 2024-11-05 00:00:00+00:00, run_after=2024-11-06 00:00:00+00:00
[2024-11-06T17:58:02.937+0300] {processor.py:208} INFO - Processing /home/airflow/.local/lib/python3.12/site-packages/airflow/example_dags/example_nested_branch_dag.py took 0.073 seconds
[2024-11-06T17:58:33.708+0300] {processor.py:186} INFO - Started process (PID=655) to work on /home/airflow/.local/lib/python3.12/site-packages/airflow/example_dags/example_nested_branch_dag.py
[2024-11-06T17:58:33.709+0300] {processor.py:914} INFO - Processing file /home/airflow/.local/lib/python3.12/site-packages/airflow/example_dags/example_nested_branch_dag.py for tasks to queue
[2024-11-06T17:58:33.717+0300] {logging_mixin.py:190} INFO - [2024-11-06T17:58:33.715+0300] {dagbag.py:588} INFO - Filling up the DagBag from /home/airflow/.local/lib/python3.12/site-packages/airflow/example_dags/example_nested_branch_dag.py
[2024-11-06T17:58:33.737+0300] {processor.py:925} INFO - DAG(s) 'example_nested_branch_dag' retrieved from /home/airflow/.local/lib/python3.12/site-packages/airflow/example_dags/example_nested_branch_dag.py
[2024-11-06T17:58:33.770+0300] {logging_mixin.py:190} INFO - [2024-11-06T17:58:33.770+0300] {dag.py:3239} INFO - Sync 1 DAGs
[2024-11-06T17:58:33.812+0300] {logging_mixin.py:190} INFO - [2024-11-06T17:58:33.811+0300] {dag.py:4180} INFO - Setting next_dagrun for example_nested_branch_dag to 2024-11-05 00:00:00+00:00, run_after=2024-11-06 00:00:00+00:00
[2024-11-06T17:58:33.840+0300] {processor.py:208} INFO - Processing /home/airflow/.local/lib/python3.12/site-packages/airflow/example_dags/example_nested_branch_dag.py took 0.145 seconds
[2024-11-06T17:59:04.635+0300] {processor.py:186} INFO - Started process (PID=724) to work on /home/airflow/.local/lib/python3.12/site-packages/airflow/example_dags/example_nested_branch_dag.py
[2024-11-06T17:59:04.637+0300] {processor.py:914} INFO - Processing file /home/airflow/.local/lib/python3.12/site-packages/airflow/example_dags/example_nested_branch_dag.py for tasks to queue
[2024-11-06T17:59:04.643+0300] {logging_mixin.py:190} INFO - [2024-11-06T17:59:04.643+0300] {dagbag.py:588} INFO - Filling up the DagBag from /home/airflow/.local/lib/python3.12/site-packages/airflow/example_dags/example_nested_branch_dag.py
[2024-11-06T17:59:04.677+0300] {processor.py:925} INFO - DAG(s) 'example_nested_branch_dag' retrieved from /home/airflow/.local/lib/python3.12/site-packages/airflow/example_dags/example_nested_branch_dag.py
[2024-11-06T17:59:04.708+0300] {logging_mixin.py:190} INFO - [2024-11-06T17:59:04.708+0300] {dag.py:3239} INFO - Sync 1 DAGs
[2024-11-06T17:59:04.734+0300] {logging_mixin.py:190} INFO - [2024-11-06T17:59:04.734+0300] {dag.py:4180} INFO - Setting next_dagrun for example_nested_branch_dag to 2024-11-05 00:00:00+00:00, run_after=2024-11-06 00:00:00+00:00
[2024-11-06T17:59:04.761+0300] {processor.py:208} INFO - Processing /home/airflow/.local/lib/python3.12/site-packages/airflow/example_dags/example_nested_branch_dag.py took 0.140 seconds
[2024-11-06T17:59:35.157+0300] {processor.py:186} INFO - Started process (PID=793) to work on /home/airflow/.local/lib/python3.12/site-packages/airflow/example_dags/example_nested_branch_dag.py
[2024-11-06T17:59:35.159+0300] {processor.py:914} INFO - Processing file /home/airflow/.local/lib/python3.12/site-packages/airflow/example_dags/example_nested_branch_dag.py for tasks to queue
[2024-11-06T17:59:35.162+0300] {logging_mixin.py:190} INFO - [2024-11-06T17:59:35.162+0300] {dagbag.py:588} INFO - Filling up the DagBag from /home/airflow/.local/lib/python3.12/site-packages/airflow/example_dags/example_nested_branch_dag.py
[2024-11-06T17:59:35.175+0300] {processor.py:925} INFO - DAG(s) 'example_nested_branch_dag' retrieved from /home/airflow/.local/lib/python3.12/site-packages/airflow/example_dags/example_nested_branch_dag.py
[2024-11-06T17:59:35.202+0300] {logging_mixin.py:190} INFO - [2024-11-06T17:59:35.202+0300] {dag.py:3239} INFO - Sync 1 DAGs
[2024-11-06T17:59:35.239+0300] {logging_mixin.py:190} INFO - [2024-11-06T17:59:35.238+0300] {dag.py:4180} INFO - Setting next_dagrun for example_nested_branch_dag to 2024-11-05 00:00:00+00:00, run_after=2024-11-06 00:00:00+00:00
[2024-11-06T17:59:35.262+0300] {processor.py:208} INFO - Processing /home/airflow/.local/lib/python3.12/site-packages/airflow/example_dags/example_nested_branch_dag.py took 0.112 seconds
[2024-11-06T18:00:06.066+0300] {processor.py:186} INFO - Started process (PID=863) to work on /home/airflow/.local/lib/python3.12/site-packages/airflow/example_dags/example_nested_branch_dag.py
[2024-11-06T18:00:06.070+0300] {processor.py:914} INFO - Processing file /home/airflow/.local/lib/python3.12/site-packages/airflow/example_dags/example_nested_branch_dag.py for tasks to queue
[2024-11-06T18:00:06.075+0300] {logging_mixin.py:190} INFO - [2024-11-06T18:00:06.074+0300] {dagbag.py:588} INFO - Filling up the DagBag from /home/airflow/.local/lib/python3.12/site-packages/airflow/example_dags/example_nested_branch_dag.py
[2024-11-06T18:00:06.088+0300] {processor.py:925} INFO - DAG(s) 'example_nested_branch_dag' retrieved from /home/airflow/.local/lib/python3.12/site-packages/airflow/example_dags/example_nested_branch_dag.py
[2024-11-06T18:00:06.110+0300] {logging_mixin.py:190} INFO - [2024-11-06T18:00:06.110+0300] {dag.py:3239} INFO - Sync 1 DAGs
[2024-11-06T18:00:06.128+0300] {logging_mixin.py:190} INFO - [2024-11-06T18:00:06.127+0300] {dag.py:4180} INFO - Setting next_dagrun for example_nested_branch_dag to 2024-11-05 00:00:00+00:00, run_after=2024-11-06 00:00:00+00:00
[2024-11-06T18:00:06.156+0300] {processor.py:208} INFO - Processing /home/airflow/.local/lib/python3.12/site-packages/airflow/example_dags/example_nested_branch_dag.py took 0.115 seconds
[2024-11-06T18:00:36.212+0300] {processor.py:186} INFO - Started process (PID=931) to work on /home/airflow/.local/lib/python3.12/site-packages/airflow/example_dags/example_nested_branch_dag.py
[2024-11-06T18:00:36.213+0300] {processor.py:914} INFO - Processing file /home/airflow/.local/lib/python3.12/site-packages/airflow/example_dags/example_nested_branch_dag.py for tasks to queue
[2024-11-06T18:00:36.216+0300] {logging_mixin.py:190} INFO - [2024-11-06T18:00:36.216+0300] {dagbag.py:588} INFO - Filling up the DagBag from /home/airflow/.local/lib/python3.12/site-packages/airflow/example_dags/example_nested_branch_dag.py
[2024-11-06T18:00:36.225+0300] {processor.py:925} INFO - DAG(s) 'example_nested_branch_dag' retrieved from /home/airflow/.local/lib/python3.12/site-packages/airflow/example_dags/example_nested_branch_dag.py
[2024-11-06T18:00:36.245+0300] {logging_mixin.py:190} INFO - [2024-11-06T18:00:36.244+0300] {dag.py:3239} INFO - Sync 1 DAGs
[2024-11-06T18:00:36.265+0300] {logging_mixin.py:190} INFO - [2024-11-06T18:00:36.265+0300] {dag.py:4180} INFO - Setting next_dagrun for example_nested_branch_dag to 2024-11-05 00:00:00+00:00, run_after=2024-11-06 00:00:00+00:00
[2024-11-06T18:00:36.284+0300] {processor.py:208} INFO - Processing /home/airflow/.local/lib/python3.12/site-packages/airflow/example_dags/example_nested_branch_dag.py took 0.076 seconds
[2024-11-06T18:01:06.823+0300] {processor.py:186} INFO - Started process (PID=1000) to work on /home/airflow/.local/lib/python3.12/site-packages/airflow/example_dags/example_nested_branch_dag.py
[2024-11-06T18:01:06.825+0300] {processor.py:914} INFO - Processing file /home/airflow/.local/lib/python3.12/site-packages/airflow/example_dags/example_nested_branch_dag.py for tasks to queue
[2024-11-06T18:01:06.828+0300] {logging_mixin.py:190} INFO - [2024-11-06T18:01:06.828+0300] {dagbag.py:588} INFO - Filling up the DagBag from /home/airflow/.local/lib/python3.12/site-packages/airflow/example_dags/example_nested_branch_dag.py
[2024-11-06T18:01:06.838+0300] {processor.py:925} INFO - DAG(s) 'example_nested_branch_dag' retrieved from /home/airflow/.local/lib/python3.12/site-packages/airflow/example_dags/example_nested_branch_dag.py
[2024-11-06T18:01:06.859+0300] {logging_mixin.py:190} INFO - [2024-11-06T18:01:06.859+0300] {dag.py:3239} INFO - Sync 1 DAGs
[2024-11-06T18:01:06.880+0300] {logging_mixin.py:190} INFO - [2024-11-06T18:01:06.880+0300] {dag.py:4180} INFO - Setting next_dagrun for example_nested_branch_dag to 2024-11-05 00:00:00+00:00, run_after=2024-11-06 00:00:00+00:00
[2024-11-06T18:01:06.912+0300] {processor.py:208} INFO - Processing /home/airflow/.local/lib/python3.12/site-packages/airflow/example_dags/example_nested_branch_dag.py took 0.094 seconds
[2024-11-06T18:01:37.335+0300] {processor.py:186} INFO - Started process (PID=1069) to work on /home/airflow/.local/lib/python3.12/site-packages/airflow/example_dags/example_nested_branch_dag.py
[2024-11-06T18:01:37.336+0300] {processor.py:914} INFO - Processing file /home/airflow/.local/lib/python3.12/site-packages/airflow/example_dags/example_nested_branch_dag.py for tasks to queue
[2024-11-06T18:01:37.338+0300] {logging_mixin.py:190} INFO - [2024-11-06T18:01:37.338+0300] {dagbag.py:588} INFO - Filling up the DagBag from /home/airflow/.local/lib/python3.12/site-packages/airflow/example_dags/example_nested_branch_dag.py
[2024-11-06T18:01:37.348+0300] {processor.py:925} INFO - DAG(s) 'example_nested_branch_dag' retrieved from /home/airflow/.local/lib/python3.12/site-packages/airflow/example_dags/example_nested_branch_dag.py
[2024-11-06T18:01:37.369+0300] {logging_mixin.py:190} INFO - [2024-11-06T18:01:37.368+0300] {dag.py:3239} INFO - Sync 1 DAGs
[2024-11-06T18:01:37.389+0300] {logging_mixin.py:190} INFO - [2024-11-06T18:01:37.389+0300] {dag.py:4180} INFO - Setting next_dagrun for example_nested_branch_dag to 2024-11-05 00:00:00+00:00, run_after=2024-11-06 00:00:00+00:00
[2024-11-06T18:01:37.420+0300] {processor.py:208} INFO - Processing /home/airflow/.local/lib/python3.12/site-packages/airflow/example_dags/example_nested_branch_dag.py took 0.090 seconds
[2024-11-06T18:02:07.936+0300] {processor.py:186} INFO - Started process (PID=1138) to work on /home/airflow/.local/lib/python3.12/site-packages/airflow/example_dags/example_nested_branch_dag.py
[2024-11-06T18:02:07.937+0300] {processor.py:914} INFO - Processing file /home/airflow/.local/lib/python3.12/site-packages/airflow/example_dags/example_nested_branch_dag.py for tasks to queue
[2024-11-06T18:02:07.940+0300] {logging_mixin.py:190} INFO - [2024-11-06T18:02:07.939+0300] {dagbag.py:588} INFO - Filling up the DagBag from /home/airflow/.local/lib/python3.12/site-packages/airflow/example_dags/example_nested_branch_dag.py
[2024-11-06T18:02:07.950+0300] {processor.py:925} INFO - DAG(s) 'example_nested_branch_dag' retrieved from /home/airflow/.local/lib/python3.12/site-packages/airflow/example_dags/example_nested_branch_dag.py
[2024-11-06T18:02:07.973+0300] {logging_mixin.py:190} INFO - [2024-11-06T18:02:07.972+0300] {dag.py:3239} INFO - Sync 1 DAGs
[2024-11-06T18:02:07.995+0300] {logging_mixin.py:190} INFO - [2024-11-06T18:02:07.995+0300] {dag.py:4180} INFO - Setting next_dagrun for example_nested_branch_dag to 2024-11-05 00:00:00+00:00, run_after=2024-11-06 00:00:00+00:00
[2024-11-06T18:02:08.025+0300] {processor.py:208} INFO - Processing /home/airflow/.local/lib/python3.12/site-packages/airflow/example_dags/example_nested_branch_dag.py took 0.093 seconds
[2024-11-06T18:02:39.006+0300] {processor.py:186} INFO - Started process (PID=1207) to work on /home/airflow/.local/lib/python3.12/site-packages/airflow/example_dags/example_nested_branch_dag.py
[2024-11-06T18:02:39.007+0300] {processor.py:914} INFO - Processing file /home/airflow/.local/lib/python3.12/site-packages/airflow/example_dags/example_nested_branch_dag.py for tasks to queue
[2024-11-06T18:02:39.010+0300] {logging_mixin.py:190} INFO - [2024-11-06T18:02:39.009+0300] {dagbag.py:588} INFO - Filling up the DagBag from /home/airflow/.local/lib/python3.12/site-packages/airflow/example_dags/example_nested_branch_dag.py
[2024-11-06T18:02:39.027+0300] {processor.py:925} INFO - DAG(s) 'example_nested_branch_dag' retrieved from /home/airflow/.local/lib/python3.12/site-packages/airflow/example_dags/example_nested_branch_dag.py
[2024-11-06T18:02:39.057+0300] {logging_mixin.py:190} INFO - [2024-11-06T18:02:39.057+0300] {dag.py:3239} INFO - Sync 1 DAGs
[2024-11-06T18:02:39.094+0300] {logging_mixin.py:190} INFO - [2024-11-06T18:02:39.094+0300] {dag.py:4180} INFO - Setting next_dagrun for example_nested_branch_dag to 2024-11-05 00:00:00+00:00, run_after=2024-11-06 00:00:00+00:00
[2024-11-06T18:02:39.121+0300] {processor.py:208} INFO - Processing /home/airflow/.local/lib/python3.12/site-packages/airflow/example_dags/example_nested_branch_dag.py took 0.123 seconds
[2024-11-06T18:03:09.597+0300] {processor.py:186} INFO - Started process (PID=1276) to work on /home/airflow/.local/lib/python3.12/site-packages/airflow/example_dags/example_nested_branch_dag.py
[2024-11-06T18:03:09.599+0300] {processor.py:914} INFO - Processing file /home/airflow/.local/lib/python3.12/site-packages/airflow/example_dags/example_nested_branch_dag.py for tasks to queue
[2024-11-06T18:03:09.601+0300] {logging_mixin.py:190} INFO - [2024-11-06T18:03:09.601+0300] {dagbag.py:588} INFO - Filling up the DagBag from /home/airflow/.local/lib/python3.12/site-packages/airflow/example_dags/example_nested_branch_dag.py
[2024-11-06T18:03:09.611+0300] {processor.py:925} INFO - DAG(s) 'example_nested_branch_dag' retrieved from /home/airflow/.local/lib/python3.12/site-packages/airflow/example_dags/example_nested_branch_dag.py
[2024-11-06T18:03:09.635+0300] {logging_mixin.py:190} INFO - [2024-11-06T18:03:09.634+0300] {dag.py:3239} INFO - Sync 1 DAGs
[2024-11-06T18:03:09.663+0300] {logging_mixin.py:190} INFO - [2024-11-06T18:03:09.663+0300] {dag.py:4180} INFO - Setting next_dagrun for example_nested_branch_dag to 2024-11-05 00:00:00+00:00, run_after=2024-11-06 00:00:00+00:00
[2024-11-06T18:03:09.685+0300] {processor.py:208} INFO - Processing /home/airflow/.local/lib/python3.12/site-packages/airflow/example_dags/example_nested_branch_dag.py took 0.094 seconds
[2024-11-06T18:03:40.017+0300] {processor.py:186} INFO - Started process (PID=1344) to work on /home/airflow/.local/lib/python3.12/site-packages/airflow/example_dags/example_nested_branch_dag.py
[2024-11-06T18:03:40.018+0300] {processor.py:914} INFO - Processing file /home/airflow/.local/lib/python3.12/site-packages/airflow/example_dags/example_nested_branch_dag.py for tasks to queue
[2024-11-06T18:03:40.021+0300] {logging_mixin.py:190} INFO - [2024-11-06T18:03:40.020+0300] {dagbag.py:588} INFO - Filling up the DagBag from /home/airflow/.local/lib/python3.12/site-packages/airflow/example_dags/example_nested_branch_dag.py
[2024-11-06T18:03:40.032+0300] {processor.py:925} INFO - DAG(s) 'example_nested_branch_dag' retrieved from /home/airflow/.local/lib/python3.12/site-packages/airflow/example_dags/example_nested_branch_dag.py
[2024-11-06T18:03:40.053+0300] {logging_mixin.py:190} INFO - [2024-11-06T18:03:40.052+0300] {dag.py:3239} INFO - Sync 1 DAGs
[2024-11-06T18:03:40.078+0300] {logging_mixin.py:190} INFO - [2024-11-06T18:03:40.077+0300] {dag.py:4180} INFO - Setting next_dagrun for example_nested_branch_dag to 2024-11-05 00:00:00+00:00, run_after=2024-11-06 00:00:00+00:00
[2024-11-06T18:03:40.100+0300] {processor.py:208} INFO - Processing /home/airflow/.local/lib/python3.12/site-packages/airflow/example_dags/example_nested_branch_dag.py took 0.088 seconds
[2024-11-06T18:04:11.162+0300] {processor.py:186} INFO - Started process (PID=1413) to work on /home/airflow/.local/lib/python3.12/site-packages/airflow/example_dags/example_nested_branch_dag.py
[2024-11-06T18:04:11.163+0300] {processor.py:914} INFO - Processing file /home/airflow/.local/lib/python3.12/site-packages/airflow/example_dags/example_nested_branch_dag.py for tasks to queue
[2024-11-06T18:04:11.165+0300] {logging_mixin.py:190} INFO - [2024-11-06T18:04:11.165+0300] {dagbag.py:588} INFO - Filling up the DagBag from /home/airflow/.local/lib/python3.12/site-packages/airflow/example_dags/example_nested_branch_dag.py
[2024-11-06T18:04:11.174+0300] {processor.py:925} INFO - DAG(s) 'example_nested_branch_dag' retrieved from /home/airflow/.local/lib/python3.12/site-packages/airflow/example_dags/example_nested_branch_dag.py
[2024-11-06T18:04:11.192+0300] {logging_mixin.py:190} INFO - [2024-11-06T18:04:11.192+0300] {dag.py:3239} INFO - Sync 1 DAGs
[2024-11-06T18:04:11.211+0300] {logging_mixin.py:190} INFO - [2024-11-06T18:04:11.211+0300] {dag.py:4180} INFO - Setting next_dagrun for example_nested_branch_dag to 2024-11-05 00:00:00+00:00, run_after=2024-11-06 00:00:00+00:00
[2024-11-06T18:04:11.230+0300] {processor.py:208} INFO - Processing /home/airflow/.local/lib/python3.12/site-packages/airflow/example_dags/example_nested_branch_dag.py took 0.073 seconds
[2024-11-06T18:04:42.122+0300] {processor.py:186} INFO - Started process (PID=1482) to work on /home/airflow/.local/lib/python3.12/site-packages/airflow/example_dags/example_nested_branch_dag.py
[2024-11-06T18:04:42.123+0300] {processor.py:914} INFO - Processing file /home/airflow/.local/lib/python3.12/site-packages/airflow/example_dags/example_nested_branch_dag.py for tasks to queue
[2024-11-06T18:04:42.127+0300] {logging_mixin.py:190} INFO - [2024-11-06T18:04:42.126+0300] {dagbag.py:588} INFO - Filling up the DagBag from /home/airflow/.local/lib/python3.12/site-packages/airflow/example_dags/example_nested_branch_dag.py
[2024-11-06T18:04:42.138+0300] {processor.py:925} INFO - DAG(s) 'example_nested_branch_dag' retrieved from /home/airflow/.local/lib/python3.12/site-packages/airflow/example_dags/example_nested_branch_dag.py
[2024-11-06T18:04:42.163+0300] {logging_mixin.py:190} INFO - [2024-11-06T18:04:42.163+0300] {dag.py:3239} INFO - Sync 1 DAGs
[2024-11-06T18:04:42.194+0300] {logging_mixin.py:190} INFO - [2024-11-06T18:04:42.194+0300] {dag.py:4180} INFO - Setting next_dagrun for example_nested_branch_dag to 2024-11-05 00:00:00+00:00, run_after=2024-11-06 00:00:00+00:00
[2024-11-06T18:04:42.218+0300] {processor.py:208} INFO - Processing /home/airflow/.local/lib/python3.12/site-packages/airflow/example_dags/example_nested_branch_dag.py took 0.102 seconds
[2024-11-06T18:05:12.938+0300] {processor.py:186} INFO - Started process (PID=1551) to work on /home/airflow/.local/lib/python3.12/site-packages/airflow/example_dags/example_nested_branch_dag.py
[2024-11-06T18:05:12.940+0300] {processor.py:914} INFO - Processing file /home/airflow/.local/lib/python3.12/site-packages/airflow/example_dags/example_nested_branch_dag.py for tasks to queue
[2024-11-06T18:05:12.942+0300] {logging_mixin.py:190} INFO - [2024-11-06T18:05:12.942+0300] {dagbag.py:588} INFO - Filling up the DagBag from /home/airflow/.local/lib/python3.12/site-packages/airflow/example_dags/example_nested_branch_dag.py
[2024-11-06T18:05:12.956+0300] {processor.py:925} INFO - DAG(s) 'example_nested_branch_dag' retrieved from /home/airflow/.local/lib/python3.12/site-packages/airflow/example_dags/example_nested_branch_dag.py
[2024-11-06T18:05:12.973+0300] {logging_mixin.py:190} INFO - [2024-11-06T18:05:12.973+0300] {dag.py:3239} INFO - Sync 1 DAGs
[2024-11-06T18:05:12.994+0300] {logging_mixin.py:190} INFO - [2024-11-06T18:05:12.994+0300] {dag.py:4180} INFO - Setting next_dagrun for example_nested_branch_dag to 2024-11-05 00:00:00+00:00, run_after=2024-11-06 00:00:00+00:00
[2024-11-06T18:05:13.009+0300] {processor.py:208} INFO - Processing /home/airflow/.local/lib/python3.12/site-packages/airflow/example_dags/example_nested_branch_dag.py took 0.075 seconds
[2024-11-06T18:05:43.447+0300] {processor.py:186} INFO - Started process (PID=1620) to work on /home/airflow/.local/lib/python3.12/site-packages/airflow/example_dags/example_nested_branch_dag.py
[2024-11-06T18:05:43.448+0300] {processor.py:914} INFO - Processing file /home/airflow/.local/lib/python3.12/site-packages/airflow/example_dags/example_nested_branch_dag.py for tasks to queue
[2024-11-06T18:05:43.450+0300] {logging_mixin.py:190} INFO - [2024-11-06T18:05:43.450+0300] {dagbag.py:588} INFO - Filling up the DagBag from /home/airflow/.local/lib/python3.12/site-packages/airflow/example_dags/example_nested_branch_dag.py
[2024-11-06T18:05:43.460+0300] {processor.py:925} INFO - DAG(s) 'example_nested_branch_dag' retrieved from /home/airflow/.local/lib/python3.12/site-packages/airflow/example_dags/example_nested_branch_dag.py
[2024-11-06T18:05:43.478+0300] {logging_mixin.py:190} INFO - [2024-11-06T18:05:43.478+0300] {dag.py:3239} INFO - Sync 1 DAGs
[2024-11-06T18:05:43.499+0300] {logging_mixin.py:190} INFO - [2024-11-06T18:05:43.499+0300] {dag.py:4180} INFO - Setting next_dagrun for example_nested_branch_dag to 2024-11-05 00:00:00+00:00, run_after=2024-11-06 00:00:00+00:00
[2024-11-06T18:05:43.523+0300] {processor.py:208} INFO - Processing /home/airflow/.local/lib/python3.12/site-packages/airflow/example_dags/example_nested_branch_dag.py took 0.081 seconds
[2024-11-06T18:06:14.306+0300] {processor.py:186} INFO - Started process (PID=1689) to work on /home/airflow/.local/lib/python3.12/site-packages/airflow/example_dags/example_nested_branch_dag.py
[2024-11-06T18:06:14.307+0300] {processor.py:914} INFO - Processing file /home/airflow/.local/lib/python3.12/site-packages/airflow/example_dags/example_nested_branch_dag.py for tasks to queue
[2024-11-06T18:06:14.310+0300] {logging_mixin.py:190} INFO - [2024-11-06T18:06:14.309+0300] {dagbag.py:588} INFO - Filling up the DagBag from /home/airflow/.local/lib/python3.12/site-packages/airflow/example_dags/example_nested_branch_dag.py
[2024-11-06T18:06:14.320+0300] {processor.py:925} INFO - DAG(s) 'example_nested_branch_dag' retrieved from /home/airflow/.local/lib/python3.12/site-packages/airflow/example_dags/example_nested_branch_dag.py
[2024-11-06T18:06:14.339+0300] {logging_mixin.py:190} INFO - [2024-11-06T18:06:14.339+0300] {dag.py:3239} INFO - Sync 1 DAGs
[2024-11-06T18:06:14.359+0300] {logging_mixin.py:190} INFO - [2024-11-06T18:06:14.359+0300] {dag.py:4180} INFO - Setting next_dagrun for example_nested_branch_dag to 2024-11-05 00:00:00+00:00, run_after=2024-11-06 00:00:00+00:00
[2024-11-06T18:06:14.379+0300] {processor.py:208} INFO - Processing /home/airflow/.local/lib/python3.12/site-packages/airflow/example_dags/example_nested_branch_dag.py took 0.080 seconds
[2024-11-06T18:06:45.018+0300] {processor.py:186} INFO - Started process (PID=1758) to work on /home/airflow/.local/lib/python3.12/site-packages/airflow/example_dags/example_nested_branch_dag.py
[2024-11-06T18:06:45.019+0300] {processor.py:914} INFO - Processing file /home/airflow/.local/lib/python3.12/site-packages/airflow/example_dags/example_nested_branch_dag.py for tasks to queue
[2024-11-06T18:06:45.022+0300] {logging_mixin.py:190} INFO - [2024-11-06T18:06:45.021+0300] {dagbag.py:588} INFO - Filling up the DagBag from /home/airflow/.local/lib/python3.12/site-packages/airflow/example_dags/example_nested_branch_dag.py
[2024-11-06T18:06:45.034+0300] {processor.py:925} INFO - DAG(s) 'example_nested_branch_dag' retrieved from /home/airflow/.local/lib/python3.12/site-packages/airflow/example_dags/example_nested_branch_dag.py
[2024-11-06T18:06:45.055+0300] {logging_mixin.py:190} INFO - [2024-11-06T18:06:45.055+0300] {dag.py:3239} INFO - Sync 1 DAGs
[2024-11-06T18:06:45.076+0300] {logging_mixin.py:190} INFO - [2024-11-06T18:06:45.076+0300] {dag.py:4180} INFO - Setting next_dagrun for example_nested_branch_dag to 2024-11-05 00:00:00+00:00, run_after=2024-11-06 00:00:00+00:00
[2024-11-06T18:06:45.098+0300] {processor.py:208} INFO - Processing /home/airflow/.local/lib/python3.12/site-packages/airflow/example_dags/example_nested_branch_dag.py took 0.086 seconds
[2024-11-06T18:07:16.017+0300] {processor.py:186} INFO - Started process (PID=1827) to work on /home/airflow/.local/lib/python3.12/site-packages/airflow/example_dags/example_nested_branch_dag.py
[2024-11-06T18:07:16.018+0300] {processor.py:914} INFO - Processing file /home/airflow/.local/lib/python3.12/site-packages/airflow/example_dags/example_nested_branch_dag.py for tasks to queue
[2024-11-06T18:07:16.021+0300] {logging_mixin.py:190} INFO - [2024-11-06T18:07:16.021+0300] {dagbag.py:588} INFO - Filling up the DagBag from /home/airflow/.local/lib/python3.12/site-packages/airflow/example_dags/example_nested_branch_dag.py
[2024-11-06T18:07:16.037+0300] {processor.py:925} INFO - DAG(s) 'example_nested_branch_dag' retrieved from /home/airflow/.local/lib/python3.12/site-packages/airflow/example_dags/example_nested_branch_dag.py
[2024-11-06T18:07:16.062+0300] {logging_mixin.py:190} INFO - [2024-11-06T18:07:16.061+0300] {dag.py:3239} INFO - Sync 1 DAGs
[2024-11-06T18:07:16.090+0300] {logging_mixin.py:190} INFO - [2024-11-06T18:07:16.089+0300] {dag.py:4180} INFO - Setting next_dagrun for example_nested_branch_dag to 2024-11-05 00:00:00+00:00, run_after=2024-11-06 00:00:00+00:00
[2024-11-06T18:07:16.133+0300] {processor.py:208} INFO - Processing /home/airflow/.local/lib/python3.12/site-packages/airflow/example_dags/example_nested_branch_dag.py took 0.124 seconds
[2024-11-06T18:07:46.490+0300] {processor.py:186} INFO - Started process (PID=1896) to work on /home/airflow/.local/lib/python3.12/site-packages/airflow/example_dags/example_nested_branch_dag.py
[2024-11-06T18:07:46.492+0300] {processor.py:914} INFO - Processing file /home/airflow/.local/lib/python3.12/site-packages/airflow/example_dags/example_nested_branch_dag.py for tasks to queue
[2024-11-06T18:07:46.494+0300] {logging_mixin.py:190} INFO - [2024-11-06T18:07:46.494+0300] {dagbag.py:588} INFO - Filling up the DagBag from /home/airflow/.local/lib/python3.12/site-packages/airflow/example_dags/example_nested_branch_dag.py
[2024-11-06T18:07:46.503+0300] {processor.py:925} INFO - DAG(s) 'example_nested_branch_dag' retrieved from /home/airflow/.local/lib/python3.12/site-packages/airflow/example_dags/example_nested_branch_dag.py
[2024-11-06T18:07:46.521+0300] {logging_mixin.py:190} INFO - [2024-11-06T18:07:46.521+0300] {dag.py:3239} INFO - Sync 1 DAGs
[2024-11-06T18:07:46.543+0300] {logging_mixin.py:190} INFO - [2024-11-06T18:07:46.542+0300] {dag.py:4180} INFO - Setting next_dagrun for example_nested_branch_dag to 2024-11-05 00:00:00+00:00, run_after=2024-11-06 00:00:00+00:00
[2024-11-06T18:07:46.560+0300] {processor.py:208} INFO - Processing /home/airflow/.local/lib/python3.12/site-packages/airflow/example_dags/example_nested_branch_dag.py took 0.074 seconds
[2024-11-06T18:08:17.520+0300] {processor.py:186} INFO - Started process (PID=1965) to work on /home/airflow/.local/lib/python3.12/site-packages/airflow/example_dags/example_nested_branch_dag.py
[2024-11-06T18:08:17.523+0300] {processor.py:914} INFO - Processing file /home/airflow/.local/lib/python3.12/site-packages/airflow/example_dags/example_nested_branch_dag.py for tasks to queue
[2024-11-06T18:08:17.527+0300] {logging_mixin.py:190} INFO - [2024-11-06T18:08:17.526+0300] {dagbag.py:588} INFO - Filling up the DagBag from /home/airflow/.local/lib/python3.12/site-packages/airflow/example_dags/example_nested_branch_dag.py
[2024-11-06T18:08:17.547+0300] {processor.py:925} INFO - DAG(s) 'example_nested_branch_dag' retrieved from /home/airflow/.local/lib/python3.12/site-packages/airflow/example_dags/example_nested_branch_dag.py
[2024-11-06T18:08:17.580+0300] {logging_mixin.py:190} INFO - [2024-11-06T18:08:17.580+0300] {dag.py:3239} INFO - Sync 1 DAGs
[2024-11-06T18:08:17.603+0300] {logging_mixin.py:190} INFO - [2024-11-06T18:08:17.603+0300] {dag.py:4180} INFO - Setting next_dagrun for example_nested_branch_dag to 2024-11-05 00:00:00+00:00, run_after=2024-11-06 00:00:00+00:00
[2024-11-06T18:08:17.644+0300] {processor.py:208} INFO - Processing /home/airflow/.local/lib/python3.12/site-packages/airflow/example_dags/example_nested_branch_dag.py took 0.140 seconds
[2024-11-06T18:08:47.876+0300] {processor.py:186} INFO - Started process (PID=2034) to work on /home/airflow/.local/lib/python3.12/site-packages/airflow/example_dags/example_nested_branch_dag.py
[2024-11-06T18:08:47.877+0300] {processor.py:914} INFO - Processing file /home/airflow/.local/lib/python3.12/site-packages/airflow/example_dags/example_nested_branch_dag.py for tasks to queue
[2024-11-06T18:08:47.880+0300] {logging_mixin.py:190} INFO - [2024-11-06T18:08:47.880+0300] {dagbag.py:588} INFO - Filling up the DagBag from /home/airflow/.local/lib/python3.12/site-packages/airflow/example_dags/example_nested_branch_dag.py
[2024-11-06T18:08:47.890+0300] {processor.py:925} INFO - DAG(s) 'example_nested_branch_dag' retrieved from /home/airflow/.local/lib/python3.12/site-packages/airflow/example_dags/example_nested_branch_dag.py
[2024-11-06T18:08:47.907+0300] {logging_mixin.py:190} INFO - [2024-11-06T18:08:47.907+0300] {dag.py:3239} INFO - Sync 1 DAGs
[2024-11-06T18:08:47.928+0300] {logging_mixin.py:190} INFO - [2024-11-06T18:08:47.927+0300] {dag.py:4180} INFO - Setting next_dagrun for example_nested_branch_dag to 2024-11-05 00:00:00+00:00, run_after=2024-11-06 00:00:00+00:00
[2024-11-06T18:08:47.957+0300] {processor.py:208} INFO - Processing /home/airflow/.local/lib/python3.12/site-packages/airflow/example_dags/example_nested_branch_dag.py took 0.087 seconds
[2024-11-06T18:09:18.270+0300] {processor.py:186} INFO - Started process (PID=2103) to work on /home/airflow/.local/lib/python3.12/site-packages/airflow/example_dags/example_nested_branch_dag.py
[2024-11-06T18:09:18.271+0300] {processor.py:914} INFO - Processing file /home/airflow/.local/lib/python3.12/site-packages/airflow/example_dags/example_nested_branch_dag.py for tasks to queue
[2024-11-06T18:09:18.273+0300] {logging_mixin.py:190} INFO - [2024-11-06T18:09:18.273+0300] {dagbag.py:588} INFO - Filling up the DagBag from /home/airflow/.local/lib/python3.12/site-packages/airflow/example_dags/example_nested_branch_dag.py
[2024-11-06T18:09:18.284+0300] {processor.py:925} INFO - DAG(s) 'example_nested_branch_dag' retrieved from /home/airflow/.local/lib/python3.12/site-packages/airflow/example_dags/example_nested_branch_dag.py
[2024-11-06T18:09:18.300+0300] {logging_mixin.py:190} INFO - [2024-11-06T18:09:18.299+0300] {dag.py:3239} INFO - Sync 1 DAGs
[2024-11-06T18:09:18.319+0300] {logging_mixin.py:190} INFO - [2024-11-06T18:09:18.319+0300] {dag.py:4180} INFO - Setting next_dagrun for example_nested_branch_dag to 2024-11-05 00:00:00+00:00, run_after=2024-11-06 00:00:00+00:00
[2024-11-06T18:09:18.348+0300] {processor.py:208} INFO - Processing /home/airflow/.local/lib/python3.12/site-packages/airflow/example_dags/example_nested_branch_dag.py took 0.083 seconds
[2024-11-06T18:09:48.671+0300] {processor.py:186} INFO - Started process (PID=2171) to work on /home/airflow/.local/lib/python3.12/site-packages/airflow/example_dags/example_nested_branch_dag.py
[2024-11-06T18:09:48.673+0300] {processor.py:914} INFO - Processing file /home/airflow/.local/lib/python3.12/site-packages/airflow/example_dags/example_nested_branch_dag.py for tasks to queue
[2024-11-06T18:09:48.675+0300] {logging_mixin.py:190} INFO - [2024-11-06T18:09:48.674+0300] {dagbag.py:588} INFO - Filling up the DagBag from /home/airflow/.local/lib/python3.12/site-packages/airflow/example_dags/example_nested_branch_dag.py
[2024-11-06T18:09:48.684+0300] {processor.py:925} INFO - DAG(s) 'example_nested_branch_dag' retrieved from /home/airflow/.local/lib/python3.12/site-packages/airflow/example_dags/example_nested_branch_dag.py
[2024-11-06T18:09:48.700+0300] {logging_mixin.py:190} INFO - [2024-11-06T18:09:48.700+0300] {dag.py:3239} INFO - Sync 1 DAGs
[2024-11-06T18:09:48.717+0300] {logging_mixin.py:190} INFO - [2024-11-06T18:09:48.717+0300] {dag.py:4180} INFO - Setting next_dagrun for example_nested_branch_dag to 2024-11-05 00:00:00+00:00, run_after=2024-11-06 00:00:00+00:00
[2024-11-06T18:09:48.739+0300] {processor.py:208} INFO - Processing /home/airflow/.local/lib/python3.12/site-packages/airflow/example_dags/example_nested_branch_dag.py took 0.072 seconds
[2024-11-06T18:10:18.985+0300] {processor.py:186} INFO - Started process (PID=2240) to work on /home/airflow/.local/lib/python3.12/site-packages/airflow/example_dags/example_nested_branch_dag.py
[2024-11-06T18:10:18.987+0300] {processor.py:914} INFO - Processing file /home/airflow/.local/lib/python3.12/site-packages/airflow/example_dags/example_nested_branch_dag.py for tasks to queue
[2024-11-06T18:10:18.991+0300] {logging_mixin.py:190} INFO - [2024-11-06T18:10:18.991+0300] {dagbag.py:588} INFO - Filling up the DagBag from /home/airflow/.local/lib/python3.12/site-packages/airflow/example_dags/example_nested_branch_dag.py
[2024-11-06T18:10:19.004+0300] {processor.py:925} INFO - DAG(s) 'example_nested_branch_dag' retrieved from /home/airflow/.local/lib/python3.12/site-packages/airflow/example_dags/example_nested_branch_dag.py
[2024-11-06T18:10:19.024+0300] {logging_mixin.py:190} INFO - [2024-11-06T18:10:19.024+0300] {dag.py:3239} INFO - Sync 1 DAGs
[2024-11-06T18:10:19.044+0300] {logging_mixin.py:190} INFO - [2024-11-06T18:10:19.044+0300] {dag.py:4180} INFO - Setting next_dagrun for example_nested_branch_dag to 2024-11-05 00:00:00+00:00, run_after=2024-11-06 00:00:00+00:00
[2024-11-06T18:10:19.060+0300] {processor.py:208} INFO - Processing /home/airflow/.local/lib/python3.12/site-packages/airflow/example_dags/example_nested_branch_dag.py took 0.084 seconds
[2024-11-06T18:10:49.891+0300] {processor.py:186} INFO - Started process (PID=2309) to work on /home/airflow/.local/lib/python3.12/site-packages/airflow/example_dags/example_nested_branch_dag.py
[2024-11-06T18:10:49.893+0300] {processor.py:914} INFO - Processing file /home/airflow/.local/lib/python3.12/site-packages/airflow/example_dags/example_nested_branch_dag.py for tasks to queue
[2024-11-06T18:10:49.895+0300] {logging_mixin.py:190} INFO - [2024-11-06T18:10:49.894+0300] {dagbag.py:588} INFO - Filling up the DagBag from /home/airflow/.local/lib/python3.12/site-packages/airflow/example_dags/example_nested_branch_dag.py
[2024-11-06T18:10:49.905+0300] {processor.py:925} INFO - DAG(s) 'example_nested_branch_dag' retrieved from /home/airflow/.local/lib/python3.12/site-packages/airflow/example_dags/example_nested_branch_dag.py
[2024-11-06T18:10:49.926+0300] {logging_mixin.py:190} INFO - [2024-11-06T18:10:49.926+0300] {dag.py:3239} INFO - Sync 1 DAGs
[2024-11-06T18:10:49.951+0300] {logging_mixin.py:190} INFO - [2024-11-06T18:10:49.950+0300] {dag.py:4180} INFO - Setting next_dagrun for example_nested_branch_dag to 2024-11-05 00:00:00+00:00, run_after=2024-11-06 00:00:00+00:00
[2024-11-06T18:10:49.984+0300] {processor.py:208} INFO - Processing /home/airflow/.local/lib/python3.12/site-packages/airflow/example_dags/example_nested_branch_dag.py took 0.097 seconds
[2024-11-06T18:11:20.378+0300] {processor.py:186} INFO - Started process (PID=2378) to work on /home/airflow/.local/lib/python3.12/site-packages/airflow/example_dags/example_nested_branch_dag.py
[2024-11-06T18:11:20.379+0300] {processor.py:914} INFO - Processing file /home/airflow/.local/lib/python3.12/site-packages/airflow/example_dags/example_nested_branch_dag.py for tasks to queue
[2024-11-06T18:11:20.381+0300] {logging_mixin.py:190} INFO - [2024-11-06T18:11:20.381+0300] {dagbag.py:588} INFO - Filling up the DagBag from /home/airflow/.local/lib/python3.12/site-packages/airflow/example_dags/example_nested_branch_dag.py
[2024-11-06T18:11:20.391+0300] {processor.py:925} INFO - DAG(s) 'example_nested_branch_dag' retrieved from /home/airflow/.local/lib/python3.12/site-packages/airflow/example_dags/example_nested_branch_dag.py
[2024-11-06T18:11:20.408+0300] {logging_mixin.py:190} INFO - [2024-11-06T18:11:20.407+0300] {dag.py:3239} INFO - Sync 1 DAGs
[2024-11-06T18:11:20.426+0300] {logging_mixin.py:190} INFO - [2024-11-06T18:11:20.426+0300] {dag.py:4180} INFO - Setting next_dagrun for example_nested_branch_dag to 2024-11-05 00:00:00+00:00, run_after=2024-11-06 00:00:00+00:00
[2024-11-06T18:11:20.442+0300] {processor.py:208} INFO - Processing /home/airflow/.local/lib/python3.12/site-packages/airflow/example_dags/example_nested_branch_dag.py took 0.070 seconds
[2024-11-06T18:11:51.431+0300] {processor.py:186} INFO - Started process (PID=2449) to work on /home/airflow/.local/lib/python3.12/site-packages/airflow/example_dags/example_nested_branch_dag.py
[2024-11-06T18:11:51.432+0300] {processor.py:914} INFO - Processing file /home/airflow/.local/lib/python3.12/site-packages/airflow/example_dags/example_nested_branch_dag.py for tasks to queue
[2024-11-06T18:11:51.436+0300] {logging_mixin.py:190} INFO - [2024-11-06T18:11:51.436+0300] {dagbag.py:588} INFO - Filling up the DagBag from /home/airflow/.local/lib/python3.12/site-packages/airflow/example_dags/example_nested_branch_dag.py
[2024-11-06T18:11:51.448+0300] {processor.py:925} INFO - DAG(s) 'example_nested_branch_dag' retrieved from /home/airflow/.local/lib/python3.12/site-packages/airflow/example_dags/example_nested_branch_dag.py
[2024-11-06T18:11:51.470+0300] {logging_mixin.py:190} INFO - [2024-11-06T18:11:51.470+0300] {dag.py:3239} INFO - Sync 1 DAGs
[2024-11-06T18:11:51.663+0300] {logging_mixin.py:190} INFO - [2024-11-06T18:11:51.663+0300] {dag.py:4180} INFO - Setting next_dagrun for example_nested_branch_dag to 2024-11-05 00:00:00+00:00, run_after=2024-11-06 00:00:00+00:00
[2024-11-06T18:11:51.683+0300] {processor.py:208} INFO - Processing /home/airflow/.local/lib/python3.12/site-packages/airflow/example_dags/example_nested_branch_dag.py took 0.257 seconds
