[2024-11-06T17:54:32.877+0300] {processor.py:186} INFO - Started process (PID=110) to work on /home/airflow/.local/lib/python3.12/site-packages/airflow/example_dags/example_sensors.py
[2024-11-06T17:54:32.878+0300] {processor.py:914} INFO - Processing file /home/airflow/.local/lib/python3.12/site-packages/airflow/example_dags/example_sensors.py for tasks to queue
[2024-11-06T17:54:32.882+0300] {logging_mixin.py:190} INFO - [2024-11-06T17:54:32.881+0300] {dagbag.py:588} INFO - Filling up the DagBag from /home/airflow/.local/lib/python3.12/site-packages/airflow/example_dags/example_sensors.py
[2024-11-06T17:54:32.897+0300] {processor.py:925} INFO - DAG(s) 'example_sensors' retrieved from /home/airflow/.local/lib/python3.12/site-packages/airflow/example_dags/example_sensors.py
[2024-11-06T17:54:32.944+0300] {logging_mixin.py:190} INFO - [2024-11-06T17:54:32.943+0300] {dag.py:3239} INFO - Sync 1 DAGs
[2024-11-06T17:54:32.968+0300] {logging_mixin.py:190} INFO - [2024-11-06T17:54:32.968+0300] {dag.py:4180} INFO - Setting next_dagrun for example_sensors to None, run_after=None
[2024-11-06T17:54:32.998+0300] {processor.py:208} INFO - Processing /home/airflow/.local/lib/python3.12/site-packages/airflow/example_dags/example_sensors.py took 0.129 seconds
[2024-11-06T17:55:03.069+0300] {processor.py:186} INFO - Started process (PID=201) to work on /home/airflow/.local/lib/python3.12/site-packages/airflow/example_dags/example_sensors.py
[2024-11-06T17:55:03.070+0300] {processor.py:914} INFO - Processing file /home/airflow/.local/lib/python3.12/site-packages/airflow/example_dags/example_sensors.py for tasks to queue
[2024-11-06T17:55:03.073+0300] {logging_mixin.py:190} INFO - [2024-11-06T17:55:03.072+0300] {dagbag.py:588} INFO - Filling up the DagBag from /home/airflow/.local/lib/python3.12/site-packages/airflow/example_dags/example_sensors.py
[2024-11-06T17:55:03.082+0300] {processor.py:925} INFO - DAG(s) 'example_sensors' retrieved from /home/airflow/.local/lib/python3.12/site-packages/airflow/example_dags/example_sensors.py
[2024-11-06T17:55:03.115+0300] {logging_mixin.py:190} INFO - [2024-11-06T17:55:03.114+0300] {dag.py:3239} INFO - Sync 1 DAGs
[2024-11-06T17:55:03.132+0300] {logging_mixin.py:190} INFO - [2024-11-06T17:55:03.132+0300] {dag.py:4180} INFO - Setting next_dagrun for example_sensors to None, run_after=None
[2024-11-06T17:55:03.155+0300] {processor.py:208} INFO - Processing /home/airflow/.local/lib/python3.12/site-packages/airflow/example_dags/example_sensors.py took 0.093 seconds
[2024-11-06T17:55:33.274+0300] {processor.py:186} INFO - Started process (PID=272) to work on /home/airflow/.local/lib/python3.12/site-packages/airflow/example_dags/example_sensors.py
[2024-11-06T17:55:33.275+0300] {processor.py:914} INFO - Processing file /home/airflow/.local/lib/python3.12/site-packages/airflow/example_dags/example_sensors.py for tasks to queue
[2024-11-06T17:55:33.278+0300] {logging_mixin.py:190} INFO - [2024-11-06T17:55:33.277+0300] {dagbag.py:588} INFO - Filling up the DagBag from /home/airflow/.local/lib/python3.12/site-packages/airflow/example_dags/example_sensors.py
[2024-11-06T17:55:33.291+0300] {processor.py:925} INFO - DAG(s) 'example_sensors' retrieved from /home/airflow/.local/lib/python3.12/site-packages/airflow/example_dags/example_sensors.py
[2024-11-06T17:55:33.321+0300] {logging_mixin.py:190} INFO - [2024-11-06T17:55:33.321+0300] {dag.py:3239} INFO - Sync 1 DAGs
[2024-11-06T17:55:33.335+0300] {logging_mixin.py:190} INFO - [2024-11-06T17:55:33.334+0300] {dag.py:4180} INFO - Setting next_dagrun for example_sensors to None, run_after=None
[2024-11-06T17:55:33.353+0300] {processor.py:208} INFO - Processing /home/airflow/.local/lib/python3.12/site-packages/airflow/example_dags/example_sensors.py took 0.084 seconds
[2024-11-06T17:56:03.880+0300] {processor.py:186} INFO - Started process (PID=341) to work on /home/airflow/.local/lib/python3.12/site-packages/airflow/example_dags/example_sensors.py
[2024-11-06T17:56:03.881+0300] {processor.py:914} INFO - Processing file /home/airflow/.local/lib/python3.12/site-packages/airflow/example_dags/example_sensors.py for tasks to queue
[2024-11-06T17:56:03.884+0300] {logging_mixin.py:190} INFO - [2024-11-06T17:56:03.883+0300] {dagbag.py:588} INFO - Filling up the DagBag from /home/airflow/.local/lib/python3.12/site-packages/airflow/example_dags/example_sensors.py
[2024-11-06T17:56:03.896+0300] {processor.py:925} INFO - DAG(s) 'example_sensors' retrieved from /home/airflow/.local/lib/python3.12/site-packages/airflow/example_dags/example_sensors.py
[2024-11-06T17:56:03.923+0300] {logging_mixin.py:190} INFO - [2024-11-06T17:56:03.923+0300] {dag.py:3239} INFO - Sync 1 DAGs
[2024-11-06T17:56:03.936+0300] {logging_mixin.py:190} INFO - [2024-11-06T17:56:03.936+0300] {dag.py:4180} INFO - Setting next_dagrun for example_sensors to None, run_after=None
[2024-11-06T17:56:03.957+0300] {processor.py:208} INFO - Processing /home/airflow/.local/lib/python3.12/site-packages/airflow/example_dags/example_sensors.py took 0.085 seconds
[2024-11-06T17:56:34.540+0300] {processor.py:186} INFO - Started process (PID=411) to work on /home/airflow/.local/lib/python3.12/site-packages/airflow/example_dags/example_sensors.py
[2024-11-06T17:56:34.541+0300] {processor.py:914} INFO - Processing file /home/airflow/.local/lib/python3.12/site-packages/airflow/example_dags/example_sensors.py for tasks to queue
[2024-11-06T17:56:34.543+0300] {logging_mixin.py:190} INFO - [2024-11-06T17:56:34.543+0300] {dagbag.py:588} INFO - Filling up the DagBag from /home/airflow/.local/lib/python3.12/site-packages/airflow/example_dags/example_sensors.py
[2024-11-06T17:56:34.552+0300] {processor.py:925} INFO - DAG(s) 'example_sensors' retrieved from /home/airflow/.local/lib/python3.12/site-packages/airflow/example_dags/example_sensors.py
[2024-11-06T17:56:34.578+0300] {logging_mixin.py:190} INFO - [2024-11-06T17:56:34.577+0300] {dag.py:3239} INFO - Sync 1 DAGs
[2024-11-06T17:56:34.593+0300] {logging_mixin.py:190} INFO - [2024-11-06T17:56:34.593+0300] {dag.py:4180} INFO - Setting next_dagrun for example_sensors to None, run_after=None
[2024-11-06T17:56:34.612+0300] {processor.py:208} INFO - Processing /home/airflow/.local/lib/python3.12/site-packages/airflow/example_dags/example_sensors.py took 0.077 seconds
[2024-11-06T17:57:05.307+0300] {processor.py:186} INFO - Started process (PID=480) to work on /home/airflow/.local/lib/python3.12/site-packages/airflow/example_dags/example_sensors.py
[2024-11-06T17:57:05.308+0300] {processor.py:914} INFO - Processing file /home/airflow/.local/lib/python3.12/site-packages/airflow/example_dags/example_sensors.py for tasks to queue
[2024-11-06T17:57:05.310+0300] {logging_mixin.py:190} INFO - [2024-11-06T17:57:05.310+0300] {dagbag.py:588} INFO - Filling up the DagBag from /home/airflow/.local/lib/python3.12/site-packages/airflow/example_dags/example_sensors.py
[2024-11-06T17:57:05.319+0300] {processor.py:925} INFO - DAG(s) 'example_sensors' retrieved from /home/airflow/.local/lib/python3.12/site-packages/airflow/example_dags/example_sensors.py
[2024-11-06T17:57:05.341+0300] {logging_mixin.py:190} INFO - [2024-11-06T17:57:05.340+0300] {dag.py:3239} INFO - Sync 1 DAGs
[2024-11-06T17:57:05.355+0300] {logging_mixin.py:190} INFO - [2024-11-06T17:57:05.354+0300] {dag.py:4180} INFO - Setting next_dagrun for example_sensors to None, run_after=None
[2024-11-06T17:57:05.372+0300] {processor.py:208} INFO - Processing /home/airflow/.local/lib/python3.12/site-packages/airflow/example_dags/example_sensors.py took 0.070 seconds
[2024-11-06T17:57:35.769+0300] {processor.py:186} INFO - Started process (PID=550) to work on /home/airflow/.local/lib/python3.12/site-packages/airflow/example_dags/example_sensors.py
[2024-11-06T17:57:35.771+0300] {processor.py:914} INFO - Processing file /home/airflow/.local/lib/python3.12/site-packages/airflow/example_dags/example_sensors.py for tasks to queue
[2024-11-06T17:57:35.774+0300] {logging_mixin.py:190} INFO - [2024-11-06T17:57:35.773+0300] {dagbag.py:588} INFO - Filling up the DagBag from /home/airflow/.local/lib/python3.12/site-packages/airflow/example_dags/example_sensors.py
[2024-11-06T17:57:35.789+0300] {processor.py:925} INFO - DAG(s) 'example_sensors' retrieved from /home/airflow/.local/lib/python3.12/site-packages/airflow/example_dags/example_sensors.py
[2024-11-06T17:57:35.816+0300] {logging_mixin.py:190} INFO - [2024-11-06T17:57:35.815+0300] {dag.py:3239} INFO - Sync 1 DAGs
[2024-11-06T17:57:35.833+0300] {logging_mixin.py:190} INFO - [2024-11-06T17:57:35.832+0300] {dag.py:4180} INFO - Setting next_dagrun for example_sensors to None, run_after=None
[2024-11-06T17:57:35.865+0300] {processor.py:208} INFO - Processing /home/airflow/.local/lib/python3.12/site-packages/airflow/example_dags/example_sensors.py took 0.102 seconds
[2024-11-06T17:58:06.815+0300] {processor.py:186} INFO - Started process (PID=619) to work on /home/airflow/.local/lib/python3.12/site-packages/airflow/example_dags/example_sensors.py
[2024-11-06T17:58:06.816+0300] {processor.py:914} INFO - Processing file /home/airflow/.local/lib/python3.12/site-packages/airflow/example_dags/example_sensors.py for tasks to queue
[2024-11-06T17:58:06.819+0300] {logging_mixin.py:190} INFO - [2024-11-06T17:58:06.819+0300] {dagbag.py:588} INFO - Filling up the DagBag from /home/airflow/.local/lib/python3.12/site-packages/airflow/example_dags/example_sensors.py
[2024-11-06T17:58:06.832+0300] {processor.py:925} INFO - DAG(s) 'example_sensors' retrieved from /home/airflow/.local/lib/python3.12/site-packages/airflow/example_dags/example_sensors.py
[2024-11-06T17:58:06.858+0300] {logging_mixin.py:190} INFO - [2024-11-06T17:58:06.858+0300] {dag.py:3239} INFO - Sync 1 DAGs
[2024-11-06T17:58:06.873+0300] {logging_mixin.py:190} INFO - [2024-11-06T17:58:06.873+0300] {dag.py:4180} INFO - Setting next_dagrun for example_sensors to None, run_after=None
[2024-11-06T17:58:06.893+0300] {processor.py:208} INFO - Processing /home/airflow/.local/lib/python3.12/site-packages/airflow/example_dags/example_sensors.py took 0.085 seconds
[2024-11-06T17:58:37.586+0300] {processor.py:186} INFO - Started process (PID=688) to work on /home/airflow/.local/lib/python3.12/site-packages/airflow/example_dags/example_sensors.py
[2024-11-06T17:58:37.587+0300] {processor.py:914} INFO - Processing file /home/airflow/.local/lib/python3.12/site-packages/airflow/example_dags/example_sensors.py for tasks to queue
[2024-11-06T17:58:37.590+0300] {logging_mixin.py:190} INFO - [2024-11-06T17:58:37.590+0300] {dagbag.py:588} INFO - Filling up the DagBag from /home/airflow/.local/lib/python3.12/site-packages/airflow/example_dags/example_sensors.py
[2024-11-06T17:58:37.603+0300] {processor.py:925} INFO - DAG(s) 'example_sensors' retrieved from /home/airflow/.local/lib/python3.12/site-packages/airflow/example_dags/example_sensors.py
[2024-11-06T17:58:37.631+0300] {logging_mixin.py:190} INFO - [2024-11-06T17:58:37.631+0300] {dag.py:3239} INFO - Sync 1 DAGs
[2024-11-06T17:58:37.646+0300] {logging_mixin.py:190} INFO - [2024-11-06T17:58:37.646+0300] {dag.py:4180} INFO - Setting next_dagrun for example_sensors to None, run_after=None
[2024-11-06T17:58:37.678+0300] {processor.py:208} INFO - Processing /home/airflow/.local/lib/python3.12/site-packages/airflow/example_dags/example_sensors.py took 0.098 seconds
[2024-11-06T17:59:08.057+0300] {processor.py:186} INFO - Started process (PID=757) to work on /home/airflow/.local/lib/python3.12/site-packages/airflow/example_dags/example_sensors.py
[2024-11-06T17:59:08.059+0300] {processor.py:914} INFO - Processing file /home/airflow/.local/lib/python3.12/site-packages/airflow/example_dags/example_sensors.py for tasks to queue
[2024-11-06T17:59:08.062+0300] {logging_mixin.py:190} INFO - [2024-11-06T17:59:08.062+0300] {dagbag.py:588} INFO - Filling up the DagBag from /home/airflow/.local/lib/python3.12/site-packages/airflow/example_dags/example_sensors.py
[2024-11-06T17:59:08.073+0300] {processor.py:925} INFO - DAG(s) 'example_sensors' retrieved from /home/airflow/.local/lib/python3.12/site-packages/airflow/example_dags/example_sensors.py
[2024-11-06T17:59:08.100+0300] {logging_mixin.py:190} INFO - [2024-11-06T17:59:08.099+0300] {dag.py:3239} INFO - Sync 1 DAGs
[2024-11-06T17:59:08.115+0300] {logging_mixin.py:190} INFO - [2024-11-06T17:59:08.114+0300] {dag.py:4180} INFO - Setting next_dagrun for example_sensors to None, run_after=None
[2024-11-06T17:59:08.140+0300] {processor.py:208} INFO - Processing /home/airflow/.local/lib/python3.12/site-packages/airflow/example_dags/example_sensors.py took 0.091 seconds
[2024-11-06T17:59:39.167+0300] {processor.py:186} INFO - Started process (PID=826) to work on /home/airflow/.local/lib/python3.12/site-packages/airflow/example_dags/example_sensors.py
[2024-11-06T17:59:39.168+0300] {processor.py:914} INFO - Processing file /home/airflow/.local/lib/python3.12/site-packages/airflow/example_dags/example_sensors.py for tasks to queue
[2024-11-06T17:59:39.171+0300] {logging_mixin.py:190} INFO - [2024-11-06T17:59:39.170+0300] {dagbag.py:588} INFO - Filling up the DagBag from /home/airflow/.local/lib/python3.12/site-packages/airflow/example_dags/example_sensors.py
[2024-11-06T17:59:39.184+0300] {processor.py:925} INFO - DAG(s) 'example_sensors' retrieved from /home/airflow/.local/lib/python3.12/site-packages/airflow/example_dags/example_sensors.py
[2024-11-06T17:59:39.221+0300] {logging_mixin.py:190} INFO - [2024-11-06T17:59:39.221+0300] {dag.py:3239} INFO - Sync 1 DAGs
[2024-11-06T17:59:39.235+0300] {logging_mixin.py:190} INFO - [2024-11-06T17:59:39.234+0300] {dag.py:4180} INFO - Setting next_dagrun for example_sensors to None, run_after=None
[2024-11-06T17:59:39.256+0300] {processor.py:208} INFO - Processing /home/airflow/.local/lib/python3.12/site-packages/airflow/example_dags/example_sensors.py took 0.095 seconds
[2024-11-06T18:00:09.624+0300] {processor.py:186} INFO - Started process (PID=895) to work on /home/airflow/.local/lib/python3.12/site-packages/airflow/example_dags/example_sensors.py
[2024-11-06T18:00:09.626+0300] {processor.py:914} INFO - Processing file /home/airflow/.local/lib/python3.12/site-packages/airflow/example_dags/example_sensors.py for tasks to queue
[2024-11-06T18:00:09.629+0300] {logging_mixin.py:190} INFO - [2024-11-06T18:00:09.628+0300] {dagbag.py:588} INFO - Filling up the DagBag from /home/airflow/.local/lib/python3.12/site-packages/airflow/example_dags/example_sensors.py
[2024-11-06T18:00:09.639+0300] {processor.py:925} INFO - DAG(s) 'example_sensors' retrieved from /home/airflow/.local/lib/python3.12/site-packages/airflow/example_dags/example_sensors.py
[2024-11-06T18:00:09.662+0300] {logging_mixin.py:190} INFO - [2024-11-06T18:00:09.662+0300] {dag.py:3239} INFO - Sync 1 DAGs
[2024-11-06T18:00:09.674+0300] {logging_mixin.py:190} INFO - [2024-11-06T18:00:09.674+0300] {dag.py:4180} INFO - Setting next_dagrun for example_sensors to None, run_after=None
[2024-11-06T18:00:09.694+0300] {processor.py:208} INFO - Processing /home/airflow/.local/lib/python3.12/site-packages/airflow/example_dags/example_sensors.py took 0.075 seconds
[2024-11-06T18:00:40.449+0300] {processor.py:186} INFO - Started process (PID=964) to work on /home/airflow/.local/lib/python3.12/site-packages/airflow/example_dags/example_sensors.py
[2024-11-06T18:00:40.451+0300] {processor.py:914} INFO - Processing file /home/airflow/.local/lib/python3.12/site-packages/airflow/example_dags/example_sensors.py for tasks to queue
[2024-11-06T18:00:40.453+0300] {logging_mixin.py:190} INFO - [2024-11-06T18:00:40.453+0300] {dagbag.py:588} INFO - Filling up the DagBag from /home/airflow/.local/lib/python3.12/site-packages/airflow/example_dags/example_sensors.py
[2024-11-06T18:00:40.462+0300] {processor.py:925} INFO - DAG(s) 'example_sensors' retrieved from /home/airflow/.local/lib/python3.12/site-packages/airflow/example_dags/example_sensors.py
[2024-11-06T18:00:40.486+0300] {logging_mixin.py:190} INFO - [2024-11-06T18:00:40.486+0300] {dag.py:3239} INFO - Sync 1 DAGs
[2024-11-06T18:00:40.498+0300] {logging_mixin.py:190} INFO - [2024-11-06T18:00:40.498+0300] {dag.py:4180} INFO - Setting next_dagrun for example_sensors to None, run_after=None
[2024-11-06T18:00:40.527+0300] {processor.py:208} INFO - Processing /home/airflow/.local/lib/python3.12/site-packages/airflow/example_dags/example_sensors.py took 0.082 seconds
[2024-11-06T18:01:11.044+0300] {processor.py:186} INFO - Started process (PID=1033) to work on /home/airflow/.local/lib/python3.12/site-packages/airflow/example_dags/example_sensors.py
[2024-11-06T18:01:11.045+0300] {processor.py:914} INFO - Processing file /home/airflow/.local/lib/python3.12/site-packages/airflow/example_dags/example_sensors.py for tasks to queue
[2024-11-06T18:01:11.048+0300] {logging_mixin.py:190} INFO - [2024-11-06T18:01:11.048+0300] {dagbag.py:588} INFO - Filling up the DagBag from /home/airflow/.local/lib/python3.12/site-packages/airflow/example_dags/example_sensors.py
[2024-11-06T18:01:11.057+0300] {processor.py:925} INFO - DAG(s) 'example_sensors' retrieved from /home/airflow/.local/lib/python3.12/site-packages/airflow/example_dags/example_sensors.py
[2024-11-06T18:01:11.084+0300] {logging_mixin.py:190} INFO - [2024-11-06T18:01:11.084+0300] {dag.py:3239} INFO - Sync 1 DAGs
[2024-11-06T18:01:11.097+0300] {logging_mixin.py:190} INFO - [2024-11-06T18:01:11.097+0300] {dag.py:4180} INFO - Setting next_dagrun for example_sensors to None, run_after=None
[2024-11-06T18:01:11.116+0300] {processor.py:208} INFO - Processing /home/airflow/.local/lib/python3.12/site-packages/airflow/example_dags/example_sensors.py took 0.076 seconds
[2024-11-06T18:01:41.257+0300] {processor.py:186} INFO - Started process (PID=1102) to work on /home/airflow/.local/lib/python3.12/site-packages/airflow/example_dags/example_sensors.py
[2024-11-06T18:01:41.258+0300] {processor.py:914} INFO - Processing file /home/airflow/.local/lib/python3.12/site-packages/airflow/example_dags/example_sensors.py for tasks to queue
[2024-11-06T18:01:41.260+0300] {logging_mixin.py:190} INFO - [2024-11-06T18:01:41.260+0300] {dagbag.py:588} INFO - Filling up the DagBag from /home/airflow/.local/lib/python3.12/site-packages/airflow/example_dags/example_sensors.py
[2024-11-06T18:01:41.270+0300] {processor.py:925} INFO - DAG(s) 'example_sensors' retrieved from /home/airflow/.local/lib/python3.12/site-packages/airflow/example_dags/example_sensors.py
[2024-11-06T18:01:41.293+0300] {logging_mixin.py:190} INFO - [2024-11-06T18:01:41.292+0300] {dag.py:3239} INFO - Sync 1 DAGs
[2024-11-06T18:01:41.306+0300] {logging_mixin.py:190} INFO - [2024-11-06T18:01:41.305+0300] {dag.py:4180} INFO - Setting next_dagrun for example_sensors to None, run_after=None
[2024-11-06T18:01:41.320+0300] {processor.py:208} INFO - Processing /home/airflow/.local/lib/python3.12/site-packages/airflow/example_dags/example_sensors.py took 0.068 seconds
[2024-11-06T18:02:12.456+0300] {processor.py:186} INFO - Started process (PID=1171) to work on /home/airflow/.local/lib/python3.12/site-packages/airflow/example_dags/example_sensors.py
[2024-11-06T18:02:12.458+0300] {processor.py:914} INFO - Processing file /home/airflow/.local/lib/python3.12/site-packages/airflow/example_dags/example_sensors.py for tasks to queue
[2024-11-06T18:02:12.460+0300] {logging_mixin.py:190} INFO - [2024-11-06T18:02:12.460+0300] {dagbag.py:588} INFO - Filling up the DagBag from /home/airflow/.local/lib/python3.12/site-packages/airflow/example_dags/example_sensors.py
[2024-11-06T18:02:12.469+0300] {processor.py:925} INFO - DAG(s) 'example_sensors' retrieved from /home/airflow/.local/lib/python3.12/site-packages/airflow/example_dags/example_sensors.py
[2024-11-06T18:02:12.495+0300] {logging_mixin.py:190} INFO - [2024-11-06T18:02:12.495+0300] {dag.py:3239} INFO - Sync 1 DAGs
[2024-11-06T18:02:12.509+0300] {logging_mixin.py:190} INFO - [2024-11-06T18:02:12.509+0300] {dag.py:4180} INFO - Setting next_dagrun for example_sensors to None, run_after=None
[2024-11-06T18:02:12.526+0300] {processor.py:208} INFO - Processing /home/airflow/.local/lib/python3.12/site-packages/airflow/example_dags/example_sensors.py took 0.075 seconds
[2024-11-06T18:02:43.172+0300] {processor.py:186} INFO - Started process (PID=1240) to work on /home/airflow/.local/lib/python3.12/site-packages/airflow/example_dags/example_sensors.py
[2024-11-06T18:02:43.173+0300] {processor.py:914} INFO - Processing file /home/airflow/.local/lib/python3.12/site-packages/airflow/example_dags/example_sensors.py for tasks to queue
[2024-11-06T18:02:43.175+0300] {logging_mixin.py:190} INFO - [2024-11-06T18:02:43.175+0300] {dagbag.py:588} INFO - Filling up the DagBag from /home/airflow/.local/lib/python3.12/site-packages/airflow/example_dags/example_sensors.py
[2024-11-06T18:02:43.185+0300] {processor.py:925} INFO - DAG(s) 'example_sensors' retrieved from /home/airflow/.local/lib/python3.12/site-packages/airflow/example_dags/example_sensors.py
[2024-11-06T18:02:43.207+0300] {logging_mixin.py:190} INFO - [2024-11-06T18:02:43.207+0300] {dag.py:3239} INFO - Sync 1 DAGs
[2024-11-06T18:02:43.221+0300] {logging_mixin.py:190} INFO - [2024-11-06T18:02:43.220+0300] {dag.py:4180} INFO - Setting next_dagrun for example_sensors to None, run_after=None
[2024-11-06T18:02:43.238+0300] {processor.py:208} INFO - Processing /home/airflow/.local/lib/python3.12/site-packages/airflow/example_dags/example_sensors.py took 0.072 seconds
[2024-11-06T18:03:13.853+0300] {processor.py:186} INFO - Started process (PID=1309) to work on /home/airflow/.local/lib/python3.12/site-packages/airflow/example_dags/example_sensors.py
[2024-11-06T18:03:13.855+0300] {processor.py:914} INFO - Processing file /home/airflow/.local/lib/python3.12/site-packages/airflow/example_dags/example_sensors.py for tasks to queue
[2024-11-06T18:03:13.858+0300] {logging_mixin.py:190} INFO - [2024-11-06T18:03:13.857+0300] {dagbag.py:588} INFO - Filling up the DagBag from /home/airflow/.local/lib/python3.12/site-packages/airflow/example_dags/example_sensors.py
[2024-11-06T18:03:13.869+0300] {processor.py:925} INFO - DAG(s) 'example_sensors' retrieved from /home/airflow/.local/lib/python3.12/site-packages/airflow/example_dags/example_sensors.py
[2024-11-06T18:03:13.890+0300] {logging_mixin.py:190} INFO - [2024-11-06T18:03:13.889+0300] {dag.py:3239} INFO - Sync 1 DAGs
[2024-11-06T18:03:13.903+0300] {logging_mixin.py:190} INFO - [2024-11-06T18:03:13.903+0300] {dag.py:4180} INFO - Setting next_dagrun for example_sensors to None, run_after=None
[2024-11-06T18:03:13.921+0300] {processor.py:208} INFO - Processing /home/airflow/.local/lib/python3.12/site-packages/airflow/example_dags/example_sensors.py took 0.073 seconds
[2024-11-06T18:03:44.383+0300] {processor.py:186} INFO - Started process (PID=1377) to work on /home/airflow/.local/lib/python3.12/site-packages/airflow/example_dags/example_sensors.py
[2024-11-06T18:03:44.385+0300] {processor.py:914} INFO - Processing file /home/airflow/.local/lib/python3.12/site-packages/airflow/example_dags/example_sensors.py for tasks to queue
[2024-11-06T18:03:44.387+0300] {logging_mixin.py:190} INFO - [2024-11-06T18:03:44.387+0300] {dagbag.py:588} INFO - Filling up the DagBag from /home/airflow/.local/lib/python3.12/site-packages/airflow/example_dags/example_sensors.py
[2024-11-06T18:03:44.397+0300] {processor.py:925} INFO - DAG(s) 'example_sensors' retrieved from /home/airflow/.local/lib/python3.12/site-packages/airflow/example_dags/example_sensors.py
[2024-11-06T18:03:44.421+0300] {logging_mixin.py:190} INFO - [2024-11-06T18:03:44.421+0300] {dag.py:3239} INFO - Sync 1 DAGs
[2024-11-06T18:03:44.435+0300] {logging_mixin.py:190} INFO - [2024-11-06T18:03:44.435+0300] {dag.py:4180} INFO - Setting next_dagrun for example_sensors to None, run_after=None
[2024-11-06T18:03:44.465+0300] {processor.py:208} INFO - Processing /home/airflow/.local/lib/python3.12/site-packages/airflow/example_dags/example_sensors.py took 0.088 seconds
[2024-11-06T18:04:15.254+0300] {processor.py:186} INFO - Started process (PID=1446) to work on /home/airflow/.local/lib/python3.12/site-packages/airflow/example_dags/example_sensors.py
[2024-11-06T18:04:15.255+0300] {processor.py:914} INFO - Processing file /home/airflow/.local/lib/python3.12/site-packages/airflow/example_dags/example_sensors.py for tasks to queue
[2024-11-06T18:04:15.258+0300] {logging_mixin.py:190} INFO - [2024-11-06T18:04:15.258+0300] {dagbag.py:588} INFO - Filling up the DagBag from /home/airflow/.local/lib/python3.12/site-packages/airflow/example_dags/example_sensors.py
[2024-11-06T18:04:15.270+0300] {processor.py:925} INFO - DAG(s) 'example_sensors' retrieved from /home/airflow/.local/lib/python3.12/site-packages/airflow/example_dags/example_sensors.py
[2024-11-06T18:04:15.293+0300] {logging_mixin.py:190} INFO - [2024-11-06T18:04:15.292+0300] {dag.py:3239} INFO - Sync 1 DAGs
[2024-11-06T18:04:15.310+0300] {logging_mixin.py:190} INFO - [2024-11-06T18:04:15.310+0300] {dag.py:4180} INFO - Setting next_dagrun for example_sensors to None, run_after=None
[2024-11-06T18:04:15.335+0300] {processor.py:208} INFO - Processing /home/airflow/.local/lib/python3.12/site-packages/airflow/example_dags/example_sensors.py took 0.087 seconds
[2024-11-06T18:04:46.508+0300] {processor.py:186} INFO - Started process (PID=1515) to work on /home/airflow/.local/lib/python3.12/site-packages/airflow/example_dags/example_sensors.py
[2024-11-06T18:04:46.509+0300] {processor.py:914} INFO - Processing file /home/airflow/.local/lib/python3.12/site-packages/airflow/example_dags/example_sensors.py for tasks to queue
[2024-11-06T18:04:46.512+0300] {logging_mixin.py:190} INFO - [2024-11-06T18:04:46.512+0300] {dagbag.py:588} INFO - Filling up the DagBag from /home/airflow/.local/lib/python3.12/site-packages/airflow/example_dags/example_sensors.py
[2024-11-06T18:04:46.521+0300] {processor.py:925} INFO - DAG(s) 'example_sensors' retrieved from /home/airflow/.local/lib/python3.12/site-packages/airflow/example_dags/example_sensors.py
[2024-11-06T18:04:46.544+0300] {logging_mixin.py:190} INFO - [2024-11-06T18:04:46.544+0300] {dag.py:3239} INFO - Sync 1 DAGs
[2024-11-06T18:04:46.556+0300] {logging_mixin.py:190} INFO - [2024-11-06T18:04:46.556+0300] {dag.py:4180} INFO - Setting next_dagrun for example_sensors to None, run_after=None
[2024-11-06T18:04:46.576+0300] {processor.py:208} INFO - Processing /home/airflow/.local/lib/python3.12/site-packages/airflow/example_dags/example_sensors.py took 0.073 seconds
[2024-11-06T18:05:16.991+0300] {processor.py:186} INFO - Started process (PID=1584) to work on /home/airflow/.local/lib/python3.12/site-packages/airflow/example_dags/example_sensors.py
[2024-11-06T18:05:16.992+0300] {processor.py:914} INFO - Processing file /home/airflow/.local/lib/python3.12/site-packages/airflow/example_dags/example_sensors.py for tasks to queue
[2024-11-06T18:05:16.994+0300] {logging_mixin.py:190} INFO - [2024-11-06T18:05:16.994+0300] {dagbag.py:588} INFO - Filling up the DagBag from /home/airflow/.local/lib/python3.12/site-packages/airflow/example_dags/example_sensors.py
[2024-11-06T18:05:17.003+0300] {processor.py:925} INFO - DAG(s) 'example_sensors' retrieved from /home/airflow/.local/lib/python3.12/site-packages/airflow/example_dags/example_sensors.py
[2024-11-06T18:05:17.027+0300] {logging_mixin.py:190} INFO - [2024-11-06T18:05:17.027+0300] {dag.py:3239} INFO - Sync 1 DAGs
[2024-11-06T18:05:17.040+0300] {logging_mixin.py:190} INFO - [2024-11-06T18:05:17.040+0300] {dag.py:4180} INFO - Setting next_dagrun for example_sensors to None, run_after=None
[2024-11-06T18:05:17.057+0300] {processor.py:208} INFO - Processing /home/airflow/.local/lib/python3.12/site-packages/airflow/example_dags/example_sensors.py took 0.071 seconds
[2024-11-06T18:05:47.271+0300] {processor.py:186} INFO - Started process (PID=1653) to work on /home/airflow/.local/lib/python3.12/site-packages/airflow/example_dags/example_sensors.py
[2024-11-06T18:05:47.272+0300] {processor.py:914} INFO - Processing file /home/airflow/.local/lib/python3.12/site-packages/airflow/example_dags/example_sensors.py for tasks to queue
[2024-11-06T18:05:47.275+0300] {logging_mixin.py:190} INFO - [2024-11-06T18:05:47.274+0300] {dagbag.py:588} INFO - Filling up the DagBag from /home/airflow/.local/lib/python3.12/site-packages/airflow/example_dags/example_sensors.py
[2024-11-06T18:05:47.284+0300] {processor.py:925} INFO - DAG(s) 'example_sensors' retrieved from /home/airflow/.local/lib/python3.12/site-packages/airflow/example_dags/example_sensors.py
[2024-11-06T18:05:47.305+0300] {logging_mixin.py:190} INFO - [2024-11-06T18:05:47.304+0300] {dag.py:3239} INFO - Sync 1 DAGs
[2024-11-06T18:05:47.317+0300] {logging_mixin.py:190} INFO - [2024-11-06T18:05:47.317+0300] {dag.py:4180} INFO - Setting next_dagrun for example_sensors to None, run_after=None
[2024-11-06T18:05:47.333+0300] {processor.py:208} INFO - Processing /home/airflow/.local/lib/python3.12/site-packages/airflow/example_dags/example_sensors.py took 0.068 seconds
[2024-11-06T18:06:19.097+0300] {processor.py:186} INFO - Started process (PID=1722) to work on /home/airflow/.local/lib/python3.12/site-packages/airflow/example_dags/example_sensors.py
[2024-11-06T18:06:19.098+0300] {processor.py:914} INFO - Processing file /home/airflow/.local/lib/python3.12/site-packages/airflow/example_dags/example_sensors.py for tasks to queue
[2024-11-06T18:06:19.101+0300] {logging_mixin.py:190} INFO - [2024-11-06T18:06:19.101+0300] {dagbag.py:588} INFO - Filling up the DagBag from /home/airflow/.local/lib/python3.12/site-packages/airflow/example_dags/example_sensors.py
[2024-11-06T18:06:19.112+0300] {processor.py:925} INFO - DAG(s) 'example_sensors' retrieved from /home/airflow/.local/lib/python3.12/site-packages/airflow/example_dags/example_sensors.py
[2024-11-06T18:06:19.136+0300] {logging_mixin.py:190} INFO - [2024-11-06T18:06:19.135+0300] {dag.py:3239} INFO - Sync 1 DAGs
[2024-11-06T18:06:19.149+0300] {logging_mixin.py:190} INFO - [2024-11-06T18:06:19.149+0300] {dag.py:4180} INFO - Setting next_dagrun for example_sensors to None, run_after=None
[2024-11-06T18:06:19.167+0300] {processor.py:208} INFO - Processing /home/airflow/.local/lib/python3.12/site-packages/airflow/example_dags/example_sensors.py took 0.076 seconds
[2024-11-06T18:06:50.002+0300] {processor.py:186} INFO - Started process (PID=1791) to work on /home/airflow/.local/lib/python3.12/site-packages/airflow/example_dags/example_sensors.py
[2024-11-06T18:06:50.003+0300] {processor.py:914} INFO - Processing file /home/airflow/.local/lib/python3.12/site-packages/airflow/example_dags/example_sensors.py for tasks to queue
[2024-11-06T18:06:50.006+0300] {logging_mixin.py:190} INFO - [2024-11-06T18:06:50.005+0300] {dagbag.py:588} INFO - Filling up the DagBag from /home/airflow/.local/lib/python3.12/site-packages/airflow/example_dags/example_sensors.py
[2024-11-06T18:06:50.016+0300] {processor.py:925} INFO - DAG(s) 'example_sensors' retrieved from /home/airflow/.local/lib/python3.12/site-packages/airflow/example_dags/example_sensors.py
[2024-11-06T18:06:50.040+0300] {logging_mixin.py:190} INFO - [2024-11-06T18:06:50.040+0300] {dag.py:3239} INFO - Sync 1 DAGs
[2024-11-06T18:06:50.057+0300] {logging_mixin.py:190} INFO - [2024-11-06T18:06:50.057+0300] {dag.py:4180} INFO - Setting next_dagrun for example_sensors to None, run_after=None
[2024-11-06T18:06:50.091+0300] {processor.py:208} INFO - Processing /home/airflow/.local/lib/python3.12/site-packages/airflow/example_dags/example_sensors.py took 0.094 seconds
[2024-11-06T18:07:21.012+0300] {processor.py:186} INFO - Started process (PID=1860) to work on /home/airflow/.local/lib/python3.12/site-packages/airflow/example_dags/example_sensors.py
[2024-11-06T18:07:21.013+0300] {processor.py:914} INFO - Processing file /home/airflow/.local/lib/python3.12/site-packages/airflow/example_dags/example_sensors.py for tasks to queue
[2024-11-06T18:07:21.015+0300] {logging_mixin.py:190} INFO - [2024-11-06T18:07:21.014+0300] {dagbag.py:588} INFO - Filling up the DagBag from /home/airflow/.local/lib/python3.12/site-packages/airflow/example_dags/example_sensors.py
[2024-11-06T18:07:21.023+0300] {processor.py:925} INFO - DAG(s) 'example_sensors' retrieved from /home/airflow/.local/lib/python3.12/site-packages/airflow/example_dags/example_sensors.py
[2024-11-06T18:07:21.045+0300] {logging_mixin.py:190} INFO - [2024-11-06T18:07:21.045+0300] {dag.py:3239} INFO - Sync 1 DAGs
[2024-11-06T18:07:21.057+0300] {logging_mixin.py:190} INFO - [2024-11-06T18:07:21.057+0300] {dag.py:4180} INFO - Setting next_dagrun for example_sensors to None, run_after=None
[2024-11-06T18:07:21.087+0300] {processor.py:208} INFO - Processing /home/airflow/.local/lib/python3.12/site-packages/airflow/example_dags/example_sensors.py took 0.082 seconds
[2024-11-06T18:07:51.433+0300] {processor.py:186} INFO - Started process (PID=1929) to work on /home/airflow/.local/lib/python3.12/site-packages/airflow/example_dags/example_sensors.py
[2024-11-06T18:07:51.434+0300] {processor.py:914} INFO - Processing file /home/airflow/.local/lib/python3.12/site-packages/airflow/example_dags/example_sensors.py for tasks to queue
[2024-11-06T18:07:51.437+0300] {logging_mixin.py:190} INFO - [2024-11-06T18:07:51.437+0300] {dagbag.py:588} INFO - Filling up the DagBag from /home/airflow/.local/lib/python3.12/site-packages/airflow/example_dags/example_sensors.py
[2024-11-06T18:07:51.446+0300] {processor.py:925} INFO - DAG(s) 'example_sensors' retrieved from /home/airflow/.local/lib/python3.12/site-packages/airflow/example_dags/example_sensors.py
[2024-11-06T18:07:51.469+0300] {logging_mixin.py:190} INFO - [2024-11-06T18:07:51.469+0300] {dag.py:3239} INFO - Sync 1 DAGs
[2024-11-06T18:07:51.482+0300] {logging_mixin.py:190} INFO - [2024-11-06T18:07:51.481+0300] {dag.py:4180} INFO - Setting next_dagrun for example_sensors to None, run_after=None
[2024-11-06T18:07:51.512+0300] {processor.py:208} INFO - Processing /home/airflow/.local/lib/python3.12/site-packages/airflow/example_dags/example_sensors.py took 0.084 seconds
[2024-11-06T18:08:22.542+0300] {processor.py:186} INFO - Started process (PID=1998) to work on /home/airflow/.local/lib/python3.12/site-packages/airflow/example_dags/example_sensors.py
[2024-11-06T18:08:22.543+0300] {processor.py:914} INFO - Processing file /home/airflow/.local/lib/python3.12/site-packages/airflow/example_dags/example_sensors.py for tasks to queue
[2024-11-06T18:08:22.545+0300] {logging_mixin.py:190} INFO - [2024-11-06T18:08:22.545+0300] {dagbag.py:588} INFO - Filling up the DagBag from /home/airflow/.local/lib/python3.12/site-packages/airflow/example_dags/example_sensors.py
[2024-11-06T18:08:22.557+0300] {processor.py:925} INFO - DAG(s) 'example_sensors' retrieved from /home/airflow/.local/lib/python3.12/site-packages/airflow/example_dags/example_sensors.py
[2024-11-06T18:08:22.585+0300] {logging_mixin.py:190} INFO - [2024-11-06T18:08:22.584+0300] {dag.py:3239} INFO - Sync 1 DAGs
[2024-11-06T18:08:22.600+0300] {logging_mixin.py:190} INFO - [2024-11-06T18:08:22.600+0300] {dag.py:4180} INFO - Setting next_dagrun for example_sensors to None, run_after=None
[2024-11-06T18:08:22.628+0300] {processor.py:208} INFO - Processing /home/airflow/.local/lib/python3.12/site-packages/airflow/example_dags/example_sensors.py took 0.091 seconds
[2024-11-06T18:08:52.787+0300] {processor.py:186} INFO - Started process (PID=2066) to work on /home/airflow/.local/lib/python3.12/site-packages/airflow/example_dags/example_sensors.py
[2024-11-06T18:08:52.788+0300] {processor.py:914} INFO - Processing file /home/airflow/.local/lib/python3.12/site-packages/airflow/example_dags/example_sensors.py for tasks to queue
[2024-11-06T18:08:52.790+0300] {logging_mixin.py:190} INFO - [2024-11-06T18:08:52.790+0300] {dagbag.py:588} INFO - Filling up the DagBag from /home/airflow/.local/lib/python3.12/site-packages/airflow/example_dags/example_sensors.py
[2024-11-06T18:08:52.799+0300] {processor.py:925} INFO - DAG(s) 'example_sensors' retrieved from /home/airflow/.local/lib/python3.12/site-packages/airflow/example_dags/example_sensors.py
[2024-11-06T18:08:52.822+0300] {logging_mixin.py:190} INFO - [2024-11-06T18:08:52.821+0300] {dag.py:3239} INFO - Sync 1 DAGs
[2024-11-06T18:08:52.833+0300] {logging_mixin.py:190} INFO - [2024-11-06T18:08:52.833+0300] {dag.py:4180} INFO - Setting next_dagrun for example_sensors to None, run_after=None
[2024-11-06T18:08:52.849+0300] {processor.py:208} INFO - Processing /home/airflow/.local/lib/python3.12/site-packages/airflow/example_dags/example_sensors.py took 0.068 seconds
[2024-11-06T18:09:23.536+0300] {processor.py:186} INFO - Started process (PID=2135) to work on /home/airflow/.local/lib/python3.12/site-packages/airflow/example_dags/example_sensors.py
[2024-11-06T18:09:23.537+0300] {processor.py:914} INFO - Processing file /home/airflow/.local/lib/python3.12/site-packages/airflow/example_dags/example_sensors.py for tasks to queue
[2024-11-06T18:09:23.539+0300] {logging_mixin.py:190} INFO - [2024-11-06T18:09:23.539+0300] {dagbag.py:588} INFO - Filling up the DagBag from /home/airflow/.local/lib/python3.12/site-packages/airflow/example_dags/example_sensors.py
[2024-11-06T18:09:23.551+0300] {processor.py:925} INFO - DAG(s) 'example_sensors' retrieved from /home/airflow/.local/lib/python3.12/site-packages/airflow/example_dags/example_sensors.py
[2024-11-06T18:09:23.575+0300] {logging_mixin.py:190} INFO - [2024-11-06T18:09:23.574+0300] {dag.py:3239} INFO - Sync 1 DAGs
[2024-11-06T18:09:23.592+0300] {logging_mixin.py:190} INFO - [2024-11-06T18:09:23.592+0300] {dag.py:4180} INFO - Setting next_dagrun for example_sensors to None, run_after=None
[2024-11-06T18:09:23.613+0300] {processor.py:208} INFO - Processing /home/airflow/.local/lib/python3.12/site-packages/airflow/example_dags/example_sensors.py took 0.084 seconds
[2024-11-06T18:09:54.504+0300] {processor.py:186} INFO - Started process (PID=2204) to work on /home/airflow/.local/lib/python3.12/site-packages/airflow/example_dags/example_sensors.py
[2024-11-06T18:09:54.505+0300] {processor.py:914} INFO - Processing file /home/airflow/.local/lib/python3.12/site-packages/airflow/example_dags/example_sensors.py for tasks to queue
[2024-11-06T18:09:54.508+0300] {logging_mixin.py:190} INFO - [2024-11-06T18:09:54.507+0300] {dagbag.py:588} INFO - Filling up the DagBag from /home/airflow/.local/lib/python3.12/site-packages/airflow/example_dags/example_sensors.py
[2024-11-06T18:09:54.516+0300] {processor.py:925} INFO - DAG(s) 'example_sensors' retrieved from /home/airflow/.local/lib/python3.12/site-packages/airflow/example_dags/example_sensors.py
[2024-11-06T18:09:54.539+0300] {logging_mixin.py:190} INFO - [2024-11-06T18:09:54.538+0300] {dag.py:3239} INFO - Sync 1 DAGs
[2024-11-06T18:09:54.549+0300] {logging_mixin.py:190} INFO - [2024-11-06T18:09:54.549+0300] {dag.py:4180} INFO - Setting next_dagrun for example_sensors to None, run_after=None
[2024-11-06T18:09:54.565+0300] {processor.py:208} INFO - Processing /home/airflow/.local/lib/python3.12/site-packages/airflow/example_dags/example_sensors.py took 0.065 seconds
[2024-11-06T18:10:26.497+0300] {processor.py:186} INFO - Started process (PID=2273) to work on /home/airflow/.local/lib/python3.12/site-packages/airflow/example_dags/example_sensors.py
[2024-11-06T18:10:26.498+0300] {processor.py:914} INFO - Processing file /home/airflow/.local/lib/python3.12/site-packages/airflow/example_dags/example_sensors.py for tasks to queue
[2024-11-06T18:10:26.508+0300] {logging_mixin.py:190} INFO - [2024-11-06T18:10:26.508+0300] {dagbag.py:588} INFO - Filling up the DagBag from /home/airflow/.local/lib/python3.12/site-packages/airflow/example_dags/example_sensors.py
[2024-11-06T18:10:26.518+0300] {processor.py:925} INFO - DAG(s) 'example_sensors' retrieved from /home/airflow/.local/lib/python3.12/site-packages/airflow/example_dags/example_sensors.py
[2024-11-06T18:10:26.546+0300] {logging_mixin.py:190} INFO - [2024-11-06T18:10:26.546+0300] {dag.py:3239} INFO - Sync 1 DAGs
[2024-11-06T18:10:26.560+0300] {logging_mixin.py:190} INFO - [2024-11-06T18:10:26.560+0300] {dag.py:4180} INFO - Setting next_dagrun for example_sensors to None, run_after=None
[2024-11-06T18:10:26.578+0300] {processor.py:208} INFO - Processing /home/airflow/.local/lib/python3.12/site-packages/airflow/example_dags/example_sensors.py took 0.088 seconds
[2024-11-06T18:10:57.053+0300] {processor.py:186} INFO - Started process (PID=2342) to work on /home/airflow/.local/lib/python3.12/site-packages/airflow/example_dags/example_sensors.py
[2024-11-06T18:10:57.054+0300] {processor.py:914} INFO - Processing file /home/airflow/.local/lib/python3.12/site-packages/airflow/example_dags/example_sensors.py for tasks to queue
[2024-11-06T18:10:57.056+0300] {logging_mixin.py:190} INFO - [2024-11-06T18:10:57.056+0300] {dagbag.py:588} INFO - Filling up the DagBag from /home/airflow/.local/lib/python3.12/site-packages/airflow/example_dags/example_sensors.py
[2024-11-06T18:10:57.065+0300] {processor.py:925} INFO - DAG(s) 'example_sensors' retrieved from /home/airflow/.local/lib/python3.12/site-packages/airflow/example_dags/example_sensors.py
[2024-11-06T18:10:57.085+0300] {logging_mixin.py:190} INFO - [2024-11-06T18:10:57.085+0300] {dag.py:3239} INFO - Sync 1 DAGs
[2024-11-06T18:10:57.097+0300] {logging_mixin.py:190} INFO - [2024-11-06T18:10:57.097+0300] {dag.py:4180} INFO - Setting next_dagrun for example_sensors to None, run_after=None
[2024-11-06T18:10:57.118+0300] {processor.py:208} INFO - Processing /home/airflow/.local/lib/python3.12/site-packages/airflow/example_dags/example_sensors.py took 0.069 seconds
[2024-11-06T18:11:28.537+0300] {processor.py:186} INFO - Started process (PID=2410) to work on /home/airflow/.local/lib/python3.12/site-packages/airflow/example_dags/example_sensors.py
[2024-11-06T18:11:28.538+0300] {processor.py:914} INFO - Processing file /home/airflow/.local/lib/python3.12/site-packages/airflow/example_dags/example_sensors.py for tasks to queue
[2024-11-06T18:11:28.541+0300] {logging_mixin.py:190} INFO - [2024-11-06T18:11:28.540+0300] {dagbag.py:588} INFO - Filling up the DagBag from /home/airflow/.local/lib/python3.12/site-packages/airflow/example_dags/example_sensors.py
[2024-11-06T18:11:28.552+0300] {processor.py:925} INFO - DAG(s) 'example_sensors' retrieved from /home/airflow/.local/lib/python3.12/site-packages/airflow/example_dags/example_sensors.py
[2024-11-06T18:11:28.579+0300] {logging_mixin.py:190} INFO - [2024-11-06T18:11:28.579+0300] {dag.py:3239} INFO - Sync 1 DAGs
[2024-11-06T18:11:28.593+0300] {logging_mixin.py:190} INFO - [2024-11-06T18:11:28.593+0300] {dag.py:4180} INFO - Setting next_dagrun for example_sensors to None, run_after=None
[2024-11-06T18:11:28.613+0300] {processor.py:208} INFO - Processing /home/airflow/.local/lib/python3.12/site-packages/airflow/example_dags/example_sensors.py took 0.081 seconds
