[2024-11-06T17:54:33.879+0300] {processor.py:186} INFO - Started process (PID=119) to work on /home/airflow/.local/lib/python3.12/site-packages/airflow/example_dags/example_latest_only_with_trigger.py
[2024-11-06T17:54:33.880+0300] {processor.py:914} INFO - Processing file /home/airflow/.local/lib/python3.12/site-packages/airflow/example_dags/example_latest_only_with_trigger.py for tasks to queue
[2024-11-06T17:54:33.883+0300] {logging_mixin.py:190} INFO - [2024-11-06T17:54:33.883+0300] {dagbag.py:588} INFO - Filling up the DagBag from /home/airflow/.local/lib/python3.12/site-packages/airflow/example_dags/example_latest_only_with_trigger.py
[2024-11-06T17:54:33.892+0300] {processor.py:925} INFO - DAG(s) 'latest_only_with_trigger' retrieved from /home/airflow/.local/lib/python3.12/site-packages/airflow/example_dags/example_latest_only_with_trigger.py
[2024-11-06T17:54:33.918+0300] {logging_mixin.py:190} INFO - [2024-11-06T17:54:33.918+0300] {dag.py:3239} INFO - Sync 1 DAGs
[2024-11-06T17:54:33.949+0300] {logging_mixin.py:190} INFO - [2024-11-06T17:54:33.949+0300] {dag.py:4180} INFO - Setting next_dagrun for latest_only_with_trigger to 2024-11-06 08:00:00+00:00, run_after=2024-11-06 12:00:00+00:00
[2024-11-06T17:54:33.974+0300] {processor.py:208} INFO - Processing /home/airflow/.local/lib/python3.12/site-packages/airflow/example_dags/example_latest_only_with_trigger.py took 0.102 seconds
[2024-11-06T17:55:04.081+0300] {processor.py:186} INFO - Started process (PID=211) to work on /home/airflow/.local/lib/python3.12/site-packages/airflow/example_dags/example_latest_only_with_trigger.py
[2024-11-06T17:55:04.083+0300] {processor.py:914} INFO - Processing file /home/airflow/.local/lib/python3.12/site-packages/airflow/example_dags/example_latest_only_with_trigger.py for tasks to queue
[2024-11-06T17:55:04.086+0300] {logging_mixin.py:190} INFO - [2024-11-06T17:55:04.086+0300] {dagbag.py:588} INFO - Filling up the DagBag from /home/airflow/.local/lib/python3.12/site-packages/airflow/example_dags/example_latest_only_with_trigger.py
[2024-11-06T17:55:04.095+0300] {processor.py:925} INFO - DAG(s) 'latest_only_with_trigger' retrieved from /home/airflow/.local/lib/python3.12/site-packages/airflow/example_dags/example_latest_only_with_trigger.py
[2024-11-06T17:55:04.118+0300] {logging_mixin.py:190} INFO - [2024-11-06T17:55:04.117+0300] {dag.py:3239} INFO - Sync 1 DAGs
[2024-11-06T17:55:04.142+0300] {logging_mixin.py:190} INFO - [2024-11-06T17:55:04.142+0300] {dag.py:4180} INFO - Setting next_dagrun for latest_only_with_trigger to 2024-11-06 08:00:00+00:00, run_after=2024-11-06 12:00:00+00:00
[2024-11-06T17:55:04.175+0300] {processor.py:208} INFO - Processing /home/airflow/.local/lib/python3.12/site-packages/airflow/example_dags/example_latest_only_with_trigger.py took 0.100 seconds
[2024-11-06T17:55:35.149+0300] {processor.py:186} INFO - Started process (PID=282) to work on /home/airflow/.local/lib/python3.12/site-packages/airflow/example_dags/example_latest_only_with_trigger.py
[2024-11-06T17:55:35.152+0300] {processor.py:914} INFO - Processing file /home/airflow/.local/lib/python3.12/site-packages/airflow/example_dags/example_latest_only_with_trigger.py for tasks to queue
[2024-11-06T17:55:35.156+0300] {logging_mixin.py:190} INFO - [2024-11-06T17:55:35.156+0300] {dagbag.py:588} INFO - Filling up the DagBag from /home/airflow/.local/lib/python3.12/site-packages/airflow/example_dags/example_latest_only_with_trigger.py
[2024-11-06T17:55:35.168+0300] {processor.py:925} INFO - DAG(s) 'latest_only_with_trigger' retrieved from /home/airflow/.local/lib/python3.12/site-packages/airflow/example_dags/example_latest_only_with_trigger.py
[2024-11-06T17:55:35.198+0300] {logging_mixin.py:190} INFO - [2024-11-06T17:55:35.198+0300] {dag.py:3239} INFO - Sync 1 DAGs
[2024-11-06T17:55:35.237+0300] {logging_mixin.py:190} INFO - [2024-11-06T17:55:35.237+0300] {dag.py:4180} INFO - Setting next_dagrun for latest_only_with_trigger to 2024-11-06 08:00:00+00:00, run_after=2024-11-06 12:00:00+00:00
[2024-11-06T17:55:35.270+0300] {processor.py:208} INFO - Processing /home/airflow/.local/lib/python3.12/site-packages/airflow/example_dags/example_latest_only_with_trigger.py took 0.127 seconds
[2024-11-06T17:56:05.505+0300] {processor.py:186} INFO - Started process (PID=351) to work on /home/airflow/.local/lib/python3.12/site-packages/airflow/example_dags/example_latest_only_with_trigger.py
[2024-11-06T17:56:05.506+0300] {processor.py:914} INFO - Processing file /home/airflow/.local/lib/python3.12/site-packages/airflow/example_dags/example_latest_only_with_trigger.py for tasks to queue
[2024-11-06T17:56:05.508+0300] {logging_mixin.py:190} INFO - [2024-11-06T17:56:05.508+0300] {dagbag.py:588} INFO - Filling up the DagBag from /home/airflow/.local/lib/python3.12/site-packages/airflow/example_dags/example_latest_only_with_trigger.py
[2024-11-06T17:56:05.514+0300] {processor.py:925} INFO - DAG(s) 'latest_only_with_trigger' retrieved from /home/airflow/.local/lib/python3.12/site-packages/airflow/example_dags/example_latest_only_with_trigger.py
[2024-11-06T17:56:05.531+0300] {logging_mixin.py:190} INFO - [2024-11-06T17:56:05.531+0300] {dag.py:3239} INFO - Sync 1 DAGs
[2024-11-06T17:56:05.554+0300] {logging_mixin.py:190} INFO - [2024-11-06T17:56:05.554+0300] {dag.py:4180} INFO - Setting next_dagrun for latest_only_with_trigger to 2024-11-06 08:00:00+00:00, run_after=2024-11-06 12:00:00+00:00
[2024-11-06T17:56:05.575+0300] {processor.py:208} INFO - Processing /home/airflow/.local/lib/python3.12/site-packages/airflow/example_dags/example_latest_only_with_trigger.py took 0.075 seconds
[2024-11-06T17:56:36.052+0300] {processor.py:186} INFO - Started process (PID=420) to work on /home/airflow/.local/lib/python3.12/site-packages/airflow/example_dags/example_latest_only_with_trigger.py
[2024-11-06T17:56:36.053+0300] {processor.py:914} INFO - Processing file /home/airflow/.local/lib/python3.12/site-packages/airflow/example_dags/example_latest_only_with_trigger.py for tasks to queue
[2024-11-06T17:56:36.055+0300] {logging_mixin.py:190} INFO - [2024-11-06T17:56:36.055+0300] {dagbag.py:588} INFO - Filling up the DagBag from /home/airflow/.local/lib/python3.12/site-packages/airflow/example_dags/example_latest_only_with_trigger.py
[2024-11-06T17:56:36.061+0300] {processor.py:925} INFO - DAG(s) 'latest_only_with_trigger' retrieved from /home/airflow/.local/lib/python3.12/site-packages/airflow/example_dags/example_latest_only_with_trigger.py
[2024-11-06T17:56:36.079+0300] {logging_mixin.py:190} INFO - [2024-11-06T17:56:36.079+0300] {dag.py:3239} INFO - Sync 1 DAGs
[2024-11-06T17:56:36.098+0300] {logging_mixin.py:190} INFO - [2024-11-06T17:56:36.098+0300] {dag.py:4180} INFO - Setting next_dagrun for latest_only_with_trigger to 2024-11-06 08:00:00+00:00, run_after=2024-11-06 12:00:00+00:00
[2024-11-06T17:56:36.115+0300] {processor.py:208} INFO - Processing /home/airflow/.local/lib/python3.12/site-packages/airflow/example_dags/example_latest_only_with_trigger.py took 0.067 seconds
[2024-11-06T17:57:06.892+0300] {processor.py:186} INFO - Started process (PID=489) to work on /home/airflow/.local/lib/python3.12/site-packages/airflow/example_dags/example_latest_only_with_trigger.py
[2024-11-06T17:57:06.893+0300] {processor.py:914} INFO - Processing file /home/airflow/.local/lib/python3.12/site-packages/airflow/example_dags/example_latest_only_with_trigger.py for tasks to queue
[2024-11-06T17:57:06.895+0300] {logging_mixin.py:190} INFO - [2024-11-06T17:57:06.895+0300] {dagbag.py:588} INFO - Filling up the DagBag from /home/airflow/.local/lib/python3.12/site-packages/airflow/example_dags/example_latest_only_with_trigger.py
[2024-11-06T17:57:06.901+0300] {processor.py:925} INFO - DAG(s) 'latest_only_with_trigger' retrieved from /home/airflow/.local/lib/python3.12/site-packages/airflow/example_dags/example_latest_only_with_trigger.py
[2024-11-06T17:57:06.916+0300] {logging_mixin.py:190} INFO - [2024-11-06T17:57:06.916+0300] {dag.py:3239} INFO - Sync 1 DAGs
[2024-11-06T17:57:06.933+0300] {logging_mixin.py:190} INFO - [2024-11-06T17:57:06.932+0300] {dag.py:4180} INFO - Setting next_dagrun for latest_only_with_trigger to 2024-11-06 08:00:00+00:00, run_after=2024-11-06 12:00:00+00:00
[2024-11-06T17:57:06.974+0300] {processor.py:208} INFO - Processing /home/airflow/.local/lib/python3.12/site-packages/airflow/example_dags/example_latest_only_with_trigger.py took 0.087 seconds
[2024-11-06T17:57:37.435+0300] {processor.py:186} INFO - Started process (PID=559) to work on /home/airflow/.local/lib/python3.12/site-packages/airflow/example_dags/example_latest_only_with_trigger.py
[2024-11-06T17:57:37.436+0300] {processor.py:914} INFO - Processing file /home/airflow/.local/lib/python3.12/site-packages/airflow/example_dags/example_latest_only_with_trigger.py for tasks to queue
[2024-11-06T17:57:37.438+0300] {logging_mixin.py:190} INFO - [2024-11-06T17:57:37.438+0300] {dagbag.py:588} INFO - Filling up the DagBag from /home/airflow/.local/lib/python3.12/site-packages/airflow/example_dags/example_latest_only_with_trigger.py
[2024-11-06T17:57:37.444+0300] {processor.py:925} INFO - DAG(s) 'latest_only_with_trigger' retrieved from /home/airflow/.local/lib/python3.12/site-packages/airflow/example_dags/example_latest_only_with_trigger.py
[2024-11-06T17:57:37.460+0300] {logging_mixin.py:190} INFO - [2024-11-06T17:57:37.459+0300] {dag.py:3239} INFO - Sync 1 DAGs
[2024-11-06T17:57:37.475+0300] {logging_mixin.py:190} INFO - [2024-11-06T17:57:37.475+0300] {dag.py:4180} INFO - Setting next_dagrun for latest_only_with_trigger to 2024-11-06 08:00:00+00:00, run_after=2024-11-06 12:00:00+00:00
[2024-11-06T17:57:37.490+0300] {processor.py:208} INFO - Processing /home/airflow/.local/lib/python3.12/site-packages/airflow/example_dags/example_latest_only_with_trigger.py took 0.060 seconds
[2024-11-06T17:58:07.711+0300] {processor.py:186} INFO - Started process (PID=628) to work on /home/airflow/.local/lib/python3.12/site-packages/airflow/example_dags/example_latest_only_with_trigger.py
[2024-11-06T17:58:07.713+0300] {processor.py:914} INFO - Processing file /home/airflow/.local/lib/python3.12/site-packages/airflow/example_dags/example_latest_only_with_trigger.py for tasks to queue
[2024-11-06T17:58:07.715+0300] {logging_mixin.py:190} INFO - [2024-11-06T17:58:07.715+0300] {dagbag.py:588} INFO - Filling up the DagBag from /home/airflow/.local/lib/python3.12/site-packages/airflow/example_dags/example_latest_only_with_trigger.py
[2024-11-06T17:58:07.723+0300] {processor.py:925} INFO - DAG(s) 'latest_only_with_trigger' retrieved from /home/airflow/.local/lib/python3.12/site-packages/airflow/example_dags/example_latest_only_with_trigger.py
[2024-11-06T17:58:07.747+0300] {logging_mixin.py:190} INFO - [2024-11-06T17:58:07.746+0300] {dag.py:3239} INFO - Sync 1 DAGs
[2024-11-06T17:58:07.775+0300] {logging_mixin.py:190} INFO - [2024-11-06T17:58:07.775+0300] {dag.py:4180} INFO - Setting next_dagrun for latest_only_with_trigger to 2024-11-06 08:00:00+00:00, run_after=2024-11-06 12:00:00+00:00
[2024-11-06T17:58:07.800+0300] {processor.py:208} INFO - Processing /home/airflow/.local/lib/python3.12/site-packages/airflow/example_dags/example_latest_only_with_trigger.py took 0.094 seconds
[2024-11-06T17:58:38.648+0300] {processor.py:186} INFO - Started process (PID=697) to work on /home/airflow/.local/lib/python3.12/site-packages/airflow/example_dags/example_latest_only_with_trigger.py
[2024-11-06T17:58:38.649+0300] {processor.py:914} INFO - Processing file /home/airflow/.local/lib/python3.12/site-packages/airflow/example_dags/example_latest_only_with_trigger.py for tasks to queue
[2024-11-06T17:58:38.653+0300] {logging_mixin.py:190} INFO - [2024-11-06T17:58:38.652+0300] {dagbag.py:588} INFO - Filling up the DagBag from /home/airflow/.local/lib/python3.12/site-packages/airflow/example_dags/example_latest_only_with_trigger.py
[2024-11-06T17:58:38.662+0300] {processor.py:925} INFO - DAG(s) 'latest_only_with_trigger' retrieved from /home/airflow/.local/lib/python3.12/site-packages/airflow/example_dags/example_latest_only_with_trigger.py
[2024-11-06T17:58:38.684+0300] {logging_mixin.py:190} INFO - [2024-11-06T17:58:38.684+0300] {dag.py:3239} INFO - Sync 1 DAGs
[2024-11-06T17:58:38.704+0300] {logging_mixin.py:190} INFO - [2024-11-06T17:58:38.704+0300] {dag.py:4180} INFO - Setting next_dagrun for latest_only_with_trigger to 2024-11-06 08:00:00+00:00, run_after=2024-11-06 12:00:00+00:00
[2024-11-06T17:58:38.724+0300] {processor.py:208} INFO - Processing /home/airflow/.local/lib/python3.12/site-packages/airflow/example_dags/example_latest_only_with_trigger.py took 0.083 seconds
[2024-11-06T17:59:09.237+0300] {processor.py:186} INFO - Started process (PID=766) to work on /home/airflow/.local/lib/python3.12/site-packages/airflow/example_dags/example_latest_only_with_trigger.py
[2024-11-06T17:59:09.238+0300] {processor.py:914} INFO - Processing file /home/airflow/.local/lib/python3.12/site-packages/airflow/example_dags/example_latest_only_with_trigger.py for tasks to queue
[2024-11-06T17:59:09.243+0300] {logging_mixin.py:190} INFO - [2024-11-06T17:59:09.242+0300] {dagbag.py:588} INFO - Filling up the DagBag from /home/airflow/.local/lib/python3.12/site-packages/airflow/example_dags/example_latest_only_with_trigger.py
[2024-11-06T17:59:09.257+0300] {processor.py:925} INFO - DAG(s) 'latest_only_with_trigger' retrieved from /home/airflow/.local/lib/python3.12/site-packages/airflow/example_dags/example_latest_only_with_trigger.py
[2024-11-06T17:59:09.287+0300] {logging_mixin.py:190} INFO - [2024-11-06T17:59:09.287+0300] {dag.py:3239} INFO - Sync 1 DAGs
[2024-11-06T17:59:09.310+0300] {logging_mixin.py:190} INFO - [2024-11-06T17:59:09.309+0300] {dag.py:4180} INFO - Setting next_dagrun for latest_only_with_trigger to 2024-11-06 08:00:00+00:00, run_after=2024-11-06 12:00:00+00:00
[2024-11-06T17:59:09.328+0300] {processor.py:208} INFO - Processing /home/airflow/.local/lib/python3.12/site-packages/airflow/example_dags/example_latest_only_with_trigger.py took 0.099 seconds
[2024-11-06T17:59:39.787+0300] {processor.py:186} INFO - Started process (PID=835) to work on /home/airflow/.local/lib/python3.12/site-packages/airflow/example_dags/example_latest_only_with_trigger.py
[2024-11-06T17:59:39.788+0300] {processor.py:914} INFO - Processing file /home/airflow/.local/lib/python3.12/site-packages/airflow/example_dags/example_latest_only_with_trigger.py for tasks to queue
[2024-11-06T17:59:39.791+0300] {logging_mixin.py:190} INFO - [2024-11-06T17:59:39.790+0300] {dagbag.py:588} INFO - Filling up the DagBag from /home/airflow/.local/lib/python3.12/site-packages/airflow/example_dags/example_latest_only_with_trigger.py
[2024-11-06T17:59:39.798+0300] {processor.py:925} INFO - DAG(s) 'latest_only_with_trigger' retrieved from /home/airflow/.local/lib/python3.12/site-packages/airflow/example_dags/example_latest_only_with_trigger.py
[2024-11-06T17:59:39.823+0300] {logging_mixin.py:190} INFO - [2024-11-06T17:59:39.822+0300] {dag.py:3239} INFO - Sync 1 DAGs
[2024-11-06T17:59:39.852+0300] {logging_mixin.py:190} INFO - [2024-11-06T17:59:39.852+0300] {dag.py:4180} INFO - Setting next_dagrun for latest_only_with_trigger to 2024-11-06 08:00:00+00:00, run_after=2024-11-06 12:00:00+00:00
[2024-11-06T17:59:39.875+0300] {processor.py:208} INFO - Processing /home/airflow/.local/lib/python3.12/site-packages/airflow/example_dags/example_latest_only_with_trigger.py took 0.095 seconds
[2024-11-06T18:00:10.109+0300] {processor.py:186} INFO - Started process (PID=904) to work on /home/airflow/.local/lib/python3.12/site-packages/airflow/example_dags/example_latest_only_with_trigger.py
[2024-11-06T18:00:10.110+0300] {processor.py:914} INFO - Processing file /home/airflow/.local/lib/python3.12/site-packages/airflow/example_dags/example_latest_only_with_trigger.py for tasks to queue
[2024-11-06T18:00:10.112+0300] {logging_mixin.py:190} INFO - [2024-11-06T18:00:10.112+0300] {dagbag.py:588} INFO - Filling up the DagBag from /home/airflow/.local/lib/python3.12/site-packages/airflow/example_dags/example_latest_only_with_trigger.py
[2024-11-06T18:00:10.119+0300] {processor.py:925} INFO - DAG(s) 'latest_only_with_trigger' retrieved from /home/airflow/.local/lib/python3.12/site-packages/airflow/example_dags/example_latest_only_with_trigger.py
[2024-11-06T18:00:10.136+0300] {logging_mixin.py:190} INFO - [2024-11-06T18:00:10.136+0300] {dag.py:3239} INFO - Sync 1 DAGs
[2024-11-06T18:00:10.156+0300] {logging_mixin.py:190} INFO - [2024-11-06T18:00:10.156+0300] {dag.py:4180} INFO - Setting next_dagrun for latest_only_with_trigger to 2024-11-06 08:00:00+00:00, run_after=2024-11-06 12:00:00+00:00
[2024-11-06T18:00:10.174+0300] {processor.py:208} INFO - Processing /home/airflow/.local/lib/python3.12/site-packages/airflow/example_dags/example_latest_only_with_trigger.py took 0.069 seconds
[2024-11-06T18:00:40.999+0300] {processor.py:186} INFO - Started process (PID=973) to work on /home/airflow/.local/lib/python3.12/site-packages/airflow/example_dags/example_latest_only_with_trigger.py
[2024-11-06T18:00:41.001+0300] {processor.py:914} INFO - Processing file /home/airflow/.local/lib/python3.12/site-packages/airflow/example_dags/example_latest_only_with_trigger.py for tasks to queue
[2024-11-06T18:00:41.003+0300] {logging_mixin.py:190} INFO - [2024-11-06T18:00:41.003+0300] {dagbag.py:588} INFO - Filling up the DagBag from /home/airflow/.local/lib/python3.12/site-packages/airflow/example_dags/example_latest_only_with_trigger.py
[2024-11-06T18:00:41.009+0300] {processor.py:925} INFO - DAG(s) 'latest_only_with_trigger' retrieved from /home/airflow/.local/lib/python3.12/site-packages/airflow/example_dags/example_latest_only_with_trigger.py
[2024-11-06T18:00:41.026+0300] {logging_mixin.py:190} INFO - [2024-11-06T18:00:41.026+0300] {dag.py:3239} INFO - Sync 1 DAGs
[2024-11-06T18:00:41.043+0300] {logging_mixin.py:190} INFO - [2024-11-06T18:00:41.043+0300] {dag.py:4180} INFO - Setting next_dagrun for latest_only_with_trigger to 2024-11-06 08:00:00+00:00, run_after=2024-11-06 12:00:00+00:00
[2024-11-06T18:00:41.059+0300] {processor.py:208} INFO - Processing /home/airflow/.local/lib/python3.12/site-packages/airflow/example_dags/example_latest_only_with_trigger.py took 0.065 seconds
[2024-11-06T18:01:11.527+0300] {processor.py:186} INFO - Started process (PID=1042) to work on /home/airflow/.local/lib/python3.12/site-packages/airflow/example_dags/example_latest_only_with_trigger.py
[2024-11-06T18:01:11.528+0300] {processor.py:914} INFO - Processing file /home/airflow/.local/lib/python3.12/site-packages/airflow/example_dags/example_latest_only_with_trigger.py for tasks to queue
[2024-11-06T18:01:11.530+0300] {logging_mixin.py:190} INFO - [2024-11-06T18:01:11.530+0300] {dagbag.py:588} INFO - Filling up the DagBag from /home/airflow/.local/lib/python3.12/site-packages/airflow/example_dags/example_latest_only_with_trigger.py
[2024-11-06T18:01:11.536+0300] {processor.py:925} INFO - DAG(s) 'latest_only_with_trigger' retrieved from /home/airflow/.local/lib/python3.12/site-packages/airflow/example_dags/example_latest_only_with_trigger.py
[2024-11-06T18:01:11.552+0300] {logging_mixin.py:190} INFO - [2024-11-06T18:01:11.552+0300] {dag.py:3239} INFO - Sync 1 DAGs
[2024-11-06T18:01:11.572+0300] {logging_mixin.py:190} INFO - [2024-11-06T18:01:11.572+0300] {dag.py:4180} INFO - Setting next_dagrun for latest_only_with_trigger to 2024-11-06 08:00:00+00:00, run_after=2024-11-06 12:00:00+00:00
[2024-11-06T18:01:11.590+0300] {processor.py:208} INFO - Processing /home/airflow/.local/lib/python3.12/site-packages/airflow/example_dags/example_latest_only_with_trigger.py took 0.069 seconds
[2024-11-06T18:01:41.880+0300] {processor.py:186} INFO - Started process (PID=1111) to work on /home/airflow/.local/lib/python3.12/site-packages/airflow/example_dags/example_latest_only_with_trigger.py
[2024-11-06T18:01:41.881+0300] {processor.py:914} INFO - Processing file /home/airflow/.local/lib/python3.12/site-packages/airflow/example_dags/example_latest_only_with_trigger.py for tasks to queue
[2024-11-06T18:01:41.884+0300] {logging_mixin.py:190} INFO - [2024-11-06T18:01:41.883+0300] {dagbag.py:588} INFO - Filling up the DagBag from /home/airflow/.local/lib/python3.12/site-packages/airflow/example_dags/example_latest_only_with_trigger.py
[2024-11-06T18:01:41.891+0300] {processor.py:925} INFO - DAG(s) 'latest_only_with_trigger' retrieved from /home/airflow/.local/lib/python3.12/site-packages/airflow/example_dags/example_latest_only_with_trigger.py
[2024-11-06T18:01:41.910+0300] {logging_mixin.py:190} INFO - [2024-11-06T18:01:41.910+0300] {dag.py:3239} INFO - Sync 1 DAGs
[2024-11-06T18:01:41.929+0300] {logging_mixin.py:190} INFO - [2024-11-06T18:01:41.928+0300] {dag.py:4180} INFO - Setting next_dagrun for latest_only_with_trigger to 2024-11-06 08:00:00+00:00, run_after=2024-11-06 12:00:00+00:00
[2024-11-06T18:01:41.945+0300] {processor.py:208} INFO - Processing /home/airflow/.local/lib/python3.12/site-packages/airflow/example_dags/example_latest_only_with_trigger.py took 0.070 seconds
[2024-11-06T18:02:13.088+0300] {processor.py:186} INFO - Started process (PID=1180) to work on /home/airflow/.local/lib/python3.12/site-packages/airflow/example_dags/example_latest_only_with_trigger.py
[2024-11-06T18:02:13.089+0300] {processor.py:914} INFO - Processing file /home/airflow/.local/lib/python3.12/site-packages/airflow/example_dags/example_latest_only_with_trigger.py for tasks to queue
[2024-11-06T18:02:13.092+0300] {logging_mixin.py:190} INFO - [2024-11-06T18:02:13.092+0300] {dagbag.py:588} INFO - Filling up the DagBag from /home/airflow/.local/lib/python3.12/site-packages/airflow/example_dags/example_latest_only_with_trigger.py
[2024-11-06T18:02:13.098+0300] {processor.py:925} INFO - DAG(s) 'latest_only_with_trigger' retrieved from /home/airflow/.local/lib/python3.12/site-packages/airflow/example_dags/example_latest_only_with_trigger.py
[2024-11-06T18:02:13.117+0300] {logging_mixin.py:190} INFO - [2024-11-06T18:02:13.117+0300] {dag.py:3239} INFO - Sync 1 DAGs
[2024-11-06T18:02:13.138+0300] {logging_mixin.py:190} INFO - [2024-11-06T18:02:13.138+0300] {dag.py:4180} INFO - Setting next_dagrun for latest_only_with_trigger to 2024-11-06 08:00:00+00:00, run_after=2024-11-06 12:00:00+00:00
[2024-11-06T18:02:13.172+0300] {processor.py:208} INFO - Processing /home/airflow/.local/lib/python3.12/site-packages/airflow/example_dags/example_latest_only_with_trigger.py took 0.088 seconds
[2024-11-06T18:02:43.929+0300] {processor.py:186} INFO - Started process (PID=1249) to work on /home/airflow/.local/lib/python3.12/site-packages/airflow/example_dags/example_latest_only_with_trigger.py
[2024-11-06T18:02:43.930+0300] {processor.py:914} INFO - Processing file /home/airflow/.local/lib/python3.12/site-packages/airflow/example_dags/example_latest_only_with_trigger.py for tasks to queue
[2024-11-06T18:02:43.933+0300] {logging_mixin.py:190} INFO - [2024-11-06T18:02:43.933+0300] {dagbag.py:588} INFO - Filling up the DagBag from /home/airflow/.local/lib/python3.12/site-packages/airflow/example_dags/example_latest_only_with_trigger.py
[2024-11-06T18:02:43.941+0300] {processor.py:925} INFO - DAG(s) 'latest_only_with_trigger' retrieved from /home/airflow/.local/lib/python3.12/site-packages/airflow/example_dags/example_latest_only_with_trigger.py
[2024-11-06T18:02:43.960+0300] {logging_mixin.py:190} INFO - [2024-11-06T18:02:43.960+0300] {dag.py:3239} INFO - Sync 1 DAGs
[2024-11-06T18:02:43.980+0300] {logging_mixin.py:190} INFO - [2024-11-06T18:02:43.980+0300] {dag.py:4180} INFO - Setting next_dagrun for latest_only_with_trigger to 2024-11-06 08:00:00+00:00, run_after=2024-11-06 12:00:00+00:00
[2024-11-06T18:02:43.997+0300] {processor.py:208} INFO - Processing /home/airflow/.local/lib/python3.12/site-packages/airflow/example_dags/example_latest_only_with_trigger.py took 0.074 seconds
[2024-11-06T18:03:14.480+0300] {processor.py:186} INFO - Started process (PID=1318) to work on /home/airflow/.local/lib/python3.12/site-packages/airflow/example_dags/example_latest_only_with_trigger.py
[2024-11-06T18:03:14.481+0300] {processor.py:914} INFO - Processing file /home/airflow/.local/lib/python3.12/site-packages/airflow/example_dags/example_latest_only_with_trigger.py for tasks to queue
[2024-11-06T18:03:14.484+0300] {logging_mixin.py:190} INFO - [2024-11-06T18:03:14.483+0300] {dagbag.py:588} INFO - Filling up the DagBag from /home/airflow/.local/lib/python3.12/site-packages/airflow/example_dags/example_latest_only_with_trigger.py
[2024-11-06T18:03:14.490+0300] {processor.py:925} INFO - DAG(s) 'latest_only_with_trigger' retrieved from /home/airflow/.local/lib/python3.12/site-packages/airflow/example_dags/example_latest_only_with_trigger.py
[2024-11-06T18:03:14.507+0300] {logging_mixin.py:190} INFO - [2024-11-06T18:03:14.507+0300] {dag.py:3239} INFO - Sync 1 DAGs
[2024-11-06T18:03:14.525+0300] {logging_mixin.py:190} INFO - [2024-11-06T18:03:14.525+0300] {dag.py:4180} INFO - Setting next_dagrun for latest_only_with_trigger to 2024-11-06 08:00:00+00:00, run_after=2024-11-06 12:00:00+00:00
[2024-11-06T18:03:14.542+0300] {processor.py:208} INFO - Processing /home/airflow/.local/lib/python3.12/site-packages/airflow/example_dags/example_latest_only_with_trigger.py took 0.067 seconds
[2024-11-06T18:03:44.914+0300] {processor.py:186} INFO - Started process (PID=1386) to work on /home/airflow/.local/lib/python3.12/site-packages/airflow/example_dags/example_latest_only_with_trigger.py
[2024-11-06T18:03:44.916+0300] {processor.py:914} INFO - Processing file /home/airflow/.local/lib/python3.12/site-packages/airflow/example_dags/example_latest_only_with_trigger.py for tasks to queue
[2024-11-06T18:03:44.918+0300] {logging_mixin.py:190} INFO - [2024-11-06T18:03:44.918+0300] {dagbag.py:588} INFO - Filling up the DagBag from /home/airflow/.local/lib/python3.12/site-packages/airflow/example_dags/example_latest_only_with_trigger.py
[2024-11-06T18:03:44.925+0300] {processor.py:925} INFO - DAG(s) 'latest_only_with_trigger' retrieved from /home/airflow/.local/lib/python3.12/site-packages/airflow/example_dags/example_latest_only_with_trigger.py
[2024-11-06T18:03:44.947+0300] {logging_mixin.py:190} INFO - [2024-11-06T18:03:44.946+0300] {dag.py:3239} INFO - Sync 1 DAGs
[2024-11-06T18:03:44.973+0300] {logging_mixin.py:190} INFO - [2024-11-06T18:03:44.973+0300] {dag.py:4180} INFO - Setting next_dagrun for latest_only_with_trigger to 2024-11-06 08:00:00+00:00, run_after=2024-11-06 12:00:00+00:00
[2024-11-06T18:03:44.993+0300] {processor.py:208} INFO - Processing /home/airflow/.local/lib/python3.12/site-packages/airflow/example_dags/example_latest_only_with_trigger.py took 0.085 seconds
[2024-11-06T18:04:15.908+0300] {processor.py:186} INFO - Started process (PID=1455) to work on /home/airflow/.local/lib/python3.12/site-packages/airflow/example_dags/example_latest_only_with_trigger.py
[2024-11-06T18:04:15.909+0300] {processor.py:914} INFO - Processing file /home/airflow/.local/lib/python3.12/site-packages/airflow/example_dags/example_latest_only_with_trigger.py for tasks to queue
[2024-11-06T18:04:15.912+0300] {logging_mixin.py:190} INFO - [2024-11-06T18:04:15.912+0300] {dagbag.py:588} INFO - Filling up the DagBag from /home/airflow/.local/lib/python3.12/site-packages/airflow/example_dags/example_latest_only_with_trigger.py
[2024-11-06T18:04:15.920+0300] {processor.py:925} INFO - DAG(s) 'latest_only_with_trigger' retrieved from /home/airflow/.local/lib/python3.12/site-packages/airflow/example_dags/example_latest_only_with_trigger.py
[2024-11-06T18:04:15.939+0300] {logging_mixin.py:190} INFO - [2024-11-06T18:04:15.939+0300] {dag.py:3239} INFO - Sync 1 DAGs
[2024-11-06T18:04:15.961+0300] {logging_mixin.py:190} INFO - [2024-11-06T18:04:15.961+0300] {dag.py:4180} INFO - Setting next_dagrun for latest_only_with_trigger to 2024-11-06 08:00:00+00:00, run_after=2024-11-06 12:00:00+00:00
[2024-11-06T18:04:15.978+0300] {processor.py:208} INFO - Processing /home/airflow/.local/lib/python3.12/site-packages/airflow/example_dags/example_latest_only_with_trigger.py took 0.075 seconds
[2024-11-06T18:04:46.990+0300] {processor.py:186} INFO - Started process (PID=1524) to work on /home/airflow/.local/lib/python3.12/site-packages/airflow/example_dags/example_latest_only_with_trigger.py
[2024-11-06T18:04:46.991+0300] {processor.py:914} INFO - Processing file /home/airflow/.local/lib/python3.12/site-packages/airflow/example_dags/example_latest_only_with_trigger.py for tasks to queue
[2024-11-06T18:04:46.993+0300] {logging_mixin.py:190} INFO - [2024-11-06T18:04:46.993+0300] {dagbag.py:588} INFO - Filling up the DagBag from /home/airflow/.local/lib/python3.12/site-packages/airflow/example_dags/example_latest_only_with_trigger.py
[2024-11-06T18:04:47.000+0300] {processor.py:925} INFO - DAG(s) 'latest_only_with_trigger' retrieved from /home/airflow/.local/lib/python3.12/site-packages/airflow/example_dags/example_latest_only_with_trigger.py
[2024-11-06T18:04:47.020+0300] {logging_mixin.py:190} INFO - [2024-11-06T18:04:47.020+0300] {dag.py:3239} INFO - Sync 1 DAGs
[2024-11-06T18:04:47.045+0300] {logging_mixin.py:190} INFO - [2024-11-06T18:04:47.045+0300] {dag.py:4180} INFO - Setting next_dagrun for latest_only_with_trigger to 2024-11-06 08:00:00+00:00, run_after=2024-11-06 12:00:00+00:00
[2024-11-06T18:04:47.065+0300] {processor.py:208} INFO - Processing /home/airflow/.local/lib/python3.12/site-packages/airflow/example_dags/example_latest_only_with_trigger.py took 0.079 seconds
[2024-11-06T18:05:17.496+0300] {processor.py:186} INFO - Started process (PID=1593) to work on /home/airflow/.local/lib/python3.12/site-packages/airflow/example_dags/example_latest_only_with_trigger.py
[2024-11-06T18:05:17.497+0300] {processor.py:914} INFO - Processing file /home/airflow/.local/lib/python3.12/site-packages/airflow/example_dags/example_latest_only_with_trigger.py for tasks to queue
[2024-11-06T18:05:17.500+0300] {logging_mixin.py:190} INFO - [2024-11-06T18:05:17.500+0300] {dagbag.py:588} INFO - Filling up the DagBag from /home/airflow/.local/lib/python3.12/site-packages/airflow/example_dags/example_latest_only_with_trigger.py
[2024-11-06T18:05:17.507+0300] {processor.py:925} INFO - DAG(s) 'latest_only_with_trigger' retrieved from /home/airflow/.local/lib/python3.12/site-packages/airflow/example_dags/example_latest_only_with_trigger.py
[2024-11-06T18:05:17.528+0300] {logging_mixin.py:190} INFO - [2024-11-06T18:05:17.527+0300] {dag.py:3239} INFO - Sync 1 DAGs
[2024-11-06T18:05:17.552+0300] {logging_mixin.py:190} INFO - [2024-11-06T18:05:17.551+0300] {dag.py:4180} INFO - Setting next_dagrun for latest_only_with_trigger to 2024-11-06 08:00:00+00:00, run_after=2024-11-06 12:00:00+00:00
[2024-11-06T18:05:17.569+0300] {processor.py:208} INFO - Processing /home/airflow/.local/lib/python3.12/site-packages/airflow/example_dags/example_latest_only_with_trigger.py took 0.078 seconds
[2024-11-06T18:05:47.956+0300] {processor.py:186} INFO - Started process (PID=1662) to work on /home/airflow/.local/lib/python3.12/site-packages/airflow/example_dags/example_latest_only_with_trigger.py
[2024-11-06T18:05:47.957+0300] {processor.py:914} INFO - Processing file /home/airflow/.local/lib/python3.12/site-packages/airflow/example_dags/example_latest_only_with_trigger.py for tasks to queue
[2024-11-06T18:05:47.960+0300] {logging_mixin.py:190} INFO - [2024-11-06T18:05:47.959+0300] {dagbag.py:588} INFO - Filling up the DagBag from /home/airflow/.local/lib/python3.12/site-packages/airflow/example_dags/example_latest_only_with_trigger.py
[2024-11-06T18:05:47.966+0300] {processor.py:925} INFO - DAG(s) 'latest_only_with_trigger' retrieved from /home/airflow/.local/lib/python3.12/site-packages/airflow/example_dags/example_latest_only_with_trigger.py
[2024-11-06T18:05:47.982+0300] {logging_mixin.py:190} INFO - [2024-11-06T18:05:47.982+0300] {dag.py:3239} INFO - Sync 1 DAGs
[2024-11-06T18:05:48.001+0300] {logging_mixin.py:190} INFO - [2024-11-06T18:05:48.000+0300] {dag.py:4180} INFO - Setting next_dagrun for latest_only_with_trigger to 2024-11-06 08:00:00+00:00, run_after=2024-11-06 12:00:00+00:00
[2024-11-06T18:05:48.016+0300] {processor.py:208} INFO - Processing /home/airflow/.local/lib/python3.12/site-packages/airflow/example_dags/example_latest_only_with_trigger.py took 0.064 seconds
[2024-11-06T18:06:19.655+0300] {processor.py:186} INFO - Started process (PID=1731) to work on /home/airflow/.local/lib/python3.12/site-packages/airflow/example_dags/example_latest_only_with_trigger.py
[2024-11-06T18:06:19.656+0300] {processor.py:914} INFO - Processing file /home/airflow/.local/lib/python3.12/site-packages/airflow/example_dags/example_latest_only_with_trigger.py for tasks to queue
[2024-11-06T18:06:19.659+0300] {logging_mixin.py:190} INFO - [2024-11-06T18:06:19.658+0300] {dagbag.py:588} INFO - Filling up the DagBag from /home/airflow/.local/lib/python3.12/site-packages/airflow/example_dags/example_latest_only_with_trigger.py
[2024-11-06T18:06:19.666+0300] {processor.py:925} INFO - DAG(s) 'latest_only_with_trigger' retrieved from /home/airflow/.local/lib/python3.12/site-packages/airflow/example_dags/example_latest_only_with_trigger.py
[2024-11-06T18:06:19.686+0300] {logging_mixin.py:190} INFO - [2024-11-06T18:06:19.686+0300] {dag.py:3239} INFO - Sync 1 DAGs
[2024-11-06T18:06:19.705+0300] {logging_mixin.py:190} INFO - [2024-11-06T18:06:19.705+0300] {dag.py:4180} INFO - Setting next_dagrun for latest_only_with_trigger to 2024-11-06 08:00:00+00:00, run_after=2024-11-06 12:00:00+00:00
[2024-11-06T18:06:19.723+0300] {processor.py:208} INFO - Processing /home/airflow/.local/lib/python3.12/site-packages/airflow/example_dags/example_latest_only_with_trigger.py took 0.073 seconds
[2024-11-06T18:06:50.707+0300] {processor.py:186} INFO - Started process (PID=1800) to work on /home/airflow/.local/lib/python3.12/site-packages/airflow/example_dags/example_latest_only_with_trigger.py
[2024-11-06T18:06:50.709+0300] {processor.py:914} INFO - Processing file /home/airflow/.local/lib/python3.12/site-packages/airflow/example_dags/example_latest_only_with_trigger.py for tasks to queue
[2024-11-06T18:06:50.712+0300] {logging_mixin.py:190} INFO - [2024-11-06T18:06:50.711+0300] {dagbag.py:588} INFO - Filling up the DagBag from /home/airflow/.local/lib/python3.12/site-packages/airflow/example_dags/example_latest_only_with_trigger.py
[2024-11-06T18:06:50.718+0300] {processor.py:925} INFO - DAG(s) 'latest_only_with_trigger' retrieved from /home/airflow/.local/lib/python3.12/site-packages/airflow/example_dags/example_latest_only_with_trigger.py
[2024-11-06T18:06:50.737+0300] {logging_mixin.py:190} INFO - [2024-11-06T18:06:50.737+0300] {dag.py:3239} INFO - Sync 1 DAGs
[2024-11-06T18:06:50.757+0300] {logging_mixin.py:190} INFO - [2024-11-06T18:06:50.757+0300] {dag.py:4180} INFO - Setting next_dagrun for latest_only_with_trigger to 2024-11-06 08:00:00+00:00, run_after=2024-11-06 12:00:00+00:00
[2024-11-06T18:06:50.775+0300] {processor.py:208} INFO - Processing /home/airflow/.local/lib/python3.12/site-packages/airflow/example_dags/example_latest_only_with_trigger.py took 0.074 seconds
[2024-11-06T18:07:21.712+0300] {processor.py:186} INFO - Started process (PID=1869) to work on /home/airflow/.local/lib/python3.12/site-packages/airflow/example_dags/example_latest_only_with_trigger.py
[2024-11-06T18:07:21.713+0300] {processor.py:914} INFO - Processing file /home/airflow/.local/lib/python3.12/site-packages/airflow/example_dags/example_latest_only_with_trigger.py for tasks to queue
[2024-11-06T18:07:21.715+0300] {logging_mixin.py:190} INFO - [2024-11-06T18:07:21.715+0300] {dagbag.py:588} INFO - Filling up the DagBag from /home/airflow/.local/lib/python3.12/site-packages/airflow/example_dags/example_latest_only_with_trigger.py
[2024-11-06T18:07:21.721+0300] {processor.py:925} INFO - DAG(s) 'latest_only_with_trigger' retrieved from /home/airflow/.local/lib/python3.12/site-packages/airflow/example_dags/example_latest_only_with_trigger.py
[2024-11-06T18:07:21.737+0300] {logging_mixin.py:190} INFO - [2024-11-06T18:07:21.736+0300] {dag.py:3239} INFO - Sync 1 DAGs
[2024-11-06T18:07:21.755+0300] {logging_mixin.py:190} INFO - [2024-11-06T18:07:21.755+0300] {dag.py:4180} INFO - Setting next_dagrun for latest_only_with_trigger to 2024-11-06 08:00:00+00:00, run_after=2024-11-06 12:00:00+00:00
[2024-11-06T18:07:21.774+0300] {processor.py:208} INFO - Processing /home/airflow/.local/lib/python3.12/site-packages/airflow/example_dags/example_latest_only_with_trigger.py took 0.066 seconds
[2024-11-06T18:07:52.365+0300] {processor.py:186} INFO - Started process (PID=1938) to work on /home/airflow/.local/lib/python3.12/site-packages/airflow/example_dags/example_latest_only_with_trigger.py
[2024-11-06T18:07:52.368+0300] {processor.py:914} INFO - Processing file /home/airflow/.local/lib/python3.12/site-packages/airflow/example_dags/example_latest_only_with_trigger.py for tasks to queue
[2024-11-06T18:07:52.373+0300] {logging_mixin.py:190} INFO - [2024-11-06T18:07:52.372+0300] {dagbag.py:588} INFO - Filling up the DagBag from /home/airflow/.local/lib/python3.12/site-packages/airflow/example_dags/example_latest_only_with_trigger.py
[2024-11-06T18:07:52.384+0300] {processor.py:925} INFO - DAG(s) 'latest_only_with_trigger' retrieved from /home/airflow/.local/lib/python3.12/site-packages/airflow/example_dags/example_latest_only_with_trigger.py
[2024-11-06T18:07:52.410+0300] {logging_mixin.py:190} INFO - [2024-11-06T18:07:52.410+0300] {dag.py:3239} INFO - Sync 1 DAGs
[2024-11-06T18:07:52.441+0300] {logging_mixin.py:190} INFO - [2024-11-06T18:07:52.441+0300] {dag.py:4180} INFO - Setting next_dagrun for latest_only_with_trigger to 2024-11-06 08:00:00+00:00, run_after=2024-11-06 12:00:00+00:00
[2024-11-06T18:07:52.472+0300] {processor.py:208} INFO - Processing /home/airflow/.local/lib/python3.12/site-packages/airflow/example_dags/example_latest_only_with_trigger.py took 0.113 seconds
[2024-11-06T18:08:23.133+0300] {processor.py:186} INFO - Started process (PID=2007) to work on /home/airflow/.local/lib/python3.12/site-packages/airflow/example_dags/example_latest_only_with_trigger.py
[2024-11-06T18:08:23.134+0300] {processor.py:914} INFO - Processing file /home/airflow/.local/lib/python3.12/site-packages/airflow/example_dags/example_latest_only_with_trigger.py for tasks to queue
[2024-11-06T18:08:23.137+0300] {logging_mixin.py:190} INFO - [2024-11-06T18:08:23.136+0300] {dagbag.py:588} INFO - Filling up the DagBag from /home/airflow/.local/lib/python3.12/site-packages/airflow/example_dags/example_latest_only_with_trigger.py
[2024-11-06T18:08:23.143+0300] {processor.py:925} INFO - DAG(s) 'latest_only_with_trigger' retrieved from /home/airflow/.local/lib/python3.12/site-packages/airflow/example_dags/example_latest_only_with_trigger.py
[2024-11-06T18:08:23.163+0300] {logging_mixin.py:190} INFO - [2024-11-06T18:08:23.163+0300] {dag.py:3239} INFO - Sync 1 DAGs
[2024-11-06T18:08:23.187+0300] {logging_mixin.py:190} INFO - [2024-11-06T18:08:23.187+0300] {dag.py:4180} INFO - Setting next_dagrun for latest_only_with_trigger to 2024-11-06 08:00:00+00:00, run_after=2024-11-06 12:00:00+00:00
[2024-11-06T18:08:23.205+0300] {processor.py:208} INFO - Processing /home/airflow/.local/lib/python3.12/site-packages/airflow/example_dags/example_latest_only_with_trigger.py took 0.078 seconds
[2024-11-06T18:08:53.974+0300] {processor.py:186} INFO - Started process (PID=2076) to work on /home/airflow/.local/lib/python3.12/site-packages/airflow/example_dags/example_latest_only_with_trigger.py
[2024-11-06T18:08:53.975+0300] {processor.py:914} INFO - Processing file /home/airflow/.local/lib/python3.12/site-packages/airflow/example_dags/example_latest_only_with_trigger.py for tasks to queue
[2024-11-06T18:08:53.978+0300] {logging_mixin.py:190} INFO - [2024-11-06T18:08:53.977+0300] {dagbag.py:588} INFO - Filling up the DagBag from /home/airflow/.local/lib/python3.12/site-packages/airflow/example_dags/example_latest_only_with_trigger.py
[2024-11-06T18:08:53.983+0300] {processor.py:925} INFO - DAG(s) 'latest_only_with_trigger' retrieved from /home/airflow/.local/lib/python3.12/site-packages/airflow/example_dags/example_latest_only_with_trigger.py
[2024-11-06T18:08:54.002+0300] {logging_mixin.py:190} INFO - [2024-11-06T18:08:54.002+0300] {dag.py:3239} INFO - Sync 1 DAGs
[2024-11-06T18:08:54.022+0300] {logging_mixin.py:190} INFO - [2024-11-06T18:08:54.022+0300] {dag.py:4180} INFO - Setting next_dagrun for latest_only_with_trigger to 2024-11-06 08:00:00+00:00, run_after=2024-11-06 12:00:00+00:00
[2024-11-06T18:08:54.041+0300] {processor.py:208} INFO - Processing /home/airflow/.local/lib/python3.12/site-packages/airflow/example_dags/example_latest_only_with_trigger.py took 0.071 seconds
[2024-11-06T18:09:24.174+0300] {processor.py:186} INFO - Started process (PID=2145) to work on /home/airflow/.local/lib/python3.12/site-packages/airflow/example_dags/example_latest_only_with_trigger.py
[2024-11-06T18:09:24.175+0300] {processor.py:914} INFO - Processing file /home/airflow/.local/lib/python3.12/site-packages/airflow/example_dags/example_latest_only_with_trigger.py for tasks to queue
[2024-11-06T18:09:24.177+0300] {logging_mixin.py:190} INFO - [2024-11-06T18:09:24.177+0300] {dagbag.py:588} INFO - Filling up the DagBag from /home/airflow/.local/lib/python3.12/site-packages/airflow/example_dags/example_latest_only_with_trigger.py
[2024-11-06T18:09:24.183+0300] {processor.py:925} INFO - DAG(s) 'latest_only_with_trigger' retrieved from /home/airflow/.local/lib/python3.12/site-packages/airflow/example_dags/example_latest_only_with_trigger.py
[2024-11-06T18:09:24.199+0300] {logging_mixin.py:190} INFO - [2024-11-06T18:09:24.199+0300] {dag.py:3239} INFO - Sync 1 DAGs
[2024-11-06T18:09:24.220+0300] {logging_mixin.py:190} INFO - [2024-11-06T18:09:24.219+0300] {dag.py:4180} INFO - Setting next_dagrun for latest_only_with_trigger to 2024-11-06 08:00:00+00:00, run_after=2024-11-06 12:00:00+00:00
[2024-11-06T18:09:24.233+0300] {processor.py:208} INFO - Processing /home/airflow/.local/lib/python3.12/site-packages/airflow/example_dags/example_latest_only_with_trigger.py took 0.063 seconds
[2024-11-06T18:09:55.071+0300] {processor.py:186} INFO - Started process (PID=2213) to work on /home/airflow/.local/lib/python3.12/site-packages/airflow/example_dags/example_latest_only_with_trigger.py
[2024-11-06T18:09:55.071+0300] {processor.py:914} INFO - Processing file /home/airflow/.local/lib/python3.12/site-packages/airflow/example_dags/example_latest_only_with_trigger.py for tasks to queue
[2024-11-06T18:09:55.074+0300] {logging_mixin.py:190} INFO - [2024-11-06T18:09:55.073+0300] {dagbag.py:588} INFO - Filling up the DagBag from /home/airflow/.local/lib/python3.12/site-packages/airflow/example_dags/example_latest_only_with_trigger.py
[2024-11-06T18:09:55.082+0300] {processor.py:925} INFO - DAG(s) 'latest_only_with_trigger' retrieved from /home/airflow/.local/lib/python3.12/site-packages/airflow/example_dags/example_latest_only_with_trigger.py
[2024-11-06T18:09:55.101+0300] {logging_mixin.py:190} INFO - [2024-11-06T18:09:55.100+0300] {dag.py:3239} INFO - Sync 1 DAGs
[2024-11-06T18:09:55.120+0300] {logging_mixin.py:190} INFO - [2024-11-06T18:09:55.120+0300] {dag.py:4180} INFO - Setting next_dagrun for latest_only_with_trigger to 2024-11-06 08:00:00+00:00, run_after=2024-11-06 12:00:00+00:00
[2024-11-06T18:09:55.134+0300] {processor.py:208} INFO - Processing /home/airflow/.local/lib/python3.12/site-packages/airflow/example_dags/example_latest_only_with_trigger.py took 0.069 seconds
[2024-11-06T18:10:26.980+0300] {processor.py:186} INFO - Started process (PID=2282) to work on /home/airflow/.local/lib/python3.12/site-packages/airflow/example_dags/example_latest_only_with_trigger.py
[2024-11-06T18:10:26.981+0300] {processor.py:914} INFO - Processing file /home/airflow/.local/lib/python3.12/site-packages/airflow/example_dags/example_latest_only_with_trigger.py for tasks to queue
[2024-11-06T18:10:26.984+0300] {logging_mixin.py:190} INFO - [2024-11-06T18:10:26.984+0300] {dagbag.py:588} INFO - Filling up the DagBag from /home/airflow/.local/lib/python3.12/site-packages/airflow/example_dags/example_latest_only_with_trigger.py
[2024-11-06T18:10:26.991+0300] {processor.py:925} INFO - DAG(s) 'latest_only_with_trigger' retrieved from /home/airflow/.local/lib/python3.12/site-packages/airflow/example_dags/example_latest_only_with_trigger.py
[2024-11-06T18:10:27.008+0300] {logging_mixin.py:190} INFO - [2024-11-06T18:10:27.008+0300] {dag.py:3239} INFO - Sync 1 DAGs
[2024-11-06T18:10:27.029+0300] {logging_mixin.py:190} INFO - [2024-11-06T18:10:27.029+0300] {dag.py:4180} INFO - Setting next_dagrun for latest_only_with_trigger to 2024-11-06 08:00:00+00:00, run_after=2024-11-06 12:00:00+00:00
[2024-11-06T18:10:27.046+0300] {processor.py:208} INFO - Processing /home/airflow/.local/lib/python3.12/site-packages/airflow/example_dags/example_latest_only_with_trigger.py took 0.072 seconds
[2024-11-06T18:10:57.717+0300] {processor.py:186} INFO - Started process (PID=2351) to work on /home/airflow/.local/lib/python3.12/site-packages/airflow/example_dags/example_latest_only_with_trigger.py
[2024-11-06T18:10:57.718+0300] {processor.py:914} INFO - Processing file /home/airflow/.local/lib/python3.12/site-packages/airflow/example_dags/example_latest_only_with_trigger.py for tasks to queue
[2024-11-06T18:10:57.721+0300] {logging_mixin.py:190} INFO - [2024-11-06T18:10:57.720+0300] {dagbag.py:588} INFO - Filling up the DagBag from /home/airflow/.local/lib/python3.12/site-packages/airflow/example_dags/example_latest_only_with_trigger.py
[2024-11-06T18:10:57.727+0300] {processor.py:925} INFO - DAG(s) 'latest_only_with_trigger' retrieved from /home/airflow/.local/lib/python3.12/site-packages/airflow/example_dags/example_latest_only_with_trigger.py
[2024-11-06T18:10:57.748+0300] {logging_mixin.py:190} INFO - [2024-11-06T18:10:57.748+0300] {dag.py:3239} INFO - Sync 1 DAGs
[2024-11-06T18:10:57.772+0300] {logging_mixin.py:190} INFO - [2024-11-06T18:10:57.771+0300] {dag.py:4180} INFO - Setting next_dagrun for latest_only_with_trigger to 2024-11-06 08:00:00+00:00, run_after=2024-11-06 12:00:00+00:00
[2024-11-06T18:10:57.941+0300] {processor.py:208} INFO - Processing /home/airflow/.local/lib/python3.12/site-packages/airflow/example_dags/example_latest_only_with_trigger.py took 0.229 seconds
[2024-11-06T18:11:29.219+0300] {processor.py:186} INFO - Started process (PID=2420) to work on /home/airflow/.local/lib/python3.12/site-packages/airflow/example_dags/example_latest_only_with_trigger.py
[2024-11-06T18:11:29.221+0300] {processor.py:914} INFO - Processing file /home/airflow/.local/lib/python3.12/site-packages/airflow/example_dags/example_latest_only_with_trigger.py for tasks to queue
[2024-11-06T18:11:29.224+0300] {logging_mixin.py:190} INFO - [2024-11-06T18:11:29.223+0300] {dagbag.py:588} INFO - Filling up the DagBag from /home/airflow/.local/lib/python3.12/site-packages/airflow/example_dags/example_latest_only_with_trigger.py
[2024-11-06T18:11:29.230+0300] {processor.py:925} INFO - DAG(s) 'latest_only_with_trigger' retrieved from /home/airflow/.local/lib/python3.12/site-packages/airflow/example_dags/example_latest_only_with_trigger.py
[2024-11-06T18:11:29.250+0300] {logging_mixin.py:190} INFO - [2024-11-06T18:11:29.250+0300] {dag.py:3239} INFO - Sync 1 DAGs
[2024-11-06T18:11:29.273+0300] {logging_mixin.py:190} INFO - [2024-11-06T18:11:29.273+0300] {dag.py:4180} INFO - Setting next_dagrun for latest_only_with_trigger to 2024-11-06 08:00:00+00:00, run_after=2024-11-06 12:00:00+00:00
[2024-11-06T18:11:29.293+0300] {processor.py:208} INFO - Processing /home/airflow/.local/lib/python3.12/site-packages/airflow/example_dags/example_latest_only_with_trigger.py took 0.080 seconds
