[2024-11-06T17:54:31.123+0300] {processor.py:186} INFO - Started process (PID=99) to work on /home/airflow/.local/lib/python3.12/site-packages/airflow/example_dags/example_branch_day_of_week_operator.py
[2024-11-06T17:54:31.125+0300] {processor.py:914} INFO - Processing file /home/airflow/.local/lib/python3.12/site-packages/airflow/example_dags/example_branch_day_of_week_operator.py for tasks to queue
[2024-11-06T17:54:31.130+0300] {logging_mixin.py:190} INFO - [2024-11-06T17:54:31.129+0300] {dagbag.py:588} INFO - Filling up the DagBag from /home/airflow/.local/lib/python3.12/site-packages/airflow/example_dags/example_branch_day_of_week_operator.py
[2024-11-06T17:54:31.155+0300] {processor.py:925} INFO - DAG(s) 'example_weekday_branch_operator' retrieved from /home/airflow/.local/lib/python3.12/site-packages/airflow/example_dags/example_branch_day_of_week_operator.py
[2024-11-06T17:54:31.205+0300] {logging_mixin.py:190} INFO - [2024-11-06T17:54:31.205+0300] {dag.py:3239} INFO - Sync 1 DAGs
[2024-11-06T17:54:31.243+0300] {logging_mixin.py:190} INFO - [2024-11-06T17:54:31.242+0300] {dag.py:4180} INFO - Setting next_dagrun for example_weekday_branch_operator to 2024-11-05 00:00:00+00:00, run_after=2024-11-06 00:00:00+00:00
[2024-11-06T17:54:31.277+0300] {processor.py:208} INFO - Processing /home/airflow/.local/lib/python3.12/site-packages/airflow/example_dags/example_branch_day_of_week_operator.py took 0.162 seconds
[2024-11-06T17:55:02.099+0300] {processor.py:186} INFO - Started process (PID=191) to work on /home/airflow/.local/lib/python3.12/site-packages/airflow/example_dags/example_branch_day_of_week_operator.py
[2024-11-06T17:55:02.100+0300] {processor.py:914} INFO - Processing file /home/airflow/.local/lib/python3.12/site-packages/airflow/example_dags/example_branch_day_of_week_operator.py for tasks to queue
[2024-11-06T17:55:02.103+0300] {logging_mixin.py:190} INFO - [2024-11-06T17:55:02.103+0300] {dagbag.py:588} INFO - Filling up the DagBag from /home/airflow/.local/lib/python3.12/site-packages/airflow/example_dags/example_branch_day_of_week_operator.py
[2024-11-06T17:55:02.113+0300] {processor.py:925} INFO - DAG(s) 'example_weekday_branch_operator' retrieved from /home/airflow/.local/lib/python3.12/site-packages/airflow/example_dags/example_branch_day_of_week_operator.py
[2024-11-06T17:55:02.135+0300] {logging_mixin.py:190} INFO - [2024-11-06T17:55:02.134+0300] {dag.py:3239} INFO - Sync 1 DAGs
[2024-11-06T17:55:02.167+0300] {logging_mixin.py:190} INFO - [2024-11-06T17:55:02.166+0300] {dag.py:4180} INFO - Setting next_dagrun for example_weekday_branch_operator to 2024-11-05 00:00:00+00:00, run_after=2024-11-06 00:00:00+00:00
[2024-11-06T17:55:02.191+0300] {processor.py:208} INFO - Processing /home/airflow/.local/lib/python3.12/site-packages/airflow/example_dags/example_branch_day_of_week_operator.py took 0.097 seconds
[2024-11-06T17:55:32.476+0300] {processor.py:186} INFO - Started process (PID=262) to work on /home/airflow/.local/lib/python3.12/site-packages/airflow/example_dags/example_branch_day_of_week_operator.py
[2024-11-06T17:55:32.477+0300] {processor.py:914} INFO - Processing file /home/airflow/.local/lib/python3.12/site-packages/airflow/example_dags/example_branch_day_of_week_operator.py for tasks to queue
[2024-11-06T17:55:32.480+0300] {logging_mixin.py:190} INFO - [2024-11-06T17:55:32.479+0300] {dagbag.py:588} INFO - Filling up the DagBag from /home/airflow/.local/lib/python3.12/site-packages/airflow/example_dags/example_branch_day_of_week_operator.py
[2024-11-06T17:55:32.488+0300] {processor.py:925} INFO - DAG(s) 'example_weekday_branch_operator' retrieved from /home/airflow/.local/lib/python3.12/site-packages/airflow/example_dags/example_branch_day_of_week_operator.py
[2024-11-06T17:55:32.506+0300] {logging_mixin.py:190} INFO - [2024-11-06T17:55:32.506+0300] {dag.py:3239} INFO - Sync 1 DAGs
[2024-11-06T17:55:32.526+0300] {logging_mixin.py:190} INFO - [2024-11-06T17:55:32.525+0300] {dag.py:4180} INFO - Setting next_dagrun for example_weekday_branch_operator to 2024-11-05 00:00:00+00:00, run_after=2024-11-06 00:00:00+00:00
[2024-11-06T17:55:32.542+0300] {processor.py:208} INFO - Processing /home/airflow/.local/lib/python3.12/site-packages/airflow/example_dags/example_branch_day_of_week_operator.py took 0.070 seconds
[2024-11-06T17:56:03.242+0300] {processor.py:186} INFO - Started process (PID=331) to work on /home/airflow/.local/lib/python3.12/site-packages/airflow/example_dags/example_branch_day_of_week_operator.py
[2024-11-06T17:56:03.243+0300] {processor.py:914} INFO - Processing file /home/airflow/.local/lib/python3.12/site-packages/airflow/example_dags/example_branch_day_of_week_operator.py for tasks to queue
[2024-11-06T17:56:03.246+0300] {logging_mixin.py:190} INFO - [2024-11-06T17:56:03.245+0300] {dagbag.py:588} INFO - Filling up the DagBag from /home/airflow/.local/lib/python3.12/site-packages/airflow/example_dags/example_branch_day_of_week_operator.py
[2024-11-06T17:56:03.255+0300] {processor.py:925} INFO - DAG(s) 'example_weekday_branch_operator' retrieved from /home/airflow/.local/lib/python3.12/site-packages/airflow/example_dags/example_branch_day_of_week_operator.py
[2024-11-06T17:56:03.276+0300] {logging_mixin.py:190} INFO - [2024-11-06T17:56:03.275+0300] {dag.py:3239} INFO - Sync 1 DAGs
[2024-11-06T17:56:03.302+0300] {logging_mixin.py:190} INFO - [2024-11-06T17:56:03.302+0300] {dag.py:4180} INFO - Setting next_dagrun for example_weekday_branch_operator to 2024-11-05 00:00:00+00:00, run_after=2024-11-06 00:00:00+00:00
[2024-11-06T17:56:03.323+0300] {processor.py:208} INFO - Processing /home/airflow/.local/lib/python3.12/site-packages/airflow/example_dags/example_branch_day_of_week_operator.py took 0.087 seconds
[2024-11-06T17:56:33.754+0300] {processor.py:186} INFO - Started process (PID=400) to work on /home/airflow/.local/lib/python3.12/site-packages/airflow/example_dags/example_branch_day_of_week_operator.py
[2024-11-06T17:56:33.755+0300] {processor.py:914} INFO - Processing file /home/airflow/.local/lib/python3.12/site-packages/airflow/example_dags/example_branch_day_of_week_operator.py for tasks to queue
[2024-11-06T17:56:33.757+0300] {logging_mixin.py:190} INFO - [2024-11-06T17:56:33.757+0300] {dagbag.py:588} INFO - Filling up the DagBag from /home/airflow/.local/lib/python3.12/site-packages/airflow/example_dags/example_branch_day_of_week_operator.py
[2024-11-06T17:56:33.766+0300] {processor.py:925} INFO - DAG(s) 'example_weekday_branch_operator' retrieved from /home/airflow/.local/lib/python3.12/site-packages/airflow/example_dags/example_branch_day_of_week_operator.py
[2024-11-06T17:56:33.786+0300] {logging_mixin.py:190} INFO - [2024-11-06T17:56:33.786+0300] {dag.py:3239} INFO - Sync 1 DAGs
[2024-11-06T17:56:33.808+0300] {logging_mixin.py:190} INFO - [2024-11-06T17:56:33.808+0300] {dag.py:4180} INFO - Setting next_dagrun for example_weekday_branch_operator to 2024-11-05 00:00:00+00:00, run_after=2024-11-06 00:00:00+00:00
[2024-11-06T17:56:33.836+0300] {processor.py:208} INFO - Processing /home/airflow/.local/lib/python3.12/site-packages/airflow/example_dags/example_branch_day_of_week_operator.py took 0.086 seconds
[2024-11-06T17:57:04.438+0300] {processor.py:186} INFO - Started process (PID=469) to work on /home/airflow/.local/lib/python3.12/site-packages/airflow/example_dags/example_branch_day_of_week_operator.py
[2024-11-06T17:57:04.439+0300] {processor.py:914} INFO - Processing file /home/airflow/.local/lib/python3.12/site-packages/airflow/example_dags/example_branch_day_of_week_operator.py for tasks to queue
[2024-11-06T17:57:04.441+0300] {logging_mixin.py:190} INFO - [2024-11-06T17:57:04.441+0300] {dagbag.py:588} INFO - Filling up the DagBag from /home/airflow/.local/lib/python3.12/site-packages/airflow/example_dags/example_branch_day_of_week_operator.py
[2024-11-06T17:57:04.450+0300] {processor.py:925} INFO - DAG(s) 'example_weekday_branch_operator' retrieved from /home/airflow/.local/lib/python3.12/site-packages/airflow/example_dags/example_branch_day_of_week_operator.py
[2024-11-06T17:57:04.468+0300] {logging_mixin.py:190} INFO - [2024-11-06T17:57:04.467+0300] {dag.py:3239} INFO - Sync 1 DAGs
[2024-11-06T17:57:04.486+0300] {logging_mixin.py:190} INFO - [2024-11-06T17:57:04.486+0300] {dag.py:4180} INFO - Setting next_dagrun for example_weekday_branch_operator to 2024-11-05 00:00:00+00:00, run_after=2024-11-06 00:00:00+00:00
[2024-11-06T17:57:04.509+0300] {processor.py:208} INFO - Processing /home/airflow/.local/lib/python3.12/site-packages/airflow/example_dags/example_branch_day_of_week_operator.py took 0.077 seconds
[2024-11-06T17:57:34.925+0300] {processor.py:186} INFO - Started process (PID=539) to work on /home/airflow/.local/lib/python3.12/site-packages/airflow/example_dags/example_branch_day_of_week_operator.py
[2024-11-06T17:57:34.927+0300] {processor.py:914} INFO - Processing file /home/airflow/.local/lib/python3.12/site-packages/airflow/example_dags/example_branch_day_of_week_operator.py for tasks to queue
[2024-11-06T17:57:34.931+0300] {logging_mixin.py:190} INFO - [2024-11-06T17:57:34.931+0300] {dagbag.py:588} INFO - Filling up the DagBag from /home/airflow/.local/lib/python3.12/site-packages/airflow/example_dags/example_branch_day_of_week_operator.py
[2024-11-06T17:57:34.940+0300] {processor.py:925} INFO - DAG(s) 'example_weekday_branch_operator' retrieved from /home/airflow/.local/lib/python3.12/site-packages/airflow/example_dags/example_branch_day_of_week_operator.py
[2024-11-06T17:57:34.964+0300] {logging_mixin.py:190} INFO - [2024-11-06T17:57:34.963+0300] {dag.py:3239} INFO - Sync 1 DAGs
[2024-11-06T17:57:34.988+0300] {logging_mixin.py:190} INFO - [2024-11-06T17:57:34.987+0300] {dag.py:4180} INFO - Setting next_dagrun for example_weekday_branch_operator to 2024-11-05 00:00:00+00:00, run_after=2024-11-06 00:00:00+00:00
[2024-11-06T17:57:35.009+0300] {processor.py:208} INFO - Processing /home/airflow/.local/lib/python3.12/site-packages/airflow/example_dags/example_branch_day_of_week_operator.py took 0.088 seconds
[2024-11-06T17:58:06.156+0300] {processor.py:186} INFO - Started process (PID=608) to work on /home/airflow/.local/lib/python3.12/site-packages/airflow/example_dags/example_branch_day_of_week_operator.py
[2024-11-06T17:58:06.157+0300] {processor.py:914} INFO - Processing file /home/airflow/.local/lib/python3.12/site-packages/airflow/example_dags/example_branch_day_of_week_operator.py for tasks to queue
[2024-11-06T17:58:06.160+0300] {logging_mixin.py:190} INFO - [2024-11-06T17:58:06.159+0300] {dagbag.py:588} INFO - Filling up the DagBag from /home/airflow/.local/lib/python3.12/site-packages/airflow/example_dags/example_branch_day_of_week_operator.py
[2024-11-06T17:58:06.169+0300] {processor.py:925} INFO - DAG(s) 'example_weekday_branch_operator' retrieved from /home/airflow/.local/lib/python3.12/site-packages/airflow/example_dags/example_branch_day_of_week_operator.py
[2024-11-06T17:58:06.191+0300] {logging_mixin.py:190} INFO - [2024-11-06T17:58:06.191+0300] {dag.py:3239} INFO - Sync 1 DAGs
[2024-11-06T17:58:06.218+0300] {logging_mixin.py:190} INFO - [2024-11-06T17:58:06.218+0300] {dag.py:4180} INFO - Setting next_dagrun for example_weekday_branch_operator to 2024-11-05 00:00:00+00:00, run_after=2024-11-06 00:00:00+00:00
[2024-11-06T17:58:06.238+0300] {processor.py:208} INFO - Processing /home/airflow/.local/lib/python3.12/site-packages/airflow/example_dags/example_branch_day_of_week_operator.py took 0.088 seconds
[2024-11-06T17:58:36.621+0300] {processor.py:186} INFO - Started process (PID=677) to work on /home/airflow/.local/lib/python3.12/site-packages/airflow/example_dags/example_branch_day_of_week_operator.py
[2024-11-06T17:58:36.623+0300] {processor.py:914} INFO - Processing file /home/airflow/.local/lib/python3.12/site-packages/airflow/example_dags/example_branch_day_of_week_operator.py for tasks to queue
[2024-11-06T17:58:36.625+0300] {logging_mixin.py:190} INFO - [2024-11-06T17:58:36.625+0300] {dagbag.py:588} INFO - Filling up the DagBag from /home/airflow/.local/lib/python3.12/site-packages/airflow/example_dags/example_branch_day_of_week_operator.py
[2024-11-06T17:58:36.639+0300] {processor.py:925} INFO - DAG(s) 'example_weekday_branch_operator' retrieved from /home/airflow/.local/lib/python3.12/site-packages/airflow/example_dags/example_branch_day_of_week_operator.py
[2024-11-06T17:58:36.667+0300] {logging_mixin.py:190} INFO - [2024-11-06T17:58:36.667+0300] {dag.py:3239} INFO - Sync 1 DAGs
[2024-11-06T17:58:36.693+0300] {logging_mixin.py:190} INFO - [2024-11-06T17:58:36.693+0300] {dag.py:4180} INFO - Setting next_dagrun for example_weekday_branch_operator to 2024-11-05 00:00:00+00:00, run_after=2024-11-06 00:00:00+00:00
[2024-11-06T17:58:36.724+0300] {processor.py:208} INFO - Processing /home/airflow/.local/lib/python3.12/site-packages/airflow/example_dags/example_branch_day_of_week_operator.py took 0.110 seconds
[2024-11-06T17:59:06.903+0300] {processor.py:186} INFO - Started process (PID=745) to work on /home/airflow/.local/lib/python3.12/site-packages/airflow/example_dags/example_branch_day_of_week_operator.py
[2024-11-06T17:59:06.906+0300] {processor.py:914} INFO - Processing file /home/airflow/.local/lib/python3.12/site-packages/airflow/example_dags/example_branch_day_of_week_operator.py for tasks to queue
[2024-11-06T17:59:06.910+0300] {logging_mixin.py:190} INFO - [2024-11-06T17:59:06.909+0300] {dagbag.py:588} INFO - Filling up the DagBag from /home/airflow/.local/lib/python3.12/site-packages/airflow/example_dags/example_branch_day_of_week_operator.py
[2024-11-06T17:59:06.920+0300] {processor.py:925} INFO - DAG(s) 'example_weekday_branch_operator' retrieved from /home/airflow/.local/lib/python3.12/site-packages/airflow/example_dags/example_branch_day_of_week_operator.py
[2024-11-06T17:59:06.942+0300] {logging_mixin.py:190} INFO - [2024-11-06T17:59:06.942+0300] {dag.py:3239} INFO - Sync 1 DAGs
[2024-11-06T17:59:06.963+0300] {logging_mixin.py:190} INFO - [2024-11-06T17:59:06.962+0300] {dag.py:4180} INFO - Setting next_dagrun for example_weekday_branch_operator to 2024-11-05 00:00:00+00:00, run_after=2024-11-06 00:00:00+00:00
[2024-11-06T17:59:06.984+0300] {processor.py:208} INFO - Processing /home/airflow/.local/lib/python3.12/site-packages/airflow/example_dags/example_branch_day_of_week_operator.py took 0.090 seconds
[2024-11-06T17:59:38.140+0300] {processor.py:186} INFO - Started process (PID=815) to work on /home/airflow/.local/lib/python3.12/site-packages/airflow/example_dags/example_branch_day_of_week_operator.py
[2024-11-06T17:59:38.142+0300] {processor.py:914} INFO - Processing file /home/airflow/.local/lib/python3.12/site-packages/airflow/example_dags/example_branch_day_of_week_operator.py for tasks to queue
[2024-11-06T17:59:38.145+0300] {logging_mixin.py:190} INFO - [2024-11-06T17:59:38.144+0300] {dagbag.py:588} INFO - Filling up the DagBag from /home/airflow/.local/lib/python3.12/site-packages/airflow/example_dags/example_branch_day_of_week_operator.py
[2024-11-06T17:59:38.155+0300] {processor.py:925} INFO - DAG(s) 'example_weekday_branch_operator' retrieved from /home/airflow/.local/lib/python3.12/site-packages/airflow/example_dags/example_branch_day_of_week_operator.py
[2024-11-06T17:59:38.181+0300] {logging_mixin.py:190} INFO - [2024-11-06T17:59:38.181+0300] {dag.py:3239} INFO - Sync 1 DAGs
[2024-11-06T17:59:38.209+0300] {logging_mixin.py:190} INFO - [2024-11-06T17:59:38.208+0300] {dag.py:4180} INFO - Setting next_dagrun for example_weekday_branch_operator to 2024-11-05 00:00:00+00:00, run_after=2024-11-06 00:00:00+00:00
[2024-11-06T17:59:38.236+0300] {processor.py:208} INFO - Processing /home/airflow/.local/lib/python3.12/site-packages/airflow/example_dags/example_branch_day_of_week_operator.py took 0.101 seconds
[2024-11-06T18:00:08.400+0300] {processor.py:186} INFO - Started process (PID=883) to work on /home/airflow/.local/lib/python3.12/site-packages/airflow/example_dags/example_branch_day_of_week_operator.py
[2024-11-06T18:00:08.402+0300] {processor.py:914} INFO - Processing file /home/airflow/.local/lib/python3.12/site-packages/airflow/example_dags/example_branch_day_of_week_operator.py for tasks to queue
[2024-11-06T18:00:08.406+0300] {logging_mixin.py:190} INFO - [2024-11-06T18:00:08.406+0300] {dagbag.py:588} INFO - Filling up the DagBag from /home/airflow/.local/lib/python3.12/site-packages/airflow/example_dags/example_branch_day_of_week_operator.py
[2024-11-06T18:00:08.418+0300] {processor.py:925} INFO - DAG(s) 'example_weekday_branch_operator' retrieved from /home/airflow/.local/lib/python3.12/site-packages/airflow/example_dags/example_branch_day_of_week_operator.py
[2024-11-06T18:00:08.436+0300] {logging_mixin.py:190} INFO - [2024-11-06T18:00:08.436+0300] {dag.py:3239} INFO - Sync 1 DAGs
[2024-11-06T18:00:08.456+0300] {logging_mixin.py:190} INFO - [2024-11-06T18:00:08.455+0300] {dag.py:4180} INFO - Setting next_dagrun for example_weekday_branch_operator to 2024-11-05 00:00:00+00:00, run_after=2024-11-06 00:00:00+00:00
[2024-11-06T18:00:08.478+0300] {processor.py:208} INFO - Processing /home/airflow/.local/lib/python3.12/site-packages/airflow/example_dags/example_branch_day_of_week_operator.py took 0.085 seconds
[2024-11-06T18:00:39.269+0300] {processor.py:186} INFO - Started process (PID=953) to work on /home/airflow/.local/lib/python3.12/site-packages/airflow/example_dags/example_branch_day_of_week_operator.py
[2024-11-06T18:00:39.269+0300] {processor.py:914} INFO - Processing file /home/airflow/.local/lib/python3.12/site-packages/airflow/example_dags/example_branch_day_of_week_operator.py for tasks to queue
[2024-11-06T18:00:39.272+0300] {logging_mixin.py:190} INFO - [2024-11-06T18:00:39.272+0300] {dagbag.py:588} INFO - Filling up the DagBag from /home/airflow/.local/lib/python3.12/site-packages/airflow/example_dags/example_branch_day_of_week_operator.py
[2024-11-06T18:00:39.281+0300] {processor.py:925} INFO - DAG(s) 'example_weekday_branch_operator' retrieved from /home/airflow/.local/lib/python3.12/site-packages/airflow/example_dags/example_branch_day_of_week_operator.py
[2024-11-06T18:00:39.300+0300] {logging_mixin.py:190} INFO - [2024-11-06T18:00:39.300+0300] {dag.py:3239} INFO - Sync 1 DAGs
[2024-11-06T18:00:39.324+0300] {logging_mixin.py:190} INFO - [2024-11-06T18:00:39.323+0300] {dag.py:4180} INFO - Setting next_dagrun for example_weekday_branch_operator to 2024-11-05 00:00:00+00:00, run_after=2024-11-06 00:00:00+00:00
[2024-11-06T18:00:39.341+0300] {processor.py:208} INFO - Processing /home/airflow/.local/lib/python3.12/site-packages/airflow/example_dags/example_branch_day_of_week_operator.py took 0.077 seconds
[2024-11-06T18:01:10.023+0300] {processor.py:186} INFO - Started process (PID=1022) to work on /home/airflow/.local/lib/python3.12/site-packages/airflow/example_dags/example_branch_day_of_week_operator.py
[2024-11-06T18:01:10.024+0300] {processor.py:914} INFO - Processing file /home/airflow/.local/lib/python3.12/site-packages/airflow/example_dags/example_branch_day_of_week_operator.py for tasks to queue
[2024-11-06T18:01:10.026+0300] {logging_mixin.py:190} INFO - [2024-11-06T18:01:10.026+0300] {dagbag.py:588} INFO - Filling up the DagBag from /home/airflow/.local/lib/python3.12/site-packages/airflow/example_dags/example_branch_day_of_week_operator.py
[2024-11-06T18:01:10.034+0300] {processor.py:925} INFO - DAG(s) 'example_weekday_branch_operator' retrieved from /home/airflow/.local/lib/python3.12/site-packages/airflow/example_dags/example_branch_day_of_week_operator.py
[2024-11-06T18:01:10.055+0300] {logging_mixin.py:190} INFO - [2024-11-06T18:01:10.055+0300] {dag.py:3239} INFO - Sync 1 DAGs
[2024-11-06T18:01:10.075+0300] {logging_mixin.py:190} INFO - [2024-11-06T18:01:10.075+0300] {dag.py:4180} INFO - Setting next_dagrun for example_weekday_branch_operator to 2024-11-05 00:00:00+00:00, run_after=2024-11-06 00:00:00+00:00
[2024-11-06T18:01:10.092+0300] {processor.py:208} INFO - Processing /home/airflow/.local/lib/python3.12/site-packages/airflow/example_dags/example_branch_day_of_week_operator.py took 0.075 seconds
[2024-11-06T18:01:40.232+0300] {processor.py:186} INFO - Started process (PID=1090) to work on /home/airflow/.local/lib/python3.12/site-packages/airflow/example_dags/example_branch_day_of_week_operator.py
[2024-11-06T18:01:40.233+0300] {processor.py:914} INFO - Processing file /home/airflow/.local/lib/python3.12/site-packages/airflow/example_dags/example_branch_day_of_week_operator.py for tasks to queue
[2024-11-06T18:01:40.235+0300] {logging_mixin.py:190} INFO - [2024-11-06T18:01:40.235+0300] {dagbag.py:588} INFO - Filling up the DagBag from /home/airflow/.local/lib/python3.12/site-packages/airflow/example_dags/example_branch_day_of_week_operator.py
[2024-11-06T18:01:40.243+0300] {processor.py:925} INFO - DAG(s) 'example_weekday_branch_operator' retrieved from /home/airflow/.local/lib/python3.12/site-packages/airflow/example_dags/example_branch_day_of_week_operator.py
[2024-11-06T18:01:40.259+0300] {logging_mixin.py:190} INFO - [2024-11-06T18:01:40.259+0300] {dag.py:3239} INFO - Sync 1 DAGs
[2024-11-06T18:01:40.279+0300] {logging_mixin.py:190} INFO - [2024-11-06T18:01:40.279+0300] {dag.py:4180} INFO - Setting next_dagrun for example_weekday_branch_operator to 2024-11-05 00:00:00+00:00, run_after=2024-11-06 00:00:00+00:00
[2024-11-06T18:01:40.300+0300] {processor.py:208} INFO - Processing /home/airflow/.local/lib/python3.12/site-packages/airflow/example_dags/example_branch_day_of_week_operator.py took 0.073 seconds
[2024-11-06T18:02:10.536+0300] {processor.py:186} INFO - Started process (PID=1159) to work on /home/airflow/.local/lib/python3.12/site-packages/airflow/example_dags/example_branch_day_of_week_operator.py
[2024-11-06T18:02:10.537+0300] {processor.py:914} INFO - Processing file /home/airflow/.local/lib/python3.12/site-packages/airflow/example_dags/example_branch_day_of_week_operator.py for tasks to queue
[2024-11-06T18:02:10.539+0300] {logging_mixin.py:190} INFO - [2024-11-06T18:02:10.539+0300] {dagbag.py:588} INFO - Filling up the DagBag from /home/airflow/.local/lib/python3.12/site-packages/airflow/example_dags/example_branch_day_of_week_operator.py
[2024-11-06T18:02:10.547+0300] {processor.py:925} INFO - DAG(s) 'example_weekday_branch_operator' retrieved from /home/airflow/.local/lib/python3.12/site-packages/airflow/example_dags/example_branch_day_of_week_operator.py
[2024-11-06T18:02:10.562+0300] {logging_mixin.py:190} INFO - [2024-11-06T18:02:10.562+0300] {dag.py:3239} INFO - Sync 1 DAGs
[2024-11-06T18:02:10.580+0300] {logging_mixin.py:190} INFO - [2024-11-06T18:02:10.579+0300] {dag.py:4180} INFO - Setting next_dagrun for example_weekday_branch_operator to 2024-11-05 00:00:00+00:00, run_after=2024-11-06 00:00:00+00:00
[2024-11-06T18:02:10.602+0300] {processor.py:208} INFO - Processing /home/airflow/.local/lib/python3.12/site-packages/airflow/example_dags/example_branch_day_of_week_operator.py took 0.072 seconds
[2024-11-06T18:02:40.858+0300] {processor.py:186} INFO - Started process (PID=1228) to work on /home/airflow/.local/lib/python3.12/site-packages/airflow/example_dags/example_branch_day_of_week_operator.py
[2024-11-06T18:02:40.859+0300] {processor.py:914} INFO - Processing file /home/airflow/.local/lib/python3.12/site-packages/airflow/example_dags/example_branch_day_of_week_operator.py for tasks to queue
[2024-11-06T18:02:40.861+0300] {logging_mixin.py:190} INFO - [2024-11-06T18:02:40.861+0300] {dagbag.py:588} INFO - Filling up the DagBag from /home/airflow/.local/lib/python3.12/site-packages/airflow/example_dags/example_branch_day_of_week_operator.py
[2024-11-06T18:02:40.873+0300] {processor.py:925} INFO - DAG(s) 'example_weekday_branch_operator' retrieved from /home/airflow/.local/lib/python3.12/site-packages/airflow/example_dags/example_branch_day_of_week_operator.py
[2024-11-06T18:02:40.897+0300] {logging_mixin.py:190} INFO - [2024-11-06T18:02:40.896+0300] {dag.py:3239} INFO - Sync 1 DAGs
[2024-11-06T18:02:40.920+0300] {logging_mixin.py:190} INFO - [2024-11-06T18:02:40.919+0300] {dag.py:4180} INFO - Setting next_dagrun for example_weekday_branch_operator to 2024-11-05 00:00:00+00:00, run_after=2024-11-06 00:00:00+00:00
[2024-11-06T18:02:40.938+0300] {processor.py:208} INFO - Processing /home/airflow/.local/lib/python3.12/site-packages/airflow/example_dags/example_branch_day_of_week_operator.py took 0.085 seconds
[2024-11-06T18:03:11.402+0300] {processor.py:186} INFO - Started process (PID=1297) to work on /home/airflow/.local/lib/python3.12/site-packages/airflow/example_dags/example_branch_day_of_week_operator.py
[2024-11-06T18:03:11.403+0300] {processor.py:914} INFO - Processing file /home/airflow/.local/lib/python3.12/site-packages/airflow/example_dags/example_branch_day_of_week_operator.py for tasks to queue
[2024-11-06T18:03:11.405+0300] {logging_mixin.py:190} INFO - [2024-11-06T18:03:11.405+0300] {dagbag.py:588} INFO - Filling up the DagBag from /home/airflow/.local/lib/python3.12/site-packages/airflow/example_dags/example_branch_day_of_week_operator.py
[2024-11-06T18:03:11.414+0300] {processor.py:925} INFO - DAG(s) 'example_weekday_branch_operator' retrieved from /home/airflow/.local/lib/python3.12/site-packages/airflow/example_dags/example_branch_day_of_week_operator.py
[2024-11-06T18:03:11.432+0300] {logging_mixin.py:190} INFO - [2024-11-06T18:03:11.432+0300] {dag.py:3239} INFO - Sync 1 DAGs
[2024-11-06T18:03:11.454+0300] {logging_mixin.py:190} INFO - [2024-11-06T18:03:11.454+0300] {dag.py:4180} INFO - Setting next_dagrun for example_weekday_branch_operator to 2024-11-05 00:00:00+00:00, run_after=2024-11-06 00:00:00+00:00
[2024-11-06T18:03:11.472+0300] {processor.py:208} INFO - Processing /home/airflow/.local/lib/python3.12/site-packages/airflow/example_dags/example_branch_day_of_week_operator.py took 0.075 seconds
[2024-11-06T18:03:43.182+0300] {processor.py:186} INFO - Started process (PID=1365) to work on /home/airflow/.local/lib/python3.12/site-packages/airflow/example_dags/example_branch_day_of_week_operator.py
[2024-11-06T18:03:43.183+0300] {processor.py:914} INFO - Processing file /home/airflow/.local/lib/python3.12/site-packages/airflow/example_dags/example_branch_day_of_week_operator.py for tasks to queue
[2024-11-06T18:03:43.186+0300] {logging_mixin.py:190} INFO - [2024-11-06T18:03:43.185+0300] {dagbag.py:588} INFO - Filling up the DagBag from /home/airflow/.local/lib/python3.12/site-packages/airflow/example_dags/example_branch_day_of_week_operator.py
[2024-11-06T18:03:43.195+0300] {processor.py:925} INFO - DAG(s) 'example_weekday_branch_operator' retrieved from /home/airflow/.local/lib/python3.12/site-packages/airflow/example_dags/example_branch_day_of_week_operator.py
[2024-11-06T18:03:43.212+0300] {logging_mixin.py:190} INFO - [2024-11-06T18:03:43.212+0300] {dag.py:3239} INFO - Sync 1 DAGs
[2024-11-06T18:03:43.233+0300] {logging_mixin.py:190} INFO - [2024-11-06T18:03:43.233+0300] {dag.py:4180} INFO - Setting next_dagrun for example_weekday_branch_operator to 2024-11-05 00:00:00+00:00, run_after=2024-11-06 00:00:00+00:00
[2024-11-06T18:03:43.252+0300] {processor.py:208} INFO - Processing /home/airflow/.local/lib/python3.12/site-packages/airflow/example_dags/example_branch_day_of_week_operator.py took 0.075 seconds
[2024-11-06T18:04:14.103+0300] {processor.py:186} INFO - Started process (PID=1434) to work on /home/airflow/.local/lib/python3.12/site-packages/airflow/example_dags/example_branch_day_of_week_operator.py
[2024-11-06T18:04:14.103+0300] {processor.py:914} INFO - Processing file /home/airflow/.local/lib/python3.12/site-packages/airflow/example_dags/example_branch_day_of_week_operator.py for tasks to queue
[2024-11-06T18:04:14.106+0300] {logging_mixin.py:190} INFO - [2024-11-06T18:04:14.105+0300] {dagbag.py:588} INFO - Filling up the DagBag from /home/airflow/.local/lib/python3.12/site-packages/airflow/example_dags/example_branch_day_of_week_operator.py
[2024-11-06T18:04:14.117+0300] {processor.py:925} INFO - DAG(s) 'example_weekday_branch_operator' retrieved from /home/airflow/.local/lib/python3.12/site-packages/airflow/example_dags/example_branch_day_of_week_operator.py
[2024-11-06T18:04:14.137+0300] {logging_mixin.py:190} INFO - [2024-11-06T18:04:14.137+0300] {dag.py:3239} INFO - Sync 1 DAGs
[2024-11-06T18:04:14.158+0300] {logging_mixin.py:190} INFO - [2024-11-06T18:04:14.158+0300] {dag.py:4180} INFO - Setting next_dagrun for example_weekday_branch_operator to 2024-11-05 00:00:00+00:00, run_after=2024-11-06 00:00:00+00:00
[2024-11-06T18:04:14.189+0300] {processor.py:208} INFO - Processing /home/airflow/.local/lib/python3.12/site-packages/airflow/example_dags/example_branch_day_of_week_operator.py took 0.091 seconds
[2024-11-06T18:04:45.228+0300] {processor.py:186} INFO - Started process (PID=1503) to work on /home/airflow/.local/lib/python3.12/site-packages/airflow/example_dags/example_branch_day_of_week_operator.py
[2024-11-06T18:04:45.230+0300] {processor.py:914} INFO - Processing file /home/airflow/.local/lib/python3.12/site-packages/airflow/example_dags/example_branch_day_of_week_operator.py for tasks to queue
[2024-11-06T18:04:45.233+0300] {logging_mixin.py:190} INFO - [2024-11-06T18:04:45.233+0300] {dagbag.py:588} INFO - Filling up the DagBag from /home/airflow/.local/lib/python3.12/site-packages/airflow/example_dags/example_branch_day_of_week_operator.py
[2024-11-06T18:04:45.244+0300] {processor.py:925} INFO - DAG(s) 'example_weekday_branch_operator' retrieved from /home/airflow/.local/lib/python3.12/site-packages/airflow/example_dags/example_branch_day_of_week_operator.py
[2024-11-06T18:04:45.268+0300] {logging_mixin.py:190} INFO - [2024-11-06T18:04:45.267+0300] {dag.py:3239} INFO - Sync 1 DAGs
[2024-11-06T18:04:45.289+0300] {logging_mixin.py:190} INFO - [2024-11-06T18:04:45.289+0300] {dag.py:4180} INFO - Setting next_dagrun for example_weekday_branch_operator to 2024-11-05 00:00:00+00:00, run_after=2024-11-06 00:00:00+00:00
[2024-11-06T18:04:45.314+0300] {processor.py:208} INFO - Processing /home/airflow/.local/lib/python3.12/site-packages/airflow/example_dags/example_branch_day_of_week_operator.py took 0.091 seconds
[2024-11-06T18:05:16.029+0300] {processor.py:186} INFO - Started process (PID=1573) to work on /home/airflow/.local/lib/python3.12/site-packages/airflow/example_dags/example_branch_day_of_week_operator.py
[2024-11-06T18:05:16.031+0300] {processor.py:914} INFO - Processing file /home/airflow/.local/lib/python3.12/site-packages/airflow/example_dags/example_branch_day_of_week_operator.py for tasks to queue
[2024-11-06T18:05:16.033+0300] {logging_mixin.py:190} INFO - [2024-11-06T18:05:16.033+0300] {dagbag.py:588} INFO - Filling up the DagBag from /home/airflow/.local/lib/python3.12/site-packages/airflow/example_dags/example_branch_day_of_week_operator.py
[2024-11-06T18:05:16.041+0300] {processor.py:925} INFO - DAG(s) 'example_weekday_branch_operator' retrieved from /home/airflow/.local/lib/python3.12/site-packages/airflow/example_dags/example_branch_day_of_week_operator.py
[2024-11-06T18:05:16.061+0300] {logging_mixin.py:190} INFO - [2024-11-06T18:05:16.060+0300] {dag.py:3239} INFO - Sync 1 DAGs
[2024-11-06T18:05:16.082+0300] {logging_mixin.py:190} INFO - [2024-11-06T18:05:16.082+0300] {dag.py:4180} INFO - Setting next_dagrun for example_weekday_branch_operator to 2024-11-05 00:00:00+00:00, run_after=2024-11-06 00:00:00+00:00
[2024-11-06T18:05:16.097+0300] {processor.py:208} INFO - Processing /home/airflow/.local/lib/python3.12/site-packages/airflow/example_dags/example_branch_day_of_week_operator.py took 0.074 seconds
[2024-11-06T18:05:46.506+0300] {processor.py:186} INFO - Started process (PID=1642) to work on /home/airflow/.local/lib/python3.12/site-packages/airflow/example_dags/example_branch_day_of_week_operator.py
[2024-11-06T18:05:46.507+0300] {processor.py:914} INFO - Processing file /home/airflow/.local/lib/python3.12/site-packages/airflow/example_dags/example_branch_day_of_week_operator.py for tasks to queue
[2024-11-06T18:05:46.509+0300] {logging_mixin.py:190} INFO - [2024-11-06T18:05:46.509+0300] {dagbag.py:588} INFO - Filling up the DagBag from /home/airflow/.local/lib/python3.12/site-packages/airflow/example_dags/example_branch_day_of_week_operator.py
[2024-11-06T18:05:46.518+0300] {processor.py:925} INFO - DAG(s) 'example_weekday_branch_operator' retrieved from /home/airflow/.local/lib/python3.12/site-packages/airflow/example_dags/example_branch_day_of_week_operator.py
[2024-11-06T18:05:46.536+0300] {logging_mixin.py:190} INFO - [2024-11-06T18:05:46.535+0300] {dag.py:3239} INFO - Sync 1 DAGs
[2024-11-06T18:05:46.556+0300] {logging_mixin.py:190} INFO - [2024-11-06T18:05:46.556+0300] {dag.py:4180} INFO - Setting next_dagrun for example_weekday_branch_operator to 2024-11-05 00:00:00+00:00, run_after=2024-11-06 00:00:00+00:00
[2024-11-06T18:05:46.574+0300] {processor.py:208} INFO - Processing /home/airflow/.local/lib/python3.12/site-packages/airflow/example_dags/example_branch_day_of_week_operator.py took 0.073 seconds
[2024-11-06T18:06:17.890+0300] {processor.py:186} INFO - Started process (PID=1711) to work on /home/airflow/.local/lib/python3.12/site-packages/airflow/example_dags/example_branch_day_of_week_operator.py
[2024-11-06T18:06:17.891+0300] {processor.py:914} INFO - Processing file /home/airflow/.local/lib/python3.12/site-packages/airflow/example_dags/example_branch_day_of_week_operator.py for tasks to queue
[2024-11-06T18:06:17.894+0300] {logging_mixin.py:190} INFO - [2024-11-06T18:06:17.894+0300] {dagbag.py:588} INFO - Filling up the DagBag from /home/airflow/.local/lib/python3.12/site-packages/airflow/example_dags/example_branch_day_of_week_operator.py
[2024-11-06T18:06:17.902+0300] {processor.py:925} INFO - DAG(s) 'example_weekday_branch_operator' retrieved from /home/airflow/.local/lib/python3.12/site-packages/airflow/example_dags/example_branch_day_of_week_operator.py
[2024-11-06T18:06:17.924+0300] {logging_mixin.py:190} INFO - [2024-11-06T18:06:17.924+0300] {dag.py:3239} INFO - Sync 1 DAGs
[2024-11-06T18:06:17.945+0300] {logging_mixin.py:190} INFO - [2024-11-06T18:06:17.945+0300] {dag.py:4180} INFO - Setting next_dagrun for example_weekday_branch_operator to 2024-11-05 00:00:00+00:00, run_after=2024-11-06 00:00:00+00:00
[2024-11-06T18:06:17.965+0300] {processor.py:208} INFO - Processing /home/airflow/.local/lib/python3.12/site-packages/airflow/example_dags/example_branch_day_of_week_operator.py took 0.080 seconds
[2024-11-06T18:06:48.634+0300] {processor.py:186} INFO - Started process (PID=1780) to work on /home/airflow/.local/lib/python3.12/site-packages/airflow/example_dags/example_branch_day_of_week_operator.py
[2024-11-06T18:06:48.635+0300] {processor.py:914} INFO - Processing file /home/airflow/.local/lib/python3.12/site-packages/airflow/example_dags/example_branch_day_of_week_operator.py for tasks to queue
[2024-11-06T18:06:48.637+0300] {logging_mixin.py:190} INFO - [2024-11-06T18:06:48.637+0300] {dagbag.py:588} INFO - Filling up the DagBag from /home/airflow/.local/lib/python3.12/site-packages/airflow/example_dags/example_branch_day_of_week_operator.py
[2024-11-06T18:06:48.646+0300] {processor.py:925} INFO - DAG(s) 'example_weekday_branch_operator' retrieved from /home/airflow/.local/lib/python3.12/site-packages/airflow/example_dags/example_branch_day_of_week_operator.py
[2024-11-06T18:06:48.667+0300] {logging_mixin.py:190} INFO - [2024-11-06T18:06:48.666+0300] {dag.py:3239} INFO - Sync 1 DAGs
[2024-11-06T18:06:48.691+0300] {logging_mixin.py:190} INFO - [2024-11-06T18:06:48.690+0300] {dag.py:4180} INFO - Setting next_dagrun for example_weekday_branch_operator to 2024-11-05 00:00:00+00:00, run_after=2024-11-06 00:00:00+00:00
[2024-11-06T18:06:48.709+0300] {processor.py:208} INFO - Processing /home/airflow/.local/lib/python3.12/site-packages/airflow/example_dags/example_branch_day_of_week_operator.py took 0.080 seconds
[2024-11-06T18:07:19.143+0300] {processor.py:186} INFO - Started process (PID=1849) to work on /home/airflow/.local/lib/python3.12/site-packages/airflow/example_dags/example_branch_day_of_week_operator.py
[2024-11-06T18:07:19.144+0300] {processor.py:914} INFO - Processing file /home/airflow/.local/lib/python3.12/site-packages/airflow/example_dags/example_branch_day_of_week_operator.py for tasks to queue
[2024-11-06T18:07:19.147+0300] {logging_mixin.py:190} INFO - [2024-11-06T18:07:19.146+0300] {dagbag.py:588} INFO - Filling up the DagBag from /home/airflow/.local/lib/python3.12/site-packages/airflow/example_dags/example_branch_day_of_week_operator.py
[2024-11-06T18:07:19.155+0300] {processor.py:925} INFO - DAG(s) 'example_weekday_branch_operator' retrieved from /home/airflow/.local/lib/python3.12/site-packages/airflow/example_dags/example_branch_day_of_week_operator.py
[2024-11-06T18:07:19.174+0300] {logging_mixin.py:190} INFO - [2024-11-06T18:07:19.174+0300] {dag.py:3239} INFO - Sync 1 DAGs
[2024-11-06T18:07:19.193+0300] {logging_mixin.py:190} INFO - [2024-11-06T18:07:19.193+0300] {dag.py:4180} INFO - Setting next_dagrun for example_weekday_branch_operator to 2024-11-05 00:00:00+00:00, run_after=2024-11-06 00:00:00+00:00
[2024-11-06T18:07:19.210+0300] {processor.py:208} INFO - Processing /home/airflow/.local/lib/python3.12/site-packages/airflow/example_dags/example_branch_day_of_week_operator.py took 0.071 seconds
[2024-11-06T18:07:49.424+0300] {processor.py:186} INFO - Started process (PID=1918) to work on /home/airflow/.local/lib/python3.12/site-packages/airflow/example_dags/example_branch_day_of_week_operator.py
[2024-11-06T18:07:49.425+0300] {processor.py:914} INFO - Processing file /home/airflow/.local/lib/python3.12/site-packages/airflow/example_dags/example_branch_day_of_week_operator.py for tasks to queue
[2024-11-06T18:07:49.427+0300] {logging_mixin.py:190} INFO - [2024-11-06T18:07:49.427+0300] {dagbag.py:588} INFO - Filling up the DagBag from /home/airflow/.local/lib/python3.12/site-packages/airflow/example_dags/example_branch_day_of_week_operator.py
[2024-11-06T18:07:49.436+0300] {processor.py:925} INFO - DAG(s) 'example_weekday_branch_operator' retrieved from /home/airflow/.local/lib/python3.12/site-packages/airflow/example_dags/example_branch_day_of_week_operator.py
[2024-11-06T18:07:49.453+0300] {logging_mixin.py:190} INFO - [2024-11-06T18:07:49.453+0300] {dag.py:3239} INFO - Sync 1 DAGs
[2024-11-06T18:07:49.471+0300] {logging_mixin.py:190} INFO - [2024-11-06T18:07:49.471+0300] {dag.py:4180} INFO - Setting next_dagrun for example_weekday_branch_operator to 2024-11-05 00:00:00+00:00, run_after=2024-11-06 00:00:00+00:00
[2024-11-06T18:07:49.487+0300] {processor.py:208} INFO - Processing /home/airflow/.local/lib/python3.12/site-packages/airflow/example_dags/example_branch_day_of_week_operator.py took 0.067 seconds
[2024-11-06T18:08:20.704+0300] {processor.py:186} INFO - Started process (PID=1987) to work on /home/airflow/.local/lib/python3.12/site-packages/airflow/example_dags/example_branch_day_of_week_operator.py
[2024-11-06T18:08:20.705+0300] {processor.py:914} INFO - Processing file /home/airflow/.local/lib/python3.12/site-packages/airflow/example_dags/example_branch_day_of_week_operator.py for tasks to queue
[2024-11-06T18:08:20.708+0300] {logging_mixin.py:190} INFO - [2024-11-06T18:08:20.707+0300] {dagbag.py:588} INFO - Filling up the DagBag from /home/airflow/.local/lib/python3.12/site-packages/airflow/example_dags/example_branch_day_of_week_operator.py
[2024-11-06T18:08:20.715+0300] {processor.py:925} INFO - DAG(s) 'example_weekday_branch_operator' retrieved from /home/airflow/.local/lib/python3.12/site-packages/airflow/example_dags/example_branch_day_of_week_operator.py
[2024-11-06T18:08:20.738+0300] {logging_mixin.py:190} INFO - [2024-11-06T18:08:20.738+0300] {dag.py:3239} INFO - Sync 1 DAGs
[2024-11-06T18:08:20.760+0300] {logging_mixin.py:190} INFO - [2024-11-06T18:08:20.760+0300] {dag.py:4180} INFO - Setting next_dagrun for example_weekday_branch_operator to 2024-11-05 00:00:00+00:00, run_after=2024-11-06 00:00:00+00:00
[2024-11-06T18:08:20.789+0300] {processor.py:208} INFO - Processing /home/airflow/.local/lib/python3.12/site-packages/airflow/example_dags/example_branch_day_of_week_operator.py took 0.090 seconds
[2024-11-06T18:08:52.173+0300] {processor.py:186} INFO - Started process (PID=2056) to work on /home/airflow/.local/lib/python3.12/site-packages/airflow/example_dags/example_branch_day_of_week_operator.py
[2024-11-06T18:08:52.174+0300] {processor.py:914} INFO - Processing file /home/airflow/.local/lib/python3.12/site-packages/airflow/example_dags/example_branch_day_of_week_operator.py for tasks to queue
[2024-11-06T18:08:52.177+0300] {logging_mixin.py:190} INFO - [2024-11-06T18:08:52.177+0300] {dagbag.py:588} INFO - Filling up the DagBag from /home/airflow/.local/lib/python3.12/site-packages/airflow/example_dags/example_branch_day_of_week_operator.py
[2024-11-06T18:08:52.186+0300] {processor.py:925} INFO - DAG(s) 'example_weekday_branch_operator' retrieved from /home/airflow/.local/lib/python3.12/site-packages/airflow/example_dags/example_branch_day_of_week_operator.py
[2024-11-06T18:08:52.203+0300] {logging_mixin.py:190} INFO - [2024-11-06T18:08:52.203+0300] {dag.py:3239} INFO - Sync 1 DAGs
[2024-11-06T18:08:52.224+0300] {logging_mixin.py:190} INFO - [2024-11-06T18:08:52.223+0300] {dag.py:4180} INFO - Setting next_dagrun for example_weekday_branch_operator to 2024-11-05 00:00:00+00:00, run_after=2024-11-06 00:00:00+00:00
[2024-11-06T18:08:52.239+0300] {processor.py:208} INFO - Processing /home/airflow/.local/lib/python3.12/site-packages/airflow/example_dags/example_branch_day_of_week_operator.py took 0.073 seconds
[2024-11-06T18:09:22.641+0300] {processor.py:186} INFO - Started process (PID=2125) to work on /home/airflow/.local/lib/python3.12/site-packages/airflow/example_dags/example_branch_day_of_week_operator.py
[2024-11-06T18:09:22.643+0300] {processor.py:914} INFO - Processing file /home/airflow/.local/lib/python3.12/site-packages/airflow/example_dags/example_branch_day_of_week_operator.py for tasks to queue
[2024-11-06T18:09:22.645+0300] {logging_mixin.py:190} INFO - [2024-11-06T18:09:22.645+0300] {dagbag.py:588} INFO - Filling up the DagBag from /home/airflow/.local/lib/python3.12/site-packages/airflow/example_dags/example_branch_day_of_week_operator.py
[2024-11-06T18:09:22.653+0300] {processor.py:925} INFO - DAG(s) 'example_weekday_branch_operator' retrieved from /home/airflow/.local/lib/python3.12/site-packages/airflow/example_dags/example_branch_day_of_week_operator.py
[2024-11-06T18:09:22.670+0300] {logging_mixin.py:190} INFO - [2024-11-06T18:09:22.670+0300] {dag.py:3239} INFO - Sync 1 DAGs
[2024-11-06T18:09:22.689+0300] {logging_mixin.py:190} INFO - [2024-11-06T18:09:22.689+0300] {dag.py:4180} INFO - Setting next_dagrun for example_weekday_branch_operator to 2024-11-05 00:00:00+00:00, run_after=2024-11-06 00:00:00+00:00
[2024-11-06T18:09:22.707+0300] {processor.py:208} INFO - Processing /home/airflow/.local/lib/python3.12/site-packages/airflow/example_dags/example_branch_day_of_week_operator.py took 0.070 seconds
[2024-11-06T18:09:53.782+0300] {processor.py:186} INFO - Started process (PID=2193) to work on /home/airflow/.local/lib/python3.12/site-packages/airflow/example_dags/example_branch_day_of_week_operator.py
[2024-11-06T18:09:53.783+0300] {processor.py:914} INFO - Processing file /home/airflow/.local/lib/python3.12/site-packages/airflow/example_dags/example_branch_day_of_week_operator.py for tasks to queue
[2024-11-06T18:09:53.785+0300] {logging_mixin.py:190} INFO - [2024-11-06T18:09:53.785+0300] {dagbag.py:588} INFO - Filling up the DagBag from /home/airflow/.local/lib/python3.12/site-packages/airflow/example_dags/example_branch_day_of_week_operator.py
[2024-11-06T18:09:53.793+0300] {processor.py:925} INFO - DAG(s) 'example_weekday_branch_operator' retrieved from /home/airflow/.local/lib/python3.12/site-packages/airflow/example_dags/example_branch_day_of_week_operator.py
[2024-11-06T18:09:53.811+0300] {logging_mixin.py:190} INFO - [2024-11-06T18:09:53.811+0300] {dag.py:3239} INFO - Sync 1 DAGs
[2024-11-06T18:09:53.832+0300] {logging_mixin.py:190} INFO - [2024-11-06T18:09:53.832+0300] {dag.py:4180} INFO - Setting next_dagrun for example_weekday_branch_operator to 2024-11-05 00:00:00+00:00, run_after=2024-11-06 00:00:00+00:00
[2024-11-06T18:09:53.850+0300] {processor.py:208} INFO - Processing /home/airflow/.local/lib/python3.12/site-packages/airflow/example_dags/example_branch_day_of_week_operator.py took 0.072 seconds
[2024-11-06T18:10:25.499+0300] {processor.py:186} INFO - Started process (PID=2262) to work on /home/airflow/.local/lib/python3.12/site-packages/airflow/example_dags/example_branch_day_of_week_operator.py
[2024-11-06T18:10:25.500+0300] {processor.py:914} INFO - Processing file /home/airflow/.local/lib/python3.12/site-packages/airflow/example_dags/example_branch_day_of_week_operator.py for tasks to queue
[2024-11-06T18:10:25.502+0300] {logging_mixin.py:190} INFO - [2024-11-06T18:10:25.502+0300] {dagbag.py:588} INFO - Filling up the DagBag from /home/airflow/.local/lib/python3.12/site-packages/airflow/example_dags/example_branch_day_of_week_operator.py
[2024-11-06T18:10:25.511+0300] {processor.py:925} INFO - DAG(s) 'example_weekday_branch_operator' retrieved from /home/airflow/.local/lib/python3.12/site-packages/airflow/example_dags/example_branch_day_of_week_operator.py
[2024-11-06T18:10:25.533+0300] {logging_mixin.py:190} INFO - [2024-11-06T18:10:25.533+0300] {dag.py:3239} INFO - Sync 1 DAGs
[2024-11-06T18:10:25.559+0300] {logging_mixin.py:190} INFO - [2024-11-06T18:10:25.558+0300] {dag.py:4180} INFO - Setting next_dagrun for example_weekday_branch_operator to 2024-11-05 00:00:00+00:00, run_after=2024-11-06 00:00:00+00:00
[2024-11-06T18:10:25.611+0300] {processor.py:208} INFO - Processing /home/airflow/.local/lib/python3.12/site-packages/airflow/example_dags/example_branch_day_of_week_operator.py took 0.118 seconds
[2024-11-06T18:10:56.038+0300] {processor.py:186} INFO - Started process (PID=2331) to work on /home/airflow/.local/lib/python3.12/site-packages/airflow/example_dags/example_branch_day_of_week_operator.py
[2024-11-06T18:10:56.039+0300] {processor.py:914} INFO - Processing file /home/airflow/.local/lib/python3.12/site-packages/airflow/example_dags/example_branch_day_of_week_operator.py for tasks to queue
[2024-11-06T18:10:56.042+0300] {logging_mixin.py:190} INFO - [2024-11-06T18:10:56.041+0300] {dagbag.py:588} INFO - Filling up the DagBag from /home/airflow/.local/lib/python3.12/site-packages/airflow/example_dags/example_branch_day_of_week_operator.py
[2024-11-06T18:10:56.052+0300] {processor.py:925} INFO - DAG(s) 'example_weekday_branch_operator' retrieved from /home/airflow/.local/lib/python3.12/site-packages/airflow/example_dags/example_branch_day_of_week_operator.py
[2024-11-06T18:10:56.077+0300] {logging_mixin.py:190} INFO - [2024-11-06T18:10:56.077+0300] {dag.py:3239} INFO - Sync 1 DAGs
[2024-11-06T18:10:56.095+0300] {logging_mixin.py:190} INFO - [2024-11-06T18:10:56.095+0300] {dag.py:4180} INFO - Setting next_dagrun for example_weekday_branch_operator to 2024-11-05 00:00:00+00:00, run_after=2024-11-06 00:00:00+00:00
[2024-11-06T18:10:56.147+0300] {processor.py:208} INFO - Processing /home/airflow/.local/lib/python3.12/site-packages/airflow/example_dags/example_branch_day_of_week_operator.py took 0.113 seconds
[2024-11-06T18:11:27.680+0300] {processor.py:186} INFO - Started process (PID=2400) to work on /home/airflow/.local/lib/python3.12/site-packages/airflow/example_dags/example_branch_day_of_week_operator.py
[2024-11-06T18:11:27.681+0300] {processor.py:914} INFO - Processing file /home/airflow/.local/lib/python3.12/site-packages/airflow/example_dags/example_branch_day_of_week_operator.py for tasks to queue
[2024-11-06T18:11:27.684+0300] {logging_mixin.py:190} INFO - [2024-11-06T18:11:27.683+0300] {dagbag.py:588} INFO - Filling up the DagBag from /home/airflow/.local/lib/python3.12/site-packages/airflow/example_dags/example_branch_day_of_week_operator.py
[2024-11-06T18:11:27.691+0300] {processor.py:925} INFO - DAG(s) 'example_weekday_branch_operator' retrieved from /home/airflow/.local/lib/python3.12/site-packages/airflow/example_dags/example_branch_day_of_week_operator.py
[2024-11-06T18:11:27.709+0300] {logging_mixin.py:190} INFO - [2024-11-06T18:11:27.709+0300] {dag.py:3239} INFO - Sync 1 DAGs
[2024-11-06T18:11:27.731+0300] {logging_mixin.py:190} INFO - [2024-11-06T18:11:27.731+0300] {dag.py:4180} INFO - Setting next_dagrun for example_weekday_branch_operator to 2024-11-05 00:00:00+00:00, run_after=2024-11-06 00:00:00+00:00
[2024-11-06T18:11:27.749+0300] {processor.py:208} INFO - Processing /home/airflow/.local/lib/python3.12/site-packages/airflow/example_dags/example_branch_day_of_week_operator.py took 0.075 seconds
