[2024-11-06T17:54:31.276+0300] {processor.py:186} INFO - Started process (PID=100) to work on /home/airflow/.local/lib/python3.12/site-packages/airflow/example_dags/example_outlet_event_extra.py
[2024-11-06T17:54:31.278+0300] {processor.py:914} INFO - Processing file /home/airflow/.local/lib/python3.12/site-packages/airflow/example_dags/example_outlet_event_extra.py for tasks to queue
[2024-11-06T17:54:31.289+0300] {logging_mixin.py:190} INFO - [2024-11-06T17:54:31.289+0300] {dagbag.py:588} INFO - Filling up the DagBag from /home/airflow/.local/lib/python3.12/site-packages/airflow/example_dags/example_outlet_event_extra.py
[2024-11-06T17:54:31.589+0300] {processor.py:925} INFO - DAG(s) 'dataset_with_extra_from_classic_operator', 'dataset_with_extra_by_yield', 'dataset_with_extra_by_context' retrieved from /home/airflow/.local/lib/python3.12/site-packages/airflow/example_dags/example_outlet_event_extra.py
[2024-11-06T17:54:31.665+0300] {logging_mixin.py:190} INFO - [2024-11-06T17:54:31.665+0300] {dag.py:3239} INFO - Sync 3 DAGs
[2024-11-06T17:54:31.740+0300] {logging_mixin.py:190} INFO - [2024-11-06T17:54:31.739+0300] {dag.py:4180} INFO - Setting next_dagrun for dataset_with_extra_by_context to 2024-11-05 00:00:00+00:00, run_after=2024-11-06 00:00:00+00:00
[2024-11-06T17:54:31.754+0300] {logging_mixin.py:190} INFO - [2024-11-06T17:54:31.754+0300] {dag.py:4180} INFO - Setting next_dagrun for dataset_with_extra_by_yield to 2024-11-05 00:00:00+00:00, run_after=2024-11-06 00:00:00+00:00
[2024-11-06T17:54:31.759+0300] {logging_mixin.py:190} INFO - [2024-11-06T17:54:31.758+0300] {dag.py:4180} INFO - Setting next_dagrun for dataset_with_extra_from_classic_operator to 2024-11-05 00:00:00+00:00, run_after=2024-11-06 00:00:00+00:00
[2024-11-06T17:54:31.825+0300] {processor.py:208} INFO - Processing /home/airflow/.local/lib/python3.12/site-packages/airflow/example_dags/example_outlet_event_extra.py took 0.556 seconds
[2024-11-06T17:55:02.248+0300] {processor.py:186} INFO - Started process (PID=193) to work on /home/airflow/.local/lib/python3.12/site-packages/airflow/example_dags/example_outlet_event_extra.py
[2024-11-06T17:55:02.250+0300] {processor.py:914} INFO - Processing file /home/airflow/.local/lib/python3.12/site-packages/airflow/example_dags/example_outlet_event_extra.py for tasks to queue
[2024-11-06T17:55:02.253+0300] {logging_mixin.py:190} INFO - [2024-11-06T17:55:02.253+0300] {dagbag.py:588} INFO - Filling up the DagBag from /home/airflow/.local/lib/python3.12/site-packages/airflow/example_dags/example_outlet_event_extra.py
[2024-11-06T17:55:02.385+0300] {processor.py:925} INFO - DAG(s) 'dataset_with_extra_from_classic_operator', 'dataset_with_extra_by_yield', 'dataset_with_extra_by_context' retrieved from /home/airflow/.local/lib/python3.12/site-packages/airflow/example_dags/example_outlet_event_extra.py
[2024-11-06T17:55:02.411+0300] {logging_mixin.py:190} INFO - [2024-11-06T17:55:02.411+0300] {dag.py:3239} INFO - Sync 3 DAGs
[2024-11-06T17:55:02.437+0300] {logging_mixin.py:190} INFO - [2024-11-06T17:55:02.437+0300] {dag.py:4180} INFO - Setting next_dagrun for dataset_with_extra_by_context to 2024-11-05 00:00:00+00:00, run_after=2024-11-06 00:00:00+00:00
[2024-11-06T17:55:02.442+0300] {logging_mixin.py:190} INFO - [2024-11-06T17:55:02.442+0300] {dag.py:4180} INFO - Setting next_dagrun for dataset_with_extra_by_yield to 2024-11-05 00:00:00+00:00, run_after=2024-11-06 00:00:00+00:00
[2024-11-06T17:55:02.448+0300] {logging_mixin.py:190} INFO - [2024-11-06T17:55:02.447+0300] {dag.py:4180} INFO - Setting next_dagrun for dataset_with_extra_from_classic_operator to 2024-11-05 00:00:00+00:00, run_after=2024-11-06 00:00:00+00:00
[2024-11-06T17:55:02.470+0300] {processor.py:208} INFO - Processing /home/airflow/.local/lib/python3.12/site-packages/airflow/example_dags/example_outlet_event_extra.py took 0.228 seconds
[2024-11-06T17:55:32.575+0300] {processor.py:186} INFO - Started process (PID=264) to work on /home/airflow/.local/lib/python3.12/site-packages/airflow/example_dags/example_outlet_event_extra.py
[2024-11-06T17:55:32.576+0300] {processor.py:914} INFO - Processing file /home/airflow/.local/lib/python3.12/site-packages/airflow/example_dags/example_outlet_event_extra.py for tasks to queue
[2024-11-06T17:55:32.579+0300] {logging_mixin.py:190} INFO - [2024-11-06T17:55:32.578+0300] {dagbag.py:588} INFO - Filling up the DagBag from /home/airflow/.local/lib/python3.12/site-packages/airflow/example_dags/example_outlet_event_extra.py
[2024-11-06T17:55:32.703+0300] {processor.py:925} INFO - DAG(s) 'dataset_with_extra_by_context', 'dataset_with_extra_from_classic_operator', 'dataset_with_extra_by_yield' retrieved from /home/airflow/.local/lib/python3.12/site-packages/airflow/example_dags/example_outlet_event_extra.py
[2024-11-06T17:55:32.735+0300] {logging_mixin.py:190} INFO - [2024-11-06T17:55:32.735+0300] {dag.py:3239} INFO - Sync 3 DAGs
[2024-11-06T17:55:32.759+0300] {logging_mixin.py:190} INFO - [2024-11-06T17:55:32.758+0300] {dag.py:4180} INFO - Setting next_dagrun for dataset_with_extra_by_context to 2024-11-05 00:00:00+00:00, run_after=2024-11-06 00:00:00+00:00
[2024-11-06T17:55:32.765+0300] {logging_mixin.py:190} INFO - [2024-11-06T17:55:32.764+0300] {dag.py:4180} INFO - Setting next_dagrun for dataset_with_extra_by_yield to 2024-11-05 00:00:00+00:00, run_after=2024-11-06 00:00:00+00:00
[2024-11-06T17:55:32.769+0300] {logging_mixin.py:190} INFO - [2024-11-06T17:55:32.768+0300] {dag.py:4180} INFO - Setting next_dagrun for dataset_with_extra_from_classic_operator to 2024-11-05 00:00:00+00:00, run_after=2024-11-06 00:00:00+00:00
[2024-11-06T17:55:32.797+0300] {processor.py:208} INFO - Processing /home/airflow/.local/lib/python3.12/site-packages/airflow/example_dags/example_outlet_event_extra.py took 0.226 seconds
[2024-11-06T17:56:03.314+0300] {processor.py:186} INFO - Started process (PID=332) to work on /home/airflow/.local/lib/python3.12/site-packages/airflow/example_dags/example_outlet_event_extra.py
[2024-11-06T17:56:03.315+0300] {processor.py:914} INFO - Processing file /home/airflow/.local/lib/python3.12/site-packages/airflow/example_dags/example_outlet_event_extra.py for tasks to queue
[2024-11-06T17:56:03.317+0300] {logging_mixin.py:190} INFO - [2024-11-06T17:56:03.317+0300] {dagbag.py:588} INFO - Filling up the DagBag from /home/airflow/.local/lib/python3.12/site-packages/airflow/example_dags/example_outlet_event_extra.py
[2024-11-06T17:56:03.448+0300] {processor.py:925} INFO - DAG(s) 'dataset_with_extra_by_yield', 'dataset_with_extra_from_classic_operator', 'dataset_with_extra_by_context' retrieved from /home/airflow/.local/lib/python3.12/site-packages/airflow/example_dags/example_outlet_event_extra.py
[2024-11-06T17:56:03.471+0300] {logging_mixin.py:190} INFO - [2024-11-06T17:56:03.471+0300] {dag.py:3239} INFO - Sync 3 DAGs
[2024-11-06T17:56:03.492+0300] {logging_mixin.py:190} INFO - [2024-11-06T17:56:03.492+0300] {dag.py:4180} INFO - Setting next_dagrun for dataset_with_extra_by_context to 2024-11-05 00:00:00+00:00, run_after=2024-11-06 00:00:00+00:00
[2024-11-06T17:56:03.498+0300] {logging_mixin.py:190} INFO - [2024-11-06T17:56:03.498+0300] {dag.py:4180} INFO - Setting next_dagrun for dataset_with_extra_by_yield to 2024-11-05 00:00:00+00:00, run_after=2024-11-06 00:00:00+00:00
[2024-11-06T17:56:03.501+0300] {logging_mixin.py:190} INFO - [2024-11-06T17:56:03.501+0300] {dag.py:4180} INFO - Setting next_dagrun for dataset_with_extra_from_classic_operator to 2024-11-05 00:00:00+00:00, run_after=2024-11-06 00:00:00+00:00
[2024-11-06T17:56:03.522+0300] {processor.py:208} INFO - Processing /home/airflow/.local/lib/python3.12/site-packages/airflow/example_dags/example_outlet_event_extra.py took 0.214 seconds
[2024-11-06T17:56:33.881+0300] {processor.py:186} INFO - Started process (PID=401) to work on /home/airflow/.local/lib/python3.12/site-packages/airflow/example_dags/example_outlet_event_extra.py
[2024-11-06T17:56:33.883+0300] {processor.py:914} INFO - Processing file /home/airflow/.local/lib/python3.12/site-packages/airflow/example_dags/example_outlet_event_extra.py for tasks to queue
[2024-11-06T17:56:33.885+0300] {logging_mixin.py:190} INFO - [2024-11-06T17:56:33.885+0300] {dagbag.py:588} INFO - Filling up the DagBag from /home/airflow/.local/lib/python3.12/site-packages/airflow/example_dags/example_outlet_event_extra.py
[2024-11-06T17:56:34.004+0300] {processor.py:925} INFO - DAG(s) 'dataset_with_extra_by_yield', 'dataset_with_extra_by_context', 'dataset_with_extra_from_classic_operator' retrieved from /home/airflow/.local/lib/python3.12/site-packages/airflow/example_dags/example_outlet_event_extra.py
[2024-11-06T17:56:34.028+0300] {logging_mixin.py:190} INFO - [2024-11-06T17:56:34.028+0300] {dag.py:3239} INFO - Sync 3 DAGs
[2024-11-06T17:56:34.049+0300] {logging_mixin.py:190} INFO - [2024-11-06T17:56:34.048+0300] {dag.py:4180} INFO - Setting next_dagrun for dataset_with_extra_by_context to 2024-11-05 00:00:00+00:00, run_after=2024-11-06 00:00:00+00:00
[2024-11-06T17:56:34.053+0300] {logging_mixin.py:190} INFO - [2024-11-06T17:56:34.052+0300] {dag.py:4180} INFO - Setting next_dagrun for dataset_with_extra_by_yield to 2024-11-05 00:00:00+00:00, run_after=2024-11-06 00:00:00+00:00
[2024-11-06T17:56:34.056+0300] {logging_mixin.py:190} INFO - [2024-11-06T17:56:34.055+0300] {dag.py:4180} INFO - Setting next_dagrun for dataset_with_extra_from_classic_operator to 2024-11-05 00:00:00+00:00, run_after=2024-11-06 00:00:00+00:00
[2024-11-06T17:56:34.080+0300] {processor.py:208} INFO - Processing /home/airflow/.local/lib/python3.12/site-packages/airflow/example_dags/example_outlet_event_extra.py took 0.204 seconds
[2024-11-06T17:57:04.578+0300] {processor.py:186} INFO - Started process (PID=470) to work on /home/airflow/.local/lib/python3.12/site-packages/airflow/example_dags/example_outlet_event_extra.py
[2024-11-06T17:57:04.580+0300] {processor.py:914} INFO - Processing file /home/airflow/.local/lib/python3.12/site-packages/airflow/example_dags/example_outlet_event_extra.py for tasks to queue
[2024-11-06T17:57:04.582+0300] {logging_mixin.py:190} INFO - [2024-11-06T17:57:04.582+0300] {dagbag.py:588} INFO - Filling up the DagBag from /home/airflow/.local/lib/python3.12/site-packages/airflow/example_dags/example_outlet_event_extra.py
[2024-11-06T17:57:04.696+0300] {processor.py:925} INFO - DAG(s) 'dataset_with_extra_by_yield', 'dataset_with_extra_from_classic_operator', 'dataset_with_extra_by_context' retrieved from /home/airflow/.local/lib/python3.12/site-packages/airflow/example_dags/example_outlet_event_extra.py
[2024-11-06T17:57:04.720+0300] {logging_mixin.py:190} INFO - [2024-11-06T17:57:04.720+0300] {dag.py:3239} INFO - Sync 3 DAGs
[2024-11-06T17:57:04.743+0300] {logging_mixin.py:190} INFO - [2024-11-06T17:57:04.743+0300] {dag.py:4180} INFO - Setting next_dagrun for dataset_with_extra_by_context to 2024-11-05 00:00:00+00:00, run_after=2024-11-06 00:00:00+00:00
[2024-11-06T17:57:04.748+0300] {logging_mixin.py:190} INFO - [2024-11-06T17:57:04.748+0300] {dag.py:4180} INFO - Setting next_dagrun for dataset_with_extra_by_yield to 2024-11-05 00:00:00+00:00, run_after=2024-11-06 00:00:00+00:00
[2024-11-06T17:57:04.750+0300] {logging_mixin.py:190} INFO - [2024-11-06T17:57:04.750+0300] {dag.py:4180} INFO - Setting next_dagrun for dataset_with_extra_from_classic_operator to 2024-11-05 00:00:00+00:00, run_after=2024-11-06 00:00:00+00:00
[2024-11-06T17:57:04.771+0300] {processor.py:208} INFO - Processing /home/airflow/.local/lib/python3.12/site-packages/airflow/example_dags/example_outlet_event_extra.py took 0.199 seconds
[2024-11-06T17:57:35.026+0300] {processor.py:186} INFO - Started process (PID=540) to work on /home/airflow/.local/lib/python3.12/site-packages/airflow/example_dags/example_outlet_event_extra.py
[2024-11-06T17:57:35.028+0300] {processor.py:914} INFO - Processing file /home/airflow/.local/lib/python3.12/site-packages/airflow/example_dags/example_outlet_event_extra.py for tasks to queue
[2024-11-06T17:57:35.031+0300] {logging_mixin.py:190} INFO - [2024-11-06T17:57:35.030+0300] {dagbag.py:588} INFO - Filling up the DagBag from /home/airflow/.local/lib/python3.12/site-packages/airflow/example_dags/example_outlet_event_extra.py
[2024-11-06T17:57:35.150+0300] {processor.py:925} INFO - DAG(s) 'dataset_with_extra_from_classic_operator', 'dataset_with_extra_by_context', 'dataset_with_extra_by_yield' retrieved from /home/airflow/.local/lib/python3.12/site-packages/airflow/example_dags/example_outlet_event_extra.py
[2024-11-06T17:57:35.172+0300] {logging_mixin.py:190} INFO - [2024-11-06T17:57:35.172+0300] {dag.py:3239} INFO - Sync 3 DAGs
[2024-11-06T17:57:35.204+0300] {logging_mixin.py:190} INFO - [2024-11-06T17:57:35.203+0300] {dag.py:4180} INFO - Setting next_dagrun for dataset_with_extra_by_context to 2024-11-05 00:00:00+00:00, run_after=2024-11-06 00:00:00+00:00
[2024-11-06T17:57:35.209+0300] {logging_mixin.py:190} INFO - [2024-11-06T17:57:35.209+0300] {dag.py:4180} INFO - Setting next_dagrun for dataset_with_extra_by_yield to 2024-11-05 00:00:00+00:00, run_after=2024-11-06 00:00:00+00:00
[2024-11-06T17:57:35.214+0300] {logging_mixin.py:190} INFO - [2024-11-06T17:57:35.213+0300] {dag.py:4180} INFO - Setting next_dagrun for dataset_with_extra_from_classic_operator to 2024-11-05 00:00:00+00:00, run_after=2024-11-06 00:00:00+00:00
[2024-11-06T17:57:35.239+0300] {processor.py:208} INFO - Processing /home/airflow/.local/lib/python3.12/site-packages/airflow/example_dags/example_outlet_event_extra.py took 0.218 seconds
[2024-11-06T17:58:06.156+0300] {processor.py:186} INFO - Started process (PID=609) to work on /home/airflow/.local/lib/python3.12/site-packages/airflow/example_dags/example_outlet_event_extra.py
[2024-11-06T17:58:06.157+0300] {processor.py:914} INFO - Processing file /home/airflow/.local/lib/python3.12/site-packages/airflow/example_dags/example_outlet_event_extra.py for tasks to queue
[2024-11-06T17:58:06.160+0300] {logging_mixin.py:190} INFO - [2024-11-06T17:58:06.160+0300] {dagbag.py:588} INFO - Filling up the DagBag from /home/airflow/.local/lib/python3.12/site-packages/airflow/example_dags/example_outlet_event_extra.py
[2024-11-06T17:58:06.284+0300] {processor.py:925} INFO - DAG(s) 'dataset_with_extra_from_classic_operator', 'dataset_with_extra_by_context', 'dataset_with_extra_by_yield' retrieved from /home/airflow/.local/lib/python3.12/site-packages/airflow/example_dags/example_outlet_event_extra.py
[2024-11-06T17:58:06.309+0300] {logging_mixin.py:190} INFO - [2024-11-06T17:58:06.308+0300] {dag.py:3239} INFO - Sync 3 DAGs
[2024-11-06T17:58:06.335+0300] {logging_mixin.py:190} INFO - [2024-11-06T17:58:06.335+0300] {dag.py:4180} INFO - Setting next_dagrun for dataset_with_extra_by_context to 2024-11-05 00:00:00+00:00, run_after=2024-11-06 00:00:00+00:00
[2024-11-06T17:58:06.340+0300] {logging_mixin.py:190} INFO - [2024-11-06T17:58:06.340+0300] {dag.py:4180} INFO - Setting next_dagrun for dataset_with_extra_by_yield to 2024-11-05 00:00:00+00:00, run_after=2024-11-06 00:00:00+00:00
[2024-11-06T17:58:06.343+0300] {logging_mixin.py:190} INFO - [2024-11-06T17:58:06.343+0300] {dag.py:4180} INFO - Setting next_dagrun for dataset_with_extra_from_classic_operator to 2024-11-05 00:00:00+00:00, run_after=2024-11-06 00:00:00+00:00
[2024-11-06T17:58:06.374+0300] {processor.py:208} INFO - Processing /home/airflow/.local/lib/python3.12/site-packages/airflow/example_dags/example_outlet_event_extra.py took 0.223 seconds
[2024-11-06T17:58:36.787+0300] {processor.py:186} INFO - Started process (PID=678) to work on /home/airflow/.local/lib/python3.12/site-packages/airflow/example_dags/example_outlet_event_extra.py
[2024-11-06T17:58:36.789+0300] {processor.py:914} INFO - Processing file /home/airflow/.local/lib/python3.12/site-packages/airflow/example_dags/example_outlet_event_extra.py for tasks to queue
[2024-11-06T17:58:36.793+0300] {logging_mixin.py:190} INFO - [2024-11-06T17:58:36.792+0300] {dagbag.py:588} INFO - Filling up the DagBag from /home/airflow/.local/lib/python3.12/site-packages/airflow/example_dags/example_outlet_event_extra.py
[2024-11-06T17:58:36.954+0300] {processor.py:925} INFO - DAG(s) 'dataset_with_extra_from_classic_operator', 'dataset_with_extra_by_context', 'dataset_with_extra_by_yield' retrieved from /home/airflow/.local/lib/python3.12/site-packages/airflow/example_dags/example_outlet_event_extra.py
[2024-11-06T17:58:36.982+0300] {logging_mixin.py:190} INFO - [2024-11-06T17:58:36.982+0300] {dag.py:3239} INFO - Sync 3 DAGs
[2024-11-06T17:58:37.007+0300] {logging_mixin.py:190} INFO - [2024-11-06T17:58:37.007+0300] {dag.py:4180} INFO - Setting next_dagrun for dataset_with_extra_by_context to 2024-11-05 00:00:00+00:00, run_after=2024-11-06 00:00:00+00:00
[2024-11-06T17:58:37.013+0300] {logging_mixin.py:190} INFO - [2024-11-06T17:58:37.013+0300] {dag.py:4180} INFO - Setting next_dagrun for dataset_with_extra_by_yield to 2024-11-05 00:00:00+00:00, run_after=2024-11-06 00:00:00+00:00
[2024-11-06T17:58:37.017+0300] {logging_mixin.py:190} INFO - [2024-11-06T17:58:37.017+0300] {dag.py:4180} INFO - Setting next_dagrun for dataset_with_extra_from_classic_operator to 2024-11-05 00:00:00+00:00, run_after=2024-11-06 00:00:00+00:00
[2024-11-06T17:58:37.041+0300] {processor.py:208} INFO - Processing /home/airflow/.local/lib/python3.12/site-packages/airflow/example_dags/example_outlet_event_extra.py took 0.264 seconds
[2024-11-06T17:59:07.447+0300] {processor.py:186} INFO - Started process (PID=747) to work on /home/airflow/.local/lib/python3.12/site-packages/airflow/example_dags/example_outlet_event_extra.py
[2024-11-06T17:59:07.449+0300] {processor.py:914} INFO - Processing file /home/airflow/.local/lib/python3.12/site-packages/airflow/example_dags/example_outlet_event_extra.py for tasks to queue
[2024-11-06T17:59:07.452+0300] {logging_mixin.py:190} INFO - [2024-11-06T17:59:07.452+0300] {dagbag.py:588} INFO - Filling up the DagBag from /home/airflow/.local/lib/python3.12/site-packages/airflow/example_dags/example_outlet_event_extra.py
[2024-11-06T17:59:07.572+0300] {processor.py:925} INFO - DAG(s) 'dataset_with_extra_by_yield', 'dataset_with_extra_by_context', 'dataset_with_extra_from_classic_operator' retrieved from /home/airflow/.local/lib/python3.12/site-packages/airflow/example_dags/example_outlet_event_extra.py
[2024-11-06T17:59:07.597+0300] {logging_mixin.py:190} INFO - [2024-11-06T17:59:07.597+0300] {dag.py:3239} INFO - Sync 3 DAGs
[2024-11-06T17:59:07.618+0300] {logging_mixin.py:190} INFO - [2024-11-06T17:59:07.618+0300] {dag.py:4180} INFO - Setting next_dagrun for dataset_with_extra_by_context to 2024-11-05 00:00:00+00:00, run_after=2024-11-06 00:00:00+00:00
[2024-11-06T17:59:07.623+0300] {logging_mixin.py:190} INFO - [2024-11-06T17:59:07.623+0300] {dag.py:4180} INFO - Setting next_dagrun for dataset_with_extra_by_yield to 2024-11-05 00:00:00+00:00, run_after=2024-11-06 00:00:00+00:00
[2024-11-06T17:59:07.626+0300] {logging_mixin.py:190} INFO - [2024-11-06T17:59:07.625+0300] {dag.py:4180} INFO - Setting next_dagrun for dataset_with_extra_from_classic_operator to 2024-11-05 00:00:00+00:00, run_after=2024-11-06 00:00:00+00:00
[2024-11-06T17:59:07.648+0300] {processor.py:208} INFO - Processing /home/airflow/.local/lib/python3.12/site-packages/airflow/example_dags/example_outlet_event_extra.py took 0.210 seconds
[2024-11-06T17:59:38.282+0300] {processor.py:186} INFO - Started process (PID=816) to work on /home/airflow/.local/lib/python3.12/site-packages/airflow/example_dags/example_outlet_event_extra.py
[2024-11-06T17:59:38.283+0300] {processor.py:914} INFO - Processing file /home/airflow/.local/lib/python3.12/site-packages/airflow/example_dags/example_outlet_event_extra.py for tasks to queue
[2024-11-06T17:59:38.286+0300] {logging_mixin.py:190} INFO - [2024-11-06T17:59:38.286+0300] {dagbag.py:588} INFO - Filling up the DagBag from /home/airflow/.local/lib/python3.12/site-packages/airflow/example_dags/example_outlet_event_extra.py
[2024-11-06T17:59:38.436+0300] {processor.py:925} INFO - DAG(s) 'dataset_with_extra_from_classic_operator', 'dataset_with_extra_by_yield', 'dataset_with_extra_by_context' retrieved from /home/airflow/.local/lib/python3.12/site-packages/airflow/example_dags/example_outlet_event_extra.py
[2024-11-06T17:59:38.469+0300] {logging_mixin.py:190} INFO - [2024-11-06T17:59:38.469+0300] {dag.py:3239} INFO - Sync 3 DAGs
[2024-11-06T17:59:38.499+0300] {logging_mixin.py:190} INFO - [2024-11-06T17:59:38.498+0300] {dag.py:4180} INFO - Setting next_dagrun for dataset_with_extra_by_context to 2024-11-05 00:00:00+00:00, run_after=2024-11-06 00:00:00+00:00
[2024-11-06T17:59:38.505+0300] {logging_mixin.py:190} INFO - [2024-11-06T17:59:38.504+0300] {dag.py:4180} INFO - Setting next_dagrun for dataset_with_extra_by_yield to 2024-11-05 00:00:00+00:00, run_after=2024-11-06 00:00:00+00:00
[2024-11-06T17:59:38.508+0300] {logging_mixin.py:190} INFO - [2024-11-06T17:59:38.508+0300] {dag.py:4180} INFO - Setting next_dagrun for dataset_with_extra_from_classic_operator to 2024-11-05 00:00:00+00:00, run_after=2024-11-06 00:00:00+00:00
[2024-11-06T17:59:38.535+0300] {processor.py:208} INFO - Processing /home/airflow/.local/lib/python3.12/site-packages/airflow/example_dags/example_outlet_event_extra.py took 0.258 seconds
[2024-11-06T18:00:08.821+0300] {processor.py:186} INFO - Started process (PID=885) to work on /home/airflow/.local/lib/python3.12/site-packages/airflow/example_dags/example_outlet_event_extra.py
[2024-11-06T18:00:08.822+0300] {processor.py:914} INFO - Processing file /home/airflow/.local/lib/python3.12/site-packages/airflow/example_dags/example_outlet_event_extra.py for tasks to queue
[2024-11-06T18:00:08.825+0300] {logging_mixin.py:190} INFO - [2024-11-06T18:00:08.825+0300] {dagbag.py:588} INFO - Filling up the DagBag from /home/airflow/.local/lib/python3.12/site-packages/airflow/example_dags/example_outlet_event_extra.py
[2024-11-06T18:00:08.933+0300] {processor.py:925} INFO - DAG(s) 'dataset_with_extra_by_context', 'dataset_with_extra_from_classic_operator', 'dataset_with_extra_by_yield' retrieved from /home/airflow/.local/lib/python3.12/site-packages/airflow/example_dags/example_outlet_event_extra.py
[2024-11-06T18:00:08.957+0300] {logging_mixin.py:190} INFO - [2024-11-06T18:00:08.957+0300] {dag.py:3239} INFO - Sync 3 DAGs
[2024-11-06T18:00:08.979+0300] {logging_mixin.py:190} INFO - [2024-11-06T18:00:08.979+0300] {dag.py:4180} INFO - Setting next_dagrun for dataset_with_extra_by_context to 2024-11-05 00:00:00+00:00, run_after=2024-11-06 00:00:00+00:00
[2024-11-06T18:00:08.983+0300] {logging_mixin.py:190} INFO - [2024-11-06T18:00:08.983+0300] {dag.py:4180} INFO - Setting next_dagrun for dataset_with_extra_by_yield to 2024-11-05 00:00:00+00:00, run_after=2024-11-06 00:00:00+00:00
[2024-11-06T18:00:08.985+0300] {logging_mixin.py:190} INFO - [2024-11-06T18:00:08.985+0300] {dag.py:4180} INFO - Setting next_dagrun for dataset_with_extra_from_classic_operator to 2024-11-05 00:00:00+00:00, run_after=2024-11-06 00:00:00+00:00
[2024-11-06T18:00:09.003+0300] {processor.py:208} INFO - Processing /home/airflow/.local/lib/python3.12/site-packages/airflow/example_dags/example_outlet_event_extra.py took 0.186 seconds
[2024-11-06T18:00:39.388+0300] {processor.py:186} INFO - Started process (PID=954) to work on /home/airflow/.local/lib/python3.12/site-packages/airflow/example_dags/example_outlet_event_extra.py
[2024-11-06T18:00:39.390+0300] {processor.py:914} INFO - Processing file /home/airflow/.local/lib/python3.12/site-packages/airflow/example_dags/example_outlet_event_extra.py for tasks to queue
[2024-11-06T18:00:39.393+0300] {logging_mixin.py:190} INFO - [2024-11-06T18:00:39.392+0300] {dagbag.py:588} INFO - Filling up the DagBag from /home/airflow/.local/lib/python3.12/site-packages/airflow/example_dags/example_outlet_event_extra.py
[2024-11-06T18:00:39.501+0300] {processor.py:925} INFO - DAG(s) 'dataset_with_extra_from_classic_operator', 'dataset_with_extra_by_yield', 'dataset_with_extra_by_context' retrieved from /home/airflow/.local/lib/python3.12/site-packages/airflow/example_dags/example_outlet_event_extra.py
[2024-11-06T18:00:39.524+0300] {logging_mixin.py:190} INFO - [2024-11-06T18:00:39.524+0300] {dag.py:3239} INFO - Sync 3 DAGs
[2024-11-06T18:00:39.546+0300] {logging_mixin.py:190} INFO - [2024-11-06T18:00:39.546+0300] {dag.py:4180} INFO - Setting next_dagrun for dataset_with_extra_by_context to 2024-11-05 00:00:00+00:00, run_after=2024-11-06 00:00:00+00:00
[2024-11-06T18:00:39.551+0300] {logging_mixin.py:190} INFO - [2024-11-06T18:00:39.551+0300] {dag.py:4180} INFO - Setting next_dagrun for dataset_with_extra_by_yield to 2024-11-05 00:00:00+00:00, run_after=2024-11-06 00:00:00+00:00
[2024-11-06T18:00:39.553+0300] {logging_mixin.py:190} INFO - [2024-11-06T18:00:39.553+0300] {dag.py:4180} INFO - Setting next_dagrun for dataset_with_extra_from_classic_operator to 2024-11-05 00:00:00+00:00, run_after=2024-11-06 00:00:00+00:00
[2024-11-06T18:00:39.574+0300] {processor.py:208} INFO - Processing /home/airflow/.local/lib/python3.12/site-packages/airflow/example_dags/example_outlet_event_extra.py took 0.191 seconds
[2024-11-06T18:01:10.123+0300] {processor.py:186} INFO - Started process (PID=1023) to work on /home/airflow/.local/lib/python3.12/site-packages/airflow/example_dags/example_outlet_event_extra.py
[2024-11-06T18:01:10.124+0300] {processor.py:914} INFO - Processing file /home/airflow/.local/lib/python3.12/site-packages/airflow/example_dags/example_outlet_event_extra.py for tasks to queue
[2024-11-06T18:01:10.126+0300] {logging_mixin.py:190} INFO - [2024-11-06T18:01:10.126+0300] {dagbag.py:588} INFO - Filling up the DagBag from /home/airflow/.local/lib/python3.12/site-packages/airflow/example_dags/example_outlet_event_extra.py
[2024-11-06T18:01:10.246+0300] {processor.py:925} INFO - DAG(s) 'dataset_with_extra_by_context', 'dataset_with_extra_from_classic_operator', 'dataset_with_extra_by_yield' retrieved from /home/airflow/.local/lib/python3.12/site-packages/airflow/example_dags/example_outlet_event_extra.py
[2024-11-06T18:01:10.270+0300] {logging_mixin.py:190} INFO - [2024-11-06T18:01:10.270+0300] {dag.py:3239} INFO - Sync 3 DAGs
[2024-11-06T18:01:10.294+0300] {logging_mixin.py:190} INFO - [2024-11-06T18:01:10.293+0300] {dag.py:4180} INFO - Setting next_dagrun for dataset_with_extra_by_context to 2024-11-05 00:00:00+00:00, run_after=2024-11-06 00:00:00+00:00
[2024-11-06T18:01:10.300+0300] {logging_mixin.py:190} INFO - [2024-11-06T18:01:10.300+0300] {dag.py:4180} INFO - Setting next_dagrun for dataset_with_extra_by_yield to 2024-11-05 00:00:00+00:00, run_after=2024-11-06 00:00:00+00:00
[2024-11-06T18:01:10.302+0300] {logging_mixin.py:190} INFO - [2024-11-06T18:01:10.302+0300] {dag.py:4180} INFO - Setting next_dagrun for dataset_with_extra_from_classic_operator to 2024-11-05 00:00:00+00:00, run_after=2024-11-06 00:00:00+00:00
[2024-11-06T18:01:10.474+0300] {processor.py:208} INFO - Processing /home/airflow/.local/lib/python3.12/site-packages/airflow/example_dags/example_outlet_event_extra.py took 0.355 seconds
[2024-11-06T18:01:40.730+0300] {processor.py:186} INFO - Started process (PID=1092) to work on /home/airflow/.local/lib/python3.12/site-packages/airflow/example_dags/example_outlet_event_extra.py
[2024-11-06T18:01:40.731+0300] {processor.py:914} INFO - Processing file /home/airflow/.local/lib/python3.12/site-packages/airflow/example_dags/example_outlet_event_extra.py for tasks to queue
[2024-11-06T18:01:40.734+0300] {logging_mixin.py:190} INFO - [2024-11-06T18:01:40.733+0300] {dagbag.py:588} INFO - Filling up the DagBag from /home/airflow/.local/lib/python3.12/site-packages/airflow/example_dags/example_outlet_event_extra.py
[2024-11-06T18:01:40.848+0300] {processor.py:925} INFO - DAG(s) 'dataset_with_extra_by_yield', 'dataset_with_extra_from_classic_operator', 'dataset_with_extra_by_context' retrieved from /home/airflow/.local/lib/python3.12/site-packages/airflow/example_dags/example_outlet_event_extra.py
[2024-11-06T18:01:40.873+0300] {logging_mixin.py:190} INFO - [2024-11-06T18:01:40.873+0300] {dag.py:3239} INFO - Sync 3 DAGs
[2024-11-06T18:01:40.891+0300] {logging_mixin.py:190} INFO - [2024-11-06T18:01:40.891+0300] {dag.py:4180} INFO - Setting next_dagrun for dataset_with_extra_by_context to 2024-11-05 00:00:00+00:00, run_after=2024-11-06 00:00:00+00:00
[2024-11-06T18:01:40.896+0300] {logging_mixin.py:190} INFO - [2024-11-06T18:01:40.896+0300] {dag.py:4180} INFO - Setting next_dagrun for dataset_with_extra_by_yield to 2024-11-05 00:00:00+00:00, run_after=2024-11-06 00:00:00+00:00
[2024-11-06T18:01:40.899+0300] {logging_mixin.py:190} INFO - [2024-11-06T18:01:40.899+0300] {dag.py:4180} INFO - Setting next_dagrun for dataset_with_extra_from_classic_operator to 2024-11-05 00:00:00+00:00, run_after=2024-11-06 00:00:00+00:00
[2024-11-06T18:01:40.920+0300] {processor.py:208} INFO - Processing /home/airflow/.local/lib/python3.12/site-packages/airflow/example_dags/example_outlet_event_extra.py took 0.196 seconds
[2024-11-06T18:02:11.638+0300] {processor.py:186} INFO - Started process (PID=1161) to work on /home/airflow/.local/lib/python3.12/site-packages/airflow/example_dags/example_outlet_event_extra.py
[2024-11-06T18:02:11.639+0300] {processor.py:914} INFO - Processing file /home/airflow/.local/lib/python3.12/site-packages/airflow/example_dags/example_outlet_event_extra.py for tasks to queue
[2024-11-06T18:02:11.641+0300] {logging_mixin.py:190} INFO - [2024-11-06T18:02:11.641+0300] {dagbag.py:588} INFO - Filling up the DagBag from /home/airflow/.local/lib/python3.12/site-packages/airflow/example_dags/example_outlet_event_extra.py
[2024-11-06T18:02:11.747+0300] {processor.py:925} INFO - DAG(s) 'dataset_with_extra_by_context', 'dataset_with_extra_by_yield', 'dataset_with_extra_from_classic_operator' retrieved from /home/airflow/.local/lib/python3.12/site-packages/airflow/example_dags/example_outlet_event_extra.py
[2024-11-06T18:02:11.768+0300] {logging_mixin.py:190} INFO - [2024-11-06T18:02:11.768+0300] {dag.py:3239} INFO - Sync 3 DAGs
[2024-11-06T18:02:11.791+0300] {logging_mixin.py:190} INFO - [2024-11-06T18:02:11.791+0300] {dag.py:4180} INFO - Setting next_dagrun for dataset_with_extra_by_context to 2024-11-05 00:00:00+00:00, run_after=2024-11-06 00:00:00+00:00
[2024-11-06T18:02:11.795+0300] {logging_mixin.py:190} INFO - [2024-11-06T18:02:11.795+0300] {dag.py:4180} INFO - Setting next_dagrun for dataset_with_extra_by_yield to 2024-11-05 00:00:00+00:00, run_after=2024-11-06 00:00:00+00:00
[2024-11-06T18:02:11.797+0300] {logging_mixin.py:190} INFO - [2024-11-06T18:02:11.797+0300] {dag.py:4180} INFO - Setting next_dagrun for dataset_with_extra_from_classic_operator to 2024-11-05 00:00:00+00:00, run_after=2024-11-06 00:00:00+00:00
[2024-11-06T18:02:11.816+0300] {processor.py:208} INFO - Processing /home/airflow/.local/lib/python3.12/site-packages/airflow/example_dags/example_outlet_event_extra.py took 0.183 seconds
[2024-11-06T18:02:42.001+0300] {processor.py:186} INFO - Started process (PID=1230) to work on /home/airflow/.local/lib/python3.12/site-packages/airflow/example_dags/example_outlet_event_extra.py
[2024-11-06T18:02:42.004+0300] {processor.py:914} INFO - Processing file /home/airflow/.local/lib/python3.12/site-packages/airflow/example_dags/example_outlet_event_extra.py for tasks to queue
[2024-11-06T18:02:42.008+0300] {logging_mixin.py:190} INFO - [2024-11-06T18:02:42.007+0300] {dagbag.py:588} INFO - Filling up the DagBag from /home/airflow/.local/lib/python3.12/site-packages/airflow/example_dags/example_outlet_event_extra.py
[2024-11-06T18:02:42.338+0300] {processor.py:925} INFO - DAG(s) 'dataset_with_extra_by_yield', 'dataset_with_extra_by_context', 'dataset_with_extra_from_classic_operator' retrieved from /home/airflow/.local/lib/python3.12/site-packages/airflow/example_dags/example_outlet_event_extra.py
[2024-11-06T18:02:42.389+0300] {logging_mixin.py:190} INFO - [2024-11-06T18:02:42.388+0300] {dag.py:3239} INFO - Sync 3 DAGs
[2024-11-06T18:02:42.434+0300] {logging_mixin.py:190} INFO - [2024-11-06T18:02:42.434+0300] {dag.py:4180} INFO - Setting next_dagrun for dataset_with_extra_by_context to 2024-11-05 00:00:00+00:00, run_after=2024-11-06 00:00:00+00:00
[2024-11-06T18:02:42.446+0300] {logging_mixin.py:190} INFO - [2024-11-06T18:02:42.445+0300] {dag.py:4180} INFO - Setting next_dagrun for dataset_with_extra_by_yield to 2024-11-05 00:00:00+00:00, run_after=2024-11-06 00:00:00+00:00
[2024-11-06T18:02:42.452+0300] {logging_mixin.py:190} INFO - [2024-11-06T18:02:42.452+0300] {dag.py:4180} INFO - Setting next_dagrun for dataset_with_extra_from_classic_operator to 2024-11-05 00:00:00+00:00, run_after=2024-11-06 00:00:00+00:00
[2024-11-06T18:02:42.484+0300] {processor.py:208} INFO - Processing /home/airflow/.local/lib/python3.12/site-packages/airflow/example_dags/example_outlet_event_extra.py took 0.495 seconds
[2024-11-06T18:03:12.690+0300] {processor.py:186} INFO - Started process (PID=1299) to work on /home/airflow/.local/lib/python3.12/site-packages/airflow/example_dags/example_outlet_event_extra.py
[2024-11-06T18:03:12.692+0300] {processor.py:914} INFO - Processing file /home/airflow/.local/lib/python3.12/site-packages/airflow/example_dags/example_outlet_event_extra.py for tasks to queue
[2024-11-06T18:03:12.695+0300] {logging_mixin.py:190} INFO - [2024-11-06T18:03:12.694+0300] {dagbag.py:588} INFO - Filling up the DagBag from /home/airflow/.local/lib/python3.12/site-packages/airflow/example_dags/example_outlet_event_extra.py
[2024-11-06T18:03:12.810+0300] {processor.py:925} INFO - DAG(s) 'dataset_with_extra_from_classic_operator', 'dataset_with_extra_by_context', 'dataset_with_extra_by_yield' retrieved from /home/airflow/.local/lib/python3.12/site-packages/airflow/example_dags/example_outlet_event_extra.py
[2024-11-06T18:03:12.833+0300] {logging_mixin.py:190} INFO - [2024-11-06T18:03:12.833+0300] {dag.py:3239} INFO - Sync 3 DAGs
[2024-11-06T18:03:13.034+0300] {logging_mixin.py:190} INFO - [2024-11-06T18:03:13.034+0300] {dag.py:4180} INFO - Setting next_dagrun for dataset_with_extra_by_context to 2024-11-05 00:00:00+00:00, run_after=2024-11-06 00:00:00+00:00
[2024-11-06T18:03:13.041+0300] {logging_mixin.py:190} INFO - [2024-11-06T18:03:13.040+0300] {dag.py:4180} INFO - Setting next_dagrun for dataset_with_extra_by_yield to 2024-11-05 00:00:00+00:00, run_after=2024-11-06 00:00:00+00:00
[2024-11-06T18:03:13.044+0300] {logging_mixin.py:190} INFO - [2024-11-06T18:03:13.044+0300] {dag.py:4180} INFO - Setting next_dagrun for dataset_with_extra_from_classic_operator to 2024-11-05 00:00:00+00:00, run_after=2024-11-06 00:00:00+00:00
[2024-11-06T18:03:13.073+0300] {processor.py:208} INFO - Processing /home/airflow/.local/lib/python3.12/site-packages/airflow/example_dags/example_outlet_event_extra.py took 0.396 seconds
[2024-11-06T18:03:43.293+0300] {processor.py:186} INFO - Started process (PID=1366) to work on /home/airflow/.local/lib/python3.12/site-packages/airflow/example_dags/example_outlet_event_extra.py
[2024-11-06T18:03:43.294+0300] {processor.py:914} INFO - Processing file /home/airflow/.local/lib/python3.12/site-packages/airflow/example_dags/example_outlet_event_extra.py for tasks to queue
[2024-11-06T18:03:43.296+0300] {logging_mixin.py:190} INFO - [2024-11-06T18:03:43.296+0300] {dagbag.py:588} INFO - Filling up the DagBag from /home/airflow/.local/lib/python3.12/site-packages/airflow/example_dags/example_outlet_event_extra.py
[2024-11-06T18:03:43.416+0300] {processor.py:925} INFO - DAG(s) 'dataset_with_extra_by_yield', 'dataset_with_extra_from_classic_operator', 'dataset_with_extra_by_context' retrieved from /home/airflow/.local/lib/python3.12/site-packages/airflow/example_dags/example_outlet_event_extra.py
[2024-11-06T18:03:43.443+0300] {logging_mixin.py:190} INFO - [2024-11-06T18:03:43.443+0300] {dag.py:3239} INFO - Sync 3 DAGs
[2024-11-06T18:03:43.613+0300] {logging_mixin.py:190} INFO - [2024-11-06T18:03:43.613+0300] {dag.py:4180} INFO - Setting next_dagrun for dataset_with_extra_by_context to 2024-11-05 00:00:00+00:00, run_after=2024-11-06 00:00:00+00:00
[2024-11-06T18:03:43.619+0300] {logging_mixin.py:190} INFO - [2024-11-06T18:03:43.619+0300] {dag.py:4180} INFO - Setting next_dagrun for dataset_with_extra_by_yield to 2024-11-05 00:00:00+00:00, run_after=2024-11-06 00:00:00+00:00
[2024-11-06T18:03:43.622+0300] {logging_mixin.py:190} INFO - [2024-11-06T18:03:43.622+0300] {dag.py:4180} INFO - Setting next_dagrun for dataset_with_extra_from_classic_operator to 2024-11-05 00:00:00+00:00, run_after=2024-11-06 00:00:00+00:00
[2024-11-06T18:03:43.643+0300] {processor.py:208} INFO - Processing /home/airflow/.local/lib/python3.12/site-packages/airflow/example_dags/example_outlet_event_extra.py took 0.355 seconds
[2024-11-06T18:04:14.232+0300] {processor.py:186} INFO - Started process (PID=1436) to work on /home/airflow/.local/lib/python3.12/site-packages/airflow/example_dags/example_outlet_event_extra.py
[2024-11-06T18:04:14.233+0300] {processor.py:914} INFO - Processing file /home/airflow/.local/lib/python3.12/site-packages/airflow/example_dags/example_outlet_event_extra.py for tasks to queue
[2024-11-06T18:04:14.235+0300] {logging_mixin.py:190} INFO - [2024-11-06T18:04:14.235+0300] {dagbag.py:588} INFO - Filling up the DagBag from /home/airflow/.local/lib/python3.12/site-packages/airflow/example_dags/example_outlet_event_extra.py
[2024-11-06T18:04:14.358+0300] {processor.py:925} INFO - DAG(s) 'dataset_with_extra_by_yield', 'dataset_with_extra_from_classic_operator', 'dataset_with_extra_by_context' retrieved from /home/airflow/.local/lib/python3.12/site-packages/airflow/example_dags/example_outlet_event_extra.py
[2024-11-06T18:04:14.383+0300] {logging_mixin.py:190} INFO - [2024-11-06T18:04:14.383+0300] {dag.py:3239} INFO - Sync 3 DAGs
[2024-11-06T18:04:14.583+0300] {logging_mixin.py:190} INFO - [2024-11-06T18:04:14.583+0300] {dag.py:4180} INFO - Setting next_dagrun for dataset_with_extra_by_context to 2024-11-05 00:00:00+00:00, run_after=2024-11-06 00:00:00+00:00
[2024-11-06T18:04:14.587+0300] {logging_mixin.py:190} INFO - [2024-11-06T18:04:14.587+0300] {dag.py:4180} INFO - Setting next_dagrun for dataset_with_extra_by_yield to 2024-11-05 00:00:00+00:00, run_after=2024-11-06 00:00:00+00:00
[2024-11-06T18:04:14.589+0300] {logging_mixin.py:190} INFO - [2024-11-06T18:04:14.589+0300] {dag.py:4180} INFO - Setting next_dagrun for dataset_with_extra_from_classic_operator to 2024-11-05 00:00:00+00:00, run_after=2024-11-06 00:00:00+00:00
[2024-11-06T18:04:14.608+0300] {processor.py:208} INFO - Processing /home/airflow/.local/lib/python3.12/site-packages/airflow/example_dags/example_outlet_event_extra.py took 0.381 seconds
[2024-11-06T18:04:45.840+0300] {processor.py:186} INFO - Started process (PID=1505) to work on /home/airflow/.local/lib/python3.12/site-packages/airflow/example_dags/example_outlet_event_extra.py
[2024-11-06T18:04:45.841+0300] {processor.py:914} INFO - Processing file /home/airflow/.local/lib/python3.12/site-packages/airflow/example_dags/example_outlet_event_extra.py for tasks to queue
[2024-11-06T18:04:45.844+0300] {logging_mixin.py:190} INFO - [2024-11-06T18:04:45.844+0300] {dagbag.py:588} INFO - Filling up the DagBag from /home/airflow/.local/lib/python3.12/site-packages/airflow/example_dags/example_outlet_event_extra.py
[2024-11-06T18:04:45.978+0300] {processor.py:925} INFO - DAG(s) 'dataset_with_extra_by_yield', 'dataset_with_extra_from_classic_operator', 'dataset_with_extra_by_context' retrieved from /home/airflow/.local/lib/python3.12/site-packages/airflow/example_dags/example_outlet_event_extra.py
[2024-11-06T18:04:46.001+0300] {logging_mixin.py:190} INFO - [2024-11-06T18:04:46.001+0300] {dag.py:3239} INFO - Sync 3 DAGs
[2024-11-06T18:04:46.172+0300] {logging_mixin.py:190} INFO - [2024-11-06T18:04:46.171+0300] {dag.py:4180} INFO - Setting next_dagrun for dataset_with_extra_by_context to 2024-11-05 00:00:00+00:00, run_after=2024-11-06 00:00:00+00:00
[2024-11-06T18:04:46.177+0300] {logging_mixin.py:190} INFO - [2024-11-06T18:04:46.177+0300] {dag.py:4180} INFO - Setting next_dagrun for dataset_with_extra_by_yield to 2024-11-05 00:00:00+00:00, run_after=2024-11-06 00:00:00+00:00
[2024-11-06T18:04:46.181+0300] {logging_mixin.py:190} INFO - [2024-11-06T18:04:46.181+0300] {dag.py:4180} INFO - Setting next_dagrun for dataset_with_extra_from_classic_operator to 2024-11-05 00:00:00+00:00, run_after=2024-11-06 00:00:00+00:00
[2024-11-06T18:04:46.203+0300] {processor.py:208} INFO - Processing /home/airflow/.local/lib/python3.12/site-packages/airflow/example_dags/example_outlet_event_extra.py took 0.369 seconds
[2024-11-06T18:05:16.320+0300] {processor.py:186} INFO - Started process (PID=1577) to work on /home/airflow/.local/lib/python3.12/site-packages/airflow/example_dags/example_outlet_event_extra.py
[2024-11-06T18:05:16.322+0300] {processor.py:914} INFO - Processing file /home/airflow/.local/lib/python3.12/site-packages/airflow/example_dags/example_outlet_event_extra.py for tasks to queue
[2024-11-06T18:05:16.326+0300] {logging_mixin.py:190} INFO - [2024-11-06T18:05:16.326+0300] {dagbag.py:588} INFO - Filling up the DagBag from /home/airflow/.local/lib/python3.12/site-packages/airflow/example_dags/example_outlet_event_extra.py
[2024-11-06T18:05:16.602+0300] {processor.py:925} INFO - DAG(s) 'dataset_with_extra_from_classic_operator', 'dataset_with_extra_by_context', 'dataset_with_extra_by_yield' retrieved from /home/airflow/.local/lib/python3.12/site-packages/airflow/example_dags/example_outlet_event_extra.py
[2024-11-06T18:05:16.624+0300] {logging_mixin.py:190} INFO - [2024-11-06T18:05:16.624+0300] {dag.py:3239} INFO - Sync 3 DAGs
[2024-11-06T18:05:16.646+0300] {logging_mixin.py:190} INFO - [2024-11-06T18:05:16.646+0300] {dag.py:4180} INFO - Setting next_dagrun for dataset_with_extra_by_context to 2024-11-05 00:00:00+00:00, run_after=2024-11-06 00:00:00+00:00
[2024-11-06T18:05:16.651+0300] {logging_mixin.py:190} INFO - [2024-11-06T18:05:16.651+0300] {dag.py:4180} INFO - Setting next_dagrun for dataset_with_extra_by_yield to 2024-11-05 00:00:00+00:00, run_after=2024-11-06 00:00:00+00:00
[2024-11-06T18:05:16.654+0300] {logging_mixin.py:190} INFO - [2024-11-06T18:05:16.654+0300] {dag.py:4180} INFO - Setting next_dagrun for dataset_with_extra_from_classic_operator to 2024-11-05 00:00:00+00:00, run_after=2024-11-06 00:00:00+00:00
[2024-11-06T18:05:16.675+0300] {processor.py:208} INFO - Processing /home/airflow/.local/lib/python3.12/site-packages/airflow/example_dags/example_outlet_event_extra.py took 0.362 seconds
[2024-11-06T18:05:46.895+0300] {processor.py:186} INFO - Started process (PID=1648) to work on /home/airflow/.local/lib/python3.12/site-packages/airflow/example_dags/example_outlet_event_extra.py
[2024-11-06T18:05:46.896+0300] {processor.py:914} INFO - Processing file /home/airflow/.local/lib/python3.12/site-packages/airflow/example_dags/example_outlet_event_extra.py for tasks to queue
[2024-11-06T18:05:46.899+0300] {logging_mixin.py:190} INFO - [2024-11-06T18:05:46.898+0300] {dagbag.py:588} INFO - Filling up the DagBag from /home/airflow/.local/lib/python3.12/site-packages/airflow/example_dags/example_outlet_event_extra.py
[2024-11-06T18:05:47.151+0300] {processor.py:925} INFO - DAG(s) 'dataset_with_extra_by_context', 'dataset_with_extra_by_yield', 'dataset_with_extra_from_classic_operator' retrieved from /home/airflow/.local/lib/python3.12/site-packages/airflow/example_dags/example_outlet_event_extra.py
[2024-11-06T18:05:47.173+0300] {logging_mixin.py:190} INFO - [2024-11-06T18:05:47.173+0300] {dag.py:3239} INFO - Sync 3 DAGs
[2024-11-06T18:05:47.194+0300] {logging_mixin.py:190} INFO - [2024-11-06T18:05:47.194+0300] {dag.py:4180} INFO - Setting next_dagrun for dataset_with_extra_by_context to 2024-11-05 00:00:00+00:00, run_after=2024-11-06 00:00:00+00:00
[2024-11-06T18:05:47.201+0300] {logging_mixin.py:190} INFO - [2024-11-06T18:05:47.201+0300] {dag.py:4180} INFO - Setting next_dagrun for dataset_with_extra_by_yield to 2024-11-05 00:00:00+00:00, run_after=2024-11-06 00:00:00+00:00
[2024-11-06T18:05:47.203+0300] {logging_mixin.py:190} INFO - [2024-11-06T18:05:47.203+0300] {dag.py:4180} INFO - Setting next_dagrun for dataset_with_extra_from_classic_operator to 2024-11-05 00:00:00+00:00, run_after=2024-11-06 00:00:00+00:00
[2024-11-06T18:05:47.220+0300] {processor.py:208} INFO - Processing /home/airflow/.local/lib/python3.12/site-packages/airflow/example_dags/example_outlet_event_extra.py took 0.330 seconds
[2024-11-06T18:06:18.530+0300] {processor.py:186} INFO - Started process (PID=1719) to work on /home/airflow/.local/lib/python3.12/site-packages/airflow/example_dags/example_outlet_event_extra.py
[2024-11-06T18:06:18.532+0300] {processor.py:914} INFO - Processing file /home/airflow/.local/lib/python3.12/site-packages/airflow/example_dags/example_outlet_event_extra.py for tasks to queue
[2024-11-06T18:06:18.535+0300] {logging_mixin.py:190} INFO - [2024-11-06T18:06:18.534+0300] {dagbag.py:588} INFO - Filling up the DagBag from /home/airflow/.local/lib/python3.12/site-packages/airflow/example_dags/example_outlet_event_extra.py
[2024-11-06T18:06:18.850+0300] {processor.py:925} INFO - DAG(s) 'dataset_with_extra_by_yield', 'dataset_with_extra_by_context', 'dataset_with_extra_from_classic_operator' retrieved from /home/airflow/.local/lib/python3.12/site-packages/airflow/example_dags/example_outlet_event_extra.py
[2024-11-06T18:06:18.877+0300] {logging_mixin.py:190} INFO - [2024-11-06T18:06:18.877+0300] {dag.py:3239} INFO - Sync 3 DAGs
[2024-11-06T18:06:18.893+0300] {logging_mixin.py:190} INFO - [2024-11-06T18:06:18.893+0300] {dag.py:4180} INFO - Setting next_dagrun for dataset_with_extra_by_context to 2024-11-05 00:00:00+00:00, run_after=2024-11-06 00:00:00+00:00
[2024-11-06T18:06:18.897+0300] {logging_mixin.py:190} INFO - [2024-11-06T18:06:18.897+0300] {dag.py:4180} INFO - Setting next_dagrun for dataset_with_extra_by_yield to 2024-11-05 00:00:00+00:00, run_after=2024-11-06 00:00:00+00:00
[2024-11-06T18:06:18.900+0300] {logging_mixin.py:190} INFO - [2024-11-06T18:06:18.900+0300] {dag.py:4180} INFO - Setting next_dagrun for dataset_with_extra_from_classic_operator to 2024-11-05 00:00:00+00:00, run_after=2024-11-06 00:00:00+00:00
[2024-11-06T18:06:18.940+0300] {processor.py:208} INFO - Processing /home/airflow/.local/lib/python3.12/site-packages/airflow/example_dags/example_outlet_event_extra.py took 0.418 seconds
[2024-11-06T18:06:49.704+0300] {processor.py:186} INFO - Started process (PID=1788) to work on /home/airflow/.local/lib/python3.12/site-packages/airflow/example_dags/example_outlet_event_extra.py
[2024-11-06T18:06:49.707+0300] {processor.py:914} INFO - Processing file /home/airflow/.local/lib/python3.12/site-packages/airflow/example_dags/example_outlet_event_extra.py for tasks to queue
[2024-11-06T18:06:49.715+0300] {logging_mixin.py:190} INFO - [2024-11-06T18:06:49.714+0300] {dagbag.py:588} INFO - Filling up the DagBag from /home/airflow/.local/lib/python3.12/site-packages/airflow/example_dags/example_outlet_event_extra.py
[2024-11-06T18:06:50.011+0300] {processor.py:925} INFO - DAG(s) 'dataset_with_extra_by_context', 'dataset_with_extra_by_yield', 'dataset_with_extra_from_classic_operator' retrieved from /home/airflow/.local/lib/python3.12/site-packages/airflow/example_dags/example_outlet_event_extra.py
[2024-11-06T18:06:50.032+0300] {logging_mixin.py:190} INFO - [2024-11-06T18:06:50.032+0300] {dag.py:3239} INFO - Sync 3 DAGs
[2024-11-06T18:06:50.052+0300] {logging_mixin.py:190} INFO - [2024-11-06T18:06:50.051+0300] {dag.py:4180} INFO - Setting next_dagrun for dataset_with_extra_by_context to 2024-11-05 00:00:00+00:00, run_after=2024-11-06 00:00:00+00:00
[2024-11-06T18:06:50.056+0300] {logging_mixin.py:190} INFO - [2024-11-06T18:06:50.055+0300] {dag.py:4180} INFO - Setting next_dagrun for dataset_with_extra_by_yield to 2024-11-05 00:00:00+00:00, run_after=2024-11-06 00:00:00+00:00
[2024-11-06T18:06:50.059+0300] {logging_mixin.py:190} INFO - [2024-11-06T18:06:50.059+0300] {dag.py:4180} INFO - Setting next_dagrun for dataset_with_extra_from_classic_operator to 2024-11-05 00:00:00+00:00, run_after=2024-11-06 00:00:00+00:00
[2024-11-06T18:06:50.091+0300] {processor.py:208} INFO - Processing /home/airflow/.local/lib/python3.12/site-packages/airflow/example_dags/example_outlet_event_extra.py took 0.403 seconds
[2024-11-06T18:07:20.630+0300] {processor.py:186} INFO - Started process (PID=1857) to work on /home/airflow/.local/lib/python3.12/site-packages/airflow/example_dags/example_outlet_event_extra.py
[2024-11-06T18:07:20.631+0300] {processor.py:914} INFO - Processing file /home/airflow/.local/lib/python3.12/site-packages/airflow/example_dags/example_outlet_event_extra.py for tasks to queue
[2024-11-06T18:07:20.633+0300] {logging_mixin.py:190} INFO - [2024-11-06T18:07:20.633+0300] {dagbag.py:588} INFO - Filling up the DagBag from /home/airflow/.local/lib/python3.12/site-packages/airflow/example_dags/example_outlet_event_extra.py
[2024-11-06T18:07:20.881+0300] {processor.py:925} INFO - DAG(s) 'dataset_with_extra_by_context', 'dataset_with_extra_from_classic_operator', 'dataset_with_extra_by_yield' retrieved from /home/airflow/.local/lib/python3.12/site-packages/airflow/example_dags/example_outlet_event_extra.py
[2024-11-06T18:07:20.914+0300] {logging_mixin.py:190} INFO - [2024-11-06T18:07:20.914+0300] {dag.py:3239} INFO - Sync 3 DAGs
[2024-11-06T18:07:20.936+0300] {logging_mixin.py:190} INFO - [2024-11-06T18:07:20.936+0300] {dag.py:4180} INFO - Setting next_dagrun for dataset_with_extra_by_context to 2024-11-05 00:00:00+00:00, run_after=2024-11-06 00:00:00+00:00
[2024-11-06T18:07:20.941+0300] {logging_mixin.py:190} INFO - [2024-11-06T18:07:20.940+0300] {dag.py:4180} INFO - Setting next_dagrun for dataset_with_extra_by_yield to 2024-11-05 00:00:00+00:00, run_after=2024-11-06 00:00:00+00:00
[2024-11-06T18:07:20.943+0300] {logging_mixin.py:190} INFO - [2024-11-06T18:07:20.943+0300] {dag.py:4180} INFO - Setting next_dagrun for dataset_with_extra_from_classic_operator to 2024-11-05 00:00:00+00:00, run_after=2024-11-06 00:00:00+00:00
[2024-11-06T18:07:20.962+0300] {processor.py:208} INFO - Processing /home/airflow/.local/lib/python3.12/site-packages/airflow/example_dags/example_outlet_event_extra.py took 0.337 seconds
[2024-11-06T18:07:51.149+0300] {processor.py:186} INFO - Started process (PID=1926) to work on /home/airflow/.local/lib/python3.12/site-packages/airflow/example_dags/example_outlet_event_extra.py
[2024-11-06T18:07:51.151+0300] {processor.py:914} INFO - Processing file /home/airflow/.local/lib/python3.12/site-packages/airflow/example_dags/example_outlet_event_extra.py for tasks to queue
[2024-11-06T18:07:51.154+0300] {logging_mixin.py:190} INFO - [2024-11-06T18:07:51.154+0300] {dagbag.py:588} INFO - Filling up the DagBag from /home/airflow/.local/lib/python3.12/site-packages/airflow/example_dags/example_outlet_event_extra.py
[2024-11-06T18:07:51.447+0300] {processor.py:925} INFO - DAG(s) 'dataset_with_extra_by_yield', 'dataset_with_extra_by_context', 'dataset_with_extra_from_classic_operator' retrieved from /home/airflow/.local/lib/python3.12/site-packages/airflow/example_dags/example_outlet_event_extra.py
[2024-11-06T18:07:51.470+0300] {logging_mixin.py:190} INFO - [2024-11-06T18:07:51.470+0300] {dag.py:3239} INFO - Sync 3 DAGs
[2024-11-06T18:07:51.491+0300] {logging_mixin.py:190} INFO - [2024-11-06T18:07:51.491+0300] {dag.py:4180} INFO - Setting next_dagrun for dataset_with_extra_by_context to 2024-11-05 00:00:00+00:00, run_after=2024-11-06 00:00:00+00:00
[2024-11-06T18:07:51.497+0300] {logging_mixin.py:190} INFO - [2024-11-06T18:07:51.497+0300] {dag.py:4180} INFO - Setting next_dagrun for dataset_with_extra_by_yield to 2024-11-05 00:00:00+00:00, run_after=2024-11-06 00:00:00+00:00
[2024-11-06T18:07:51.499+0300] {logging_mixin.py:190} INFO - [2024-11-06T18:07:51.499+0300] {dag.py:4180} INFO - Setting next_dagrun for dataset_with_extra_from_classic_operator to 2024-11-05 00:00:00+00:00, run_after=2024-11-06 00:00:00+00:00
[2024-11-06T18:07:51.517+0300] {processor.py:208} INFO - Processing /home/airflow/.local/lib/python3.12/site-packages/airflow/example_dags/example_outlet_event_extra.py took 0.374 seconds
[2024-11-06T18:08:22.235+0300] {processor.py:186} INFO - Started process (PID=1995) to work on /home/airflow/.local/lib/python3.12/site-packages/airflow/example_dags/example_outlet_event_extra.py
[2024-11-06T18:08:22.236+0300] {processor.py:914} INFO - Processing file /home/airflow/.local/lib/python3.12/site-packages/airflow/example_dags/example_outlet_event_extra.py for tasks to queue
[2024-11-06T18:08:22.238+0300] {logging_mixin.py:190} INFO - [2024-11-06T18:08:22.238+0300] {dagbag.py:588} INFO - Filling up the DagBag from /home/airflow/.local/lib/python3.12/site-packages/airflow/example_dags/example_outlet_event_extra.py
[2024-11-06T18:08:22.561+0300] {processor.py:925} INFO - DAG(s) 'dataset_with_extra_from_classic_operator', 'dataset_with_extra_by_yield', 'dataset_with_extra_by_context' retrieved from /home/airflow/.local/lib/python3.12/site-packages/airflow/example_dags/example_outlet_event_extra.py
[2024-11-06T18:08:22.589+0300] {logging_mixin.py:190} INFO - [2024-11-06T18:08:22.589+0300] {dag.py:3239} INFO - Sync 3 DAGs
[2024-11-06T18:08:22.619+0300] {logging_mixin.py:190} INFO - [2024-11-06T18:08:22.618+0300] {dag.py:4180} INFO - Setting next_dagrun for dataset_with_extra_by_context to 2024-11-05 00:00:00+00:00, run_after=2024-11-06 00:00:00+00:00
[2024-11-06T18:08:22.624+0300] {logging_mixin.py:190} INFO - [2024-11-06T18:08:22.623+0300] {dag.py:4180} INFO - Setting next_dagrun for dataset_with_extra_by_yield to 2024-11-05 00:00:00+00:00, run_after=2024-11-06 00:00:00+00:00
[2024-11-06T18:08:22.626+0300] {logging_mixin.py:190} INFO - [2024-11-06T18:08:22.626+0300] {dag.py:4180} INFO - Setting next_dagrun for dataset_with_extra_from_classic_operator to 2024-11-05 00:00:00+00:00, run_after=2024-11-06 00:00:00+00:00
[2024-11-06T18:08:22.648+0300] {processor.py:208} INFO - Processing /home/airflow/.local/lib/python3.12/site-packages/airflow/example_dags/example_outlet_event_extra.py took 0.419 seconds
[2024-11-06T18:08:52.883+0300] {processor.py:186} INFO - Started process (PID=2067) to work on /home/airflow/.local/lib/python3.12/site-packages/airflow/example_dags/example_outlet_event_extra.py
[2024-11-06T18:08:52.884+0300] {processor.py:914} INFO - Processing file /home/airflow/.local/lib/python3.12/site-packages/airflow/example_dags/example_outlet_event_extra.py for tasks to queue
[2024-11-06T18:08:52.887+0300] {logging_mixin.py:190} INFO - [2024-11-06T18:08:52.886+0300] {dagbag.py:588} INFO - Filling up the DagBag from /home/airflow/.local/lib/python3.12/site-packages/airflow/example_dags/example_outlet_event_extra.py
[2024-11-06T18:08:53.164+0300] {processor.py:925} INFO - DAG(s) 'dataset_with_extra_by_context', 'dataset_with_extra_from_classic_operator', 'dataset_with_extra_by_yield' retrieved from /home/airflow/.local/lib/python3.12/site-packages/airflow/example_dags/example_outlet_event_extra.py
[2024-11-06T18:08:53.193+0300] {logging_mixin.py:190} INFO - [2024-11-06T18:08:53.193+0300] {dag.py:3239} INFO - Sync 3 DAGs
[2024-11-06T18:08:53.228+0300] {logging_mixin.py:190} INFO - [2024-11-06T18:08:53.227+0300] {dag.py:4180} INFO - Setting next_dagrun for dataset_with_extra_by_context to 2024-11-05 00:00:00+00:00, run_after=2024-11-06 00:00:00+00:00
[2024-11-06T18:08:53.232+0300] {logging_mixin.py:190} INFO - [2024-11-06T18:08:53.232+0300] {dag.py:4180} INFO - Setting next_dagrun for dataset_with_extra_by_yield to 2024-11-05 00:00:00+00:00, run_after=2024-11-06 00:00:00+00:00
[2024-11-06T18:08:53.235+0300] {logging_mixin.py:190} INFO - [2024-11-06T18:08:53.235+0300] {dag.py:4180} INFO - Setting next_dagrun for dataset_with_extra_from_classic_operator to 2024-11-05 00:00:00+00:00, run_after=2024-11-06 00:00:00+00:00
[2024-11-06T18:08:53.257+0300] {processor.py:208} INFO - Processing /home/airflow/.local/lib/python3.12/site-packages/airflow/example_dags/example_outlet_event_extra.py took 0.378 seconds
[2024-11-06T18:09:23.567+0300] {processor.py:186} INFO - Started process (PID=2136) to work on /home/airflow/.local/lib/python3.12/site-packages/airflow/example_dags/example_outlet_event_extra.py
[2024-11-06T18:09:23.568+0300] {processor.py:914} INFO - Processing file /home/airflow/.local/lib/python3.12/site-packages/airflow/example_dags/example_outlet_event_extra.py for tasks to queue
[2024-11-06T18:09:23.570+0300] {logging_mixin.py:190} INFO - [2024-11-06T18:09:23.570+0300] {dagbag.py:588} INFO - Filling up the DagBag from /home/airflow/.local/lib/python3.12/site-packages/airflow/example_dags/example_outlet_event_extra.py
[2024-11-06T18:09:23.834+0300] {processor.py:925} INFO - DAG(s) 'dataset_with_extra_by_yield', 'dataset_with_extra_by_context', 'dataset_with_extra_from_classic_operator' retrieved from /home/airflow/.local/lib/python3.12/site-packages/airflow/example_dags/example_outlet_event_extra.py
[2024-11-06T18:09:23.853+0300] {logging_mixin.py:190} INFO - [2024-11-06T18:09:23.852+0300] {dag.py:3239} INFO - Sync 3 DAGs
[2024-11-06T18:09:23.868+0300] {logging_mixin.py:190} INFO - [2024-11-06T18:09:23.868+0300] {dag.py:4180} INFO - Setting next_dagrun for dataset_with_extra_by_context to 2024-11-05 00:00:00+00:00, run_after=2024-11-06 00:00:00+00:00
[2024-11-06T18:09:23.872+0300] {logging_mixin.py:190} INFO - [2024-11-06T18:09:23.872+0300] {dag.py:4180} INFO - Setting next_dagrun for dataset_with_extra_by_yield to 2024-11-05 00:00:00+00:00, run_after=2024-11-06 00:00:00+00:00
[2024-11-06T18:09:23.874+0300] {logging_mixin.py:190} INFO - [2024-11-06T18:09:23.874+0300] {dag.py:4180} INFO - Setting next_dagrun for dataset_with_extra_from_classic_operator to 2024-11-05 00:00:00+00:00, run_after=2024-11-06 00:00:00+00:00
[2024-11-06T18:09:23.892+0300] {processor.py:208} INFO - Processing /home/airflow/.local/lib/python3.12/site-packages/airflow/example_dags/example_outlet_event_extra.py took 0.331 seconds
[2024-11-06T18:09:54.163+0300] {processor.py:186} INFO - Started process (PID=2201) to work on /home/airflow/.local/lib/python3.12/site-packages/airflow/example_dags/example_outlet_event_extra.py
[2024-11-06T18:09:54.165+0300] {processor.py:914} INFO - Processing file /home/airflow/.local/lib/python3.12/site-packages/airflow/example_dags/example_outlet_event_extra.py for tasks to queue
[2024-11-06T18:09:54.168+0300] {logging_mixin.py:190} INFO - [2024-11-06T18:09:54.167+0300] {dagbag.py:588} INFO - Filling up the DagBag from /home/airflow/.local/lib/python3.12/site-packages/airflow/example_dags/example_outlet_event_extra.py
[2024-11-06T18:09:54.407+0300] {processor.py:925} INFO - DAG(s) 'dataset_with_extra_from_classic_operator', 'dataset_with_extra_by_context', 'dataset_with_extra_by_yield' retrieved from /home/airflow/.local/lib/python3.12/site-packages/airflow/example_dags/example_outlet_event_extra.py
[2024-11-06T18:09:54.427+0300] {logging_mixin.py:190} INFO - [2024-11-06T18:09:54.427+0300] {dag.py:3239} INFO - Sync 3 DAGs
[2024-11-06T18:09:54.446+0300] {logging_mixin.py:190} INFO - [2024-11-06T18:09:54.446+0300] {dag.py:4180} INFO - Setting next_dagrun for dataset_with_extra_by_context to 2024-11-05 00:00:00+00:00, run_after=2024-11-06 00:00:00+00:00
[2024-11-06T18:09:54.450+0300] {logging_mixin.py:190} INFO - [2024-11-06T18:09:54.450+0300] {dag.py:4180} INFO - Setting next_dagrun for dataset_with_extra_by_yield to 2024-11-05 00:00:00+00:00, run_after=2024-11-06 00:00:00+00:00
[2024-11-06T18:09:54.453+0300] {logging_mixin.py:190} INFO - [2024-11-06T18:09:54.453+0300] {dag.py:4180} INFO - Setting next_dagrun for dataset_with_extra_from_classic_operator to 2024-11-05 00:00:00+00:00, run_after=2024-11-06 00:00:00+00:00
[2024-11-06T18:09:54.472+0300] {processor.py:208} INFO - Processing /home/airflow/.local/lib/python3.12/site-packages/airflow/example_dags/example_outlet_event_extra.py took 0.313 seconds
[2024-11-06T18:10:25.754+0300] {processor.py:186} INFO - Started process (PID=2263) to work on /home/airflow/.local/lib/python3.12/site-packages/airflow/example_dags/example_outlet_event_extra.py
[2024-11-06T18:10:25.760+0300] {processor.py:914} INFO - Processing file /home/airflow/.local/lib/python3.12/site-packages/airflow/example_dags/example_outlet_event_extra.py for tasks to queue
[2024-11-06T18:10:25.772+0300] {logging_mixin.py:190} INFO - [2024-11-06T18:10:25.771+0300] {dagbag.py:588} INFO - Filling up the DagBag from /home/airflow/.local/lib/python3.12/site-packages/airflow/example_dags/example_outlet_event_extra.py
[2024-11-06T18:10:26.050+0300] {processor.py:925} INFO - DAG(s) 'dataset_with_extra_by_context', 'dataset_with_extra_from_classic_operator', 'dataset_with_extra_by_yield' retrieved from /home/airflow/.local/lib/python3.12/site-packages/airflow/example_dags/example_outlet_event_extra.py
[2024-11-06T18:10:26.072+0300] {logging_mixin.py:190} INFO - [2024-11-06T18:10:26.072+0300] {dag.py:3239} INFO - Sync 3 DAGs
[2024-11-06T18:10:26.094+0300] {logging_mixin.py:190} INFO - [2024-11-06T18:10:26.093+0300] {dag.py:4180} INFO - Setting next_dagrun for dataset_with_extra_by_context to 2024-11-05 00:00:00+00:00, run_after=2024-11-06 00:00:00+00:00
[2024-11-06T18:10:26.099+0300] {logging_mixin.py:190} INFO - [2024-11-06T18:10:26.099+0300] {dag.py:4180} INFO - Setting next_dagrun for dataset_with_extra_by_yield to 2024-11-05 00:00:00+00:00, run_after=2024-11-06 00:00:00+00:00
[2024-11-06T18:10:26.102+0300] {logging_mixin.py:190} INFO - [2024-11-06T18:10:26.102+0300] {dag.py:4180} INFO - Setting next_dagrun for dataset_with_extra_from_classic_operator to 2024-11-05 00:00:00+00:00, run_after=2024-11-06 00:00:00+00:00
[2024-11-06T18:10:26.121+0300] {processor.py:208} INFO - Processing /home/airflow/.local/lib/python3.12/site-packages/airflow/example_dags/example_outlet_event_extra.py took 0.398 seconds
[2024-11-06T18:10:56.246+0300] {processor.py:186} INFO - Started process (PID=2332) to work on /home/airflow/.local/lib/python3.12/site-packages/airflow/example_dags/example_outlet_event_extra.py
[2024-11-06T18:10:56.247+0300] {processor.py:914} INFO - Processing file /home/airflow/.local/lib/python3.12/site-packages/airflow/example_dags/example_outlet_event_extra.py for tasks to queue
[2024-11-06T18:10:56.250+0300] {logging_mixin.py:190} INFO - [2024-11-06T18:10:56.250+0300] {dagbag.py:588} INFO - Filling up the DagBag from /home/airflow/.local/lib/python3.12/site-packages/airflow/example_dags/example_outlet_event_extra.py
[2024-11-06T18:10:56.494+0300] {processor.py:925} INFO - DAG(s) 'dataset_with_extra_by_context', 'dataset_with_extra_from_classic_operator', 'dataset_with_extra_by_yield' retrieved from /home/airflow/.local/lib/python3.12/site-packages/airflow/example_dags/example_outlet_event_extra.py
[2024-11-06T18:10:56.515+0300] {logging_mixin.py:190} INFO - [2024-11-06T18:10:56.514+0300] {dag.py:3239} INFO - Sync 3 DAGs
[2024-11-06T18:10:56.531+0300] {logging_mixin.py:190} INFO - [2024-11-06T18:10:56.531+0300] {dag.py:4180} INFO - Setting next_dagrun for dataset_with_extra_by_context to 2024-11-05 00:00:00+00:00, run_after=2024-11-06 00:00:00+00:00
[2024-11-06T18:10:56.535+0300] {logging_mixin.py:190} INFO - [2024-11-06T18:10:56.535+0300] {dag.py:4180} INFO - Setting next_dagrun for dataset_with_extra_by_yield to 2024-11-05 00:00:00+00:00, run_after=2024-11-06 00:00:00+00:00
[2024-11-06T18:10:56.537+0300] {logging_mixin.py:190} INFO - [2024-11-06T18:10:56.537+0300] {dag.py:4180} INFO - Setting next_dagrun for dataset_with_extra_from_classic_operator to 2024-11-05 00:00:00+00:00, run_after=2024-11-06 00:00:00+00:00
[2024-11-06T18:10:56.553+0300] {processor.py:208} INFO - Processing /home/airflow/.local/lib/python3.12/site-packages/airflow/example_dags/example_outlet_event_extra.py took 0.314 seconds
[2024-11-06T18:11:27.697+0300] {processor.py:186} INFO - Started process (PID=2401) to work on /home/airflow/.local/lib/python3.12/site-packages/airflow/example_dags/example_outlet_event_extra.py
[2024-11-06T18:11:27.699+0300] {processor.py:914} INFO - Processing file /home/airflow/.local/lib/python3.12/site-packages/airflow/example_dags/example_outlet_event_extra.py for tasks to queue
[2024-11-06T18:11:27.701+0300] {logging_mixin.py:190} INFO - [2024-11-06T18:11:27.701+0300] {dagbag.py:588} INFO - Filling up the DagBag from /home/airflow/.local/lib/python3.12/site-packages/airflow/example_dags/example_outlet_event_extra.py
[2024-11-06T18:11:27.991+0300] {processor.py:925} INFO - DAG(s) 'dataset_with_extra_from_classic_operator', 'dataset_with_extra_by_context', 'dataset_with_extra_by_yield' retrieved from /home/airflow/.local/lib/python3.12/site-packages/airflow/example_dags/example_outlet_event_extra.py
[2024-11-06T18:11:28.016+0300] {logging_mixin.py:190} INFO - [2024-11-06T18:11:28.016+0300] {dag.py:3239} INFO - Sync 3 DAGs
[2024-11-06T18:11:28.041+0300] {logging_mixin.py:190} INFO - [2024-11-06T18:11:28.040+0300] {dag.py:4180} INFO - Setting next_dagrun for dataset_with_extra_by_context to 2024-11-05 00:00:00+00:00, run_after=2024-11-06 00:00:00+00:00
[2024-11-06T18:11:28.046+0300] {logging_mixin.py:190} INFO - [2024-11-06T18:11:28.046+0300] {dag.py:4180} INFO - Setting next_dagrun for dataset_with_extra_by_yield to 2024-11-05 00:00:00+00:00, run_after=2024-11-06 00:00:00+00:00
[2024-11-06T18:11:28.049+0300] {logging_mixin.py:190} INFO - [2024-11-06T18:11:28.049+0300] {dag.py:4180} INFO - Setting next_dagrun for dataset_with_extra_from_classic_operator to 2024-11-05 00:00:00+00:00, run_after=2024-11-06 00:00:00+00:00
[2024-11-06T18:11:28.068+0300] {processor.py:208} INFO - Processing /home/airflow/.local/lib/python3.12/site-packages/airflow/example_dags/example_outlet_event_extra.py took 0.376 seconds
