[2024-11-06T17:54:31.933+0300] {processor.py:186} INFO - Started process (PID=103) to work on /home/airflow/.local/lib/python3.12/site-packages/airflow/example_dags/example_subdag_operator.py
[2024-11-06T17:54:31.936+0300] {processor.py:914} INFO - Processing file /home/airflow/.local/lib/python3.12/site-packages/airflow/example_dags/example_subdag_operator.py for tasks to queue
[2024-11-06T17:54:31.940+0300] {logging_mixin.py:190} INFO - [2024-11-06T17:54:31.940+0300] {dagbag.py:588} INFO - Filling up the DagBag from /home/airflow/.local/lib/python3.12/site-packages/airflow/example_dags/example_subdag_operator.py
[2024-11-06T17:54:32.000+0300] {processor.py:925} INFO - DAG(s) 'example_subdag_operator.section-1', 'example_subdag_operator.section-2', 'example_subdag_operator' retrieved from /home/airflow/.local/lib/python3.12/site-packages/airflow/example_dags/example_subdag_operator.py
[2024-11-06T17:54:32.031+0300] {logging_mixin.py:190} INFO - [2024-11-06T17:54:32.030+0300] {dag.py:3239} INFO - Sync 3 DAGs
[2024-11-06T17:54:32.083+0300] {logging_mixin.py:190} INFO - [2024-11-06T17:54:32.083+0300] {dag.py:4180} INFO - Setting next_dagrun for example_subdag_operator to 2022-01-01 00:00:00+00:00, run_after=2022-01-01 00:00:00+00:00
[2024-11-06T17:54:32.092+0300] {logging_mixin.py:190} INFO - [2024-11-06T17:54:32.091+0300] {dag.py:4180} INFO - Setting next_dagrun for example_subdag_operator.section-1 to None, run_after=None
[2024-11-06T17:54:32.096+0300] {logging_mixin.py:190} INFO - [2024-11-06T17:54:32.096+0300] {dag.py:4180} INFO - Setting next_dagrun for example_subdag_operator.section-2 to None, run_after=None
[2024-11-06T17:54:32.120+0300] {logging_mixin.py:190} INFO - [2024-11-06T17:54:32.120+0300] {dag.py:3239} INFO - Sync 2 DAGs
[2024-11-06T17:54:32.136+0300] {logging_mixin.py:190} INFO - [2024-11-06T17:54:32.135+0300] {dag.py:4180} INFO - Setting next_dagrun for example_subdag_operator.section-1 to None, run_after=None
[2024-11-06T17:54:32.137+0300] {logging_mixin.py:190} INFO - [2024-11-06T17:54:32.137+0300] {dag.py:4180} INFO - Setting next_dagrun for example_subdag_operator.section-2 to None, run_after=None
[2024-11-06T17:54:32.172+0300] {processor.py:208} INFO - Processing /home/airflow/.local/lib/python3.12/site-packages/airflow/example_dags/example_subdag_operator.py took 0.250 seconds
[2024-11-06T17:55:02.405+0300] {processor.py:186} INFO - Started process (PID=195) to work on /home/airflow/.local/lib/python3.12/site-packages/airflow/example_dags/example_subdag_operator.py
[2024-11-06T17:55:02.407+0300] {processor.py:914} INFO - Processing file /home/airflow/.local/lib/python3.12/site-packages/airflow/example_dags/example_subdag_operator.py for tasks to queue
[2024-11-06T17:55:02.410+0300] {logging_mixin.py:190} INFO - [2024-11-06T17:55:02.409+0300] {dagbag.py:588} INFO - Filling up the DagBag from /home/airflow/.local/lib/python3.12/site-packages/airflow/example_dags/example_subdag_operator.py
[2024-11-06T17:55:02.435+0300] {processor.py:925} INFO - DAG(s) 'example_subdag_operator.section-1', 'example_subdag_operator.section-2', 'example_subdag_operator' retrieved from /home/airflow/.local/lib/python3.12/site-packages/airflow/example_dags/example_subdag_operator.py
[2024-11-06T17:55:02.451+0300] {logging_mixin.py:190} INFO - [2024-11-06T17:55:02.451+0300] {dag.py:3239} INFO - Sync 3 DAGs
[2024-11-06T17:55:02.475+0300] {logging_mixin.py:190} INFO - [2024-11-06T17:55:02.475+0300] {dag.py:4180} INFO - Setting next_dagrun for example_subdag_operator to 2022-01-01 00:00:00+00:00, run_after=2022-01-01 00:00:00+00:00
[2024-11-06T17:55:02.480+0300] {logging_mixin.py:190} INFO - [2024-11-06T17:55:02.480+0300] {dag.py:4180} INFO - Setting next_dagrun for example_subdag_operator.section-1 to None, run_after=None
[2024-11-06T17:55:02.482+0300] {logging_mixin.py:190} INFO - [2024-11-06T17:55:02.482+0300] {dag.py:4180} INFO - Setting next_dagrun for example_subdag_operator.section-2 to None, run_after=None
[2024-11-06T17:55:02.490+0300] {logging_mixin.py:190} INFO - [2024-11-06T17:55:02.490+0300] {dag.py:3239} INFO - Sync 2 DAGs
[2024-11-06T17:55:02.497+0300] {logging_mixin.py:190} INFO - [2024-11-06T17:55:02.496+0300] {dag.py:4180} INFO - Setting next_dagrun for example_subdag_operator.section-1 to None, run_after=None
[2024-11-06T17:55:02.498+0300] {logging_mixin.py:190} INFO - [2024-11-06T17:55:02.498+0300] {dag.py:4180} INFO - Setting next_dagrun for example_subdag_operator.section-2 to None, run_after=None
[2024-11-06T17:55:02.510+0300] {processor.py:208} INFO - Processing /home/airflow/.local/lib/python3.12/site-packages/airflow/example_dags/example_subdag_operator.py took 0.111 seconds
[2024-11-06T17:55:32.843+0300] {processor.py:186} INFO - Started process (PID=266) to work on /home/airflow/.local/lib/python3.12/site-packages/airflow/example_dags/example_subdag_operator.py
[2024-11-06T17:55:32.844+0300] {processor.py:914} INFO - Processing file /home/airflow/.local/lib/python3.12/site-packages/airflow/example_dags/example_subdag_operator.py for tasks to queue
[2024-11-06T17:55:32.847+0300] {logging_mixin.py:190} INFO - [2024-11-06T17:55:32.847+0300] {dagbag.py:588} INFO - Filling up the DagBag from /home/airflow/.local/lib/python3.12/site-packages/airflow/example_dags/example_subdag_operator.py
[2024-11-06T17:55:32.872+0300] {processor.py:925} INFO - DAG(s) 'example_subdag_operator.section-1', 'example_subdag_operator.section-2', 'example_subdag_operator' retrieved from /home/airflow/.local/lib/python3.12/site-packages/airflow/example_dags/example_subdag_operator.py
[2024-11-06T17:55:32.888+0300] {logging_mixin.py:190} INFO - [2024-11-06T17:55:32.887+0300] {dag.py:3239} INFO - Sync 3 DAGs
[2024-11-06T17:55:32.912+0300] {logging_mixin.py:190} INFO - [2024-11-06T17:55:32.912+0300] {dag.py:4180} INFO - Setting next_dagrun for example_subdag_operator to 2022-01-01 00:00:00+00:00, run_after=2022-01-01 00:00:00+00:00
[2024-11-06T17:55:32.915+0300] {logging_mixin.py:190} INFO - [2024-11-06T17:55:32.915+0300] {dag.py:4180} INFO - Setting next_dagrun for example_subdag_operator.section-1 to None, run_after=None
[2024-11-06T17:55:32.917+0300] {logging_mixin.py:190} INFO - [2024-11-06T17:55:32.917+0300] {dag.py:4180} INFO - Setting next_dagrun for example_subdag_operator.section-2 to None, run_after=None
[2024-11-06T17:55:32.925+0300] {logging_mixin.py:190} INFO - [2024-11-06T17:55:32.925+0300] {dag.py:3239} INFO - Sync 2 DAGs
[2024-11-06T17:55:32.934+0300] {logging_mixin.py:190} INFO - [2024-11-06T17:55:32.934+0300] {dag.py:4180} INFO - Setting next_dagrun for example_subdag_operator.section-1 to None, run_after=None
[2024-11-06T17:55:32.935+0300] {logging_mixin.py:190} INFO - [2024-11-06T17:55:32.935+0300] {dag.py:4180} INFO - Setting next_dagrun for example_subdag_operator.section-2 to None, run_after=None
[2024-11-06T17:55:32.947+0300] {processor.py:208} INFO - Processing /home/airflow/.local/lib/python3.12/site-packages/airflow/example_dags/example_subdag_operator.py took 0.109 seconds
[2024-11-06T17:56:03.557+0300] {processor.py:186} INFO - Started process (PID=335) to work on /home/airflow/.local/lib/python3.12/site-packages/airflow/example_dags/example_subdag_operator.py
[2024-11-06T17:56:03.558+0300] {processor.py:914} INFO - Processing file /home/airflow/.local/lib/python3.12/site-packages/airflow/example_dags/example_subdag_operator.py for tasks to queue
[2024-11-06T17:56:03.561+0300] {logging_mixin.py:190} INFO - [2024-11-06T17:56:03.560+0300] {dagbag.py:588} INFO - Filling up the DagBag from /home/airflow/.local/lib/python3.12/site-packages/airflow/example_dags/example_subdag_operator.py
[2024-11-06T17:56:03.584+0300] {processor.py:925} INFO - DAG(s) 'example_subdag_operator.section-1', 'example_subdag_operator.section-2', 'example_subdag_operator' retrieved from /home/airflow/.local/lib/python3.12/site-packages/airflow/example_dags/example_subdag_operator.py
[2024-11-06T17:56:03.599+0300] {logging_mixin.py:190} INFO - [2024-11-06T17:56:03.598+0300] {dag.py:3239} INFO - Sync 3 DAGs
[2024-11-06T17:56:03.621+0300] {logging_mixin.py:190} INFO - [2024-11-06T17:56:03.620+0300] {dag.py:4180} INFO - Setting next_dagrun for example_subdag_operator to 2022-01-01 00:00:00+00:00, run_after=2022-01-01 00:00:00+00:00
[2024-11-06T17:56:03.624+0300] {logging_mixin.py:190} INFO - [2024-11-06T17:56:03.624+0300] {dag.py:4180} INFO - Setting next_dagrun for example_subdag_operator.section-1 to None, run_after=None
[2024-11-06T17:56:03.626+0300] {logging_mixin.py:190} INFO - [2024-11-06T17:56:03.626+0300] {dag.py:4180} INFO - Setting next_dagrun for example_subdag_operator.section-2 to None, run_after=None
[2024-11-06T17:56:03.633+0300] {logging_mixin.py:190} INFO - [2024-11-06T17:56:03.632+0300] {dag.py:3239} INFO - Sync 2 DAGs
[2024-11-06T17:56:03.638+0300] {logging_mixin.py:190} INFO - [2024-11-06T17:56:03.638+0300] {dag.py:4180} INFO - Setting next_dagrun for example_subdag_operator.section-1 to None, run_after=None
[2024-11-06T17:56:03.639+0300] {logging_mixin.py:190} INFO - [2024-11-06T17:56:03.638+0300] {dag.py:4180} INFO - Setting next_dagrun for example_subdag_operator.section-2 to None, run_after=None
[2024-11-06T17:56:03.649+0300] {processor.py:208} INFO - Processing /home/airflow/.local/lib/python3.12/site-packages/airflow/example_dags/example_subdag_operator.py took 0.098 seconds
[2024-11-06T17:56:34.102+0300] {processor.py:186} INFO - Started process (PID=404) to work on /home/airflow/.local/lib/python3.12/site-packages/airflow/example_dags/example_subdag_operator.py
[2024-11-06T17:56:34.103+0300] {processor.py:914} INFO - Processing file /home/airflow/.local/lib/python3.12/site-packages/airflow/example_dags/example_subdag_operator.py for tasks to queue
[2024-11-06T17:56:34.106+0300] {logging_mixin.py:190} INFO - [2024-11-06T17:56:34.106+0300] {dagbag.py:588} INFO - Filling up the DagBag from /home/airflow/.local/lib/python3.12/site-packages/airflow/example_dags/example_subdag_operator.py
[2024-11-06T17:56:34.127+0300] {processor.py:925} INFO - DAG(s) 'example_subdag_operator.section-1', 'example_subdag_operator.section-2', 'example_subdag_operator' retrieved from /home/airflow/.local/lib/python3.12/site-packages/airflow/example_dags/example_subdag_operator.py
[2024-11-06T17:56:34.142+0300] {logging_mixin.py:190} INFO - [2024-11-06T17:56:34.142+0300] {dag.py:3239} INFO - Sync 3 DAGs
[2024-11-06T17:56:34.161+0300] {logging_mixin.py:190} INFO - [2024-11-06T17:56:34.161+0300] {dag.py:4180} INFO - Setting next_dagrun for example_subdag_operator to 2022-01-01 00:00:00+00:00, run_after=2022-01-01 00:00:00+00:00
[2024-11-06T17:56:34.165+0300] {logging_mixin.py:190} INFO - [2024-11-06T17:56:34.164+0300] {dag.py:4180} INFO - Setting next_dagrun for example_subdag_operator.section-1 to None, run_after=None
[2024-11-06T17:56:34.166+0300] {logging_mixin.py:190} INFO - [2024-11-06T17:56:34.166+0300] {dag.py:4180} INFO - Setting next_dagrun for example_subdag_operator.section-2 to None, run_after=None
[2024-11-06T17:56:34.173+0300] {logging_mixin.py:190} INFO - [2024-11-06T17:56:34.173+0300] {dag.py:3239} INFO - Sync 2 DAGs
[2024-11-06T17:56:34.179+0300] {logging_mixin.py:190} INFO - [2024-11-06T17:56:34.179+0300] {dag.py:4180} INFO - Setting next_dagrun for example_subdag_operator.section-1 to None, run_after=None
[2024-11-06T17:56:34.180+0300] {logging_mixin.py:190} INFO - [2024-11-06T17:56:34.180+0300] {dag.py:4180} INFO - Setting next_dagrun for example_subdag_operator.section-2 to None, run_after=None
[2024-11-06T17:56:34.191+0300] {processor.py:208} INFO - Processing /home/airflow/.local/lib/python3.12/site-packages/airflow/example_dags/example_subdag_operator.py took 0.094 seconds
[2024-11-06T17:57:04.811+0300] {processor.py:186} INFO - Started process (PID=473) to work on /home/airflow/.local/lib/python3.12/site-packages/airflow/example_dags/example_subdag_operator.py
[2024-11-06T17:57:04.812+0300] {processor.py:914} INFO - Processing file /home/airflow/.local/lib/python3.12/site-packages/airflow/example_dags/example_subdag_operator.py for tasks to queue
[2024-11-06T17:57:04.815+0300] {logging_mixin.py:190} INFO - [2024-11-06T17:57:04.814+0300] {dagbag.py:588} INFO - Filling up the DagBag from /home/airflow/.local/lib/python3.12/site-packages/airflow/example_dags/example_subdag_operator.py
[2024-11-06T17:57:04.855+0300] {processor.py:925} INFO - DAG(s) 'example_subdag_operator.section-1', 'example_subdag_operator.section-2', 'example_subdag_operator' retrieved from /home/airflow/.local/lib/python3.12/site-packages/airflow/example_dags/example_subdag_operator.py
[2024-11-06T17:57:04.868+0300] {logging_mixin.py:190} INFO - [2024-11-06T17:57:04.867+0300] {dag.py:3239} INFO - Sync 3 DAGs
[2024-11-06T17:57:04.891+0300] {logging_mixin.py:190} INFO - [2024-11-06T17:57:04.890+0300] {dag.py:4180} INFO - Setting next_dagrun for example_subdag_operator to 2022-01-01 00:00:00+00:00, run_after=2022-01-01 00:00:00+00:00
[2024-11-06T17:57:04.895+0300] {logging_mixin.py:190} INFO - [2024-11-06T17:57:04.895+0300] {dag.py:4180} INFO - Setting next_dagrun for example_subdag_operator.section-1 to None, run_after=None
[2024-11-06T17:57:04.898+0300] {logging_mixin.py:190} INFO - [2024-11-06T17:57:04.897+0300] {dag.py:4180} INFO - Setting next_dagrun for example_subdag_operator.section-2 to None, run_after=None
[2024-11-06T17:57:04.909+0300] {logging_mixin.py:190} INFO - [2024-11-06T17:57:04.908+0300] {dag.py:3239} INFO - Sync 2 DAGs
[2024-11-06T17:57:04.917+0300] {logging_mixin.py:190} INFO - [2024-11-06T17:57:04.917+0300] {dag.py:4180} INFO - Setting next_dagrun for example_subdag_operator.section-1 to None, run_after=None
[2024-11-06T17:57:04.918+0300] {logging_mixin.py:190} INFO - [2024-11-06T17:57:04.918+0300] {dag.py:4180} INFO - Setting next_dagrun for example_subdag_operator.section-2 to None, run_after=None
[2024-11-06T17:57:04.929+0300] {processor.py:208} INFO - Processing /home/airflow/.local/lib/python3.12/site-packages/airflow/example_dags/example_subdag_operator.py took 0.123 seconds
[2024-11-06T17:57:35.271+0300] {processor.py:186} INFO - Started process (PID=543) to work on /home/airflow/.local/lib/python3.12/site-packages/airflow/example_dags/example_subdag_operator.py
[2024-11-06T17:57:35.272+0300] {processor.py:914} INFO - Processing file /home/airflow/.local/lib/python3.12/site-packages/airflow/example_dags/example_subdag_operator.py for tasks to queue
[2024-11-06T17:57:35.275+0300] {logging_mixin.py:190} INFO - [2024-11-06T17:57:35.275+0300] {dagbag.py:588} INFO - Filling up the DagBag from /home/airflow/.local/lib/python3.12/site-packages/airflow/example_dags/example_subdag_operator.py
[2024-11-06T17:57:35.296+0300] {processor.py:925} INFO - DAG(s) 'example_subdag_operator.section-1', 'example_subdag_operator.section-2', 'example_subdag_operator' retrieved from /home/airflow/.local/lib/python3.12/site-packages/airflow/example_dags/example_subdag_operator.py
[2024-11-06T17:57:35.310+0300] {logging_mixin.py:190} INFO - [2024-11-06T17:57:35.309+0300] {dag.py:3239} INFO - Sync 3 DAGs
[2024-11-06T17:57:35.330+0300] {logging_mixin.py:190} INFO - [2024-11-06T17:57:35.330+0300] {dag.py:4180} INFO - Setting next_dagrun for example_subdag_operator to 2022-01-01 00:00:00+00:00, run_after=2022-01-01 00:00:00+00:00
[2024-11-06T17:57:35.334+0300] {logging_mixin.py:190} INFO - [2024-11-06T17:57:35.334+0300] {dag.py:4180} INFO - Setting next_dagrun for example_subdag_operator.section-1 to None, run_after=None
[2024-11-06T17:57:35.337+0300] {logging_mixin.py:190} INFO - [2024-11-06T17:57:35.336+0300] {dag.py:4180} INFO - Setting next_dagrun for example_subdag_operator.section-2 to None, run_after=None
[2024-11-06T17:57:35.344+0300] {logging_mixin.py:190} INFO - [2024-11-06T17:57:35.343+0300] {dag.py:3239} INFO - Sync 2 DAGs
[2024-11-06T17:57:35.350+0300] {logging_mixin.py:190} INFO - [2024-11-06T17:57:35.350+0300] {dag.py:4180} INFO - Setting next_dagrun for example_subdag_operator.section-1 to None, run_after=None
[2024-11-06T17:57:35.351+0300] {logging_mixin.py:190} INFO - [2024-11-06T17:57:35.351+0300] {dag.py:4180} INFO - Setting next_dagrun for example_subdag_operator.section-2 to None, run_after=None
[2024-11-06T17:57:35.374+0300] {processor.py:208} INFO - Processing /home/airflow/.local/lib/python3.12/site-packages/airflow/example_dags/example_subdag_operator.py took 0.108 seconds
[2024-11-06T17:58:06.418+0300] {processor.py:186} INFO - Started process (PID=612) to work on /home/airflow/.local/lib/python3.12/site-packages/airflow/example_dags/example_subdag_operator.py
[2024-11-06T17:58:06.419+0300] {processor.py:914} INFO - Processing file /home/airflow/.local/lib/python3.12/site-packages/airflow/example_dags/example_subdag_operator.py for tasks to queue
[2024-11-06T17:58:06.423+0300] {logging_mixin.py:190} INFO - [2024-11-06T17:58:06.422+0300] {dagbag.py:588} INFO - Filling up the DagBag from /home/airflow/.local/lib/python3.12/site-packages/airflow/example_dags/example_subdag_operator.py
[2024-11-06T17:58:06.446+0300] {processor.py:925} INFO - DAG(s) 'example_subdag_operator.section-1', 'example_subdag_operator.section-2', 'example_subdag_operator' retrieved from /home/airflow/.local/lib/python3.12/site-packages/airflow/example_dags/example_subdag_operator.py
[2024-11-06T17:58:06.459+0300] {logging_mixin.py:190} INFO - [2024-11-06T17:58:06.459+0300] {dag.py:3239} INFO - Sync 3 DAGs
[2024-11-06T17:58:06.487+0300] {logging_mixin.py:190} INFO - [2024-11-06T17:58:06.486+0300] {dag.py:4180} INFO - Setting next_dagrun for example_subdag_operator to 2022-01-01 00:00:00+00:00, run_after=2022-01-01 00:00:00+00:00
[2024-11-06T17:58:06.491+0300] {logging_mixin.py:190} INFO - [2024-11-06T17:58:06.491+0300] {dag.py:4180} INFO - Setting next_dagrun for example_subdag_operator.section-1 to None, run_after=None
[2024-11-06T17:58:06.493+0300] {logging_mixin.py:190} INFO - [2024-11-06T17:58:06.493+0300] {dag.py:4180} INFO - Setting next_dagrun for example_subdag_operator.section-2 to None, run_after=None
[2024-11-06T17:58:06.500+0300] {logging_mixin.py:190} INFO - [2024-11-06T17:58:06.500+0300] {dag.py:3239} INFO - Sync 2 DAGs
[2024-11-06T17:58:06.508+0300] {logging_mixin.py:190} INFO - [2024-11-06T17:58:06.507+0300] {dag.py:4180} INFO - Setting next_dagrun for example_subdag_operator.section-1 to None, run_after=None
[2024-11-06T17:58:06.509+0300] {logging_mixin.py:190} INFO - [2024-11-06T17:58:06.508+0300] {dag.py:4180} INFO - Setting next_dagrun for example_subdag_operator.section-2 to None, run_after=None
[2024-11-06T17:58:06.521+0300] {processor.py:208} INFO - Processing /home/airflow/.local/lib/python3.12/site-packages/airflow/example_dags/example_subdag_operator.py took 0.108 seconds
[2024-11-06T17:58:37.080+0300] {processor.py:186} INFO - Started process (PID=681) to work on /home/airflow/.local/lib/python3.12/site-packages/airflow/example_dags/example_subdag_operator.py
[2024-11-06T17:58:37.082+0300] {processor.py:914} INFO - Processing file /home/airflow/.local/lib/python3.12/site-packages/airflow/example_dags/example_subdag_operator.py for tasks to queue
[2024-11-06T17:58:37.087+0300] {logging_mixin.py:190} INFO - [2024-11-06T17:58:37.086+0300] {dagbag.py:588} INFO - Filling up the DagBag from /home/airflow/.local/lib/python3.12/site-packages/airflow/example_dags/example_subdag_operator.py
[2024-11-06T17:58:37.119+0300] {processor.py:925} INFO - DAG(s) 'example_subdag_operator.section-1', 'example_subdag_operator.section-2', 'example_subdag_operator' retrieved from /home/airflow/.local/lib/python3.12/site-packages/airflow/example_dags/example_subdag_operator.py
[2024-11-06T17:58:37.140+0300] {logging_mixin.py:190} INFO - [2024-11-06T17:58:37.139+0300] {dag.py:3239} INFO - Sync 3 DAGs
[2024-11-06T17:58:37.168+0300] {logging_mixin.py:190} INFO - [2024-11-06T17:58:37.168+0300] {dag.py:4180} INFO - Setting next_dagrun for example_subdag_operator to 2022-01-01 00:00:00+00:00, run_after=2022-01-01 00:00:00+00:00
[2024-11-06T17:58:37.173+0300] {logging_mixin.py:190} INFO - [2024-11-06T17:58:37.173+0300] {dag.py:4180} INFO - Setting next_dagrun for example_subdag_operator.section-1 to None, run_after=None
[2024-11-06T17:58:37.175+0300] {logging_mixin.py:190} INFO - [2024-11-06T17:58:37.175+0300] {dag.py:4180} INFO - Setting next_dagrun for example_subdag_operator.section-2 to None, run_after=None
[2024-11-06T17:58:37.184+0300] {logging_mixin.py:190} INFO - [2024-11-06T17:58:37.184+0300] {dag.py:3239} INFO - Sync 2 DAGs
[2024-11-06T17:58:37.191+0300] {logging_mixin.py:190} INFO - [2024-11-06T17:58:37.191+0300] {dag.py:4180} INFO - Setting next_dagrun for example_subdag_operator.section-1 to None, run_after=None
[2024-11-06T17:58:37.192+0300] {logging_mixin.py:190} INFO - [2024-11-06T17:58:37.192+0300] {dag.py:4180} INFO - Setting next_dagrun for example_subdag_operator.section-2 to None, run_after=None
[2024-11-06T17:58:37.209+0300] {processor.py:208} INFO - Processing /home/airflow/.local/lib/python3.12/site-packages/airflow/example_dags/example_subdag_operator.py took 0.136 seconds
[2024-11-06T17:59:07.660+0300] {processor.py:186} INFO - Started process (PID=750) to work on /home/airflow/.local/lib/python3.12/site-packages/airflow/example_dags/example_subdag_operator.py
[2024-11-06T17:59:07.661+0300] {processor.py:914} INFO - Processing file /home/airflow/.local/lib/python3.12/site-packages/airflow/example_dags/example_subdag_operator.py for tasks to queue
[2024-11-06T17:59:07.664+0300] {logging_mixin.py:190} INFO - [2024-11-06T17:59:07.663+0300] {dagbag.py:588} INFO - Filling up the DagBag from /home/airflow/.local/lib/python3.12/site-packages/airflow/example_dags/example_subdag_operator.py
[2024-11-06T17:59:07.687+0300] {processor.py:925} INFO - DAG(s) 'example_subdag_operator.section-1', 'example_subdag_operator.section-2', 'example_subdag_operator' retrieved from /home/airflow/.local/lib/python3.12/site-packages/airflow/example_dags/example_subdag_operator.py
[2024-11-06T17:59:07.702+0300] {logging_mixin.py:190} INFO - [2024-11-06T17:59:07.701+0300] {dag.py:3239} INFO - Sync 3 DAGs
[2024-11-06T17:59:07.725+0300] {logging_mixin.py:190} INFO - [2024-11-06T17:59:07.724+0300] {dag.py:4180} INFO - Setting next_dagrun for example_subdag_operator to 2022-01-01 00:00:00+00:00, run_after=2022-01-01 00:00:00+00:00
[2024-11-06T17:59:07.729+0300] {logging_mixin.py:190} INFO - [2024-11-06T17:59:07.728+0300] {dag.py:4180} INFO - Setting next_dagrun for example_subdag_operator.section-1 to None, run_after=None
[2024-11-06T17:59:07.730+0300] {logging_mixin.py:190} INFO - [2024-11-06T17:59:07.730+0300] {dag.py:4180} INFO - Setting next_dagrun for example_subdag_operator.section-2 to None, run_after=None
[2024-11-06T17:59:07.738+0300] {logging_mixin.py:190} INFO - [2024-11-06T17:59:07.738+0300] {dag.py:3239} INFO - Sync 2 DAGs
[2024-11-06T17:59:07.745+0300] {logging_mixin.py:190} INFO - [2024-11-06T17:59:07.745+0300] {dag.py:4180} INFO - Setting next_dagrun for example_subdag_operator.section-1 to None, run_after=None
[2024-11-06T17:59:07.746+0300] {logging_mixin.py:190} INFO - [2024-11-06T17:59:07.745+0300] {dag.py:4180} INFO - Setting next_dagrun for example_subdag_operator.section-2 to None, run_after=None
[2024-11-06T17:59:07.761+0300] {processor.py:208} INFO - Processing /home/airflow/.local/lib/python3.12/site-packages/airflow/example_dags/example_subdag_operator.py took 0.106 seconds
[2024-11-06T17:59:38.591+0300] {processor.py:186} INFO - Started process (PID=819) to work on /home/airflow/.local/lib/python3.12/site-packages/airflow/example_dags/example_subdag_operator.py
[2024-11-06T17:59:38.592+0300] {processor.py:914} INFO - Processing file /home/airflow/.local/lib/python3.12/site-packages/airflow/example_dags/example_subdag_operator.py for tasks to queue
[2024-11-06T17:59:38.596+0300] {logging_mixin.py:190} INFO - [2024-11-06T17:59:38.595+0300] {dagbag.py:588} INFO - Filling up the DagBag from /home/airflow/.local/lib/python3.12/site-packages/airflow/example_dags/example_subdag_operator.py
[2024-11-06T17:59:38.625+0300] {processor.py:925} INFO - DAG(s) 'example_subdag_operator.section-1', 'example_subdag_operator.section-2', 'example_subdag_operator' retrieved from /home/airflow/.local/lib/python3.12/site-packages/airflow/example_dags/example_subdag_operator.py
[2024-11-06T17:59:38.640+0300] {logging_mixin.py:190} INFO - [2024-11-06T17:59:38.640+0300] {dag.py:3239} INFO - Sync 3 DAGs
[2024-11-06T17:59:38.667+0300] {logging_mixin.py:190} INFO - [2024-11-06T17:59:38.667+0300] {dag.py:4180} INFO - Setting next_dagrun for example_subdag_operator to 2022-01-01 00:00:00+00:00, run_after=2022-01-01 00:00:00+00:00
[2024-11-06T17:59:38.672+0300] {logging_mixin.py:190} INFO - [2024-11-06T17:59:38.671+0300] {dag.py:4180} INFO - Setting next_dagrun for example_subdag_operator.section-1 to None, run_after=None
[2024-11-06T17:59:38.674+0300] {logging_mixin.py:190} INFO - [2024-11-06T17:59:38.674+0300] {dag.py:4180} INFO - Setting next_dagrun for example_subdag_operator.section-2 to None, run_after=None
[2024-11-06T17:59:38.684+0300] {logging_mixin.py:190} INFO - [2024-11-06T17:59:38.684+0300] {dag.py:3239} INFO - Sync 2 DAGs
[2024-11-06T17:59:38.691+0300] {logging_mixin.py:190} INFO - [2024-11-06T17:59:38.690+0300] {dag.py:4180} INFO - Setting next_dagrun for example_subdag_operator.section-1 to None, run_after=None
[2024-11-06T17:59:38.692+0300] {logging_mixin.py:190} INFO - [2024-11-06T17:59:38.692+0300] {dag.py:4180} INFO - Setting next_dagrun for example_subdag_operator.section-2 to None, run_after=None
[2024-11-06T17:59:38.709+0300] {processor.py:208} INFO - Processing /home/airflow/.local/lib/python3.12/site-packages/airflow/example_dags/example_subdag_operator.py took 0.123 seconds
[2024-11-06T18:00:09.030+0300] {processor.py:186} INFO - Started process (PID=888) to work on /home/airflow/.local/lib/python3.12/site-packages/airflow/example_dags/example_subdag_operator.py
[2024-11-06T18:00:09.031+0300] {processor.py:914} INFO - Processing file /home/airflow/.local/lib/python3.12/site-packages/airflow/example_dags/example_subdag_operator.py for tasks to queue
[2024-11-06T18:00:09.033+0300] {logging_mixin.py:190} INFO - [2024-11-06T18:00:09.033+0300] {dagbag.py:588} INFO - Filling up the DagBag from /home/airflow/.local/lib/python3.12/site-packages/airflow/example_dags/example_subdag_operator.py
[2024-11-06T18:00:09.057+0300] {processor.py:925} INFO - DAG(s) 'example_subdag_operator.section-1', 'example_subdag_operator.section-2', 'example_subdag_operator' retrieved from /home/airflow/.local/lib/python3.12/site-packages/airflow/example_dags/example_subdag_operator.py
[2024-11-06T18:00:09.072+0300] {logging_mixin.py:190} INFO - [2024-11-06T18:00:09.072+0300] {dag.py:3239} INFO - Sync 3 DAGs
[2024-11-06T18:00:09.092+0300] {logging_mixin.py:190} INFO - [2024-11-06T18:00:09.091+0300] {dag.py:4180} INFO - Setting next_dagrun for example_subdag_operator to 2022-01-01 00:00:00+00:00, run_after=2022-01-01 00:00:00+00:00
[2024-11-06T18:00:09.095+0300] {logging_mixin.py:190} INFO - [2024-11-06T18:00:09.095+0300] {dag.py:4180} INFO - Setting next_dagrun for example_subdag_operator.section-1 to None, run_after=None
[2024-11-06T18:00:09.097+0300] {logging_mixin.py:190} INFO - [2024-11-06T18:00:09.097+0300] {dag.py:4180} INFO - Setting next_dagrun for example_subdag_operator.section-2 to None, run_after=None
[2024-11-06T18:00:09.103+0300] {logging_mixin.py:190} INFO - [2024-11-06T18:00:09.103+0300] {dag.py:3239} INFO - Sync 2 DAGs
[2024-11-06T18:00:09.109+0300] {logging_mixin.py:190} INFO - [2024-11-06T18:00:09.108+0300] {dag.py:4180} INFO - Setting next_dagrun for example_subdag_operator.section-1 to None, run_after=None
[2024-11-06T18:00:09.110+0300] {logging_mixin.py:190} INFO - [2024-11-06T18:00:09.109+0300] {dag.py:4180} INFO - Setting next_dagrun for example_subdag_operator.section-2 to None, run_after=None
[2024-11-06T18:00:09.126+0300] {processor.py:208} INFO - Processing /home/airflow/.local/lib/python3.12/site-packages/airflow/example_dags/example_subdag_operator.py took 0.100 seconds
[2024-11-06T18:00:39.644+0300] {processor.py:186} INFO - Started process (PID=957) to work on /home/airflow/.local/lib/python3.12/site-packages/airflow/example_dags/example_subdag_operator.py
[2024-11-06T18:00:39.646+0300] {processor.py:914} INFO - Processing file /home/airflow/.local/lib/python3.12/site-packages/airflow/example_dags/example_subdag_operator.py for tasks to queue
[2024-11-06T18:00:39.652+0300] {logging_mixin.py:190} INFO - [2024-11-06T18:00:39.651+0300] {dagbag.py:588} INFO - Filling up the DagBag from /home/airflow/.local/lib/python3.12/site-packages/airflow/example_dags/example_subdag_operator.py
[2024-11-06T18:00:39.682+0300] {processor.py:925} INFO - DAG(s) 'example_subdag_operator.section-1', 'example_subdag_operator.section-2', 'example_subdag_operator' retrieved from /home/airflow/.local/lib/python3.12/site-packages/airflow/example_dags/example_subdag_operator.py
[2024-11-06T18:00:39.707+0300] {logging_mixin.py:190} INFO - [2024-11-06T18:00:39.707+0300] {dag.py:3239} INFO - Sync 3 DAGs
[2024-11-06T18:00:39.729+0300] {logging_mixin.py:190} INFO - [2024-11-06T18:00:39.729+0300] {dag.py:4180} INFO - Setting next_dagrun for example_subdag_operator to 2022-01-01 00:00:00+00:00, run_after=2022-01-01 00:00:00+00:00
[2024-11-06T18:00:39.734+0300] {logging_mixin.py:190} INFO - [2024-11-06T18:00:39.734+0300] {dag.py:4180} INFO - Setting next_dagrun for example_subdag_operator.section-1 to None, run_after=None
[2024-11-06T18:00:39.736+0300] {logging_mixin.py:190} INFO - [2024-11-06T18:00:39.736+0300] {dag.py:4180} INFO - Setting next_dagrun for example_subdag_operator.section-2 to None, run_after=None
[2024-11-06T18:00:39.742+0300] {logging_mixin.py:190} INFO - [2024-11-06T18:00:39.741+0300] {dag.py:3239} INFO - Sync 2 DAGs
[2024-11-06T18:00:39.746+0300] {logging_mixin.py:190} INFO - [2024-11-06T18:00:39.746+0300] {dag.py:4180} INFO - Setting next_dagrun for example_subdag_operator.section-1 to None, run_after=None
[2024-11-06T18:00:39.747+0300] {logging_mixin.py:190} INFO - [2024-11-06T18:00:39.747+0300] {dag.py:4180} INFO - Setting next_dagrun for example_subdag_operator.section-2 to None, run_after=None
[2024-11-06T18:00:39.771+0300] {processor.py:208} INFO - Processing /home/airflow/.local/lib/python3.12/site-packages/airflow/example_dags/example_subdag_operator.py took 0.137 seconds
[2024-11-06T18:01:10.556+0300] {processor.py:186} INFO - Started process (PID=1026) to work on /home/airflow/.local/lib/python3.12/site-packages/airflow/example_dags/example_subdag_operator.py
[2024-11-06T18:01:10.558+0300] {processor.py:914} INFO - Processing file /home/airflow/.local/lib/python3.12/site-packages/airflow/example_dags/example_subdag_operator.py for tasks to queue
[2024-11-06T18:01:10.561+0300] {logging_mixin.py:190} INFO - [2024-11-06T18:01:10.560+0300] {dagbag.py:588} INFO - Filling up the DagBag from /home/airflow/.local/lib/python3.12/site-packages/airflow/example_dags/example_subdag_operator.py
[2024-11-06T18:01:10.587+0300] {processor.py:925} INFO - DAG(s) 'example_subdag_operator.section-1', 'example_subdag_operator.section-2', 'example_subdag_operator' retrieved from /home/airflow/.local/lib/python3.12/site-packages/airflow/example_dags/example_subdag_operator.py
[2024-11-06T18:01:10.601+0300] {logging_mixin.py:190} INFO - [2024-11-06T18:01:10.600+0300] {dag.py:3239} INFO - Sync 3 DAGs
[2024-11-06T18:01:10.618+0300] {logging_mixin.py:190} INFO - [2024-11-06T18:01:10.617+0300] {dag.py:4180} INFO - Setting next_dagrun for example_subdag_operator to 2022-01-01 00:00:00+00:00, run_after=2022-01-01 00:00:00+00:00
[2024-11-06T18:01:10.621+0300] {logging_mixin.py:190} INFO - [2024-11-06T18:01:10.621+0300] {dag.py:4180} INFO - Setting next_dagrun for example_subdag_operator.section-1 to None, run_after=None
[2024-11-06T18:01:10.622+0300] {logging_mixin.py:190} INFO - [2024-11-06T18:01:10.622+0300] {dag.py:4180} INFO - Setting next_dagrun for example_subdag_operator.section-2 to None, run_after=None
[2024-11-06T18:01:10.629+0300] {logging_mixin.py:190} INFO - [2024-11-06T18:01:10.629+0300] {dag.py:3239} INFO - Sync 2 DAGs
[2024-11-06T18:01:10.633+0300] {logging_mixin.py:190} INFO - [2024-11-06T18:01:10.633+0300] {dag.py:4180} INFO - Setting next_dagrun for example_subdag_operator.section-1 to None, run_after=None
[2024-11-06T18:01:10.635+0300] {logging_mixin.py:190} INFO - [2024-11-06T18:01:10.634+0300] {dag.py:4180} INFO - Setting next_dagrun for example_subdag_operator.section-2 to None, run_after=None
[2024-11-06T18:01:10.644+0300] {processor.py:208} INFO - Processing /home/airflow/.local/lib/python3.12/site-packages/airflow/example_dags/example_subdag_operator.py took 0.095 seconds
[2024-11-06T18:01:40.937+0300] {processor.py:186} INFO - Started process (PID=1095) to work on /home/airflow/.local/lib/python3.12/site-packages/airflow/example_dags/example_subdag_operator.py
[2024-11-06T18:01:40.939+0300] {processor.py:914} INFO - Processing file /home/airflow/.local/lib/python3.12/site-packages/airflow/example_dags/example_subdag_operator.py for tasks to queue
[2024-11-06T18:01:40.941+0300] {logging_mixin.py:190} INFO - [2024-11-06T18:01:40.941+0300] {dagbag.py:588} INFO - Filling up the DagBag from /home/airflow/.local/lib/python3.12/site-packages/airflow/example_dags/example_subdag_operator.py
[2024-11-06T18:01:40.962+0300] {processor.py:925} INFO - DAG(s) 'example_subdag_operator.section-1', 'example_subdag_operator.section-2', 'example_subdag_operator' retrieved from /home/airflow/.local/lib/python3.12/site-packages/airflow/example_dags/example_subdag_operator.py
[2024-11-06T18:01:40.974+0300] {logging_mixin.py:190} INFO - [2024-11-06T18:01:40.974+0300] {dag.py:3239} INFO - Sync 3 DAGs
[2024-11-06T18:01:40.994+0300] {logging_mixin.py:190} INFO - [2024-11-06T18:01:40.993+0300] {dag.py:4180} INFO - Setting next_dagrun for example_subdag_operator to 2022-01-01 00:00:00+00:00, run_after=2022-01-01 00:00:00+00:00
[2024-11-06T18:01:40.997+0300] {logging_mixin.py:190} INFO - [2024-11-06T18:01:40.996+0300] {dag.py:4180} INFO - Setting next_dagrun for example_subdag_operator.section-1 to None, run_after=None
[2024-11-06T18:01:40.998+0300] {logging_mixin.py:190} INFO - [2024-11-06T18:01:40.998+0300] {dag.py:4180} INFO - Setting next_dagrun for example_subdag_operator.section-2 to None, run_after=None
[2024-11-06T18:01:41.004+0300] {logging_mixin.py:190} INFO - [2024-11-06T18:01:41.004+0300] {dag.py:3239} INFO - Sync 2 DAGs
[2024-11-06T18:01:41.008+0300] {logging_mixin.py:190} INFO - [2024-11-06T18:01:41.008+0300] {dag.py:4180} INFO - Setting next_dagrun for example_subdag_operator.section-1 to None, run_after=None
[2024-11-06T18:01:41.009+0300] {logging_mixin.py:190} INFO - [2024-11-06T18:01:41.009+0300] {dag.py:4180} INFO - Setting next_dagrun for example_subdag_operator.section-2 to None, run_after=None
[2024-11-06T18:01:41.018+0300] {processor.py:208} INFO - Processing /home/airflow/.local/lib/python3.12/site-packages/airflow/example_dags/example_subdag_operator.py took 0.085 seconds
[2024-11-06T18:02:11.987+0300] {processor.py:186} INFO - Started process (PID=1164) to work on /home/airflow/.local/lib/python3.12/site-packages/airflow/example_dags/example_subdag_operator.py
[2024-11-06T18:02:11.988+0300] {processor.py:914} INFO - Processing file /home/airflow/.local/lib/python3.12/site-packages/airflow/example_dags/example_subdag_operator.py for tasks to queue
[2024-11-06T18:02:11.991+0300] {logging_mixin.py:190} INFO - [2024-11-06T18:02:11.991+0300] {dagbag.py:588} INFO - Filling up the DagBag from /home/airflow/.local/lib/python3.12/site-packages/airflow/example_dags/example_subdag_operator.py
[2024-11-06T18:02:12.018+0300] {processor.py:925} INFO - DAG(s) 'example_subdag_operator.section-1', 'example_subdag_operator.section-2', 'example_subdag_operator' retrieved from /home/airflow/.local/lib/python3.12/site-packages/airflow/example_dags/example_subdag_operator.py
[2024-11-06T18:02:12.043+0300] {logging_mixin.py:190} INFO - [2024-11-06T18:02:12.042+0300] {dag.py:3239} INFO - Sync 3 DAGs
[2024-11-06T18:02:12.073+0300] {logging_mixin.py:190} INFO - [2024-11-06T18:02:12.072+0300] {dag.py:4180} INFO - Setting next_dagrun for example_subdag_operator to 2022-01-01 00:00:00+00:00, run_after=2022-01-01 00:00:00+00:00
[2024-11-06T18:02:12.079+0300] {logging_mixin.py:190} INFO - [2024-11-06T18:02:12.078+0300] {dag.py:4180} INFO - Setting next_dagrun for example_subdag_operator.section-1 to None, run_after=None
[2024-11-06T18:02:12.081+0300] {logging_mixin.py:190} INFO - [2024-11-06T18:02:12.081+0300] {dag.py:4180} INFO - Setting next_dagrun for example_subdag_operator.section-2 to None, run_after=None
[2024-11-06T18:02:12.094+0300] {logging_mixin.py:190} INFO - [2024-11-06T18:02:12.093+0300] {dag.py:3239} INFO - Sync 2 DAGs
[2024-11-06T18:02:12.104+0300] {logging_mixin.py:190} INFO - [2024-11-06T18:02:12.104+0300] {dag.py:4180} INFO - Setting next_dagrun for example_subdag_operator.section-1 to None, run_after=None
[2024-11-06T18:02:12.105+0300] {logging_mixin.py:190} INFO - [2024-11-06T18:02:12.105+0300] {dag.py:4180} INFO - Setting next_dagrun for example_subdag_operator.section-2 to None, run_after=None
[2024-11-06T18:02:12.120+0300] {processor.py:208} INFO - Processing /home/airflow/.local/lib/python3.12/site-packages/airflow/example_dags/example_subdag_operator.py took 0.140 seconds
[2024-11-06T18:02:42.710+0300] {processor.py:186} INFO - Started process (PID=1233) to work on /home/airflow/.local/lib/python3.12/site-packages/airflow/example_dags/example_subdag_operator.py
[2024-11-06T18:02:42.711+0300] {processor.py:914} INFO - Processing file /home/airflow/.local/lib/python3.12/site-packages/airflow/example_dags/example_subdag_operator.py for tasks to queue
[2024-11-06T18:02:42.714+0300] {logging_mixin.py:190} INFO - [2024-11-06T18:02:42.714+0300] {dagbag.py:588} INFO - Filling up the DagBag from /home/airflow/.local/lib/python3.12/site-packages/airflow/example_dags/example_subdag_operator.py
[2024-11-06T18:02:42.741+0300] {processor.py:925} INFO - DAG(s) 'example_subdag_operator.section-1', 'example_subdag_operator.section-2', 'example_subdag_operator' retrieved from /home/airflow/.local/lib/python3.12/site-packages/airflow/example_dags/example_subdag_operator.py
[2024-11-06T18:02:42.755+0300] {logging_mixin.py:190} INFO - [2024-11-06T18:02:42.754+0300] {dag.py:3239} INFO - Sync 3 DAGs
[2024-11-06T18:02:42.774+0300] {logging_mixin.py:190} INFO - [2024-11-06T18:02:42.773+0300] {dag.py:4180} INFO - Setting next_dagrun for example_subdag_operator to 2022-01-01 00:00:00+00:00, run_after=2022-01-01 00:00:00+00:00
[2024-11-06T18:02:42.786+0300] {logging_mixin.py:190} INFO - [2024-11-06T18:02:42.786+0300] {dag.py:4180} INFO - Setting next_dagrun for example_subdag_operator.section-1 to None, run_after=None
[2024-11-06T18:02:42.790+0300] {logging_mixin.py:190} INFO - [2024-11-06T18:02:42.789+0300] {dag.py:4180} INFO - Setting next_dagrun for example_subdag_operator.section-2 to None, run_after=None
[2024-11-06T18:02:42.812+0300] {logging_mixin.py:190} INFO - [2024-11-06T18:02:42.811+0300] {dag.py:3239} INFO - Sync 2 DAGs
[2024-11-06T18:02:42.820+0300] {logging_mixin.py:190} INFO - [2024-11-06T18:02:42.820+0300] {dag.py:4180} INFO - Setting next_dagrun for example_subdag_operator.section-1 to None, run_after=None
[2024-11-06T18:02:42.821+0300] {logging_mixin.py:190} INFO - [2024-11-06T18:02:42.821+0300] {dag.py:4180} INFO - Setting next_dagrun for example_subdag_operator.section-2 to None, run_after=None
[2024-11-06T18:02:42.836+0300] {processor.py:208} INFO - Processing /home/airflow/.local/lib/python3.12/site-packages/airflow/example_dags/example_subdag_operator.py took 0.131 seconds
[2024-11-06T18:03:13.319+0300] {processor.py:186} INFO - Started process (PID=1302) to work on /home/airflow/.local/lib/python3.12/site-packages/airflow/example_dags/example_subdag_operator.py
[2024-11-06T18:03:13.321+0300] {processor.py:914} INFO - Processing file /home/airflow/.local/lib/python3.12/site-packages/airflow/example_dags/example_subdag_operator.py for tasks to queue
[2024-11-06T18:03:13.326+0300] {logging_mixin.py:190} INFO - [2024-11-06T18:03:13.325+0300] {dagbag.py:588} INFO - Filling up the DagBag from /home/airflow/.local/lib/python3.12/site-packages/airflow/example_dags/example_subdag_operator.py
[2024-11-06T18:03:13.372+0300] {processor.py:925} INFO - DAG(s) 'example_subdag_operator.section-1', 'example_subdag_operator.section-2', 'example_subdag_operator' retrieved from /home/airflow/.local/lib/python3.12/site-packages/airflow/example_dags/example_subdag_operator.py
[2024-11-06T18:03:13.396+0300] {logging_mixin.py:190} INFO - [2024-11-06T18:03:13.396+0300] {dag.py:3239} INFO - Sync 3 DAGs
[2024-11-06T18:03:13.432+0300] {logging_mixin.py:190} INFO - [2024-11-06T18:03:13.432+0300] {dag.py:4180} INFO - Setting next_dagrun for example_subdag_operator to 2022-01-01 00:00:00+00:00, run_after=2022-01-01 00:00:00+00:00
[2024-11-06T18:03:13.439+0300] {logging_mixin.py:190} INFO - [2024-11-06T18:03:13.439+0300] {dag.py:4180} INFO - Setting next_dagrun for example_subdag_operator.section-1 to None, run_after=None
[2024-11-06T18:03:13.442+0300] {logging_mixin.py:190} INFO - [2024-11-06T18:03:13.441+0300] {dag.py:4180} INFO - Setting next_dagrun for example_subdag_operator.section-2 to None, run_after=None
[2024-11-06T18:03:13.454+0300] {logging_mixin.py:190} INFO - [2024-11-06T18:03:13.454+0300] {dag.py:3239} INFO - Sync 2 DAGs
[2024-11-06T18:03:13.462+0300] {logging_mixin.py:190} INFO - [2024-11-06T18:03:13.461+0300] {dag.py:4180} INFO - Setting next_dagrun for example_subdag_operator.section-1 to None, run_after=None
[2024-11-06T18:03:13.462+0300] {logging_mixin.py:190} INFO - [2024-11-06T18:03:13.462+0300] {dag.py:4180} INFO - Setting next_dagrun for example_subdag_operator.section-2 to None, run_after=None
[2024-11-06T18:03:13.478+0300] {processor.py:208} INFO - Processing /home/airflow/.local/lib/python3.12/site-packages/airflow/example_dags/example_subdag_operator.py took 0.170 seconds
[2024-11-06T18:03:43.935+0300] {processor.py:186} INFO - Started process (PID=1370) to work on /home/airflow/.local/lib/python3.12/site-packages/airflow/example_dags/example_subdag_operator.py
[2024-11-06T18:03:43.936+0300] {processor.py:914} INFO - Processing file /home/airflow/.local/lib/python3.12/site-packages/airflow/example_dags/example_subdag_operator.py for tasks to queue
[2024-11-06T18:03:43.939+0300] {logging_mixin.py:190} INFO - [2024-11-06T18:03:43.939+0300] {dagbag.py:588} INFO - Filling up the DagBag from /home/airflow/.local/lib/python3.12/site-packages/airflow/example_dags/example_subdag_operator.py
[2024-11-06T18:03:43.964+0300] {processor.py:925} INFO - DAG(s) 'example_subdag_operator.section-1', 'example_subdag_operator.section-2', 'example_subdag_operator' retrieved from /home/airflow/.local/lib/python3.12/site-packages/airflow/example_dags/example_subdag_operator.py
[2024-11-06T18:03:43.978+0300] {logging_mixin.py:190} INFO - [2024-11-06T18:03:43.978+0300] {dag.py:3239} INFO - Sync 3 DAGs
[2024-11-06T18:03:44.004+0300] {logging_mixin.py:190} INFO - [2024-11-06T18:03:44.003+0300] {dag.py:4180} INFO - Setting next_dagrun for example_subdag_operator to 2022-01-01 00:00:00+00:00, run_after=2022-01-01 00:00:00+00:00
[2024-11-06T18:03:44.008+0300] {logging_mixin.py:190} INFO - [2024-11-06T18:03:44.007+0300] {dag.py:4180} INFO - Setting next_dagrun for example_subdag_operator.section-1 to None, run_after=None
[2024-11-06T18:03:44.009+0300] {logging_mixin.py:190} INFO - [2024-11-06T18:03:44.009+0300] {dag.py:4180} INFO - Setting next_dagrun for example_subdag_operator.section-2 to None, run_after=None
[2024-11-06T18:03:44.016+0300] {logging_mixin.py:190} INFO - [2024-11-06T18:03:44.016+0300] {dag.py:3239} INFO - Sync 2 DAGs
[2024-11-06T18:03:44.022+0300] {logging_mixin.py:190} INFO - [2024-11-06T18:03:44.022+0300] {dag.py:4180} INFO - Setting next_dagrun for example_subdag_operator.section-1 to None, run_after=None
[2024-11-06T18:03:44.023+0300] {logging_mixin.py:190} INFO - [2024-11-06T18:03:44.023+0300] {dag.py:4180} INFO - Setting next_dagrun for example_subdag_operator.section-2 to None, run_after=None
[2024-11-06T18:03:44.035+0300] {processor.py:208} INFO - Processing /home/airflow/.local/lib/python3.12/site-packages/airflow/example_dags/example_subdag_operator.py took 0.107 seconds
[2024-11-06T18:04:14.757+0300] {processor.py:186} INFO - Started process (PID=1439) to work on /home/airflow/.local/lib/python3.12/site-packages/airflow/example_dags/example_subdag_operator.py
[2024-11-06T18:04:14.758+0300] {processor.py:914} INFO - Processing file /home/airflow/.local/lib/python3.12/site-packages/airflow/example_dags/example_subdag_operator.py for tasks to queue
[2024-11-06T18:04:14.761+0300] {logging_mixin.py:190} INFO - [2024-11-06T18:04:14.760+0300] {dagbag.py:588} INFO - Filling up the DagBag from /home/airflow/.local/lib/python3.12/site-packages/airflow/example_dags/example_subdag_operator.py
[2024-11-06T18:04:14.789+0300] {processor.py:925} INFO - DAG(s) 'example_subdag_operator.section-1', 'example_subdag_operator.section-2', 'example_subdag_operator' retrieved from /home/airflow/.local/lib/python3.12/site-packages/airflow/example_dags/example_subdag_operator.py
[2024-11-06T18:04:14.803+0300] {logging_mixin.py:190} INFO - [2024-11-06T18:04:14.803+0300] {dag.py:3239} INFO - Sync 3 DAGs
[2024-11-06T18:04:14.824+0300] {logging_mixin.py:190} INFO - [2024-11-06T18:04:14.823+0300] {dag.py:4180} INFO - Setting next_dagrun for example_subdag_operator to 2022-01-01 00:00:00+00:00, run_after=2022-01-01 00:00:00+00:00
[2024-11-06T18:04:14.828+0300] {logging_mixin.py:190} INFO - [2024-11-06T18:04:14.828+0300] {dag.py:4180} INFO - Setting next_dagrun for example_subdag_operator.section-1 to None, run_after=None
[2024-11-06T18:04:14.830+0300] {logging_mixin.py:190} INFO - [2024-11-06T18:04:14.830+0300] {dag.py:4180} INFO - Setting next_dagrun for example_subdag_operator.section-2 to None, run_after=None
[2024-11-06T18:04:14.838+0300] {logging_mixin.py:190} INFO - [2024-11-06T18:04:14.838+0300] {dag.py:3239} INFO - Sync 2 DAGs
[2024-11-06T18:04:14.844+0300] {logging_mixin.py:190} INFO - [2024-11-06T18:04:14.844+0300] {dag.py:4180} INFO - Setting next_dagrun for example_subdag_operator.section-1 to None, run_after=None
[2024-11-06T18:04:14.846+0300] {logging_mixin.py:190} INFO - [2024-11-06T18:04:14.845+0300] {dag.py:4180} INFO - Setting next_dagrun for example_subdag_operator.section-2 to None, run_after=None
[2024-11-06T18:04:14.861+0300] {processor.py:208} INFO - Processing /home/airflow/.local/lib/python3.12/site-packages/airflow/example_dags/example_subdag_operator.py took 0.108 seconds
[2024-11-06T18:04:46.052+0300] {processor.py:186} INFO - Started process (PID=1508) to work on /home/airflow/.local/lib/python3.12/site-packages/airflow/example_dags/example_subdag_operator.py
[2024-11-06T18:04:46.053+0300] {processor.py:914} INFO - Processing file /home/airflow/.local/lib/python3.12/site-packages/airflow/example_dags/example_subdag_operator.py for tasks to queue
[2024-11-06T18:04:46.056+0300] {logging_mixin.py:190} INFO - [2024-11-06T18:04:46.055+0300] {dagbag.py:588} INFO - Filling up the DagBag from /home/airflow/.local/lib/python3.12/site-packages/airflow/example_dags/example_subdag_operator.py
[2024-11-06T18:04:46.082+0300] {processor.py:925} INFO - DAG(s) 'example_subdag_operator.section-1', 'example_subdag_operator.section-2', 'example_subdag_operator' retrieved from /home/airflow/.local/lib/python3.12/site-packages/airflow/example_dags/example_subdag_operator.py
[2024-11-06T18:04:46.099+0300] {logging_mixin.py:190} INFO - [2024-11-06T18:04:46.099+0300] {dag.py:3239} INFO - Sync 3 DAGs
[2024-11-06T18:04:46.122+0300] {logging_mixin.py:190} INFO - [2024-11-06T18:04:46.121+0300] {dag.py:4180} INFO - Setting next_dagrun for example_subdag_operator to 2022-01-01 00:00:00+00:00, run_after=2022-01-01 00:00:00+00:00
[2024-11-06T18:04:46.126+0300] {logging_mixin.py:190} INFO - [2024-11-06T18:04:46.126+0300] {dag.py:4180} INFO - Setting next_dagrun for example_subdag_operator.section-1 to None, run_after=None
[2024-11-06T18:04:46.128+0300] {logging_mixin.py:190} INFO - [2024-11-06T18:04:46.128+0300] {dag.py:4180} INFO - Setting next_dagrun for example_subdag_operator.section-2 to None, run_after=None
[2024-11-06T18:04:46.137+0300] {logging_mixin.py:190} INFO - [2024-11-06T18:04:46.136+0300] {dag.py:3239} INFO - Sync 2 DAGs
[2024-11-06T18:04:46.144+0300] {logging_mixin.py:190} INFO - [2024-11-06T18:04:46.143+0300] {dag.py:4180} INFO - Setting next_dagrun for example_subdag_operator.section-1 to None, run_after=None
[2024-11-06T18:04:46.144+0300] {logging_mixin.py:190} INFO - [2024-11-06T18:04:46.144+0300] {dag.py:4180} INFO - Setting next_dagrun for example_subdag_operator.section-2 to None, run_after=None
[2024-11-06T18:04:46.170+0300] {processor.py:208} INFO - Processing /home/airflow/.local/lib/python3.12/site-packages/airflow/example_dags/example_subdag_operator.py took 0.124 seconds
[2024-11-06T18:05:16.246+0300] {processor.py:186} INFO - Started process (PID=1576) to work on /home/airflow/.local/lib/python3.12/site-packages/airflow/example_dags/example_subdag_operator.py
[2024-11-06T18:05:16.247+0300] {processor.py:914} INFO - Processing file /home/airflow/.local/lib/python3.12/site-packages/airflow/example_dags/example_subdag_operator.py for tasks to queue
[2024-11-06T18:05:16.250+0300] {logging_mixin.py:190} INFO - [2024-11-06T18:05:16.249+0300] {dagbag.py:588} INFO - Filling up the DagBag from /home/airflow/.local/lib/python3.12/site-packages/airflow/example_dags/example_subdag_operator.py
[2024-11-06T18:05:16.270+0300] {processor.py:925} INFO - DAG(s) 'example_subdag_operator.section-1', 'example_subdag_operator.section-2', 'example_subdag_operator' retrieved from /home/airflow/.local/lib/python3.12/site-packages/airflow/example_dags/example_subdag_operator.py
[2024-11-06T18:05:16.284+0300] {logging_mixin.py:190} INFO - [2024-11-06T18:05:16.284+0300] {dag.py:3239} INFO - Sync 3 DAGs
[2024-11-06T18:05:16.303+0300] {logging_mixin.py:190} INFO - [2024-11-06T18:05:16.303+0300] {dag.py:4180} INFO - Setting next_dagrun for example_subdag_operator to 2022-01-01 00:00:00+00:00, run_after=2022-01-01 00:00:00+00:00
[2024-11-06T18:05:16.306+0300] {logging_mixin.py:190} INFO - [2024-11-06T18:05:16.306+0300] {dag.py:4180} INFO - Setting next_dagrun for example_subdag_operator.section-1 to None, run_after=None
[2024-11-06T18:05:16.312+0300] {logging_mixin.py:190} INFO - [2024-11-06T18:05:16.312+0300] {dag.py:4180} INFO - Setting next_dagrun for example_subdag_operator.section-2 to None, run_after=None
[2024-11-06T18:05:16.326+0300] {logging_mixin.py:190} INFO - [2024-11-06T18:05:16.326+0300] {dag.py:3239} INFO - Sync 2 DAGs
[2024-11-06T18:05:16.332+0300] {logging_mixin.py:190} INFO - [2024-11-06T18:05:16.332+0300] {dag.py:4180} INFO - Setting next_dagrun for example_subdag_operator.section-1 to None, run_after=None
[2024-11-06T18:05:16.333+0300] {logging_mixin.py:190} INFO - [2024-11-06T18:05:16.333+0300] {dag.py:4180} INFO - Setting next_dagrun for example_subdag_operator.section-2 to None, run_after=None
[2024-11-06T18:05:16.348+0300] {processor.py:208} INFO - Processing /home/airflow/.local/lib/python3.12/site-packages/airflow/example_dags/example_subdag_operator.py took 0.107 seconds
[2024-11-06T18:05:46.711+0300] {processor.py:186} INFO - Started process (PID=1645) to work on /home/airflow/.local/lib/python3.12/site-packages/airflow/example_dags/example_subdag_operator.py
[2024-11-06T18:05:46.712+0300] {processor.py:914} INFO - Processing file /home/airflow/.local/lib/python3.12/site-packages/airflow/example_dags/example_subdag_operator.py for tasks to queue
[2024-11-06T18:05:46.714+0300] {logging_mixin.py:190} INFO - [2024-11-06T18:05:46.714+0300] {dagbag.py:588} INFO - Filling up the DagBag from /home/airflow/.local/lib/python3.12/site-packages/airflow/example_dags/example_subdag_operator.py
[2024-11-06T18:05:46.737+0300] {processor.py:925} INFO - DAG(s) 'example_subdag_operator.section-1', 'example_subdag_operator.section-2', 'example_subdag_operator' retrieved from /home/airflow/.local/lib/python3.12/site-packages/airflow/example_dags/example_subdag_operator.py
[2024-11-06T18:05:46.751+0300] {logging_mixin.py:190} INFO - [2024-11-06T18:05:46.751+0300] {dag.py:3239} INFO - Sync 3 DAGs
[2024-11-06T18:05:46.771+0300] {logging_mixin.py:190} INFO - [2024-11-06T18:05:46.770+0300] {dag.py:4180} INFO - Setting next_dagrun for example_subdag_operator to 2022-01-01 00:00:00+00:00, run_after=2022-01-01 00:00:00+00:00
[2024-11-06T18:05:46.774+0300] {logging_mixin.py:190} INFO - [2024-11-06T18:05:46.774+0300] {dag.py:4180} INFO - Setting next_dagrun for example_subdag_operator.section-1 to None, run_after=None
[2024-11-06T18:05:46.776+0300] {logging_mixin.py:190} INFO - [2024-11-06T18:05:46.776+0300] {dag.py:4180} INFO - Setting next_dagrun for example_subdag_operator.section-2 to None, run_after=None
[2024-11-06T18:05:46.783+0300] {logging_mixin.py:190} INFO - [2024-11-06T18:05:46.783+0300] {dag.py:3239} INFO - Sync 2 DAGs
[2024-11-06T18:05:46.789+0300] {logging_mixin.py:190} INFO - [2024-11-06T18:05:46.789+0300] {dag.py:4180} INFO - Setting next_dagrun for example_subdag_operator.section-1 to None, run_after=None
[2024-11-06T18:05:46.790+0300] {logging_mixin.py:190} INFO - [2024-11-06T18:05:46.790+0300] {dag.py:4180} INFO - Setting next_dagrun for example_subdag_operator.section-2 to None, run_after=None
[2024-11-06T18:05:46.800+0300] {processor.py:208} INFO - Processing /home/airflow/.local/lib/python3.12/site-packages/airflow/example_dags/example_subdag_operator.py took 0.094 seconds
[2024-11-06T18:06:18.074+0300] {processor.py:186} INFO - Started process (PID=1714) to work on /home/airflow/.local/lib/python3.12/site-packages/airflow/example_dags/example_subdag_operator.py
[2024-11-06T18:06:18.076+0300] {processor.py:914} INFO - Processing file /home/airflow/.local/lib/python3.12/site-packages/airflow/example_dags/example_subdag_operator.py for tasks to queue
[2024-11-06T18:06:18.078+0300] {logging_mixin.py:190} INFO - [2024-11-06T18:06:18.078+0300] {dagbag.py:588} INFO - Filling up the DagBag from /home/airflow/.local/lib/python3.12/site-packages/airflow/example_dags/example_subdag_operator.py
[2024-11-06T18:06:18.105+0300] {processor.py:925} INFO - DAG(s) 'example_subdag_operator.section-1', 'example_subdag_operator.section-2', 'example_subdag_operator' retrieved from /home/airflow/.local/lib/python3.12/site-packages/airflow/example_dags/example_subdag_operator.py
[2024-11-06T18:06:18.119+0300] {logging_mixin.py:190} INFO - [2024-11-06T18:06:18.118+0300] {dag.py:3239} INFO - Sync 3 DAGs
[2024-11-06T18:06:18.140+0300] {logging_mixin.py:190} INFO - [2024-11-06T18:06:18.139+0300] {dag.py:4180} INFO - Setting next_dagrun for example_subdag_operator to 2022-01-01 00:00:00+00:00, run_after=2022-01-01 00:00:00+00:00
[2024-11-06T18:06:18.143+0300] {logging_mixin.py:190} INFO - [2024-11-06T18:06:18.143+0300] {dag.py:4180} INFO - Setting next_dagrun for example_subdag_operator.section-1 to None, run_after=None
[2024-11-06T18:06:18.144+0300] {logging_mixin.py:190} INFO - [2024-11-06T18:06:18.144+0300] {dag.py:4180} INFO - Setting next_dagrun for example_subdag_operator.section-2 to None, run_after=None
[2024-11-06T18:06:18.151+0300] {logging_mixin.py:190} INFO - [2024-11-06T18:06:18.151+0300] {dag.py:3239} INFO - Sync 2 DAGs
[2024-11-06T18:06:18.156+0300] {logging_mixin.py:190} INFO - [2024-11-06T18:06:18.156+0300] {dag.py:4180} INFO - Setting next_dagrun for example_subdag_operator.section-1 to None, run_after=None
[2024-11-06T18:06:18.157+0300] {logging_mixin.py:190} INFO - [2024-11-06T18:06:18.157+0300] {dag.py:4180} INFO - Setting next_dagrun for example_subdag_operator.section-2 to None, run_after=None
[2024-11-06T18:06:18.170+0300] {processor.py:208} INFO - Processing /home/airflow/.local/lib/python3.12/site-packages/airflow/example_dags/example_subdag_operator.py took 0.102 seconds
[2024-11-06T18:06:48.910+0300] {processor.py:186} INFO - Started process (PID=1783) to work on /home/airflow/.local/lib/python3.12/site-packages/airflow/example_dags/example_subdag_operator.py
[2024-11-06T18:06:48.912+0300] {processor.py:914} INFO - Processing file /home/airflow/.local/lib/python3.12/site-packages/airflow/example_dags/example_subdag_operator.py for tasks to queue
[2024-11-06T18:06:48.916+0300] {logging_mixin.py:190} INFO - [2024-11-06T18:06:48.915+0300] {dagbag.py:588} INFO - Filling up the DagBag from /home/airflow/.local/lib/python3.12/site-packages/airflow/example_dags/example_subdag_operator.py
[2024-11-06T18:06:48.955+0300] {processor.py:925} INFO - DAG(s) 'example_subdag_operator.section-1', 'example_subdag_operator.section-2', 'example_subdag_operator' retrieved from /home/airflow/.local/lib/python3.12/site-packages/airflow/example_dags/example_subdag_operator.py
[2024-11-06T18:06:48.987+0300] {logging_mixin.py:190} INFO - [2024-11-06T18:06:48.987+0300] {dag.py:3239} INFO - Sync 3 DAGs
[2024-11-06T18:06:49.008+0300] {logging_mixin.py:190} INFO - [2024-11-06T18:06:49.008+0300] {dag.py:4180} INFO - Setting next_dagrun for example_subdag_operator to 2022-01-01 00:00:00+00:00, run_after=2022-01-01 00:00:00+00:00
[2024-11-06T18:06:49.013+0300] {logging_mixin.py:190} INFO - [2024-11-06T18:06:49.013+0300] {dag.py:4180} INFO - Setting next_dagrun for example_subdag_operator.section-1 to None, run_after=None
[2024-11-06T18:06:49.015+0300] {logging_mixin.py:190} INFO - [2024-11-06T18:06:49.015+0300] {dag.py:4180} INFO - Setting next_dagrun for example_subdag_operator.section-2 to None, run_after=None
[2024-11-06T18:06:49.023+0300] {logging_mixin.py:190} INFO - [2024-11-06T18:06:49.023+0300] {dag.py:3239} INFO - Sync 2 DAGs
[2024-11-06T18:06:49.028+0300] {logging_mixin.py:190} INFO - [2024-11-06T18:06:49.028+0300] {dag.py:4180} INFO - Setting next_dagrun for example_subdag_operator.section-1 to None, run_after=None
[2024-11-06T18:06:49.030+0300] {logging_mixin.py:190} INFO - [2024-11-06T18:06:49.030+0300] {dag.py:4180} INFO - Setting next_dagrun for example_subdag_operator.section-2 to None, run_after=None
[2024-11-06T18:06:49.042+0300] {processor.py:208} INFO - Processing /home/airflow/.local/lib/python3.12/site-packages/airflow/example_dags/example_subdag_operator.py took 0.143 seconds
[2024-11-06T18:07:19.279+0300] {processor.py:186} INFO - Started process (PID=1852) to work on /home/airflow/.local/lib/python3.12/site-packages/airflow/example_dags/example_subdag_operator.py
[2024-11-06T18:07:19.280+0300] {processor.py:914} INFO - Processing file /home/airflow/.local/lib/python3.12/site-packages/airflow/example_dags/example_subdag_operator.py for tasks to queue
[2024-11-06T18:07:19.281+0300] {logging_mixin.py:190} INFO - [2024-11-06T18:07:19.281+0300] {dagbag.py:588} INFO - Filling up the DagBag from /home/airflow/.local/lib/python3.12/site-packages/airflow/example_dags/example_subdag_operator.py
[2024-11-06T18:07:19.304+0300] {processor.py:925} INFO - DAG(s) 'example_subdag_operator.section-1', 'example_subdag_operator.section-2', 'example_subdag_operator' retrieved from /home/airflow/.local/lib/python3.12/site-packages/airflow/example_dags/example_subdag_operator.py
[2024-11-06T18:07:19.328+0300] {logging_mixin.py:190} INFO - [2024-11-06T18:07:19.327+0300] {dag.py:3239} INFO - Sync 3 DAGs
[2024-11-06T18:07:19.349+0300] {logging_mixin.py:190} INFO - [2024-11-06T18:07:19.349+0300] {dag.py:4180} INFO - Setting next_dagrun for example_subdag_operator to 2022-01-01 00:00:00+00:00, run_after=2022-01-01 00:00:00+00:00
[2024-11-06T18:07:19.353+0300] {logging_mixin.py:190} INFO - [2024-11-06T18:07:19.353+0300] {dag.py:4180} INFO - Setting next_dagrun for example_subdag_operator.section-1 to None, run_after=None
[2024-11-06T18:07:19.356+0300] {logging_mixin.py:190} INFO - [2024-11-06T18:07:19.355+0300] {dag.py:4180} INFO - Setting next_dagrun for example_subdag_operator.section-2 to None, run_after=None
[2024-11-06T18:07:19.364+0300] {logging_mixin.py:190} INFO - [2024-11-06T18:07:19.363+0300] {dag.py:3239} INFO - Sync 2 DAGs
[2024-11-06T18:07:19.370+0300] {logging_mixin.py:190} INFO - [2024-11-06T18:07:19.370+0300] {dag.py:4180} INFO - Setting next_dagrun for example_subdag_operator.section-1 to None, run_after=None
[2024-11-06T18:07:19.371+0300] {logging_mixin.py:190} INFO - [2024-11-06T18:07:19.371+0300] {dag.py:4180} INFO - Setting next_dagrun for example_subdag_operator.section-2 to None, run_after=None
[2024-11-06T18:07:19.386+0300] {processor.py:208} INFO - Processing /home/airflow/.local/lib/python3.12/site-packages/airflow/example_dags/example_subdag_operator.py took 0.112 seconds
[2024-11-06T18:07:49.725+0300] {processor.py:186} INFO - Started process (PID=1921) to work on /home/airflow/.local/lib/python3.12/site-packages/airflow/example_dags/example_subdag_operator.py
[2024-11-06T18:07:49.726+0300] {processor.py:914} INFO - Processing file /home/airflow/.local/lib/python3.12/site-packages/airflow/example_dags/example_subdag_operator.py for tasks to queue
[2024-11-06T18:07:49.729+0300] {logging_mixin.py:190} INFO - [2024-11-06T18:07:49.728+0300] {dagbag.py:588} INFO - Filling up the DagBag from /home/airflow/.local/lib/python3.12/site-packages/airflow/example_dags/example_subdag_operator.py
[2024-11-06T18:07:49.752+0300] {processor.py:925} INFO - DAG(s) 'example_subdag_operator.section-1', 'example_subdag_operator.section-2', 'example_subdag_operator' retrieved from /home/airflow/.local/lib/python3.12/site-packages/airflow/example_dags/example_subdag_operator.py
[2024-11-06T18:07:49.764+0300] {logging_mixin.py:190} INFO - [2024-11-06T18:07:49.764+0300] {dag.py:3239} INFO - Sync 3 DAGs
[2024-11-06T18:07:49.785+0300] {logging_mixin.py:190} INFO - [2024-11-06T18:07:49.784+0300] {dag.py:4180} INFO - Setting next_dagrun for example_subdag_operator to 2022-01-01 00:00:00+00:00, run_after=2022-01-01 00:00:00+00:00
[2024-11-06T18:07:49.788+0300] {logging_mixin.py:190} INFO - [2024-11-06T18:07:49.788+0300] {dag.py:4180} INFO - Setting next_dagrun for example_subdag_operator.section-1 to None, run_after=None
[2024-11-06T18:07:49.790+0300] {logging_mixin.py:190} INFO - [2024-11-06T18:07:49.789+0300] {dag.py:4180} INFO - Setting next_dagrun for example_subdag_operator.section-2 to None, run_after=None
[2024-11-06T18:07:49.796+0300] {logging_mixin.py:190} INFO - [2024-11-06T18:07:49.796+0300] {dag.py:3239} INFO - Sync 2 DAGs
[2024-11-06T18:07:49.802+0300] {logging_mixin.py:190} INFO - [2024-11-06T18:07:49.802+0300] {dag.py:4180} INFO - Setting next_dagrun for example_subdag_operator.section-1 to None, run_after=None
[2024-11-06T18:07:49.803+0300] {logging_mixin.py:190} INFO - [2024-11-06T18:07:49.803+0300] {dag.py:4180} INFO - Setting next_dagrun for example_subdag_operator.section-2 to None, run_after=None
[2024-11-06T18:07:49.814+0300] {processor.py:208} INFO - Processing /home/airflow/.local/lib/python3.12/site-packages/airflow/example_dags/example_subdag_operator.py took 0.095 seconds
[2024-11-06T18:08:20.890+0300] {processor.py:186} INFO - Started process (PID=1990) to work on /home/airflow/.local/lib/python3.12/site-packages/airflow/example_dags/example_subdag_operator.py
[2024-11-06T18:08:20.892+0300] {processor.py:914} INFO - Processing file /home/airflow/.local/lib/python3.12/site-packages/airflow/example_dags/example_subdag_operator.py for tasks to queue
[2024-11-06T18:08:20.895+0300] {logging_mixin.py:190} INFO - [2024-11-06T18:08:20.895+0300] {dagbag.py:588} INFO - Filling up the DagBag from /home/airflow/.local/lib/python3.12/site-packages/airflow/example_dags/example_subdag_operator.py
[2024-11-06T18:08:20.921+0300] {processor.py:925} INFO - DAG(s) 'example_subdag_operator.section-1', 'example_subdag_operator.section-2', 'example_subdag_operator' retrieved from /home/airflow/.local/lib/python3.12/site-packages/airflow/example_dags/example_subdag_operator.py
[2024-11-06T18:08:20.936+0300] {logging_mixin.py:190} INFO - [2024-11-06T18:08:20.936+0300] {dag.py:3239} INFO - Sync 3 DAGs
[2024-11-06T18:08:20.957+0300] {logging_mixin.py:190} INFO - [2024-11-06T18:08:20.957+0300] {dag.py:4180} INFO - Setting next_dagrun for example_subdag_operator to 2022-01-01 00:00:00+00:00, run_after=2022-01-01 00:00:00+00:00
[2024-11-06T18:08:20.961+0300] {logging_mixin.py:190} INFO - [2024-11-06T18:08:20.961+0300] {dag.py:4180} INFO - Setting next_dagrun for example_subdag_operator.section-1 to None, run_after=None
[2024-11-06T18:08:20.962+0300] {logging_mixin.py:190} INFO - [2024-11-06T18:08:20.962+0300] {dag.py:4180} INFO - Setting next_dagrun for example_subdag_operator.section-2 to None, run_after=None
[2024-11-06T18:08:20.970+0300] {logging_mixin.py:190} INFO - [2024-11-06T18:08:20.970+0300] {dag.py:3239} INFO - Sync 2 DAGs
[2024-11-06T18:08:20.976+0300] {logging_mixin.py:190} INFO - [2024-11-06T18:08:20.976+0300] {dag.py:4180} INFO - Setting next_dagrun for example_subdag_operator.section-1 to None, run_after=None
[2024-11-06T18:08:20.977+0300] {logging_mixin.py:190} INFO - [2024-11-06T18:08:20.977+0300] {dag.py:4180} INFO - Setting next_dagrun for example_subdag_operator.section-2 to None, run_after=None
[2024-11-06T18:08:20.989+0300] {processor.py:208} INFO - Processing /home/airflow/.local/lib/python3.12/site-packages/airflow/example_dags/example_subdag_operator.py took 0.103 seconds
[2024-11-06T18:08:52.419+0300] {processor.py:186} INFO - Started process (PID=2059) to work on /home/airflow/.local/lib/python3.12/site-packages/airflow/example_dags/example_subdag_operator.py
[2024-11-06T18:08:52.421+0300] {processor.py:914} INFO - Processing file /home/airflow/.local/lib/python3.12/site-packages/airflow/example_dags/example_subdag_operator.py for tasks to queue
[2024-11-06T18:08:52.424+0300] {logging_mixin.py:190} INFO - [2024-11-06T18:08:52.423+0300] {dagbag.py:588} INFO - Filling up the DagBag from /home/airflow/.local/lib/python3.12/site-packages/airflow/example_dags/example_subdag_operator.py
[2024-11-06T18:08:52.448+0300] {processor.py:925} INFO - DAG(s) 'example_subdag_operator.section-1', 'example_subdag_operator.section-2', 'example_subdag_operator' retrieved from /home/airflow/.local/lib/python3.12/site-packages/airflow/example_dags/example_subdag_operator.py
[2024-11-06T18:08:52.463+0300] {logging_mixin.py:190} INFO - [2024-11-06T18:08:52.463+0300] {dag.py:3239} INFO - Sync 3 DAGs
[2024-11-06T18:08:52.485+0300] {logging_mixin.py:190} INFO - [2024-11-06T18:08:52.485+0300] {dag.py:4180} INFO - Setting next_dagrun for example_subdag_operator to 2022-01-01 00:00:00+00:00, run_after=2022-01-01 00:00:00+00:00
[2024-11-06T18:08:52.489+0300] {logging_mixin.py:190} INFO - [2024-11-06T18:08:52.488+0300] {dag.py:4180} INFO - Setting next_dagrun for example_subdag_operator.section-1 to None, run_after=None
[2024-11-06T18:08:52.490+0300] {logging_mixin.py:190} INFO - [2024-11-06T18:08:52.490+0300] {dag.py:4180} INFO - Setting next_dagrun for example_subdag_operator.section-2 to None, run_after=None
[2024-11-06T18:08:52.499+0300] {logging_mixin.py:190} INFO - [2024-11-06T18:08:52.499+0300] {dag.py:3239} INFO - Sync 2 DAGs
[2024-11-06T18:08:52.507+0300] {logging_mixin.py:190} INFO - [2024-11-06T18:08:52.506+0300] {dag.py:4180} INFO - Setting next_dagrun for example_subdag_operator.section-1 to None, run_after=None
[2024-11-06T18:08:52.507+0300] {logging_mixin.py:190} INFO - [2024-11-06T18:08:52.507+0300] {dag.py:4180} INFO - Setting next_dagrun for example_subdag_operator.section-2 to None, run_after=None
[2024-11-06T18:08:52.522+0300] {processor.py:208} INFO - Processing /home/airflow/.local/lib/python3.12/site-packages/airflow/example_dags/example_subdag_operator.py took 0.110 seconds
[2024-11-06T18:09:23.055+0300] {processor.py:186} INFO - Started process (PID=2128) to work on /home/airflow/.local/lib/python3.12/site-packages/airflow/example_dags/example_subdag_operator.py
[2024-11-06T18:09:23.056+0300] {processor.py:914} INFO - Processing file /home/airflow/.local/lib/python3.12/site-packages/airflow/example_dags/example_subdag_operator.py for tasks to queue
[2024-11-06T18:09:23.058+0300] {logging_mixin.py:190} INFO - [2024-11-06T18:09:23.058+0300] {dagbag.py:588} INFO - Filling up the DagBag from /home/airflow/.local/lib/python3.12/site-packages/airflow/example_dags/example_subdag_operator.py
[2024-11-06T18:09:23.079+0300] {processor.py:925} INFO - DAG(s) 'example_subdag_operator.section-1', 'example_subdag_operator.section-2', 'example_subdag_operator' retrieved from /home/airflow/.local/lib/python3.12/site-packages/airflow/example_dags/example_subdag_operator.py
[2024-11-06T18:09:23.095+0300] {logging_mixin.py:190} INFO - [2024-11-06T18:09:23.095+0300] {dag.py:3239} INFO - Sync 3 DAGs
[2024-11-06T18:09:23.113+0300] {logging_mixin.py:190} INFO - [2024-11-06T18:09:23.113+0300] {dag.py:4180} INFO - Setting next_dagrun for example_subdag_operator to 2022-01-01 00:00:00+00:00, run_after=2022-01-01 00:00:00+00:00
[2024-11-06T18:09:23.116+0300] {logging_mixin.py:190} INFO - [2024-11-06T18:09:23.116+0300] {dag.py:4180} INFO - Setting next_dagrun for example_subdag_operator.section-1 to None, run_after=None
[2024-11-06T18:09:23.117+0300] {logging_mixin.py:190} INFO - [2024-11-06T18:09:23.117+0300] {dag.py:4180} INFO - Setting next_dagrun for example_subdag_operator.section-2 to None, run_after=None
[2024-11-06T18:09:23.123+0300] {logging_mixin.py:190} INFO - [2024-11-06T18:09:23.123+0300] {dag.py:3239} INFO - Sync 2 DAGs
[2024-11-06T18:09:23.129+0300] {logging_mixin.py:190} INFO - [2024-11-06T18:09:23.128+0300] {dag.py:4180} INFO - Setting next_dagrun for example_subdag_operator.section-1 to None, run_after=None
[2024-11-06T18:09:23.129+0300] {logging_mixin.py:190} INFO - [2024-11-06T18:09:23.129+0300] {dag.py:4180} INFO - Setting next_dagrun for example_subdag_operator.section-2 to None, run_after=None
[2024-11-06T18:09:23.142+0300] {processor.py:208} INFO - Processing /home/airflow/.local/lib/python3.12/site-packages/airflow/example_dags/example_subdag_operator.py took 0.093 seconds
[2024-11-06T18:09:53.926+0300] {processor.py:186} INFO - Started process (PID=2196) to work on /home/airflow/.local/lib/python3.12/site-packages/airflow/example_dags/example_subdag_operator.py
[2024-11-06T18:09:53.927+0300] {processor.py:914} INFO - Processing file /home/airflow/.local/lib/python3.12/site-packages/airflow/example_dags/example_subdag_operator.py for tasks to queue
[2024-11-06T18:09:53.930+0300] {logging_mixin.py:190} INFO - [2024-11-06T18:09:53.929+0300] {dagbag.py:588} INFO - Filling up the DagBag from /home/airflow/.local/lib/python3.12/site-packages/airflow/example_dags/example_subdag_operator.py
[2024-11-06T18:09:53.951+0300] {processor.py:925} INFO - DAG(s) 'example_subdag_operator.section-1', 'example_subdag_operator.section-2', 'example_subdag_operator' retrieved from /home/airflow/.local/lib/python3.12/site-packages/airflow/example_dags/example_subdag_operator.py
[2024-11-06T18:09:53.966+0300] {logging_mixin.py:190} INFO - [2024-11-06T18:09:53.966+0300] {dag.py:3239} INFO - Sync 3 DAGs
[2024-11-06T18:09:53.985+0300] {logging_mixin.py:190} INFO - [2024-11-06T18:09:53.985+0300] {dag.py:4180} INFO - Setting next_dagrun for example_subdag_operator to 2022-01-01 00:00:00+00:00, run_after=2022-01-01 00:00:00+00:00
[2024-11-06T18:09:53.989+0300] {logging_mixin.py:190} INFO - [2024-11-06T18:09:53.989+0300] {dag.py:4180} INFO - Setting next_dagrun for example_subdag_operator.section-1 to None, run_after=None
[2024-11-06T18:09:53.991+0300] {logging_mixin.py:190} INFO - [2024-11-06T18:09:53.990+0300] {dag.py:4180} INFO - Setting next_dagrun for example_subdag_operator.section-2 to None, run_after=None
[2024-11-06T18:09:53.996+0300] {logging_mixin.py:190} INFO - [2024-11-06T18:09:53.996+0300] {dag.py:3239} INFO - Sync 2 DAGs
[2024-11-06T18:09:54.002+0300] {logging_mixin.py:190} INFO - [2024-11-06T18:09:54.002+0300] {dag.py:4180} INFO - Setting next_dagrun for example_subdag_operator.section-1 to None, run_after=None
[2024-11-06T18:09:54.003+0300] {logging_mixin.py:190} INFO - [2024-11-06T18:09:54.002+0300] {dag.py:4180} INFO - Setting next_dagrun for example_subdag_operator.section-2 to None, run_after=None
[2024-11-06T18:09:54.013+0300] {processor.py:208} INFO - Processing /home/airflow/.local/lib/python3.12/site-packages/airflow/example_dags/example_subdag_operator.py took 0.091 seconds
[2024-11-06T18:10:26.047+0300] {processor.py:186} INFO - Started process (PID=2266) to work on /home/airflow/.local/lib/python3.12/site-packages/airflow/example_dags/example_subdag_operator.py
[2024-11-06T18:10:26.048+0300] {processor.py:914} INFO - Processing file /home/airflow/.local/lib/python3.12/site-packages/airflow/example_dags/example_subdag_operator.py for tasks to queue
[2024-11-06T18:10:26.051+0300] {logging_mixin.py:190} INFO - [2024-11-06T18:10:26.050+0300] {dagbag.py:588} INFO - Filling up the DagBag from /home/airflow/.local/lib/python3.12/site-packages/airflow/example_dags/example_subdag_operator.py
[2024-11-06T18:10:26.076+0300] {processor.py:925} INFO - DAG(s) 'example_subdag_operator.section-1', 'example_subdag_operator.section-2', 'example_subdag_operator' retrieved from /home/airflow/.local/lib/python3.12/site-packages/airflow/example_dags/example_subdag_operator.py
[2024-11-06T18:10:26.091+0300] {logging_mixin.py:190} INFO - [2024-11-06T18:10:26.091+0300] {dag.py:3239} INFO - Sync 3 DAGs
[2024-11-06T18:10:26.110+0300] {logging_mixin.py:190} INFO - [2024-11-06T18:10:26.110+0300] {dag.py:4180} INFO - Setting next_dagrun for example_subdag_operator to 2022-01-01 00:00:00+00:00, run_after=2022-01-01 00:00:00+00:00
[2024-11-06T18:10:26.115+0300] {logging_mixin.py:190} INFO - [2024-11-06T18:10:26.115+0300] {dag.py:4180} INFO - Setting next_dagrun for example_subdag_operator.section-1 to None, run_after=None
[2024-11-06T18:10:26.116+0300] {logging_mixin.py:190} INFO - [2024-11-06T18:10:26.116+0300] {dag.py:4180} INFO - Setting next_dagrun for example_subdag_operator.section-2 to None, run_after=None
[2024-11-06T18:10:26.124+0300] {logging_mixin.py:190} INFO - [2024-11-06T18:10:26.124+0300] {dag.py:3239} INFO - Sync 2 DAGs
[2024-11-06T18:10:26.130+0300] {logging_mixin.py:190} INFO - [2024-11-06T18:10:26.130+0300] {dag.py:4180} INFO - Setting next_dagrun for example_subdag_operator.section-1 to None, run_after=None
[2024-11-06T18:10:26.131+0300] {logging_mixin.py:190} INFO - [2024-11-06T18:10:26.131+0300] {dag.py:4180} INFO - Setting next_dagrun for example_subdag_operator.section-2 to None, run_after=None
[2024-11-06T18:10:26.144+0300] {processor.py:208} INFO - Processing /home/airflow/.local/lib/python3.12/site-packages/airflow/example_dags/example_subdag_operator.py took 0.103 seconds
[2024-11-06T18:10:56.449+0300] {processor.py:186} INFO - Started process (PID=2335) to work on /home/airflow/.local/lib/python3.12/site-packages/airflow/example_dags/example_subdag_operator.py
[2024-11-06T18:10:56.450+0300] {processor.py:914} INFO - Processing file /home/airflow/.local/lib/python3.12/site-packages/airflow/example_dags/example_subdag_operator.py for tasks to queue
[2024-11-06T18:10:56.452+0300] {logging_mixin.py:190} INFO - [2024-11-06T18:10:56.452+0300] {dagbag.py:588} INFO - Filling up the DagBag from /home/airflow/.local/lib/python3.12/site-packages/airflow/example_dags/example_subdag_operator.py
[2024-11-06T18:10:56.475+0300] {processor.py:925} INFO - DAG(s) 'example_subdag_operator.section-1', 'example_subdag_operator.section-2', 'example_subdag_operator' retrieved from /home/airflow/.local/lib/python3.12/site-packages/airflow/example_dags/example_subdag_operator.py
[2024-11-06T18:10:56.487+0300] {logging_mixin.py:190} INFO - [2024-11-06T18:10:56.487+0300] {dag.py:3239} INFO - Sync 3 DAGs
[2024-11-06T18:10:56.506+0300] {logging_mixin.py:190} INFO - [2024-11-06T18:10:56.505+0300] {dag.py:4180} INFO - Setting next_dagrun for example_subdag_operator to 2022-01-01 00:00:00+00:00, run_after=2022-01-01 00:00:00+00:00
[2024-11-06T18:10:56.509+0300] {logging_mixin.py:190} INFO - [2024-11-06T18:10:56.509+0300] {dag.py:4180} INFO - Setting next_dagrun for example_subdag_operator.section-1 to None, run_after=None
[2024-11-06T18:10:56.511+0300] {logging_mixin.py:190} INFO - [2024-11-06T18:10:56.511+0300] {dag.py:4180} INFO - Setting next_dagrun for example_subdag_operator.section-2 to None, run_after=None
[2024-11-06T18:10:56.517+0300] {logging_mixin.py:190} INFO - [2024-11-06T18:10:56.517+0300] {dag.py:3239} INFO - Sync 2 DAGs
[2024-11-06T18:10:56.521+0300] {logging_mixin.py:190} INFO - [2024-11-06T18:10:56.521+0300] {dag.py:4180} INFO - Setting next_dagrun for example_subdag_operator.section-1 to None, run_after=None
[2024-11-06T18:10:56.522+0300] {logging_mixin.py:190} INFO - [2024-11-06T18:10:56.522+0300] {dag.py:4180} INFO - Setting next_dagrun for example_subdag_operator.section-2 to None, run_after=None
[2024-11-06T18:10:56.543+0300] {processor.py:208} INFO - Processing /home/airflow/.local/lib/python3.12/site-packages/airflow/example_dags/example_subdag_operator.py took 0.100 seconds
[2024-11-06T18:11:27.970+0300] {processor.py:186} INFO - Started process (PID=2404) to work on /home/airflow/.local/lib/python3.12/site-packages/airflow/example_dags/example_subdag_operator.py
[2024-11-06T18:11:27.971+0300] {processor.py:914} INFO - Processing file /home/airflow/.local/lib/python3.12/site-packages/airflow/example_dags/example_subdag_operator.py for tasks to queue
[2024-11-06T18:11:27.974+0300] {logging_mixin.py:190} INFO - [2024-11-06T18:11:27.973+0300] {dagbag.py:588} INFO - Filling up the DagBag from /home/airflow/.local/lib/python3.12/site-packages/airflow/example_dags/example_subdag_operator.py
[2024-11-06T18:11:27.998+0300] {processor.py:925} INFO - DAG(s) 'example_subdag_operator.section-1', 'example_subdag_operator.section-2', 'example_subdag_operator' retrieved from /home/airflow/.local/lib/python3.12/site-packages/airflow/example_dags/example_subdag_operator.py
[2024-11-06T18:11:28.015+0300] {logging_mixin.py:190} INFO - [2024-11-06T18:11:28.015+0300] {dag.py:3239} INFO - Sync 3 DAGs
[2024-11-06T18:11:28.039+0300] {logging_mixin.py:190} INFO - [2024-11-06T18:11:28.038+0300] {dag.py:4180} INFO - Setting next_dagrun for example_subdag_operator to 2022-01-01 00:00:00+00:00, run_after=2022-01-01 00:00:00+00:00
[2024-11-06T18:11:28.044+0300] {logging_mixin.py:190} INFO - [2024-11-06T18:11:28.043+0300] {dag.py:4180} INFO - Setting next_dagrun for example_subdag_operator.section-1 to None, run_after=None
[2024-11-06T18:11:28.046+0300] {logging_mixin.py:190} INFO - [2024-11-06T18:11:28.045+0300] {dag.py:4180} INFO - Setting next_dagrun for example_subdag_operator.section-2 to None, run_after=None
[2024-11-06T18:11:28.053+0300] {logging_mixin.py:190} INFO - [2024-11-06T18:11:28.053+0300] {dag.py:3239} INFO - Sync 2 DAGs
[2024-11-06T18:11:28.059+0300] {logging_mixin.py:190} INFO - [2024-11-06T18:11:28.059+0300] {dag.py:4180} INFO - Setting next_dagrun for example_subdag_operator.section-1 to None, run_after=None
[2024-11-06T18:11:28.060+0300] {logging_mixin.py:190} INFO - [2024-11-06T18:11:28.060+0300] {dag.py:4180} INFO - Setting next_dagrun for example_subdag_operator.section-2 to None, run_after=None
[2024-11-06T18:11:28.073+0300] {processor.py:208} INFO - Processing /home/airflow/.local/lib/python3.12/site-packages/airflow/example_dags/example_subdag_operator.py took 0.108 seconds
