[2024-11-06T17:54:34.643+0300] {processor.py:186} INFO - Started process (PID=127) to work on /home/airflow/.local/lib/python3.12/site-packages/airflow/example_dags/example_python_operator.py
[2024-11-06T17:54:34.644+0300] {processor.py:914} INFO - Processing file /home/airflow/.local/lib/python3.12/site-packages/airflow/example_dags/example_python_operator.py for tasks to queue
[2024-11-06T17:54:34.649+0300] {logging_mixin.py:190} INFO - [2024-11-06T17:54:34.648+0300] {dagbag.py:588} INFO - Filling up the DagBag from /home/airflow/.local/lib/python3.12/site-packages/airflow/example_dags/example_python_operator.py
[2024-11-06T17:54:34.667+0300] {processor.py:925} INFO - DAG(s) 'example_python_operator' retrieved from /home/airflow/.local/lib/python3.12/site-packages/airflow/example_dags/example_python_operator.py
[2024-11-06T17:54:34.840+0300] {logging_mixin.py:190} INFO - [2024-11-06T17:54:34.839+0300] {dag.py:3239} INFO - Sync 1 DAGs
[2024-11-06T17:54:34.850+0300] {logging_mixin.py:190} INFO - [2024-11-06T17:54:34.850+0300] {dag.py:4180} INFO - Setting next_dagrun for example_python_operator to None, run_after=None
[2024-11-06T17:54:34.875+0300] {processor.py:208} INFO - Processing /home/airflow/.local/lib/python3.12/site-packages/airflow/example_dags/example_python_operator.py took 0.238 seconds
[2024-11-06T17:55:04.984+0300] {processor.py:186} INFO - Started process (PID=220) to work on /home/airflow/.local/lib/python3.12/site-packages/airflow/example_dags/example_python_operator.py
[2024-11-06T17:55:04.986+0300] {processor.py:914} INFO - Processing file /home/airflow/.local/lib/python3.12/site-packages/airflow/example_dags/example_python_operator.py for tasks to queue
[2024-11-06T17:55:04.988+0300] {logging_mixin.py:190} INFO - [2024-11-06T17:55:04.988+0300] {dagbag.py:588} INFO - Filling up the DagBag from /home/airflow/.local/lib/python3.12/site-packages/airflow/example_dags/example_python_operator.py
[2024-11-06T17:55:05.000+0300] {processor.py:925} INFO - DAG(s) 'example_python_operator' retrieved from /home/airflow/.local/lib/python3.12/site-packages/airflow/example_dags/example_python_operator.py
[2024-11-06T17:55:05.022+0300] {logging_mixin.py:190} INFO - [2024-11-06T17:55:05.022+0300] {dag.py:3239} INFO - Sync 1 DAGs
[2024-11-06T17:55:05.036+0300] {logging_mixin.py:190} INFO - [2024-11-06T17:55:05.035+0300] {dag.py:4180} INFO - Setting next_dagrun for example_python_operator to None, run_after=None
[2024-11-06T17:55:05.056+0300] {processor.py:208} INFO - Processing /home/airflow/.local/lib/python3.12/site-packages/airflow/example_dags/example_python_operator.py took 0.077 seconds
[2024-11-06T17:55:35.671+0300] {processor.py:186} INFO - Started process (PID=290) to work on /home/airflow/.local/lib/python3.12/site-packages/airflow/example_dags/example_python_operator.py
[2024-11-06T17:55:35.672+0300] {processor.py:914} INFO - Processing file /home/airflow/.local/lib/python3.12/site-packages/airflow/example_dags/example_python_operator.py for tasks to queue
[2024-11-06T17:55:35.675+0300] {logging_mixin.py:190} INFO - [2024-11-06T17:55:35.675+0300] {dagbag.py:588} INFO - Filling up the DagBag from /home/airflow/.local/lib/python3.12/site-packages/airflow/example_dags/example_python_operator.py
[2024-11-06T17:55:35.688+0300] {processor.py:925} INFO - DAG(s) 'example_python_operator' retrieved from /home/airflow/.local/lib/python3.12/site-packages/airflow/example_dags/example_python_operator.py
[2024-11-06T17:55:35.710+0300] {logging_mixin.py:190} INFO - [2024-11-06T17:55:35.710+0300] {dag.py:3239} INFO - Sync 1 DAGs
[2024-11-06T17:55:35.727+0300] {logging_mixin.py:190} INFO - [2024-11-06T17:55:35.727+0300] {dag.py:4180} INFO - Setting next_dagrun for example_python_operator to None, run_after=None
[2024-11-06T17:55:35.749+0300] {processor.py:208} INFO - Processing /home/airflow/.local/lib/python3.12/site-packages/airflow/example_dags/example_python_operator.py took 0.084 seconds
[2024-11-06T17:56:05.923+0300] {processor.py:186} INFO - Started process (PID=358) to work on /home/airflow/.local/lib/python3.12/site-packages/airflow/example_dags/example_python_operator.py
[2024-11-06T17:56:05.924+0300] {processor.py:914} INFO - Processing file /home/airflow/.local/lib/python3.12/site-packages/airflow/example_dags/example_python_operator.py for tasks to queue
[2024-11-06T17:56:05.926+0300] {logging_mixin.py:190} INFO - [2024-11-06T17:56:05.926+0300] {dagbag.py:588} INFO - Filling up the DagBag from /home/airflow/.local/lib/python3.12/site-packages/airflow/example_dags/example_python_operator.py
[2024-11-06T17:56:05.940+0300] {processor.py:925} INFO - DAG(s) 'example_python_operator' retrieved from /home/airflow/.local/lib/python3.12/site-packages/airflow/example_dags/example_python_operator.py
[2024-11-06T17:56:05.967+0300] {logging_mixin.py:190} INFO - [2024-11-06T17:56:05.967+0300] {dag.py:3239} INFO - Sync 1 DAGs
[2024-11-06T17:56:05.981+0300] {logging_mixin.py:190} INFO - [2024-11-06T17:56:05.981+0300] {dag.py:4180} INFO - Setting next_dagrun for example_python_operator to None, run_after=None
[2024-11-06T17:56:06.002+0300] {processor.py:208} INFO - Processing /home/airflow/.local/lib/python3.12/site-packages/airflow/example_dags/example_python_operator.py took 0.084 seconds
[2024-11-06T17:56:36.589+0300] {processor.py:186} INFO - Started process (PID=428) to work on /home/airflow/.local/lib/python3.12/site-packages/airflow/example_dags/example_python_operator.py
[2024-11-06T17:56:36.590+0300] {processor.py:914} INFO - Processing file /home/airflow/.local/lib/python3.12/site-packages/airflow/example_dags/example_python_operator.py for tasks to queue
[2024-11-06T17:56:36.593+0300] {logging_mixin.py:190} INFO - [2024-11-06T17:56:36.592+0300] {dagbag.py:588} INFO - Filling up the DagBag from /home/airflow/.local/lib/python3.12/site-packages/airflow/example_dags/example_python_operator.py
[2024-11-06T17:56:36.603+0300] {processor.py:925} INFO - DAG(s) 'example_python_operator' retrieved from /home/airflow/.local/lib/python3.12/site-packages/airflow/example_dags/example_python_operator.py
[2024-11-06T17:56:36.627+0300] {logging_mixin.py:190} INFO - [2024-11-06T17:56:36.626+0300] {dag.py:3239} INFO - Sync 1 DAGs
[2024-11-06T17:56:36.642+0300] {logging_mixin.py:190} INFO - [2024-11-06T17:56:36.642+0300] {dag.py:4180} INFO - Setting next_dagrun for example_python_operator to None, run_after=None
[2024-11-06T17:56:36.661+0300] {processor.py:208} INFO - Processing /home/airflow/.local/lib/python3.12/site-packages/airflow/example_dags/example_python_operator.py took 0.078 seconds
[2024-11-06T17:57:07.564+0300] {processor.py:186} INFO - Started process (PID=497) to work on /home/airflow/.local/lib/python3.12/site-packages/airflow/example_dags/example_python_operator.py
[2024-11-06T17:57:07.566+0300] {processor.py:914} INFO - Processing file /home/airflow/.local/lib/python3.12/site-packages/airflow/example_dags/example_python_operator.py for tasks to queue
[2024-11-06T17:57:07.568+0300] {logging_mixin.py:190} INFO - [2024-11-06T17:57:07.568+0300] {dagbag.py:588} INFO - Filling up the DagBag from /home/airflow/.local/lib/python3.12/site-packages/airflow/example_dags/example_python_operator.py
[2024-11-06T17:57:07.581+0300] {processor.py:925} INFO - DAG(s) 'example_python_operator' retrieved from /home/airflow/.local/lib/python3.12/site-packages/airflow/example_dags/example_python_operator.py
[2024-11-06T17:57:07.606+0300] {logging_mixin.py:190} INFO - [2024-11-06T17:57:07.605+0300] {dag.py:3239} INFO - Sync 1 DAGs
[2024-11-06T17:57:07.620+0300] {logging_mixin.py:190} INFO - [2024-11-06T17:57:07.619+0300] {dag.py:4180} INFO - Setting next_dagrun for example_python_operator to None, run_after=None
[2024-11-06T17:57:07.639+0300] {processor.py:208} INFO - Processing /home/airflow/.local/lib/python3.12/site-packages/airflow/example_dags/example_python_operator.py took 0.080 seconds
[2024-11-06T17:57:38.119+0300] {processor.py:186} INFO - Started process (PID=567) to work on /home/airflow/.local/lib/python3.12/site-packages/airflow/example_dags/example_python_operator.py
[2024-11-06T17:57:38.120+0300] {processor.py:914} INFO - Processing file /home/airflow/.local/lib/python3.12/site-packages/airflow/example_dags/example_python_operator.py for tasks to queue
[2024-11-06T17:57:38.122+0300] {logging_mixin.py:190} INFO - [2024-11-06T17:57:38.122+0300] {dagbag.py:588} INFO - Filling up the DagBag from /home/airflow/.local/lib/python3.12/site-packages/airflow/example_dags/example_python_operator.py
[2024-11-06T17:57:38.135+0300] {processor.py:925} INFO - DAG(s) 'example_python_operator' retrieved from /home/airflow/.local/lib/python3.12/site-packages/airflow/example_dags/example_python_operator.py
[2024-11-06T17:57:38.155+0300] {logging_mixin.py:190} INFO - [2024-11-06T17:57:38.155+0300] {dag.py:3239} INFO - Sync 1 DAGs
[2024-11-06T17:57:38.168+0300] {logging_mixin.py:190} INFO - [2024-11-06T17:57:38.168+0300] {dag.py:4180} INFO - Setting next_dagrun for example_python_operator to None, run_after=None
[2024-11-06T17:57:38.187+0300] {processor.py:208} INFO - Processing /home/airflow/.local/lib/python3.12/site-packages/airflow/example_dags/example_python_operator.py took 0.073 seconds
[2024-11-06T17:58:08.499+0300] {processor.py:186} INFO - Started process (PID=636) to work on /home/airflow/.local/lib/python3.12/site-packages/airflow/example_dags/example_python_operator.py
[2024-11-06T17:58:08.500+0300] {processor.py:914} INFO - Processing file /home/airflow/.local/lib/python3.12/site-packages/airflow/example_dags/example_python_operator.py for tasks to queue
[2024-11-06T17:58:08.503+0300] {logging_mixin.py:190} INFO - [2024-11-06T17:58:08.503+0300] {dagbag.py:588} INFO - Filling up the DagBag from /home/airflow/.local/lib/python3.12/site-packages/airflow/example_dags/example_python_operator.py
[2024-11-06T17:58:08.516+0300] {processor.py:925} INFO - DAG(s) 'example_python_operator' retrieved from /home/airflow/.local/lib/python3.12/site-packages/airflow/example_dags/example_python_operator.py
[2024-11-06T17:58:08.544+0300] {logging_mixin.py:190} INFO - [2024-11-06T17:58:08.544+0300] {dag.py:3239} INFO - Sync 1 DAGs
[2024-11-06T17:58:08.563+0300] {logging_mixin.py:190} INFO - [2024-11-06T17:58:08.563+0300] {dag.py:4180} INFO - Setting next_dagrun for example_python_operator to None, run_after=None
[2024-11-06T17:58:08.589+0300] {processor.py:208} INFO - Processing /home/airflow/.local/lib/python3.12/site-packages/airflow/example_dags/example_python_operator.py took 0.096 seconds
[2024-11-06T17:58:39.219+0300] {processor.py:186} INFO - Started process (PID=705) to work on /home/airflow/.local/lib/python3.12/site-packages/airflow/example_dags/example_python_operator.py
[2024-11-06T17:58:39.220+0300] {processor.py:914} INFO - Processing file /home/airflow/.local/lib/python3.12/site-packages/airflow/example_dags/example_python_operator.py for tasks to queue
[2024-11-06T17:58:39.222+0300] {logging_mixin.py:190} INFO - [2024-11-06T17:58:39.222+0300] {dagbag.py:588} INFO - Filling up the DagBag from /home/airflow/.local/lib/python3.12/site-packages/airflow/example_dags/example_python_operator.py
[2024-11-06T17:58:39.236+0300] {processor.py:925} INFO - DAG(s) 'example_python_operator' retrieved from /home/airflow/.local/lib/python3.12/site-packages/airflow/example_dags/example_python_operator.py
[2024-11-06T17:58:39.261+0300] {logging_mixin.py:190} INFO - [2024-11-06T17:58:39.260+0300] {dag.py:3239} INFO - Sync 1 DAGs
[2024-11-06T17:58:39.277+0300] {logging_mixin.py:190} INFO - [2024-11-06T17:58:39.277+0300] {dag.py:4180} INFO - Setting next_dagrun for example_python_operator to None, run_after=None
[2024-11-06T17:58:39.303+0300] {processor.py:208} INFO - Processing /home/airflow/.local/lib/python3.12/site-packages/airflow/example_dags/example_python_operator.py took 0.093 seconds
[2024-11-06T17:59:09.871+0300] {processor.py:186} INFO - Started process (PID=774) to work on /home/airflow/.local/lib/python3.12/site-packages/airflow/example_dags/example_python_operator.py
[2024-11-06T17:59:09.872+0300] {processor.py:914} INFO - Processing file /home/airflow/.local/lib/python3.12/site-packages/airflow/example_dags/example_python_operator.py for tasks to queue
[2024-11-06T17:59:09.874+0300] {logging_mixin.py:190} INFO - [2024-11-06T17:59:09.874+0300] {dagbag.py:588} INFO - Filling up the DagBag from /home/airflow/.local/lib/python3.12/site-packages/airflow/example_dags/example_python_operator.py
[2024-11-06T17:59:09.889+0300] {processor.py:925} INFO - DAG(s) 'example_python_operator' retrieved from /home/airflow/.local/lib/python3.12/site-packages/airflow/example_dags/example_python_operator.py
[2024-11-06T17:59:09.914+0300] {logging_mixin.py:190} INFO - [2024-11-06T17:59:09.913+0300] {dag.py:3239} INFO - Sync 1 DAGs
[2024-11-06T17:59:09.928+0300] {logging_mixin.py:190} INFO - [2024-11-06T17:59:09.927+0300] {dag.py:4180} INFO - Setting next_dagrun for example_python_operator to None, run_after=None
[2024-11-06T17:59:09.949+0300] {processor.py:208} INFO - Processing /home/airflow/.local/lib/python3.12/site-packages/airflow/example_dags/example_python_operator.py took 0.083 seconds
[2024-11-06T17:59:40.467+0300] {processor.py:186} INFO - Started process (PID=843) to work on /home/airflow/.local/lib/python3.12/site-packages/airflow/example_dags/example_python_operator.py
[2024-11-06T17:59:40.468+0300] {processor.py:914} INFO - Processing file /home/airflow/.local/lib/python3.12/site-packages/airflow/example_dags/example_python_operator.py for tasks to queue
[2024-11-06T17:59:40.471+0300] {logging_mixin.py:190} INFO - [2024-11-06T17:59:40.471+0300] {dagbag.py:588} INFO - Filling up the DagBag from /home/airflow/.local/lib/python3.12/site-packages/airflow/example_dags/example_python_operator.py
[2024-11-06T17:59:40.484+0300] {processor.py:925} INFO - DAG(s) 'example_python_operator' retrieved from /home/airflow/.local/lib/python3.12/site-packages/airflow/example_dags/example_python_operator.py
[2024-11-06T17:59:40.511+0300] {logging_mixin.py:190} INFO - [2024-11-06T17:59:40.511+0300] {dag.py:3239} INFO - Sync 1 DAGs
[2024-11-06T17:59:40.526+0300] {logging_mixin.py:190} INFO - [2024-11-06T17:59:40.526+0300] {dag.py:4180} INFO - Setting next_dagrun for example_python_operator to None, run_after=None
[2024-11-06T17:59:40.552+0300] {processor.py:208} INFO - Processing /home/airflow/.local/lib/python3.12/site-packages/airflow/example_dags/example_python_operator.py took 0.092 seconds
[2024-11-06T18:00:10.933+0300] {processor.py:186} INFO - Started process (PID=912) to work on /home/airflow/.local/lib/python3.12/site-packages/airflow/example_dags/example_python_operator.py
[2024-11-06T18:00:10.935+0300] {processor.py:914} INFO - Processing file /home/airflow/.local/lib/python3.12/site-packages/airflow/example_dags/example_python_operator.py for tasks to queue
[2024-11-06T18:00:10.939+0300] {logging_mixin.py:190} INFO - [2024-11-06T18:00:10.939+0300] {dagbag.py:588} INFO - Filling up the DagBag from /home/airflow/.local/lib/python3.12/site-packages/airflow/example_dags/example_python_operator.py
[2024-11-06T18:00:10.954+0300] {processor.py:925} INFO - DAG(s) 'example_python_operator' retrieved from /home/airflow/.local/lib/python3.12/site-packages/airflow/example_dags/example_python_operator.py
[2024-11-06T18:00:10.981+0300] {logging_mixin.py:190} INFO - [2024-11-06T18:00:10.981+0300] {dag.py:3239} INFO - Sync 1 DAGs
[2024-11-06T18:00:10.998+0300] {logging_mixin.py:190} INFO - [2024-11-06T18:00:10.998+0300] {dag.py:4180} INFO - Setting next_dagrun for example_python_operator to None, run_after=None
[2024-11-06T18:00:11.031+0300] {processor.py:208} INFO - Processing /home/airflow/.local/lib/python3.12/site-packages/airflow/example_dags/example_python_operator.py took 0.109 seconds
[2024-11-06T18:00:41.594+0300] {processor.py:186} INFO - Started process (PID=981) to work on /home/airflow/.local/lib/python3.12/site-packages/airflow/example_dags/example_python_operator.py
[2024-11-06T18:00:41.596+0300] {processor.py:914} INFO - Processing file /home/airflow/.local/lib/python3.12/site-packages/airflow/example_dags/example_python_operator.py for tasks to queue
[2024-11-06T18:00:41.599+0300] {logging_mixin.py:190} INFO - [2024-11-06T18:00:41.598+0300] {dagbag.py:588} INFO - Filling up the DagBag from /home/airflow/.local/lib/python3.12/site-packages/airflow/example_dags/example_python_operator.py
[2024-11-06T18:00:41.611+0300] {processor.py:925} INFO - DAG(s) 'example_python_operator' retrieved from /home/airflow/.local/lib/python3.12/site-packages/airflow/example_dags/example_python_operator.py
[2024-11-06T18:00:41.630+0300] {logging_mixin.py:190} INFO - [2024-11-06T18:00:41.630+0300] {dag.py:3239} INFO - Sync 1 DAGs
[2024-11-06T18:00:41.642+0300] {logging_mixin.py:190} INFO - [2024-11-06T18:00:41.642+0300] {dag.py:4180} INFO - Setting next_dagrun for example_python_operator to None, run_after=None
[2024-11-06T18:00:41.663+0300] {processor.py:208} INFO - Processing /home/airflow/.local/lib/python3.12/site-packages/airflow/example_dags/example_python_operator.py took 0.074 seconds
[2024-11-06T18:01:12.269+0300] {processor.py:186} INFO - Started process (PID=1050) to work on /home/airflow/.local/lib/python3.12/site-packages/airflow/example_dags/example_python_operator.py
[2024-11-06T18:01:12.270+0300] {processor.py:914} INFO - Processing file /home/airflow/.local/lib/python3.12/site-packages/airflow/example_dags/example_python_operator.py for tasks to queue
[2024-11-06T18:01:12.273+0300] {logging_mixin.py:190} INFO - [2024-11-06T18:01:12.272+0300] {dagbag.py:588} INFO - Filling up the DagBag from /home/airflow/.local/lib/python3.12/site-packages/airflow/example_dags/example_python_operator.py
[2024-11-06T18:01:12.285+0300] {processor.py:925} INFO - DAG(s) 'example_python_operator' retrieved from /home/airflow/.local/lib/python3.12/site-packages/airflow/example_dags/example_python_operator.py
[2024-11-06T18:01:12.306+0300] {logging_mixin.py:190} INFO - [2024-11-06T18:01:12.306+0300] {dag.py:3239} INFO - Sync 1 DAGs
[2024-11-06T18:01:12.319+0300] {logging_mixin.py:190} INFO - [2024-11-06T18:01:12.319+0300] {dag.py:4180} INFO - Setting next_dagrun for example_python_operator to None, run_after=None
[2024-11-06T18:01:12.338+0300] {processor.py:208} INFO - Processing /home/airflow/.local/lib/python3.12/site-packages/airflow/example_dags/example_python_operator.py took 0.076 seconds
[2024-11-06T18:01:42.499+0300] {processor.py:186} INFO - Started process (PID=1119) to work on /home/airflow/.local/lib/python3.12/site-packages/airflow/example_dags/example_python_operator.py
[2024-11-06T18:01:42.500+0300] {processor.py:914} INFO - Processing file /home/airflow/.local/lib/python3.12/site-packages/airflow/example_dags/example_python_operator.py for tasks to queue
[2024-11-06T18:01:42.503+0300] {logging_mixin.py:190} INFO - [2024-11-06T18:01:42.503+0300] {dagbag.py:588} INFO - Filling up the DagBag from /home/airflow/.local/lib/python3.12/site-packages/airflow/example_dags/example_python_operator.py
[2024-11-06T18:01:42.513+0300] {processor.py:925} INFO - DAG(s) 'example_python_operator' retrieved from /home/airflow/.local/lib/python3.12/site-packages/airflow/example_dags/example_python_operator.py
[2024-11-06T18:01:42.532+0300] {logging_mixin.py:190} INFO - [2024-11-06T18:01:42.531+0300] {dag.py:3239} INFO - Sync 1 DAGs
[2024-11-06T18:01:42.545+0300] {logging_mixin.py:190} INFO - [2024-11-06T18:01:42.544+0300] {dag.py:4180} INFO - Setting next_dagrun for example_python_operator to None, run_after=None
[2024-11-06T18:01:42.560+0300] {processor.py:208} INFO - Processing /home/airflow/.local/lib/python3.12/site-packages/airflow/example_dags/example_python_operator.py took 0.066 seconds
[2024-11-06T18:02:13.699+0300] {processor.py:186} INFO - Started process (PID=1188) to work on /home/airflow/.local/lib/python3.12/site-packages/airflow/example_dags/example_python_operator.py
[2024-11-06T18:02:13.700+0300] {processor.py:914} INFO - Processing file /home/airflow/.local/lib/python3.12/site-packages/airflow/example_dags/example_python_operator.py for tasks to queue
[2024-11-06T18:02:13.702+0300] {logging_mixin.py:190} INFO - [2024-11-06T18:02:13.702+0300] {dagbag.py:588} INFO - Filling up the DagBag from /home/airflow/.local/lib/python3.12/site-packages/airflow/example_dags/example_python_operator.py
[2024-11-06T18:02:13.713+0300] {processor.py:925} INFO - DAG(s) 'example_python_operator' retrieved from /home/airflow/.local/lib/python3.12/site-packages/airflow/example_dags/example_python_operator.py
[2024-11-06T18:02:13.736+0300] {logging_mixin.py:190} INFO - [2024-11-06T18:02:13.735+0300] {dag.py:3239} INFO - Sync 1 DAGs
[2024-11-06T18:02:13.747+0300] {logging_mixin.py:190} INFO - [2024-11-06T18:02:13.747+0300] {dag.py:4180} INFO - Setting next_dagrun for example_python_operator to None, run_after=None
[2024-11-06T18:02:13.767+0300] {processor.py:208} INFO - Processing /home/airflow/.local/lib/python3.12/site-packages/airflow/example_dags/example_python_operator.py took 0.072 seconds
[2024-11-06T18:02:44.513+0300] {processor.py:186} INFO - Started process (PID=1257) to work on /home/airflow/.local/lib/python3.12/site-packages/airflow/example_dags/example_python_operator.py
[2024-11-06T18:02:44.515+0300] {processor.py:914} INFO - Processing file /home/airflow/.local/lib/python3.12/site-packages/airflow/example_dags/example_python_operator.py for tasks to queue
[2024-11-06T18:02:44.518+0300] {logging_mixin.py:190} INFO - [2024-11-06T18:02:44.518+0300] {dagbag.py:588} INFO - Filling up the DagBag from /home/airflow/.local/lib/python3.12/site-packages/airflow/example_dags/example_python_operator.py
[2024-11-06T18:02:44.530+0300] {processor.py:925} INFO - DAG(s) 'example_python_operator' retrieved from /home/airflow/.local/lib/python3.12/site-packages/airflow/example_dags/example_python_operator.py
[2024-11-06T18:02:44.551+0300] {logging_mixin.py:190} INFO - [2024-11-06T18:02:44.550+0300] {dag.py:3239} INFO - Sync 1 DAGs
[2024-11-06T18:02:44.565+0300] {logging_mixin.py:190} INFO - [2024-11-06T18:02:44.565+0300] {dag.py:4180} INFO - Setting next_dagrun for example_python_operator to None, run_after=None
[2024-11-06T18:02:44.585+0300] {processor.py:208} INFO - Processing /home/airflow/.local/lib/python3.12/site-packages/airflow/example_dags/example_python_operator.py took 0.077 seconds
[2024-11-06T18:03:15.162+0300] {processor.py:186} INFO - Started process (PID=1326) to work on /home/airflow/.local/lib/python3.12/site-packages/airflow/example_dags/example_python_operator.py
[2024-11-06T18:03:15.163+0300] {processor.py:914} INFO - Processing file /home/airflow/.local/lib/python3.12/site-packages/airflow/example_dags/example_python_operator.py for tasks to queue
[2024-11-06T18:03:15.166+0300] {logging_mixin.py:190} INFO - [2024-11-06T18:03:15.166+0300] {dagbag.py:588} INFO - Filling up the DagBag from /home/airflow/.local/lib/python3.12/site-packages/airflow/example_dags/example_python_operator.py
[2024-11-06T18:03:15.179+0300] {processor.py:925} INFO - DAG(s) 'example_python_operator' retrieved from /home/airflow/.local/lib/python3.12/site-packages/airflow/example_dags/example_python_operator.py
[2024-11-06T18:03:15.197+0300] {logging_mixin.py:190} INFO - [2024-11-06T18:03:15.197+0300] {dag.py:3239} INFO - Sync 1 DAGs
[2024-11-06T18:03:15.215+0300] {logging_mixin.py:190} INFO - [2024-11-06T18:03:15.215+0300] {dag.py:4180} INFO - Setting next_dagrun for example_python_operator to None, run_after=None
[2024-11-06T18:03:15.234+0300] {processor.py:208} INFO - Processing /home/airflow/.local/lib/python3.12/site-packages/airflow/example_dags/example_python_operator.py took 0.078 seconds
[2024-11-06T18:03:45.630+0300] {processor.py:186} INFO - Started process (PID=1394) to work on /home/airflow/.local/lib/python3.12/site-packages/airflow/example_dags/example_python_operator.py
[2024-11-06T18:03:45.631+0300] {processor.py:914} INFO - Processing file /home/airflow/.local/lib/python3.12/site-packages/airflow/example_dags/example_python_operator.py for tasks to queue
[2024-11-06T18:03:45.633+0300] {logging_mixin.py:190} INFO - [2024-11-06T18:03:45.633+0300] {dagbag.py:588} INFO - Filling up the DagBag from /home/airflow/.local/lib/python3.12/site-packages/airflow/example_dags/example_python_operator.py
[2024-11-06T18:03:45.645+0300] {processor.py:925} INFO - DAG(s) 'example_python_operator' retrieved from /home/airflow/.local/lib/python3.12/site-packages/airflow/example_dags/example_python_operator.py
[2024-11-06T18:03:45.669+0300] {logging_mixin.py:190} INFO - [2024-11-06T18:03:45.669+0300] {dag.py:3239} INFO - Sync 1 DAGs
[2024-11-06T18:03:45.682+0300] {logging_mixin.py:190} INFO - [2024-11-06T18:03:45.681+0300] {dag.py:4180} INFO - Setting next_dagrun for example_python_operator to None, run_after=None
[2024-11-06T18:03:45.704+0300] {processor.py:208} INFO - Processing /home/airflow/.local/lib/python3.12/site-packages/airflow/example_dags/example_python_operator.py took 0.079 seconds
[2024-11-06T18:04:16.317+0300] {processor.py:186} INFO - Started process (PID=1462) to work on /home/airflow/.local/lib/python3.12/site-packages/airflow/example_dags/example_python_operator.py
[2024-11-06T18:04:16.319+0300] {processor.py:914} INFO - Processing file /home/airflow/.local/lib/python3.12/site-packages/airflow/example_dags/example_python_operator.py for tasks to queue
[2024-11-06T18:04:16.321+0300] {logging_mixin.py:190} INFO - [2024-11-06T18:04:16.321+0300] {dagbag.py:588} INFO - Filling up the DagBag from /home/airflow/.local/lib/python3.12/site-packages/airflow/example_dags/example_python_operator.py
[2024-11-06T18:04:16.333+0300] {processor.py:925} INFO - DAG(s) 'example_python_operator' retrieved from /home/airflow/.local/lib/python3.12/site-packages/airflow/example_dags/example_python_operator.py
[2024-11-06T18:04:16.359+0300] {logging_mixin.py:190} INFO - [2024-11-06T18:04:16.358+0300] {dag.py:3239} INFO - Sync 1 DAGs
[2024-11-06T18:04:16.374+0300] {logging_mixin.py:190} INFO - [2024-11-06T18:04:16.374+0300] {dag.py:4180} INFO - Setting next_dagrun for example_python_operator to None, run_after=None
[2024-11-06T18:04:16.402+0300] {processor.py:208} INFO - Processing /home/airflow/.local/lib/python3.12/site-packages/airflow/example_dags/example_python_operator.py took 0.091 seconds
[2024-11-06T18:04:47.400+0300] {processor.py:186} INFO - Started process (PID=1531) to work on /home/airflow/.local/lib/python3.12/site-packages/airflow/example_dags/example_python_operator.py
[2024-11-06T18:04:47.402+0300] {processor.py:914} INFO - Processing file /home/airflow/.local/lib/python3.12/site-packages/airflow/example_dags/example_python_operator.py for tasks to queue
[2024-11-06T18:04:47.404+0300] {logging_mixin.py:190} INFO - [2024-11-06T18:04:47.403+0300] {dagbag.py:588} INFO - Filling up the DagBag from /home/airflow/.local/lib/python3.12/site-packages/airflow/example_dags/example_python_operator.py
[2024-11-06T18:04:47.415+0300] {processor.py:925} INFO - DAG(s) 'example_python_operator' retrieved from /home/airflow/.local/lib/python3.12/site-packages/airflow/example_dags/example_python_operator.py
[2024-11-06T18:04:47.436+0300] {logging_mixin.py:190} INFO - [2024-11-06T18:04:47.436+0300] {dag.py:3239} INFO - Sync 1 DAGs
[2024-11-06T18:04:47.451+0300] {logging_mixin.py:190} INFO - [2024-11-06T18:04:47.451+0300] {dag.py:4180} INFO - Setting next_dagrun for example_python_operator to None, run_after=None
[2024-11-06T18:04:47.480+0300] {processor.py:208} INFO - Processing /home/airflow/.local/lib/python3.12/site-packages/airflow/example_dags/example_python_operator.py took 0.085 seconds
[2024-11-06T18:05:18.081+0300] {processor.py:186} INFO - Started process (PID=1600) to work on /home/airflow/.local/lib/python3.12/site-packages/airflow/example_dags/example_python_operator.py
[2024-11-06T18:05:18.082+0300] {processor.py:914} INFO - Processing file /home/airflow/.local/lib/python3.12/site-packages/airflow/example_dags/example_python_operator.py for tasks to queue
[2024-11-06T18:05:18.085+0300] {logging_mixin.py:190} INFO - [2024-11-06T18:05:18.084+0300] {dagbag.py:588} INFO - Filling up the DagBag from /home/airflow/.local/lib/python3.12/site-packages/airflow/example_dags/example_python_operator.py
[2024-11-06T18:05:18.094+0300] {processor.py:925} INFO - DAG(s) 'example_python_operator' retrieved from /home/airflow/.local/lib/python3.12/site-packages/airflow/example_dags/example_python_operator.py
[2024-11-06T18:05:18.115+0300] {logging_mixin.py:190} INFO - [2024-11-06T18:05:18.115+0300] {dag.py:3239} INFO - Sync 1 DAGs
[2024-11-06T18:05:18.129+0300] {logging_mixin.py:190} INFO - [2024-11-06T18:05:18.129+0300] {dag.py:4180} INFO - Setting next_dagrun for example_python_operator to None, run_after=None
[2024-11-06T18:05:18.160+0300] {processor.py:208} INFO - Processing /home/airflow/.local/lib/python3.12/site-packages/airflow/example_dags/example_python_operator.py took 0.084 seconds
[2024-11-06T18:05:48.492+0300] {processor.py:186} INFO - Started process (PID=1669) to work on /home/airflow/.local/lib/python3.12/site-packages/airflow/example_dags/example_python_operator.py
[2024-11-06T18:05:48.493+0300] {processor.py:914} INFO - Processing file /home/airflow/.local/lib/python3.12/site-packages/airflow/example_dags/example_python_operator.py for tasks to queue
[2024-11-06T18:05:48.496+0300] {logging_mixin.py:190} INFO - [2024-11-06T18:05:48.496+0300] {dagbag.py:588} INFO - Filling up the DagBag from /home/airflow/.local/lib/python3.12/site-packages/airflow/example_dags/example_python_operator.py
[2024-11-06T18:05:48.507+0300] {processor.py:925} INFO - DAG(s) 'example_python_operator' retrieved from /home/airflow/.local/lib/python3.12/site-packages/airflow/example_dags/example_python_operator.py
[2024-11-06T18:05:48.523+0300] {logging_mixin.py:190} INFO - [2024-11-06T18:05:48.523+0300] {dag.py:3239} INFO - Sync 1 DAGs
[2024-11-06T18:05:48.536+0300] {logging_mixin.py:190} INFO - [2024-11-06T18:05:48.535+0300] {dag.py:4180} INFO - Setting next_dagrun for example_python_operator to None, run_after=None
[2024-11-06T18:05:48.556+0300] {processor.py:208} INFO - Processing /home/airflow/.local/lib/python3.12/site-packages/airflow/example_dags/example_python_operator.py took 0.068 seconds
[2024-11-06T18:06:20.047+0300] {processor.py:186} INFO - Started process (PID=1738) to work on /home/airflow/.local/lib/python3.12/site-packages/airflow/example_dags/example_python_operator.py
[2024-11-06T18:06:20.048+0300] {processor.py:914} INFO - Processing file /home/airflow/.local/lib/python3.12/site-packages/airflow/example_dags/example_python_operator.py for tasks to queue
[2024-11-06T18:06:20.050+0300] {logging_mixin.py:190} INFO - [2024-11-06T18:06:20.050+0300] {dagbag.py:588} INFO - Filling up the DagBag from /home/airflow/.local/lib/python3.12/site-packages/airflow/example_dags/example_python_operator.py
[2024-11-06T18:06:20.063+0300] {processor.py:925} INFO - DAG(s) 'example_python_operator' retrieved from /home/airflow/.local/lib/python3.12/site-packages/airflow/example_dags/example_python_operator.py
[2024-11-06T18:06:20.085+0300] {logging_mixin.py:190} INFO - [2024-11-06T18:06:20.085+0300] {dag.py:3239} INFO - Sync 1 DAGs
[2024-11-06T18:06:20.098+0300] {logging_mixin.py:190} INFO - [2024-11-06T18:06:20.098+0300] {dag.py:4180} INFO - Setting next_dagrun for example_python_operator to None, run_after=None
[2024-11-06T18:06:20.118+0300] {processor.py:208} INFO - Processing /home/airflow/.local/lib/python3.12/site-packages/airflow/example_dags/example_python_operator.py took 0.076 seconds
[2024-11-06T18:06:51.119+0300] {processor.py:186} INFO - Started process (PID=1807) to work on /home/airflow/.local/lib/python3.12/site-packages/airflow/example_dags/example_python_operator.py
[2024-11-06T18:06:51.120+0300] {processor.py:914} INFO - Processing file /home/airflow/.local/lib/python3.12/site-packages/airflow/example_dags/example_python_operator.py for tasks to queue
[2024-11-06T18:06:51.123+0300] {logging_mixin.py:190} INFO - [2024-11-06T18:06:51.123+0300] {dagbag.py:588} INFO - Filling up the DagBag from /home/airflow/.local/lib/python3.12/site-packages/airflow/example_dags/example_python_operator.py
[2024-11-06T18:06:51.134+0300] {processor.py:925} INFO - DAG(s) 'example_python_operator' retrieved from /home/airflow/.local/lib/python3.12/site-packages/airflow/example_dags/example_python_operator.py
[2024-11-06T18:06:51.156+0300] {logging_mixin.py:190} INFO - [2024-11-06T18:06:51.155+0300] {dag.py:3239} INFO - Sync 1 DAGs
[2024-11-06T18:06:51.168+0300] {logging_mixin.py:190} INFO - [2024-11-06T18:06:51.167+0300] {dag.py:4180} INFO - Setting next_dagrun for example_python_operator to None, run_after=None
[2024-11-06T18:06:51.188+0300] {processor.py:208} INFO - Processing /home/airflow/.local/lib/python3.12/site-packages/airflow/example_dags/example_python_operator.py took 0.074 seconds
[2024-11-06T18:07:22.263+0300] {processor.py:186} INFO - Started process (PID=1876) to work on /home/airflow/.local/lib/python3.12/site-packages/airflow/example_dags/example_python_operator.py
[2024-11-06T18:07:22.266+0300] {processor.py:914} INFO - Processing file /home/airflow/.local/lib/python3.12/site-packages/airflow/example_dags/example_python_operator.py for tasks to queue
[2024-11-06T18:07:22.270+0300] {logging_mixin.py:190} INFO - [2024-11-06T18:07:22.270+0300] {dagbag.py:588} INFO - Filling up the DagBag from /home/airflow/.local/lib/python3.12/site-packages/airflow/example_dags/example_python_operator.py
[2024-11-06T18:07:22.286+0300] {processor.py:925} INFO - DAG(s) 'example_python_operator' retrieved from /home/airflow/.local/lib/python3.12/site-packages/airflow/example_dags/example_python_operator.py
[2024-11-06T18:07:22.315+0300] {logging_mixin.py:190} INFO - [2024-11-06T18:07:22.314+0300] {dag.py:3239} INFO - Sync 1 DAGs
[2024-11-06T18:07:22.336+0300] {logging_mixin.py:190} INFO - [2024-11-06T18:07:22.336+0300] {dag.py:4180} INFO - Setting next_dagrun for example_python_operator to None, run_after=None
[2024-11-06T18:07:22.381+0300] {processor.py:208} INFO - Processing /home/airflow/.local/lib/python3.12/site-packages/airflow/example_dags/example_python_operator.py took 0.127 seconds
[2024-11-06T18:07:52.963+0300] {processor.py:186} INFO - Started process (PID=1945) to work on /home/airflow/.local/lib/python3.12/site-packages/airflow/example_dags/example_python_operator.py
[2024-11-06T18:07:52.964+0300] {processor.py:914} INFO - Processing file /home/airflow/.local/lib/python3.12/site-packages/airflow/example_dags/example_python_operator.py for tasks to queue
[2024-11-06T18:07:52.967+0300] {logging_mixin.py:190} INFO - [2024-11-06T18:07:52.966+0300] {dagbag.py:588} INFO - Filling up the DagBag from /home/airflow/.local/lib/python3.12/site-packages/airflow/example_dags/example_python_operator.py
[2024-11-06T18:07:52.980+0300] {processor.py:925} INFO - DAG(s) 'example_python_operator' retrieved from /home/airflow/.local/lib/python3.12/site-packages/airflow/example_dags/example_python_operator.py
[2024-11-06T18:07:53.003+0300] {logging_mixin.py:190} INFO - [2024-11-06T18:07:53.002+0300] {dag.py:3239} INFO - Sync 1 DAGs
[2024-11-06T18:07:53.027+0300] {logging_mixin.py:190} INFO - [2024-11-06T18:07:53.027+0300] {dag.py:4180} INFO - Setting next_dagrun for example_python_operator to None, run_after=None
[2024-11-06T18:07:53.056+0300] {processor.py:208} INFO - Processing /home/airflow/.local/lib/python3.12/site-packages/airflow/example_dags/example_python_operator.py took 0.099 seconds
[2024-11-06T18:08:23.636+0300] {processor.py:186} INFO - Started process (PID=2014) to work on /home/airflow/.local/lib/python3.12/site-packages/airflow/example_dags/example_python_operator.py
[2024-11-06T18:08:23.637+0300] {processor.py:914} INFO - Processing file /home/airflow/.local/lib/python3.12/site-packages/airflow/example_dags/example_python_operator.py for tasks to queue
[2024-11-06T18:08:23.640+0300] {logging_mixin.py:190} INFO - [2024-11-06T18:08:23.640+0300] {dagbag.py:588} INFO - Filling up the DagBag from /home/airflow/.local/lib/python3.12/site-packages/airflow/example_dags/example_python_operator.py
[2024-11-06T18:08:23.653+0300] {processor.py:925} INFO - DAG(s) 'example_python_operator' retrieved from /home/airflow/.local/lib/python3.12/site-packages/airflow/example_dags/example_python_operator.py
[2024-11-06T18:08:23.673+0300] {logging_mixin.py:190} INFO - [2024-11-06T18:08:23.673+0300] {dag.py:3239} INFO - Sync 1 DAGs
[2024-11-06T18:08:23.686+0300] {logging_mixin.py:190} INFO - [2024-11-06T18:08:23.686+0300] {dag.py:4180} INFO - Setting next_dagrun for example_python_operator to None, run_after=None
[2024-11-06T18:08:23.703+0300] {processor.py:208} INFO - Processing /home/airflow/.local/lib/python3.12/site-packages/airflow/example_dags/example_python_operator.py took 0.073 seconds
[2024-11-06T18:08:54.380+0300] {processor.py:186} INFO - Started process (PID=2083) to work on /home/airflow/.local/lib/python3.12/site-packages/airflow/example_dags/example_python_operator.py
[2024-11-06T18:08:54.382+0300] {processor.py:914} INFO - Processing file /home/airflow/.local/lib/python3.12/site-packages/airflow/example_dags/example_python_operator.py for tasks to queue
[2024-11-06T18:08:54.384+0300] {logging_mixin.py:190} INFO - [2024-11-06T18:08:54.384+0300] {dagbag.py:588} INFO - Filling up the DagBag from /home/airflow/.local/lib/python3.12/site-packages/airflow/example_dags/example_python_operator.py
[2024-11-06T18:08:54.396+0300] {processor.py:925} INFO - DAG(s) 'example_python_operator' retrieved from /home/airflow/.local/lib/python3.12/site-packages/airflow/example_dags/example_python_operator.py
[2024-11-06T18:08:54.414+0300] {logging_mixin.py:190} INFO - [2024-11-06T18:08:54.413+0300] {dag.py:3239} INFO - Sync 1 DAGs
[2024-11-06T18:08:54.425+0300] {logging_mixin.py:190} INFO - [2024-11-06T18:08:54.425+0300] {dag.py:4180} INFO - Setting next_dagrun for example_python_operator to None, run_after=None
[2024-11-06T18:08:54.443+0300] {processor.py:208} INFO - Processing /home/airflow/.local/lib/python3.12/site-packages/airflow/example_dags/example_python_operator.py took 0.069 seconds
[2024-11-06T18:09:24.655+0300] {processor.py:186} INFO - Started process (PID=2152) to work on /home/airflow/.local/lib/python3.12/site-packages/airflow/example_dags/example_python_operator.py
[2024-11-06T18:09:24.656+0300] {processor.py:914} INFO - Processing file /home/airflow/.local/lib/python3.12/site-packages/airflow/example_dags/example_python_operator.py for tasks to queue
[2024-11-06T18:09:24.659+0300] {logging_mixin.py:190} INFO - [2024-11-06T18:09:24.659+0300] {dagbag.py:588} INFO - Filling up the DagBag from /home/airflow/.local/lib/python3.12/site-packages/airflow/example_dags/example_python_operator.py
[2024-11-06T18:09:24.670+0300] {processor.py:925} INFO - DAG(s) 'example_python_operator' retrieved from /home/airflow/.local/lib/python3.12/site-packages/airflow/example_dags/example_python_operator.py
[2024-11-06T18:09:24.689+0300] {logging_mixin.py:190} INFO - [2024-11-06T18:09:24.689+0300] {dag.py:3239} INFO - Sync 1 DAGs
[2024-11-06T18:09:24.701+0300] {logging_mixin.py:190} INFO - [2024-11-06T18:09:24.701+0300] {dag.py:4180} INFO - Setting next_dagrun for example_python_operator to None, run_after=None
[2024-11-06T18:09:24.718+0300] {processor.py:208} INFO - Processing /home/airflow/.local/lib/python3.12/site-packages/airflow/example_dags/example_python_operator.py took 0.068 seconds
[2024-11-06T18:09:55.603+0300] {processor.py:186} INFO - Started process (PID=2220) to work on /home/airflow/.local/lib/python3.12/site-packages/airflow/example_dags/example_python_operator.py
[2024-11-06T18:09:55.604+0300] {processor.py:914} INFO - Processing file /home/airflow/.local/lib/python3.12/site-packages/airflow/example_dags/example_python_operator.py for tasks to queue
[2024-11-06T18:09:55.606+0300] {logging_mixin.py:190} INFO - [2024-11-06T18:09:55.606+0300] {dagbag.py:588} INFO - Filling up the DagBag from /home/airflow/.local/lib/python3.12/site-packages/airflow/example_dags/example_python_operator.py
[2024-11-06T18:09:55.617+0300] {processor.py:925} INFO - DAG(s) 'example_python_operator' retrieved from /home/airflow/.local/lib/python3.12/site-packages/airflow/example_dags/example_python_operator.py
[2024-11-06T18:09:55.636+0300] {logging_mixin.py:190} INFO - [2024-11-06T18:09:55.636+0300] {dag.py:3239} INFO - Sync 1 DAGs
[2024-11-06T18:09:55.647+0300] {logging_mixin.py:190} INFO - [2024-11-06T18:09:55.647+0300] {dag.py:4180} INFO - Setting next_dagrun for example_python_operator to None, run_after=None
[2024-11-06T18:09:55.666+0300] {processor.py:208} INFO - Processing /home/airflow/.local/lib/python3.12/site-packages/airflow/example_dags/example_python_operator.py took 0.069 seconds
[2024-11-06T18:10:27.515+0300] {processor.py:186} INFO - Started process (PID=2289) to work on /home/airflow/.local/lib/python3.12/site-packages/airflow/example_dags/example_python_operator.py
[2024-11-06T18:10:27.516+0300] {processor.py:914} INFO - Processing file /home/airflow/.local/lib/python3.12/site-packages/airflow/example_dags/example_python_operator.py for tasks to queue
[2024-11-06T18:10:27.520+0300] {logging_mixin.py:190} INFO - [2024-11-06T18:10:27.519+0300] {dagbag.py:588} INFO - Filling up the DagBag from /home/airflow/.local/lib/python3.12/site-packages/airflow/example_dags/example_python_operator.py
[2024-11-06T18:10:27.531+0300] {processor.py:925} INFO - DAG(s) 'example_python_operator' retrieved from /home/airflow/.local/lib/python3.12/site-packages/airflow/example_dags/example_python_operator.py
[2024-11-06T18:10:27.555+0300] {logging_mixin.py:190} INFO - [2024-11-06T18:10:27.554+0300] {dag.py:3239} INFO - Sync 1 DAGs
[2024-11-06T18:10:27.566+0300] {logging_mixin.py:190} INFO - [2024-11-06T18:10:27.566+0300] {dag.py:4180} INFO - Setting next_dagrun for example_python_operator to None, run_after=None
[2024-11-06T18:10:27.598+0300] {processor.py:208} INFO - Processing /home/airflow/.local/lib/python3.12/site-packages/airflow/example_dags/example_python_operator.py took 0.088 seconds
[2024-11-06T18:10:58.449+0300] {processor.py:186} INFO - Started process (PID=2358) to work on /home/airflow/.local/lib/python3.12/site-packages/airflow/example_dags/example_python_operator.py
[2024-11-06T18:10:58.450+0300] {processor.py:914} INFO - Processing file /home/airflow/.local/lib/python3.12/site-packages/airflow/example_dags/example_python_operator.py for tasks to queue
[2024-11-06T18:10:58.452+0300] {logging_mixin.py:190} INFO - [2024-11-06T18:10:58.452+0300] {dagbag.py:588} INFO - Filling up the DagBag from /home/airflow/.local/lib/python3.12/site-packages/airflow/example_dags/example_python_operator.py
[2024-11-06T18:10:58.464+0300] {processor.py:925} INFO - DAG(s) 'example_python_operator' retrieved from /home/airflow/.local/lib/python3.12/site-packages/airflow/example_dags/example_python_operator.py
[2024-11-06T18:10:58.485+0300] {logging_mixin.py:190} INFO - [2024-11-06T18:10:58.484+0300] {dag.py:3239} INFO - Sync 1 DAGs
[2024-11-06T18:10:58.500+0300] {logging_mixin.py:190} INFO - [2024-11-06T18:10:58.499+0300] {dag.py:4180} INFO - Setting next_dagrun for example_python_operator to None, run_after=None
[2024-11-06T18:10:58.680+0300] {processor.py:208} INFO - Processing /home/airflow/.local/lib/python3.12/site-packages/airflow/example_dags/example_python_operator.py took 0.236 seconds
[2024-11-06T18:11:29.946+0300] {processor.py:186} INFO - Started process (PID=2428) to work on /home/airflow/.local/lib/python3.12/site-packages/airflow/example_dags/example_python_operator.py
[2024-11-06T18:11:29.948+0300] {processor.py:914} INFO - Processing file /home/airflow/.local/lib/python3.12/site-packages/airflow/example_dags/example_python_operator.py for tasks to queue
[2024-11-06T18:11:29.951+0300] {logging_mixin.py:190} INFO - [2024-11-06T18:11:29.950+0300] {dagbag.py:588} INFO - Filling up the DagBag from /home/airflow/.local/lib/python3.12/site-packages/airflow/example_dags/example_python_operator.py
[2024-11-06T18:11:29.962+0300] {processor.py:925} INFO - DAG(s) 'example_python_operator' retrieved from /home/airflow/.local/lib/python3.12/site-packages/airflow/example_dags/example_python_operator.py
[2024-11-06T18:11:29.985+0300] {logging_mixin.py:190} INFO - [2024-11-06T18:11:29.985+0300] {dag.py:3239} INFO - Sync 1 DAGs
[2024-11-06T18:11:29.997+0300] {logging_mixin.py:190} INFO - [2024-11-06T18:11:29.997+0300] {dag.py:4180} INFO - Setting next_dagrun for example_python_operator to None, run_after=None
[2024-11-06T18:11:30.185+0300] {processor.py:208} INFO - Processing /home/airflow/.local/lib/python3.12/site-packages/airflow/example_dags/example_python_operator.py took 0.243 seconds
