[2024-11-06T17:54:29.867+0300] {processor.py:186} INFO - Started process (PID=91) to work on /home/airflow/.local/lib/python3.12/site-packages/airflow/example_dags/example_bash_operator.py
[2024-11-06T17:54:29.869+0300] {processor.py:914} INFO - Processing file /home/airflow/.local/lib/python3.12/site-packages/airflow/example_dags/example_bash_operator.py for tasks to queue
[2024-11-06T17:54:29.874+0300] {logging_mixin.py:190} INFO - [2024-11-06T17:54:29.873+0300] {dagbag.py:588} INFO - Filling up the DagBag from /home/airflow/.local/lib/python3.12/site-packages/airflow/example_dags/example_bash_operator.py
[2024-11-06T17:54:29.908+0300] {processor.py:925} INFO - DAG(s) 'example_bash_operator' retrieved from /home/airflow/.local/lib/python3.12/site-packages/airflow/example_dags/example_bash_operator.py
[2024-11-06T17:54:29.977+0300] {logging_mixin.py:190} INFO - [2024-11-06T17:54:29.976+0300] {dag.py:3239} INFO - Sync 1 DAGs
[2024-11-06T17:54:30.015+0300] {logging_mixin.py:190} INFO - [2024-11-06T17:54:30.015+0300] {dag.py:4180} INFO - Setting next_dagrun for example_bash_operator to 2024-11-05 00:00:00+00:00, run_after=2024-11-06 00:00:00+00:00
[2024-11-06T17:54:30.047+0300] {processor.py:208} INFO - Processing /home/airflow/.local/lib/python3.12/site-packages/airflow/example_dags/example_bash_operator.py took 0.189 seconds
[2024-11-06T17:55:00.174+0300] {processor.py:186} INFO - Started process (PID=183) to work on /home/airflow/.local/lib/python3.12/site-packages/airflow/example_dags/example_bash_operator.py
[2024-11-06T17:55:00.177+0300] {processor.py:914} INFO - Processing file /home/airflow/.local/lib/python3.12/site-packages/airflow/example_dags/example_bash_operator.py for tasks to queue
[2024-11-06T17:55:00.183+0300] {logging_mixin.py:190} INFO - [2024-11-06T17:55:00.182+0300] {dagbag.py:588} INFO - Filling up the DagBag from /home/airflow/.local/lib/python3.12/site-packages/airflow/example_dags/example_bash_operator.py
[2024-11-06T17:55:00.207+0300] {processor.py:925} INFO - DAG(s) 'example_bash_operator' retrieved from /home/airflow/.local/lib/python3.12/site-packages/airflow/example_dags/example_bash_operator.py
[2024-11-06T17:55:00.252+0300] {logging_mixin.py:190} INFO - [2024-11-06T17:55:00.252+0300] {dag.py:3239} INFO - Sync 1 DAGs
[2024-11-06T17:55:00.279+0300] {logging_mixin.py:190} INFO - [2024-11-06T17:55:00.279+0300] {dag.py:4180} INFO - Setting next_dagrun for example_bash_operator to 2024-11-05 00:00:00+00:00, run_after=2024-11-06 00:00:00+00:00
[2024-11-06T17:55:00.306+0300] {processor.py:208} INFO - Processing /home/airflow/.local/lib/python3.12/site-packages/airflow/example_dags/example_bash_operator.py took 0.141 seconds
[2024-11-06T17:55:30.760+0300] {processor.py:186} INFO - Started process (PID=254) to work on /home/airflow/.local/lib/python3.12/site-packages/airflow/example_dags/example_bash_operator.py
[2024-11-06T17:55:30.761+0300] {processor.py:914} INFO - Processing file /home/airflow/.local/lib/python3.12/site-packages/airflow/example_dags/example_bash_operator.py for tasks to queue
[2024-11-06T17:55:30.765+0300] {logging_mixin.py:190} INFO - [2024-11-06T17:55:30.764+0300] {dagbag.py:588} INFO - Filling up the DagBag from /home/airflow/.local/lib/python3.12/site-packages/airflow/example_dags/example_bash_operator.py
[2024-11-06T17:55:30.776+0300] {processor.py:925} INFO - DAG(s) 'example_bash_operator' retrieved from /home/airflow/.local/lib/python3.12/site-packages/airflow/example_dags/example_bash_operator.py
[2024-11-06T17:55:30.806+0300] {logging_mixin.py:190} INFO - [2024-11-06T17:55:30.805+0300] {dag.py:3239} INFO - Sync 1 DAGs
[2024-11-06T17:55:30.833+0300] {logging_mixin.py:190} INFO - [2024-11-06T17:55:30.832+0300] {dag.py:4180} INFO - Setting next_dagrun for example_bash_operator to 2024-11-05 00:00:00+00:00, run_after=2024-11-06 00:00:00+00:00
[2024-11-06T17:55:30.857+0300] {processor.py:208} INFO - Processing /home/airflow/.local/lib/python3.12/site-packages/airflow/example_dags/example_bash_operator.py took 0.102 seconds
[2024-11-06T17:56:01.647+0300] {processor.py:186} INFO - Started process (PID=323) to work on /home/airflow/.local/lib/python3.12/site-packages/airflow/example_dags/example_bash_operator.py
[2024-11-06T17:56:01.648+0300] {processor.py:914} INFO - Processing file /home/airflow/.local/lib/python3.12/site-packages/airflow/example_dags/example_bash_operator.py for tasks to queue
[2024-11-06T17:56:01.650+0300] {logging_mixin.py:190} INFO - [2024-11-06T17:56:01.650+0300] {dagbag.py:588} INFO - Filling up the DagBag from /home/airflow/.local/lib/python3.12/site-packages/airflow/example_dags/example_bash_operator.py
[2024-11-06T17:56:01.662+0300] {processor.py:925} INFO - DAG(s) 'example_bash_operator' retrieved from /home/airflow/.local/lib/python3.12/site-packages/airflow/example_dags/example_bash_operator.py
[2024-11-06T17:56:01.685+0300] {logging_mixin.py:190} INFO - [2024-11-06T17:56:01.684+0300] {dag.py:3239} INFO - Sync 1 DAGs
[2024-11-06T17:56:01.703+0300] {logging_mixin.py:190} INFO - [2024-11-06T17:56:01.703+0300] {dag.py:4180} INFO - Setting next_dagrun for example_bash_operator to 2024-11-05 00:00:00+00:00, run_after=2024-11-06 00:00:00+00:00
[2024-11-06T17:56:01.727+0300] {processor.py:208} INFO - Processing /home/airflow/.local/lib/python3.12/site-packages/airflow/example_dags/example_bash_operator.py took 0.085 seconds
[2024-11-06T17:56:31.994+0300] {processor.py:186} INFO - Started process (PID=392) to work on /home/airflow/.local/lib/python3.12/site-packages/airflow/example_dags/example_bash_operator.py
[2024-11-06T17:56:31.995+0300] {processor.py:914} INFO - Processing file /home/airflow/.local/lib/python3.12/site-packages/airflow/example_dags/example_bash_operator.py for tasks to queue
[2024-11-06T17:56:32.000+0300] {logging_mixin.py:190} INFO - [2024-11-06T17:56:31.999+0300] {dagbag.py:588} INFO - Filling up the DagBag from /home/airflow/.local/lib/python3.12/site-packages/airflow/example_dags/example_bash_operator.py
[2024-11-06T17:56:32.013+0300] {processor.py:925} INFO - DAG(s) 'example_bash_operator' retrieved from /home/airflow/.local/lib/python3.12/site-packages/airflow/example_dags/example_bash_operator.py
[2024-11-06T17:56:32.041+0300] {logging_mixin.py:190} INFO - [2024-11-06T17:56:32.041+0300] {dag.py:3239} INFO - Sync 1 DAGs
[2024-11-06T17:56:32.065+0300] {logging_mixin.py:190} INFO - [2024-11-06T17:56:32.064+0300] {dag.py:4180} INFO - Setting next_dagrun for example_bash_operator to 2024-11-05 00:00:00+00:00, run_after=2024-11-06 00:00:00+00:00
[2024-11-06T17:56:32.097+0300] {processor.py:208} INFO - Processing /home/airflow/.local/lib/python3.12/site-packages/airflow/example_dags/example_bash_operator.py took 0.109 seconds
[2024-11-06T17:57:02.583+0300] {processor.py:186} INFO - Started process (PID=461) to work on /home/airflow/.local/lib/python3.12/site-packages/airflow/example_dags/example_bash_operator.py
[2024-11-06T17:57:02.585+0300] {processor.py:914} INFO - Processing file /home/airflow/.local/lib/python3.12/site-packages/airflow/example_dags/example_bash_operator.py for tasks to queue
[2024-11-06T17:57:02.587+0300] {logging_mixin.py:190} INFO - [2024-11-06T17:57:02.587+0300] {dagbag.py:588} INFO - Filling up the DagBag from /home/airflow/.local/lib/python3.12/site-packages/airflow/example_dags/example_bash_operator.py
[2024-11-06T17:57:02.600+0300] {processor.py:925} INFO - DAG(s) 'example_bash_operator' retrieved from /home/airflow/.local/lib/python3.12/site-packages/airflow/example_dags/example_bash_operator.py
[2024-11-06T17:57:02.625+0300] {logging_mixin.py:190} INFO - [2024-11-06T17:57:02.625+0300] {dag.py:3239} INFO - Sync 1 DAGs
[2024-11-06T17:57:02.650+0300] {logging_mixin.py:190} INFO - [2024-11-06T17:57:02.650+0300] {dag.py:4180} INFO - Setting next_dagrun for example_bash_operator to 2024-11-05 00:00:00+00:00, run_after=2024-11-06 00:00:00+00:00
[2024-11-06T17:57:02.674+0300] {processor.py:208} INFO - Processing /home/airflow/.local/lib/python3.12/site-packages/airflow/example_dags/example_bash_operator.py took 0.097 seconds
[2024-11-06T17:57:33.352+0300] {processor.py:186} INFO - Started process (PID=531) to work on /home/airflow/.local/lib/python3.12/site-packages/airflow/example_dags/example_bash_operator.py
[2024-11-06T17:57:33.354+0300] {processor.py:914} INFO - Processing file /home/airflow/.local/lib/python3.12/site-packages/airflow/example_dags/example_bash_operator.py for tasks to queue
[2024-11-06T17:57:33.356+0300] {logging_mixin.py:190} INFO - [2024-11-06T17:57:33.356+0300] {dagbag.py:588} INFO - Filling up the DagBag from /home/airflow/.local/lib/python3.12/site-packages/airflow/example_dags/example_bash_operator.py
[2024-11-06T17:57:33.367+0300] {processor.py:925} INFO - DAG(s) 'example_bash_operator' retrieved from /home/airflow/.local/lib/python3.12/site-packages/airflow/example_dags/example_bash_operator.py
[2024-11-06T17:57:33.394+0300] {logging_mixin.py:190} INFO - [2024-11-06T17:57:33.393+0300] {dag.py:3239} INFO - Sync 1 DAGs
[2024-11-06T17:57:33.418+0300] {logging_mixin.py:190} INFO - [2024-11-06T17:57:33.418+0300] {dag.py:4180} INFO - Setting next_dagrun for example_bash_operator to 2024-11-05 00:00:00+00:00, run_after=2024-11-06 00:00:00+00:00
[2024-11-06T17:57:33.439+0300] {processor.py:208} INFO - Processing /home/airflow/.local/lib/python3.12/site-packages/airflow/example_dags/example_bash_operator.py took 0.091 seconds
[2024-11-06T17:58:04.298+0300] {processor.py:186} INFO - Started process (PID=600) to work on /home/airflow/.local/lib/python3.12/site-packages/airflow/example_dags/example_bash_operator.py
[2024-11-06T17:58:04.300+0300] {processor.py:914} INFO - Processing file /home/airflow/.local/lib/python3.12/site-packages/airflow/example_dags/example_bash_operator.py for tasks to queue
[2024-11-06T17:58:04.303+0300] {logging_mixin.py:190} INFO - [2024-11-06T17:58:04.303+0300] {dagbag.py:588} INFO - Filling up the DagBag from /home/airflow/.local/lib/python3.12/site-packages/airflow/example_dags/example_bash_operator.py
[2024-11-06T17:58:04.316+0300] {processor.py:925} INFO - DAG(s) 'example_bash_operator' retrieved from /home/airflow/.local/lib/python3.12/site-packages/airflow/example_dags/example_bash_operator.py
[2024-11-06T17:58:04.352+0300] {logging_mixin.py:190} INFO - [2024-11-06T17:58:04.352+0300] {dag.py:3239} INFO - Sync 1 DAGs
[2024-11-06T17:58:04.378+0300] {logging_mixin.py:190} INFO - [2024-11-06T17:58:04.378+0300] {dag.py:4180} INFO - Setting next_dagrun for example_bash_operator to 2024-11-05 00:00:00+00:00, run_after=2024-11-06 00:00:00+00:00
[2024-11-06T17:58:04.404+0300] {processor.py:208} INFO - Processing /home/airflow/.local/lib/python3.12/site-packages/airflow/example_dags/example_bash_operator.py took 0.111 seconds
[2024-11-06T17:58:35.580+0300] {processor.py:186} INFO - Started process (PID=669) to work on /home/airflow/.local/lib/python3.12/site-packages/airflow/example_dags/example_bash_operator.py
[2024-11-06T17:58:35.581+0300] {processor.py:914} INFO - Processing file /home/airflow/.local/lib/python3.12/site-packages/airflow/example_dags/example_bash_operator.py for tasks to queue
[2024-11-06T17:58:35.586+0300] {logging_mixin.py:190} INFO - [2024-11-06T17:58:35.586+0300] {dagbag.py:588} INFO - Filling up the DagBag from /home/airflow/.local/lib/python3.12/site-packages/airflow/example_dags/example_bash_operator.py
[2024-11-06T17:58:35.602+0300] {processor.py:925} INFO - DAG(s) 'example_bash_operator' retrieved from /home/airflow/.local/lib/python3.12/site-packages/airflow/example_dags/example_bash_operator.py
[2024-11-06T17:58:35.630+0300] {logging_mixin.py:190} INFO - [2024-11-06T17:58:35.629+0300] {dag.py:3239} INFO - Sync 1 DAGs
[2024-11-06T17:58:35.656+0300] {logging_mixin.py:190} INFO - [2024-11-06T17:58:35.656+0300] {dag.py:4180} INFO - Setting next_dagrun for example_bash_operator to 2024-11-05 00:00:00+00:00, run_after=2024-11-06 00:00:00+00:00
[2024-11-06T17:58:35.676+0300] {processor.py:208} INFO - Processing /home/airflow/.local/lib/python3.12/site-packages/airflow/example_dags/example_bash_operator.py took 0.103 seconds
[2024-11-06T17:59:05.960+0300] {processor.py:186} INFO - Started process (PID=738) to work on /home/airflow/.local/lib/python3.12/site-packages/airflow/example_dags/example_bash_operator.py
[2024-11-06T17:59:05.961+0300] {processor.py:914} INFO - Processing file /home/airflow/.local/lib/python3.12/site-packages/airflow/example_dags/example_bash_operator.py for tasks to queue
[2024-11-06T17:59:05.964+0300] {logging_mixin.py:190} INFO - [2024-11-06T17:59:05.963+0300] {dagbag.py:588} INFO - Filling up the DagBag from /home/airflow/.local/lib/python3.12/site-packages/airflow/example_dags/example_bash_operator.py
[2024-11-06T17:59:05.977+0300] {processor.py:925} INFO - DAG(s) 'example_bash_operator' retrieved from /home/airflow/.local/lib/python3.12/site-packages/airflow/example_dags/example_bash_operator.py
[2024-11-06T17:59:06.003+0300] {logging_mixin.py:190} INFO - [2024-11-06T17:59:06.003+0300] {dag.py:3239} INFO - Sync 1 DAGs
[2024-11-06T17:59:06.025+0300] {logging_mixin.py:190} INFO - [2024-11-06T17:59:06.025+0300] {dag.py:4180} INFO - Setting next_dagrun for example_bash_operator to 2024-11-05 00:00:00+00:00, run_after=2024-11-06 00:00:00+00:00
[2024-11-06T17:59:06.050+0300] {processor.py:208} INFO - Processing /home/airflow/.local/lib/python3.12/site-packages/airflow/example_dags/example_bash_operator.py took 0.095 seconds
[2024-11-06T17:59:36.555+0300] {processor.py:186} INFO - Started process (PID=807) to work on /home/airflow/.local/lib/python3.12/site-packages/airflow/example_dags/example_bash_operator.py
[2024-11-06T17:59:36.557+0300] {processor.py:914} INFO - Processing file /home/airflow/.local/lib/python3.12/site-packages/airflow/example_dags/example_bash_operator.py for tasks to queue
[2024-11-06T17:59:36.559+0300] {logging_mixin.py:190} INFO - [2024-11-06T17:59:36.559+0300] {dagbag.py:588} INFO - Filling up the DagBag from /home/airflow/.local/lib/python3.12/site-packages/airflow/example_dags/example_bash_operator.py
[2024-11-06T17:59:36.575+0300] {processor.py:925} INFO - DAG(s) 'example_bash_operator' retrieved from /home/airflow/.local/lib/python3.12/site-packages/airflow/example_dags/example_bash_operator.py
[2024-11-06T17:59:36.603+0300] {logging_mixin.py:190} INFO - [2024-11-06T17:59:36.602+0300] {dag.py:3239} INFO - Sync 1 DAGs
[2024-11-06T17:59:36.630+0300] {logging_mixin.py:190} INFO - [2024-11-06T17:59:36.630+0300] {dag.py:4180} INFO - Setting next_dagrun for example_bash_operator to 2024-11-05 00:00:00+00:00, run_after=2024-11-06 00:00:00+00:00
[2024-11-06T17:59:36.656+0300] {processor.py:208} INFO - Processing /home/airflow/.local/lib/python3.12/site-packages/airflow/example_dags/example_bash_operator.py took 0.107 seconds
[2024-11-06T18:00:07.050+0300] {processor.py:186} INFO - Started process (PID=876) to work on /home/airflow/.local/lib/python3.12/site-packages/airflow/example_dags/example_bash_operator.py
[2024-11-06T18:00:07.051+0300] {processor.py:914} INFO - Processing file /home/airflow/.local/lib/python3.12/site-packages/airflow/example_dags/example_bash_operator.py for tasks to queue
[2024-11-06T18:00:07.053+0300] {logging_mixin.py:190} INFO - [2024-11-06T18:00:07.053+0300] {dagbag.py:588} INFO - Filling up the DagBag from /home/airflow/.local/lib/python3.12/site-packages/airflow/example_dags/example_bash_operator.py
[2024-11-06T18:00:07.064+0300] {processor.py:925} INFO - DAG(s) 'example_bash_operator' retrieved from /home/airflow/.local/lib/python3.12/site-packages/airflow/example_dags/example_bash_operator.py
[2024-11-06T18:00:07.089+0300] {logging_mixin.py:190} INFO - [2024-11-06T18:00:07.089+0300] {dag.py:3239} INFO - Sync 1 DAGs
[2024-11-06T18:00:07.111+0300] {logging_mixin.py:190} INFO - [2024-11-06T18:00:07.111+0300] {dag.py:4180} INFO - Setting next_dagrun for example_bash_operator to 2024-11-05 00:00:00+00:00, run_after=2024-11-06 00:00:00+00:00
[2024-11-06T18:00:07.129+0300] {processor.py:208} INFO - Processing /home/airflow/.local/lib/python3.12/site-packages/airflow/example_dags/example_bash_operator.py took 0.084 seconds
[2024-11-06T18:00:37.688+0300] {processor.py:186} INFO - Started process (PID=945) to work on /home/airflow/.local/lib/python3.12/site-packages/airflow/example_dags/example_bash_operator.py
[2024-11-06T18:00:37.689+0300] {processor.py:914} INFO - Processing file /home/airflow/.local/lib/python3.12/site-packages/airflow/example_dags/example_bash_operator.py for tasks to queue
[2024-11-06T18:00:37.692+0300] {logging_mixin.py:190} INFO - [2024-11-06T18:00:37.692+0300] {dagbag.py:588} INFO - Filling up the DagBag from /home/airflow/.local/lib/python3.12/site-packages/airflow/example_dags/example_bash_operator.py
[2024-11-06T18:00:37.704+0300] {processor.py:925} INFO - DAG(s) 'example_bash_operator' retrieved from /home/airflow/.local/lib/python3.12/site-packages/airflow/example_dags/example_bash_operator.py
[2024-11-06T18:00:37.727+0300] {logging_mixin.py:190} INFO - [2024-11-06T18:00:37.727+0300] {dag.py:3239} INFO - Sync 1 DAGs
[2024-11-06T18:00:37.752+0300] {logging_mixin.py:190} INFO - [2024-11-06T18:00:37.752+0300] {dag.py:4180} INFO - Setting next_dagrun for example_bash_operator to 2024-11-05 00:00:00+00:00, run_after=2024-11-06 00:00:00+00:00
[2024-11-06T18:00:37.769+0300] {processor.py:208} INFO - Processing /home/airflow/.local/lib/python3.12/site-packages/airflow/example_dags/example_bash_operator.py took 0.087 seconds
[2024-11-06T18:01:08.437+0300] {processor.py:186} INFO - Started process (PID=1014) to work on /home/airflow/.local/lib/python3.12/site-packages/airflow/example_dags/example_bash_operator.py
[2024-11-06T18:01:08.438+0300] {processor.py:914} INFO - Processing file /home/airflow/.local/lib/python3.12/site-packages/airflow/example_dags/example_bash_operator.py for tasks to queue
[2024-11-06T18:01:08.441+0300] {logging_mixin.py:190} INFO - [2024-11-06T18:01:08.440+0300] {dagbag.py:588} INFO - Filling up the DagBag from /home/airflow/.local/lib/python3.12/site-packages/airflow/example_dags/example_bash_operator.py
[2024-11-06T18:01:08.454+0300] {processor.py:925} INFO - DAG(s) 'example_bash_operator' retrieved from /home/airflow/.local/lib/python3.12/site-packages/airflow/example_dags/example_bash_operator.py
[2024-11-06T18:01:08.477+0300] {logging_mixin.py:190} INFO - [2024-11-06T18:01:08.477+0300] {dag.py:3239} INFO - Sync 1 DAGs
[2024-11-06T18:01:08.498+0300] {logging_mixin.py:190} INFO - [2024-11-06T18:01:08.498+0300] {dag.py:4180} INFO - Setting next_dagrun for example_bash_operator to 2024-11-05 00:00:00+00:00, run_after=2024-11-06 00:00:00+00:00
[2024-11-06T18:01:08.516+0300] {processor.py:208} INFO - Processing /home/airflow/.local/lib/python3.12/site-packages/airflow/example_dags/example_bash_operator.py took 0.084 seconds
[2024-11-06T18:01:38.690+0300] {processor.py:186} INFO - Started process (PID=1083) to work on /home/airflow/.local/lib/python3.12/site-packages/airflow/example_dags/example_bash_operator.py
[2024-11-06T18:01:38.691+0300] {processor.py:914} INFO - Processing file /home/airflow/.local/lib/python3.12/site-packages/airflow/example_dags/example_bash_operator.py for tasks to queue
[2024-11-06T18:01:38.693+0300] {logging_mixin.py:190} INFO - [2024-11-06T18:01:38.692+0300] {dagbag.py:588} INFO - Filling up the DagBag from /home/airflow/.local/lib/python3.12/site-packages/airflow/example_dags/example_bash_operator.py
[2024-11-06T18:01:38.704+0300] {processor.py:925} INFO - DAG(s) 'example_bash_operator' retrieved from /home/airflow/.local/lib/python3.12/site-packages/airflow/example_dags/example_bash_operator.py
[2024-11-06T18:01:38.730+0300] {logging_mixin.py:190} INFO - [2024-11-06T18:01:38.730+0300] {dag.py:3239} INFO - Sync 1 DAGs
[2024-11-06T18:01:38.749+0300] {logging_mixin.py:190} INFO - [2024-11-06T18:01:38.749+0300] {dag.py:4180} INFO - Setting next_dagrun for example_bash_operator to 2024-11-05 00:00:00+00:00, run_after=2024-11-06 00:00:00+00:00
[2024-11-06T18:01:38.765+0300] {processor.py:208} INFO - Processing /home/airflow/.local/lib/python3.12/site-packages/airflow/example_dags/example_bash_operator.py took 0.080 seconds
[2024-11-06T18:02:08.953+0300] {processor.py:186} INFO - Started process (PID=1152) to work on /home/airflow/.local/lib/python3.12/site-packages/airflow/example_dags/example_bash_operator.py
[2024-11-06T18:02:08.954+0300] {processor.py:914} INFO - Processing file /home/airflow/.local/lib/python3.12/site-packages/airflow/example_dags/example_bash_operator.py for tasks to queue
[2024-11-06T18:02:08.957+0300] {logging_mixin.py:190} INFO - [2024-11-06T18:02:08.956+0300] {dagbag.py:588} INFO - Filling up the DagBag from /home/airflow/.local/lib/python3.12/site-packages/airflow/example_dags/example_bash_operator.py
[2024-11-06T18:02:08.968+0300] {processor.py:925} INFO - DAG(s) 'example_bash_operator' retrieved from /home/airflow/.local/lib/python3.12/site-packages/airflow/example_dags/example_bash_operator.py
[2024-11-06T18:02:08.992+0300] {logging_mixin.py:190} INFO - [2024-11-06T18:02:08.992+0300] {dag.py:3239} INFO - Sync 1 DAGs
[2024-11-06T18:02:09.013+0300] {logging_mixin.py:190} INFO - [2024-11-06T18:02:09.012+0300] {dag.py:4180} INFO - Setting next_dagrun for example_bash_operator to 2024-11-05 00:00:00+00:00, run_after=2024-11-06 00:00:00+00:00
[2024-11-06T18:02:09.028+0300] {processor.py:208} INFO - Processing /home/airflow/.local/lib/python3.12/site-packages/airflow/example_dags/example_bash_operator.py took 0.081 seconds
[2024-11-06T18:02:40.303+0300] {processor.py:186} INFO - Started process (PID=1221) to work on /home/airflow/.local/lib/python3.12/site-packages/airflow/example_dags/example_bash_operator.py
[2024-11-06T18:02:40.304+0300] {processor.py:914} INFO - Processing file /home/airflow/.local/lib/python3.12/site-packages/airflow/example_dags/example_bash_operator.py for tasks to queue
[2024-11-06T18:02:40.307+0300] {logging_mixin.py:190} INFO - [2024-11-06T18:02:40.307+0300] {dagbag.py:588} INFO - Filling up the DagBag from /home/airflow/.local/lib/python3.12/site-packages/airflow/example_dags/example_bash_operator.py
[2024-11-06T18:02:40.343+0300] {processor.py:925} INFO - DAG(s) 'example_bash_operator' retrieved from /home/airflow/.local/lib/python3.12/site-packages/airflow/example_dags/example_bash_operator.py
[2024-11-06T18:02:40.377+0300] {logging_mixin.py:190} INFO - [2024-11-06T18:02:40.376+0300] {dag.py:3239} INFO - Sync 1 DAGs
[2024-11-06T18:02:40.405+0300] {logging_mixin.py:190} INFO - [2024-11-06T18:02:40.405+0300] {dag.py:4180} INFO - Setting next_dagrun for example_bash_operator to 2024-11-05 00:00:00+00:00, run_after=2024-11-06 00:00:00+00:00
[2024-11-06T18:02:40.432+0300] {processor.py:208} INFO - Processing /home/airflow/.local/lib/python3.12/site-packages/airflow/example_dags/example_bash_operator.py took 0.135 seconds
[2024-11-06T18:03:10.942+0300] {processor.py:186} INFO - Started process (PID=1290) to work on /home/airflow/.local/lib/python3.12/site-packages/airflow/example_dags/example_bash_operator.py
[2024-11-06T18:03:10.944+0300] {processor.py:914} INFO - Processing file /home/airflow/.local/lib/python3.12/site-packages/airflow/example_dags/example_bash_operator.py for tasks to queue
[2024-11-06T18:03:10.947+0300] {logging_mixin.py:190} INFO - [2024-11-06T18:03:10.947+0300] {dagbag.py:588} INFO - Filling up the DagBag from /home/airflow/.local/lib/python3.12/site-packages/airflow/example_dags/example_bash_operator.py
[2024-11-06T18:03:10.961+0300] {processor.py:925} INFO - DAG(s) 'example_bash_operator' retrieved from /home/airflow/.local/lib/python3.12/site-packages/airflow/example_dags/example_bash_operator.py
[2024-11-06T18:03:10.993+0300] {logging_mixin.py:190} INFO - [2024-11-06T18:03:10.993+0300] {dag.py:3239} INFO - Sync 1 DAGs
[2024-11-06T18:03:11.020+0300] {logging_mixin.py:190} INFO - [2024-11-06T18:03:11.020+0300] {dag.py:4180} INFO - Setting next_dagrun for example_bash_operator to 2024-11-05 00:00:00+00:00, run_after=2024-11-06 00:00:00+00:00
[2024-11-06T18:03:11.037+0300] {processor.py:208} INFO - Processing /home/airflow/.local/lib/python3.12/site-packages/airflow/example_dags/example_bash_operator.py took 0.102 seconds
[2024-11-06T18:03:42.597+0300] {processor.py:186} INFO - Started process (PID=1358) to work on /home/airflow/.local/lib/python3.12/site-packages/airflow/example_dags/example_bash_operator.py
[2024-11-06T18:03:42.598+0300] {processor.py:914} INFO - Processing file /home/airflow/.local/lib/python3.12/site-packages/airflow/example_dags/example_bash_operator.py for tasks to queue
[2024-11-06T18:03:42.602+0300] {logging_mixin.py:190} INFO - [2024-11-06T18:03:42.601+0300] {dagbag.py:588} INFO - Filling up the DagBag from /home/airflow/.local/lib/python3.12/site-packages/airflow/example_dags/example_bash_operator.py
[2024-11-06T18:03:42.620+0300] {processor.py:925} INFO - DAG(s) 'example_bash_operator' retrieved from /home/airflow/.local/lib/python3.12/site-packages/airflow/example_dags/example_bash_operator.py
[2024-11-06T18:03:42.659+0300] {logging_mixin.py:190} INFO - [2024-11-06T18:03:42.659+0300] {dag.py:3239} INFO - Sync 1 DAGs
[2024-11-06T18:03:42.690+0300] {logging_mixin.py:190} INFO - [2024-11-06T18:03:42.690+0300] {dag.py:4180} INFO - Setting next_dagrun for example_bash_operator to 2024-11-05 00:00:00+00:00, run_after=2024-11-06 00:00:00+00:00
[2024-11-06T18:03:42.719+0300] {processor.py:208} INFO - Processing /home/airflow/.local/lib/python3.12/site-packages/airflow/example_dags/example_bash_operator.py took 0.130 seconds
[2024-11-06T18:04:13.632+0300] {processor.py:186} INFO - Started process (PID=1427) to work on /home/airflow/.local/lib/python3.12/site-packages/airflow/example_dags/example_bash_operator.py
[2024-11-06T18:04:13.633+0300] {processor.py:914} INFO - Processing file /home/airflow/.local/lib/python3.12/site-packages/airflow/example_dags/example_bash_operator.py for tasks to queue
[2024-11-06T18:04:13.637+0300] {logging_mixin.py:190} INFO - [2024-11-06T18:04:13.636+0300] {dagbag.py:588} INFO - Filling up the DagBag from /home/airflow/.local/lib/python3.12/site-packages/airflow/example_dags/example_bash_operator.py
[2024-11-06T18:04:13.649+0300] {processor.py:925} INFO - DAG(s) 'example_bash_operator' retrieved from /home/airflow/.local/lib/python3.12/site-packages/airflow/example_dags/example_bash_operator.py
[2024-11-06T18:04:13.680+0300] {logging_mixin.py:190} INFO - [2024-11-06T18:04:13.679+0300] {dag.py:3239} INFO - Sync 1 DAGs
[2024-11-06T18:04:13.704+0300] {logging_mixin.py:190} INFO - [2024-11-06T18:04:13.704+0300] {dag.py:4180} INFO - Setting next_dagrun for example_bash_operator to 2024-11-05 00:00:00+00:00, run_after=2024-11-06 00:00:00+00:00
[2024-11-06T18:04:13.724+0300] {processor.py:208} INFO - Processing /home/airflow/.local/lib/python3.12/site-packages/airflow/example_dags/example_bash_operator.py took 0.097 seconds
[2024-11-06T18:04:44.697+0300] {processor.py:186} INFO - Started process (PID=1496) to work on /home/airflow/.local/lib/python3.12/site-packages/airflow/example_dags/example_bash_operator.py
[2024-11-06T18:04:44.698+0300] {processor.py:914} INFO - Processing file /home/airflow/.local/lib/python3.12/site-packages/airflow/example_dags/example_bash_operator.py for tasks to queue
[2024-11-06T18:04:44.702+0300] {logging_mixin.py:190} INFO - [2024-11-06T18:04:44.701+0300] {dagbag.py:588} INFO - Filling up the DagBag from /home/airflow/.local/lib/python3.12/site-packages/airflow/example_dags/example_bash_operator.py
[2024-11-06T18:04:44.717+0300] {processor.py:925} INFO - DAG(s) 'example_bash_operator' retrieved from /home/airflow/.local/lib/python3.12/site-packages/airflow/example_dags/example_bash_operator.py
[2024-11-06T18:04:44.739+0300] {logging_mixin.py:190} INFO - [2024-11-06T18:04:44.738+0300] {dag.py:3239} INFO - Sync 1 DAGs
[2024-11-06T18:04:44.759+0300] {logging_mixin.py:190} INFO - [2024-11-06T18:04:44.759+0300] {dag.py:4180} INFO - Setting next_dagrun for example_bash_operator to 2024-11-05 00:00:00+00:00, run_after=2024-11-06 00:00:00+00:00
[2024-11-06T18:04:44.785+0300] {processor.py:208} INFO - Processing /home/airflow/.local/lib/python3.12/site-packages/airflow/example_dags/example_bash_operator.py took 0.097 seconds
[2024-11-06T18:05:15.525+0300] {processor.py:186} INFO - Started process (PID=1565) to work on /home/airflow/.local/lib/python3.12/site-packages/airflow/example_dags/example_bash_operator.py
[2024-11-06T18:05:15.527+0300] {processor.py:914} INFO - Processing file /home/airflow/.local/lib/python3.12/site-packages/airflow/example_dags/example_bash_operator.py for tasks to queue
[2024-11-06T18:05:15.529+0300] {logging_mixin.py:190} INFO - [2024-11-06T18:05:15.529+0300] {dagbag.py:588} INFO - Filling up the DagBag from /home/airflow/.local/lib/python3.12/site-packages/airflow/example_dags/example_bash_operator.py
[2024-11-06T18:05:15.542+0300] {processor.py:925} INFO - DAG(s) 'example_bash_operator' retrieved from /home/airflow/.local/lib/python3.12/site-packages/airflow/example_dags/example_bash_operator.py
[2024-11-06T18:05:15.566+0300] {logging_mixin.py:190} INFO - [2024-11-06T18:05:15.566+0300] {dag.py:3239} INFO - Sync 1 DAGs
[2024-11-06T18:05:15.587+0300] {logging_mixin.py:190} INFO - [2024-11-06T18:05:15.587+0300] {dag.py:4180} INFO - Setting next_dagrun for example_bash_operator to 2024-11-05 00:00:00+00:00, run_after=2024-11-06 00:00:00+00:00
[2024-11-06T18:05:15.602+0300] {processor.py:208} INFO - Processing /home/airflow/.local/lib/python3.12/site-packages/airflow/example_dags/example_bash_operator.py took 0.081 seconds
[2024-11-06T18:05:45.878+0300] {processor.py:186} INFO - Started process (PID=1635) to work on /home/airflow/.local/lib/python3.12/site-packages/airflow/example_dags/example_bash_operator.py
[2024-11-06T18:05:45.879+0300] {processor.py:914} INFO - Processing file /home/airflow/.local/lib/python3.12/site-packages/airflow/example_dags/example_bash_operator.py for tasks to queue
[2024-11-06T18:05:45.881+0300] {logging_mixin.py:190} INFO - [2024-11-06T18:05:45.881+0300] {dagbag.py:588} INFO - Filling up the DagBag from /home/airflow/.local/lib/python3.12/site-packages/airflow/example_dags/example_bash_operator.py
[2024-11-06T18:05:45.891+0300] {processor.py:925} INFO - DAG(s) 'example_bash_operator' retrieved from /home/airflow/.local/lib/python3.12/site-packages/airflow/example_dags/example_bash_operator.py
[2024-11-06T18:05:45.911+0300] {logging_mixin.py:190} INFO - [2024-11-06T18:05:45.910+0300] {dag.py:3239} INFO - Sync 1 DAGs
[2024-11-06T18:05:45.930+0300] {logging_mixin.py:190} INFO - [2024-11-06T18:05:45.930+0300] {dag.py:4180} INFO - Setting next_dagrun for example_bash_operator to 2024-11-05 00:00:00+00:00, run_after=2024-11-06 00:00:00+00:00
[2024-11-06T18:05:45.962+0300] {processor.py:208} INFO - Processing /home/airflow/.local/lib/python3.12/site-packages/airflow/example_dags/example_bash_operator.py took 0.088 seconds
[2024-11-06T18:06:16.842+0300] {processor.py:186} INFO - Started process (PID=1703) to work on /home/airflow/.local/lib/python3.12/site-packages/airflow/example_dags/example_bash_operator.py
[2024-11-06T18:06:16.843+0300] {processor.py:914} INFO - Processing file /home/airflow/.local/lib/python3.12/site-packages/airflow/example_dags/example_bash_operator.py for tasks to queue
[2024-11-06T18:06:16.845+0300] {logging_mixin.py:190} INFO - [2024-11-06T18:06:16.845+0300] {dagbag.py:588} INFO - Filling up the DagBag from /home/airflow/.local/lib/python3.12/site-packages/airflow/example_dags/example_bash_operator.py
[2024-11-06T18:06:16.859+0300] {processor.py:925} INFO - DAG(s) 'example_bash_operator' retrieved from /home/airflow/.local/lib/python3.12/site-packages/airflow/example_dags/example_bash_operator.py
[2024-11-06T18:06:16.886+0300] {logging_mixin.py:190} INFO - [2024-11-06T18:06:16.885+0300] {dag.py:3239} INFO - Sync 1 DAGs
[2024-11-06T18:06:16.911+0300] {logging_mixin.py:190} INFO - [2024-11-06T18:06:16.911+0300] {dag.py:4180} INFO - Setting next_dagrun for example_bash_operator to 2024-11-05 00:00:00+00:00, run_after=2024-11-06 00:00:00+00:00
[2024-11-06T18:06:16.938+0300] {processor.py:208} INFO - Processing /home/airflow/.local/lib/python3.12/site-packages/airflow/example_dags/example_bash_operator.py took 0.101 seconds
[2024-11-06T18:06:47.629+0300] {processor.py:186} INFO - Started process (PID=1772) to work on /home/airflow/.local/lib/python3.12/site-packages/airflow/example_dags/example_bash_operator.py
[2024-11-06T18:06:47.630+0300] {processor.py:914} INFO - Processing file /home/airflow/.local/lib/python3.12/site-packages/airflow/example_dags/example_bash_operator.py for tasks to queue
[2024-11-06T18:06:47.634+0300] {logging_mixin.py:190} INFO - [2024-11-06T18:06:47.633+0300] {dagbag.py:588} INFO - Filling up the DagBag from /home/airflow/.local/lib/python3.12/site-packages/airflow/example_dags/example_bash_operator.py
[2024-11-06T18:06:47.646+0300] {processor.py:925} INFO - DAG(s) 'example_bash_operator' retrieved from /home/airflow/.local/lib/python3.12/site-packages/airflow/example_dags/example_bash_operator.py
[2024-11-06T18:06:47.672+0300] {logging_mixin.py:190} INFO - [2024-11-06T18:06:47.672+0300] {dag.py:3239} INFO - Sync 1 DAGs
[2024-11-06T18:06:47.697+0300] {logging_mixin.py:190} INFO - [2024-11-06T18:06:47.697+0300] {dag.py:4180} INFO - Setting next_dagrun for example_bash_operator to 2024-11-05 00:00:00+00:00, run_after=2024-11-06 00:00:00+00:00
[2024-11-06T18:06:47.731+0300] {processor.py:208} INFO - Processing /home/airflow/.local/lib/python3.12/site-packages/airflow/example_dags/example_bash_operator.py took 0.107 seconds
[2024-11-06T18:07:18.429+0300] {processor.py:186} INFO - Started process (PID=1841) to work on /home/airflow/.local/lib/python3.12/site-packages/airflow/example_dags/example_bash_operator.py
[2024-11-06T18:07:18.430+0300] {processor.py:914} INFO - Processing file /home/airflow/.local/lib/python3.12/site-packages/airflow/example_dags/example_bash_operator.py for tasks to queue
[2024-11-06T18:07:18.433+0300] {logging_mixin.py:190} INFO - [2024-11-06T18:07:18.432+0300] {dagbag.py:588} INFO - Filling up the DagBag from /home/airflow/.local/lib/python3.12/site-packages/airflow/example_dags/example_bash_operator.py
[2024-11-06T18:07:18.443+0300] {processor.py:925} INFO - DAG(s) 'example_bash_operator' retrieved from /home/airflow/.local/lib/python3.12/site-packages/airflow/example_dags/example_bash_operator.py
[2024-11-06T18:07:18.466+0300] {logging_mixin.py:190} INFO - [2024-11-06T18:07:18.466+0300] {dag.py:3239} INFO - Sync 1 DAGs
[2024-11-06T18:07:18.490+0300] {logging_mixin.py:190} INFO - [2024-11-06T18:07:18.490+0300] {dag.py:4180} INFO - Setting next_dagrun for example_bash_operator to 2024-11-05 00:00:00+00:00, run_after=2024-11-06 00:00:00+00:00
[2024-11-06T18:07:18.509+0300] {processor.py:208} INFO - Processing /home/airflow/.local/lib/python3.12/site-packages/airflow/example_dags/example_bash_operator.py took 0.085 seconds
[2024-11-06T18:07:48.873+0300] {processor.py:186} INFO - Started process (PID=1910) to work on /home/airflow/.local/lib/python3.12/site-packages/airflow/example_dags/example_bash_operator.py
[2024-11-06T18:07:48.874+0300] {processor.py:914} INFO - Processing file /home/airflow/.local/lib/python3.12/site-packages/airflow/example_dags/example_bash_operator.py for tasks to queue
[2024-11-06T18:07:48.877+0300] {logging_mixin.py:190} INFO - [2024-11-06T18:07:48.876+0300] {dagbag.py:588} INFO - Filling up the DagBag from /home/airflow/.local/lib/python3.12/site-packages/airflow/example_dags/example_bash_operator.py
[2024-11-06T18:07:48.888+0300] {processor.py:925} INFO - DAG(s) 'example_bash_operator' retrieved from /home/airflow/.local/lib/python3.12/site-packages/airflow/example_dags/example_bash_operator.py
[2024-11-06T18:07:48.913+0300] {logging_mixin.py:190} INFO - [2024-11-06T18:07:48.912+0300] {dag.py:3239} INFO - Sync 1 DAGs
[2024-11-06T18:07:48.932+0300] {logging_mixin.py:190} INFO - [2024-11-06T18:07:48.932+0300] {dag.py:4180} INFO - Setting next_dagrun for example_bash_operator to 2024-11-05 00:00:00+00:00, run_after=2024-11-06 00:00:00+00:00
[2024-11-06T18:07:48.947+0300] {processor.py:208} INFO - Processing /home/airflow/.local/lib/python3.12/site-packages/airflow/example_dags/example_bash_operator.py took 0.079 seconds
[2024-11-06T18:08:19.818+0300] {processor.py:186} INFO - Started process (PID=1979) to work on /home/airflow/.local/lib/python3.12/site-packages/airflow/example_dags/example_bash_operator.py
[2024-11-06T18:08:19.820+0300] {processor.py:914} INFO - Processing file /home/airflow/.local/lib/python3.12/site-packages/airflow/example_dags/example_bash_operator.py for tasks to queue
[2024-11-06T18:08:19.822+0300] {logging_mixin.py:190} INFO - [2024-11-06T18:08:19.822+0300] {dagbag.py:588} INFO - Filling up the DagBag from /home/airflow/.local/lib/python3.12/site-packages/airflow/example_dags/example_bash_operator.py
[2024-11-06T18:08:19.833+0300] {processor.py:925} INFO - DAG(s) 'example_bash_operator' retrieved from /home/airflow/.local/lib/python3.12/site-packages/airflow/example_dags/example_bash_operator.py
[2024-11-06T18:08:19.857+0300] {logging_mixin.py:190} INFO - [2024-11-06T18:08:19.857+0300] {dag.py:3239} INFO - Sync 1 DAGs
[2024-11-06T18:08:19.877+0300] {logging_mixin.py:190} INFO - [2024-11-06T18:08:19.876+0300] {dag.py:4180} INFO - Setting next_dagrun for example_bash_operator to 2024-11-05 00:00:00+00:00, run_after=2024-11-06 00:00:00+00:00
[2024-11-06T18:08:19.906+0300] {processor.py:208} INFO - Processing /home/airflow/.local/lib/python3.12/site-packages/airflow/example_dags/example_bash_operator.py took 0.092 seconds
[2024-11-06T18:08:51.141+0300] {processor.py:186} INFO - Started process (PID=2048) to work on /home/airflow/.local/lib/python3.12/site-packages/airflow/example_dags/example_bash_operator.py
[2024-11-06T18:08:51.142+0300] {processor.py:914} INFO - Processing file /home/airflow/.local/lib/python3.12/site-packages/airflow/example_dags/example_bash_operator.py for tasks to queue
[2024-11-06T18:08:51.144+0300] {logging_mixin.py:190} INFO - [2024-11-06T18:08:51.144+0300] {dagbag.py:588} INFO - Filling up the DagBag from /home/airflow/.local/lib/python3.12/site-packages/airflow/example_dags/example_bash_operator.py
[2024-11-06T18:08:51.157+0300] {processor.py:925} INFO - DAG(s) 'example_bash_operator' retrieved from /home/airflow/.local/lib/python3.12/site-packages/airflow/example_dags/example_bash_operator.py
[2024-11-06T18:08:51.178+0300] {logging_mixin.py:190} INFO - [2024-11-06T18:08:51.177+0300] {dag.py:3239} INFO - Sync 1 DAGs
[2024-11-06T18:08:51.198+0300] {logging_mixin.py:190} INFO - [2024-11-06T18:08:51.198+0300] {dag.py:4180} INFO - Setting next_dagrun for example_bash_operator to 2024-11-05 00:00:00+00:00, run_after=2024-11-06 00:00:00+00:00
[2024-11-06T18:08:51.214+0300] {processor.py:208} INFO - Processing /home/airflow/.local/lib/python3.12/site-packages/airflow/example_dags/example_bash_operator.py took 0.078 seconds
[2024-11-06T18:09:21.700+0300] {processor.py:186} INFO - Started process (PID=2117) to work on /home/airflow/.local/lib/python3.12/site-packages/airflow/example_dags/example_bash_operator.py
[2024-11-06T18:09:21.701+0300] {processor.py:914} INFO - Processing file /home/airflow/.local/lib/python3.12/site-packages/airflow/example_dags/example_bash_operator.py for tasks to queue
[2024-11-06T18:09:21.703+0300] {logging_mixin.py:190} INFO - [2024-11-06T18:09:21.703+0300] {dagbag.py:588} INFO - Filling up the DagBag from /home/airflow/.local/lib/python3.12/site-packages/airflow/example_dags/example_bash_operator.py
[2024-11-06T18:09:21.715+0300] {processor.py:925} INFO - DAG(s) 'example_bash_operator' retrieved from /home/airflow/.local/lib/python3.12/site-packages/airflow/example_dags/example_bash_operator.py
[2024-11-06T18:09:21.741+0300] {logging_mixin.py:190} INFO - [2024-11-06T18:09:21.740+0300] {dag.py:3239} INFO - Sync 1 DAGs
[2024-11-06T18:09:21.760+0300] {logging_mixin.py:190} INFO - [2024-11-06T18:09:21.760+0300] {dag.py:4180} INFO - Setting next_dagrun for example_bash_operator to 2024-11-05 00:00:00+00:00, run_after=2024-11-06 00:00:00+00:00
[2024-11-06T18:09:21.775+0300] {processor.py:208} INFO - Processing /home/airflow/.local/lib/python3.12/site-packages/airflow/example_dags/example_bash_operator.py took 0.080 seconds
[2024-11-06T18:09:53.184+0300] {processor.py:186} INFO - Started process (PID=2185) to work on /home/airflow/.local/lib/python3.12/site-packages/airflow/example_dags/example_bash_operator.py
[2024-11-06T18:09:53.185+0300] {processor.py:914} INFO - Processing file /home/airflow/.local/lib/python3.12/site-packages/airflow/example_dags/example_bash_operator.py for tasks to queue
[2024-11-06T18:09:53.187+0300] {logging_mixin.py:190} INFO - [2024-11-06T18:09:53.187+0300] {dagbag.py:588} INFO - Filling up the DagBag from /home/airflow/.local/lib/python3.12/site-packages/airflow/example_dags/example_bash_operator.py
[2024-11-06T18:09:53.199+0300] {processor.py:925} INFO - DAG(s) 'example_bash_operator' retrieved from /home/airflow/.local/lib/python3.12/site-packages/airflow/example_dags/example_bash_operator.py
[2024-11-06T18:09:53.222+0300] {logging_mixin.py:190} INFO - [2024-11-06T18:09:53.222+0300] {dag.py:3239} INFO - Sync 1 DAGs
[2024-11-06T18:09:53.241+0300] {logging_mixin.py:190} INFO - [2024-11-06T18:09:53.241+0300] {dag.py:4180} INFO - Setting next_dagrun for example_bash_operator to 2024-11-05 00:00:00+00:00, run_after=2024-11-06 00:00:00+00:00
[2024-11-06T18:09:53.396+0300] {processor.py:208} INFO - Processing /home/airflow/.local/lib/python3.12/site-packages/airflow/example_dags/example_bash_operator.py took 0.217 seconds
[2024-11-06T18:10:24.525+0300] {processor.py:186} INFO - Started process (PID=2254) to work on /home/airflow/.local/lib/python3.12/site-packages/airflow/example_dags/example_bash_operator.py
[2024-11-06T18:10:24.526+0300] {processor.py:914} INFO - Processing file /home/airflow/.local/lib/python3.12/site-packages/airflow/example_dags/example_bash_operator.py for tasks to queue
[2024-11-06T18:10:24.528+0300] {logging_mixin.py:190} INFO - [2024-11-06T18:10:24.528+0300] {dagbag.py:588} INFO - Filling up the DagBag from /home/airflow/.local/lib/python3.12/site-packages/airflow/example_dags/example_bash_operator.py
[2024-11-06T18:10:24.539+0300] {processor.py:925} INFO - DAG(s) 'example_bash_operator' retrieved from /home/airflow/.local/lib/python3.12/site-packages/airflow/example_dags/example_bash_operator.py
[2024-11-06T18:10:24.564+0300] {logging_mixin.py:190} INFO - [2024-11-06T18:10:24.564+0300] {dag.py:3239} INFO - Sync 1 DAGs
[2024-11-06T18:10:24.585+0300] {logging_mixin.py:190} INFO - [2024-11-06T18:10:24.585+0300] {dag.py:4180} INFO - Setting next_dagrun for example_bash_operator to 2024-11-05 00:00:00+00:00, run_after=2024-11-06 00:00:00+00:00
[2024-11-06T18:10:24.600+0300] {processor.py:208} INFO - Processing /home/airflow/.local/lib/python3.12/site-packages/airflow/example_dags/example_bash_operator.py took 0.081 seconds
[2024-11-06T18:10:55.456+0300] {processor.py:186} INFO - Started process (PID=2323) to work on /home/airflow/.local/lib/python3.12/site-packages/airflow/example_dags/example_bash_operator.py
[2024-11-06T18:10:55.458+0300] {processor.py:914} INFO - Processing file /home/airflow/.local/lib/python3.12/site-packages/airflow/example_dags/example_bash_operator.py for tasks to queue
[2024-11-06T18:10:55.460+0300] {logging_mixin.py:190} INFO - [2024-11-06T18:10:55.460+0300] {dagbag.py:588} INFO - Filling up the DagBag from /home/airflow/.local/lib/python3.12/site-packages/airflow/example_dags/example_bash_operator.py
[2024-11-06T18:10:55.472+0300] {processor.py:925} INFO - DAG(s) 'example_bash_operator' retrieved from /home/airflow/.local/lib/python3.12/site-packages/airflow/example_dags/example_bash_operator.py
[2024-11-06T18:10:55.499+0300] {logging_mixin.py:190} INFO - [2024-11-06T18:10:55.499+0300] {dag.py:3239} INFO - Sync 1 DAGs
[2024-11-06T18:10:55.520+0300] {logging_mixin.py:190} INFO - [2024-11-06T18:10:55.520+0300] {dag.py:4180} INFO - Setting next_dagrun for example_bash_operator to 2024-11-05 00:00:00+00:00, run_after=2024-11-06 00:00:00+00:00
[2024-11-06T18:10:55.538+0300] {processor.py:208} INFO - Processing /home/airflow/.local/lib/python3.12/site-packages/airflow/example_dags/example_bash_operator.py took 0.086 seconds
[2024-11-06T18:11:26.821+0300] {processor.py:186} INFO - Started process (PID=2392) to work on /home/airflow/.local/lib/python3.12/site-packages/airflow/example_dags/example_bash_operator.py
[2024-11-06T18:11:26.823+0300] {processor.py:914} INFO - Processing file /home/airflow/.local/lib/python3.12/site-packages/airflow/example_dags/example_bash_operator.py for tasks to queue
[2024-11-06T18:11:26.825+0300] {logging_mixin.py:190} INFO - [2024-11-06T18:11:26.825+0300] {dagbag.py:588} INFO - Filling up the DagBag from /home/airflow/.local/lib/python3.12/site-packages/airflow/example_dags/example_bash_operator.py
[2024-11-06T18:11:26.836+0300] {processor.py:925} INFO - DAG(s) 'example_bash_operator' retrieved from /home/airflow/.local/lib/python3.12/site-packages/airflow/example_dags/example_bash_operator.py
[2024-11-06T18:11:26.862+0300] {logging_mixin.py:190} INFO - [2024-11-06T18:11:26.861+0300] {dag.py:3239} INFO - Sync 1 DAGs
[2024-11-06T18:11:26.886+0300] {logging_mixin.py:190} INFO - [2024-11-06T18:11:26.885+0300] {dag.py:4180} INFO - Setting next_dagrun for example_bash_operator to 2024-11-05 00:00:00+00:00, run_after=2024-11-06 00:00:00+00:00
[2024-11-06T18:11:26.917+0300] {processor.py:208} INFO - Processing /home/airflow/.local/lib/python3.12/site-packages/airflow/example_dags/example_bash_operator.py took 0.102 seconds
