[2024-11-06T17:54:33.703+0300] {processor.py:186} INFO - Started process (PID=117) to work on /home/airflow/.local/lib/python3.12/site-packages/airflow/example_dags/example_trigger_target_dag.py
[2024-11-06T17:54:33.705+0300] {processor.py:914} INFO - Processing file /home/airflow/.local/lib/python3.12/site-packages/airflow/example_dags/example_trigger_target_dag.py for tasks to queue
[2024-11-06T17:54:33.708+0300] {logging_mixin.py:190} INFO - [2024-11-06T17:54:33.707+0300] {dagbag.py:588} INFO - Filling up the DagBag from /home/airflow/.local/lib/python3.12/site-packages/airflow/example_dags/example_trigger_target_dag.py
[2024-11-06T17:54:33.718+0300] {processor.py:925} INFO - DAG(s) 'example_trigger_target_dag' retrieved from /home/airflow/.local/lib/python3.12/site-packages/airflow/example_dags/example_trigger_target_dag.py
[2024-11-06T17:54:33.745+0300] {logging_mixin.py:190} INFO - [2024-11-06T17:54:33.744+0300] {dag.py:3239} INFO - Sync 1 DAGs
[2024-11-06T17:54:33.769+0300] {logging_mixin.py:190} INFO - [2024-11-06T17:54:33.769+0300] {dag.py:4180} INFO - Setting next_dagrun for example_trigger_target_dag to None, run_after=None
[2024-11-06T17:54:33.800+0300] {processor.py:208} INFO - Processing /home/airflow/.local/lib/python3.12/site-packages/airflow/example_dags/example_trigger_target_dag.py took 0.102 seconds
[2024-11-06T17:55:03.953+0300] {processor.py:186} INFO - Started process (PID=209) to work on /home/airflow/.local/lib/python3.12/site-packages/airflow/example_dags/example_trigger_target_dag.py
[2024-11-06T17:55:03.954+0300] {processor.py:914} INFO - Processing file /home/airflow/.local/lib/python3.12/site-packages/airflow/example_dags/example_trigger_target_dag.py for tasks to queue
[2024-11-06T17:55:03.956+0300] {logging_mixin.py:190} INFO - [2024-11-06T17:55:03.956+0300] {dagbag.py:588} INFO - Filling up the DagBag from /home/airflow/.local/lib/python3.12/site-packages/airflow/example_dags/example_trigger_target_dag.py
[2024-11-06T17:55:03.964+0300] {processor.py:925} INFO - DAG(s) 'example_trigger_target_dag' retrieved from /home/airflow/.local/lib/python3.12/site-packages/airflow/example_dags/example_trigger_target_dag.py
[2024-11-06T17:55:03.983+0300] {logging_mixin.py:190} INFO - [2024-11-06T17:55:03.983+0300] {dag.py:3239} INFO - Sync 1 DAGs
[2024-11-06T17:55:03.996+0300] {logging_mixin.py:190} INFO - [2024-11-06T17:55:03.996+0300] {dag.py:4180} INFO - Setting next_dagrun for example_trigger_target_dag to None, run_after=None
[2024-11-06T17:55:04.013+0300] {processor.py:208} INFO - Processing /home/airflow/.local/lib/python3.12/site-packages/airflow/example_dags/example_trigger_target_dag.py took 0.066 seconds
[2024-11-06T17:55:35.010+0300] {processor.py:186} INFO - Started process (PID=280) to work on /home/airflow/.local/lib/python3.12/site-packages/airflow/example_dags/example_trigger_target_dag.py
[2024-11-06T17:55:35.013+0300] {processor.py:914} INFO - Processing file /home/airflow/.local/lib/python3.12/site-packages/airflow/example_dags/example_trigger_target_dag.py for tasks to queue
[2024-11-06T17:55:35.017+0300] {logging_mixin.py:190} INFO - [2024-11-06T17:55:35.017+0300] {dagbag.py:588} INFO - Filling up the DagBag from /home/airflow/.local/lib/python3.12/site-packages/airflow/example_dags/example_trigger_target_dag.py
[2024-11-06T17:55:35.027+0300] {processor.py:925} INFO - DAG(s) 'example_trigger_target_dag' retrieved from /home/airflow/.local/lib/python3.12/site-packages/airflow/example_dags/example_trigger_target_dag.py
[2024-11-06T17:55:35.049+0300] {logging_mixin.py:190} INFO - [2024-11-06T17:55:35.048+0300] {dag.py:3239} INFO - Sync 1 DAGs
[2024-11-06T17:55:35.067+0300] {logging_mixin.py:190} INFO - [2024-11-06T17:55:35.067+0300] {dag.py:4180} INFO - Setting next_dagrun for example_trigger_target_dag to None, run_after=None
[2024-11-06T17:55:35.089+0300] {processor.py:208} INFO - Processing /home/airflow/.local/lib/python3.12/site-packages/airflow/example_dags/example_trigger_target_dag.py took 0.088 seconds
[2024-11-06T17:56:05.388+0300] {processor.py:186} INFO - Started process (PID=349) to work on /home/airflow/.local/lib/python3.12/site-packages/airflow/example_dags/example_trigger_target_dag.py
[2024-11-06T17:56:05.390+0300] {processor.py:914} INFO - Processing file /home/airflow/.local/lib/python3.12/site-packages/airflow/example_dags/example_trigger_target_dag.py for tasks to queue
[2024-11-06T17:56:05.393+0300] {logging_mixin.py:190} INFO - [2024-11-06T17:56:05.393+0300] {dagbag.py:588} INFO - Filling up the DagBag from /home/airflow/.local/lib/python3.12/site-packages/airflow/example_dags/example_trigger_target_dag.py
[2024-11-06T17:56:05.401+0300] {processor.py:925} INFO - DAG(s) 'example_trigger_target_dag' retrieved from /home/airflow/.local/lib/python3.12/site-packages/airflow/example_dags/example_trigger_target_dag.py
[2024-11-06T17:56:05.422+0300] {logging_mixin.py:190} INFO - [2024-11-06T17:56:05.422+0300] {dag.py:3239} INFO - Sync 1 DAGs
[2024-11-06T17:56:05.435+0300] {logging_mixin.py:190} INFO - [2024-11-06T17:56:05.435+0300] {dag.py:4180} INFO - Setting next_dagrun for example_trigger_target_dag to None, run_after=None
[2024-11-06T17:56:05.467+0300] {processor.py:208} INFO - Processing /home/airflow/.local/lib/python3.12/site-packages/airflow/example_dags/example_trigger_target_dag.py took 0.085 seconds
[2024-11-06T17:56:35.931+0300] {processor.py:186} INFO - Started process (PID=418) to work on /home/airflow/.local/lib/python3.12/site-packages/airflow/example_dags/example_trigger_target_dag.py
[2024-11-06T17:56:35.937+0300] {processor.py:914} INFO - Processing file /home/airflow/.local/lib/python3.12/site-packages/airflow/example_dags/example_trigger_target_dag.py for tasks to queue
[2024-11-06T17:56:35.940+0300] {logging_mixin.py:190} INFO - [2024-11-06T17:56:35.940+0300] {dagbag.py:588} INFO - Filling up the DagBag from /home/airflow/.local/lib/python3.12/site-packages/airflow/example_dags/example_trigger_target_dag.py
[2024-11-06T17:56:35.948+0300] {processor.py:925} INFO - DAG(s) 'example_trigger_target_dag' retrieved from /home/airflow/.local/lib/python3.12/site-packages/airflow/example_dags/example_trigger_target_dag.py
[2024-11-06T17:56:35.967+0300] {logging_mixin.py:190} INFO - [2024-11-06T17:56:35.967+0300] {dag.py:3239} INFO - Sync 1 DAGs
[2024-11-06T17:56:35.980+0300] {logging_mixin.py:190} INFO - [2024-11-06T17:56:35.979+0300] {dag.py:4180} INFO - Setting next_dagrun for example_trigger_target_dag to None, run_after=None
[2024-11-06T17:56:36.012+0300] {processor.py:208} INFO - Processing /home/airflow/.local/lib/python3.12/site-packages/airflow/example_dags/example_trigger_target_dag.py took 0.086 seconds
[2024-11-06T17:57:06.769+0300] {processor.py:186} INFO - Started process (PID=487) to work on /home/airflow/.local/lib/python3.12/site-packages/airflow/example_dags/example_trigger_target_dag.py
[2024-11-06T17:57:06.770+0300] {processor.py:914} INFO - Processing file /home/airflow/.local/lib/python3.12/site-packages/airflow/example_dags/example_trigger_target_dag.py for tasks to queue
[2024-11-06T17:57:06.773+0300] {logging_mixin.py:190} INFO - [2024-11-06T17:57:06.772+0300] {dagbag.py:588} INFO - Filling up the DagBag from /home/airflow/.local/lib/python3.12/site-packages/airflow/example_dags/example_trigger_target_dag.py
[2024-11-06T17:57:06.780+0300] {processor.py:925} INFO - DAG(s) 'example_trigger_target_dag' retrieved from /home/airflow/.local/lib/python3.12/site-packages/airflow/example_dags/example_trigger_target_dag.py
[2024-11-06T17:57:06.797+0300] {logging_mixin.py:190} INFO - [2024-11-06T17:57:06.797+0300] {dag.py:3239} INFO - Sync 1 DAGs
[2024-11-06T17:57:06.809+0300] {logging_mixin.py:190} INFO - [2024-11-06T17:57:06.809+0300] {dag.py:4180} INFO - Setting next_dagrun for example_trigger_target_dag to None, run_after=None
[2024-11-06T17:57:06.841+0300] {processor.py:208} INFO - Processing /home/airflow/.local/lib/python3.12/site-packages/airflow/example_dags/example_trigger_target_dag.py took 0.077 seconds
[2024-11-06T17:57:37.313+0300] {processor.py:186} INFO - Started process (PID=557) to work on /home/airflow/.local/lib/python3.12/site-packages/airflow/example_dags/example_trigger_target_dag.py
[2024-11-06T17:57:37.314+0300] {processor.py:914} INFO - Processing file /home/airflow/.local/lib/python3.12/site-packages/airflow/example_dags/example_trigger_target_dag.py for tasks to queue
[2024-11-06T17:57:37.317+0300] {logging_mixin.py:190} INFO - [2024-11-06T17:57:37.316+0300] {dagbag.py:588} INFO - Filling up the DagBag from /home/airflow/.local/lib/python3.12/site-packages/airflow/example_dags/example_trigger_target_dag.py
[2024-11-06T17:57:37.323+0300] {processor.py:925} INFO - DAG(s) 'example_trigger_target_dag' retrieved from /home/airflow/.local/lib/python3.12/site-packages/airflow/example_dags/example_trigger_target_dag.py
[2024-11-06T17:57:37.342+0300] {logging_mixin.py:190} INFO - [2024-11-06T17:57:37.341+0300] {dag.py:3239} INFO - Sync 1 DAGs
[2024-11-06T17:57:37.354+0300] {logging_mixin.py:190} INFO - [2024-11-06T17:57:37.354+0300] {dag.py:4180} INFO - Setting next_dagrun for example_trigger_target_dag to None, run_after=None
[2024-11-06T17:57:37.387+0300] {processor.py:208} INFO - Processing /home/airflow/.local/lib/python3.12/site-packages/airflow/example_dags/example_trigger_target_dag.py took 0.081 seconds
[2024-11-06T17:58:07.563+0300] {processor.py:186} INFO - Started process (PID=626) to work on /home/airflow/.local/lib/python3.12/site-packages/airflow/example_dags/example_trigger_target_dag.py
[2024-11-06T17:58:07.565+0300] {processor.py:914} INFO - Processing file /home/airflow/.local/lib/python3.12/site-packages/airflow/example_dags/example_trigger_target_dag.py for tasks to queue
[2024-11-06T17:58:07.569+0300] {logging_mixin.py:190} INFO - [2024-11-06T17:58:07.568+0300] {dagbag.py:588} INFO - Filling up the DagBag from /home/airflow/.local/lib/python3.12/site-packages/airflow/example_dags/example_trigger_target_dag.py
[2024-11-06T17:58:07.579+0300] {processor.py:925} INFO - DAG(s) 'example_trigger_target_dag' retrieved from /home/airflow/.local/lib/python3.12/site-packages/airflow/example_dags/example_trigger_target_dag.py
[2024-11-06T17:58:07.602+0300] {logging_mixin.py:190} INFO - [2024-11-06T17:58:07.602+0300] {dag.py:3239} INFO - Sync 1 DAGs
[2024-11-06T17:58:07.619+0300] {logging_mixin.py:190} INFO - [2024-11-06T17:58:07.619+0300] {dag.py:4180} INFO - Setting next_dagrun for example_trigger_target_dag to None, run_after=None
[2024-11-06T17:58:07.644+0300] {processor.py:208} INFO - Processing /home/airflow/.local/lib/python3.12/site-packages/airflow/example_dags/example_trigger_target_dag.py took 0.086 seconds
[2024-11-06T17:58:38.497+0300] {processor.py:186} INFO - Started process (PID=695) to work on /home/airflow/.local/lib/python3.12/site-packages/airflow/example_dags/example_trigger_target_dag.py
[2024-11-06T17:58:38.499+0300] {processor.py:914} INFO - Processing file /home/airflow/.local/lib/python3.12/site-packages/airflow/example_dags/example_trigger_target_dag.py for tasks to queue
[2024-11-06T17:58:38.505+0300] {logging_mixin.py:190} INFO - [2024-11-06T17:58:38.504+0300] {dagbag.py:588} INFO - Filling up the DagBag from /home/airflow/.local/lib/python3.12/site-packages/airflow/example_dags/example_trigger_target_dag.py
[2024-11-06T17:58:38.520+0300] {processor.py:925} INFO - DAG(s) 'example_trigger_target_dag' retrieved from /home/airflow/.local/lib/python3.12/site-packages/airflow/example_dags/example_trigger_target_dag.py
[2024-11-06T17:58:38.551+0300] {logging_mixin.py:190} INFO - [2024-11-06T17:58:38.551+0300] {dag.py:3239} INFO - Sync 1 DAGs
[2024-11-06T17:58:38.572+0300] {logging_mixin.py:190} INFO - [2024-11-06T17:58:38.572+0300] {dag.py:4180} INFO - Setting next_dagrun for example_trigger_target_dag to None, run_after=None
[2024-11-06T17:58:38.600+0300] {processor.py:208} INFO - Processing /home/airflow/.local/lib/python3.12/site-packages/airflow/example_dags/example_trigger_target_dag.py took 0.118 seconds
[2024-11-06T17:59:09.031+0300] {processor.py:186} INFO - Started process (PID=764) to work on /home/airflow/.local/lib/python3.12/site-packages/airflow/example_dags/example_trigger_target_dag.py
[2024-11-06T17:59:09.032+0300] {processor.py:914} INFO - Processing file /home/airflow/.local/lib/python3.12/site-packages/airflow/example_dags/example_trigger_target_dag.py for tasks to queue
[2024-11-06T17:59:09.035+0300] {logging_mixin.py:190} INFO - [2024-11-06T17:59:09.035+0300] {dagbag.py:588} INFO - Filling up the DagBag from /home/airflow/.local/lib/python3.12/site-packages/airflow/example_dags/example_trigger_target_dag.py
[2024-11-06T17:59:09.047+0300] {processor.py:925} INFO - DAG(s) 'example_trigger_target_dag' retrieved from /home/airflow/.local/lib/python3.12/site-packages/airflow/example_dags/example_trigger_target_dag.py
[2024-11-06T17:59:09.095+0300] {logging_mixin.py:190} INFO - [2024-11-06T17:59:09.095+0300] {dag.py:3239} INFO - Sync 1 DAGs
[2024-11-06T17:59:09.120+0300] {logging_mixin.py:190} INFO - [2024-11-06T17:59:09.119+0300] {dag.py:4180} INFO - Setting next_dagrun for example_trigger_target_dag to None, run_after=None
[2024-11-06T17:59:09.165+0300] {processor.py:208} INFO - Processing /home/airflow/.local/lib/python3.12/site-packages/airflow/example_dags/example_trigger_target_dag.py took 0.142 seconds
[2024-11-06T17:59:39.665+0300] {processor.py:186} INFO - Started process (PID=833) to work on /home/airflow/.local/lib/python3.12/site-packages/airflow/example_dags/example_trigger_target_dag.py
[2024-11-06T17:59:39.667+0300] {processor.py:914} INFO - Processing file /home/airflow/.local/lib/python3.12/site-packages/airflow/example_dags/example_trigger_target_dag.py for tasks to queue
[2024-11-06T17:59:39.670+0300] {logging_mixin.py:190} INFO - [2024-11-06T17:59:39.669+0300] {dagbag.py:588} INFO - Filling up the DagBag from /home/airflow/.local/lib/python3.12/site-packages/airflow/example_dags/example_trigger_target_dag.py
[2024-11-06T17:59:39.678+0300] {processor.py:925} INFO - DAG(s) 'example_trigger_target_dag' retrieved from /home/airflow/.local/lib/python3.12/site-packages/airflow/example_dags/example_trigger_target_dag.py
[2024-11-06T17:59:39.700+0300] {logging_mixin.py:190} INFO - [2024-11-06T17:59:39.700+0300] {dag.py:3239} INFO - Sync 1 DAGs
[2024-11-06T17:59:39.714+0300] {logging_mixin.py:190} INFO - [2024-11-06T17:59:39.714+0300] {dag.py:4180} INFO - Setting next_dagrun for example_trigger_target_dag to None, run_after=None
[2024-11-06T17:59:39.740+0300] {processor.py:208} INFO - Processing /home/airflow/.local/lib/python3.12/site-packages/airflow/example_dags/example_trigger_target_dag.py took 0.082 seconds
[2024-11-06T18:00:10.024+0300] {processor.py:186} INFO - Started process (PID=902) to work on /home/airflow/.local/lib/python3.12/site-packages/airflow/example_dags/example_trigger_target_dag.py
[2024-11-06T18:00:10.025+0300] {processor.py:914} INFO - Processing file /home/airflow/.local/lib/python3.12/site-packages/airflow/example_dags/example_trigger_target_dag.py for tasks to queue
[2024-11-06T18:00:10.027+0300] {logging_mixin.py:190} INFO - [2024-11-06T18:00:10.026+0300] {dagbag.py:588} INFO - Filling up the DagBag from /home/airflow/.local/lib/python3.12/site-packages/airflow/example_dags/example_trigger_target_dag.py
[2024-11-06T18:00:10.033+0300] {processor.py:925} INFO - DAG(s) 'example_trigger_target_dag' retrieved from /home/airflow/.local/lib/python3.12/site-packages/airflow/example_dags/example_trigger_target_dag.py
[2024-11-06T18:00:10.051+0300] {logging_mixin.py:190} INFO - [2024-11-06T18:00:10.050+0300] {dag.py:3239} INFO - Sync 1 DAGs
[2024-11-06T18:00:10.063+0300] {logging_mixin.py:190} INFO - [2024-11-06T18:00:10.062+0300] {dag.py:4180} INFO - Setting next_dagrun for example_trigger_target_dag to None, run_after=None
[2024-11-06T18:00:10.080+0300] {processor.py:208} INFO - Processing /home/airflow/.local/lib/python3.12/site-packages/airflow/example_dags/example_trigger_target_dag.py took 0.061 seconds
[2024-11-06T18:00:40.775+0300] {processor.py:186} INFO - Started process (PID=971) to work on /home/airflow/.local/lib/python3.12/site-packages/airflow/example_dags/example_trigger_target_dag.py
[2024-11-06T18:00:40.777+0300] {processor.py:914} INFO - Processing file /home/airflow/.local/lib/python3.12/site-packages/airflow/example_dags/example_trigger_target_dag.py for tasks to queue
[2024-11-06T18:00:40.779+0300] {logging_mixin.py:190} INFO - [2024-11-06T18:00:40.779+0300] {dagbag.py:588} INFO - Filling up the DagBag from /home/airflow/.local/lib/python3.12/site-packages/airflow/example_dags/example_trigger_target_dag.py
[2024-11-06T18:00:40.786+0300] {processor.py:925} INFO - DAG(s) 'example_trigger_target_dag' retrieved from /home/airflow/.local/lib/python3.12/site-packages/airflow/example_dags/example_trigger_target_dag.py
[2024-11-06T18:00:40.803+0300] {logging_mixin.py:190} INFO - [2024-11-06T18:00:40.803+0300] {dag.py:3239} INFO - Sync 1 DAGs
[2024-11-06T18:00:40.815+0300] {logging_mixin.py:190} INFO - [2024-11-06T18:00:40.815+0300] {dag.py:4180} INFO - Setting next_dagrun for example_trigger_target_dag to None, run_after=None
[2024-11-06T18:00:40.833+0300] {processor.py:208} INFO - Processing /home/airflow/.local/lib/python3.12/site-packages/airflow/example_dags/example_trigger_target_dag.py took 0.062 seconds
[2024-11-06T18:01:11.409+0300] {processor.py:186} INFO - Started process (PID=1040) to work on /home/airflow/.local/lib/python3.12/site-packages/airflow/example_dags/example_trigger_target_dag.py
[2024-11-06T18:01:11.410+0300] {processor.py:914} INFO - Processing file /home/airflow/.local/lib/python3.12/site-packages/airflow/example_dags/example_trigger_target_dag.py for tasks to queue
[2024-11-06T18:01:11.413+0300] {logging_mixin.py:190} INFO - [2024-11-06T18:01:11.413+0300] {dagbag.py:588} INFO - Filling up the DagBag from /home/airflow/.local/lib/python3.12/site-packages/airflow/example_dags/example_trigger_target_dag.py
[2024-11-06T18:01:11.419+0300] {processor.py:925} INFO - DAG(s) 'example_trigger_target_dag' retrieved from /home/airflow/.local/lib/python3.12/site-packages/airflow/example_dags/example_trigger_target_dag.py
[2024-11-06T18:01:11.437+0300] {logging_mixin.py:190} INFO - [2024-11-06T18:01:11.437+0300] {dag.py:3239} INFO - Sync 1 DAGs
[2024-11-06T18:01:11.451+0300] {logging_mixin.py:190} INFO - [2024-11-06T18:01:11.451+0300] {dag.py:4180} INFO - Setting next_dagrun for example_trigger_target_dag to None, run_after=None
[2024-11-06T18:01:11.468+0300] {processor.py:208} INFO - Processing /home/airflow/.local/lib/python3.12/site-packages/airflow/example_dags/example_trigger_target_dag.py took 0.065 seconds
[2024-11-06T18:01:41.778+0300] {processor.py:186} INFO - Started process (PID=1109) to work on /home/airflow/.local/lib/python3.12/site-packages/airflow/example_dags/example_trigger_target_dag.py
[2024-11-06T18:01:41.779+0300] {processor.py:914} INFO - Processing file /home/airflow/.local/lib/python3.12/site-packages/airflow/example_dags/example_trigger_target_dag.py for tasks to queue
[2024-11-06T18:01:41.781+0300] {logging_mixin.py:190} INFO - [2024-11-06T18:01:41.781+0300] {dagbag.py:588} INFO - Filling up the DagBag from /home/airflow/.local/lib/python3.12/site-packages/airflow/example_dags/example_trigger_target_dag.py
[2024-11-06T18:01:41.788+0300] {processor.py:925} INFO - DAG(s) 'example_trigger_target_dag' retrieved from /home/airflow/.local/lib/python3.12/site-packages/airflow/example_dags/example_trigger_target_dag.py
[2024-11-06T18:01:41.806+0300] {logging_mixin.py:190} INFO - [2024-11-06T18:01:41.806+0300] {dag.py:3239} INFO - Sync 1 DAGs
[2024-11-06T18:01:41.819+0300] {logging_mixin.py:190} INFO - [2024-11-06T18:01:41.818+0300] {dag.py:4180} INFO - Setting next_dagrun for example_trigger_target_dag to None, run_after=None
[2024-11-06T18:01:41.838+0300] {processor.py:208} INFO - Processing /home/airflow/.local/lib/python3.12/site-packages/airflow/example_dags/example_trigger_target_dag.py took 0.065 seconds
[2024-11-06T18:02:12.943+0300] {processor.py:186} INFO - Started process (PID=1178) to work on /home/airflow/.local/lib/python3.12/site-packages/airflow/example_dags/example_trigger_target_dag.py
[2024-11-06T18:02:12.944+0300] {processor.py:914} INFO - Processing file /home/airflow/.local/lib/python3.12/site-packages/airflow/example_dags/example_trigger_target_dag.py for tasks to queue
[2024-11-06T18:02:12.947+0300] {logging_mixin.py:190} INFO - [2024-11-06T18:02:12.946+0300] {dagbag.py:588} INFO - Filling up the DagBag from /home/airflow/.local/lib/python3.12/site-packages/airflow/example_dags/example_trigger_target_dag.py
[2024-11-06T18:02:12.953+0300] {processor.py:925} INFO - DAG(s) 'example_trigger_target_dag' retrieved from /home/airflow/.local/lib/python3.12/site-packages/airflow/example_dags/example_trigger_target_dag.py
[2024-11-06T18:02:12.969+0300] {logging_mixin.py:190} INFO - [2024-11-06T18:02:12.969+0300] {dag.py:3239} INFO - Sync 1 DAGs
[2024-11-06T18:02:12.984+0300] {logging_mixin.py:190} INFO - [2024-11-06T18:02:12.983+0300] {dag.py:4180} INFO - Setting next_dagrun for example_trigger_target_dag to None, run_after=None
[2024-11-06T18:02:13.028+0300] {processor.py:208} INFO - Processing /home/airflow/.local/lib/python3.12/site-packages/airflow/example_dags/example_trigger_target_dag.py took 0.091 seconds
[2024-11-06T18:02:43.797+0300] {processor.py:186} INFO - Started process (PID=1247) to work on /home/airflow/.local/lib/python3.12/site-packages/airflow/example_dags/example_trigger_target_dag.py
[2024-11-06T18:02:43.798+0300] {processor.py:914} INFO - Processing file /home/airflow/.local/lib/python3.12/site-packages/airflow/example_dags/example_trigger_target_dag.py for tasks to queue
[2024-11-06T18:02:43.801+0300] {logging_mixin.py:190} INFO - [2024-11-06T18:02:43.800+0300] {dagbag.py:588} INFO - Filling up the DagBag from /home/airflow/.local/lib/python3.12/site-packages/airflow/example_dags/example_trigger_target_dag.py
[2024-11-06T18:02:43.813+0300] {processor.py:925} INFO - DAG(s) 'example_trigger_target_dag' retrieved from /home/airflow/.local/lib/python3.12/site-packages/airflow/example_dags/example_trigger_target_dag.py
[2024-11-06T18:02:43.834+0300] {logging_mixin.py:190} INFO - [2024-11-06T18:02:43.834+0300] {dag.py:3239} INFO - Sync 1 DAGs
[2024-11-06T18:02:43.847+0300] {logging_mixin.py:190} INFO - [2024-11-06T18:02:43.847+0300] {dag.py:4180} INFO - Setting next_dagrun for example_trigger_target_dag to None, run_after=None
[2024-11-06T18:02:43.865+0300] {processor.py:208} INFO - Processing /home/airflow/.local/lib/python3.12/site-packages/airflow/example_dags/example_trigger_target_dag.py took 0.076 seconds
[2024-11-06T18:03:14.371+0300] {processor.py:186} INFO - Started process (PID=1316) to work on /home/airflow/.local/lib/python3.12/site-packages/airflow/example_dags/example_trigger_target_dag.py
[2024-11-06T18:03:14.372+0300] {processor.py:914} INFO - Processing file /home/airflow/.local/lib/python3.12/site-packages/airflow/example_dags/example_trigger_target_dag.py for tasks to queue
[2024-11-06T18:03:14.375+0300] {logging_mixin.py:190} INFO - [2024-11-06T18:03:14.375+0300] {dagbag.py:588} INFO - Filling up the DagBag from /home/airflow/.local/lib/python3.12/site-packages/airflow/example_dags/example_trigger_target_dag.py
[2024-11-06T18:03:14.384+0300] {processor.py:925} INFO - DAG(s) 'example_trigger_target_dag' retrieved from /home/airflow/.local/lib/python3.12/site-packages/airflow/example_dags/example_trigger_target_dag.py
[2024-11-06T18:03:14.405+0300] {logging_mixin.py:190} INFO - [2024-11-06T18:03:14.404+0300] {dag.py:3239} INFO - Sync 1 DAGs
[2024-11-06T18:03:14.419+0300] {logging_mixin.py:190} INFO - [2024-11-06T18:03:14.419+0300] {dag.py:4180} INFO - Setting next_dagrun for example_trigger_target_dag to None, run_after=None
[2024-11-06T18:03:14.439+0300] {processor.py:208} INFO - Processing /home/airflow/.local/lib/python3.12/site-packages/airflow/example_dags/example_trigger_target_dag.py took 0.075 seconds
[2024-11-06T18:03:44.814+0300] {processor.py:186} INFO - Started process (PID=1384) to work on /home/airflow/.local/lib/python3.12/site-packages/airflow/example_dags/example_trigger_target_dag.py
[2024-11-06T18:03:44.815+0300] {processor.py:914} INFO - Processing file /home/airflow/.local/lib/python3.12/site-packages/airflow/example_dags/example_trigger_target_dag.py for tasks to queue
[2024-11-06T18:03:44.818+0300] {logging_mixin.py:190} INFO - [2024-11-06T18:03:44.818+0300] {dagbag.py:588} INFO - Filling up the DagBag from /home/airflow/.local/lib/python3.12/site-packages/airflow/example_dags/example_trigger_target_dag.py
[2024-11-06T18:03:44.826+0300] {processor.py:925} INFO - DAG(s) 'example_trigger_target_dag' retrieved from /home/airflow/.local/lib/python3.12/site-packages/airflow/example_dags/example_trigger_target_dag.py
[2024-11-06T18:03:44.848+0300] {logging_mixin.py:190} INFO - [2024-11-06T18:03:44.847+0300] {dag.py:3239} INFO - Sync 1 DAGs
[2024-11-06T18:03:44.860+0300] {logging_mixin.py:190} INFO - [2024-11-06T18:03:44.860+0300] {dag.py:4180} INFO - Setting next_dagrun for example_trigger_target_dag to None, run_after=None
[2024-11-06T18:03:44.881+0300] {processor.py:208} INFO - Processing /home/airflow/.local/lib/python3.12/site-packages/airflow/example_dags/example_trigger_target_dag.py took 0.072 seconds
[2024-11-06T18:04:15.668+0300] {processor.py:186} INFO - Started process (PID=1453) to work on /home/airflow/.local/lib/python3.12/site-packages/airflow/example_dags/example_trigger_target_dag.py
[2024-11-06T18:04:15.670+0300] {processor.py:914} INFO - Processing file /home/airflow/.local/lib/python3.12/site-packages/airflow/example_dags/example_trigger_target_dag.py for tasks to queue
[2024-11-06T18:04:15.672+0300] {logging_mixin.py:190} INFO - [2024-11-06T18:04:15.672+0300] {dagbag.py:588} INFO - Filling up the DagBag from /home/airflow/.local/lib/python3.12/site-packages/airflow/example_dags/example_trigger_target_dag.py
[2024-11-06T18:04:15.683+0300] {processor.py:925} INFO - DAG(s) 'example_trigger_target_dag' retrieved from /home/airflow/.local/lib/python3.12/site-packages/airflow/example_dags/example_trigger_target_dag.py
[2024-11-06T18:04:15.705+0300] {logging_mixin.py:190} INFO - [2024-11-06T18:04:15.705+0300] {dag.py:3239} INFO - Sync 1 DAGs
[2024-11-06T18:04:15.723+0300] {logging_mixin.py:190} INFO - [2024-11-06T18:04:15.723+0300] {dag.py:4180} INFO - Setting next_dagrun for example_trigger_target_dag to None, run_after=None
[2024-11-06T18:04:15.744+0300] {processor.py:208} INFO - Processing /home/airflow/.local/lib/python3.12/site-packages/airflow/example_dags/example_trigger_target_dag.py took 0.081 seconds
[2024-11-06T18:04:46.894+0300] {processor.py:186} INFO - Started process (PID=1522) to work on /home/airflow/.local/lib/python3.12/site-packages/airflow/example_dags/example_trigger_target_dag.py
[2024-11-06T18:04:46.895+0300] {processor.py:914} INFO - Processing file /home/airflow/.local/lib/python3.12/site-packages/airflow/example_dags/example_trigger_target_dag.py for tasks to queue
[2024-11-06T18:04:46.897+0300] {logging_mixin.py:190} INFO - [2024-11-06T18:04:46.897+0300] {dagbag.py:588} INFO - Filling up the DagBag from /home/airflow/.local/lib/python3.12/site-packages/airflow/example_dags/example_trigger_target_dag.py
[2024-11-06T18:04:46.904+0300] {processor.py:925} INFO - DAG(s) 'example_trigger_target_dag' retrieved from /home/airflow/.local/lib/python3.12/site-packages/airflow/example_dags/example_trigger_target_dag.py
[2024-11-06T18:04:46.923+0300] {logging_mixin.py:190} INFO - [2024-11-06T18:04:46.923+0300] {dag.py:3239} INFO - Sync 1 DAGs
[2024-11-06T18:04:46.938+0300] {logging_mixin.py:190} INFO - [2024-11-06T18:04:46.937+0300] {dag.py:4180} INFO - Setting next_dagrun for example_trigger_target_dag to None, run_after=None
[2024-11-06T18:04:46.957+0300] {processor.py:208} INFO - Processing /home/airflow/.local/lib/python3.12/site-packages/airflow/example_dags/example_trigger_target_dag.py took 0.069 seconds
[2024-11-06T18:05:17.397+0300] {processor.py:186} INFO - Started process (PID=1591) to work on /home/airflow/.local/lib/python3.12/site-packages/airflow/example_dags/example_trigger_target_dag.py
[2024-11-06T18:05:17.398+0300] {processor.py:914} INFO - Processing file /home/airflow/.local/lib/python3.12/site-packages/airflow/example_dags/example_trigger_target_dag.py for tasks to queue
[2024-11-06T18:05:17.401+0300] {logging_mixin.py:190} INFO - [2024-11-06T18:05:17.401+0300] {dagbag.py:588} INFO - Filling up the DagBag from /home/airflow/.local/lib/python3.12/site-packages/airflow/example_dags/example_trigger_target_dag.py
[2024-11-06T18:05:17.408+0300] {processor.py:925} INFO - DAG(s) 'example_trigger_target_dag' retrieved from /home/airflow/.local/lib/python3.12/site-packages/airflow/example_dags/example_trigger_target_dag.py
[2024-11-06T18:05:17.429+0300] {logging_mixin.py:190} INFO - [2024-11-06T18:05:17.429+0300] {dag.py:3239} INFO - Sync 1 DAGs
[2024-11-06T18:05:17.442+0300] {logging_mixin.py:190} INFO - [2024-11-06T18:05:17.442+0300] {dag.py:4180} INFO - Setting next_dagrun for example_trigger_target_dag to None, run_after=None
[2024-11-06T18:05:17.462+0300] {processor.py:208} INFO - Processing /home/airflow/.local/lib/python3.12/site-packages/airflow/example_dags/example_trigger_target_dag.py took 0.070 seconds
[2024-11-06T18:05:47.851+0300] {processor.py:186} INFO - Started process (PID=1660) to work on /home/airflow/.local/lib/python3.12/site-packages/airflow/example_dags/example_trigger_target_dag.py
[2024-11-06T18:05:47.853+0300] {processor.py:914} INFO - Processing file /home/airflow/.local/lib/python3.12/site-packages/airflow/example_dags/example_trigger_target_dag.py for tasks to queue
[2024-11-06T18:05:47.855+0300] {logging_mixin.py:190} INFO - [2024-11-06T18:05:47.855+0300] {dagbag.py:588} INFO - Filling up the DagBag from /home/airflow/.local/lib/python3.12/site-packages/airflow/example_dags/example_trigger_target_dag.py
[2024-11-06T18:05:47.863+0300] {processor.py:925} INFO - DAG(s) 'example_trigger_target_dag' retrieved from /home/airflow/.local/lib/python3.12/site-packages/airflow/example_dags/example_trigger_target_dag.py
[2024-11-06T18:05:47.881+0300] {logging_mixin.py:190} INFO - [2024-11-06T18:05:47.880+0300] {dag.py:3239} INFO - Sync 1 DAGs
[2024-11-06T18:05:47.894+0300] {logging_mixin.py:190} INFO - [2024-11-06T18:05:47.894+0300] {dag.py:4180} INFO - Setting next_dagrun for example_trigger_target_dag to None, run_after=None
[2024-11-06T18:05:47.913+0300] {processor.py:208} INFO - Processing /home/airflow/.local/lib/python3.12/site-packages/airflow/example_dags/example_trigger_target_dag.py took 0.068 seconds
[2024-11-06T18:06:19.558+0300] {processor.py:186} INFO - Started process (PID=1729) to work on /home/airflow/.local/lib/python3.12/site-packages/airflow/example_dags/example_trigger_target_dag.py
[2024-11-06T18:06:19.559+0300] {processor.py:914} INFO - Processing file /home/airflow/.local/lib/python3.12/site-packages/airflow/example_dags/example_trigger_target_dag.py for tasks to queue
[2024-11-06T18:06:19.562+0300] {logging_mixin.py:190} INFO - [2024-11-06T18:06:19.562+0300] {dagbag.py:588} INFO - Filling up the DagBag from /home/airflow/.local/lib/python3.12/site-packages/airflow/example_dags/example_trigger_target_dag.py
[2024-11-06T18:06:19.569+0300] {processor.py:925} INFO - DAG(s) 'example_trigger_target_dag' retrieved from /home/airflow/.local/lib/python3.12/site-packages/airflow/example_dags/example_trigger_target_dag.py
[2024-11-06T18:06:19.585+0300] {logging_mixin.py:190} INFO - [2024-11-06T18:06:19.585+0300] {dag.py:3239} INFO - Sync 1 DAGs
[2024-11-06T18:06:19.596+0300] {logging_mixin.py:190} INFO - [2024-11-06T18:06:19.596+0300] {dag.py:4180} INFO - Setting next_dagrun for example_trigger_target_dag to None, run_after=None
[2024-11-06T18:06:19.614+0300] {processor.py:208} INFO - Processing /home/airflow/.local/lib/python3.12/site-packages/airflow/example_dags/example_trigger_target_dag.py took 0.061 seconds
[2024-11-06T18:06:50.590+0300] {processor.py:186} INFO - Started process (PID=1798) to work on /home/airflow/.local/lib/python3.12/site-packages/airflow/example_dags/example_trigger_target_dag.py
[2024-11-06T18:06:50.591+0300] {processor.py:914} INFO - Processing file /home/airflow/.local/lib/python3.12/site-packages/airflow/example_dags/example_trigger_target_dag.py for tasks to queue
[2024-11-06T18:06:50.593+0300] {logging_mixin.py:190} INFO - [2024-11-06T18:06:50.593+0300] {dagbag.py:588} INFO - Filling up the DagBag from /home/airflow/.local/lib/python3.12/site-packages/airflow/example_dags/example_trigger_target_dag.py
[2024-11-06T18:06:50.601+0300] {processor.py:925} INFO - DAG(s) 'example_trigger_target_dag' retrieved from /home/airflow/.local/lib/python3.12/site-packages/airflow/example_dags/example_trigger_target_dag.py
[2024-11-06T18:06:50.621+0300] {logging_mixin.py:190} INFO - [2024-11-06T18:06:50.621+0300] {dag.py:3239} INFO - Sync 1 DAGs
[2024-11-06T18:06:50.636+0300] {logging_mixin.py:190} INFO - [2024-11-06T18:06:50.636+0300] {dag.py:4180} INFO - Setting next_dagrun for example_trigger_target_dag to None, run_after=None
[2024-11-06T18:06:50.668+0300] {processor.py:208} INFO - Processing /home/airflow/.local/lib/python3.12/site-packages/airflow/example_dags/example_trigger_target_dag.py took 0.083 seconds
[2024-11-06T18:07:21.609+0300] {processor.py:186} INFO - Started process (PID=1867) to work on /home/airflow/.local/lib/python3.12/site-packages/airflow/example_dags/example_trigger_target_dag.py
[2024-11-06T18:07:21.610+0300] {processor.py:914} INFO - Processing file /home/airflow/.local/lib/python3.12/site-packages/airflow/example_dags/example_trigger_target_dag.py for tasks to queue
[2024-11-06T18:07:21.612+0300] {logging_mixin.py:190} INFO - [2024-11-06T18:07:21.612+0300] {dagbag.py:588} INFO - Filling up the DagBag from /home/airflow/.local/lib/python3.12/site-packages/airflow/example_dags/example_trigger_target_dag.py
[2024-11-06T18:07:21.620+0300] {processor.py:925} INFO - DAG(s) 'example_trigger_target_dag' retrieved from /home/airflow/.local/lib/python3.12/site-packages/airflow/example_dags/example_trigger_target_dag.py
[2024-11-06T18:07:21.636+0300] {logging_mixin.py:190} INFO - [2024-11-06T18:07:21.636+0300] {dag.py:3239} INFO - Sync 1 DAGs
[2024-11-06T18:07:21.649+0300] {logging_mixin.py:190} INFO - [2024-11-06T18:07:21.649+0300] {dag.py:4180} INFO - Setting next_dagrun for example_trigger_target_dag to None, run_after=None
[2024-11-06T18:07:21.666+0300] {processor.py:208} INFO - Processing /home/airflow/.local/lib/python3.12/site-packages/airflow/example_dags/example_trigger_target_dag.py took 0.062 seconds
[2024-11-06T18:07:52.204+0300] {processor.py:186} INFO - Started process (PID=1936) to work on /home/airflow/.local/lib/python3.12/site-packages/airflow/example_dags/example_trigger_target_dag.py
[2024-11-06T18:07:52.205+0300] {processor.py:914} INFO - Processing file /home/airflow/.local/lib/python3.12/site-packages/airflow/example_dags/example_trigger_target_dag.py for tasks to queue
[2024-11-06T18:07:52.207+0300] {logging_mixin.py:190} INFO - [2024-11-06T18:07:52.207+0300] {dagbag.py:588} INFO - Filling up the DagBag from /home/airflow/.local/lib/python3.12/site-packages/airflow/example_dags/example_trigger_target_dag.py
[2024-11-06T18:07:52.215+0300] {processor.py:925} INFO - DAG(s) 'example_trigger_target_dag' retrieved from /home/airflow/.local/lib/python3.12/site-packages/airflow/example_dags/example_trigger_target_dag.py
[2024-11-06T18:07:52.238+0300] {logging_mixin.py:190} INFO - [2024-11-06T18:07:52.238+0300] {dag.py:3239} INFO - Sync 1 DAGs
[2024-11-06T18:07:52.254+0300] {logging_mixin.py:190} INFO - [2024-11-06T18:07:52.254+0300] {dag.py:4180} INFO - Setting next_dagrun for example_trigger_target_dag to None, run_after=None
[2024-11-06T18:07:52.282+0300] {processor.py:208} INFO - Processing /home/airflow/.local/lib/python3.12/site-packages/airflow/example_dags/example_trigger_target_dag.py took 0.085 seconds
[2024-11-06T18:08:23.034+0300] {processor.py:186} INFO - Started process (PID=2005) to work on /home/airflow/.local/lib/python3.12/site-packages/airflow/example_dags/example_trigger_target_dag.py
[2024-11-06T18:08:23.035+0300] {processor.py:914} INFO - Processing file /home/airflow/.local/lib/python3.12/site-packages/airflow/example_dags/example_trigger_target_dag.py for tasks to queue
[2024-11-06T18:08:23.038+0300] {logging_mixin.py:190} INFO - [2024-11-06T18:08:23.038+0300] {dagbag.py:588} INFO - Filling up the DagBag from /home/airflow/.local/lib/python3.12/site-packages/airflow/example_dags/example_trigger_target_dag.py
[2024-11-06T18:08:23.046+0300] {processor.py:925} INFO - DAG(s) 'example_trigger_target_dag' retrieved from /home/airflow/.local/lib/python3.12/site-packages/airflow/example_dags/example_trigger_target_dag.py
[2024-11-06T18:08:23.066+0300] {logging_mixin.py:190} INFO - [2024-11-06T18:08:23.065+0300] {dag.py:3239} INFO - Sync 1 DAGs
[2024-11-06T18:08:23.078+0300] {logging_mixin.py:190} INFO - [2024-11-06T18:08:23.078+0300] {dag.py:4180} INFO - Setting next_dagrun for example_trigger_target_dag to None, run_after=None
[2024-11-06T18:08:23.098+0300] {processor.py:208} INFO - Processing /home/airflow/.local/lib/python3.12/site-packages/airflow/example_dags/example_trigger_target_dag.py took 0.068 seconds
[2024-11-06T18:08:53.877+0300] {processor.py:186} INFO - Started process (PID=2074) to work on /home/airflow/.local/lib/python3.12/site-packages/airflow/example_dags/example_trigger_target_dag.py
[2024-11-06T18:08:53.879+0300] {processor.py:914} INFO - Processing file /home/airflow/.local/lib/python3.12/site-packages/airflow/example_dags/example_trigger_target_dag.py for tasks to queue
[2024-11-06T18:08:53.881+0300] {logging_mixin.py:190} INFO - [2024-11-06T18:08:53.881+0300] {dagbag.py:588} INFO - Filling up the DagBag from /home/airflow/.local/lib/python3.12/site-packages/airflow/example_dags/example_trigger_target_dag.py
[2024-11-06T18:08:53.889+0300] {processor.py:925} INFO - DAG(s) 'example_trigger_target_dag' retrieved from /home/airflow/.local/lib/python3.12/site-packages/airflow/example_dags/example_trigger_target_dag.py
[2024-11-06T18:08:53.906+0300] {logging_mixin.py:190} INFO - [2024-11-06T18:08:53.906+0300] {dag.py:3239} INFO - Sync 1 DAGs
[2024-11-06T18:08:53.919+0300] {logging_mixin.py:190} INFO - [2024-11-06T18:08:53.919+0300] {dag.py:4180} INFO - Setting next_dagrun for example_trigger_target_dag to None, run_after=None
[2024-11-06T18:08:53.935+0300] {processor.py:208} INFO - Processing /home/airflow/.local/lib/python3.12/site-packages/airflow/example_dags/example_trigger_target_dag.py took 0.063 seconds
[2024-11-06T18:09:24.092+0300] {processor.py:186} INFO - Started process (PID=2143) to work on /home/airflow/.local/lib/python3.12/site-packages/airflow/example_dags/example_trigger_target_dag.py
[2024-11-06T18:09:24.093+0300] {processor.py:914} INFO - Processing file /home/airflow/.local/lib/python3.12/site-packages/airflow/example_dags/example_trigger_target_dag.py for tasks to queue
[2024-11-06T18:09:24.096+0300] {logging_mixin.py:190} INFO - [2024-11-06T18:09:24.095+0300] {dagbag.py:588} INFO - Filling up the DagBag from /home/airflow/.local/lib/python3.12/site-packages/airflow/example_dags/example_trigger_target_dag.py
[2024-11-06T18:09:24.102+0300] {processor.py:925} INFO - DAG(s) 'example_trigger_target_dag' retrieved from /home/airflow/.local/lib/python3.12/site-packages/airflow/example_dags/example_trigger_target_dag.py
[2024-11-06T18:09:24.120+0300] {logging_mixin.py:190} INFO - [2024-11-06T18:09:24.120+0300] {dag.py:3239} INFO - Sync 1 DAGs
[2024-11-06T18:09:24.132+0300] {logging_mixin.py:190} INFO - [2024-11-06T18:09:24.132+0300] {dag.py:4180} INFO - Setting next_dagrun for example_trigger_target_dag to None, run_after=None
[2024-11-06T18:09:24.148+0300] {processor.py:208} INFO - Processing /home/airflow/.local/lib/python3.12/site-packages/airflow/example_dags/example_trigger_target_dag.py took 0.060 seconds
[2024-11-06T18:09:54.986+0300] {processor.py:186} INFO - Started process (PID=2211) to work on /home/airflow/.local/lib/python3.12/site-packages/airflow/example_dags/example_trigger_target_dag.py
[2024-11-06T18:09:54.987+0300] {processor.py:914} INFO - Processing file /home/airflow/.local/lib/python3.12/site-packages/airflow/example_dags/example_trigger_target_dag.py for tasks to queue
[2024-11-06T18:09:54.989+0300] {logging_mixin.py:190} INFO - [2024-11-06T18:09:54.989+0300] {dagbag.py:588} INFO - Filling up the DagBag from /home/airflow/.local/lib/python3.12/site-packages/airflow/example_dags/example_trigger_target_dag.py
[2024-11-06T18:09:54.996+0300] {processor.py:925} INFO - DAG(s) 'example_trigger_target_dag' retrieved from /home/airflow/.local/lib/python3.12/site-packages/airflow/example_dags/example_trigger_target_dag.py
[2024-11-06T18:09:55.012+0300] {logging_mixin.py:190} INFO - [2024-11-06T18:09:55.012+0300] {dag.py:3239} INFO - Sync 1 DAGs
[2024-11-06T18:09:55.025+0300] {logging_mixin.py:190} INFO - [2024-11-06T18:09:55.024+0300] {dag.py:4180} INFO - Setting next_dagrun for example_trigger_target_dag to None, run_after=None
[2024-11-06T18:09:55.040+0300] {processor.py:208} INFO - Processing /home/airflow/.local/lib/python3.12/site-packages/airflow/example_dags/example_trigger_target_dag.py took 0.060 seconds
[2024-11-06T18:10:26.885+0300] {processor.py:186} INFO - Started process (PID=2280) to work on /home/airflow/.local/lib/python3.12/site-packages/airflow/example_dags/example_trigger_target_dag.py
[2024-11-06T18:10:26.886+0300] {processor.py:914} INFO - Processing file /home/airflow/.local/lib/python3.12/site-packages/airflow/example_dags/example_trigger_target_dag.py for tasks to queue
[2024-11-06T18:10:26.889+0300] {logging_mixin.py:190} INFO - [2024-11-06T18:10:26.889+0300] {dagbag.py:588} INFO - Filling up the DagBag from /home/airflow/.local/lib/python3.12/site-packages/airflow/example_dags/example_trigger_target_dag.py
[2024-11-06T18:10:26.896+0300] {processor.py:925} INFO - DAG(s) 'example_trigger_target_dag' retrieved from /home/airflow/.local/lib/python3.12/site-packages/airflow/example_dags/example_trigger_target_dag.py
[2024-11-06T18:10:26.913+0300] {logging_mixin.py:190} INFO - [2024-11-06T18:10:26.913+0300] {dag.py:3239} INFO - Sync 1 DAGs
[2024-11-06T18:10:26.925+0300] {logging_mixin.py:190} INFO - [2024-11-06T18:10:26.924+0300] {dag.py:4180} INFO - Setting next_dagrun for example_trigger_target_dag to None, run_after=None
[2024-11-06T18:10:26.944+0300] {processor.py:208} INFO - Processing /home/airflow/.local/lib/python3.12/site-packages/airflow/example_dags/example_trigger_target_dag.py took 0.063 seconds
[2024-11-06T18:10:57.532+0300] {processor.py:186} INFO - Started process (PID=2349) to work on /home/airflow/.local/lib/python3.12/site-packages/airflow/example_dags/example_trigger_target_dag.py
[2024-11-06T18:10:57.533+0300] {processor.py:914} INFO - Processing file /home/airflow/.local/lib/python3.12/site-packages/airflow/example_dags/example_trigger_target_dag.py for tasks to queue
[2024-11-06T18:10:57.535+0300] {logging_mixin.py:190} INFO - [2024-11-06T18:10:57.535+0300] {dagbag.py:588} INFO - Filling up the DagBag from /home/airflow/.local/lib/python3.12/site-packages/airflow/example_dags/example_trigger_target_dag.py
[2024-11-06T18:10:57.542+0300] {processor.py:925} INFO - DAG(s) 'example_trigger_target_dag' retrieved from /home/airflow/.local/lib/python3.12/site-packages/airflow/example_dags/example_trigger_target_dag.py
[2024-11-06T18:10:57.561+0300] {logging_mixin.py:190} INFO - [2024-11-06T18:10:57.561+0300] {dag.py:3239} INFO - Sync 1 DAGs
[2024-11-06T18:10:57.573+0300] {logging_mixin.py:190} INFO - [2024-11-06T18:10:57.573+0300] {dag.py:4180} INFO - Setting next_dagrun for example_trigger_target_dag to None, run_after=None
[2024-11-06T18:10:57.589+0300] {processor.py:208} INFO - Processing /home/airflow/.local/lib/python3.12/site-packages/airflow/example_dags/example_trigger_target_dag.py took 0.061 seconds
[2024-11-06T18:11:29.117+0300] {processor.py:186} INFO - Started process (PID=2418) to work on /home/airflow/.local/lib/python3.12/site-packages/airflow/example_dags/example_trigger_target_dag.py
[2024-11-06T18:11:29.118+0300] {processor.py:914} INFO - Processing file /home/airflow/.local/lib/python3.12/site-packages/airflow/example_dags/example_trigger_target_dag.py for tasks to queue
[2024-11-06T18:11:29.121+0300] {logging_mixin.py:190} INFO - [2024-11-06T18:11:29.121+0300] {dagbag.py:588} INFO - Filling up the DagBag from /home/airflow/.local/lib/python3.12/site-packages/airflow/example_dags/example_trigger_target_dag.py
[2024-11-06T18:11:29.128+0300] {processor.py:925} INFO - DAG(s) 'example_trigger_target_dag' retrieved from /home/airflow/.local/lib/python3.12/site-packages/airflow/example_dags/example_trigger_target_dag.py
[2024-11-06T18:11:29.148+0300] {logging_mixin.py:190} INFO - [2024-11-06T18:11:29.148+0300] {dag.py:3239} INFO - Sync 1 DAGs
[2024-11-06T18:11:29.161+0300] {logging_mixin.py:190} INFO - [2024-11-06T18:11:29.161+0300] {dag.py:4180} INFO - Setting next_dagrun for example_trigger_target_dag to None, run_after=None
[2024-11-06T18:11:29.182+0300] {processor.py:208} INFO - Processing /home/airflow/.local/lib/python3.12/site-packages/airflow/example_dags/example_trigger_target_dag.py took 0.070 seconds
