[2024-11-06T17:54:30.437+0300] {processor.py:186} INFO - Started process (PID=95) to work on /home/airflow/.local/lib/python3.12/site-packages/airflow/example_dags/example_dataset_alias.py
[2024-11-06T17:54:30.444+0300] {processor.py:914} INFO - Processing file /home/airflow/.local/lib/python3.12/site-packages/airflow/example_dags/example_dataset_alias.py for tasks to queue
[2024-11-06T17:54:30.462+0300] {logging_mixin.py:190} INFO - [2024-11-06T17:54:30.461+0300] {dagbag.py:588} INFO - Filling up the DagBag from /home/airflow/.local/lib/python3.12/site-packages/airflow/example_dags/example_dataset_alias.py
[2024-11-06T17:54:30.880+0300] {processor.py:925} INFO - DAG(s) 'dataset_s3_bucket_consumer', 'dataset_s3_bucket_producer', 'dataset_alias_example_alias_producer', 'dataset_alias_example_alias_consumer' retrieved from /home/airflow/.local/lib/python3.12/site-packages/airflow/example_dags/example_dataset_alias.py
[2024-11-06T17:54:30.920+0300] {logging_mixin.py:190} INFO - [2024-11-06T17:54:30.919+0300] {dag.py:3239} INFO - Sync 4 DAGs
[2024-11-06T17:54:30.967+0300] {logging_mixin.py:190} INFO - [2024-11-06T17:54:30.966+0300] {dag.py:4180} INFO - Setting next_dagrun for dataset_alias_example_alias_consumer to None, run_after=None
[2024-11-06T17:54:30.973+0300] {logging_mixin.py:190} INFO - [2024-11-06T17:54:30.973+0300] {dag.py:4180} INFO - Setting next_dagrun for dataset_alias_example_alias_producer to None, run_after=None
[2024-11-06T17:54:30.976+0300] {logging_mixin.py:190} INFO - [2024-11-06T17:54:30.976+0300] {dag.py:4180} INFO - Setting next_dagrun for dataset_s3_bucket_consumer to None, run_after=None
[2024-11-06T17:54:30.979+0300] {logging_mixin.py:190} INFO - [2024-11-06T17:54:30.978+0300] {dag.py:4180} INFO - Setting next_dagrun for dataset_s3_bucket_producer to None, run_after=None
[2024-11-06T17:54:31.024+0300] {processor.py:208} INFO - Processing /home/airflow/.local/lib/python3.12/site-packages/airflow/example_dags/example_dataset_alias.py took 0.606 seconds
[2024-11-06T17:55:01.688+0300] {processor.py:186} INFO - Started process (PID=187) to work on /home/airflow/.local/lib/python3.12/site-packages/airflow/example_dags/example_dataset_alias.py
[2024-11-06T17:55:01.690+0300] {processor.py:914} INFO - Processing file /home/airflow/.local/lib/python3.12/site-packages/airflow/example_dags/example_dataset_alias.py for tasks to queue
[2024-11-06T17:55:01.694+0300] {logging_mixin.py:190} INFO - [2024-11-06T17:55:01.693+0300] {dagbag.py:588} INFO - Filling up the DagBag from /home/airflow/.local/lib/python3.12/site-packages/airflow/example_dags/example_dataset_alias.py
[2024-11-06T17:55:01.946+0300] {processor.py:925} INFO - DAG(s) 'dataset_s3_bucket_consumer', 'dataset_alias_example_alias_consumer', 'dataset_alias_example_alias_producer', 'dataset_s3_bucket_producer' retrieved from /home/airflow/.local/lib/python3.12/site-packages/airflow/example_dags/example_dataset_alias.py
[2024-11-06T17:55:01.982+0300] {logging_mixin.py:190} INFO - [2024-11-06T17:55:01.981+0300] {dag.py:3239} INFO - Sync 4 DAGs
[2024-11-06T17:55:02.019+0300] {logging_mixin.py:190} INFO - [2024-11-06T17:55:02.019+0300] {dag.py:4180} INFO - Setting next_dagrun for dataset_alias_example_alias_consumer to None, run_after=None
[2024-11-06T17:55:02.023+0300] {logging_mixin.py:190} INFO - [2024-11-06T17:55:02.023+0300] {dag.py:4180} INFO - Setting next_dagrun for dataset_alias_example_alias_producer to None, run_after=None
[2024-11-06T17:55:02.026+0300] {logging_mixin.py:190} INFO - [2024-11-06T17:55:02.025+0300] {dag.py:4180} INFO - Setting next_dagrun for dataset_s3_bucket_consumer to None, run_after=None
[2024-11-06T17:55:02.028+0300] {logging_mixin.py:190} INFO - [2024-11-06T17:55:02.028+0300] {dag.py:4180} INFO - Setting next_dagrun for dataset_s3_bucket_producer to None, run_after=None
[2024-11-06T17:55:02.056+0300] {processor.py:208} INFO - Processing /home/airflow/.local/lib/python3.12/site-packages/airflow/example_dags/example_dataset_alias.py took 0.375 seconds
[2024-11-06T17:55:32.158+0300] {processor.py:186} INFO - Started process (PID=258) to work on /home/airflow/.local/lib/python3.12/site-packages/airflow/example_dags/example_dataset_alias.py
[2024-11-06T17:55:32.159+0300] {processor.py:914} INFO - Processing file /home/airflow/.local/lib/python3.12/site-packages/airflow/example_dags/example_dataset_alias.py for tasks to queue
[2024-11-06T17:55:32.161+0300] {logging_mixin.py:190} INFO - [2024-11-06T17:55:32.161+0300] {dagbag.py:588} INFO - Filling up the DagBag from /home/airflow/.local/lib/python3.12/site-packages/airflow/example_dags/example_dataset_alias.py
[2024-11-06T17:55:32.285+0300] {processor.py:925} INFO - DAG(s) 'dataset_alias_example_alias_consumer', 'dataset_s3_bucket_consumer', 'dataset_s3_bucket_producer', 'dataset_alias_example_alias_producer' retrieved from /home/airflow/.local/lib/python3.12/site-packages/airflow/example_dags/example_dataset_alias.py
[2024-11-06T17:55:32.304+0300] {logging_mixin.py:190} INFO - [2024-11-06T17:55:32.303+0300] {dag.py:3239} INFO - Sync 4 DAGs
[2024-11-06T17:55:32.321+0300] {logging_mixin.py:190} INFO - [2024-11-06T17:55:32.320+0300] {dag.py:4180} INFO - Setting next_dagrun for dataset_alias_example_alias_consumer to None, run_after=None
[2024-11-06T17:55:32.323+0300] {logging_mixin.py:190} INFO - [2024-11-06T17:55:32.323+0300] {dag.py:4180} INFO - Setting next_dagrun for dataset_alias_example_alias_producer to None, run_after=None
[2024-11-06T17:55:32.325+0300] {logging_mixin.py:190} INFO - [2024-11-06T17:55:32.325+0300] {dag.py:4180} INFO - Setting next_dagrun for dataset_s3_bucket_consumer to None, run_after=None
[2024-11-06T17:55:32.327+0300] {logging_mixin.py:190} INFO - [2024-11-06T17:55:32.327+0300] {dag.py:4180} INFO - Setting next_dagrun for dataset_s3_bucket_producer to None, run_after=None
[2024-11-06T17:55:32.346+0300] {processor.py:208} INFO - Processing /home/airflow/.local/lib/python3.12/site-packages/airflow/example_dags/example_dataset_alias.py took 0.194 seconds
[2024-11-06T17:56:02.957+0300] {processor.py:186} INFO - Started process (PID=327) to work on /home/airflow/.local/lib/python3.12/site-packages/airflow/example_dags/example_dataset_alias.py
[2024-11-06T17:56:02.958+0300] {processor.py:914} INFO - Processing file /home/airflow/.local/lib/python3.12/site-packages/airflow/example_dags/example_dataset_alias.py for tasks to queue
[2024-11-06T17:56:02.961+0300] {logging_mixin.py:190} INFO - [2024-11-06T17:56:02.961+0300] {dagbag.py:588} INFO - Filling up the DagBag from /home/airflow/.local/lib/python3.12/site-packages/airflow/example_dags/example_dataset_alias.py
[2024-11-06T17:56:03.122+0300] {processor.py:925} INFO - DAG(s) 'dataset_s3_bucket_producer', 'dataset_alias_example_alias_producer', 'dataset_alias_example_alias_consumer', 'dataset_s3_bucket_consumer' retrieved from /home/airflow/.local/lib/python3.12/site-packages/airflow/example_dags/example_dataset_alias.py
[2024-11-06T17:56:03.151+0300] {logging_mixin.py:190} INFO - [2024-11-06T17:56:03.151+0300] {dag.py:3239} INFO - Sync 4 DAGs
[2024-11-06T17:56:03.171+0300] {logging_mixin.py:190} INFO - [2024-11-06T17:56:03.171+0300] {dag.py:4180} INFO - Setting next_dagrun for dataset_alias_example_alias_consumer to None, run_after=None
[2024-11-06T17:56:03.174+0300] {logging_mixin.py:190} INFO - [2024-11-06T17:56:03.174+0300] {dag.py:4180} INFO - Setting next_dagrun for dataset_alias_example_alias_producer to None, run_after=None
[2024-11-06T17:56:03.176+0300] {logging_mixin.py:190} INFO - [2024-11-06T17:56:03.176+0300] {dag.py:4180} INFO - Setting next_dagrun for dataset_s3_bucket_consumer to None, run_after=None
[2024-11-06T17:56:03.178+0300] {logging_mixin.py:190} INFO - [2024-11-06T17:56:03.178+0300] {dag.py:4180} INFO - Setting next_dagrun for dataset_s3_bucket_producer to None, run_after=None
[2024-11-06T17:56:03.204+0300] {processor.py:208} INFO - Processing /home/airflow/.local/lib/python3.12/site-packages/airflow/example_dags/example_dataset_alias.py took 0.252 seconds
[2024-11-06T17:56:33.393+0300] {processor.py:186} INFO - Started process (PID=396) to work on /home/airflow/.local/lib/python3.12/site-packages/airflow/example_dags/example_dataset_alias.py
[2024-11-06T17:56:33.394+0300] {processor.py:914} INFO - Processing file /home/airflow/.local/lib/python3.12/site-packages/airflow/example_dags/example_dataset_alias.py for tasks to queue
[2024-11-06T17:56:33.397+0300] {logging_mixin.py:190} INFO - [2024-11-06T17:56:33.397+0300] {dagbag.py:588} INFO - Filling up the DagBag from /home/airflow/.local/lib/python3.12/site-packages/airflow/example_dags/example_dataset_alias.py
[2024-11-06T17:56:33.550+0300] {processor.py:925} INFO - DAG(s) 'dataset_alias_example_alias_consumer', 'dataset_alias_example_alias_producer', 'dataset_s3_bucket_consumer', 'dataset_s3_bucket_producer' retrieved from /home/airflow/.local/lib/python3.12/site-packages/airflow/example_dags/example_dataset_alias.py
[2024-11-06T17:56:33.575+0300] {logging_mixin.py:190} INFO - [2024-11-06T17:56:33.574+0300] {dag.py:3239} INFO - Sync 4 DAGs
[2024-11-06T17:56:33.597+0300] {logging_mixin.py:190} INFO - [2024-11-06T17:56:33.597+0300] {dag.py:4180} INFO - Setting next_dagrun for dataset_alias_example_alias_consumer to None, run_after=None
[2024-11-06T17:56:33.600+0300] {logging_mixin.py:190} INFO - [2024-11-06T17:56:33.600+0300] {dag.py:4180} INFO - Setting next_dagrun for dataset_alias_example_alias_producer to None, run_after=None
[2024-11-06T17:56:33.602+0300] {logging_mixin.py:190} INFO - [2024-11-06T17:56:33.602+0300] {dag.py:4180} INFO - Setting next_dagrun for dataset_s3_bucket_consumer to None, run_after=None
[2024-11-06T17:56:33.603+0300] {logging_mixin.py:190} INFO - [2024-11-06T17:56:33.603+0300] {dag.py:4180} INFO - Setting next_dagrun for dataset_s3_bucket_producer to None, run_after=None
[2024-11-06T17:56:33.624+0300] {processor.py:208} INFO - Processing /home/airflow/.local/lib/python3.12/site-packages/airflow/example_dags/example_dataset_alias.py took 0.235 seconds
[2024-11-06T17:57:03.947+0300] {processor.py:186} INFO - Started process (PID=465) to work on /home/airflow/.local/lib/python3.12/site-packages/airflow/example_dags/example_dataset_alias.py
[2024-11-06T17:57:03.948+0300] {processor.py:914} INFO - Processing file /home/airflow/.local/lib/python3.12/site-packages/airflow/example_dags/example_dataset_alias.py for tasks to queue
[2024-11-06T17:57:03.951+0300] {logging_mixin.py:190} INFO - [2024-11-06T17:57:03.951+0300] {dagbag.py:588} INFO - Filling up the DagBag from /home/airflow/.local/lib/python3.12/site-packages/airflow/example_dags/example_dataset_alias.py
[2024-11-06T17:57:04.080+0300] {processor.py:925} INFO - DAG(s) 'dataset_alias_example_alias_producer', 'dataset_s3_bucket_consumer', 'dataset_s3_bucket_producer', 'dataset_alias_example_alias_consumer' retrieved from /home/airflow/.local/lib/python3.12/site-packages/airflow/example_dags/example_dataset_alias.py
[2024-11-06T17:57:04.105+0300] {logging_mixin.py:190} INFO - [2024-11-06T17:57:04.105+0300] {dag.py:3239} INFO - Sync 4 DAGs
[2024-11-06T17:57:04.136+0300] {logging_mixin.py:190} INFO - [2024-11-06T17:57:04.136+0300] {dag.py:4180} INFO - Setting next_dagrun for dataset_alias_example_alias_consumer to None, run_after=None
[2024-11-06T17:57:04.139+0300] {logging_mixin.py:190} INFO - [2024-11-06T17:57:04.138+0300] {dag.py:4180} INFO - Setting next_dagrun for dataset_alias_example_alias_producer to None, run_after=None
[2024-11-06T17:57:04.140+0300] {logging_mixin.py:190} INFO - [2024-11-06T17:57:04.140+0300] {dag.py:4180} INFO - Setting next_dagrun for dataset_s3_bucket_consumer to None, run_after=None
[2024-11-06T17:57:04.142+0300] {logging_mixin.py:190} INFO - [2024-11-06T17:57:04.142+0300] {dag.py:4180} INFO - Setting next_dagrun for dataset_s3_bucket_producer to None, run_after=None
[2024-11-06T17:57:04.165+0300] {processor.py:208} INFO - Processing /home/airflow/.local/lib/python3.12/site-packages/airflow/example_dags/example_dataset_alias.py took 0.224 seconds
[2024-11-06T17:57:34.635+0300] {processor.py:186} INFO - Started process (PID=535) to work on /home/airflow/.local/lib/python3.12/site-packages/airflow/example_dags/example_dataset_alias.py
[2024-11-06T17:57:34.636+0300] {processor.py:914} INFO - Processing file /home/airflow/.local/lib/python3.12/site-packages/airflow/example_dags/example_dataset_alias.py for tasks to queue
[2024-11-06T17:57:34.639+0300] {logging_mixin.py:190} INFO - [2024-11-06T17:57:34.639+0300] {dagbag.py:588} INFO - Filling up the DagBag from /home/airflow/.local/lib/python3.12/site-packages/airflow/example_dags/example_dataset_alias.py
[2024-11-06T17:57:34.790+0300] {processor.py:925} INFO - DAG(s) 'dataset_s3_bucket_consumer', 'dataset_alias_example_alias_producer', 'dataset_s3_bucket_producer', 'dataset_alias_example_alias_consumer' retrieved from /home/airflow/.local/lib/python3.12/site-packages/airflow/example_dags/example_dataset_alias.py
[2024-11-06T17:57:34.813+0300] {logging_mixin.py:190} INFO - [2024-11-06T17:57:34.813+0300] {dag.py:3239} INFO - Sync 4 DAGs
[2024-11-06T17:57:34.836+0300] {logging_mixin.py:190} INFO - [2024-11-06T17:57:34.835+0300] {dag.py:4180} INFO - Setting next_dagrun for dataset_alias_example_alias_consumer to None, run_after=None
[2024-11-06T17:57:34.839+0300] {logging_mixin.py:190} INFO - [2024-11-06T17:57:34.838+0300] {dag.py:4180} INFO - Setting next_dagrun for dataset_alias_example_alias_producer to None, run_after=None
[2024-11-06T17:57:34.840+0300] {logging_mixin.py:190} INFO - [2024-11-06T17:57:34.840+0300] {dag.py:4180} INFO - Setting next_dagrun for dataset_s3_bucket_consumer to None, run_after=None
[2024-11-06T17:57:34.842+0300] {logging_mixin.py:190} INFO - [2024-11-06T17:57:34.842+0300] {dag.py:4180} INFO - Setting next_dagrun for dataset_s3_bucket_producer to None, run_after=None
[2024-11-06T17:57:34.876+0300] {processor.py:208} INFO - Processing /home/airflow/.local/lib/python3.12/site-packages/airflow/example_dags/example_dataset_alias.py took 0.249 seconds
[2024-11-06T17:58:05.801+0300] {processor.py:186} INFO - Started process (PID=604) to work on /home/airflow/.local/lib/python3.12/site-packages/airflow/example_dags/example_dataset_alias.py
[2024-11-06T17:58:05.803+0300] {processor.py:914} INFO - Processing file /home/airflow/.local/lib/python3.12/site-packages/airflow/example_dags/example_dataset_alias.py for tasks to queue
[2024-11-06T17:58:05.808+0300] {logging_mixin.py:190} INFO - [2024-11-06T17:58:05.807+0300] {dagbag.py:588} INFO - Filling up the DagBag from /home/airflow/.local/lib/python3.12/site-packages/airflow/example_dags/example_dataset_alias.py
[2024-11-06T17:58:05.936+0300] {processor.py:925} INFO - DAG(s) 'dataset_s3_bucket_consumer', 'dataset_alias_example_alias_producer', 'dataset_s3_bucket_producer', 'dataset_alias_example_alias_consumer' retrieved from /home/airflow/.local/lib/python3.12/site-packages/airflow/example_dags/example_dataset_alias.py
[2024-11-06T17:58:05.959+0300] {logging_mixin.py:190} INFO - [2024-11-06T17:58:05.959+0300] {dag.py:3239} INFO - Sync 4 DAGs
[2024-11-06T17:58:05.983+0300] {logging_mixin.py:190} INFO - [2024-11-06T17:58:05.983+0300] {dag.py:4180} INFO - Setting next_dagrun for dataset_alias_example_alias_consumer to None, run_after=None
[2024-11-06T17:58:05.986+0300] {logging_mixin.py:190} INFO - [2024-11-06T17:58:05.986+0300] {dag.py:4180} INFO - Setting next_dagrun for dataset_alias_example_alias_producer to None, run_after=None
[2024-11-06T17:58:05.988+0300] {logging_mixin.py:190} INFO - [2024-11-06T17:58:05.988+0300] {dag.py:4180} INFO - Setting next_dagrun for dataset_s3_bucket_consumer to None, run_after=None
[2024-11-06T17:58:05.989+0300] {logging_mixin.py:190} INFO - [2024-11-06T17:58:05.989+0300] {dag.py:4180} INFO - Setting next_dagrun for dataset_s3_bucket_producer to None, run_after=None
[2024-11-06T17:58:06.011+0300] {processor.py:208} INFO - Processing /home/airflow/.local/lib/python3.12/site-packages/airflow/example_dags/example_dataset_alias.py took 0.222 seconds
[2024-11-06T17:58:36.318+0300] {processor.py:186} INFO - Started process (PID=674) to work on /home/airflow/.local/lib/python3.12/site-packages/airflow/example_dags/example_dataset_alias.py
[2024-11-06T17:58:36.321+0300] {processor.py:914} INFO - Processing file /home/airflow/.local/lib/python3.12/site-packages/airflow/example_dags/example_dataset_alias.py for tasks to queue
[2024-11-06T17:58:36.326+0300] {logging_mixin.py:190} INFO - [2024-11-06T17:58:36.326+0300] {dagbag.py:588} INFO - Filling up the DagBag from /home/airflow/.local/lib/python3.12/site-packages/airflow/example_dags/example_dataset_alias.py
[2024-11-06T17:58:36.522+0300] {processor.py:925} INFO - DAG(s) 'dataset_s3_bucket_producer', 'dataset_s3_bucket_consumer', 'dataset_alias_example_alias_producer', 'dataset_alias_example_alias_consumer' retrieved from /home/airflow/.local/lib/python3.12/site-packages/airflow/example_dags/example_dataset_alias.py
[2024-11-06T17:58:36.553+0300] {logging_mixin.py:190} INFO - [2024-11-06T17:58:36.553+0300] {dag.py:3239} INFO - Sync 4 DAGs
[2024-11-06T17:58:36.581+0300] {logging_mixin.py:190} INFO - [2024-11-06T17:58:36.581+0300] {dag.py:4180} INFO - Setting next_dagrun for dataset_alias_example_alias_consumer to None, run_after=None
[2024-11-06T17:58:36.585+0300] {logging_mixin.py:190} INFO - [2024-11-06T17:58:36.585+0300] {dag.py:4180} INFO - Setting next_dagrun for dataset_alias_example_alias_producer to None, run_after=None
[2024-11-06T17:58:36.588+0300] {logging_mixin.py:190} INFO - [2024-11-06T17:58:36.587+0300] {dag.py:4180} INFO - Setting next_dagrun for dataset_s3_bucket_consumer to None, run_after=None
[2024-11-06T17:58:36.590+0300] {logging_mixin.py:190} INFO - [2024-11-06T17:58:36.590+0300] {dag.py:4180} INFO - Setting next_dagrun for dataset_s3_bucket_producer to None, run_after=None
[2024-11-06T17:58:36.848+0300] {processor.py:208} INFO - Processing /home/airflow/.local/lib/python3.12/site-packages/airflow/example_dags/example_dataset_alias.py took 0.540 seconds
[2024-11-06T17:59:07.072+0300] {processor.py:186} INFO - Started process (PID=746) to work on /home/airflow/.local/lib/python3.12/site-packages/airflow/example_dags/example_dataset_alias.py
[2024-11-06T17:59:07.074+0300] {processor.py:914} INFO - Processing file /home/airflow/.local/lib/python3.12/site-packages/airflow/example_dags/example_dataset_alias.py for tasks to queue
[2024-11-06T17:59:07.083+0300] {logging_mixin.py:190} INFO - [2024-11-06T17:59:07.080+0300] {dagbag.py:588} INFO - Filling up the DagBag from /home/airflow/.local/lib/python3.12/site-packages/airflow/example_dags/example_dataset_alias.py
[2024-11-06T17:59:07.240+0300] {processor.py:925} INFO - DAG(s) 'dataset_s3_bucket_consumer', 'dataset_s3_bucket_producer', 'dataset_alias_example_alias_producer', 'dataset_alias_example_alias_consumer' retrieved from /home/airflow/.local/lib/python3.12/site-packages/airflow/example_dags/example_dataset_alias.py
[2024-11-06T17:59:07.258+0300] {logging_mixin.py:190} INFO - [2024-11-06T17:59:07.258+0300] {dag.py:3239} INFO - Sync 4 DAGs
[2024-11-06T17:59:07.281+0300] {logging_mixin.py:190} INFO - [2024-11-06T17:59:07.280+0300] {dag.py:4180} INFO - Setting next_dagrun for dataset_alias_example_alias_consumer to None, run_after=None
[2024-11-06T17:59:07.283+0300] {logging_mixin.py:190} INFO - [2024-11-06T17:59:07.283+0300] {dag.py:4180} INFO - Setting next_dagrun for dataset_alias_example_alias_producer to None, run_after=None
[2024-11-06T17:59:07.285+0300] {logging_mixin.py:190} INFO - [2024-11-06T17:59:07.285+0300] {dag.py:4180} INFO - Setting next_dagrun for dataset_s3_bucket_consumer to None, run_after=None
[2024-11-06T17:59:07.286+0300] {logging_mixin.py:190} INFO - [2024-11-06T17:59:07.286+0300] {dag.py:4180} INFO - Setting next_dagrun for dataset_s3_bucket_producer to None, run_after=None
[2024-11-06T17:59:07.330+0300] {processor.py:208} INFO - Processing /home/airflow/.local/lib/python3.12/site-packages/airflow/example_dags/example_dataset_alias.py took 0.268 seconds
[2024-11-06T17:59:38.017+0300] {processor.py:186} INFO - Started process (PID=813) to work on /home/airflow/.local/lib/python3.12/site-packages/airflow/example_dags/example_dataset_alias.py
[2024-11-06T17:59:38.019+0300] {processor.py:914} INFO - Processing file /home/airflow/.local/lib/python3.12/site-packages/airflow/example_dags/example_dataset_alias.py for tasks to queue
[2024-11-06T17:59:38.023+0300] {logging_mixin.py:190} INFO - [2024-11-06T17:59:38.023+0300] {dagbag.py:588} INFO - Filling up the DagBag from /home/airflow/.local/lib/python3.12/site-packages/airflow/example_dags/example_dataset_alias.py
[2024-11-06T17:59:38.185+0300] {processor.py:925} INFO - DAG(s) 'dataset_alias_example_alias_producer', 'dataset_s3_bucket_consumer', 'dataset_s3_bucket_producer', 'dataset_alias_example_alias_consumer' retrieved from /home/airflow/.local/lib/python3.12/site-packages/airflow/example_dags/example_dataset_alias.py
[2024-11-06T17:59:38.214+0300] {logging_mixin.py:190} INFO - [2024-11-06T17:59:38.213+0300] {dag.py:3239} INFO - Sync 4 DAGs
[2024-11-06T17:59:38.241+0300] {logging_mixin.py:190} INFO - [2024-11-06T17:59:38.241+0300] {dag.py:4180} INFO - Setting next_dagrun for dataset_alias_example_alias_consumer to None, run_after=None
[2024-11-06T17:59:38.246+0300] {logging_mixin.py:190} INFO - [2024-11-06T17:59:38.245+0300] {dag.py:4180} INFO - Setting next_dagrun for dataset_alias_example_alias_producer to None, run_after=None
[2024-11-06T17:59:38.249+0300] {logging_mixin.py:190} INFO - [2024-11-06T17:59:38.248+0300] {dag.py:4180} INFO - Setting next_dagrun for dataset_s3_bucket_consumer to None, run_after=None
[2024-11-06T17:59:38.255+0300] {logging_mixin.py:190} INFO - [2024-11-06T17:59:38.255+0300] {dag.py:4180} INFO - Setting next_dagrun for dataset_s3_bucket_producer to None, run_after=None
[2024-11-06T17:59:38.283+0300] {processor.py:208} INFO - Processing /home/airflow/.local/lib/python3.12/site-packages/airflow/example_dags/example_dataset_alias.py took 0.278 seconds
[2024-11-06T18:00:08.541+0300] {processor.py:186} INFO - Started process (PID=884) to work on /home/airflow/.local/lib/python3.12/site-packages/airflow/example_dags/example_dataset_alias.py
[2024-11-06T18:00:08.543+0300] {processor.py:914} INFO - Processing file /home/airflow/.local/lib/python3.12/site-packages/airflow/example_dags/example_dataset_alias.py for tasks to queue
[2024-11-06T18:00:08.546+0300] {logging_mixin.py:190} INFO - [2024-11-06T18:00:08.546+0300] {dagbag.py:588} INFO - Filling up the DagBag from /home/airflow/.local/lib/python3.12/site-packages/airflow/example_dags/example_dataset_alias.py
[2024-11-06T18:00:08.670+0300] {processor.py:925} INFO - DAG(s) 'dataset_alias_example_alias_producer', 'dataset_s3_bucket_producer', 'dataset_s3_bucket_consumer', 'dataset_alias_example_alias_consumer' retrieved from /home/airflow/.local/lib/python3.12/site-packages/airflow/example_dags/example_dataset_alias.py
[2024-11-06T18:00:08.691+0300] {logging_mixin.py:190} INFO - [2024-11-06T18:00:08.690+0300] {dag.py:3239} INFO - Sync 4 DAGs
[2024-11-06T18:00:08.708+0300] {logging_mixin.py:190} INFO - [2024-11-06T18:00:08.708+0300] {dag.py:4180} INFO - Setting next_dagrun for dataset_alias_example_alias_consumer to None, run_after=None
[2024-11-06T18:00:08.712+0300] {logging_mixin.py:190} INFO - [2024-11-06T18:00:08.712+0300] {dag.py:4180} INFO - Setting next_dagrun for dataset_alias_example_alias_producer to None, run_after=None
[2024-11-06T18:00:08.714+0300] {logging_mixin.py:190} INFO - [2024-11-06T18:00:08.714+0300] {dag.py:4180} INFO - Setting next_dagrun for dataset_s3_bucket_consumer to None, run_after=None
[2024-11-06T18:00:08.716+0300] {logging_mixin.py:190} INFO - [2024-11-06T18:00:08.716+0300] {dag.py:4180} INFO - Setting next_dagrun for dataset_s3_bucket_producer to None, run_after=None
[2024-11-06T18:00:08.761+0300] {processor.py:208} INFO - Processing /home/airflow/.local/lib/python3.12/site-packages/airflow/example_dags/example_dataset_alias.py took 0.226 seconds
[2024-11-06T18:00:39.164+0300] {processor.py:186} INFO - Started process (PID=951) to work on /home/airflow/.local/lib/python3.12/site-packages/airflow/example_dags/example_dataset_alias.py
[2024-11-06T18:00:39.166+0300] {processor.py:914} INFO - Processing file /home/airflow/.local/lib/python3.12/site-packages/airflow/example_dags/example_dataset_alias.py for tasks to queue
[2024-11-06T18:00:39.169+0300] {logging_mixin.py:190} INFO - [2024-11-06T18:00:39.169+0300] {dagbag.py:588} INFO - Filling up the DagBag from /home/airflow/.local/lib/python3.12/site-packages/airflow/example_dags/example_dataset_alias.py
[2024-11-06T18:00:39.288+0300] {processor.py:925} INFO - DAG(s) 'dataset_s3_bucket_producer', 'dataset_s3_bucket_consumer', 'dataset_alias_example_alias_consumer', 'dataset_alias_example_alias_producer' retrieved from /home/airflow/.local/lib/python3.12/site-packages/airflow/example_dags/example_dataset_alias.py
[2024-11-06T18:00:39.311+0300] {logging_mixin.py:190} INFO - [2024-11-06T18:00:39.311+0300] {dag.py:3239} INFO - Sync 4 DAGs
[2024-11-06T18:00:39.332+0300] {logging_mixin.py:190} INFO - [2024-11-06T18:00:39.331+0300] {dag.py:4180} INFO - Setting next_dagrun for dataset_alias_example_alias_consumer to None, run_after=None
[2024-11-06T18:00:39.334+0300] {logging_mixin.py:190} INFO - [2024-11-06T18:00:39.334+0300] {dag.py:4180} INFO - Setting next_dagrun for dataset_alias_example_alias_producer to None, run_after=None
[2024-11-06T18:00:39.336+0300] {logging_mixin.py:190} INFO - [2024-11-06T18:00:39.335+0300] {dag.py:4180} INFO - Setting next_dagrun for dataset_s3_bucket_consumer to None, run_after=None
[2024-11-06T18:00:39.338+0300] {logging_mixin.py:190} INFO - [2024-11-06T18:00:39.337+0300] {dag.py:4180} INFO - Setting next_dagrun for dataset_s3_bucket_producer to None, run_after=None
[2024-11-06T18:00:39.361+0300] {processor.py:208} INFO - Processing /home/airflow/.local/lib/python3.12/site-packages/airflow/example_dags/example_dataset_alias.py took 0.206 seconds
[2024-11-06T18:01:09.922+0300] {processor.py:186} INFO - Started process (PID=1020) to work on /home/airflow/.local/lib/python3.12/site-packages/airflow/example_dags/example_dataset_alias.py
[2024-11-06T18:01:09.924+0300] {processor.py:914} INFO - Processing file /home/airflow/.local/lib/python3.12/site-packages/airflow/example_dags/example_dataset_alias.py for tasks to queue
[2024-11-06T18:01:09.928+0300] {logging_mixin.py:190} INFO - [2024-11-06T18:01:09.927+0300] {dagbag.py:588} INFO - Filling up the DagBag from /home/airflow/.local/lib/python3.12/site-packages/airflow/example_dags/example_dataset_alias.py
[2024-11-06T18:01:10.052+0300] {processor.py:925} INFO - DAG(s) 'dataset_alias_example_alias_consumer', 'dataset_s3_bucket_consumer', 'dataset_s3_bucket_producer', 'dataset_alias_example_alias_producer' retrieved from /home/airflow/.local/lib/python3.12/site-packages/airflow/example_dags/example_dataset_alias.py
[2024-11-06T18:01:10.074+0300] {logging_mixin.py:190} INFO - [2024-11-06T18:01:10.074+0300] {dag.py:3239} INFO - Sync 4 DAGs
[2024-11-06T18:01:10.095+0300] {logging_mixin.py:190} INFO - [2024-11-06T18:01:10.095+0300] {dag.py:4180} INFO - Setting next_dagrun for dataset_alias_example_alias_consumer to None, run_after=None
[2024-11-06T18:01:10.098+0300] {logging_mixin.py:190} INFO - [2024-11-06T18:01:10.098+0300] {dag.py:4180} INFO - Setting next_dagrun for dataset_alias_example_alias_producer to None, run_after=None
[2024-11-06T18:01:10.100+0300] {logging_mixin.py:190} INFO - [2024-11-06T18:01:10.099+0300] {dag.py:4180} INFO - Setting next_dagrun for dataset_s3_bucket_consumer to None, run_after=None
[2024-11-06T18:01:10.101+0300] {logging_mixin.py:190} INFO - [2024-11-06T18:01:10.101+0300] {dag.py:4180} INFO - Setting next_dagrun for dataset_s3_bucket_producer to None, run_after=None
[2024-11-06T18:01:10.276+0300] {processor.py:208} INFO - Processing /home/airflow/.local/lib/python3.12/site-packages/airflow/example_dags/example_dataset_alias.py took 0.371 seconds
[2024-11-06T18:01:40.353+0300] {processor.py:186} INFO - Started process (PID=1091) to work on /home/airflow/.local/lib/python3.12/site-packages/airflow/example_dags/example_dataset_alias.py
[2024-11-06T18:01:40.354+0300] {processor.py:914} INFO - Processing file /home/airflow/.local/lib/python3.12/site-packages/airflow/example_dags/example_dataset_alias.py for tasks to queue
[2024-11-06T18:01:40.356+0300] {logging_mixin.py:190} INFO - [2024-11-06T18:01:40.356+0300] {dagbag.py:588} INFO - Filling up the DagBag from /home/airflow/.local/lib/python3.12/site-packages/airflow/example_dags/example_dataset_alias.py
[2024-11-06T18:01:40.473+0300] {processor.py:925} INFO - DAG(s) 'dataset_s3_bucket_consumer', 'dataset_s3_bucket_producer', 'dataset_alias_example_alias_consumer', 'dataset_alias_example_alias_producer' retrieved from /home/airflow/.local/lib/python3.12/site-packages/airflow/example_dags/example_dataset_alias.py
[2024-11-06T18:01:40.488+0300] {logging_mixin.py:190} INFO - [2024-11-06T18:01:40.488+0300] {dag.py:3239} INFO - Sync 4 DAGs
[2024-11-06T18:01:40.507+0300] {logging_mixin.py:190} INFO - [2024-11-06T18:01:40.507+0300] {dag.py:4180} INFO - Setting next_dagrun for dataset_alias_example_alias_consumer to None, run_after=None
[2024-11-06T18:01:40.510+0300] {logging_mixin.py:190} INFO - [2024-11-06T18:01:40.510+0300] {dag.py:4180} INFO - Setting next_dagrun for dataset_alias_example_alias_producer to None, run_after=None
[2024-11-06T18:01:40.511+0300] {logging_mixin.py:190} INFO - [2024-11-06T18:01:40.511+0300] {dag.py:4180} INFO - Setting next_dagrun for dataset_s3_bucket_consumer to None, run_after=None
[2024-11-06T18:01:40.512+0300] {logging_mixin.py:190} INFO - [2024-11-06T18:01:40.512+0300] {dag.py:4180} INFO - Setting next_dagrun for dataset_s3_bucket_producer to None, run_after=None
[2024-11-06T18:01:40.670+0300] {processor.py:208} INFO - Processing /home/airflow/.local/lib/python3.12/site-packages/airflow/example_dags/example_dataset_alias.py took 0.322 seconds
[2024-11-06T18:02:11.638+0300] {processor.py:186} INFO - Started process (PID=1160) to work on /home/airflow/.local/lib/python3.12/site-packages/airflow/example_dags/example_dataset_alias.py
[2024-11-06T18:02:11.639+0300] {processor.py:914} INFO - Processing file /home/airflow/.local/lib/python3.12/site-packages/airflow/example_dags/example_dataset_alias.py for tasks to queue
[2024-11-06T18:02:11.641+0300] {logging_mixin.py:190} INFO - [2024-11-06T18:02:11.641+0300] {dagbag.py:588} INFO - Filling up the DagBag from /home/airflow/.local/lib/python3.12/site-packages/airflow/example_dags/example_dataset_alias.py
[2024-11-06T18:02:11.760+0300] {processor.py:925} INFO - DAG(s) 'dataset_alias_example_alias_producer', 'dataset_s3_bucket_consumer', 'dataset_alias_example_alias_consumer', 'dataset_s3_bucket_producer' retrieved from /home/airflow/.local/lib/python3.12/site-packages/airflow/example_dags/example_dataset_alias.py
[2024-11-06T18:02:11.778+0300] {logging_mixin.py:190} INFO - [2024-11-06T18:02:11.778+0300] {dag.py:3239} INFO - Sync 4 DAGs
[2024-11-06T18:02:11.798+0300] {logging_mixin.py:190} INFO - [2024-11-06T18:02:11.797+0300] {dag.py:4180} INFO - Setting next_dagrun for dataset_alias_example_alias_consumer to None, run_after=None
[2024-11-06T18:02:11.800+0300] {logging_mixin.py:190} INFO - [2024-11-06T18:02:11.800+0300] {dag.py:4180} INFO - Setting next_dagrun for dataset_alias_example_alias_producer to None, run_after=None
[2024-11-06T18:02:11.802+0300] {logging_mixin.py:190} INFO - [2024-11-06T18:02:11.802+0300] {dag.py:4180} INFO - Setting next_dagrun for dataset_s3_bucket_consumer to None, run_after=None
[2024-11-06T18:02:11.804+0300] {logging_mixin.py:190} INFO - [2024-11-06T18:02:11.803+0300] {dag.py:4180} INFO - Setting next_dagrun for dataset_s3_bucket_producer to None, run_after=None
[2024-11-06T18:02:11.824+0300] {processor.py:208} INFO - Processing /home/airflow/.local/lib/python3.12/site-packages/airflow/example_dags/example_dataset_alias.py took 0.191 seconds
[2024-11-06T18:02:41.999+0300] {processor.py:186} INFO - Started process (PID=1229) to work on /home/airflow/.local/lib/python3.12/site-packages/airflow/example_dags/example_dataset_alias.py
[2024-11-06T18:02:42.002+0300] {processor.py:914} INFO - Processing file /home/airflow/.local/lib/python3.12/site-packages/airflow/example_dags/example_dataset_alias.py for tasks to queue
[2024-11-06T18:02:42.008+0300] {logging_mixin.py:190} INFO - [2024-11-06T18:02:42.007+0300] {dagbag.py:588} INFO - Filling up the DagBag from /home/airflow/.local/lib/python3.12/site-packages/airflow/example_dags/example_dataset_alias.py
[2024-11-06T18:02:42.342+0300] {processor.py:925} INFO - DAG(s) 'dataset_alias_example_alias_consumer', 'dataset_s3_bucket_producer', 'dataset_s3_bucket_consumer', 'dataset_alias_example_alias_producer' retrieved from /home/airflow/.local/lib/python3.12/site-packages/airflow/example_dags/example_dataset_alias.py
[2024-11-06T18:02:42.393+0300] {logging_mixin.py:190} INFO - [2024-11-06T18:02:42.393+0300] {dag.py:3239} INFO - Sync 4 DAGs
[2024-11-06T18:02:42.441+0300] {logging_mixin.py:190} INFO - [2024-11-06T18:02:42.440+0300] {dag.py:4180} INFO - Setting next_dagrun for dataset_alias_example_alias_consumer to None, run_after=None
[2024-11-06T18:02:42.447+0300] {logging_mixin.py:190} INFO - [2024-11-06T18:02:42.447+0300] {dag.py:4180} INFO - Setting next_dagrun for dataset_alias_example_alias_producer to None, run_after=None
[2024-11-06T18:02:42.451+0300] {logging_mixin.py:190} INFO - [2024-11-06T18:02:42.451+0300] {dag.py:4180} INFO - Setting next_dagrun for dataset_s3_bucket_consumer to None, run_after=None
[2024-11-06T18:02:42.454+0300] {logging_mixin.py:190} INFO - [2024-11-06T18:02:42.453+0300] {dag.py:4180} INFO - Setting next_dagrun for dataset_s3_bucket_producer to None, run_after=None
[2024-11-06T18:02:42.484+0300] {processor.py:208} INFO - Processing /home/airflow/.local/lib/python3.12/site-packages/airflow/example_dags/example_dataset_alias.py took 0.495 seconds
[2024-11-06T18:03:12.691+0300] {processor.py:186} INFO - Started process (PID=1298) to work on /home/airflow/.local/lib/python3.12/site-packages/airflow/example_dags/example_dataset_alias.py
[2024-11-06T18:03:12.692+0300] {processor.py:914} INFO - Processing file /home/airflow/.local/lib/python3.12/site-packages/airflow/example_dags/example_dataset_alias.py for tasks to queue
[2024-11-06T18:03:12.695+0300] {logging_mixin.py:190} INFO - [2024-11-06T18:03:12.695+0300] {dagbag.py:588} INFO - Filling up the DagBag from /home/airflow/.local/lib/python3.12/site-packages/airflow/example_dags/example_dataset_alias.py
[2024-11-06T18:03:12.826+0300] {processor.py:925} INFO - DAG(s) 'dataset_alias_example_alias_producer', 'dataset_s3_bucket_consumer', 'dataset_alias_example_alias_consumer', 'dataset_s3_bucket_producer' retrieved from /home/airflow/.local/lib/python3.12/site-packages/airflow/example_dags/example_dataset_alias.py
[2024-11-06T18:03:13.058+0300] {logging_mixin.py:190} INFO - [2024-11-06T18:03:13.057+0300] {dag.py:3239} INFO - Sync 4 DAGs
[2024-11-06T18:03:13.085+0300] {logging_mixin.py:190} INFO - [2024-11-06T18:03:13.085+0300] {dag.py:4180} INFO - Setting next_dagrun for dataset_alias_example_alias_consumer to None, run_after=None
[2024-11-06T18:03:13.090+0300] {logging_mixin.py:190} INFO - [2024-11-06T18:03:13.089+0300] {dag.py:4180} INFO - Setting next_dagrun for dataset_alias_example_alias_producer to None, run_after=None
[2024-11-06T18:03:13.092+0300] {logging_mixin.py:190} INFO - [2024-11-06T18:03:13.092+0300] {dag.py:4180} INFO - Setting next_dagrun for dataset_s3_bucket_consumer to None, run_after=None
[2024-11-06T18:03:13.095+0300] {logging_mixin.py:190} INFO - [2024-11-06T18:03:13.095+0300] {dag.py:4180} INFO - Setting next_dagrun for dataset_s3_bucket_producer to None, run_after=None
[2024-11-06T18:03:13.126+0300] {processor.py:208} INFO - Processing /home/airflow/.local/lib/python3.12/site-packages/airflow/example_dags/example_dataset_alias.py took 0.448 seconds
[2024-11-06T18:03:43.715+0300] {processor.py:186} INFO - Started process (PID=1367) to work on /home/airflow/.local/lib/python3.12/site-packages/airflow/example_dags/example_dataset_alias.py
[2024-11-06T18:03:43.717+0300] {processor.py:914} INFO - Processing file /home/airflow/.local/lib/python3.12/site-packages/airflow/example_dags/example_dataset_alias.py for tasks to queue
[2024-11-06T18:03:43.720+0300] {logging_mixin.py:190} INFO - [2024-11-06T18:03:43.719+0300] {dagbag.py:588} INFO - Filling up the DagBag from /home/airflow/.local/lib/python3.12/site-packages/airflow/example_dags/example_dataset_alias.py
[2024-11-06T18:03:43.853+0300] {processor.py:925} INFO - DAG(s) 'dataset_s3_bucket_consumer', 'dataset_s3_bucket_producer', 'dataset_alias_example_alias_consumer', 'dataset_alias_example_alias_producer' retrieved from /home/airflow/.local/lib/python3.12/site-packages/airflow/example_dags/example_dataset_alias.py
[2024-11-06T18:03:43.878+0300] {logging_mixin.py:190} INFO - [2024-11-06T18:03:43.878+0300] {dag.py:3239} INFO - Sync 4 DAGs
[2024-11-06T18:03:44.056+0300] {logging_mixin.py:190} INFO - [2024-11-06T18:03:44.056+0300] {dag.py:4180} INFO - Setting next_dagrun for dataset_alias_example_alias_consumer to None, run_after=None
[2024-11-06T18:03:44.059+0300] {logging_mixin.py:190} INFO - [2024-11-06T18:03:44.059+0300] {dag.py:4180} INFO - Setting next_dagrun for dataset_alias_example_alias_producer to None, run_after=None
[2024-11-06T18:03:44.061+0300] {logging_mixin.py:190} INFO - [2024-11-06T18:03:44.060+0300] {dag.py:4180} INFO - Setting next_dagrun for dataset_s3_bucket_consumer to None, run_after=None
[2024-11-06T18:03:44.062+0300] {logging_mixin.py:190} INFO - [2024-11-06T18:03:44.062+0300] {dag.py:4180} INFO - Setting next_dagrun for dataset_s3_bucket_producer to None, run_after=None
[2024-11-06T18:03:44.085+0300] {processor.py:208} INFO - Processing /home/airflow/.local/lib/python3.12/site-packages/airflow/example_dags/example_dataset_alias.py took 0.376 seconds
[2024-11-06T18:04:14.230+0300] {processor.py:186} INFO - Started process (PID=1435) to work on /home/airflow/.local/lib/python3.12/site-packages/airflow/example_dags/example_dataset_alias.py
[2024-11-06T18:04:14.231+0300] {processor.py:914} INFO - Processing file /home/airflow/.local/lib/python3.12/site-packages/airflow/example_dags/example_dataset_alias.py for tasks to queue
[2024-11-06T18:04:14.234+0300] {logging_mixin.py:190} INFO - [2024-11-06T18:04:14.234+0300] {dagbag.py:588} INFO - Filling up the DagBag from /home/airflow/.local/lib/python3.12/site-packages/airflow/example_dags/example_dataset_alias.py
[2024-11-06T18:04:14.365+0300] {processor.py:925} INFO - DAG(s) 'dataset_s3_bucket_producer', 'dataset_alias_example_alias_consumer', 'dataset_alias_example_alias_producer', 'dataset_s3_bucket_consumer' retrieved from /home/airflow/.local/lib/python3.12/site-packages/airflow/example_dags/example_dataset_alias.py
[2024-11-06T18:04:14.385+0300] {logging_mixin.py:190} INFO - [2024-11-06T18:04:14.385+0300] {dag.py:3239} INFO - Sync 4 DAGs
[2024-11-06T18:04:14.579+0300] {logging_mixin.py:190} INFO - [2024-11-06T18:04:14.579+0300] {dag.py:4180} INFO - Setting next_dagrun for dataset_alias_example_alias_consumer to None, run_after=None
[2024-11-06T18:04:14.582+0300] {logging_mixin.py:190} INFO - [2024-11-06T18:04:14.582+0300] {dag.py:4180} INFO - Setting next_dagrun for dataset_alias_example_alias_producer to None, run_after=None
[2024-11-06T18:04:14.584+0300] {logging_mixin.py:190} INFO - [2024-11-06T18:04:14.584+0300] {dag.py:4180} INFO - Setting next_dagrun for dataset_s3_bucket_consumer to None, run_after=None
[2024-11-06T18:04:14.586+0300] {logging_mixin.py:190} INFO - [2024-11-06T18:04:14.585+0300] {dag.py:4180} INFO - Setting next_dagrun for dataset_s3_bucket_producer to None, run_after=None
[2024-11-06T18:04:14.607+0300] {processor.py:208} INFO - Processing /home/airflow/.local/lib/python3.12/site-packages/airflow/example_dags/example_dataset_alias.py took 0.381 seconds
[2024-11-06T18:04:45.433+0300] {processor.py:186} INFO - Started process (PID=1504) to work on /home/airflow/.local/lib/python3.12/site-packages/airflow/example_dags/example_dataset_alias.py
[2024-11-06T18:04:45.437+0300] {processor.py:914} INFO - Processing file /home/airflow/.local/lib/python3.12/site-packages/airflow/example_dags/example_dataset_alias.py for tasks to queue
[2024-11-06T18:04:45.444+0300] {logging_mixin.py:190} INFO - [2024-11-06T18:04:45.443+0300] {dagbag.py:588} INFO - Filling up the DagBag from /home/airflow/.local/lib/python3.12/site-packages/airflow/example_dags/example_dataset_alias.py
[2024-11-06T18:04:45.581+0300] {processor.py:925} INFO - DAG(s) 'dataset_s3_bucket_consumer', 'dataset_alias_example_alias_consumer', 'dataset_alias_example_alias_producer', 'dataset_s3_bucket_producer' retrieved from /home/airflow/.local/lib/python3.12/site-packages/airflow/example_dags/example_dataset_alias.py
[2024-11-06T18:04:45.601+0300] {logging_mixin.py:190} INFO - [2024-11-06T18:04:45.601+0300] {dag.py:3239} INFO - Sync 4 DAGs
[2024-11-06T18:04:45.766+0300] {logging_mixin.py:190} INFO - [2024-11-06T18:04:45.766+0300] {dag.py:4180} INFO - Setting next_dagrun for dataset_alias_example_alias_consumer to None, run_after=None
[2024-11-06T18:04:45.769+0300] {logging_mixin.py:190} INFO - [2024-11-06T18:04:45.769+0300] {dag.py:4180} INFO - Setting next_dagrun for dataset_alias_example_alias_producer to None, run_after=None
[2024-11-06T18:04:45.771+0300] {logging_mixin.py:190} INFO - [2024-11-06T18:04:45.771+0300] {dag.py:4180} INFO - Setting next_dagrun for dataset_s3_bucket_consumer to None, run_after=None
[2024-11-06T18:04:45.774+0300] {logging_mixin.py:190} INFO - [2024-11-06T18:04:45.773+0300] {dag.py:4180} INFO - Setting next_dagrun for dataset_s3_bucket_producer to None, run_after=None
[2024-11-06T18:04:45.794+0300] {processor.py:208} INFO - Processing /home/airflow/.local/lib/python3.12/site-packages/airflow/example_dags/example_dataset_alias.py took 0.389 seconds
[2024-11-06T18:05:15.842+0300] {processor.py:186} INFO - Started process (PID=1570) to work on /home/airflow/.local/lib/python3.12/site-packages/airflow/example_dags/example_dataset_alias.py
[2024-11-06T18:05:15.843+0300] {processor.py:914} INFO - Processing file /home/airflow/.local/lib/python3.12/site-packages/airflow/example_dags/example_dataset_alias.py for tasks to queue
[2024-11-06T18:05:15.845+0300] {logging_mixin.py:190} INFO - [2024-11-06T18:05:15.844+0300] {dagbag.py:588} INFO - Filling up the DagBag from /home/airflow/.local/lib/python3.12/site-packages/airflow/example_dags/example_dataset_alias.py
[2024-11-06T18:05:16.108+0300] {processor.py:925} INFO - DAG(s) 'dataset_s3_bucket_consumer', 'dataset_alias_example_alias_producer', 'dataset_s3_bucket_producer', 'dataset_alias_example_alias_consumer' retrieved from /home/airflow/.local/lib/python3.12/site-packages/airflow/example_dags/example_dataset_alias.py
[2024-11-06T18:05:16.127+0300] {logging_mixin.py:190} INFO - [2024-11-06T18:05:16.127+0300] {dag.py:3239} INFO - Sync 4 DAGs
[2024-11-06T18:05:16.152+0300] {logging_mixin.py:190} INFO - [2024-11-06T18:05:16.152+0300] {dag.py:4180} INFO - Setting next_dagrun for dataset_alias_example_alias_consumer to None, run_after=None
[2024-11-06T18:05:16.155+0300] {logging_mixin.py:190} INFO - [2024-11-06T18:05:16.154+0300] {dag.py:4180} INFO - Setting next_dagrun for dataset_alias_example_alias_producer to None, run_after=None
[2024-11-06T18:05:16.156+0300] {logging_mixin.py:190} INFO - [2024-11-06T18:05:16.156+0300] {dag.py:4180} INFO - Setting next_dagrun for dataset_s3_bucket_consumer to None, run_after=None
[2024-11-06T18:05:16.157+0300] {logging_mixin.py:190} INFO - [2024-11-06T18:05:16.157+0300] {dag.py:4180} INFO - Setting next_dagrun for dataset_s3_bucket_producer to None, run_after=None
[2024-11-06T18:05:16.176+0300] {processor.py:208} INFO - Processing /home/airflow/.local/lib/python3.12/site-packages/airflow/example_dags/example_dataset_alias.py took 0.339 seconds
[2024-11-06T18:05:46.299+0300] {processor.py:186} INFO - Started process (PID=1639) to work on /home/airflow/.local/lib/python3.12/site-packages/airflow/example_dags/example_dataset_alias.py
[2024-11-06T18:05:46.300+0300] {processor.py:914} INFO - Processing file /home/airflow/.local/lib/python3.12/site-packages/airflow/example_dags/example_dataset_alias.py for tasks to queue
[2024-11-06T18:05:46.302+0300] {logging_mixin.py:190} INFO - [2024-11-06T18:05:46.302+0300] {dagbag.py:588} INFO - Filling up the DagBag from /home/airflow/.local/lib/python3.12/site-packages/airflow/example_dags/example_dataset_alias.py
[2024-11-06T18:05:46.566+0300] {processor.py:925} INFO - DAG(s) 'dataset_s3_bucket_consumer', 'dataset_alias_example_alias_consumer', 'dataset_alias_example_alias_producer', 'dataset_s3_bucket_producer' retrieved from /home/airflow/.local/lib/python3.12/site-packages/airflow/example_dags/example_dataset_alias.py
[2024-11-06T18:05:46.585+0300] {logging_mixin.py:190} INFO - [2024-11-06T18:05:46.585+0300] {dag.py:3239} INFO - Sync 4 DAGs
[2024-11-06T18:05:46.603+0300] {logging_mixin.py:190} INFO - [2024-11-06T18:05:46.603+0300] {dag.py:4180} INFO - Setting next_dagrun for dataset_alias_example_alias_consumer to None, run_after=None
[2024-11-06T18:05:46.606+0300] {logging_mixin.py:190} INFO - [2024-11-06T18:05:46.606+0300] {dag.py:4180} INFO - Setting next_dagrun for dataset_alias_example_alias_producer to None, run_after=None
[2024-11-06T18:05:46.608+0300] {logging_mixin.py:190} INFO - [2024-11-06T18:05:46.607+0300] {dag.py:4180} INFO - Setting next_dagrun for dataset_s3_bucket_consumer to None, run_after=None
[2024-11-06T18:05:46.609+0300] {logging_mixin.py:190} INFO - [2024-11-06T18:05:46.609+0300] {dag.py:4180} INFO - Setting next_dagrun for dataset_s3_bucket_producer to None, run_after=None
[2024-11-06T18:05:46.628+0300] {processor.py:208} INFO - Processing /home/airflow/.local/lib/python3.12/site-packages/airflow/example_dags/example_dataset_alias.py took 0.335 seconds
[2024-11-06T18:06:17.335+0300] {processor.py:186} INFO - Started process (PID=1707) to work on /home/airflow/.local/lib/python3.12/site-packages/airflow/example_dags/example_dataset_alias.py
[2024-11-06T18:06:17.336+0300] {processor.py:914} INFO - Processing file /home/airflow/.local/lib/python3.12/site-packages/airflow/example_dags/example_dataset_alias.py for tasks to queue
[2024-11-06T18:06:17.340+0300] {logging_mixin.py:190} INFO - [2024-11-06T18:06:17.339+0300] {dagbag.py:588} INFO - Filling up the DagBag from /home/airflow/.local/lib/python3.12/site-packages/airflow/example_dags/example_dataset_alias.py
[2024-11-06T18:06:17.620+0300] {processor.py:925} INFO - DAG(s) 'dataset_s3_bucket_producer', 'dataset_alias_example_alias_consumer', 'dataset_alias_example_alias_producer', 'dataset_s3_bucket_consumer' retrieved from /home/airflow/.local/lib/python3.12/site-packages/airflow/example_dags/example_dataset_alias.py
[2024-11-06T18:06:17.638+0300] {logging_mixin.py:190} INFO - [2024-11-06T18:06:17.638+0300] {dag.py:3239} INFO - Sync 4 DAGs
[2024-11-06T18:06:17.657+0300] {logging_mixin.py:190} INFO - [2024-11-06T18:06:17.656+0300] {dag.py:4180} INFO - Setting next_dagrun for dataset_alias_example_alias_consumer to None, run_after=None
[2024-11-06T18:06:17.660+0300] {logging_mixin.py:190} INFO - [2024-11-06T18:06:17.660+0300] {dag.py:4180} INFO - Setting next_dagrun for dataset_alias_example_alias_producer to None, run_after=None
[2024-11-06T18:06:17.662+0300] {logging_mixin.py:190} INFO - [2024-11-06T18:06:17.662+0300] {dag.py:4180} INFO - Setting next_dagrun for dataset_s3_bucket_consumer to None, run_after=None
[2024-11-06T18:06:17.664+0300] {logging_mixin.py:190} INFO - [2024-11-06T18:06:17.663+0300] {dag.py:4180} INFO - Setting next_dagrun for dataset_s3_bucket_producer to None, run_after=None
[2024-11-06T18:06:17.693+0300] {processor.py:208} INFO - Processing /home/airflow/.local/lib/python3.12/site-packages/airflow/example_dags/example_dataset_alias.py took 0.366 seconds
[2024-11-06T18:06:48.020+0300] {processor.py:186} INFO - Started process (PID=1776) to work on /home/airflow/.local/lib/python3.12/site-packages/airflow/example_dags/example_dataset_alias.py
[2024-11-06T18:06:48.021+0300] {processor.py:914} INFO - Processing file /home/airflow/.local/lib/python3.12/site-packages/airflow/example_dags/example_dataset_alias.py for tasks to queue
[2024-11-06T18:06:48.023+0300] {logging_mixin.py:190} INFO - [2024-11-06T18:06:48.022+0300] {dagbag.py:588} INFO - Filling up the DagBag from /home/airflow/.local/lib/python3.12/site-packages/airflow/example_dags/example_dataset_alias.py
[2024-11-06T18:06:48.282+0300] {processor.py:925} INFO - DAG(s) 'dataset_s3_bucket_producer', 'dataset_s3_bucket_consumer', 'dataset_alias_example_alias_consumer', 'dataset_alias_example_alias_producer' retrieved from /home/airflow/.local/lib/python3.12/site-packages/airflow/example_dags/example_dataset_alias.py
[2024-11-06T18:06:48.302+0300] {logging_mixin.py:190} INFO - [2024-11-06T18:06:48.302+0300] {dag.py:3239} INFO - Sync 4 DAGs
[2024-11-06T18:06:48.319+0300] {logging_mixin.py:190} INFO - [2024-11-06T18:06:48.319+0300] {dag.py:4180} INFO - Setting next_dagrun for dataset_alias_example_alias_consumer to None, run_after=None
[2024-11-06T18:06:48.323+0300] {logging_mixin.py:190} INFO - [2024-11-06T18:06:48.322+0300] {dag.py:4180} INFO - Setting next_dagrun for dataset_alias_example_alias_producer to None, run_after=None
[2024-11-06T18:06:48.324+0300] {logging_mixin.py:190} INFO - [2024-11-06T18:06:48.324+0300] {dag.py:4180} INFO - Setting next_dagrun for dataset_s3_bucket_consumer to None, run_after=None
[2024-11-06T18:06:48.326+0300] {logging_mixin.py:190} INFO - [2024-11-06T18:06:48.326+0300] {dag.py:4180} INFO - Setting next_dagrun for dataset_s3_bucket_producer to None, run_after=None
[2024-11-06T18:06:48.359+0300] {processor.py:208} INFO - Processing /home/airflow/.local/lib/python3.12/site-packages/airflow/example_dags/example_dataset_alias.py took 0.344 seconds
[2024-11-06T18:07:18.795+0300] {processor.py:186} INFO - Started process (PID=1845) to work on /home/airflow/.local/lib/python3.12/site-packages/airflow/example_dags/example_dataset_alias.py
[2024-11-06T18:07:18.796+0300] {processor.py:914} INFO - Processing file /home/airflow/.local/lib/python3.12/site-packages/airflow/example_dags/example_dataset_alias.py for tasks to queue
[2024-11-06T18:07:18.799+0300] {logging_mixin.py:190} INFO - [2024-11-06T18:07:18.798+0300] {dagbag.py:588} INFO - Filling up the DagBag from /home/airflow/.local/lib/python3.12/site-packages/airflow/example_dags/example_dataset_alias.py
[2024-11-06T18:07:19.078+0300] {processor.py:925} INFO - DAG(s) 'dataset_alias_example_alias_consumer', 'dataset_alias_example_alias_producer', 'dataset_s3_bucket_consumer', 'dataset_s3_bucket_producer' retrieved from /home/airflow/.local/lib/python3.12/site-packages/airflow/example_dags/example_dataset_alias.py
[2024-11-06T18:07:19.102+0300] {logging_mixin.py:190} INFO - [2024-11-06T18:07:19.101+0300] {dag.py:3239} INFO - Sync 4 DAGs
[2024-11-06T18:07:19.119+0300] {logging_mixin.py:190} INFO - [2024-11-06T18:07:19.119+0300] {dag.py:4180} INFO - Setting next_dagrun for dataset_alias_example_alias_consumer to None, run_after=None
[2024-11-06T18:07:19.122+0300] {logging_mixin.py:190} INFO - [2024-11-06T18:07:19.122+0300] {dag.py:4180} INFO - Setting next_dagrun for dataset_alias_example_alias_producer to None, run_after=None
[2024-11-06T18:07:19.124+0300] {logging_mixin.py:190} INFO - [2024-11-06T18:07:19.123+0300] {dag.py:4180} INFO - Setting next_dagrun for dataset_s3_bucket_consumer to None, run_after=None
[2024-11-06T18:07:19.125+0300] {logging_mixin.py:190} INFO - [2024-11-06T18:07:19.125+0300] {dag.py:4180} INFO - Setting next_dagrun for dataset_s3_bucket_producer to None, run_after=None
[2024-11-06T18:07:19.143+0300] {processor.py:208} INFO - Processing /home/airflow/.local/lib/python3.12/site-packages/airflow/example_dags/example_dataset_alias.py took 0.353 seconds
[2024-11-06T18:07:49.424+0300] {processor.py:186} INFO - Started process (PID=1917) to work on /home/airflow/.local/lib/python3.12/site-packages/airflow/example_dags/example_dataset_alias.py
[2024-11-06T18:07:49.425+0300] {processor.py:914} INFO - Processing file /home/airflow/.local/lib/python3.12/site-packages/airflow/example_dags/example_dataset_alias.py for tasks to queue
[2024-11-06T18:07:49.427+0300] {logging_mixin.py:190} INFO - [2024-11-06T18:07:49.427+0300] {dagbag.py:588} INFO - Filling up the DagBag from /home/airflow/.local/lib/python3.12/site-packages/airflow/example_dags/example_dataset_alias.py
[2024-11-06T18:07:49.727+0300] {processor.py:925} INFO - DAG(s) 'dataset_alias_example_alias_producer', 'dataset_alias_example_alias_consumer', 'dataset_s3_bucket_producer', 'dataset_s3_bucket_consumer' retrieved from /home/airflow/.local/lib/python3.12/site-packages/airflow/example_dags/example_dataset_alias.py
[2024-11-06T18:07:49.750+0300] {logging_mixin.py:190} INFO - [2024-11-06T18:07:49.750+0300] {dag.py:3239} INFO - Sync 4 DAGs
[2024-11-06T18:07:49.768+0300] {logging_mixin.py:190} INFO - [2024-11-06T18:07:49.768+0300] {dag.py:4180} INFO - Setting next_dagrun for dataset_alias_example_alias_consumer to None, run_after=None
[2024-11-06T18:07:49.771+0300] {logging_mixin.py:190} INFO - [2024-11-06T18:07:49.771+0300] {dag.py:4180} INFO - Setting next_dagrun for dataset_alias_example_alias_producer to None, run_after=None
[2024-11-06T18:07:49.773+0300] {logging_mixin.py:190} INFO - [2024-11-06T18:07:49.772+0300] {dag.py:4180} INFO - Setting next_dagrun for dataset_s3_bucket_consumer to None, run_after=None
[2024-11-06T18:07:49.774+0300] {logging_mixin.py:190} INFO - [2024-11-06T18:07:49.774+0300] {dag.py:4180} INFO - Setting next_dagrun for dataset_s3_bucket_producer to None, run_after=None
[2024-11-06T18:07:49.793+0300] {processor.py:208} INFO - Processing /home/airflow/.local/lib/python3.12/site-packages/airflow/example_dags/example_dataset_alias.py took 0.374 seconds
[2024-11-06T18:08:20.340+0300] {processor.py:186} INFO - Started process (PID=1983) to work on /home/airflow/.local/lib/python3.12/site-packages/airflow/example_dags/example_dataset_alias.py
[2024-11-06T18:08:20.341+0300] {processor.py:914} INFO - Processing file /home/airflow/.local/lib/python3.12/site-packages/airflow/example_dags/example_dataset_alias.py for tasks to queue
[2024-11-06T18:08:20.343+0300] {logging_mixin.py:190} INFO - [2024-11-06T18:08:20.343+0300] {dagbag.py:588} INFO - Filling up the DagBag from /home/airflow/.local/lib/python3.12/site-packages/airflow/example_dags/example_dataset_alias.py
[2024-11-06T18:08:20.605+0300] {processor.py:925} INFO - DAG(s) 'dataset_s3_bucket_consumer', 'dataset_s3_bucket_producer', 'dataset_alias_example_alias_producer', 'dataset_alias_example_alias_consumer' retrieved from /home/airflow/.local/lib/python3.12/site-packages/airflow/example_dags/example_dataset_alias.py
[2024-11-06T18:08:20.622+0300] {logging_mixin.py:190} INFO - [2024-11-06T18:08:20.622+0300] {dag.py:3239} INFO - Sync 4 DAGs
[2024-11-06T18:08:20.641+0300] {logging_mixin.py:190} INFO - [2024-11-06T18:08:20.641+0300] {dag.py:4180} INFO - Setting next_dagrun for dataset_alias_example_alias_consumer to None, run_after=None
[2024-11-06T18:08:20.644+0300] {logging_mixin.py:190} INFO - [2024-11-06T18:08:20.644+0300] {dag.py:4180} INFO - Setting next_dagrun for dataset_alias_example_alias_producer to None, run_after=None
[2024-11-06T18:08:20.645+0300] {logging_mixin.py:190} INFO - [2024-11-06T18:08:20.645+0300] {dag.py:4180} INFO - Setting next_dagrun for dataset_s3_bucket_consumer to None, run_after=None
[2024-11-06T18:08:20.647+0300] {logging_mixin.py:190} INFO - [2024-11-06T18:08:20.646+0300] {dag.py:4180} INFO - Setting next_dagrun for dataset_s3_bucket_producer to None, run_after=None
[2024-11-06T18:08:20.666+0300] {processor.py:208} INFO - Processing /home/airflow/.local/lib/python3.12/site-packages/airflow/example_dags/example_dataset_alias.py took 0.330 seconds
[2024-11-06T18:08:51.509+0300] {processor.py:186} INFO - Started process (PID=2052) to work on /home/airflow/.local/lib/python3.12/site-packages/airflow/example_dags/example_dataset_alias.py
[2024-11-06T18:08:51.511+0300] {processor.py:914} INFO - Processing file /home/airflow/.local/lib/python3.12/site-packages/airflow/example_dags/example_dataset_alias.py for tasks to queue
[2024-11-06T18:08:51.514+0300] {logging_mixin.py:190} INFO - [2024-11-06T18:08:51.514+0300] {dagbag.py:588} INFO - Filling up the DagBag from /home/airflow/.local/lib/python3.12/site-packages/airflow/example_dags/example_dataset_alias.py
[2024-11-06T18:08:51.816+0300] {processor.py:925} INFO - DAG(s) 'dataset_s3_bucket_producer', 'dataset_alias_example_alias_consumer', 'dataset_alias_example_alias_producer', 'dataset_s3_bucket_consumer' retrieved from /home/airflow/.local/lib/python3.12/site-packages/airflow/example_dags/example_dataset_alias.py
[2024-11-06T18:08:51.833+0300] {logging_mixin.py:190} INFO - [2024-11-06T18:08:51.833+0300] {dag.py:3239} INFO - Sync 4 DAGs
[2024-11-06T18:08:51.857+0300] {logging_mixin.py:190} INFO - [2024-11-06T18:08:51.856+0300] {dag.py:4180} INFO - Setting next_dagrun for dataset_alias_example_alias_consumer to None, run_after=None
[2024-11-06T18:08:51.860+0300] {logging_mixin.py:190} INFO - [2024-11-06T18:08:51.860+0300] {dag.py:4180} INFO - Setting next_dagrun for dataset_alias_example_alias_producer to None, run_after=None
[2024-11-06T18:08:51.862+0300] {logging_mixin.py:190} INFO - [2024-11-06T18:08:51.861+0300] {dag.py:4180} INFO - Setting next_dagrun for dataset_s3_bucket_consumer to None, run_after=None
[2024-11-06T18:08:51.863+0300] {logging_mixin.py:190} INFO - [2024-11-06T18:08:51.863+0300] {dag.py:4180} INFO - Setting next_dagrun for dataset_s3_bucket_producer to None, run_after=None
[2024-11-06T18:08:51.882+0300] {processor.py:208} INFO - Processing /home/airflow/.local/lib/python3.12/site-packages/airflow/example_dags/example_dataset_alias.py took 0.382 seconds
[2024-11-06T18:09:22.030+0300] {processor.py:186} INFO - Started process (PID=2121) to work on /home/airflow/.local/lib/python3.12/site-packages/airflow/example_dags/example_dataset_alias.py
[2024-11-06T18:09:22.032+0300] {processor.py:914} INFO - Processing file /home/airflow/.local/lib/python3.12/site-packages/airflow/example_dags/example_dataset_alias.py for tasks to queue
[2024-11-06T18:09:22.034+0300] {logging_mixin.py:190} INFO - [2024-11-06T18:09:22.034+0300] {dagbag.py:588} INFO - Filling up the DagBag from /home/airflow/.local/lib/python3.12/site-packages/airflow/example_dags/example_dataset_alias.py
[2024-11-06T18:09:22.256+0300] {processor.py:925} INFO - DAG(s) 'dataset_s3_bucket_consumer', 'dataset_alias_example_alias_producer', 'dataset_s3_bucket_producer', 'dataset_alias_example_alias_consumer' retrieved from /home/airflow/.local/lib/python3.12/site-packages/airflow/example_dags/example_dataset_alias.py
[2024-11-06T18:09:22.278+0300] {logging_mixin.py:190} INFO - [2024-11-06T18:09:22.277+0300] {dag.py:3239} INFO - Sync 4 DAGs
[2024-11-06T18:09:22.296+0300] {logging_mixin.py:190} INFO - [2024-11-06T18:09:22.296+0300] {dag.py:4180} INFO - Setting next_dagrun for dataset_alias_example_alias_consumer to None, run_after=None
[2024-11-06T18:09:22.299+0300] {logging_mixin.py:190} INFO - [2024-11-06T18:09:22.299+0300] {dag.py:4180} INFO - Setting next_dagrun for dataset_alias_example_alias_producer to None, run_after=None
[2024-11-06T18:09:22.301+0300] {logging_mixin.py:190} INFO - [2024-11-06T18:09:22.301+0300] {dag.py:4180} INFO - Setting next_dagrun for dataset_s3_bucket_consumer to None, run_after=None
[2024-11-06T18:09:22.303+0300] {logging_mixin.py:190} INFO - [2024-11-06T18:09:22.302+0300] {dag.py:4180} INFO - Setting next_dagrun for dataset_s3_bucket_producer to None, run_after=None
[2024-11-06T18:09:22.336+0300] {processor.py:208} INFO - Processing /home/airflow/.local/lib/python3.12/site-packages/airflow/example_dags/example_dataset_alias.py took 0.314 seconds
[2024-11-06T18:09:53.450+0300] {processor.py:186} INFO - Started process (PID=2189) to work on /home/airflow/.local/lib/python3.12/site-packages/airflow/example_dags/example_dataset_alias.py
[2024-11-06T18:09:53.452+0300] {processor.py:914} INFO - Processing file /home/airflow/.local/lib/python3.12/site-packages/airflow/example_dags/example_dataset_alias.py for tasks to queue
[2024-11-06T18:09:53.454+0300] {logging_mixin.py:190} INFO - [2024-11-06T18:09:53.454+0300] {dagbag.py:588} INFO - Filling up the DagBag from /home/airflow/.local/lib/python3.12/site-packages/airflow/example_dags/example_dataset_alias.py
[2024-11-06T18:09:53.741+0300] {processor.py:925} INFO - DAG(s) 'dataset_s3_bucket_consumer', 'dataset_alias_example_alias_producer', 'dataset_s3_bucket_producer', 'dataset_alias_example_alias_consumer' retrieved from /home/airflow/.local/lib/python3.12/site-packages/airflow/example_dags/example_dataset_alias.py
[2024-11-06T18:09:53.760+0300] {logging_mixin.py:190} INFO - [2024-11-06T18:09:53.759+0300] {dag.py:3239} INFO - Sync 4 DAGs
[2024-11-06T18:09:53.776+0300] {logging_mixin.py:190} INFO - [2024-11-06T18:09:53.776+0300] {dag.py:4180} INFO - Setting next_dagrun for dataset_alias_example_alias_consumer to None, run_after=None
[2024-11-06T18:09:53.779+0300] {logging_mixin.py:190} INFO - [2024-11-06T18:09:53.779+0300] {dag.py:4180} INFO - Setting next_dagrun for dataset_alias_example_alias_producer to None, run_after=None
[2024-11-06T18:09:53.781+0300] {logging_mixin.py:190} INFO - [2024-11-06T18:09:53.781+0300] {dag.py:4180} INFO - Setting next_dagrun for dataset_s3_bucket_consumer to None, run_after=None
[2024-11-06T18:09:53.782+0300] {logging_mixin.py:190} INFO - [2024-11-06T18:09:53.782+0300] {dag.py:4180} INFO - Setting next_dagrun for dataset_s3_bucket_producer to None, run_after=None
[2024-11-06T18:09:53.801+0300] {processor.py:208} INFO - Processing /home/airflow/.local/lib/python3.12/site-packages/airflow/example_dags/example_dataset_alias.py took 0.356 seconds
[2024-11-06T18:10:24.935+0300] {processor.py:186} INFO - Started process (PID=2259) to work on /home/airflow/.local/lib/python3.12/site-packages/airflow/example_dags/example_dataset_alias.py
[2024-11-06T18:10:24.937+0300] {processor.py:914} INFO - Processing file /home/airflow/.local/lib/python3.12/site-packages/airflow/example_dags/example_dataset_alias.py for tasks to queue
[2024-11-06T18:10:24.942+0300] {logging_mixin.py:190} INFO - [2024-11-06T18:10:24.941+0300] {dagbag.py:588} INFO - Filling up the DagBag from /home/airflow/.local/lib/python3.12/site-packages/airflow/example_dags/example_dataset_alias.py
[2024-11-06T18:10:25.212+0300] {processor.py:925} INFO - DAG(s) 'dataset_alias_example_alias_producer', 'dataset_alias_example_alias_consumer', 'dataset_s3_bucket_consumer', 'dataset_s3_bucket_producer' retrieved from /home/airflow/.local/lib/python3.12/site-packages/airflow/example_dags/example_dataset_alias.py
[2024-11-06T18:10:25.225+0300] {logging_mixin.py:190} INFO - [2024-11-06T18:10:25.225+0300] {dag.py:3239} INFO - Sync 4 DAGs
[2024-11-06T18:10:25.245+0300] {logging_mixin.py:190} INFO - [2024-11-06T18:10:25.244+0300] {dag.py:4180} INFO - Setting next_dagrun for dataset_alias_example_alias_consumer to None, run_after=None
[2024-11-06T18:10:25.248+0300] {logging_mixin.py:190} INFO - [2024-11-06T18:10:25.248+0300] {dag.py:4180} INFO - Setting next_dagrun for dataset_alias_example_alias_producer to None, run_after=None
[2024-11-06T18:10:25.250+0300] {logging_mixin.py:190} INFO - [2024-11-06T18:10:25.250+0300] {dag.py:4180} INFO - Setting next_dagrun for dataset_s3_bucket_consumer to None, run_after=None
[2024-11-06T18:10:25.252+0300] {logging_mixin.py:190} INFO - [2024-11-06T18:10:25.252+0300] {dag.py:4180} INFO - Setting next_dagrun for dataset_s3_bucket_producer to None, run_after=None
[2024-11-06T18:10:25.296+0300] {processor.py:208} INFO - Processing /home/airflow/.local/lib/python3.12/site-packages/airflow/example_dags/example_dataset_alias.py took 0.370 seconds
[2024-11-06T18:10:55.681+0300] {processor.py:186} INFO - Started process (PID=2327) to work on /home/airflow/.local/lib/python3.12/site-packages/airflow/example_dags/example_dataset_alias.py
[2024-11-06T18:10:55.683+0300] {processor.py:914} INFO - Processing file /home/airflow/.local/lib/python3.12/site-packages/airflow/example_dags/example_dataset_alias.py for tasks to queue
[2024-11-06T18:10:55.685+0300] {logging_mixin.py:190} INFO - [2024-11-06T18:10:55.685+0300] {dagbag.py:588} INFO - Filling up the DagBag from /home/airflow/.local/lib/python3.12/site-packages/airflow/example_dags/example_dataset_alias.py
[2024-11-06T18:10:55.933+0300] {processor.py:925} INFO - DAG(s) 'dataset_alias_example_alias_consumer', 'dataset_s3_bucket_consumer', 'dataset_alias_example_alias_producer', 'dataset_s3_bucket_producer' retrieved from /home/airflow/.local/lib/python3.12/site-packages/airflow/example_dags/example_dataset_alias.py
[2024-11-06T18:10:55.953+0300] {logging_mixin.py:190} INFO - [2024-11-06T18:10:55.953+0300] {dag.py:3239} INFO - Sync 4 DAGs
[2024-11-06T18:10:55.971+0300] {logging_mixin.py:190} INFO - [2024-11-06T18:10:55.970+0300] {dag.py:4180} INFO - Setting next_dagrun for dataset_alias_example_alias_consumer to None, run_after=None
[2024-11-06T18:10:55.973+0300] {logging_mixin.py:190} INFO - [2024-11-06T18:10:55.973+0300] {dag.py:4180} INFO - Setting next_dagrun for dataset_alias_example_alias_producer to None, run_after=None
[2024-11-06T18:10:55.974+0300] {logging_mixin.py:190} INFO - [2024-11-06T18:10:55.974+0300] {dag.py:4180} INFO - Setting next_dagrun for dataset_s3_bucket_consumer to None, run_after=None
[2024-11-06T18:10:55.975+0300] {logging_mixin.py:190} INFO - [2024-11-06T18:10:55.975+0300] {dag.py:4180} INFO - Setting next_dagrun for dataset_s3_bucket_producer to None, run_after=None
[2024-11-06T18:10:55.991+0300] {processor.py:208} INFO - Processing /home/airflow/.local/lib/python3.12/site-packages/airflow/example_dags/example_dataset_alias.py took 0.315 seconds
[2024-11-06T18:11:27.207+0300] {processor.py:186} INFO - Started process (PID=2397) to work on /home/airflow/.local/lib/python3.12/site-packages/airflow/example_dags/example_dataset_alias.py
[2024-11-06T18:11:27.208+0300] {processor.py:914} INFO - Processing file /home/airflow/.local/lib/python3.12/site-packages/airflow/example_dags/example_dataset_alias.py for tasks to queue
[2024-11-06T18:11:27.211+0300] {logging_mixin.py:190} INFO - [2024-11-06T18:11:27.210+0300] {dagbag.py:588} INFO - Filling up the DagBag from /home/airflow/.local/lib/python3.12/site-packages/airflow/example_dags/example_dataset_alias.py
[2024-11-06T18:11:27.480+0300] {processor.py:925} INFO - DAG(s) 'dataset_s3_bucket_producer', 'dataset_alias_example_alias_consumer', 'dataset_s3_bucket_consumer', 'dataset_alias_example_alias_producer' retrieved from /home/airflow/.local/lib/python3.12/site-packages/airflow/example_dags/example_dataset_alias.py
[2024-11-06T18:11:27.499+0300] {logging_mixin.py:190} INFO - [2024-11-06T18:11:27.499+0300] {dag.py:3239} INFO - Sync 4 DAGs
[2024-11-06T18:11:27.519+0300] {logging_mixin.py:190} INFO - [2024-11-06T18:11:27.518+0300] {dag.py:4180} INFO - Setting next_dagrun for dataset_alias_example_alias_consumer to None, run_after=None
[2024-11-06T18:11:27.522+0300] {logging_mixin.py:190} INFO - [2024-11-06T18:11:27.521+0300] {dag.py:4180} INFO - Setting next_dagrun for dataset_alias_example_alias_producer to None, run_after=None
[2024-11-06T18:11:27.523+0300] {logging_mixin.py:190} INFO - [2024-11-06T18:11:27.523+0300] {dag.py:4180} INFO - Setting next_dagrun for dataset_s3_bucket_consumer to None, run_after=None
[2024-11-06T18:11:27.524+0300] {logging_mixin.py:190} INFO - [2024-11-06T18:11:27.524+0300] {dag.py:4180} INFO - Setting next_dagrun for dataset_s3_bucket_producer to None, run_after=None
[2024-11-06T18:11:27.543+0300] {processor.py:208} INFO - Processing /home/airflow/.local/lib/python3.12/site-packages/airflow/example_dags/example_dataset_alias.py took 0.340 seconds
