[2024-11-01T12:35:17.276+0000] {local_task_job_runner.py:123} INFO - ::group::Pre task execution logs
[2024-11-01T12:35:17.291+0000] {taskinstance.py:2612} INFO - Dependencies all met for dep_context=non-requeueable deps ti=<TaskInstance: my_dag.my_task manual__2024-11-01T12:35:14.644342+00:00 [queued]>
[2024-11-01T12:35:17.301+0000] {taskinstance.py:2612} INFO - Dependencies all met for dep_context=requeueable deps ti=<TaskInstance: my_dag.my_task manual__2024-11-01T12:35:14.644342+00:00 [queued]>
[2024-11-01T12:35:17.302+0000] {taskinstance.py:2865} INFO - Starting attempt 1 of 2
[2024-11-01T12:35:17.316+0000] {taskinstance.py:2888} INFO - Executing <Task(BashOperator): my_task> on 2024-11-01 12:35:14.644342+00:00
[2024-11-01T12:35:17.323+0000] {warnings.py:112} WARNING - /home/***/.local/lib/python3.12/site-packages/***/task/task_runner/standard_task_runner.py:70: DeprecationWarning: This process (pid=135) is multi-threaded, use of fork() may lead to deadlocks in the child.
  pid = os.fork()

[2024-11-01T12:35:17.325+0000] {standard_task_runner.py:72} INFO - Started process 137 to run task
[2024-11-01T12:35:17.326+0000] {standard_task_runner.py:104} INFO - Running: ['***', 'tasks', 'run', 'my_dag', 'my_task', 'manual__2024-11-01T12:35:14.644342+00:00', '--job-id', '11', '--raw', '--subdir', 'DAGS_FOLDER/my-dag.py', '--cfg-path', '/tmp/tmpcx663_kf']
[2024-11-01T12:35:17.328+0000] {standard_task_runner.py:105} INFO - Job 11: Subtask my_task
[2024-11-01T12:35:17.381+0000] {task_command.py:467} INFO - Running <TaskInstance: my_dag.my_task manual__2024-11-01T12:35:14.644342+00:00 [running]> on host e07dba6ee931
[2024-11-01T12:35:17.487+0000] {taskinstance.py:3131} INFO - Exporting env vars: AIRFLOW_CTX_DAG_OWNER='***' AIRFLOW_CTX_DAG_ID='my_dag' AIRFLOW_CTX_TASK_ID='my_task' AIRFLOW_CTX_EXECUTION_DATE='2024-11-01T12:35:14.644342+00:00' AIRFLOW_CTX_TRY_NUMBER='1' AIRFLOW_CTX_DAG_RUN_ID='manual__2024-11-01T12:35:14.644342+00:00'
[2024-11-01T12:35:17.489+0000] {logging_mixin.py:190} INFO - Task instance is in running state
[2024-11-01T12:35:17.490+0000] {logging_mixin.py:190} INFO -  Previous state of the Task instance: queued
[2024-11-01T12:35:17.491+0000] {logging_mixin.py:190} INFO - Current task name:my_task state:running start_date:2024-11-01 12:35:17.293093+00:00
[2024-11-01T12:35:17.492+0000] {logging_mixin.py:190} INFO - Dag name:my_dag and current dag run status:running
[2024-11-01T12:35:17.492+0000] {taskinstance.py:731} INFO - ::endgroup::
[2024-11-01T12:35:17.494+0000] {subprocess.py:63} INFO - Tmp dir root location: /tmp
[2024-11-01T12:35:17.496+0000] {subprocess.py:75} INFO - Running command: ['/usr/bin/bash', '-c', 'echo "Hello World!"']
[2024-11-01T12:35:17.510+0000] {subprocess.py:86} INFO - Output:
[2024-11-01T12:35:17.511+0000] {subprocess.py:93} INFO - Hello World!
[2024-11-01T12:35:17.512+0000] {subprocess.py:97} INFO - Command exited with return code 0
[2024-11-01T12:35:17.544+0000] {taskinstance.py:340} INFO - ::group::Post task execution logs
[2024-11-01T12:35:17.545+0000] {taskinstance.py:352} INFO - Marking task as SUCCESS. dag_id=my_dag, task_id=my_task, run_id=manual__2024-11-01T12:35:14.644342+00:00, execution_date=20241101T123514, start_date=20241101T123517, end_date=20241101T123517
[2024-11-01T12:35:17.559+0000] {logging_mixin.py:190} INFO - Task instance in success state
[2024-11-01T12:35:17.560+0000] {logging_mixin.py:190} INFO -  Previous state of the Task instance: running
[2024-11-01T12:35:17.561+0000] {logging_mixin.py:190} INFO - Dag name:my_dag queued_at:2024-11-01 12:35:14.664911+00:00
[2024-11-01T12:35:17.562+0000] {logging_mixin.py:190} INFO - Task hostname:e07dba6ee931 operator:BashOperator
[2024-11-01T12:35:17.582+0000] {local_task_job_runner.py:266} INFO - Task exited with return code 0
[2024-11-01T12:35:17.605+0000] {taskinstance.py:3900} INFO - 0 downstream tasks scheduled from follow-on schedule check
[2024-11-01T12:35:17.608+0000] {local_task_job_runner.py:245} INFO - ::endgroup::
