[2024-11-06T17:54:27.899+0300] {processor.py:186} INFO - Started process (PID=69) to work on /opt/airflow/dags/my-dag.py
[2024-11-06T17:54:27.900+0300] {processor.py:914} INFO - Processing file /opt/airflow/dags/my-dag.py for tasks to queue
[2024-11-06T17:54:27.904+0300] {logging_mixin.py:190} INFO - [2024-11-06T17:54:27.903+0300] {dagbag.py:588} INFO - Filling up the DagBag from /opt/airflow/dags/my-dag.py
[2024-11-06T17:54:27.940+0300] {processor.py:925} INFO - DAG(s) 'my_dag' retrieved from /opt/airflow/dags/my-dag.py
[2024-11-06T17:54:27.972+0300] {logging_mixin.py:190} INFO - [2024-11-06T17:54:27.971+0300] {dag.py:3239} INFO - Sync 1 DAGs
[2024-11-06T17:54:28.003+0300] {logging_mixin.py:190} INFO - [2024-11-06T17:54:28.003+0300] {dag.py:4180} INFO - Setting next_dagrun for my_dag to 2024-11-01 00:00:00+00:00, run_after=2024-11-02 00:00:00+00:00
[2024-11-06T17:54:28.035+0300] {processor.py:208} INFO - Processing /opt/airflow/dags/my-dag.py took 0.143 seconds
[2024-11-06T17:54:58.182+0300] {processor.py:186} INFO - Started process (PID=158) to work on /opt/airflow/dags/my-dag.py
[2024-11-06T17:54:58.183+0300] {processor.py:914} INFO - Processing file /opt/airflow/dags/my-dag.py for tasks to queue
[2024-11-06T17:54:58.187+0300] {logging_mixin.py:190} INFO - [2024-11-06T17:54:58.186+0300] {dagbag.py:588} INFO - Filling up the DagBag from /opt/airflow/dags/my-dag.py
[2024-11-06T17:54:58.220+0300] {processor.py:925} INFO - DAG(s) 'my_dag' retrieved from /opt/airflow/dags/my-dag.py
[2024-11-06T17:54:58.245+0300] {logging_mixin.py:190} INFO - [2024-11-06T17:54:58.244+0300] {dag.py:3239} INFO - Sync 1 DAGs
[2024-11-06T17:54:58.271+0300] {logging_mixin.py:190} INFO - [2024-11-06T17:54:58.271+0300] {dag.py:4180} INFO - Setting next_dagrun for my_dag to 2024-11-01 00:00:00+00:00, run_after=2024-11-02 00:00:00+00:00
[2024-11-06T17:54:58.297+0300] {processor.py:208} INFO - Processing /opt/airflow/dags/my-dag.py took 0.122 seconds
[2024-11-06T17:55:28.370+0300] {processor.py:186} INFO - Started process (PID=231) to work on /opt/airflow/dags/my-dag.py
[2024-11-06T17:55:28.371+0300] {processor.py:914} INFO - Processing file /opt/airflow/dags/my-dag.py for tasks to queue
[2024-11-06T17:55:28.373+0300] {logging_mixin.py:190} INFO - [2024-11-06T17:55:28.373+0300] {dagbag.py:588} INFO - Filling up the DagBag from /opt/airflow/dags/my-dag.py
[2024-11-06T17:55:28.396+0300] {processor.py:925} INFO - DAG(s) 'my_dag' retrieved from /opt/airflow/dags/my-dag.py
[2024-11-06T17:55:28.416+0300] {logging_mixin.py:190} INFO - [2024-11-06T17:55:28.416+0300] {dag.py:3239} INFO - Sync 1 DAGs
[2024-11-06T17:55:28.439+0300] {logging_mixin.py:190} INFO - [2024-11-06T17:55:28.439+0300] {dag.py:4180} INFO - Setting next_dagrun for my_dag to 2024-11-01 00:00:00+00:00, run_after=2024-11-02 00:00:00+00:00
[2024-11-06T17:55:28.456+0300] {processor.py:208} INFO - Processing /opt/airflow/dags/my-dag.py took 0.091 seconds
[2024-11-06T17:55:59.280+0300] {processor.py:186} INFO - Started process (PID=300) to work on /opt/airflow/dags/my-dag.py
[2024-11-06T17:55:59.282+0300] {processor.py:914} INFO - Processing file /opt/airflow/dags/my-dag.py for tasks to queue
[2024-11-06T17:55:59.284+0300] {logging_mixin.py:190} INFO - [2024-11-06T17:55:59.283+0300] {dagbag.py:588} INFO - Filling up the DagBag from /opt/airflow/dags/my-dag.py
[2024-11-06T17:55:59.305+0300] {processor.py:925} INFO - DAG(s) 'my_dag' retrieved from /opt/airflow/dags/my-dag.py
[2024-11-06T17:55:59.322+0300] {logging_mixin.py:190} INFO - [2024-11-06T17:55:59.322+0300] {dag.py:3239} INFO - Sync 1 DAGs
[2024-11-06T17:55:59.347+0300] {logging_mixin.py:190} INFO - [2024-11-06T17:55:59.347+0300] {dag.py:4180} INFO - Setting next_dagrun for my_dag to 2024-11-01 00:00:00+00:00, run_after=2024-11-02 00:00:00+00:00
[2024-11-06T17:55:59.365+0300] {processor.py:208} INFO - Processing /opt/airflow/dags/my-dag.py took 0.091 seconds
[2024-11-06T17:56:30.372+0300] {processor.py:186} INFO - Started process (PID=375) to work on /opt/airflow/dags/my-dag.py
[2024-11-06T17:56:30.373+0300] {processor.py:914} INFO - Processing file /opt/airflow/dags/my-dag.py for tasks to queue
[2024-11-06T17:56:30.375+0300] {logging_mixin.py:190} INFO - [2024-11-06T17:56:30.375+0300] {dagbag.py:588} INFO - Filling up the DagBag from /opt/airflow/dags/my-dag.py
[2024-11-06T17:56:30.409+0300] {processor.py:925} INFO - DAG(s) 'my_dag' retrieved from /opt/airflow/dags/my-dag.py
[2024-11-06T17:56:30.432+0300] {logging_mixin.py:190} INFO - [2024-11-06T17:56:30.432+0300] {dag.py:3239} INFO - Sync 1 DAGs
[2024-11-06T17:56:30.456+0300] {logging_mixin.py:190} INFO - [2024-11-06T17:56:30.456+0300] {dag.py:4180} INFO - Setting next_dagrun for my_dag to 2024-11-01 00:00:00+00:00, run_after=2024-11-02 00:00:00+00:00
[2024-11-06T17:56:30.476+0300] {processor.py:208} INFO - Processing /opt/airflow/dags/my-dag.py took 0.110 seconds
[2024-11-06T17:57:01.000+0300] {processor.py:186} INFO - Started process (PID=444) to work on /opt/airflow/dags/my-dag.py
[2024-11-06T17:57:01.001+0300] {processor.py:914} INFO - Processing file /opt/airflow/dags/my-dag.py for tasks to queue
[2024-11-06T17:57:01.003+0300] {logging_mixin.py:190} INFO - [2024-11-06T17:57:01.003+0300] {dagbag.py:588} INFO - Filling up the DagBag from /opt/airflow/dags/my-dag.py
[2024-11-06T17:57:01.020+0300] {processor.py:925} INFO - DAG(s) 'my_dag' retrieved from /opt/airflow/dags/my-dag.py
[2024-11-06T17:57:01.041+0300] {logging_mixin.py:190} INFO - [2024-11-06T17:57:01.041+0300] {dag.py:3239} INFO - Sync 1 DAGs
[2024-11-06T17:57:01.072+0300] {logging_mixin.py:190} INFO - [2024-11-06T17:57:01.072+0300] {dag.py:4180} INFO - Setting next_dagrun for my_dag to 2024-11-01 00:00:00+00:00, run_after=2024-11-02 00:00:00+00:00
[2024-11-06T17:57:01.092+0300] {processor.py:208} INFO - Processing /opt/airflow/dags/my-dag.py took 0.097 seconds
[2024-11-06T17:57:32.189+0300] {processor.py:186} INFO - Started process (PID=515) to work on /opt/airflow/dags/my-dag.py
[2024-11-06T17:57:32.191+0300] {processor.py:914} INFO - Processing file /opt/airflow/dags/my-dag.py for tasks to queue
[2024-11-06T17:57:32.199+0300] {logging_mixin.py:190} INFO - [2024-11-06T17:57:32.198+0300] {dagbag.py:588} INFO - Filling up the DagBag from /opt/airflow/dags/my-dag.py
[2024-11-06T17:57:32.259+0300] {processor.py:925} INFO - DAG(s) 'my_dag' retrieved from /opt/airflow/dags/my-dag.py
[2024-11-06T17:57:32.279+0300] {logging_mixin.py:190} INFO - [2024-11-06T17:57:32.278+0300] {dag.py:3239} INFO - Sync 1 DAGs
[2024-11-06T17:57:32.302+0300] {logging_mixin.py:190} INFO - [2024-11-06T17:57:32.302+0300] {dag.py:4180} INFO - Setting next_dagrun for my_dag to 2024-11-01 00:00:00+00:00, run_after=2024-11-02 00:00:00+00:00
[2024-11-06T17:57:32.336+0300] {processor.py:208} INFO - Processing /opt/airflow/dags/my-dag.py took 0.152 seconds
[2024-11-06T17:58:02.576+0300] {processor.py:186} INFO - Started process (PID=584) to work on /opt/airflow/dags/my-dag.py
[2024-11-06T17:58:02.578+0300] {processor.py:914} INFO - Processing file /opt/airflow/dags/my-dag.py for tasks to queue
[2024-11-06T17:58:02.581+0300] {logging_mixin.py:190} INFO - [2024-11-06T17:58:02.580+0300] {dagbag.py:588} INFO - Filling up the DagBag from /opt/airflow/dags/my-dag.py
[2024-11-06T17:58:02.603+0300] {processor.py:925} INFO - DAG(s) 'my_dag' retrieved from /opt/airflow/dags/my-dag.py
[2024-11-06T17:58:02.619+0300] {logging_mixin.py:190} INFO - [2024-11-06T17:58:02.618+0300] {dag.py:3239} INFO - Sync 1 DAGs
[2024-11-06T17:58:02.640+0300] {logging_mixin.py:190} INFO - [2024-11-06T17:58:02.640+0300] {dag.py:4180} INFO - Setting next_dagrun for my_dag to 2024-11-01 00:00:00+00:00, run_after=2024-11-02 00:00:00+00:00
[2024-11-06T17:58:02.659+0300] {processor.py:208} INFO - Processing /opt/airflow/dags/my-dag.py took 0.088 seconds
[2024-11-06T17:58:33.153+0300] {processor.py:186} INFO - Started process (PID=653) to work on /opt/airflow/dags/my-dag.py
[2024-11-06T17:58:33.155+0300] {processor.py:914} INFO - Processing file /opt/airflow/dags/my-dag.py for tasks to queue
[2024-11-06T17:58:33.159+0300] {logging_mixin.py:190} INFO - [2024-11-06T17:58:33.158+0300] {dagbag.py:588} INFO - Filling up the DagBag from /opt/airflow/dags/my-dag.py
[2024-11-06T17:58:33.207+0300] {processor.py:925} INFO - DAG(s) 'my_dag' retrieved from /opt/airflow/dags/my-dag.py
[2024-11-06T17:58:33.248+0300] {logging_mixin.py:190} INFO - [2024-11-06T17:58:33.247+0300] {dag.py:3239} INFO - Sync 1 DAGs
[2024-11-06T17:58:33.275+0300] {logging_mixin.py:190} INFO - [2024-11-06T17:58:33.274+0300] {dag.py:4180} INFO - Setting next_dagrun for my_dag to 2024-11-01 00:00:00+00:00, run_after=2024-11-02 00:00:00+00:00
[2024-11-06T17:58:33.302+0300] {processor.py:208} INFO - Processing /opt/airflow/dags/my-dag.py took 0.161 seconds
[2024-11-06T17:59:04.039+0300] {processor.py:186} INFO - Started process (PID=722) to work on /opt/airflow/dags/my-dag.py
[2024-11-06T17:59:04.041+0300] {processor.py:914} INFO - Processing file /opt/airflow/dags/my-dag.py for tasks to queue
[2024-11-06T17:59:04.046+0300] {logging_mixin.py:190} INFO - [2024-11-06T17:59:04.045+0300] {dagbag.py:588} INFO - Filling up the DagBag from /opt/airflow/dags/my-dag.py
[2024-11-06T17:59:04.100+0300] {processor.py:925} INFO - DAG(s) 'my_dag' retrieved from /opt/airflow/dags/my-dag.py
[2024-11-06T17:59:04.133+0300] {logging_mixin.py:190} INFO - [2024-11-06T17:59:04.133+0300] {dag.py:3239} INFO - Sync 1 DAGs
[2024-11-06T17:59:04.175+0300] {logging_mixin.py:190} INFO - [2024-11-06T17:59:04.175+0300] {dag.py:4180} INFO - Setting next_dagrun for my_dag to 2024-11-01 00:00:00+00:00, run_after=2024-11-02 00:00:00+00:00
[2024-11-06T17:59:04.206+0300] {processor.py:208} INFO - Processing /opt/airflow/dags/my-dag.py took 0.174 seconds
[2024-11-06T17:59:34.771+0300] {processor.py:186} INFO - Started process (PID=791) to work on /opt/airflow/dags/my-dag.py
[2024-11-06T17:59:34.772+0300] {processor.py:914} INFO - Processing file /opt/airflow/dags/my-dag.py for tasks to queue
[2024-11-06T17:59:34.776+0300] {logging_mixin.py:190} INFO - [2024-11-06T17:59:34.775+0300] {dagbag.py:588} INFO - Filling up the DagBag from /opt/airflow/dags/my-dag.py
[2024-11-06T17:59:34.804+0300] {processor.py:925} INFO - DAG(s) 'my_dag' retrieved from /opt/airflow/dags/my-dag.py
[2024-11-06T17:59:34.829+0300] {logging_mixin.py:190} INFO - [2024-11-06T17:59:34.829+0300] {dag.py:3239} INFO - Sync 1 DAGs
[2024-11-06T17:59:34.857+0300] {logging_mixin.py:190} INFO - [2024-11-06T17:59:34.856+0300] {dag.py:4180} INFO - Setting next_dagrun for my_dag to 2024-11-01 00:00:00+00:00, run_after=2024-11-02 00:00:00+00:00
[2024-11-06T17:59:34.885+0300] {processor.py:208} INFO - Processing /opt/airflow/dags/my-dag.py took 0.120 seconds
[2024-11-06T18:00:05.150+0300] {processor.py:186} INFO - Started process (PID=860) to work on /opt/airflow/dags/my-dag.py
[2024-11-06T18:00:05.151+0300] {processor.py:914} INFO - Processing file /opt/airflow/dags/my-dag.py for tasks to queue
[2024-11-06T18:00:05.153+0300] {logging_mixin.py:190} INFO - [2024-11-06T18:00:05.152+0300] {dagbag.py:588} INFO - Filling up the DagBag from /opt/airflow/dags/my-dag.py
[2024-11-06T18:00:05.184+0300] {processor.py:925} INFO - DAG(s) 'my_dag' retrieved from /opt/airflow/dags/my-dag.py
[2024-11-06T18:00:05.204+0300] {logging_mixin.py:190} INFO - [2024-11-06T18:00:05.203+0300] {dag.py:3239} INFO - Sync 1 DAGs
[2024-11-06T18:00:05.234+0300] {logging_mixin.py:190} INFO - [2024-11-06T18:00:05.234+0300] {dag.py:4180} INFO - Setting next_dagrun for my_dag to 2024-11-01 00:00:00+00:00, run_after=2024-11-02 00:00:00+00:00
[2024-11-06T18:00:05.270+0300] {processor.py:208} INFO - Processing /opt/airflow/dags/my-dag.py took 0.126 seconds
[2024-11-06T18:00:35.773+0300] {processor.py:186} INFO - Started process (PID=929) to work on /opt/airflow/dags/my-dag.py
[2024-11-06T18:00:35.774+0300] {processor.py:914} INFO - Processing file /opt/airflow/dags/my-dag.py for tasks to queue
[2024-11-06T18:00:35.777+0300] {logging_mixin.py:190} INFO - [2024-11-06T18:00:35.776+0300] {dagbag.py:588} INFO - Filling up the DagBag from /opt/airflow/dags/my-dag.py
[2024-11-06T18:00:35.813+0300] {processor.py:925} INFO - DAG(s) 'my_dag' retrieved from /opt/airflow/dags/my-dag.py
[2024-11-06T18:00:35.834+0300] {logging_mixin.py:190} INFO - [2024-11-06T18:00:35.833+0300] {dag.py:3239} INFO - Sync 1 DAGs
[2024-11-06T18:00:35.862+0300] {logging_mixin.py:190} INFO - [2024-11-06T18:00:35.862+0300] {dag.py:4180} INFO - Setting next_dagrun for my_dag to 2024-11-01 00:00:00+00:00, run_after=2024-11-02 00:00:00+00:00
[2024-11-06T18:00:35.898+0300] {processor.py:208} INFO - Processing /opt/airflow/dags/my-dag.py took 0.130 seconds
[2024-11-06T18:01:06.500+0300] {processor.py:186} INFO - Started process (PID=998) to work on /opt/airflow/dags/my-dag.py
[2024-11-06T18:01:06.502+0300] {processor.py:914} INFO - Processing file /opt/airflow/dags/my-dag.py for tasks to queue
[2024-11-06T18:01:06.504+0300] {logging_mixin.py:190} INFO - [2024-11-06T18:01:06.503+0300] {dagbag.py:588} INFO - Filling up the DagBag from /opt/airflow/dags/my-dag.py
[2024-11-06T18:01:06.532+0300] {processor.py:925} INFO - DAG(s) 'my_dag' retrieved from /opt/airflow/dags/my-dag.py
[2024-11-06T18:01:06.549+0300] {logging_mixin.py:190} INFO - [2024-11-06T18:01:06.549+0300] {dag.py:3239} INFO - Sync 1 DAGs
[2024-11-06T18:01:06.568+0300] {logging_mixin.py:190} INFO - [2024-11-06T18:01:06.568+0300] {dag.py:4180} INFO - Setting next_dagrun for my_dag to 2024-11-01 00:00:00+00:00, run_after=2024-11-02 00:00:00+00:00
[2024-11-06T18:01:06.599+0300] {processor.py:208} INFO - Processing /opt/airflow/dags/my-dag.py took 0.103 seconds
[2024-11-06T18:01:37.184+0300] {processor.py:186} INFO - Started process (PID=1067) to work on /opt/airflow/dags/my-dag.py
[2024-11-06T18:01:37.185+0300] {processor.py:914} INFO - Processing file /opt/airflow/dags/my-dag.py for tasks to queue
[2024-11-06T18:01:37.187+0300] {logging_mixin.py:190} INFO - [2024-11-06T18:01:37.187+0300] {dagbag.py:588} INFO - Filling up the DagBag from /opt/airflow/dags/my-dag.py
[2024-11-06T18:01:37.214+0300] {processor.py:925} INFO - DAG(s) 'my_dag' retrieved from /opt/airflow/dags/my-dag.py
[2024-11-06T18:01:37.231+0300] {logging_mixin.py:190} INFO - [2024-11-06T18:01:37.231+0300] {dag.py:3239} INFO - Sync 1 DAGs
[2024-11-06T18:01:37.249+0300] {logging_mixin.py:190} INFO - [2024-11-06T18:01:37.249+0300] {dag.py:4180} INFO - Setting next_dagrun for my_dag to 2024-11-01 00:00:00+00:00, run_after=2024-11-02 00:00:00+00:00
[2024-11-06T18:01:37.281+0300] {processor.py:208} INFO - Processing /opt/airflow/dags/my-dag.py took 0.102 seconds
[2024-11-06T18:02:07.627+0300] {processor.py:186} INFO - Started process (PID=1136) to work on /opt/airflow/dags/my-dag.py
[2024-11-06T18:02:07.628+0300] {processor.py:914} INFO - Processing file /opt/airflow/dags/my-dag.py for tasks to queue
[2024-11-06T18:02:07.631+0300] {logging_mixin.py:190} INFO - [2024-11-06T18:02:07.630+0300] {dagbag.py:588} INFO - Filling up the DagBag from /opt/airflow/dags/my-dag.py
[2024-11-06T18:02:07.654+0300] {processor.py:925} INFO - DAG(s) 'my_dag' retrieved from /opt/airflow/dags/my-dag.py
[2024-11-06T18:02:07.671+0300] {logging_mixin.py:190} INFO - [2024-11-06T18:02:07.670+0300] {dag.py:3239} INFO - Sync 1 DAGs
[2024-11-06T18:02:07.690+0300] {logging_mixin.py:190} INFO - [2024-11-06T18:02:07.689+0300] {dag.py:4180} INFO - Setting next_dagrun for my_dag to 2024-11-01 00:00:00+00:00, run_after=2024-11-02 00:00:00+00:00
[2024-11-06T18:02:07.723+0300] {processor.py:208} INFO - Processing /opt/airflow/dags/my-dag.py took 0.100 seconds
[2024-11-06T18:02:38.590+0300] {processor.py:186} INFO - Started process (PID=1205) to work on /opt/airflow/dags/my-dag.py
[2024-11-06T18:02:38.593+0300] {processor.py:914} INFO - Processing file /opt/airflow/dags/my-dag.py for tasks to queue
[2024-11-06T18:02:38.597+0300] {logging_mixin.py:190} INFO - [2024-11-06T18:02:38.596+0300] {dagbag.py:588} INFO - Filling up the DagBag from /opt/airflow/dags/my-dag.py
[2024-11-06T18:02:38.633+0300] {processor.py:925} INFO - DAG(s) 'my_dag' retrieved from /opt/airflow/dags/my-dag.py
[2024-11-06T18:02:38.686+0300] {logging_mixin.py:190} INFO - [2024-11-06T18:02:38.676+0300] {dag.py:3239} INFO - Sync 1 DAGs
[2024-11-06T18:02:38.738+0300] {logging_mixin.py:190} INFO - [2024-11-06T18:02:38.738+0300] {dag.py:4180} INFO - Setting next_dagrun for my_dag to 2024-11-01 00:00:00+00:00, run_after=2024-11-02 00:00:00+00:00
[2024-11-06T18:02:38.769+0300] {processor.py:208} INFO - Processing /opt/airflow/dags/my-dag.py took 0.186 seconds
[2024-11-06T18:03:09.245+0300] {processor.py:186} INFO - Started process (PID=1274) to work on /opt/airflow/dags/my-dag.py
[2024-11-06T18:03:09.246+0300] {processor.py:914} INFO - Processing file /opt/airflow/dags/my-dag.py for tasks to queue
[2024-11-06T18:03:09.249+0300] {logging_mixin.py:190} INFO - [2024-11-06T18:03:09.248+0300] {dagbag.py:588} INFO - Filling up the DagBag from /opt/airflow/dags/my-dag.py
[2024-11-06T18:03:09.271+0300] {processor.py:925} INFO - DAG(s) 'my_dag' retrieved from /opt/airflow/dags/my-dag.py
[2024-11-06T18:03:09.290+0300] {logging_mixin.py:190} INFO - [2024-11-06T18:03:09.289+0300] {dag.py:3239} INFO - Sync 1 DAGs
[2024-11-06T18:03:09.324+0300] {logging_mixin.py:190} INFO - [2024-11-06T18:03:09.323+0300] {dag.py:4180} INFO - Setting next_dagrun for my_dag to 2024-11-01 00:00:00+00:00, run_after=2024-11-02 00:00:00+00:00
[2024-11-06T18:03:09.364+0300] {processor.py:208} INFO - Processing /opt/airflow/dags/my-dag.py took 0.124 seconds
[2024-11-06T18:03:39.760+0300] {processor.py:186} INFO - Started process (PID=1342) to work on /opt/airflow/dags/my-dag.py
[2024-11-06T18:03:39.761+0300] {processor.py:914} INFO - Processing file /opt/airflow/dags/my-dag.py for tasks to queue
[2024-11-06T18:03:39.764+0300] {logging_mixin.py:190} INFO - [2024-11-06T18:03:39.763+0300] {dagbag.py:588} INFO - Filling up the DagBag from /opt/airflow/dags/my-dag.py
[2024-11-06T18:03:39.783+0300] {processor.py:925} INFO - DAG(s) 'my_dag' retrieved from /opt/airflow/dags/my-dag.py
[2024-11-06T18:03:39.800+0300] {logging_mixin.py:190} INFO - [2024-11-06T18:03:39.800+0300] {dag.py:3239} INFO - Sync 1 DAGs
[2024-11-06T18:03:39.819+0300] {logging_mixin.py:190} INFO - [2024-11-06T18:03:39.819+0300] {dag.py:4180} INFO - Setting next_dagrun for my_dag to 2024-11-01 00:00:00+00:00, run_after=2024-11-02 00:00:00+00:00
[2024-11-06T18:03:39.838+0300] {processor.py:208} INFO - Processing /opt/airflow/dags/my-dag.py took 0.083 seconds
[2024-11-06T18:04:11.031+0300] {processor.py:186} INFO - Started process (PID=1411) to work on /opt/airflow/dags/my-dag.py
[2024-11-06T18:04:11.032+0300] {processor.py:914} INFO - Processing file /opt/airflow/dags/my-dag.py for tasks to queue
[2024-11-06T18:04:11.035+0300] {logging_mixin.py:190} INFO - [2024-11-06T18:04:11.034+0300] {dagbag.py:588} INFO - Filling up the DagBag from /opt/airflow/dags/my-dag.py
[2024-11-06T18:04:11.063+0300] {processor.py:925} INFO - DAG(s) 'my_dag' retrieved from /opt/airflow/dags/my-dag.py
[2024-11-06T18:04:11.080+0300] {logging_mixin.py:190} INFO - [2024-11-06T18:04:11.079+0300] {dag.py:3239} INFO - Sync 1 DAGs
[2024-11-06T18:04:11.099+0300] {logging_mixin.py:190} INFO - [2024-11-06T18:04:11.099+0300] {dag.py:4180} INFO - Setting next_dagrun for my_dag to 2024-11-01 00:00:00+00:00, run_after=2024-11-02 00:00:00+00:00
[2024-11-06T18:04:11.121+0300] {processor.py:208} INFO - Processing /opt/airflow/dags/my-dag.py took 0.094 seconds
[2024-11-06T18:04:41.844+0300] {processor.py:186} INFO - Started process (PID=1480) to work on /opt/airflow/dags/my-dag.py
[2024-11-06T18:04:41.845+0300] {processor.py:914} INFO - Processing file /opt/airflow/dags/my-dag.py for tasks to queue
[2024-11-06T18:04:41.847+0300] {logging_mixin.py:190} INFO - [2024-11-06T18:04:41.847+0300] {dagbag.py:588} INFO - Filling up the DagBag from /opt/airflow/dags/my-dag.py
[2024-11-06T18:04:41.870+0300] {processor.py:925} INFO - DAG(s) 'my_dag' retrieved from /opt/airflow/dags/my-dag.py
[2024-11-06T18:04:41.886+0300] {logging_mixin.py:190} INFO - [2024-11-06T18:04:41.886+0300] {dag.py:3239} INFO - Sync 1 DAGs
[2024-11-06T18:04:41.906+0300] {logging_mixin.py:190} INFO - [2024-11-06T18:04:41.906+0300] {dag.py:4180} INFO - Setting next_dagrun for my_dag to 2024-11-01 00:00:00+00:00, run_after=2024-11-02 00:00:00+00:00
[2024-11-06T18:04:41.923+0300] {processor.py:208} INFO - Processing /opt/airflow/dags/my-dag.py took 0.086 seconds
[2024-11-06T18:05:12.576+0300] {processor.py:186} INFO - Started process (PID=1549) to work on /opt/airflow/dags/my-dag.py
[2024-11-06T18:05:12.577+0300] {processor.py:914} INFO - Processing file /opt/airflow/dags/my-dag.py for tasks to queue
[2024-11-06T18:05:12.585+0300] {logging_mixin.py:190} INFO - [2024-11-06T18:05:12.583+0300] {dagbag.py:588} INFO - Filling up the DagBag from /opt/airflow/dags/my-dag.py
[2024-11-06T18:05:12.661+0300] {processor.py:925} INFO - DAG(s) 'my_dag' retrieved from /opt/airflow/dags/my-dag.py
[2024-11-06T18:05:12.683+0300] {logging_mixin.py:190} INFO - [2024-11-06T18:05:12.683+0300] {dag.py:3239} INFO - Sync 1 DAGs
[2024-11-06T18:05:12.705+0300] {logging_mixin.py:190} INFO - [2024-11-06T18:05:12.704+0300] {dag.py:4180} INFO - Setting next_dagrun for my_dag to 2024-11-01 00:00:00+00:00, run_after=2024-11-02 00:00:00+00:00
[2024-11-06T18:05:12.726+0300] {processor.py:208} INFO - Processing /opt/airflow/dags/my-dag.py took 0.155 seconds
[2024-11-06T18:05:43.316+0300] {processor.py:186} INFO - Started process (PID=1618) to work on /opt/airflow/dags/my-dag.py
[2024-11-06T18:05:43.317+0300] {processor.py:914} INFO - Processing file /opt/airflow/dags/my-dag.py for tasks to queue
[2024-11-06T18:05:43.320+0300] {logging_mixin.py:190} INFO - [2024-11-06T18:05:43.319+0300] {dagbag.py:588} INFO - Filling up the DagBag from /opt/airflow/dags/my-dag.py
[2024-11-06T18:05:43.339+0300] {processor.py:925} INFO - DAG(s) 'my_dag' retrieved from /opt/airflow/dags/my-dag.py
[2024-11-06T18:05:43.356+0300] {logging_mixin.py:190} INFO - [2024-11-06T18:05:43.356+0300] {dag.py:3239} INFO - Sync 1 DAGs
[2024-11-06T18:05:43.376+0300] {logging_mixin.py:190} INFO - [2024-11-06T18:05:43.376+0300] {dag.py:4180} INFO - Setting next_dagrun for my_dag to 2024-11-01 00:00:00+00:00, run_after=2024-11-02 00:00:00+00:00
[2024-11-06T18:05:43.396+0300] {processor.py:208} INFO - Processing /opt/airflow/dags/my-dag.py took 0.084 seconds
[2024-11-06T18:06:13.974+0300] {processor.py:186} INFO - Started process (PID=1687) to work on /opt/airflow/dags/my-dag.py
[2024-11-06T18:06:13.976+0300] {processor.py:914} INFO - Processing file /opt/airflow/dags/my-dag.py for tasks to queue
[2024-11-06T18:06:13.990+0300] {logging_mixin.py:190} INFO - [2024-11-06T18:06:13.990+0300] {dagbag.py:588} INFO - Filling up the DagBag from /opt/airflow/dags/my-dag.py
[2024-11-06T18:06:14.024+0300] {processor.py:925} INFO - DAG(s) 'my_dag' retrieved from /opt/airflow/dags/my-dag.py
[2024-11-06T18:06:14.051+0300] {logging_mixin.py:190} INFO - [2024-11-06T18:06:14.051+0300] {dag.py:3239} INFO - Sync 1 DAGs
[2024-11-06T18:06:14.073+0300] {logging_mixin.py:190} INFO - [2024-11-06T18:06:14.073+0300] {dag.py:4180} INFO - Setting next_dagrun for my_dag to 2024-11-01 00:00:00+00:00, run_after=2024-11-02 00:00:00+00:00
[2024-11-06T18:06:14.096+0300] {processor.py:208} INFO - Processing /opt/airflow/dags/my-dag.py took 0.138 seconds
[2024-11-06T18:06:44.528+0300] {processor.py:186} INFO - Started process (PID=1756) to work on /opt/airflow/dags/my-dag.py
[2024-11-06T18:06:44.529+0300] {processor.py:914} INFO - Processing file /opt/airflow/dags/my-dag.py for tasks to queue
[2024-11-06T18:06:44.533+0300] {logging_mixin.py:190} INFO - [2024-11-06T18:06:44.532+0300] {dagbag.py:588} INFO - Filling up the DagBag from /opt/airflow/dags/my-dag.py
[2024-11-06T18:06:44.552+0300] {processor.py:925} INFO - DAG(s) 'my_dag' retrieved from /opt/airflow/dags/my-dag.py
[2024-11-06T18:06:44.572+0300] {logging_mixin.py:190} INFO - [2024-11-06T18:06:44.572+0300] {dag.py:3239} INFO - Sync 1 DAGs
[2024-11-06T18:06:44.605+0300] {logging_mixin.py:190} INFO - [2024-11-06T18:06:44.605+0300] {dag.py:4180} INFO - Setting next_dagrun for my_dag to 2024-11-01 00:00:00+00:00, run_after=2024-11-02 00:00:00+00:00
[2024-11-06T18:06:44.631+0300] {processor.py:208} INFO - Processing /opt/airflow/dags/my-dag.py took 0.114 seconds
[2024-11-06T18:07:15.597+0300] {processor.py:186} INFO - Started process (PID=1825) to work on /opt/airflow/dags/my-dag.py
[2024-11-06T18:07:15.599+0300] {processor.py:914} INFO - Processing file /opt/airflow/dags/my-dag.py for tasks to queue
[2024-11-06T18:07:15.601+0300] {logging_mixin.py:190} INFO - [2024-11-06T18:07:15.601+0300] {dagbag.py:588} INFO - Filling up the DagBag from /opt/airflow/dags/my-dag.py
[2024-11-06T18:07:15.647+0300] {processor.py:925} INFO - DAG(s) 'my_dag' retrieved from /opt/airflow/dags/my-dag.py
[2024-11-06T18:07:15.674+0300] {logging_mixin.py:190} INFO - [2024-11-06T18:07:15.674+0300] {dag.py:3239} INFO - Sync 1 DAGs
[2024-11-06T18:07:15.697+0300] {logging_mixin.py:190} INFO - [2024-11-06T18:07:15.696+0300] {dag.py:4180} INFO - Setting next_dagrun for my_dag to 2024-11-01 00:00:00+00:00, run_after=2024-11-02 00:00:00+00:00
[2024-11-06T18:07:15.732+0300] {processor.py:208} INFO - Processing /opt/airflow/dags/my-dag.py took 0.142 seconds
[2024-11-06T18:07:46.248+0300] {processor.py:186} INFO - Started process (PID=1894) to work on /opt/airflow/dags/my-dag.py
[2024-11-06T18:07:46.249+0300] {processor.py:914} INFO - Processing file /opt/airflow/dags/my-dag.py for tasks to queue
[2024-11-06T18:07:46.252+0300] {logging_mixin.py:190} INFO - [2024-11-06T18:07:46.251+0300] {dagbag.py:588} INFO - Filling up the DagBag from /opt/airflow/dags/my-dag.py
[2024-11-06T18:07:46.275+0300] {processor.py:925} INFO - DAG(s) 'my_dag' retrieved from /opt/airflow/dags/my-dag.py
[2024-11-06T18:07:46.293+0300] {logging_mixin.py:190} INFO - [2024-11-06T18:07:46.292+0300] {dag.py:3239} INFO - Sync 1 DAGs
[2024-11-06T18:07:46.311+0300] {logging_mixin.py:190} INFO - [2024-11-06T18:07:46.311+0300] {dag.py:4180} INFO - Setting next_dagrun for my_dag to 2024-11-01 00:00:00+00:00, run_after=2024-11-02 00:00:00+00:00
[2024-11-06T18:07:46.339+0300] {processor.py:208} INFO - Processing /opt/airflow/dags/my-dag.py took 0.095 seconds
[2024-11-06T18:08:17.066+0300] {processor.py:186} INFO - Started process (PID=1963) to work on /opt/airflow/dags/my-dag.py
[2024-11-06T18:08:17.067+0300] {processor.py:914} INFO - Processing file /opt/airflow/dags/my-dag.py for tasks to queue
[2024-11-06T18:08:17.070+0300] {logging_mixin.py:190} INFO - [2024-11-06T18:08:17.070+0300] {dagbag.py:588} INFO - Filling up the DagBag from /opt/airflow/dags/my-dag.py
[2024-11-06T18:08:17.100+0300] {processor.py:925} INFO - DAG(s) 'my_dag' retrieved from /opt/airflow/dags/my-dag.py
[2024-11-06T18:08:17.119+0300] {logging_mixin.py:190} INFO - [2024-11-06T18:08:17.119+0300] {dag.py:3239} INFO - Sync 1 DAGs
[2024-11-06T18:08:17.143+0300] {logging_mixin.py:190} INFO - [2024-11-06T18:08:17.143+0300] {dag.py:4180} INFO - Setting next_dagrun for my_dag to 2024-11-01 00:00:00+00:00, run_after=2024-11-02 00:00:00+00:00
[2024-11-06T18:08:17.164+0300] {processor.py:208} INFO - Processing /opt/airflow/dags/my-dag.py took 0.106 seconds
[2024-11-06T18:08:47.560+0300] {processor.py:186} INFO - Started process (PID=2032) to work on /opt/airflow/dags/my-dag.py
[2024-11-06T18:08:47.561+0300] {processor.py:914} INFO - Processing file /opt/airflow/dags/my-dag.py for tasks to queue
[2024-11-06T18:08:47.564+0300] {logging_mixin.py:190} INFO - [2024-11-06T18:08:47.564+0300] {dagbag.py:588} INFO - Filling up the DagBag from /opt/airflow/dags/my-dag.py
[2024-11-06T18:08:47.598+0300] {processor.py:925} INFO - DAG(s) 'my_dag' retrieved from /opt/airflow/dags/my-dag.py
[2024-11-06T18:08:47.616+0300] {logging_mixin.py:190} INFO - [2024-11-06T18:08:47.616+0300] {dag.py:3239} INFO - Sync 1 DAGs
[2024-11-06T18:08:47.637+0300] {logging_mixin.py:190} INFO - [2024-11-06T18:08:47.637+0300] {dag.py:4180} INFO - Setting next_dagrun for my_dag to 2024-11-01 00:00:00+00:00, run_after=2024-11-02 00:00:00+00:00
[2024-11-06T18:08:47.668+0300] {processor.py:208} INFO - Processing /opt/airflow/dags/my-dag.py took 0.112 seconds
[2024-11-06T18:09:17.868+0300] {processor.py:186} INFO - Started process (PID=2101) to work on /opt/airflow/dags/my-dag.py
[2024-11-06T18:09:17.869+0300] {processor.py:914} INFO - Processing file /opt/airflow/dags/my-dag.py for tasks to queue
[2024-11-06T18:09:17.873+0300] {logging_mixin.py:190} INFO - [2024-11-06T18:09:17.872+0300] {dagbag.py:588} INFO - Filling up the DagBag from /opt/airflow/dags/my-dag.py
[2024-11-06T18:09:17.895+0300] {processor.py:925} INFO - DAG(s) 'my_dag' retrieved from /opt/airflow/dags/my-dag.py
[2024-11-06T18:09:17.913+0300] {logging_mixin.py:190} INFO - [2024-11-06T18:09:17.913+0300] {dag.py:3239} INFO - Sync 1 DAGs
[2024-11-06T18:09:17.932+0300] {logging_mixin.py:190} INFO - [2024-11-06T18:09:17.931+0300] {dag.py:4180} INFO - Setting next_dagrun for my_dag to 2024-11-01 00:00:00+00:00, run_after=2024-11-02 00:00:00+00:00
[2024-11-06T18:09:17.965+0300] {processor.py:208} INFO - Processing /opt/airflow/dags/my-dag.py took 0.104 seconds
[2024-11-06T18:09:48.326+0300] {processor.py:186} INFO - Started process (PID=2169) to work on /opt/airflow/dags/my-dag.py
[2024-11-06T18:09:48.328+0300] {processor.py:914} INFO - Processing file /opt/airflow/dags/my-dag.py for tasks to queue
[2024-11-06T18:09:48.331+0300] {logging_mixin.py:190} INFO - [2024-11-06T18:09:48.330+0300] {dagbag.py:588} INFO - Filling up the DagBag from /opt/airflow/dags/my-dag.py
[2024-11-06T18:09:48.403+0300] {processor.py:925} INFO - DAG(s) 'my_dag' retrieved from /opt/airflow/dags/my-dag.py
[2024-11-06T18:09:48.426+0300] {logging_mixin.py:190} INFO - [2024-11-06T18:09:48.425+0300] {dag.py:3239} INFO - Sync 1 DAGs
[2024-11-06T18:09:48.445+0300] {logging_mixin.py:190} INFO - [2024-11-06T18:09:48.445+0300] {dag.py:4180} INFO - Setting next_dagrun for my_dag to 2024-11-01 00:00:00+00:00, run_after=2024-11-02 00:00:00+00:00
[2024-11-06T18:09:48.476+0300] {processor.py:208} INFO - Processing /opt/airflow/dags/my-dag.py took 0.159 seconds
[2024-11-06T18:10:18.643+0300] {processor.py:186} INFO - Started process (PID=2238) to work on /opt/airflow/dags/my-dag.py
[2024-11-06T18:10:18.644+0300] {processor.py:914} INFO - Processing file /opt/airflow/dags/my-dag.py for tasks to queue
[2024-11-06T18:10:18.647+0300] {logging_mixin.py:190} INFO - [2024-11-06T18:10:18.646+0300] {dagbag.py:588} INFO - Filling up the DagBag from /opt/airflow/dags/my-dag.py
[2024-11-06T18:10:18.665+0300] {processor.py:925} INFO - DAG(s) 'my_dag' retrieved from /opt/airflow/dags/my-dag.py
[2024-11-06T18:10:18.683+0300] {logging_mixin.py:190} INFO - [2024-11-06T18:10:18.683+0300] {dag.py:3239} INFO - Sync 1 DAGs
[2024-11-06T18:10:18.702+0300] {logging_mixin.py:190} INFO - [2024-11-06T18:10:18.701+0300] {dag.py:4180} INFO - Setting next_dagrun for my_dag to 2024-11-01 00:00:00+00:00, run_after=2024-11-02 00:00:00+00:00
[2024-11-06T18:10:18.734+0300] {processor.py:208} INFO - Processing /opt/airflow/dags/my-dag.py took 0.096 seconds
[2024-11-06T18:10:49.455+0300] {processor.py:186} INFO - Started process (PID=2307) to work on /opt/airflow/dags/my-dag.py
[2024-11-06T18:10:49.456+0300] {processor.py:914} INFO - Processing file /opt/airflow/dags/my-dag.py for tasks to queue
[2024-11-06T18:10:49.459+0300] {logging_mixin.py:190} INFO - [2024-11-06T18:10:49.459+0300] {dagbag.py:588} INFO - Filling up the DagBag from /opt/airflow/dags/my-dag.py
[2024-11-06T18:10:49.537+0300] {processor.py:925} INFO - DAG(s) 'my_dag' retrieved from /opt/airflow/dags/my-dag.py
[2024-11-06T18:10:49.571+0300] {logging_mixin.py:190} INFO - [2024-11-06T18:10:49.570+0300] {dag.py:3239} INFO - Sync 1 DAGs
[2024-11-06T18:10:49.597+0300] {logging_mixin.py:190} INFO - [2024-11-06T18:10:49.597+0300] {dag.py:4180} INFO - Setting next_dagrun for my_dag to 2024-11-01 00:00:00+00:00, run_after=2024-11-02 00:00:00+00:00
[2024-11-06T18:10:49.622+0300] {processor.py:208} INFO - Processing /opt/airflow/dags/my-dag.py took 0.174 seconds
[2024-11-06T18:11:20.123+0300] {processor.py:186} INFO - Started process (PID=2376) to work on /opt/airflow/dags/my-dag.py
[2024-11-06T18:11:20.124+0300] {processor.py:914} INFO - Processing file /opt/airflow/dags/my-dag.py for tasks to queue
[2024-11-06T18:11:20.127+0300] {logging_mixin.py:190} INFO - [2024-11-06T18:11:20.127+0300] {dagbag.py:588} INFO - Filling up the DagBag from /opt/airflow/dags/my-dag.py
[2024-11-06T18:11:20.146+0300] {processor.py:925} INFO - DAG(s) 'my_dag' retrieved from /opt/airflow/dags/my-dag.py
[2024-11-06T18:11:20.163+0300] {logging_mixin.py:190} INFO - [2024-11-06T18:11:20.163+0300] {dag.py:3239} INFO - Sync 1 DAGs
[2024-11-06T18:11:20.186+0300] {logging_mixin.py:190} INFO - [2024-11-06T18:11:20.186+0300] {dag.py:4180} INFO - Setting next_dagrun for my_dag to 2024-11-01 00:00:00+00:00, run_after=2024-11-02 00:00:00+00:00
[2024-11-06T18:11:20.207+0300] {processor.py:208} INFO - Processing /opt/airflow/dags/my-dag.py took 0.089 seconds
[2024-11-06T18:11:50.654+0300] {processor.py:186} INFO - Started process (PID=2447) to work on /opt/airflow/dags/my-dag.py
[2024-11-06T18:11:50.656+0300] {processor.py:914} INFO - Processing file /opt/airflow/dags/my-dag.py for tasks to queue
[2024-11-06T18:11:50.660+0300] {logging_mixin.py:190} INFO - [2024-11-06T18:11:50.660+0300] {dagbag.py:588} INFO - Filling up the DagBag from /opt/airflow/dags/my-dag.py
[2024-11-06T18:11:50.689+0300] {processor.py:925} INFO - DAG(s) 'my_dag' retrieved from /opt/airflow/dags/my-dag.py
[2024-11-06T18:11:50.718+0300] {logging_mixin.py:190} INFO - [2024-11-06T18:11:50.718+0300] {dag.py:3239} INFO - Sync 1 DAGs
[2024-11-06T18:11:50.951+0300] {logging_mixin.py:190} INFO - [2024-11-06T18:11:50.951+0300] {dag.py:4180} INFO - Setting next_dagrun for my_dag to 2024-11-01 00:00:00+00:00, run_after=2024-11-02 00:00:00+00:00
[2024-11-06T18:11:50.986+0300] {processor.py:208} INFO - Processing /opt/airflow/dags/my-dag.py took 0.341 seconds
