[2024-11-06T17:54:27.795+0300] {processor.py:186} INFO - Started process (PID=67) to work on /opt/airflow/dags/telegram_notifications.py
[2024-11-06T17:54:27.797+0300] {processor.py:914} INFO - Processing file /opt/airflow/dags/telegram_notifications.py for tasks to queue
[2024-11-06T17:54:27.801+0300] {logging_mixin.py:190} INFO - [2024-11-06T17:54:27.801+0300] {dagbag.py:588} INFO - Filling up the DagBag from /opt/airflow/dags/telegram_notifications.py
[2024-11-06T17:54:27.825+0300] {processor.py:927} WARNING - No viable dags retrieved from /opt/airflow/dags/telegram_notifications.py
[2024-11-06T17:54:27.844+0300] {processor.py:208} INFO - Processing /opt/airflow/dags/telegram_notifications.py took 0.057 seconds
[2024-11-06T17:54:57.966+0300] {processor.py:186} INFO - Started process (PID=156) to work on /opt/airflow/dags/telegram_notifications.py
[2024-11-06T17:54:57.967+0300] {processor.py:914} INFO - Processing file /opt/airflow/dags/telegram_notifications.py for tasks to queue
[2024-11-06T17:54:57.970+0300] {logging_mixin.py:190} INFO - [2024-11-06T17:54:57.970+0300] {dagbag.py:588} INFO - Filling up the DagBag from /opt/airflow/dags/telegram_notifications.py
[2024-11-06T17:54:57.996+0300] {processor.py:927} WARNING - No viable dags retrieved from /opt/airflow/dags/telegram_notifications.py
[2024-11-06T17:54:58.014+0300] {processor.py:208} INFO - Processing /opt/airflow/dags/telegram_notifications.py took 0.056 seconds
[2024-11-06T17:55:28.203+0300] {processor.py:186} INFO - Started process (PID=229) to work on /opt/airflow/dags/telegram_notifications.py
[2024-11-06T17:55:28.204+0300] {processor.py:914} INFO - Processing file /opt/airflow/dags/telegram_notifications.py for tasks to queue
[2024-11-06T17:55:28.207+0300] {logging_mixin.py:190} INFO - [2024-11-06T17:55:28.207+0300] {dagbag.py:588} INFO - Filling up the DagBag from /opt/airflow/dags/telegram_notifications.py
[2024-11-06T17:55:28.242+0300] {processor.py:927} WARNING - No viable dags retrieved from /opt/airflow/dags/telegram_notifications.py
[2024-11-06T17:55:28.261+0300] {processor.py:208} INFO - Processing /opt/airflow/dags/telegram_notifications.py took 0.066 seconds
[2024-11-06T17:55:59.106+0300] {processor.py:186} INFO - Started process (PID=298) to work on /opt/airflow/dags/telegram_notifications.py
[2024-11-06T17:55:59.107+0300] {processor.py:914} INFO - Processing file /opt/airflow/dags/telegram_notifications.py for tasks to queue
[2024-11-06T17:55:59.109+0300] {logging_mixin.py:190} INFO - [2024-11-06T17:55:59.109+0300] {dagbag.py:588} INFO - Filling up the DagBag from /opt/airflow/dags/telegram_notifications.py
[2024-11-06T17:55:59.140+0300] {processor.py:927} WARNING - No viable dags retrieved from /opt/airflow/dags/telegram_notifications.py
[2024-11-06T17:55:59.155+0300] {processor.py:208} INFO - Processing /opt/airflow/dags/telegram_notifications.py took 0.053 seconds
[2024-11-06T17:56:30.204+0300] {processor.py:186} INFO - Started process (PID=373) to work on /opt/airflow/dags/telegram_notifications.py
[2024-11-06T17:56:30.205+0300] {processor.py:914} INFO - Processing file /opt/airflow/dags/telegram_notifications.py for tasks to queue
[2024-11-06T17:56:30.209+0300] {logging_mixin.py:190} INFO - [2024-11-06T17:56:30.208+0300] {dagbag.py:588} INFO - Filling up the DagBag from /opt/airflow/dags/telegram_notifications.py
[2024-11-06T17:56:30.240+0300] {processor.py:927} WARNING - No viable dags retrieved from /opt/airflow/dags/telegram_notifications.py
[2024-11-06T17:56:30.256+0300] {processor.py:208} INFO - Processing /opt/airflow/dags/telegram_notifications.py took 0.060 seconds
[2024-11-06T17:57:00.843+0300] {processor.py:186} INFO - Started process (PID=442) to work on /opt/airflow/dags/telegram_notifications.py
[2024-11-06T17:57:00.844+0300] {processor.py:914} INFO - Processing file /opt/airflow/dags/telegram_notifications.py for tasks to queue
[2024-11-06T17:57:00.849+0300] {logging_mixin.py:190} INFO - [2024-11-06T17:57:00.848+0300] {dagbag.py:588} INFO - Filling up the DagBag from /opt/airflow/dags/telegram_notifications.py
[2024-11-06T17:57:00.872+0300] {processor.py:927} WARNING - No viable dags retrieved from /opt/airflow/dags/telegram_notifications.py
[2024-11-06T17:57:00.887+0300] {processor.py:208} INFO - Processing /opt/airflow/dags/telegram_notifications.py took 0.050 seconds
[2024-11-06T17:57:32.058+0300] {processor.py:186} INFO - Started process (PID=513) to work on /opt/airflow/dags/telegram_notifications.py
[2024-11-06T17:57:32.059+0300] {processor.py:914} INFO - Processing file /opt/airflow/dags/telegram_notifications.py for tasks to queue
[2024-11-06T17:57:32.062+0300] {logging_mixin.py:190} INFO - [2024-11-06T17:57:32.061+0300] {dagbag.py:588} INFO - Filling up the DagBag from /opt/airflow/dags/telegram_notifications.py
[2024-11-06T17:57:32.083+0300] {processor.py:927} WARNING - No viable dags retrieved from /opt/airflow/dags/telegram_notifications.py
[2024-11-06T17:57:32.095+0300] {processor.py:208} INFO - Processing /opt/airflow/dags/telegram_notifications.py took 0.044 seconds
[2024-11-06T17:58:02.483+0300] {processor.py:186} INFO - Started process (PID=582) to work on /opt/airflow/dags/telegram_notifications.py
[2024-11-06T17:58:02.484+0300] {processor.py:914} INFO - Processing file /opt/airflow/dags/telegram_notifications.py for tasks to queue
[2024-11-06T17:58:02.487+0300] {logging_mixin.py:190} INFO - [2024-11-06T17:58:02.486+0300] {dagbag.py:588} INFO - Filling up the DagBag from /opt/airflow/dags/telegram_notifications.py
[2024-11-06T17:58:02.498+0300] {processor.py:927} WARNING - No viable dags retrieved from /opt/airflow/dags/telegram_notifications.py
[2024-11-06T17:58:02.511+0300] {processor.py:208} INFO - Processing /opt/airflow/dags/telegram_notifications.py took 0.033 seconds
[2024-11-06T17:58:32.968+0300] {processor.py:186} INFO - Started process (PID=651) to work on /opt/airflow/dags/telegram_notifications.py
[2024-11-06T17:58:32.969+0300] {processor.py:914} INFO - Processing file /opt/airflow/dags/telegram_notifications.py for tasks to queue
[2024-11-06T17:58:32.971+0300] {logging_mixin.py:190} INFO - [2024-11-06T17:58:32.971+0300] {dagbag.py:588} INFO - Filling up the DagBag from /opt/airflow/dags/telegram_notifications.py
[2024-11-06T17:58:33.000+0300] {processor.py:927} WARNING - No viable dags retrieved from /opt/airflow/dags/telegram_notifications.py
[2024-11-06T17:58:33.023+0300] {processor.py:208} INFO - Processing /opt/airflow/dags/telegram_notifications.py took 0.062 seconds
[2024-11-06T17:59:03.822+0300] {processor.py:186} INFO - Started process (PID=720) to work on /opt/airflow/dags/telegram_notifications.py
[2024-11-06T17:59:03.825+0300] {processor.py:914} INFO - Processing file /opt/airflow/dags/telegram_notifications.py for tasks to queue
[2024-11-06T17:59:03.834+0300] {logging_mixin.py:190} INFO - [2024-11-06T17:59:03.833+0300] {dagbag.py:588} INFO - Filling up the DagBag from /opt/airflow/dags/telegram_notifications.py
[2024-11-06T17:59:03.900+0300] {processor.py:927} WARNING - No viable dags retrieved from /opt/airflow/dags/telegram_notifications.py
[2024-11-06T17:59:03.925+0300] {processor.py:208} INFO - Processing /opt/airflow/dags/telegram_notifications.py took 0.128 seconds
[2024-11-06T17:59:34.634+0300] {processor.py:186} INFO - Started process (PID=789) to work on /opt/airflow/dags/telegram_notifications.py
[2024-11-06T17:59:34.652+0300] {processor.py:914} INFO - Processing file /opt/airflow/dags/telegram_notifications.py for tasks to queue
[2024-11-06T17:59:34.657+0300] {logging_mixin.py:190} INFO - [2024-11-06T17:59:34.657+0300] {dagbag.py:588} INFO - Filling up the DagBag from /opt/airflow/dags/telegram_notifications.py
[2024-11-06T17:59:34.679+0300] {processor.py:927} WARNING - No viable dags retrieved from /opt/airflow/dags/telegram_notifications.py
[2024-11-06T17:59:34.692+0300] {processor.py:208} INFO - Processing /opt/airflow/dags/telegram_notifications.py took 0.067 seconds
[2024-11-06T18:00:04.881+0300] {processor.py:186} INFO - Started process (PID=858) to work on /opt/airflow/dags/telegram_notifications.py
[2024-11-06T18:00:04.882+0300] {processor.py:914} INFO - Processing file /opt/airflow/dags/telegram_notifications.py for tasks to queue
[2024-11-06T18:00:04.887+0300] {logging_mixin.py:190} INFO - [2024-11-06T18:00:04.886+0300] {dagbag.py:588} INFO - Filling up the DagBag from /opt/airflow/dags/telegram_notifications.py
[2024-11-06T18:00:04.947+0300] {processor.py:927} WARNING - No viable dags retrieved from /opt/airflow/dags/telegram_notifications.py
[2024-11-06T18:00:04.994+0300] {processor.py:208} INFO - Processing /opt/airflow/dags/telegram_notifications.py took 0.119 seconds
[2024-11-06T18:00:35.611+0300] {processor.py:186} INFO - Started process (PID=927) to work on /opt/airflow/dags/telegram_notifications.py
[2024-11-06T18:00:35.612+0300] {processor.py:914} INFO - Processing file /opt/airflow/dags/telegram_notifications.py for tasks to queue
[2024-11-06T18:00:35.615+0300] {logging_mixin.py:190} INFO - [2024-11-06T18:00:35.614+0300] {dagbag.py:588} INFO - Filling up the DagBag from /opt/airflow/dags/telegram_notifications.py
[2024-11-06T18:00:35.645+0300] {processor.py:927} WARNING - No viable dags retrieved from /opt/airflow/dags/telegram_notifications.py
[2024-11-06T18:00:35.666+0300] {processor.py:208} INFO - Processing /opt/airflow/dags/telegram_notifications.py took 0.069 seconds
[2024-11-06T18:01:06.355+0300] {processor.py:186} INFO - Started process (PID=996) to work on /opt/airflow/dags/telegram_notifications.py
[2024-11-06T18:01:06.356+0300] {processor.py:914} INFO - Processing file /opt/airflow/dags/telegram_notifications.py for tasks to queue
[2024-11-06T18:01:06.360+0300] {logging_mixin.py:190} INFO - [2024-11-06T18:01:06.359+0300] {dagbag.py:588} INFO - Filling up the DagBag from /opt/airflow/dags/telegram_notifications.py
[2024-11-06T18:01:06.396+0300] {processor.py:927} WARNING - No viable dags retrieved from /opt/airflow/dags/telegram_notifications.py
[2024-11-06T18:01:06.415+0300] {processor.py:208} INFO - Processing /opt/airflow/dags/telegram_notifications.py took 0.067 seconds
[2024-11-06T18:01:37.042+0300] {processor.py:186} INFO - Started process (PID=1065) to work on /opt/airflow/dags/telegram_notifications.py
[2024-11-06T18:01:37.043+0300] {processor.py:914} INFO - Processing file /opt/airflow/dags/telegram_notifications.py for tasks to queue
[2024-11-06T18:01:37.047+0300] {logging_mixin.py:190} INFO - [2024-11-06T18:01:37.046+0300] {dagbag.py:588} INFO - Filling up the DagBag from /opt/airflow/dags/telegram_notifications.py
[2024-11-06T18:01:37.099+0300] {processor.py:927} WARNING - No viable dags retrieved from /opt/airflow/dags/telegram_notifications.py
[2024-11-06T18:01:37.116+0300] {processor.py:208} INFO - Processing /opt/airflow/dags/telegram_notifications.py took 0.082 seconds
[2024-11-06T18:02:07.556+0300] {processor.py:186} INFO - Started process (PID=1134) to work on /opt/airflow/dags/telegram_notifications.py
[2024-11-06T18:02:07.557+0300] {processor.py:914} INFO - Processing file /opt/airflow/dags/telegram_notifications.py for tasks to queue
[2024-11-06T18:02:07.560+0300] {logging_mixin.py:190} INFO - [2024-11-06T18:02:07.559+0300] {dagbag.py:588} INFO - Filling up the DagBag from /opt/airflow/dags/telegram_notifications.py
[2024-11-06T18:02:07.572+0300] {processor.py:927} WARNING - No viable dags retrieved from /opt/airflow/dags/telegram_notifications.py
[2024-11-06T18:02:07.582+0300] {processor.py:208} INFO - Processing /opt/airflow/dags/telegram_notifications.py took 0.030 seconds
[2024-11-06T18:02:38.460+0300] {processor.py:186} INFO - Started process (PID=1203) to work on /opt/airflow/dags/telegram_notifications.py
[2024-11-06T18:02:38.462+0300] {processor.py:914} INFO - Processing file /opt/airflow/dags/telegram_notifications.py for tasks to queue
[2024-11-06T18:02:38.466+0300] {logging_mixin.py:190} INFO - [2024-11-06T18:02:38.465+0300] {dagbag.py:588} INFO - Filling up the DagBag from /opt/airflow/dags/telegram_notifications.py
[2024-11-06T18:02:38.490+0300] {processor.py:927} WARNING - No viable dags retrieved from /opt/airflow/dags/telegram_notifications.py
[2024-11-06T18:02:38.511+0300] {processor.py:208} INFO - Processing /opt/airflow/dags/telegram_notifications.py took 0.060 seconds
[2024-11-06T18:03:09.148+0300] {processor.py:186} INFO - Started process (PID=1272) to work on /opt/airflow/dags/telegram_notifications.py
[2024-11-06T18:03:09.150+0300] {processor.py:914} INFO - Processing file /opt/airflow/dags/telegram_notifications.py for tasks to queue
[2024-11-06T18:03:09.152+0300] {logging_mixin.py:190} INFO - [2024-11-06T18:03:09.152+0300] {dagbag.py:588} INFO - Filling up the DagBag from /opt/airflow/dags/telegram_notifications.py
[2024-11-06T18:03:09.177+0300] {processor.py:927} WARNING - No viable dags retrieved from /opt/airflow/dags/telegram_notifications.py
[2024-11-06T18:03:09.190+0300] {processor.py:208} INFO - Processing /opt/airflow/dags/telegram_notifications.py took 0.047 seconds
[2024-11-06T18:03:39.689+0300] {processor.py:186} INFO - Started process (PID=1340) to work on /opt/airflow/dags/telegram_notifications.py
[2024-11-06T18:03:39.690+0300] {processor.py:914} INFO - Processing file /opt/airflow/dags/telegram_notifications.py for tasks to queue
[2024-11-06T18:03:39.692+0300] {logging_mixin.py:190} INFO - [2024-11-06T18:03:39.692+0300] {dagbag.py:588} INFO - Filling up the DagBag from /opt/airflow/dags/telegram_notifications.py
[2024-11-06T18:03:39.703+0300] {processor.py:927} WARNING - No viable dags retrieved from /opt/airflow/dags/telegram_notifications.py
[2024-11-06T18:03:39.714+0300] {processor.py:208} INFO - Processing /opt/airflow/dags/telegram_notifications.py took 0.031 seconds
[2024-11-06T18:04:10.941+0300] {processor.py:186} INFO - Started process (PID=1409) to work on /opt/airflow/dags/telegram_notifications.py
[2024-11-06T18:04:10.943+0300] {processor.py:914} INFO - Processing file /opt/airflow/dags/telegram_notifications.py for tasks to queue
[2024-11-06T18:04:10.947+0300] {logging_mixin.py:190} INFO - [2024-11-06T18:04:10.946+0300] {dagbag.py:588} INFO - Filling up the DagBag from /opt/airflow/dags/telegram_notifications.py
[2024-11-06T18:04:10.972+0300] {processor.py:927} WARNING - No viable dags retrieved from /opt/airflow/dags/telegram_notifications.py
[2024-11-06T18:04:10.989+0300] {processor.py:208} INFO - Processing /opt/airflow/dags/telegram_notifications.py took 0.059 seconds
[2024-11-06T18:04:41.749+0300] {processor.py:186} INFO - Started process (PID=1478) to work on /opt/airflow/dags/telegram_notifications.py
[2024-11-06T18:04:41.751+0300] {processor.py:914} INFO - Processing file /opt/airflow/dags/telegram_notifications.py for tasks to queue
[2024-11-06T18:04:41.753+0300] {logging_mixin.py:190} INFO - [2024-11-06T18:04:41.753+0300] {dagbag.py:588} INFO - Filling up the DagBag from /opt/airflow/dags/telegram_notifications.py
[2024-11-06T18:04:41.779+0300] {processor.py:927} WARNING - No viable dags retrieved from /opt/airflow/dags/telegram_notifications.py
[2024-11-06T18:04:41.793+0300] {processor.py:208} INFO - Processing /opt/airflow/dags/telegram_notifications.py took 0.048 seconds
[2024-11-06T18:05:12.473+0300] {processor.py:186} INFO - Started process (PID=1547) to work on /opt/airflow/dags/telegram_notifications.py
[2024-11-06T18:05:12.474+0300] {processor.py:914} INFO - Processing file /opt/airflow/dags/telegram_notifications.py for tasks to queue
[2024-11-06T18:05:12.476+0300] {logging_mixin.py:190} INFO - [2024-11-06T18:05:12.476+0300] {dagbag.py:588} INFO - Filling up the DagBag from /opt/airflow/dags/telegram_notifications.py
[2024-11-06T18:05:12.492+0300] {processor.py:927} WARNING - No viable dags retrieved from /opt/airflow/dags/telegram_notifications.py
[2024-11-06T18:05:12.506+0300] {processor.py:208} INFO - Processing /opt/airflow/dags/telegram_notifications.py took 0.039 seconds
[2024-11-06T18:05:43.190+0300] {processor.py:186} INFO - Started process (PID=1616) to work on /opt/airflow/dags/telegram_notifications.py
[2024-11-06T18:05:43.192+0300] {processor.py:914} INFO - Processing file /opt/airflow/dags/telegram_notifications.py for tasks to queue
[2024-11-06T18:05:43.195+0300] {logging_mixin.py:190} INFO - [2024-11-06T18:05:43.195+0300] {dagbag.py:588} INFO - Filling up the DagBag from /opt/airflow/dags/telegram_notifications.py
[2024-11-06T18:05:43.246+0300] {processor.py:927} WARNING - No viable dags retrieved from /opt/airflow/dags/telegram_notifications.py
[2024-11-06T18:05:43.278+0300] {processor.py:208} INFO - Processing /opt/airflow/dags/telegram_notifications.py took 0.094 seconds
[2024-11-06T18:06:13.683+0300] {processor.py:186} INFO - Started process (PID=1685) to work on /opt/airflow/dags/telegram_notifications.py
[2024-11-06T18:06:13.685+0300] {processor.py:914} INFO - Processing file /opt/airflow/dags/telegram_notifications.py for tasks to queue
[2024-11-06T18:06:13.688+0300] {logging_mixin.py:190} INFO - [2024-11-06T18:06:13.687+0300] {dagbag.py:588} INFO - Filling up the DagBag from /opt/airflow/dags/telegram_notifications.py
[2024-11-06T18:06:13.758+0300] {processor.py:927} WARNING - No viable dags retrieved from /opt/airflow/dags/telegram_notifications.py
[2024-11-06T18:06:13.873+0300] {processor.py:208} INFO - Processing /opt/airflow/dags/telegram_notifications.py took 0.199 seconds
[2024-11-06T18:06:44.288+0300] {processor.py:186} INFO - Started process (PID=1754) to work on /opt/airflow/dags/telegram_notifications.py
[2024-11-06T18:06:44.299+0300] {processor.py:914} INFO - Processing file /opt/airflow/dags/telegram_notifications.py for tasks to queue
[2024-11-06T18:06:44.303+0300] {logging_mixin.py:190} INFO - [2024-11-06T18:06:44.302+0300] {dagbag.py:588} INFO - Filling up the DagBag from /opt/airflow/dags/telegram_notifications.py
[2024-11-06T18:06:44.333+0300] {processor.py:927} WARNING - No viable dags retrieved from /opt/airflow/dags/telegram_notifications.py
[2024-11-06T18:06:44.345+0300] {processor.py:208} INFO - Processing /opt/airflow/dags/telegram_notifications.py took 0.066 seconds
[2024-11-06T18:07:14.521+0300] {processor.py:186} INFO - Started process (PID=1823) to work on /opt/airflow/dags/telegram_notifications.py
[2024-11-06T18:07:14.522+0300] {processor.py:914} INFO - Processing file /opt/airflow/dags/telegram_notifications.py for tasks to queue
[2024-11-06T18:07:14.524+0300] {logging_mixin.py:190} INFO - [2024-11-06T18:07:14.524+0300] {dagbag.py:588} INFO - Filling up the DagBag from /opt/airflow/dags/telegram_notifications.py
[2024-11-06T18:07:14.548+0300] {processor.py:927} WARNING - No viable dags retrieved from /opt/airflow/dags/telegram_notifications.py
[2024-11-06T18:07:14.560+0300] {processor.py:208} INFO - Processing /opt/airflow/dags/telegram_notifications.py took 0.044 seconds
[2024-11-06T18:07:45.105+0300] {processor.py:186} INFO - Started process (PID=1892) to work on /opt/airflow/dags/telegram_notifications.py
[2024-11-06T18:07:45.106+0300] {processor.py:914} INFO - Processing file /opt/airflow/dags/telegram_notifications.py for tasks to queue
[2024-11-06T18:07:45.109+0300] {logging_mixin.py:190} INFO - [2024-11-06T18:07:45.108+0300] {dagbag.py:588} INFO - Filling up the DagBag from /opt/airflow/dags/telegram_notifications.py
[2024-11-06T18:07:45.136+0300] {processor.py:927} WARNING - No viable dags retrieved from /opt/airflow/dags/telegram_notifications.py
[2024-11-06T18:07:45.162+0300] {processor.py:208} INFO - Processing /opt/airflow/dags/telegram_notifications.py took 0.064 seconds
[2024-11-06T18:08:16.029+0300] {processor.py:186} INFO - Started process (PID=1961) to work on /opt/airflow/dags/telegram_notifications.py
[2024-11-06T18:08:16.030+0300] {processor.py:914} INFO - Processing file /opt/airflow/dags/telegram_notifications.py for tasks to queue
[2024-11-06T18:08:16.032+0300] {logging_mixin.py:190} INFO - [2024-11-06T18:08:16.032+0300] {dagbag.py:588} INFO - Filling up the DagBag from /opt/airflow/dags/telegram_notifications.py
[2024-11-06T18:08:16.059+0300] {processor.py:927} WARNING - No viable dags retrieved from /opt/airflow/dags/telegram_notifications.py
[2024-11-06T18:08:16.081+0300] {processor.py:208} INFO - Processing /opt/airflow/dags/telegram_notifications.py took 0.061 seconds
[2024-11-06T18:08:46.362+0300] {processor.py:186} INFO - Started process (PID=2030) to work on /opt/airflow/dags/telegram_notifications.py
[2024-11-06T18:08:46.363+0300] {processor.py:914} INFO - Processing file /opt/airflow/dags/telegram_notifications.py for tasks to queue
[2024-11-06T18:08:46.367+0300] {logging_mixin.py:190} INFO - [2024-11-06T18:08:46.367+0300] {dagbag.py:588} INFO - Filling up the DagBag from /opt/airflow/dags/telegram_notifications.py
[2024-11-06T18:08:46.413+0300] {processor.py:927} WARNING - No viable dags retrieved from /opt/airflow/dags/telegram_notifications.py
[2024-11-06T18:08:46.442+0300] {processor.py:208} INFO - Processing /opt/airflow/dags/telegram_notifications.py took 0.090 seconds
[2024-11-06T18:09:16.811+0300] {processor.py:186} INFO - Started process (PID=2099) to work on /opt/airflow/dags/telegram_notifications.py
[2024-11-06T18:09:16.812+0300] {processor.py:914} INFO - Processing file /opt/airflow/dags/telegram_notifications.py for tasks to queue
[2024-11-06T18:09:16.815+0300] {logging_mixin.py:190} INFO - [2024-11-06T18:09:16.815+0300] {dagbag.py:588} INFO - Filling up the DagBag from /opt/airflow/dags/telegram_notifications.py
[2024-11-06T18:09:16.843+0300] {processor.py:927} WARNING - No viable dags retrieved from /opt/airflow/dags/telegram_notifications.py
[2024-11-06T18:09:16.857+0300] {processor.py:208} INFO - Processing /opt/airflow/dags/telegram_notifications.py took 0.052 seconds
[2024-11-06T18:09:47.197+0300] {processor.py:186} INFO - Started process (PID=2167) to work on /opt/airflow/dags/telegram_notifications.py
[2024-11-06T18:09:47.198+0300] {processor.py:914} INFO - Processing file /opt/airflow/dags/telegram_notifications.py for tasks to queue
[2024-11-06T18:09:47.200+0300] {logging_mixin.py:190} INFO - [2024-11-06T18:09:47.200+0300] {dagbag.py:588} INFO - Filling up the DagBag from /opt/airflow/dags/telegram_notifications.py
[2024-11-06T18:09:47.212+0300] {processor.py:927} WARNING - No viable dags retrieved from /opt/airflow/dags/telegram_notifications.py
[2024-11-06T18:09:47.224+0300] {processor.py:208} INFO - Processing /opt/airflow/dags/telegram_notifications.py took 0.032 seconds
[2024-11-06T18:10:17.573+0300] {processor.py:186} INFO - Started process (PID=2236) to work on /opt/airflow/dags/telegram_notifications.py
[2024-11-06T18:10:17.575+0300] {processor.py:914} INFO - Processing file /opt/airflow/dags/telegram_notifications.py for tasks to queue
[2024-11-06T18:10:17.578+0300] {logging_mixin.py:190} INFO - [2024-11-06T18:10:17.578+0300] {dagbag.py:588} INFO - Filling up the DagBag from /opt/airflow/dags/telegram_notifications.py
[2024-11-06T18:10:17.622+0300] {processor.py:927} WARNING - No viable dags retrieved from /opt/airflow/dags/telegram_notifications.py
[2024-11-06T18:10:17.643+0300] {processor.py:208} INFO - Processing /opt/airflow/dags/telegram_notifications.py took 0.075 seconds
[2024-11-06T18:10:48.261+0300] {processor.py:186} INFO - Started process (PID=2305) to work on /opt/airflow/dags/telegram_notifications.py
[2024-11-06T18:10:48.263+0300] {processor.py:914} INFO - Processing file /opt/airflow/dags/telegram_notifications.py for tasks to queue
[2024-11-06T18:10:48.267+0300] {logging_mixin.py:190} INFO - [2024-11-06T18:10:48.267+0300] {dagbag.py:588} INFO - Filling up the DagBag from /opt/airflow/dags/telegram_notifications.py
[2024-11-06T18:10:48.304+0300] {processor.py:927} WARNING - No viable dags retrieved from /opt/airflow/dags/telegram_notifications.py
[2024-11-06T18:10:48.321+0300] {processor.py:208} INFO - Processing /opt/airflow/dags/telegram_notifications.py took 0.067 seconds
[2024-11-06T18:11:19.084+0300] {processor.py:186} INFO - Started process (PID=2374) to work on /opt/airflow/dags/telegram_notifications.py
[2024-11-06T18:11:19.085+0300] {processor.py:914} INFO - Processing file /opt/airflow/dags/telegram_notifications.py for tasks to queue
[2024-11-06T18:11:19.087+0300] {logging_mixin.py:190} INFO - [2024-11-06T18:11:19.087+0300] {dagbag.py:588} INFO - Filling up the DagBag from /opt/airflow/dags/telegram_notifications.py
[2024-11-06T18:11:19.103+0300] {processor.py:927} WARNING - No viable dags retrieved from /opt/airflow/dags/telegram_notifications.py
[2024-11-06T18:11:19.116+0300] {processor.py:208} INFO - Processing /opt/airflow/dags/telegram_notifications.py took 0.037 seconds
[2024-11-06T18:11:49.551+0300] {processor.py:186} INFO - Started process (PID=2445) to work on /opt/airflow/dags/telegram_notifications.py
[2024-11-06T18:11:49.552+0300] {processor.py:914} INFO - Processing file /opt/airflow/dags/telegram_notifications.py for tasks to queue
[2024-11-06T18:11:49.556+0300] {logging_mixin.py:190} INFO - [2024-11-06T18:11:49.556+0300] {dagbag.py:588} INFO - Filling up the DagBag from /opt/airflow/dags/telegram_notifications.py
[2024-11-06T18:11:49.567+0300] {processor.py:927} WARNING - No viable dags retrieved from /opt/airflow/dags/telegram_notifications.py
[2024-11-06T18:11:49.580+0300] {processor.py:208} INFO - Processing /opt/airflow/dags/telegram_notifications.py took 0.036 seconds
