[2024-11-05T20:42:08.211+0000] {local_task_job_runner.py:123} INFO - ::group::Pre task execution logs
[2024-11-05T20:42:08.228+0000] {taskinstance.py:2612} INFO - Dependencies all met for dep_context=non-requeueable deps ti=<TaskInstance: fraud_transaction_analysis2.get_bitcoin_price manual__2024-11-05T20:42:00.420484+00:00 [queued]>
[2024-11-05T20:42:08.236+0000] {taskinstance.py:2612} INFO - Dependencies all met for dep_context=requeueable deps ti=<TaskInstance: fraud_transaction_analysis2.get_bitcoin_price manual__2024-11-05T20:42:00.420484+00:00 [queued]>
[2024-11-05T20:42:08.237+0000] {taskinstance.py:2865} INFO - Starting attempt 1 of 1
[2024-11-05T20:42:08.250+0000] {taskinstance.py:2888} INFO - Executing <Task(HttpOperator): get_bitcoin_price> on 2024-11-05 20:42:00.420484+00:00
[2024-11-05T20:42:08.256+0000] {warnings.py:112} WARNING - /home/***/.local/lib/python3.12/site-packages/***/task/task_runner/standard_task_runner.py:70: DeprecationWarning: This process (pid=71) is multi-threaded, use of fork() may lead to deadlocks in the child.
  pid = os.fork()

[2024-11-05T20:42:08.258+0000] {standard_task_runner.py:72} INFO - Started process 73 to run task
[2024-11-05T20:42:08.258+0000] {standard_task_runner.py:104} INFO - Running: ['***', 'tasks', 'run', 'fraud_transaction_analysis2', 'get_bitcoin_price', 'manual__2024-11-05T20:42:00.420484+00:00', '--job-id', '112', '--raw', '--subdir', 'DAGS_FOLDER/fraud_transaction_analysis2-dag.py', '--cfg-path', '/tmp/tmpib4rcf3w']
[2024-11-05T20:42:08.260+0000] {standard_task_runner.py:105} INFO - Job 112: Subtask get_bitcoin_price
[2024-11-05T20:42:08.309+0000] {task_command.py:467} INFO - Running <TaskInstance: fraud_transaction_analysis2.get_bitcoin_price manual__2024-11-05T20:42:00.420484+00:00 [running]> on host 21d07c241839
[2024-11-05T20:42:08.377+0000] {taskinstance.py:3131} INFO - Exporting env vars: AIRFLOW_CTX_DAG_OWNER='***' AIRFLOW_CTX_DAG_ID='fraud_transaction_analysis2' AIRFLOW_CTX_TASK_ID='get_bitcoin_price' AIRFLOW_CTX_EXECUTION_DATE='2024-11-05T20:42:00.420484+00:00' AIRFLOW_CTX_TRY_NUMBER='1' AIRFLOW_CTX_DAG_RUN_ID='manual__2024-11-05T20:42:00.420484+00:00'
[2024-11-05T20:42:08.379+0000] {logging_mixin.py:190} INFO - Task instance is in running state
[2024-11-05T20:42:08.379+0000] {logging_mixin.py:190} INFO -  Previous state of the Task instance: queued
[2024-11-05T20:42:08.379+0000] {logging_mixin.py:190} INFO - Current task name:get_bitcoin_price state:running start_date:2024-11-05 20:42:08.229370+00:00
[2024-11-05T20:42:08.380+0000] {logging_mixin.py:190} INFO - Dag name:fraud_transaction_analysis2 and current dag run status:running
[2024-11-05T20:42:08.380+0000] {taskinstance.py:731} INFO - ::endgroup::
[2024-11-05T20:42:08.381+0000] {http.py:173} INFO - Calling HTTP method
[2024-11-05T20:42:08.388+0000] {base.py:84} INFO - Retrieving connection 'coindesk_api'
[2024-11-05T20:42:08.396+0000] {base.py:84} INFO - Retrieving connection 'coindesk_api'
[2024-11-05T20:42:08.490+0000] {http.py:222} INFO - {"time":{"updated":"Nov 5, 2024 20:41:47 UTC","updatedISO":"2024-11-05T20:41:47+00:00","updateduk":"Nov 5, 2024 at 20:41 GMT"},"disclaimer":"This data was produced from the CoinDesk Bitcoin Price Index (USD). Non-USD currency data converted using hourly conversion rate from openexchangerates.org","chartName":"Bitcoin","bpi":{"USD":{"code":"USD","symbol":"&#36;","rate":"69,609.05","description":"United States Dollar","rate_float":69609.0503},"GBP":{"code":"GBP","symbol":"&pound;","rate":"53,460.099","description":"British Pound Sterling","rate_float":53460.0986},"EUR":{"code":"EUR","symbol":"&euro;","rate":"63,679.891","description":"Euro","rate_float":63679.8906}}}
[2024-11-05T20:42:08.523+0000] {taskinstance.py:340} INFO - ::group::Post task execution logs
[2024-11-05T20:42:08.524+0000] {taskinstance.py:352} INFO - Marking task as SUCCESS. dag_id=fraud_transaction_analysis2, task_id=get_bitcoin_price, run_id=manual__2024-11-05T20:42:00.420484+00:00, execution_date=20241105T204200, start_date=20241105T204208, end_date=20241105T204208
[2024-11-05T20:42:08.536+0000] {logging_mixin.py:190} INFO - Task instance in success state
[2024-11-05T20:42:08.537+0000] {logging_mixin.py:190} INFO -  Previous state of the Task instance: running
[2024-11-05T20:42:08.538+0000] {logging_mixin.py:190} INFO - Dag name:fraud_transaction_analysis2 queued_at:2024-11-05 20:42:00.451026+00:00
[2024-11-05T20:42:08.538+0000] {logging_mixin.py:190} INFO - Task hostname:21d07c241839 operator:HttpOperator
[2024-11-05T20:42:08.554+0000] {local_task_job_runner.py:266} INFO - Task exited with return code 0
[2024-11-05T20:42:08.569+0000] {warnings.py:112} WARNING - /home/***/.local/lib/python3.12/site-packages/***/models/baseoperator.py:1378: AirflowProviderDeprecationWarning: Call to deprecated class PostgresOperator. (Please use `***.providers.common.sql.operators.sql.SQLExecuteQueryOperator`.Also, you can provide `hook_params={'schema': <database>}`.)
  result = cls.__new__(cls)

[2024-11-05T20:42:08.587+0000] {taskinstance.py:3900} INFO - 1 downstream tasks scheduled from follow-on schedule check
[2024-11-05T20:42:08.590+0000] {local_task_job_runner.py:245} INFO - ::endgroup::
