[2024-11-01T12:39:50.910+0000] {processor.py:186} INFO - Started process (PID=53) to work on /opt/airflow/dags/telegram-dag.py
[2024-11-01T12:39:50.911+0000] {processor.py:914} INFO - Processing file /opt/airflow/dags/telegram-dag.py for tasks to queue
[2024-11-01T12:39:50.916+0000] {logging_mixin.py:190} INFO - [2024-11-01T12:39:50.915+0000] {dagbag.py:588} INFO - Filling up the DagBag from /opt/airflow/dags/telegram-dag.py
[2024-11-01T12:39:50.958+0000] {processor.py:925} INFO - DAG(s) 'currency_rate_dag' retrieved from /opt/airflow/dags/telegram-dag.py
[2024-11-01T12:39:51.133+0000] {logging_mixin.py:190} INFO - [2024-11-01T12:39:51.132+0000] {override.py:1900} INFO - Created Permission View: can delete on DAG:currency_rate_dag
[2024-11-01T12:39:51.147+0000] {logging_mixin.py:190} INFO - [2024-11-01T12:39:51.147+0000] {override.py:1900} INFO - Created Permission View: can read on DAG:currency_rate_dag
[2024-11-01T12:39:51.155+0000] {logging_mixin.py:190} INFO - [2024-11-01T12:39:51.155+0000] {override.py:1900} INFO - Created Permission View: can edit on DAG:currency_rate_dag
[2024-11-01T12:39:51.164+0000] {logging_mixin.py:190} INFO - [2024-11-01T12:39:51.164+0000] {override.py:1900} INFO - Created Permission View: can create on DAG Run:currency_rate_dag
[2024-11-01T12:39:51.173+0000] {logging_mixin.py:190} INFO - [2024-11-01T12:39:51.172+0000] {override.py:1900} INFO - Created Permission View: can read on DAG Run:currency_rate_dag
[2024-11-01T12:39:51.182+0000] {logging_mixin.py:190} INFO - [2024-11-01T12:39:51.182+0000] {override.py:1900} INFO - Created Permission View: menu access on DAG Run:currency_rate_dag
[2024-11-01T12:39:51.190+0000] {logging_mixin.py:190} INFO - [2024-11-01T12:39:51.190+0000] {override.py:1900} INFO - Created Permission View: can delete on DAG Run:currency_rate_dag
[2024-11-01T12:39:51.191+0000] {logging_mixin.py:190} INFO - [2024-11-01T12:39:51.191+0000] {dag.py:3239} INFO - Sync 1 DAGs
[2024-11-01T12:39:51.207+0000] {logging_mixin.py:190} INFO - [2024-11-01T12:39:51.207+0000] {dag.py:3262} INFO - Creating ORM DAG for currency_rate_dag
[2024-11-01T12:39:51.220+0000] {logging_mixin.py:190} INFO - [2024-11-01T12:39:51.220+0000] {dag.py:4180} INFO - Setting next_dagrun for currency_rate_dag to 2024-11-01 00:00:00+00:00, run_after=2024-11-01 12:00:00+00:00
[2024-11-01T12:39:51.247+0000] {processor.py:208} INFO - Processing /opt/airflow/dags/telegram-dag.py took 0.345 seconds
[2024-11-01T12:40:21.594+0000] {processor.py:186} INFO - Started process (PID=117) to work on /opt/airflow/dags/telegram-dag.py
[2024-11-01T12:40:21.596+0000] {processor.py:914} INFO - Processing file /opt/airflow/dags/telegram-dag.py for tasks to queue
[2024-11-01T12:40:21.602+0000] {logging_mixin.py:190} INFO - [2024-11-01T12:40:21.601+0000] {dagbag.py:588} INFO - Filling up the DagBag from /opt/airflow/dags/telegram-dag.py
[2024-11-01T12:40:21.633+0000] {processor.py:925} INFO - DAG(s) 'currency_rate_dag' retrieved from /opt/airflow/dags/telegram-dag.py
[2024-11-01T12:40:21.660+0000] {logging_mixin.py:190} INFO - [2024-11-01T12:40:21.660+0000] {dag.py:3239} INFO - Sync 1 DAGs
[2024-11-01T12:40:21.691+0000] {logging_mixin.py:190} INFO - [2024-11-01T12:40:21.690+0000] {dag.py:4180} INFO - Setting next_dagrun for currency_rate_dag to 2024-11-01 00:00:00+00:00, run_after=2024-11-01 12:00:00+00:00
[2024-11-01T12:40:21.719+0000] {processor.py:208} INFO - Processing /opt/airflow/dags/telegram-dag.py took 0.135 seconds
[2024-11-01T12:40:43.768+0000] {processor.py:186} INFO - Started process (PID=181) to work on /opt/airflow/dags/telegram-dag.py
[2024-11-01T12:40:43.774+0000] {processor.py:914} INFO - Processing file /opt/airflow/dags/telegram-dag.py for tasks to queue
[2024-11-01T12:40:43.790+0000] {logging_mixin.py:190} INFO - [2024-11-01T12:40:43.789+0000] {dagbag.py:588} INFO - Filling up the DagBag from /opt/airflow/dags/telegram-dag.py
[2024-11-01T12:40:43.931+0000] {processor.py:925} INFO - DAG(s) 'currency_rate_dag' retrieved from /opt/airflow/dags/telegram-dag.py
[2024-11-01T12:40:43.972+0000] {logging_mixin.py:190} INFO - [2024-11-01T12:40:43.972+0000] {dag.py:3239} INFO - Sync 1 DAGs
[2024-11-01T12:40:43.997+0000] {logging_mixin.py:190} INFO - [2024-11-01T12:40:43.996+0000] {dag.py:4180} INFO - Setting next_dagrun for currency_rate_dag to 2024-11-01 00:00:00+00:00, run_after=2024-11-01 12:00:00+00:00
[2024-11-01T12:40:44.039+0000] {processor.py:208} INFO - Processing /opt/airflow/dags/telegram-dag.py took 0.320 seconds
[2024-11-01T12:41:14.219+0000] {processor.py:186} INFO - Started process (PID=245) to work on /opt/airflow/dags/telegram-dag.py
[2024-11-01T12:41:14.221+0000] {processor.py:914} INFO - Processing file /opt/airflow/dags/telegram-dag.py for tasks to queue
[2024-11-01T12:41:14.226+0000] {logging_mixin.py:190} INFO - [2024-11-01T12:41:14.225+0000] {dagbag.py:588} INFO - Filling up the DagBag from /opt/airflow/dags/telegram-dag.py
[2024-11-01T12:41:14.287+0000] {processor.py:925} INFO - DAG(s) 'currency_rate_dag' retrieved from /opt/airflow/dags/telegram-dag.py
[2024-11-01T12:41:14.312+0000] {logging_mixin.py:190} INFO - [2024-11-01T12:41:14.312+0000] {dag.py:3239} INFO - Sync 1 DAGs
[2024-11-01T12:41:14.339+0000] {logging_mixin.py:190} INFO - [2024-11-01T12:41:14.339+0000] {dag.py:4180} INFO - Setting next_dagrun for currency_rate_dag to 2024-11-01 00:00:00+00:00, run_after=2024-11-01 12:00:00+00:00
[2024-11-01T12:41:14.382+0000] {processor.py:208} INFO - Processing /opt/airflow/dags/telegram-dag.py took 0.175 seconds
[2024-11-01T12:41:44.760+0000] {processor.py:186} INFO - Started process (PID=309) to work on /opt/airflow/dags/telegram-dag.py
[2024-11-01T12:41:44.763+0000] {processor.py:914} INFO - Processing file /opt/airflow/dags/telegram-dag.py for tasks to queue
[2024-11-01T12:41:44.767+0000] {logging_mixin.py:190} INFO - [2024-11-01T12:41:44.766+0000] {dagbag.py:588} INFO - Filling up the DagBag from /opt/airflow/dags/telegram-dag.py
[2024-11-01T12:41:44.812+0000] {processor.py:925} INFO - DAG(s) 'currency_rate_dag' retrieved from /opt/airflow/dags/telegram-dag.py
[2024-11-01T12:41:44.831+0000] {logging_mixin.py:190} INFO - [2024-11-01T12:41:44.831+0000] {dag.py:3239} INFO - Sync 1 DAGs
[2024-11-01T12:41:44.855+0000] {logging_mixin.py:190} INFO - [2024-11-01T12:41:44.855+0000] {dag.py:4180} INFO - Setting next_dagrun for currency_rate_dag to 2024-11-01 00:00:00+00:00, run_after=2024-11-01 12:00:00+00:00
[2024-11-01T12:41:44.897+0000] {processor.py:208} INFO - Processing /opt/airflow/dags/telegram-dag.py took 0.151 seconds
[2024-11-01T12:42:15.040+0000] {processor.py:186} INFO - Started process (PID=373) to work on /opt/airflow/dags/telegram-dag.py
[2024-11-01T12:42:15.042+0000] {processor.py:914} INFO - Processing file /opt/airflow/dags/telegram-dag.py for tasks to queue
[2024-11-01T12:42:15.046+0000] {logging_mixin.py:190} INFO - [2024-11-01T12:42:15.046+0000] {dagbag.py:588} INFO - Filling up the DagBag from /opt/airflow/dags/telegram-dag.py
[2024-11-01T12:42:15.105+0000] {processor.py:925} INFO - DAG(s) 'currency_rate_dag' retrieved from /opt/airflow/dags/telegram-dag.py
[2024-11-01T12:42:15.128+0000] {logging_mixin.py:190} INFO - [2024-11-01T12:42:15.127+0000] {dag.py:3239} INFO - Sync 1 DAGs
[2024-11-01T12:42:15.154+0000] {logging_mixin.py:190} INFO - [2024-11-01T12:42:15.154+0000] {dag.py:4180} INFO - Setting next_dagrun for currency_rate_dag to 2024-11-01 00:00:00+00:00, run_after=2024-11-01 12:00:00+00:00
[2024-11-01T12:42:15.190+0000] {processor.py:208} INFO - Processing /opt/airflow/dags/telegram-dag.py took 0.160 seconds
[2024-11-01T12:42:46.118+0000] {processor.py:186} INFO - Started process (PID=437) to work on /opt/airflow/dags/telegram-dag.py
[2024-11-01T12:42:46.120+0000] {processor.py:914} INFO - Processing file /opt/airflow/dags/telegram-dag.py for tasks to queue
[2024-11-01T12:42:46.125+0000] {logging_mixin.py:190} INFO - [2024-11-01T12:42:46.124+0000] {dagbag.py:588} INFO - Filling up the DagBag from /opt/airflow/dags/telegram-dag.py
[2024-11-01T12:42:46.172+0000] {processor.py:925} INFO - DAG(s) 'currency_rate_dag' retrieved from /opt/airflow/dags/telegram-dag.py
[2024-11-01T12:42:46.198+0000] {logging_mixin.py:190} INFO - [2024-11-01T12:42:46.198+0000] {dag.py:3239} INFO - Sync 1 DAGs
[2024-11-01T12:42:46.222+0000] {logging_mixin.py:190} INFO - [2024-11-01T12:42:46.222+0000] {dag.py:4180} INFO - Setting next_dagrun for currency_rate_dag to 2024-11-01 00:00:00+00:00, run_after=2024-11-01 12:00:00+00:00
[2024-11-01T12:42:46.267+0000] {processor.py:208} INFO - Processing /opt/airflow/dags/telegram-dag.py took 0.153 seconds
[2024-11-01T12:43:16.691+0000] {processor.py:186} INFO - Started process (PID=501) to work on /opt/airflow/dags/telegram-dag.py
[2024-11-01T12:43:16.693+0000] {processor.py:914} INFO - Processing file /opt/airflow/dags/telegram-dag.py for tasks to queue
[2024-11-01T12:43:16.699+0000] {logging_mixin.py:190} INFO - [2024-11-01T12:43:16.699+0000] {dagbag.py:588} INFO - Filling up the DagBag from /opt/airflow/dags/telegram-dag.py
[2024-11-01T12:43:16.768+0000] {processor.py:925} INFO - DAG(s) 'currency_rate_dag' retrieved from /opt/airflow/dags/telegram-dag.py
[2024-11-01T12:43:16.807+0000] {logging_mixin.py:190} INFO - [2024-11-01T12:43:16.806+0000] {dag.py:3239} INFO - Sync 1 DAGs
[2024-11-01T12:43:16.858+0000] {logging_mixin.py:190} INFO - [2024-11-01T12:43:16.858+0000] {dag.py:4180} INFO - Setting next_dagrun for currency_rate_dag to 2024-11-01 12:00:00+00:00, run_after=2024-11-02 00:00:00+00:00
[2024-11-01T12:43:16.881+0000] {processor.py:208} INFO - Processing /opt/airflow/dags/telegram-dag.py took 0.199 seconds
[2024-11-01T12:43:47.515+0000] {processor.py:186} INFO - Started process (PID=565) to work on /opt/airflow/dags/telegram-dag.py
[2024-11-01T12:43:47.516+0000] {processor.py:914} INFO - Processing file /opt/airflow/dags/telegram-dag.py for tasks to queue
[2024-11-01T12:43:47.519+0000] {logging_mixin.py:190} INFO - [2024-11-01T12:43:47.518+0000] {dagbag.py:588} INFO - Filling up the DagBag from /opt/airflow/dags/telegram-dag.py
[2024-11-01T12:43:47.559+0000] {processor.py:925} INFO - DAG(s) 'currency_rate_dag' retrieved from /opt/airflow/dags/telegram-dag.py
[2024-11-01T12:43:47.578+0000] {logging_mixin.py:190} INFO - [2024-11-01T12:43:47.578+0000] {dag.py:3239} INFO - Sync 1 DAGs
[2024-11-01T12:43:47.596+0000] {logging_mixin.py:190} INFO - [2024-11-01T12:43:47.596+0000] {dag.py:4180} INFO - Setting next_dagrun for currency_rate_dag to 2024-11-01 12:00:00+00:00, run_after=2024-11-02 00:00:00+00:00
[2024-11-01T12:43:47.633+0000] {processor.py:208} INFO - Processing /opt/airflow/dags/telegram-dag.py took 0.122 seconds
[2024-11-01T12:49:13.274+0000] {processor.py:186} INFO - Started process (PID=48) to work on /opt/airflow/dags/telegram-dag.py
[2024-11-01T12:49:13.275+0000] {processor.py:914} INFO - Processing file /opt/airflow/dags/telegram-dag.py for tasks to queue
[2024-11-01T12:49:13.278+0000] {logging_mixin.py:190} INFO - [2024-11-01T12:49:13.278+0000] {dagbag.py:588} INFO - Filling up the DagBag from /opt/airflow/dags/telegram-dag.py
[2024-11-01T12:49:13.310+0000] {processor.py:925} INFO - DAG(s) 'currency_rate_dag' retrieved from /opt/airflow/dags/telegram-dag.py
[2024-11-01T12:49:13.343+0000] {logging_mixin.py:190} INFO - [2024-11-01T12:49:13.343+0000] {dag.py:3239} INFO - Sync 1 DAGs
[2024-11-01T12:49:13.385+0000] {logging_mixin.py:190} INFO - [2024-11-01T12:49:13.385+0000] {dag.py:4180} INFO - Setting next_dagrun for currency_rate_dag to 2024-11-01 12:00:00+00:00, run_after=2024-11-02 00:00:00+00:00
[2024-11-01T12:49:13.420+0000] {processor.py:208} INFO - Processing /opt/airflow/dags/telegram-dag.py took 0.152 seconds
[2024-11-01T12:49:43.655+0000] {processor.py:186} INFO - Started process (PID=119) to work on /opt/airflow/dags/telegram-dag.py
[2024-11-01T12:49:43.656+0000] {processor.py:914} INFO - Processing file /opt/airflow/dags/telegram-dag.py for tasks to queue
[2024-11-01T12:49:43.658+0000] {logging_mixin.py:190} INFO - [2024-11-01T12:49:43.658+0000] {dagbag.py:588} INFO - Filling up the DagBag from /opt/airflow/dags/telegram-dag.py
[2024-11-01T12:49:43.708+0000] {processor.py:925} INFO - DAG(s) 'currency_rate_dag' retrieved from /opt/airflow/dags/telegram-dag.py
[2024-11-01T12:49:43.740+0000] {logging_mixin.py:190} INFO - [2024-11-01T12:49:43.739+0000] {dag.py:3239} INFO - Sync 1 DAGs
[2024-11-01T12:49:43.770+0000] {logging_mixin.py:190} INFO - [2024-11-01T12:49:43.770+0000] {dag.py:4180} INFO - Setting next_dagrun for currency_rate_dag to 2024-11-01 12:00:00+00:00, run_after=2024-11-02 00:00:00+00:00
[2024-11-01T12:49:43.810+0000] {processor.py:208} INFO - Processing /opt/airflow/dags/telegram-dag.py took 0.164 seconds
[2024-11-01T12:50:14.092+0000] {processor.py:186} INFO - Started process (PID=183) to work on /opt/airflow/dags/telegram-dag.py
[2024-11-01T12:50:14.093+0000] {processor.py:914} INFO - Processing file /opt/airflow/dags/telegram-dag.py for tasks to queue
[2024-11-01T12:50:14.094+0000] {logging_mixin.py:190} INFO - [2024-11-01T12:50:14.094+0000] {dagbag.py:588} INFO - Filling up the DagBag from /opt/airflow/dags/telegram-dag.py
[2024-11-01T12:50:14.116+0000] {processor.py:925} INFO - DAG(s) 'currency_rate_dag' retrieved from /opt/airflow/dags/telegram-dag.py
[2024-11-01T12:50:14.135+0000] {logging_mixin.py:190} INFO - [2024-11-01T12:50:14.135+0000] {dag.py:3239} INFO - Sync 1 DAGs
[2024-11-01T12:50:14.156+0000] {logging_mixin.py:190} INFO - [2024-11-01T12:50:14.156+0000] {dag.py:4180} INFO - Setting next_dagrun for currency_rate_dag to 2024-11-01 12:00:00+00:00, run_after=2024-11-02 00:00:00+00:00
[2024-11-01T12:50:14.188+0000] {processor.py:208} INFO - Processing /opt/airflow/dags/telegram-dag.py took 0.103 seconds
[2024-11-01T12:50:44.362+0000] {processor.py:186} INFO - Started process (PID=246) to work on /opt/airflow/dags/telegram-dag.py
[2024-11-01T12:50:44.364+0000] {processor.py:914} INFO - Processing file /opt/airflow/dags/telegram-dag.py for tasks to queue
[2024-11-01T12:50:44.366+0000] {logging_mixin.py:190} INFO - [2024-11-01T12:50:44.365+0000] {dagbag.py:588} INFO - Filling up the DagBag from /opt/airflow/dags/telegram-dag.py
[2024-11-01T12:50:44.397+0000] {processor.py:925} INFO - DAG(s) 'currency_rate_dag' retrieved from /opt/airflow/dags/telegram-dag.py
[2024-11-01T12:50:44.420+0000] {logging_mixin.py:190} INFO - [2024-11-01T12:50:44.420+0000] {dag.py:3239} INFO - Sync 1 DAGs
[2024-11-01T12:50:44.459+0000] {logging_mixin.py:190} INFO - [2024-11-01T12:50:44.458+0000] {dag.py:4180} INFO - Setting next_dagrun for currency_rate_dag to 2024-11-01 12:00:00+00:00, run_after=2024-11-02 00:00:00+00:00
[2024-11-01T12:50:44.501+0000] {processor.py:208} INFO - Processing /opt/airflow/dags/telegram-dag.py took 0.148 seconds
[2024-11-01T12:51:15.245+0000] {processor.py:186} INFO - Started process (PID=310) to work on /opt/airflow/dags/telegram-dag.py
[2024-11-01T12:51:15.247+0000] {processor.py:914} INFO - Processing file /opt/airflow/dags/telegram-dag.py for tasks to queue
[2024-11-01T12:51:15.248+0000] {logging_mixin.py:190} INFO - [2024-11-01T12:51:15.248+0000] {dagbag.py:588} INFO - Filling up the DagBag from /opt/airflow/dags/telegram-dag.py
[2024-11-01T12:51:15.282+0000] {processor.py:925} INFO - DAG(s) 'currency_rate_dag' retrieved from /opt/airflow/dags/telegram-dag.py
[2024-11-01T12:51:15.305+0000] {logging_mixin.py:190} INFO - [2024-11-01T12:51:15.305+0000] {dag.py:3239} INFO - Sync 1 DAGs
[2024-11-01T12:51:15.328+0000] {logging_mixin.py:190} INFO - [2024-11-01T12:51:15.328+0000] {dag.py:4180} INFO - Setting next_dagrun for currency_rate_dag to 2024-11-01 12:00:00+00:00, run_after=2024-11-02 00:00:00+00:00
[2024-11-01T12:51:15.360+0000] {processor.py:208} INFO - Processing /opt/airflow/dags/telegram-dag.py took 0.126 seconds
[2024-11-01T12:51:42.702+0000] {processor.py:186} INFO - Started process (PID=368) to work on /opt/airflow/dags/telegram-dag.py
[2024-11-01T12:51:42.704+0000] {processor.py:914} INFO - Processing file /opt/airflow/dags/telegram-dag.py for tasks to queue
[2024-11-01T12:51:42.707+0000] {logging_mixin.py:190} INFO - [2024-11-01T12:51:42.707+0000] {dagbag.py:588} INFO - Filling up the DagBag from /opt/airflow/dags/telegram-dag.py
[2024-11-01T12:51:42.850+0000] {processor.py:925} INFO - DAG(s) 'currency_rate_dag' retrieved from /opt/airflow/dags/telegram-dag.py
[2024-11-01T12:51:42.874+0000] {logging_mixin.py:190} INFO - [2024-11-01T12:51:42.873+0000] {dag.py:3239} INFO - Sync 1 DAGs
[2024-11-01T12:51:42.909+0000] {logging_mixin.py:190} INFO - [2024-11-01T12:51:42.909+0000] {dag.py:4180} INFO - Setting next_dagrun for currency_rate_dag to 2024-11-01 12:00:00+00:00, run_after=2024-11-02 00:00:00+00:00
[2024-11-01T12:51:42.979+0000] {processor.py:208} INFO - Processing /opt/airflow/dags/telegram-dag.py took 0.294 seconds
[2024-11-01T12:51:50.225+0000] {processor.py:186} INFO - Started process (PID=417) to work on /opt/airflow/dags/telegram-dag.py
[2024-11-01T12:51:50.226+0000] {processor.py:914} INFO - Processing file /opt/airflow/dags/telegram-dag.py for tasks to queue
[2024-11-01T12:51:50.228+0000] {logging_mixin.py:190} INFO - [2024-11-01T12:51:50.228+0000] {dagbag.py:588} INFO - Filling up the DagBag from /opt/airflow/dags/telegram-dag.py
[2024-11-01T12:51:50.294+0000] {processor.py:925} INFO - DAG(s) 'currency_rate_dag' retrieved from /opt/airflow/dags/telegram-dag.py
[2024-11-01T12:51:50.322+0000] {logging_mixin.py:190} INFO - [2024-11-01T12:51:50.322+0000] {dag.py:3239} INFO - Sync 1 DAGs
[2024-11-01T12:51:50.359+0000] {logging_mixin.py:190} INFO - [2024-11-01T12:51:50.359+0000] {dag.py:4180} INFO - Setting next_dagrun for currency_rate_dag to 2024-11-01 12:00:00+00:00, run_after=2024-11-02 00:00:00+00:00
[2024-11-01T12:51:50.396+0000] {processor.py:208} INFO - Processing /opt/airflow/dags/telegram-dag.py took 0.176 seconds
[2024-11-01T12:52:54.271+0000] {processor.py:186} INFO - Started process (PID=47) to work on /opt/airflow/dags/telegram-dag.py
[2024-11-01T12:52:54.273+0000] {processor.py:914} INFO - Processing file /opt/airflow/dags/telegram-dag.py for tasks to queue
[2024-11-01T12:52:54.277+0000] {logging_mixin.py:190} INFO - [2024-11-01T12:52:54.276+0000] {dagbag.py:588} INFO - Filling up the DagBag from /opt/airflow/dags/telegram-dag.py
[2024-11-01T12:52:54.312+0000] {processor.py:925} INFO - DAG(s) 'currency_rate_dag' retrieved from /opt/airflow/dags/telegram-dag.py
[2024-11-01T12:52:54.347+0000] {logging_mixin.py:190} INFO - [2024-11-01T12:52:54.346+0000] {dag.py:3239} INFO - Sync 1 DAGs
[2024-11-01T12:52:54.379+0000] {logging_mixin.py:190} INFO - [2024-11-01T12:52:54.379+0000] {dag.py:4180} INFO - Setting next_dagrun for currency_rate_dag to 2024-11-01 12:00:00+00:00, run_after=2024-11-02 00:00:00+00:00
[2024-11-01T12:52:54.411+0000] {processor.py:208} INFO - Processing /opt/airflow/dags/telegram-dag.py took 0.149 seconds
[2024-11-01T12:53:25.462+0000] {processor.py:186} INFO - Started process (PID=116) to work on /opt/airflow/dags/telegram-dag.py
[2024-11-01T12:53:25.463+0000] {processor.py:914} INFO - Processing file /opt/airflow/dags/telegram-dag.py for tasks to queue
[2024-11-01T12:53:25.466+0000] {logging_mixin.py:190} INFO - [2024-11-01T12:53:25.466+0000] {dagbag.py:588} INFO - Filling up the DagBag from /opt/airflow/dags/telegram-dag.py
[2024-11-01T12:53:25.508+0000] {processor.py:925} INFO - DAG(s) 'currency_rate_dag' retrieved from /opt/airflow/dags/telegram-dag.py
[2024-11-01T12:53:25.533+0000] {logging_mixin.py:190} INFO - [2024-11-01T12:53:25.533+0000] {dag.py:3239} INFO - Sync 1 DAGs
[2024-11-01T12:53:25.563+0000] {logging_mixin.py:190} INFO - [2024-11-01T12:53:25.563+0000] {dag.py:4180} INFO - Setting next_dagrun for currency_rate_dag to 2024-11-01 12:00:00+00:00, run_after=2024-11-02 00:00:00+00:00
[2024-11-01T12:53:25.595+0000] {processor.py:208} INFO - Processing /opt/airflow/dags/telegram-dag.py took 0.139 seconds
[2024-11-01T12:53:56.020+0000] {processor.py:186} INFO - Started process (PID=180) to work on /opt/airflow/dags/telegram-dag.py
[2024-11-01T12:53:56.022+0000] {processor.py:914} INFO - Processing file /opt/airflow/dags/telegram-dag.py for tasks to queue
[2024-11-01T12:53:56.025+0000] {logging_mixin.py:190} INFO - [2024-11-01T12:53:56.025+0000] {dagbag.py:588} INFO - Filling up the DagBag from /opt/airflow/dags/telegram-dag.py
[2024-11-01T12:53:56.069+0000] {processor.py:925} INFO - DAG(s) 'currency_rate_dag' retrieved from /opt/airflow/dags/telegram-dag.py
[2024-11-01T12:53:56.088+0000] {logging_mixin.py:190} INFO - [2024-11-01T12:53:56.088+0000] {dag.py:3239} INFO - Sync 1 DAGs
[2024-11-01T12:53:56.106+0000] {logging_mixin.py:190} INFO - [2024-11-01T12:53:56.106+0000] {dag.py:4180} INFO - Setting next_dagrun for currency_rate_dag to 2024-11-01 12:00:00+00:00, run_after=2024-11-02 00:00:00+00:00
[2024-11-01T12:53:56.126+0000] {processor.py:208} INFO - Processing /opt/airflow/dags/telegram-dag.py took 0.111 seconds
[2024-11-01T12:54:26.472+0000] {processor.py:186} INFO - Started process (PID=244) to work on /opt/airflow/dags/telegram-dag.py
[2024-11-01T12:54:26.473+0000] {processor.py:914} INFO - Processing file /opt/airflow/dags/telegram-dag.py for tasks to queue
[2024-11-01T12:54:26.475+0000] {logging_mixin.py:190} INFO - [2024-11-01T12:54:26.475+0000] {dagbag.py:588} INFO - Filling up the DagBag from /opt/airflow/dags/telegram-dag.py
[2024-11-01T12:54:26.500+0000] {processor.py:925} INFO - DAG(s) 'currency_rate_dag' retrieved from /opt/airflow/dags/telegram-dag.py
[2024-11-01T12:54:26.516+0000] {logging_mixin.py:190} INFO - [2024-11-01T12:54:26.516+0000] {dag.py:3239} INFO - Sync 1 DAGs
[2024-11-01T12:54:26.536+0000] {logging_mixin.py:190} INFO - [2024-11-01T12:54:26.536+0000] {dag.py:4180} INFO - Setting next_dagrun for currency_rate_dag to 2024-11-01 12:00:00+00:00, run_after=2024-11-02 00:00:00+00:00
[2024-11-01T12:54:26.557+0000] {processor.py:208} INFO - Processing /opt/airflow/dags/telegram-dag.py took 0.090 seconds
[2024-11-01T12:54:57.042+0000] {processor.py:186} INFO - Started process (PID=308) to work on /opt/airflow/dags/telegram-dag.py
[2024-11-01T12:54:57.043+0000] {processor.py:914} INFO - Processing file /opt/airflow/dags/telegram-dag.py for tasks to queue
[2024-11-01T12:54:57.047+0000] {logging_mixin.py:190} INFO - [2024-11-01T12:54:57.047+0000] {dagbag.py:588} INFO - Filling up the DagBag from /opt/airflow/dags/telegram-dag.py
[2024-11-01T12:54:57.064+0000] {processor.py:925} INFO - DAG(s) 'currency_rate_dag' retrieved from /opt/airflow/dags/telegram-dag.py
[2024-11-01T12:54:57.084+0000] {logging_mixin.py:190} INFO - [2024-11-01T12:54:57.084+0000] {dag.py:3239} INFO - Sync 1 DAGs
[2024-11-01T12:54:57.110+0000] {logging_mixin.py:190} INFO - [2024-11-01T12:54:57.110+0000] {dag.py:4180} INFO - Setting next_dagrun for currency_rate_dag to 2024-11-01 12:00:00+00:00, run_after=2024-11-02 00:00:00+00:00
[2024-11-01T12:54:57.143+0000] {processor.py:208} INFO - Processing /opt/airflow/dags/telegram-dag.py took 0.111 seconds
[2024-11-01T13:52:23.520+0000] {processor.py:186} INFO - Started process (PID=59) to work on /opt/airflow/dags/telegram-dag.py
[2024-11-01T13:52:23.523+0000] {processor.py:914} INFO - Processing file /opt/airflow/dags/telegram-dag.py for tasks to queue
[2024-11-01T13:52:23.527+0000] {logging_mixin.py:190} INFO - [2024-11-01T13:52:23.527+0000] {dagbag.py:588} INFO - Filling up the DagBag from /opt/airflow/dags/telegram-dag.py
[2024-11-01T13:52:23.583+0000] {processor.py:925} INFO - DAG(s) 'currency_rate_dag' retrieved from /opt/airflow/dags/telegram-dag.py
[2024-11-01T13:52:23.623+0000] {logging_mixin.py:190} INFO - [2024-11-01T13:52:23.622+0000] {dag.py:3239} INFO - Sync 1 DAGs
[2024-11-01T13:52:23.657+0000] {logging_mixin.py:190} INFO - [2024-11-01T13:52:23.657+0000] {dag.py:4180} INFO - Setting next_dagrun for currency_rate_dag to 2024-11-01 12:00:00+00:00, run_after=2024-11-02 00:00:00+00:00
[2024-11-01T13:52:23.686+0000] {processor.py:208} INFO - Processing /opt/airflow/dags/telegram-dag.py took 0.176 seconds
[2024-11-01T13:52:54.708+0000] {processor.py:186} INFO - Started process (PID=123) to work on /opt/airflow/dags/telegram-dag.py
[2024-11-01T13:52:54.709+0000] {processor.py:914} INFO - Processing file /opt/airflow/dags/telegram-dag.py for tasks to queue
[2024-11-01T13:52:54.715+0000] {logging_mixin.py:190} INFO - [2024-11-01T13:52:54.714+0000] {dagbag.py:588} INFO - Filling up the DagBag from /opt/airflow/dags/telegram-dag.py
[2024-11-01T13:52:54.756+0000] {processor.py:925} INFO - DAG(s) 'currency_rate_dag' retrieved from /opt/airflow/dags/telegram-dag.py
[2024-11-01T13:52:54.781+0000] {logging_mixin.py:190} INFO - [2024-11-01T13:52:54.780+0000] {dag.py:3239} INFO - Sync 1 DAGs
[2024-11-01T13:52:54.809+0000] {logging_mixin.py:190} INFO - [2024-11-01T13:52:54.808+0000] {dag.py:4180} INFO - Setting next_dagrun for currency_rate_dag to 2024-11-01 12:00:00+00:00, run_after=2024-11-02 00:00:00+00:00
[2024-11-01T13:52:54.832+0000] {processor.py:208} INFO - Processing /opt/airflow/dags/telegram-dag.py took 0.130 seconds
[2024-11-01T13:53:25.133+0000] {processor.py:186} INFO - Started process (PID=187) to work on /opt/airflow/dags/telegram-dag.py
[2024-11-01T13:53:25.137+0000] {processor.py:914} INFO - Processing file /opt/airflow/dags/telegram-dag.py for tasks to queue
[2024-11-01T13:53:25.142+0000] {logging_mixin.py:190} INFO - [2024-11-01T13:53:25.141+0000] {dagbag.py:588} INFO - Filling up the DagBag from /opt/airflow/dags/telegram-dag.py
[2024-11-01T13:53:25.192+0000] {processor.py:925} INFO - DAG(s) 'currency_rate_dag' retrieved from /opt/airflow/dags/telegram-dag.py
[2024-11-01T13:53:25.225+0000] {logging_mixin.py:190} INFO - [2024-11-01T13:53:25.225+0000] {dag.py:3239} INFO - Sync 1 DAGs
[2024-11-01T13:53:25.275+0000] {logging_mixin.py:190} INFO - [2024-11-01T13:53:25.275+0000] {dag.py:4180} INFO - Setting next_dagrun for currency_rate_dag to 2024-11-01 12:00:00+00:00, run_after=2024-11-02 00:00:00+00:00
[2024-11-01T13:53:25.307+0000] {processor.py:208} INFO - Processing /opt/airflow/dags/telegram-dag.py took 0.186 seconds
[2024-11-01T13:53:55.824+0000] {processor.py:186} INFO - Started process (PID=251) to work on /opt/airflow/dags/telegram-dag.py
[2024-11-01T13:53:55.826+0000] {processor.py:914} INFO - Processing file /opt/airflow/dags/telegram-dag.py for tasks to queue
[2024-11-01T13:53:55.830+0000] {logging_mixin.py:190} INFO - [2024-11-01T13:53:55.829+0000] {dagbag.py:588} INFO - Filling up the DagBag from /opt/airflow/dags/telegram-dag.py
[2024-11-01T13:53:55.864+0000] {processor.py:925} INFO - DAG(s) 'currency_rate_dag' retrieved from /opt/airflow/dags/telegram-dag.py
[2024-11-01T13:53:55.890+0000] {logging_mixin.py:190} INFO - [2024-11-01T13:53:55.890+0000] {dag.py:3239} INFO - Sync 1 DAGs
[2024-11-01T13:53:55.930+0000] {logging_mixin.py:190} INFO - [2024-11-01T13:53:55.929+0000] {dag.py:4180} INFO - Setting next_dagrun for currency_rate_dag to 2024-11-01 12:00:00+00:00, run_after=2024-11-02 00:00:00+00:00
[2024-11-01T13:53:55.958+0000] {processor.py:208} INFO - Processing /opt/airflow/dags/telegram-dag.py took 0.143 seconds
[2024-11-01T13:54:26.240+0000] {processor.py:186} INFO - Started process (PID=315) to work on /opt/airflow/dags/telegram-dag.py
[2024-11-01T13:54:26.241+0000] {processor.py:914} INFO - Processing file /opt/airflow/dags/telegram-dag.py for tasks to queue
[2024-11-01T13:54:26.244+0000] {logging_mixin.py:190} INFO - [2024-11-01T13:54:26.243+0000] {dagbag.py:588} INFO - Filling up the DagBag from /opt/airflow/dags/telegram-dag.py
[2024-11-01T13:54:26.259+0000] {processor.py:925} INFO - DAG(s) 'currency_rate_dag' retrieved from /opt/airflow/dags/telegram-dag.py
[2024-11-01T13:54:26.278+0000] {logging_mixin.py:190} INFO - [2024-11-01T13:54:26.278+0000] {dag.py:3239} INFO - Sync 1 DAGs
[2024-11-01T13:54:26.304+0000] {logging_mixin.py:190} INFO - [2024-11-01T13:54:26.304+0000] {dag.py:4180} INFO - Setting next_dagrun for currency_rate_dag to 2024-11-01 12:00:00+00:00, run_after=2024-11-02 00:00:00+00:00
[2024-11-01T13:54:26.334+0000] {processor.py:208} INFO - Processing /opt/airflow/dags/telegram-dag.py took 0.102 seconds
[2024-11-01T13:54:56.739+0000] {processor.py:186} INFO - Started process (PID=379) to work on /opt/airflow/dags/telegram-dag.py
[2024-11-01T13:54:56.740+0000] {processor.py:914} INFO - Processing file /opt/airflow/dags/telegram-dag.py for tasks to queue
[2024-11-01T13:54:56.743+0000] {logging_mixin.py:190} INFO - [2024-11-01T13:54:56.742+0000] {dagbag.py:588} INFO - Filling up the DagBag from /opt/airflow/dags/telegram-dag.py
[2024-11-01T13:54:56.775+0000] {processor.py:925} INFO - DAG(s) 'currency_rate_dag' retrieved from /opt/airflow/dags/telegram-dag.py
[2024-11-01T13:54:56.793+0000] {logging_mixin.py:190} INFO - [2024-11-01T13:54:56.793+0000] {dag.py:3239} INFO - Sync 1 DAGs
[2024-11-01T13:54:56.816+0000] {logging_mixin.py:190} INFO - [2024-11-01T13:54:56.816+0000] {dag.py:4180} INFO - Setting next_dagrun for currency_rate_dag to 2024-11-01 12:00:00+00:00, run_after=2024-11-02 00:00:00+00:00
[2024-11-01T13:54:56.849+0000] {processor.py:208} INFO - Processing /opt/airflow/dags/telegram-dag.py took 0.117 seconds
[2024-11-01T13:55:51.774+0000] {processor.py:186} INFO - Started process (PID=48) to work on /opt/airflow/dags/telegram-dag.py
[2024-11-01T13:55:51.775+0000] {processor.py:914} INFO - Processing file /opt/airflow/dags/telegram-dag.py for tasks to queue
[2024-11-01T13:55:51.779+0000] {logging_mixin.py:190} INFO - [2024-11-01T13:55:51.779+0000] {dagbag.py:588} INFO - Filling up the DagBag from /opt/airflow/dags/telegram-dag.py
[2024-11-01T13:55:51.811+0000] {processor.py:925} INFO - DAG(s) 'currency_rate_dag' retrieved from /opt/airflow/dags/telegram-dag.py
[2024-11-01T13:55:51.844+0000] {logging_mixin.py:190} INFO - [2024-11-01T13:55:51.844+0000] {dag.py:3239} INFO - Sync 1 DAGs
[2024-11-01T13:55:51.869+0000] {logging_mixin.py:190} INFO - [2024-11-01T13:55:51.869+0000] {dag.py:4180} INFO - Setting next_dagrun for currency_rate_dag to 2024-11-01 12:00:00+00:00, run_after=2024-11-02 00:00:00+00:00
[2024-11-01T13:55:51.892+0000] {processor.py:208} INFO - Processing /opt/airflow/dags/telegram-dag.py took 0.125 seconds
[2024-11-01T13:56:22.979+0000] {processor.py:186} INFO - Started process (PID=119) to work on /opt/airflow/dags/telegram-dag.py
[2024-11-01T13:56:22.981+0000] {processor.py:914} INFO - Processing file /opt/airflow/dags/telegram-dag.py for tasks to queue
[2024-11-01T13:56:22.985+0000] {logging_mixin.py:190} INFO - [2024-11-01T13:56:22.984+0000] {dagbag.py:588} INFO - Filling up the DagBag from /opt/airflow/dags/telegram-dag.py
[2024-11-01T13:56:23.033+0000] {processor.py:925} INFO - DAG(s) 'currency_rate_dag' retrieved from /opt/airflow/dags/telegram-dag.py
[2024-11-01T13:56:23.167+0000] {logging_mixin.py:190} INFO - [2024-11-01T13:56:23.167+0000] {dag.py:3239} INFO - Sync 1 DAGs
[2024-11-01T13:56:23.189+0000] {logging_mixin.py:190} INFO - [2024-11-01T13:56:23.189+0000] {dag.py:4180} INFO - Setting next_dagrun for currency_rate_dag to 2024-11-01 12:00:00+00:00, run_after=2024-11-02 00:00:00+00:00
[2024-11-01T13:56:23.209+0000] {processor.py:208} INFO - Processing /opt/airflow/dags/telegram-dag.py took 0.238 seconds
[2024-11-01T13:56:33.244+0000] {processor.py:186} INFO - Started process (PID=180) to work on /opt/airflow/dags/telegram-dag.py
[2024-11-01T13:56:33.245+0000] {processor.py:914} INFO - Processing file /opt/airflow/dags/telegram-dag.py for tasks to queue
[2024-11-01T13:56:33.249+0000] {logging_mixin.py:190} INFO - [2024-11-01T13:56:33.249+0000] {dagbag.py:588} INFO - Filling up the DagBag from /opt/airflow/dags/telegram-dag.py
[2024-11-01T13:56:33.291+0000] {processor.py:925} INFO - DAG(s) 'currency_rate_dag' retrieved from /opt/airflow/dags/telegram-dag.py
[2024-11-01T13:56:33.305+0000] {logging_mixin.py:190} INFO - [2024-11-01T13:56:33.304+0000] {dag.py:3239} INFO - Sync 1 DAGs
[2024-11-01T13:56:33.333+0000] {logging_mixin.py:190} INFO - [2024-11-01T13:56:33.333+0000] {dag.py:4180} INFO - Setting next_dagrun for currency_rate_dag to 2024-11-01 12:00:00+00:00, run_after=2024-11-02 00:00:00+00:00
[2024-11-01T13:56:33.361+0000] {processor.py:208} INFO - Processing /opt/airflow/dags/telegram-dag.py took 0.123 seconds
[2024-11-01T13:57:18.174+0000] {processor.py:186} INFO - Started process (PID=47) to work on /opt/airflow/dags/telegram-dag.py
[2024-11-01T13:57:18.175+0000] {processor.py:914} INFO - Processing file /opt/airflow/dags/telegram-dag.py for tasks to queue
[2024-11-01T13:57:18.178+0000] {logging_mixin.py:190} INFO - [2024-11-01T13:57:18.178+0000] {dagbag.py:588} INFO - Filling up the DagBag from /opt/airflow/dags/telegram-dag.py
[2024-11-01T13:57:18.203+0000] {processor.py:925} INFO - DAG(s) 'currency_rate_dag' retrieved from /opt/airflow/dags/telegram-dag.py
[2024-11-01T13:57:18.236+0000] {logging_mixin.py:190} INFO - [2024-11-01T13:57:18.235+0000] {dag.py:3239} INFO - Sync 1 DAGs
[2024-11-01T13:57:18.267+0000] {logging_mixin.py:190} INFO - [2024-11-01T13:57:18.267+0000] {dag.py:4180} INFO - Setting next_dagrun for currency_rate_dag to 2024-11-01 12:00:00+00:00, run_after=2024-11-02 00:00:00+00:00
[2024-11-01T13:57:18.303+0000] {processor.py:208} INFO - Processing /opt/airflow/dags/telegram-dag.py took 0.134 seconds
[2024-11-01T13:57:48.748+0000] {processor.py:186} INFO - Started process (PID=112) to work on /opt/airflow/dags/telegram-dag.py
[2024-11-01T13:57:48.750+0000] {processor.py:914} INFO - Processing file /opt/airflow/dags/telegram-dag.py for tasks to queue
[2024-11-01T13:57:48.753+0000] {logging_mixin.py:190} INFO - [2024-11-01T13:57:48.752+0000] {dagbag.py:588} INFO - Filling up the DagBag from /opt/airflow/dags/telegram-dag.py
[2024-11-01T13:57:48.772+0000] {processor.py:925} INFO - DAG(s) 'currency_rate_dag' retrieved from /opt/airflow/dags/telegram-dag.py
[2024-11-01T13:57:48.789+0000] {logging_mixin.py:190} INFO - [2024-11-01T13:57:48.788+0000] {dag.py:3239} INFO - Sync 1 DAGs
[2024-11-01T13:57:48.808+0000] {logging_mixin.py:190} INFO - [2024-11-01T13:57:48.808+0000] {dag.py:4180} INFO - Setting next_dagrun for currency_rate_dag to 2024-11-01 12:00:00+00:00, run_after=2024-11-02 00:00:00+00:00
[2024-11-01T13:57:48.835+0000] {processor.py:208} INFO - Processing /opt/airflow/dags/telegram-dag.py took 0.093 seconds
[2024-11-01T13:58:18.932+0000] {processor.py:186} INFO - Started process (PID=177) to work on /opt/airflow/dags/telegram-dag.py
[2024-11-01T13:58:18.934+0000] {processor.py:914} INFO - Processing file /opt/airflow/dags/telegram-dag.py for tasks to queue
[2024-11-01T13:58:18.937+0000] {logging_mixin.py:190} INFO - [2024-11-01T13:58:18.936+0000] {dagbag.py:588} INFO - Filling up the DagBag from /opt/airflow/dags/telegram-dag.py
[2024-11-01T13:58:18.984+0000] {processor.py:925} INFO - DAG(s) 'currency_rate_dag' retrieved from /opt/airflow/dags/telegram-dag.py
[2024-11-01T13:58:19.018+0000] {logging_mixin.py:190} INFO - [2024-11-01T13:58:19.018+0000] {dag.py:3239} INFO - Sync 1 DAGs
[2024-11-01T13:58:19.057+0000] {logging_mixin.py:190} INFO - [2024-11-01T13:58:19.057+0000] {dag.py:4180} INFO - Setting next_dagrun for currency_rate_dag to 2024-11-01 12:00:00+00:00, run_after=2024-11-02 00:00:00+00:00
[2024-11-01T13:58:19.090+0000] {processor.py:208} INFO - Processing /opt/airflow/dags/telegram-dag.py took 0.163 seconds
[2024-11-01T13:58:49.637+0000] {processor.py:186} INFO - Started process (PID=247) to work on /opt/airflow/dags/telegram-dag.py
[2024-11-01T13:58:49.638+0000] {processor.py:914} INFO - Processing file /opt/airflow/dags/telegram-dag.py for tasks to queue
[2024-11-01T13:58:49.641+0000] {logging_mixin.py:190} INFO - [2024-11-01T13:58:49.640+0000] {dagbag.py:588} INFO - Filling up the DagBag from /opt/airflow/dags/telegram-dag.py
[2024-11-01T13:58:49.668+0000] {processor.py:925} INFO - DAG(s) 'currency_rate_dag' retrieved from /opt/airflow/dags/telegram-dag.py
[2024-11-01T13:58:49.689+0000] {logging_mixin.py:190} INFO - [2024-11-01T13:58:49.689+0000] {dag.py:3239} INFO - Sync 1 DAGs
[2024-11-01T13:58:49.713+0000] {logging_mixin.py:190} INFO - [2024-11-01T13:58:49.713+0000] {dag.py:4180} INFO - Setting next_dagrun for currency_rate_dag to 2024-11-01 12:00:00+00:00, run_after=2024-11-02 00:00:00+00:00
[2024-11-01T13:58:49.749+0000] {processor.py:208} INFO - Processing /opt/airflow/dags/telegram-dag.py took 0.118 seconds
[2024-11-01T13:59:19.981+0000] {processor.py:186} INFO - Started process (PID=312) to work on /opt/airflow/dags/telegram-dag.py
[2024-11-01T13:59:19.983+0000] {processor.py:914} INFO - Processing file /opt/airflow/dags/telegram-dag.py for tasks to queue
[2024-11-01T13:59:19.986+0000] {logging_mixin.py:190} INFO - [2024-11-01T13:59:19.986+0000] {dagbag.py:588} INFO - Filling up the DagBag from /opt/airflow/dags/telegram-dag.py
[2024-11-01T13:59:20.025+0000] {processor.py:925} INFO - DAG(s) 'currency_rate_dag' retrieved from /opt/airflow/dags/telegram-dag.py
[2024-11-01T13:59:20.046+0000] {logging_mixin.py:190} INFO - [2024-11-01T13:59:20.046+0000] {dag.py:3239} INFO - Sync 1 DAGs
[2024-11-01T13:59:20.073+0000] {logging_mixin.py:190} INFO - [2024-11-01T13:59:20.073+0000] {dag.py:4180} INFO - Setting next_dagrun for currency_rate_dag to 2024-11-01 12:00:00+00:00, run_after=2024-11-02 00:00:00+00:00
[2024-11-01T13:59:20.111+0000] {processor.py:208} INFO - Processing /opt/airflow/dags/telegram-dag.py took 0.137 seconds
[2024-11-01T13:59:50.716+0000] {processor.py:186} INFO - Started process (PID=377) to work on /opt/airflow/dags/telegram-dag.py
[2024-11-01T13:59:50.717+0000] {processor.py:914} INFO - Processing file /opt/airflow/dags/telegram-dag.py for tasks to queue
[2024-11-01T13:59:50.720+0000] {logging_mixin.py:190} INFO - [2024-11-01T13:59:50.719+0000] {dagbag.py:588} INFO - Filling up the DagBag from /opt/airflow/dags/telegram-dag.py
[2024-11-01T13:59:50.747+0000] {processor.py:925} INFO - DAG(s) 'currency_rate_dag' retrieved from /opt/airflow/dags/telegram-dag.py
[2024-11-01T13:59:50.764+0000] {logging_mixin.py:190} INFO - [2024-11-01T13:59:50.764+0000] {dag.py:3239} INFO - Sync 1 DAGs
[2024-11-01T13:59:50.786+0000] {logging_mixin.py:190} INFO - [2024-11-01T13:59:50.786+0000] {dag.py:4180} INFO - Setting next_dagrun for currency_rate_dag to 2024-11-01 12:00:00+00:00, run_after=2024-11-02 00:00:00+00:00
[2024-11-01T13:59:50.816+0000] {processor.py:208} INFO - Processing /opt/airflow/dags/telegram-dag.py took 0.109 seconds
[2024-11-01T14:00:21.180+0000] {processor.py:186} INFO - Started process (PID=442) to work on /opt/airflow/dags/telegram-dag.py
[2024-11-01T14:00:21.181+0000] {processor.py:914} INFO - Processing file /opt/airflow/dags/telegram-dag.py for tasks to queue
[2024-11-01T14:00:21.185+0000] {logging_mixin.py:190} INFO - [2024-11-01T14:00:21.184+0000] {dagbag.py:588} INFO - Filling up the DagBag from /opt/airflow/dags/telegram-dag.py
[2024-11-01T14:00:21.212+0000] {processor.py:925} INFO - DAG(s) 'currency_rate_dag' retrieved from /opt/airflow/dags/telegram-dag.py
[2024-11-01T14:00:21.244+0000] {logging_mixin.py:190} INFO - [2024-11-01T14:00:21.243+0000] {dag.py:3239} INFO - Sync 1 DAGs
[2024-11-01T14:00:21.286+0000] {logging_mixin.py:190} INFO - [2024-11-01T14:00:21.285+0000] {dag.py:4180} INFO - Setting next_dagrun for currency_rate_dag to 2024-11-01 12:00:00+00:00, run_after=2024-11-02 00:00:00+00:00
[2024-11-01T14:00:21.317+0000] {processor.py:208} INFO - Processing /opt/airflow/dags/telegram-dag.py took 0.145 seconds
[2024-11-01T14:00:51.489+0000] {processor.py:186} INFO - Started process (PID=507) to work on /opt/airflow/dags/telegram-dag.py
[2024-11-01T14:00:51.490+0000] {processor.py:914} INFO - Processing file /opt/airflow/dags/telegram-dag.py for tasks to queue
[2024-11-01T14:00:51.492+0000] {logging_mixin.py:190} INFO - [2024-11-01T14:00:51.492+0000] {dagbag.py:588} INFO - Filling up the DagBag from /opt/airflow/dags/telegram-dag.py
[2024-11-01T14:00:51.510+0000] {processor.py:925} INFO - DAG(s) 'currency_rate_dag' retrieved from /opt/airflow/dags/telegram-dag.py
[2024-11-01T14:00:51.530+0000] {logging_mixin.py:190} INFO - [2024-11-01T14:00:51.529+0000] {dag.py:3239} INFO - Sync 1 DAGs
[2024-11-01T14:00:51.552+0000] {logging_mixin.py:190} INFO - [2024-11-01T14:00:51.552+0000] {dag.py:4180} INFO - Setting next_dagrun for currency_rate_dag to 2024-11-01 12:00:00+00:00, run_after=2024-11-02 00:00:00+00:00
[2024-11-01T14:00:51.586+0000] {processor.py:208} INFO - Processing /opt/airflow/dags/telegram-dag.py took 0.102 seconds
[2024-11-01T14:01:22.044+0000] {processor.py:186} INFO - Started process (PID=572) to work on /opt/airflow/dags/telegram-dag.py
[2024-11-01T14:01:22.045+0000] {processor.py:914} INFO - Processing file /opt/airflow/dags/telegram-dag.py for tasks to queue
[2024-11-01T14:01:22.047+0000] {logging_mixin.py:190} INFO - [2024-11-01T14:01:22.047+0000] {dagbag.py:588} INFO - Filling up the DagBag from /opt/airflow/dags/telegram-dag.py
[2024-11-01T14:01:22.072+0000] {processor.py:925} INFO - DAG(s) 'currency_rate_dag' retrieved from /opt/airflow/dags/telegram-dag.py
[2024-11-01T14:01:22.092+0000] {logging_mixin.py:190} INFO - [2024-11-01T14:01:22.092+0000] {dag.py:3239} INFO - Sync 1 DAGs
[2024-11-01T14:01:22.115+0000] {logging_mixin.py:190} INFO - [2024-11-01T14:01:22.115+0000] {dag.py:4180} INFO - Setting next_dagrun for currency_rate_dag to 2024-11-01 12:00:00+00:00, run_after=2024-11-02 00:00:00+00:00
[2024-11-01T14:01:22.147+0000] {processor.py:208} INFO - Processing /opt/airflow/dags/telegram-dag.py took 0.109 seconds
[2024-11-01T14:01:53.048+0000] {processor.py:186} INFO - Started process (PID=637) to work on /opt/airflow/dags/telegram-dag.py
[2024-11-01T14:01:53.049+0000] {processor.py:914} INFO - Processing file /opt/airflow/dags/telegram-dag.py for tasks to queue
[2024-11-01T14:01:53.052+0000] {logging_mixin.py:190} INFO - [2024-11-01T14:01:53.052+0000] {dagbag.py:588} INFO - Filling up the DagBag from /opt/airflow/dags/telegram-dag.py
[2024-11-01T14:01:53.073+0000] {processor.py:925} INFO - DAG(s) 'currency_rate_dag' retrieved from /opt/airflow/dags/telegram-dag.py
[2024-11-01T14:01:53.098+0000] {logging_mixin.py:190} INFO - [2024-11-01T14:01:53.097+0000] {dag.py:3239} INFO - Sync 1 DAGs
[2024-11-01T14:01:53.120+0000] {logging_mixin.py:190} INFO - [2024-11-01T14:01:53.120+0000] {dag.py:4180} INFO - Setting next_dagrun for currency_rate_dag to 2024-11-01 12:00:00+00:00, run_after=2024-11-02 00:00:00+00:00
[2024-11-01T14:01:53.140+0000] {processor.py:208} INFO - Processing /opt/airflow/dags/telegram-dag.py took 0.099 seconds
[2024-11-01T14:02:23.403+0000] {processor.py:186} INFO - Started process (PID=702) to work on /opt/airflow/dags/telegram-dag.py
[2024-11-01T14:02:23.406+0000] {processor.py:914} INFO - Processing file /opt/airflow/dags/telegram-dag.py for tasks to queue
[2024-11-01T14:02:23.421+0000] {logging_mixin.py:190} INFO - [2024-11-01T14:02:23.420+0000] {dagbag.py:588} INFO - Filling up the DagBag from /opt/airflow/dags/telegram-dag.py
[2024-11-01T14:02:23.472+0000] {processor.py:925} INFO - DAG(s) 'currency_rate_dag' retrieved from /opt/airflow/dags/telegram-dag.py
[2024-11-01T14:02:23.493+0000] {logging_mixin.py:190} INFO - [2024-11-01T14:02:23.493+0000] {dag.py:3239} INFO - Sync 1 DAGs
[2024-11-01T14:02:23.516+0000] {logging_mixin.py:190} INFO - [2024-11-01T14:02:23.516+0000] {dag.py:4180} INFO - Setting next_dagrun for currency_rate_dag to 2024-11-01 12:00:00+00:00, run_after=2024-11-02 00:00:00+00:00
[2024-11-01T14:02:23.550+0000] {processor.py:208} INFO - Processing /opt/airflow/dags/telegram-dag.py took 0.170 seconds
[2024-11-01T14:02:53.799+0000] {processor.py:186} INFO - Started process (PID=767) to work on /opt/airflow/dags/telegram-dag.py
[2024-11-01T14:02:53.800+0000] {processor.py:914} INFO - Processing file /opt/airflow/dags/telegram-dag.py for tasks to queue
[2024-11-01T14:02:53.803+0000] {logging_mixin.py:190} INFO - [2024-11-01T14:02:53.802+0000] {dagbag.py:588} INFO - Filling up the DagBag from /opt/airflow/dags/telegram-dag.py
[2024-11-01T14:02:53.900+0000] {processor.py:925} INFO - DAG(s) 'currency_rate_dag' retrieved from /opt/airflow/dags/telegram-dag.py
[2024-11-01T14:02:53.923+0000] {logging_mixin.py:190} INFO - [2024-11-01T14:02:53.923+0000] {dag.py:3239} INFO - Sync 1 DAGs
[2024-11-01T14:02:53.944+0000] {logging_mixin.py:190} INFO - [2024-11-01T14:02:53.943+0000] {dag.py:4180} INFO - Setting next_dagrun for currency_rate_dag to 2024-11-01 12:00:00+00:00, run_after=2024-11-02 00:00:00+00:00
[2024-11-01T14:02:53.965+0000] {processor.py:208} INFO - Processing /opt/airflow/dags/telegram-dag.py took 0.174 seconds
[2024-11-01T14:03:24.530+0000] {processor.py:186} INFO - Started process (PID=832) to work on /opt/airflow/dags/telegram-dag.py
[2024-11-01T14:03:24.532+0000] {processor.py:914} INFO - Processing file /opt/airflow/dags/telegram-dag.py for tasks to queue
[2024-11-01T14:03:24.535+0000] {logging_mixin.py:190} INFO - [2024-11-01T14:03:24.534+0000] {dagbag.py:588} INFO - Filling up the DagBag from /opt/airflow/dags/telegram-dag.py
[2024-11-01T14:03:24.565+0000] {processor.py:925} INFO - DAG(s) 'currency_rate_dag' retrieved from /opt/airflow/dags/telegram-dag.py
[2024-11-01T14:03:24.585+0000] {logging_mixin.py:190} INFO - [2024-11-01T14:03:24.584+0000] {dag.py:3239} INFO - Sync 1 DAGs
[2024-11-01T14:03:24.605+0000] {logging_mixin.py:190} INFO - [2024-11-01T14:03:24.604+0000] {dag.py:4180} INFO - Setting next_dagrun for currency_rate_dag to 2024-11-01 12:00:00+00:00, run_after=2024-11-02 00:00:00+00:00
[2024-11-01T14:03:24.635+0000] {processor.py:208} INFO - Processing /opt/airflow/dags/telegram-dag.py took 0.111 seconds
[2024-11-01T14:03:55.109+0000] {processor.py:186} INFO - Started process (PID=897) to work on /opt/airflow/dags/telegram-dag.py
[2024-11-01T14:03:55.110+0000] {processor.py:914} INFO - Processing file /opt/airflow/dags/telegram-dag.py for tasks to queue
[2024-11-01T14:03:55.113+0000] {logging_mixin.py:190} INFO - [2024-11-01T14:03:55.112+0000] {dagbag.py:588} INFO - Filling up the DagBag from /opt/airflow/dags/telegram-dag.py
[2024-11-01T14:03:55.142+0000] {processor.py:925} INFO - DAG(s) 'currency_rate_dag' retrieved from /opt/airflow/dags/telegram-dag.py
[2024-11-01T14:03:55.156+0000] {logging_mixin.py:190} INFO - [2024-11-01T14:03:55.156+0000] {dag.py:3239} INFO - Sync 1 DAGs
[2024-11-01T14:03:55.174+0000] {logging_mixin.py:190} INFO - [2024-11-01T14:03:55.174+0000] {dag.py:4180} INFO - Setting next_dagrun for currency_rate_dag to 2024-11-01 12:00:00+00:00, run_after=2024-11-02 00:00:00+00:00
[2024-11-01T14:03:55.203+0000] {processor.py:208} INFO - Processing /opt/airflow/dags/telegram-dag.py took 0.101 seconds
[2024-11-01T14:04:26.246+0000] {processor.py:186} INFO - Started process (PID=962) to work on /opt/airflow/dags/telegram-dag.py
[2024-11-01T14:04:26.247+0000] {processor.py:914} INFO - Processing file /opt/airflow/dags/telegram-dag.py for tasks to queue
[2024-11-01T14:04:26.249+0000] {logging_mixin.py:190} INFO - [2024-11-01T14:04:26.249+0000] {dagbag.py:588} INFO - Filling up the DagBag from /opt/airflow/dags/telegram-dag.py
[2024-11-01T14:04:26.274+0000] {processor.py:925} INFO - DAG(s) 'currency_rate_dag' retrieved from /opt/airflow/dags/telegram-dag.py
[2024-11-01T14:04:26.291+0000] {logging_mixin.py:190} INFO - [2024-11-01T14:04:26.291+0000] {dag.py:3239} INFO - Sync 1 DAGs
[2024-11-01T14:04:26.311+0000] {logging_mixin.py:190} INFO - [2024-11-01T14:04:26.311+0000] {dag.py:4180} INFO - Setting next_dagrun for currency_rate_dag to 2024-11-01 12:00:00+00:00, run_after=2024-11-02 00:00:00+00:00
[2024-11-01T14:04:26.339+0000] {processor.py:208} INFO - Processing /opt/airflow/dags/telegram-dag.py took 0.100 seconds
[2024-11-01T14:04:57.308+0000] {processor.py:186} INFO - Started process (PID=1027) to work on /opt/airflow/dags/telegram-dag.py
[2024-11-01T14:04:57.309+0000] {processor.py:914} INFO - Processing file /opt/airflow/dags/telegram-dag.py for tasks to queue
[2024-11-01T14:04:57.311+0000] {logging_mixin.py:190} INFO - [2024-11-01T14:04:57.311+0000] {dagbag.py:588} INFO - Filling up the DagBag from /opt/airflow/dags/telegram-dag.py
[2024-11-01T14:04:57.341+0000] {processor.py:925} INFO - DAG(s) 'currency_rate_dag' retrieved from /opt/airflow/dags/telegram-dag.py
[2024-11-01T14:04:57.357+0000] {logging_mixin.py:190} INFO - [2024-11-01T14:04:57.357+0000] {dag.py:3239} INFO - Sync 1 DAGs
[2024-11-01T14:04:57.378+0000] {logging_mixin.py:190} INFO - [2024-11-01T14:04:57.377+0000] {dag.py:4180} INFO - Setting next_dagrun for currency_rate_dag to 2024-11-01 12:00:00+00:00, run_after=2024-11-02 00:00:00+00:00
[2024-11-01T14:04:57.407+0000] {processor.py:208} INFO - Processing /opt/airflow/dags/telegram-dag.py took 0.104 seconds
[2024-11-01T14:05:28.011+0000] {processor.py:186} INFO - Started process (PID=1092) to work on /opt/airflow/dags/telegram-dag.py
[2024-11-01T14:05:28.012+0000] {processor.py:914} INFO - Processing file /opt/airflow/dags/telegram-dag.py for tasks to queue
[2024-11-01T14:05:28.015+0000] {logging_mixin.py:190} INFO - [2024-11-01T14:05:28.014+0000] {dagbag.py:588} INFO - Filling up the DagBag from /opt/airflow/dags/telegram-dag.py
[2024-11-01T14:05:28.036+0000] {processor.py:925} INFO - DAG(s) 'currency_rate_dag' retrieved from /opt/airflow/dags/telegram-dag.py
[2024-11-01T14:05:28.056+0000] {logging_mixin.py:190} INFO - [2024-11-01T14:05:28.056+0000] {dag.py:3239} INFO - Sync 1 DAGs
[2024-11-01T14:05:28.081+0000] {logging_mixin.py:190} INFO - [2024-11-01T14:05:28.081+0000] {dag.py:4180} INFO - Setting next_dagrun for currency_rate_dag to 2024-11-01 12:00:00+00:00, run_after=2024-11-02 00:00:00+00:00
[2024-11-01T14:05:28.098+0000] {processor.py:208} INFO - Processing /opt/airflow/dags/telegram-dag.py took 0.097 seconds
[2024-11-01T14:05:58.673+0000] {processor.py:186} INFO - Started process (PID=1157) to work on /opt/airflow/dags/telegram-dag.py
[2024-11-01T14:05:58.674+0000] {processor.py:914} INFO - Processing file /opt/airflow/dags/telegram-dag.py for tasks to queue
[2024-11-01T14:05:58.676+0000] {logging_mixin.py:190} INFO - [2024-11-01T14:05:58.676+0000] {dagbag.py:588} INFO - Filling up the DagBag from /opt/airflow/dags/telegram-dag.py
[2024-11-01T14:05:58.692+0000] {processor.py:925} INFO - DAG(s) 'currency_rate_dag' retrieved from /opt/airflow/dags/telegram-dag.py
[2024-11-01T14:05:58.712+0000] {logging_mixin.py:190} INFO - [2024-11-01T14:05:58.711+0000] {dag.py:3239} INFO - Sync 1 DAGs
[2024-11-01T14:05:58.739+0000] {logging_mixin.py:190} INFO - [2024-11-01T14:05:58.739+0000] {dag.py:4180} INFO - Setting next_dagrun for currency_rate_dag to 2024-11-01 12:00:00+00:00, run_after=2024-11-02 00:00:00+00:00
[2024-11-01T14:05:58.760+0000] {processor.py:208} INFO - Processing /opt/airflow/dags/telegram-dag.py took 0.092 seconds
[2024-11-01T14:06:28.970+0000] {processor.py:186} INFO - Started process (PID=1222) to work on /opt/airflow/dags/telegram-dag.py
[2024-11-01T14:06:28.971+0000] {processor.py:914} INFO - Processing file /opt/airflow/dags/telegram-dag.py for tasks to queue
[2024-11-01T14:06:28.974+0000] {logging_mixin.py:190} INFO - [2024-11-01T14:06:28.974+0000] {dagbag.py:588} INFO - Filling up the DagBag from /opt/airflow/dags/telegram-dag.py
[2024-11-01T14:06:29.068+0000] {processor.py:925} INFO - DAG(s) 'currency_rate_dag' retrieved from /opt/airflow/dags/telegram-dag.py
[2024-11-01T14:06:29.094+0000] {logging_mixin.py:190} INFO - [2024-11-01T14:06:29.093+0000] {dag.py:3239} INFO - Sync 1 DAGs
[2024-11-01T14:06:29.111+0000] {logging_mixin.py:190} INFO - [2024-11-01T14:06:29.111+0000] {dag.py:4180} INFO - Setting next_dagrun for currency_rate_dag to 2024-11-01 12:00:00+00:00, run_after=2024-11-02 00:00:00+00:00
[2024-11-01T14:06:29.143+0000] {processor.py:208} INFO - Processing /opt/airflow/dags/telegram-dag.py took 0.180 seconds
[2024-11-01T14:06:59.637+0000] {processor.py:186} INFO - Started process (PID=1287) to work on /opt/airflow/dags/telegram-dag.py
[2024-11-01T14:06:59.639+0000] {processor.py:914} INFO - Processing file /opt/airflow/dags/telegram-dag.py for tasks to queue
[2024-11-01T14:06:59.643+0000] {logging_mixin.py:190} INFO - [2024-11-01T14:06:59.642+0000] {dagbag.py:588} INFO - Filling up the DagBag from /opt/airflow/dags/telegram-dag.py
[2024-11-01T14:06:59.714+0000] {processor.py:925} INFO - DAG(s) 'currency_rate_dag' retrieved from /opt/airflow/dags/telegram-dag.py
[2024-11-01T14:06:59.752+0000] {logging_mixin.py:190} INFO - [2024-11-01T14:06:59.751+0000] {dag.py:3239} INFO - Sync 1 DAGs
[2024-11-01T14:06:59.772+0000] {logging_mixin.py:190} INFO - [2024-11-01T14:06:59.772+0000] {dag.py:4180} INFO - Setting next_dagrun for currency_rate_dag to 2024-11-01 12:00:00+00:00, run_after=2024-11-02 00:00:00+00:00
[2024-11-01T14:06:59.801+0000] {processor.py:208} INFO - Processing /opt/airflow/dags/telegram-dag.py took 0.178 seconds
[2024-11-01T14:07:30.203+0000] {processor.py:186} INFO - Started process (PID=1352) to work on /opt/airflow/dags/telegram-dag.py
[2024-11-01T14:07:30.205+0000] {processor.py:914} INFO - Processing file /opt/airflow/dags/telegram-dag.py for tasks to queue
[2024-11-01T14:07:30.208+0000] {logging_mixin.py:190} INFO - [2024-11-01T14:07:30.207+0000] {dagbag.py:588} INFO - Filling up the DagBag from /opt/airflow/dags/telegram-dag.py
[2024-11-01T14:07:30.233+0000] {processor.py:925} INFO - DAG(s) 'currency_rate_dag' retrieved from /opt/airflow/dags/telegram-dag.py
[2024-11-01T14:07:30.255+0000] {logging_mixin.py:190} INFO - [2024-11-01T14:07:30.254+0000] {dag.py:3239} INFO - Sync 1 DAGs
[2024-11-01T14:07:30.277+0000] {logging_mixin.py:190} INFO - [2024-11-01T14:07:30.276+0000] {dag.py:4180} INFO - Setting next_dagrun for currency_rate_dag to 2024-11-01 12:00:00+00:00, run_after=2024-11-02 00:00:00+00:00
[2024-11-01T14:07:30.300+0000] {processor.py:208} INFO - Processing /opt/airflow/dags/telegram-dag.py took 0.102 seconds
[2024-11-01T14:08:01.179+0000] {processor.py:186} INFO - Started process (PID=1417) to work on /opt/airflow/dags/telegram-dag.py
[2024-11-01T14:08:01.180+0000] {processor.py:914} INFO - Processing file /opt/airflow/dags/telegram-dag.py for tasks to queue
[2024-11-01T14:08:01.183+0000] {logging_mixin.py:190} INFO - [2024-11-01T14:08:01.183+0000] {dagbag.py:588} INFO - Filling up the DagBag from /opt/airflow/dags/telegram-dag.py
[2024-11-01T14:08:01.203+0000] {processor.py:925} INFO - DAG(s) 'currency_rate_dag' retrieved from /opt/airflow/dags/telegram-dag.py
[2024-11-01T14:08:01.224+0000] {logging_mixin.py:190} INFO - [2024-11-01T14:08:01.223+0000] {dag.py:3239} INFO - Sync 1 DAGs
[2024-11-01T14:08:01.254+0000] {logging_mixin.py:190} INFO - [2024-11-01T14:08:01.253+0000] {dag.py:4180} INFO - Setting next_dagrun for currency_rate_dag to 2024-11-01 12:00:00+00:00, run_after=2024-11-02 00:00:00+00:00
[2024-11-01T14:08:01.275+0000] {processor.py:208} INFO - Processing /opt/airflow/dags/telegram-dag.py took 0.105 seconds
[2024-11-01T14:08:31.841+0000] {processor.py:186} INFO - Started process (PID=1482) to work on /opt/airflow/dags/telegram-dag.py
[2024-11-01T14:08:31.842+0000] {processor.py:914} INFO - Processing file /opt/airflow/dags/telegram-dag.py for tasks to queue
[2024-11-01T14:08:31.844+0000] {logging_mixin.py:190} INFO - [2024-11-01T14:08:31.844+0000] {dagbag.py:588} INFO - Filling up the DagBag from /opt/airflow/dags/telegram-dag.py
[2024-11-01T14:08:31.863+0000] {processor.py:925} INFO - DAG(s) 'currency_rate_dag' retrieved from /opt/airflow/dags/telegram-dag.py
[2024-11-01T14:08:31.881+0000] {logging_mixin.py:190} INFO - [2024-11-01T14:08:31.880+0000] {dag.py:3239} INFO - Sync 1 DAGs
[2024-11-01T14:08:31.905+0000] {logging_mixin.py:190} INFO - [2024-11-01T14:08:31.905+0000] {dag.py:4180} INFO - Setting next_dagrun for currency_rate_dag to 2024-11-01 12:00:00+00:00, run_after=2024-11-02 00:00:00+00:00
[2024-11-01T14:08:31.933+0000] {processor.py:208} INFO - Processing /opt/airflow/dags/telegram-dag.py took 0.098 seconds
[2024-11-01T14:09:02.120+0000] {processor.py:186} INFO - Started process (PID=1547) to work on /opt/airflow/dags/telegram-dag.py
[2024-11-01T14:09:02.121+0000] {processor.py:914} INFO - Processing file /opt/airflow/dags/telegram-dag.py for tasks to queue
[2024-11-01T14:09:02.125+0000] {logging_mixin.py:190} INFO - [2024-11-01T14:09:02.124+0000] {dagbag.py:588} INFO - Filling up the DagBag from /opt/airflow/dags/telegram-dag.py
[2024-11-01T14:09:02.150+0000] {processor.py:925} INFO - DAG(s) 'currency_rate_dag' retrieved from /opt/airflow/dags/telegram-dag.py
[2024-11-01T14:09:02.169+0000] {logging_mixin.py:190} INFO - [2024-11-01T14:09:02.169+0000] {dag.py:3239} INFO - Sync 1 DAGs
[2024-11-01T14:09:02.189+0000] {logging_mixin.py:190} INFO - [2024-11-01T14:09:02.188+0000] {dag.py:4180} INFO - Setting next_dagrun for currency_rate_dag to 2024-11-01 12:00:00+00:00, run_after=2024-11-02 00:00:00+00:00
[2024-11-01T14:09:02.206+0000] {processor.py:208} INFO - Processing /opt/airflow/dags/telegram-dag.py took 0.093 seconds
[2024-11-01T15:20:23.181+0000] {processor.py:186} INFO - Started process (PID=55) to work on /opt/airflow/dags/telegram-dag.py
[2024-11-01T15:20:23.183+0000] {processor.py:914} INFO - Processing file /opt/airflow/dags/telegram-dag.py for tasks to queue
[2024-11-01T15:20:23.187+0000] {logging_mixin.py:190} INFO - [2024-11-01T15:20:23.187+0000] {dagbag.py:588} INFO - Filling up the DagBag from /opt/airflow/dags/telegram-dag.py
[2024-11-01T15:20:23.235+0000] {processor.py:925} INFO - DAG(s) 'currency_rate_dag' retrieved from /opt/airflow/dags/telegram-dag.py
[2024-11-01T15:20:23.276+0000] {logging_mixin.py:190} INFO - [2024-11-01T15:20:23.276+0000] {dag.py:3239} INFO - Sync 1 DAGs
[2024-11-01T15:20:23.328+0000] {logging_mixin.py:190} INFO - [2024-11-01T15:20:23.327+0000] {dag.py:4180} INFO - Setting next_dagrun for currency_rate_dag to 2024-11-01 12:00:00+00:00, run_after=2024-11-02 00:00:00+00:00
[2024-11-01T15:20:23.371+0000] {processor.py:208} INFO - Processing /opt/airflow/dags/telegram-dag.py took 0.200 seconds
[2024-11-01T15:20:54.175+0000] {processor.py:186} INFO - Started process (PID=121) to work on /opt/airflow/dags/telegram-dag.py
[2024-11-01T15:20:54.176+0000] {processor.py:914} INFO - Processing file /opt/airflow/dags/telegram-dag.py for tasks to queue
[2024-11-01T15:20:54.179+0000] {logging_mixin.py:190} INFO - [2024-11-01T15:20:54.179+0000] {dagbag.py:588} INFO - Filling up the DagBag from /opt/airflow/dags/telegram-dag.py
[2024-11-01T15:20:54.212+0000] {processor.py:925} INFO - DAG(s) 'currency_rate_dag' retrieved from /opt/airflow/dags/telegram-dag.py
[2024-11-01T15:20:54.236+0000] {logging_mixin.py:190} INFO - [2024-11-01T15:20:54.235+0000] {dag.py:3239} INFO - Sync 1 DAGs
[2024-11-01T15:20:54.270+0000] {logging_mixin.py:190} INFO - [2024-11-01T15:20:54.270+0000] {dag.py:4180} INFO - Setting next_dagrun for currency_rate_dag to 2024-11-01 12:00:00+00:00, run_after=2024-11-02 00:00:00+00:00
[2024-11-01T15:20:54.297+0000] {processor.py:208} INFO - Processing /opt/airflow/dags/telegram-dag.py took 0.130 seconds
[2024-11-01T15:21:24.888+0000] {processor.py:186} INFO - Started process (PID=186) to work on /opt/airflow/dags/telegram-dag.py
[2024-11-01T15:21:24.890+0000] {processor.py:914} INFO - Processing file /opt/airflow/dags/telegram-dag.py for tasks to queue
[2024-11-01T15:21:24.893+0000] {logging_mixin.py:190} INFO - [2024-11-01T15:21:24.893+0000] {dagbag.py:588} INFO - Filling up the DagBag from /opt/airflow/dags/telegram-dag.py
[2024-11-01T15:21:24.942+0000] {processor.py:925} INFO - DAG(s) 'currency_rate_dag' retrieved from /opt/airflow/dags/telegram-dag.py
[2024-11-01T15:21:24.963+0000] {logging_mixin.py:190} INFO - [2024-11-01T15:21:24.963+0000] {dag.py:3239} INFO - Sync 1 DAGs
[2024-11-01T15:21:24.986+0000] {logging_mixin.py:190} INFO - [2024-11-01T15:21:24.985+0000] {dag.py:4180} INFO - Setting next_dagrun for currency_rate_dag to 2024-11-01 12:00:00+00:00, run_after=2024-11-02 00:00:00+00:00
[2024-11-01T15:21:25.020+0000] {processor.py:208} INFO - Processing /opt/airflow/dags/telegram-dag.py took 0.138 seconds
[2024-11-01T15:21:55.146+0000] {processor.py:186} INFO - Started process (PID=251) to work on /opt/airflow/dags/telegram-dag.py
[2024-11-01T15:21:55.148+0000] {processor.py:914} INFO - Processing file /opt/airflow/dags/telegram-dag.py for tasks to queue
[2024-11-01T15:21:55.151+0000] {logging_mixin.py:190} INFO - [2024-11-01T15:21:55.150+0000] {dagbag.py:588} INFO - Filling up the DagBag from /opt/airflow/dags/telegram-dag.py
[2024-11-01T15:21:55.226+0000] {processor.py:925} INFO - DAG(s) 'currency_rate_dag' retrieved from /opt/airflow/dags/telegram-dag.py
[2024-11-01T15:21:55.257+0000] {logging_mixin.py:190} INFO - [2024-11-01T15:21:55.257+0000] {dag.py:3239} INFO - Sync 1 DAGs
[2024-11-01T15:21:55.285+0000] {logging_mixin.py:190} INFO - [2024-11-01T15:21:55.285+0000] {dag.py:4180} INFO - Setting next_dagrun for currency_rate_dag to 2024-11-01 12:00:00+00:00, run_after=2024-11-02 00:00:00+00:00
[2024-11-01T15:21:55.318+0000] {processor.py:208} INFO - Processing /opt/airflow/dags/telegram-dag.py took 0.177 seconds
[2024-11-01T15:22:25.732+0000] {processor.py:186} INFO - Started process (PID=321) to work on /opt/airflow/dags/telegram-dag.py
[2024-11-01T15:22:25.733+0000] {processor.py:914} INFO - Processing file /opt/airflow/dags/telegram-dag.py for tasks to queue
[2024-11-01T15:22:25.737+0000] {logging_mixin.py:190} INFO - [2024-11-01T15:22:25.737+0000] {dagbag.py:588} INFO - Filling up the DagBag from /opt/airflow/dags/telegram-dag.py
[2024-11-01T15:22:25.768+0000] {processor.py:925} INFO - DAG(s) 'currency_rate_dag' retrieved from /opt/airflow/dags/telegram-dag.py
[2024-11-01T15:22:25.789+0000] {logging_mixin.py:190} INFO - [2024-11-01T15:22:25.788+0000] {dag.py:3239} INFO - Sync 1 DAGs
[2024-11-01T15:22:25.812+0000] {logging_mixin.py:190} INFO - [2024-11-01T15:22:25.811+0000] {dag.py:4180} INFO - Setting next_dagrun for currency_rate_dag to 2024-11-01 12:00:00+00:00, run_after=2024-11-02 00:00:00+00:00
[2024-11-01T15:22:25.845+0000] {processor.py:208} INFO - Processing /opt/airflow/dags/telegram-dag.py took 0.122 seconds
[2024-11-01T15:22:56.367+0000] {processor.py:186} INFO - Started process (PID=386) to work on /opt/airflow/dags/telegram-dag.py
[2024-11-01T15:22:56.368+0000] {processor.py:914} INFO - Processing file /opt/airflow/dags/telegram-dag.py for tasks to queue
[2024-11-01T15:22:56.370+0000] {logging_mixin.py:190} INFO - [2024-11-01T15:22:56.370+0000] {dagbag.py:588} INFO - Filling up the DagBag from /opt/airflow/dags/telegram-dag.py
[2024-11-01T15:22:56.396+0000] {processor.py:925} INFO - DAG(s) 'currency_rate_dag' retrieved from /opt/airflow/dags/telegram-dag.py
[2024-11-01T15:22:56.414+0000] {logging_mixin.py:190} INFO - [2024-11-01T15:22:56.414+0000] {dag.py:3239} INFO - Sync 1 DAGs
[2024-11-01T15:22:56.435+0000] {logging_mixin.py:190} INFO - [2024-11-01T15:22:56.434+0000] {dag.py:4180} INFO - Setting next_dagrun for currency_rate_dag to 2024-11-01 12:00:00+00:00, run_after=2024-11-02 00:00:00+00:00
[2024-11-01T15:22:56.467+0000] {processor.py:208} INFO - Processing /opt/airflow/dags/telegram-dag.py took 0.107 seconds
[2024-11-01T15:23:26.949+0000] {processor.py:186} INFO - Started process (PID=451) to work on /opt/airflow/dags/telegram-dag.py
[2024-11-01T15:23:26.951+0000] {processor.py:914} INFO - Processing file /opt/airflow/dags/telegram-dag.py for tasks to queue
[2024-11-01T15:23:26.954+0000] {logging_mixin.py:190} INFO - [2024-11-01T15:23:26.954+0000] {dagbag.py:588} INFO - Filling up the DagBag from /opt/airflow/dags/telegram-dag.py
[2024-11-01T15:23:27.041+0000] {processor.py:925} INFO - DAG(s) 'currency_rate_dag' retrieved from /opt/airflow/dags/telegram-dag.py
[2024-11-01T15:23:27.065+0000] {logging_mixin.py:190} INFO - [2024-11-01T15:23:27.065+0000] {dag.py:3239} INFO - Sync 1 DAGs
[2024-11-01T15:23:27.086+0000] {logging_mixin.py:190} INFO - [2024-11-01T15:23:27.085+0000] {dag.py:4180} INFO - Setting next_dagrun for currency_rate_dag to 2024-11-01 12:00:00+00:00, run_after=2024-11-02 00:00:00+00:00
[2024-11-01T15:23:27.117+0000] {processor.py:208} INFO - Processing /opt/airflow/dags/telegram-dag.py took 0.196 seconds
[2024-11-01T15:23:58.028+0000] {processor.py:186} INFO - Started process (PID=516) to work on /opt/airflow/dags/telegram-dag.py
[2024-11-01T15:23:58.029+0000] {processor.py:914} INFO - Processing file /opt/airflow/dags/telegram-dag.py for tasks to queue
[2024-11-01T15:23:58.032+0000] {logging_mixin.py:190} INFO - [2024-11-01T15:23:58.032+0000] {dagbag.py:588} INFO - Filling up the DagBag from /opt/airflow/dags/telegram-dag.py
[2024-11-01T15:23:58.086+0000] {processor.py:925} INFO - DAG(s) 'currency_rate_dag' retrieved from /opt/airflow/dags/telegram-dag.py
[2024-11-01T15:23:58.105+0000] {logging_mixin.py:190} INFO - [2024-11-01T15:23:58.105+0000] {dag.py:3239} INFO - Sync 1 DAGs
[2024-11-01T15:23:58.123+0000] {logging_mixin.py:190} INFO - [2024-11-01T15:23:58.123+0000] {dag.py:4180} INFO - Setting next_dagrun for currency_rate_dag to 2024-11-01 12:00:00+00:00, run_after=2024-11-02 00:00:00+00:00
[2024-11-01T15:23:58.157+0000] {processor.py:208} INFO - Processing /opt/airflow/dags/telegram-dag.py took 0.134 seconds
[2024-11-01T15:24:28.819+0000] {processor.py:186} INFO - Started process (PID=581) to work on /opt/airflow/dags/telegram-dag.py
[2024-11-01T15:24:28.820+0000] {processor.py:914} INFO - Processing file /opt/airflow/dags/telegram-dag.py for tasks to queue
[2024-11-01T15:24:28.823+0000] {logging_mixin.py:190} INFO - [2024-11-01T15:24:28.823+0000] {dagbag.py:588} INFO - Filling up the DagBag from /opt/airflow/dags/telegram-dag.py
[2024-11-01T15:24:28.861+0000] {processor.py:925} INFO - DAG(s) 'currency_rate_dag' retrieved from /opt/airflow/dags/telegram-dag.py
[2024-11-01T15:24:28.879+0000] {logging_mixin.py:190} INFO - [2024-11-01T15:24:28.879+0000] {dag.py:3239} INFO - Sync 1 DAGs
[2024-11-01T15:24:28.898+0000] {logging_mixin.py:190} INFO - [2024-11-01T15:24:28.898+0000] {dag.py:4180} INFO - Setting next_dagrun for currency_rate_dag to 2024-11-01 12:00:00+00:00, run_after=2024-11-02 00:00:00+00:00
[2024-11-01T15:24:28.928+0000] {processor.py:208} INFO - Processing /opt/airflow/dags/telegram-dag.py took 0.117 seconds
[2024-11-01T15:24:59.472+0000] {processor.py:186} INFO - Started process (PID=646) to work on /opt/airflow/dags/telegram-dag.py
[2024-11-01T15:24:59.474+0000] {processor.py:914} INFO - Processing file /opt/airflow/dags/telegram-dag.py for tasks to queue
[2024-11-01T15:24:59.476+0000] {logging_mixin.py:190} INFO - [2024-11-01T15:24:59.476+0000] {dagbag.py:588} INFO - Filling up the DagBag from /opt/airflow/dags/telegram-dag.py
[2024-11-01T15:24:59.491+0000] {processor.py:925} INFO - DAG(s) 'currency_rate_dag' retrieved from /opt/airflow/dags/telegram-dag.py
[2024-11-01T15:24:59.507+0000] {logging_mixin.py:190} INFO - [2024-11-01T15:24:59.507+0000] {dag.py:3239} INFO - Sync 1 DAGs
[2024-11-01T15:24:59.527+0000] {logging_mixin.py:190} INFO - [2024-11-01T15:24:59.527+0000] {dag.py:4180} INFO - Setting next_dagrun for currency_rate_dag to 2024-11-01 12:00:00+00:00, run_after=2024-11-02 00:00:00+00:00
[2024-11-01T15:24:59.543+0000] {processor.py:208} INFO - Processing /opt/airflow/dags/telegram-dag.py took 0.078 seconds
[2024-11-01T15:25:29.708+0000] {processor.py:186} INFO - Started process (PID=712) to work on /opt/airflow/dags/telegram-dag.py
[2024-11-01T15:25:29.709+0000] {processor.py:914} INFO - Processing file /opt/airflow/dags/telegram-dag.py for tasks to queue
[2024-11-01T15:25:29.712+0000] {logging_mixin.py:190} INFO - [2024-11-01T15:25:29.711+0000] {dagbag.py:588} INFO - Filling up the DagBag from /opt/airflow/dags/telegram-dag.py
[2024-11-01T15:25:29.736+0000] {processor.py:925} INFO - DAG(s) 'currency_rate_dag' retrieved from /opt/airflow/dags/telegram-dag.py
[2024-11-01T15:25:29.754+0000] {logging_mixin.py:190} INFO - [2024-11-01T15:25:29.754+0000] {dag.py:3239} INFO - Sync 1 DAGs
[2024-11-01T15:25:29.776+0000] {logging_mixin.py:190} INFO - [2024-11-01T15:25:29.776+0000] {dag.py:4180} INFO - Setting next_dagrun for currency_rate_dag to 2024-11-01 12:00:00+00:00, run_after=2024-11-02 00:00:00+00:00
[2024-11-01T15:25:29.806+0000] {processor.py:208} INFO - Processing /opt/airflow/dags/telegram-dag.py took 0.105 seconds
[2024-11-01T15:26:00.365+0000] {processor.py:186} INFO - Started process (PID=777) to work on /opt/airflow/dags/telegram-dag.py
[2024-11-01T15:26:00.366+0000] {processor.py:914} INFO - Processing file /opt/airflow/dags/telegram-dag.py for tasks to queue
[2024-11-01T15:26:00.369+0000] {logging_mixin.py:190} INFO - [2024-11-01T15:26:00.368+0000] {dagbag.py:588} INFO - Filling up the DagBag from /opt/airflow/dags/telegram-dag.py
[2024-11-01T15:26:00.393+0000] {processor.py:925} INFO - DAG(s) 'currency_rate_dag' retrieved from /opt/airflow/dags/telegram-dag.py
[2024-11-01T15:26:00.410+0000] {logging_mixin.py:190} INFO - [2024-11-01T15:26:00.410+0000] {dag.py:3239} INFO - Sync 1 DAGs
[2024-11-01T15:26:00.429+0000] {logging_mixin.py:190} INFO - [2024-11-01T15:26:00.429+0000] {dag.py:4180} INFO - Setting next_dagrun for currency_rate_dag to 2024-11-01 12:00:00+00:00, run_after=2024-11-02 00:00:00+00:00
[2024-11-01T15:26:00.456+0000] {processor.py:208} INFO - Processing /opt/airflow/dags/telegram-dag.py took 0.097 seconds
[2024-11-01T15:26:31.494+0000] {processor.py:186} INFO - Started process (PID=842) to work on /opt/airflow/dags/telegram-dag.py
[2024-11-01T15:26:31.496+0000] {processor.py:914} INFO - Processing file /opt/airflow/dags/telegram-dag.py for tasks to queue
[2024-11-01T15:26:31.499+0000] {logging_mixin.py:190} INFO - [2024-11-01T15:26:31.498+0000] {dagbag.py:588} INFO - Filling up the DagBag from /opt/airflow/dags/telegram-dag.py
[2024-11-01T15:26:31.533+0000] {processor.py:925} INFO - DAG(s) 'currency_rate_dag' retrieved from /opt/airflow/dags/telegram-dag.py
[2024-11-01T15:26:31.552+0000] {logging_mixin.py:190} INFO - [2024-11-01T15:26:31.552+0000] {dag.py:3239} INFO - Sync 1 DAGs
[2024-11-01T15:26:31.572+0000] {logging_mixin.py:190} INFO - [2024-11-01T15:26:31.572+0000] {dag.py:4180} INFO - Setting next_dagrun for currency_rate_dag to 2024-11-01 12:00:00+00:00, run_after=2024-11-02 00:00:00+00:00
[2024-11-01T15:26:31.589+0000] {processor.py:208} INFO - Processing /opt/airflow/dags/telegram-dag.py took 0.104 seconds
[2024-11-01T15:27:02.270+0000] {processor.py:186} INFO - Started process (PID=907) to work on /opt/airflow/dags/telegram-dag.py
[2024-11-01T15:27:02.271+0000] {processor.py:914} INFO - Processing file /opt/airflow/dags/telegram-dag.py for tasks to queue
[2024-11-01T15:27:02.273+0000] {logging_mixin.py:190} INFO - [2024-11-01T15:27:02.273+0000] {dagbag.py:588} INFO - Filling up the DagBag from /opt/airflow/dags/telegram-dag.py
[2024-11-01T15:27:02.310+0000] {processor.py:925} INFO - DAG(s) 'currency_rate_dag' retrieved from /opt/airflow/dags/telegram-dag.py
[2024-11-01T15:27:02.327+0000] {logging_mixin.py:190} INFO - [2024-11-01T15:27:02.327+0000] {dag.py:3239} INFO - Sync 1 DAGs
[2024-11-01T15:27:02.349+0000] {logging_mixin.py:190} INFO - [2024-11-01T15:27:02.349+0000] {dag.py:4180} INFO - Setting next_dagrun for currency_rate_dag to 2024-11-01 12:00:00+00:00, run_after=2024-11-02 00:00:00+00:00
[2024-11-01T15:27:02.367+0000] {processor.py:208} INFO - Processing /opt/airflow/dags/telegram-dag.py took 0.103 seconds
[2024-11-01T15:27:32.588+0000] {processor.py:186} INFO - Started process (PID=972) to work on /opt/airflow/dags/telegram-dag.py
[2024-11-01T15:27:32.589+0000] {processor.py:914} INFO - Processing file /opt/airflow/dags/telegram-dag.py for tasks to queue
[2024-11-01T15:27:32.591+0000] {logging_mixin.py:190} INFO - [2024-11-01T15:27:32.591+0000] {dagbag.py:588} INFO - Filling up the DagBag from /opt/airflow/dags/telegram-dag.py
[2024-11-01T15:27:32.625+0000] {processor.py:925} INFO - DAG(s) 'currency_rate_dag' retrieved from /opt/airflow/dags/telegram-dag.py
[2024-11-01T15:27:32.642+0000] {logging_mixin.py:190} INFO - [2024-11-01T15:27:32.642+0000] {dag.py:3239} INFO - Sync 1 DAGs
[2024-11-01T15:27:32.665+0000] {logging_mixin.py:190} INFO - [2024-11-01T15:27:32.665+0000] {dag.py:4180} INFO - Setting next_dagrun for currency_rate_dag to 2024-11-01 12:00:00+00:00, run_after=2024-11-02 00:00:00+00:00
[2024-11-01T15:27:32.684+0000] {processor.py:208} INFO - Processing /opt/airflow/dags/telegram-dag.py took 0.103 seconds
[2024-11-01T15:28:03.104+0000] {processor.py:186} INFO - Started process (PID=1037) to work on /opt/airflow/dags/telegram-dag.py
[2024-11-01T15:28:03.106+0000] {processor.py:914} INFO - Processing file /opt/airflow/dags/telegram-dag.py for tasks to queue
[2024-11-01T15:28:03.108+0000] {logging_mixin.py:190} INFO - [2024-11-01T15:28:03.108+0000] {dagbag.py:588} INFO - Filling up the DagBag from /opt/airflow/dags/telegram-dag.py
[2024-11-01T15:28:03.126+0000] {processor.py:925} INFO - DAG(s) 'currency_rate_dag' retrieved from /opt/airflow/dags/telegram-dag.py
[2024-11-01T15:28:03.141+0000] {logging_mixin.py:190} INFO - [2024-11-01T15:28:03.141+0000] {dag.py:3239} INFO - Sync 1 DAGs
[2024-11-01T15:28:03.160+0000] {logging_mixin.py:190} INFO - [2024-11-01T15:28:03.160+0000] {dag.py:4180} INFO - Setting next_dagrun for currency_rate_dag to 2024-11-01 12:00:00+00:00, run_after=2024-11-02 00:00:00+00:00
[2024-11-01T15:28:03.191+0000] {processor.py:208} INFO - Processing /opt/airflow/dags/telegram-dag.py took 0.092 seconds
[2024-11-01T15:28:33.757+0000] {processor.py:186} INFO - Started process (PID=1101) to work on /opt/airflow/dags/telegram-dag.py
[2024-11-01T15:28:33.759+0000] {processor.py:914} INFO - Processing file /opt/airflow/dags/telegram-dag.py for tasks to queue
[2024-11-01T15:28:33.762+0000] {logging_mixin.py:190} INFO - [2024-11-01T15:28:33.761+0000] {dagbag.py:588} INFO - Filling up the DagBag from /opt/airflow/dags/telegram-dag.py
[2024-11-01T15:28:33.812+0000] {processor.py:925} INFO - DAG(s) 'currency_rate_dag' retrieved from /opt/airflow/dags/telegram-dag.py
[2024-11-01T15:28:33.831+0000] {logging_mixin.py:190} INFO - [2024-11-01T15:28:33.831+0000] {dag.py:3239} INFO - Sync 1 DAGs
[2024-11-01T15:28:33.851+0000] {logging_mixin.py:190} INFO - [2024-11-01T15:28:33.851+0000] {dag.py:4180} INFO - Setting next_dagrun for currency_rate_dag to 2024-11-01 12:00:00+00:00, run_after=2024-11-02 00:00:00+00:00
[2024-11-01T15:28:33.884+0000] {processor.py:208} INFO - Processing /opt/airflow/dags/telegram-dag.py took 0.134 seconds
[2024-11-01T15:29:04.540+0000] {processor.py:186} INFO - Started process (PID=1166) to work on /opt/airflow/dags/telegram-dag.py
[2024-11-01T15:29:04.541+0000] {processor.py:914} INFO - Processing file /opt/airflow/dags/telegram-dag.py for tasks to queue
[2024-11-01T15:29:04.544+0000] {logging_mixin.py:190} INFO - [2024-11-01T15:29:04.544+0000] {dagbag.py:588} INFO - Filling up the DagBag from /opt/airflow/dags/telegram-dag.py
[2024-11-01T15:29:04.567+0000] {processor.py:925} INFO - DAG(s) 'currency_rate_dag' retrieved from /opt/airflow/dags/telegram-dag.py
[2024-11-01T15:29:04.585+0000] {logging_mixin.py:190} INFO - [2024-11-01T15:29:04.584+0000] {dag.py:3239} INFO - Sync 1 DAGs
[2024-11-01T15:29:04.604+0000] {logging_mixin.py:190} INFO - [2024-11-01T15:29:04.604+0000] {dag.py:4180} INFO - Setting next_dagrun for currency_rate_dag to 2024-11-01 12:00:00+00:00, run_after=2024-11-02 00:00:00+00:00
[2024-11-01T15:29:04.633+0000] {processor.py:208} INFO - Processing /opt/airflow/dags/telegram-dag.py took 0.100 seconds
[2024-11-01T15:29:35.513+0000] {processor.py:186} INFO - Started process (PID=1231) to work on /opt/airflow/dags/telegram-dag.py
[2024-11-01T15:29:35.515+0000] {processor.py:914} INFO - Processing file /opt/airflow/dags/telegram-dag.py for tasks to queue
[2024-11-01T15:29:35.518+0000] {logging_mixin.py:190} INFO - [2024-11-01T15:29:35.518+0000] {dagbag.py:588} INFO - Filling up the DagBag from /opt/airflow/dags/telegram-dag.py
[2024-11-01T15:29:35.544+0000] {processor.py:925} INFO - DAG(s) 'currency_rate_dag' retrieved from /opt/airflow/dags/telegram-dag.py
[2024-11-01T15:29:35.565+0000] {logging_mixin.py:190} INFO - [2024-11-01T15:29:35.564+0000] {dag.py:3239} INFO - Sync 1 DAGs
[2024-11-01T15:29:35.587+0000] {logging_mixin.py:190} INFO - [2024-11-01T15:29:35.586+0000] {dag.py:4180} INFO - Setting next_dagrun for currency_rate_dag to 2024-11-01 12:00:00+00:00, run_after=2024-11-02 00:00:00+00:00
[2024-11-01T15:29:35.622+0000] {processor.py:208} INFO - Processing /opt/airflow/dags/telegram-dag.py took 0.115 seconds
[2024-11-01T15:30:05.776+0000] {processor.py:186} INFO - Started process (PID=1296) to work on /opt/airflow/dags/telegram-dag.py
[2024-11-01T15:30:05.779+0000] {processor.py:914} INFO - Processing file /opt/airflow/dags/telegram-dag.py for tasks to queue
[2024-11-01T15:30:05.783+0000] {logging_mixin.py:190} INFO - [2024-11-01T15:30:05.782+0000] {dagbag.py:588} INFO - Filling up the DagBag from /opt/airflow/dags/telegram-dag.py
[2024-11-01T15:30:05.826+0000] {processor.py:925} INFO - DAG(s) 'currency_rate_dag' retrieved from /opt/airflow/dags/telegram-dag.py
[2024-11-01T15:30:05.852+0000] {logging_mixin.py:190} INFO - [2024-11-01T15:30:05.852+0000] {dag.py:3239} INFO - Sync 1 DAGs
[2024-11-01T15:30:05.887+0000] {logging_mixin.py:190} INFO - [2024-11-01T15:30:05.886+0000] {dag.py:4180} INFO - Setting next_dagrun for currency_rate_dag to 2024-11-01 12:00:00+00:00, run_after=2024-11-02 00:00:00+00:00
[2024-11-01T15:30:05.913+0000] {processor.py:208} INFO - Processing /opt/airflow/dags/telegram-dag.py took 0.147 seconds
[2024-11-01T15:30:36.889+0000] {processor.py:186} INFO - Started process (PID=1361) to work on /opt/airflow/dags/telegram-dag.py
[2024-11-01T15:30:36.890+0000] {processor.py:914} INFO - Processing file /opt/airflow/dags/telegram-dag.py for tasks to queue
[2024-11-01T15:30:36.893+0000] {logging_mixin.py:190} INFO - [2024-11-01T15:30:36.893+0000] {dagbag.py:588} INFO - Filling up the DagBag from /opt/airflow/dags/telegram-dag.py
[2024-11-01T15:30:36.910+0000] {processor.py:925} INFO - DAG(s) 'currency_rate_dag' retrieved from /opt/airflow/dags/telegram-dag.py
[2024-11-01T15:30:36.931+0000] {logging_mixin.py:190} INFO - [2024-11-01T15:30:36.931+0000] {dag.py:3239} INFO - Sync 1 DAGs
[2024-11-01T15:30:36.958+0000] {logging_mixin.py:190} INFO - [2024-11-01T15:30:36.957+0000] {dag.py:4180} INFO - Setting next_dagrun for currency_rate_dag to 2024-11-01 12:00:00+00:00, run_after=2024-11-02 00:00:00+00:00
[2024-11-01T15:30:36.983+0000] {processor.py:208} INFO - Processing /opt/airflow/dags/telegram-dag.py took 0.101 seconds
[2024-11-01T15:31:07.909+0000] {processor.py:186} INFO - Started process (PID=1426) to work on /opt/airflow/dags/telegram-dag.py
[2024-11-01T15:31:07.910+0000] {processor.py:914} INFO - Processing file /opt/airflow/dags/telegram-dag.py for tasks to queue
[2024-11-01T15:31:07.914+0000] {logging_mixin.py:190} INFO - [2024-11-01T15:31:07.914+0000] {dagbag.py:588} INFO - Filling up the DagBag from /opt/airflow/dags/telegram-dag.py
[2024-11-01T15:31:07.937+0000] {processor.py:925} INFO - DAG(s) 'currency_rate_dag' retrieved from /opt/airflow/dags/telegram-dag.py
[2024-11-01T15:31:07.953+0000] {logging_mixin.py:190} INFO - [2024-11-01T15:31:07.952+0000] {dag.py:3239} INFO - Sync 1 DAGs
[2024-11-01T15:31:07.972+0000] {logging_mixin.py:190} INFO - [2024-11-01T15:31:07.972+0000] {dag.py:4180} INFO - Setting next_dagrun for currency_rate_dag to 2024-11-01 12:00:00+00:00, run_after=2024-11-02 00:00:00+00:00
[2024-11-01T15:31:08.000+0000] {processor.py:208} INFO - Processing /opt/airflow/dags/telegram-dag.py took 0.098 seconds
[2024-11-01T15:31:38.151+0000] {processor.py:186} INFO - Started process (PID=1491) to work on /opt/airflow/dags/telegram-dag.py
[2024-11-01T15:31:38.152+0000] {processor.py:914} INFO - Processing file /opt/airflow/dags/telegram-dag.py for tasks to queue
[2024-11-01T15:31:38.155+0000] {logging_mixin.py:190} INFO - [2024-11-01T15:31:38.154+0000] {dagbag.py:588} INFO - Filling up the DagBag from /opt/airflow/dags/telegram-dag.py
[2024-11-01T15:31:38.195+0000] {processor.py:925} INFO - DAG(s) 'currency_rate_dag' retrieved from /opt/airflow/dags/telegram-dag.py
[2024-11-01T15:31:38.212+0000] {logging_mixin.py:190} INFO - [2024-11-01T15:31:38.212+0000] {dag.py:3239} INFO - Sync 1 DAGs
[2024-11-01T15:31:38.234+0000] {logging_mixin.py:190} INFO - [2024-11-01T15:31:38.234+0000] {dag.py:4180} INFO - Setting next_dagrun for currency_rate_dag to 2024-11-01 12:00:00+00:00, run_after=2024-11-02 00:00:00+00:00
[2024-11-01T15:31:38.269+0000] {processor.py:208} INFO - Processing /opt/airflow/dags/telegram-dag.py took 0.124 seconds
[2024-11-01T15:32:08.623+0000] {processor.py:186} INFO - Started process (PID=1557) to work on /opt/airflow/dags/telegram-dag.py
[2024-11-01T15:32:08.624+0000] {processor.py:914} INFO - Processing file /opt/airflow/dags/telegram-dag.py for tasks to queue
[2024-11-01T15:32:08.626+0000] {logging_mixin.py:190} INFO - [2024-11-01T15:32:08.626+0000] {dagbag.py:588} INFO - Filling up the DagBag from /opt/airflow/dags/telegram-dag.py
[2024-11-01T15:32:08.667+0000] {processor.py:925} INFO - DAG(s) 'currency_rate_dag' retrieved from /opt/airflow/dags/telegram-dag.py
[2024-11-01T15:32:08.685+0000] {logging_mixin.py:190} INFO - [2024-11-01T15:32:08.685+0000] {dag.py:3239} INFO - Sync 1 DAGs
[2024-11-01T15:32:08.705+0000] {logging_mixin.py:190} INFO - [2024-11-01T15:32:08.705+0000] {dag.py:4180} INFO - Setting next_dagrun for currency_rate_dag to 2024-11-01 12:00:00+00:00, run_after=2024-11-02 00:00:00+00:00
[2024-11-01T15:32:08.739+0000] {processor.py:208} INFO - Processing /opt/airflow/dags/telegram-dag.py took 0.123 seconds
[2024-11-01T15:43:31.848+0000] {processor.py:186} INFO - Started process (PID=1616) to work on /opt/airflow/dags/telegram-dag.py
[2024-11-01T15:43:31.853+0000] {processor.py:914} INFO - Processing file /opt/airflow/dags/telegram-dag.py for tasks to queue
[2024-11-01T15:43:31.865+0000] {logging_mixin.py:190} INFO - [2024-11-01T15:43:31.864+0000] {dagbag.py:588} INFO - Filling up the DagBag from /opt/airflow/dags/telegram-dag.py
[2024-11-01T15:43:31.949+0000] {processor.py:925} INFO - DAG(s) 'currency_rate_dag' retrieved from /opt/airflow/dags/telegram-dag.py
[2024-11-01T15:43:32.042+0000] {logging_mixin.py:190} INFO - [2024-11-01T15:43:32.041+0000] {dag.py:3239} INFO - Sync 1 DAGs
[2024-11-01T15:43:32.159+0000] {logging_mixin.py:190} INFO - [2024-11-01T15:43:32.159+0000] {dag.py:4180} INFO - Setting next_dagrun for currency_rate_dag to 2024-11-01 12:00:00+00:00, run_after=2024-11-02 00:00:00+00:00
[2024-11-01T15:43:32.251+0000] {processor.py:208} INFO - Processing /opt/airflow/dags/telegram-dag.py took 0.422 seconds
[2024-11-01T15:44:02.690+0000] {processor.py:186} INFO - Started process (PID=1681) to work on /opt/airflow/dags/telegram-dag.py
[2024-11-01T15:44:02.692+0000] {processor.py:914} INFO - Processing file /opt/airflow/dags/telegram-dag.py for tasks to queue
[2024-11-01T15:44:02.696+0000] {logging_mixin.py:190} INFO - [2024-11-01T15:44:02.695+0000] {dagbag.py:588} INFO - Filling up the DagBag from /opt/airflow/dags/telegram-dag.py
[2024-11-01T15:44:02.730+0000] {processor.py:925} INFO - DAG(s) 'currency_rate_dag' retrieved from /opt/airflow/dags/telegram-dag.py
[2024-11-01T15:44:02.752+0000] {logging_mixin.py:190} INFO - [2024-11-01T15:44:02.752+0000] {dag.py:3239} INFO - Sync 1 DAGs
[2024-11-01T15:44:02.776+0000] {logging_mixin.py:190} INFO - [2024-11-01T15:44:02.775+0000] {dag.py:4180} INFO - Setting next_dagrun for currency_rate_dag to 2024-11-01 12:00:00+00:00, run_after=2024-11-02 00:00:00+00:00
[2024-11-01T15:44:02.798+0000] {processor.py:208} INFO - Processing /opt/airflow/dags/telegram-dag.py took 0.114 seconds
[2024-11-01T15:44:32.919+0000] {processor.py:186} INFO - Started process (PID=1746) to work on /opt/airflow/dags/telegram-dag.py
[2024-11-01T15:44:32.920+0000] {processor.py:914} INFO - Processing file /opt/airflow/dags/telegram-dag.py for tasks to queue
[2024-11-01T15:44:32.924+0000] {logging_mixin.py:190} INFO - [2024-11-01T15:44:32.923+0000] {dagbag.py:588} INFO - Filling up the DagBag from /opt/airflow/dags/telegram-dag.py
[2024-11-01T15:44:32.952+0000] {processor.py:925} INFO - DAG(s) 'currency_rate_dag' retrieved from /opt/airflow/dags/telegram-dag.py
[2024-11-01T15:44:32.979+0000] {logging_mixin.py:190} INFO - [2024-11-01T15:44:32.979+0000] {dag.py:3239} INFO - Sync 1 DAGs
[2024-11-01T15:44:33.019+0000] {logging_mixin.py:190} INFO - [2024-11-01T15:44:33.018+0000] {dag.py:4180} INFO - Setting next_dagrun for currency_rate_dag to 2024-11-01 12:00:00+00:00, run_after=2024-11-02 00:00:00+00:00
[2024-11-01T15:44:33.061+0000] {processor.py:208} INFO - Processing /opt/airflow/dags/telegram-dag.py took 0.148 seconds
[2024-11-01T15:45:03.783+0000] {processor.py:186} INFO - Started process (PID=1811) to work on /opt/airflow/dags/telegram-dag.py
[2024-11-01T15:45:03.785+0000] {processor.py:914} INFO - Processing file /opt/airflow/dags/telegram-dag.py for tasks to queue
[2024-11-01T15:45:03.787+0000] {logging_mixin.py:190} INFO - [2024-11-01T15:45:03.786+0000] {dagbag.py:588} INFO - Filling up the DagBag from /opt/airflow/dags/telegram-dag.py
[2024-11-01T15:45:03.807+0000] {processor.py:925} INFO - DAG(s) 'currency_rate_dag' retrieved from /opt/airflow/dags/telegram-dag.py
[2024-11-01T15:45:03.824+0000] {logging_mixin.py:190} INFO - [2024-11-01T15:45:03.824+0000] {dag.py:3239} INFO - Sync 1 DAGs
[2024-11-01T15:45:03.843+0000] {logging_mixin.py:190} INFO - [2024-11-01T15:45:03.843+0000] {dag.py:4180} INFO - Setting next_dagrun for currency_rate_dag to 2024-11-01 12:00:00+00:00, run_after=2024-11-02 00:00:00+00:00
[2024-11-01T15:45:03.873+0000] {processor.py:208} INFO - Processing /opt/airflow/dags/telegram-dag.py took 0.095 seconds
[2024-11-01T15:45:34.221+0000] {processor.py:186} INFO - Started process (PID=1876) to work on /opt/airflow/dags/telegram-dag.py
[2024-11-01T15:45:34.226+0000] {processor.py:914} INFO - Processing file /opt/airflow/dags/telegram-dag.py for tasks to queue
[2024-11-01T15:45:34.231+0000] {logging_mixin.py:190} INFO - [2024-11-01T15:45:34.231+0000] {dagbag.py:588} INFO - Filling up the DagBag from /opt/airflow/dags/telegram-dag.py
[2024-11-01T15:45:34.332+0000] {processor.py:925} INFO - DAG(s) 'currency_rate_dag' retrieved from /opt/airflow/dags/telegram-dag.py
[2024-11-01T15:45:34.353+0000] {logging_mixin.py:190} INFO - [2024-11-01T15:45:34.353+0000] {dag.py:3239} INFO - Sync 1 DAGs
[2024-11-01T15:45:34.375+0000] {logging_mixin.py:190} INFO - [2024-11-01T15:45:34.374+0000] {dag.py:4180} INFO - Setting next_dagrun for currency_rate_dag to 2024-11-01 12:00:00+00:00, run_after=2024-11-02 00:00:00+00:00
[2024-11-01T15:45:34.392+0000] {processor.py:208} INFO - Processing /opt/airflow/dags/telegram-dag.py took 0.200 seconds
[2024-11-01T15:46:05.022+0000] {processor.py:186} INFO - Started process (PID=1941) to work on /opt/airflow/dags/telegram-dag.py
[2024-11-01T15:46:05.023+0000] {processor.py:914} INFO - Processing file /opt/airflow/dags/telegram-dag.py for tasks to queue
[2024-11-01T15:46:05.025+0000] {logging_mixin.py:190} INFO - [2024-11-01T15:46:05.025+0000] {dagbag.py:588} INFO - Filling up the DagBag from /opt/airflow/dags/telegram-dag.py
[2024-11-01T15:46:05.051+0000] {processor.py:925} INFO - DAG(s) 'currency_rate_dag' retrieved from /opt/airflow/dags/telegram-dag.py
[2024-11-01T15:46:05.068+0000] {logging_mixin.py:190} INFO - [2024-11-01T15:46:05.068+0000] {dag.py:3239} INFO - Sync 1 DAGs
[2024-11-01T15:46:05.090+0000] {logging_mixin.py:190} INFO - [2024-11-01T15:46:05.090+0000] {dag.py:4180} INFO - Setting next_dagrun for currency_rate_dag to 2024-11-01 12:00:00+00:00, run_after=2024-11-02 00:00:00+00:00
[2024-11-01T15:46:05.110+0000] {processor.py:208} INFO - Processing /opt/airflow/dags/telegram-dag.py took 0.095 seconds
[2024-11-01T15:46:36.063+0000] {processor.py:186} INFO - Started process (PID=2006) to work on /opt/airflow/dags/telegram-dag.py
[2024-11-01T15:46:36.064+0000] {processor.py:914} INFO - Processing file /opt/airflow/dags/telegram-dag.py for tasks to queue
[2024-11-01T15:46:36.066+0000] {logging_mixin.py:190} INFO - [2024-11-01T15:46:36.066+0000] {dagbag.py:588} INFO - Filling up the DagBag from /opt/airflow/dags/telegram-dag.py
[2024-11-01T15:46:36.096+0000] {processor.py:925} INFO - DAG(s) 'currency_rate_dag' retrieved from /opt/airflow/dags/telegram-dag.py
[2024-11-01T15:46:36.112+0000] {logging_mixin.py:190} INFO - [2024-11-01T15:46:36.112+0000] {dag.py:3239} INFO - Sync 1 DAGs
[2024-11-01T15:46:36.131+0000] {logging_mixin.py:190} INFO - [2024-11-01T15:46:36.131+0000] {dag.py:4180} INFO - Setting next_dagrun for currency_rate_dag to 2024-11-01 12:00:00+00:00, run_after=2024-11-02 00:00:00+00:00
[2024-11-01T15:46:36.164+0000] {processor.py:208} INFO - Processing /opt/airflow/dags/telegram-dag.py took 0.108 seconds
[2024-11-01T15:47:06.528+0000] {processor.py:186} INFO - Started process (PID=2071) to work on /opt/airflow/dags/telegram-dag.py
[2024-11-01T15:47:06.529+0000] {processor.py:914} INFO - Processing file /opt/airflow/dags/telegram-dag.py for tasks to queue
[2024-11-01T15:47:06.532+0000] {logging_mixin.py:190} INFO - [2024-11-01T15:47:06.532+0000] {dagbag.py:588} INFO - Filling up the DagBag from /opt/airflow/dags/telegram-dag.py
[2024-11-01T15:47:06.561+0000] {processor.py:925} INFO - DAG(s) 'currency_rate_dag' retrieved from /opt/airflow/dags/telegram-dag.py
[2024-11-01T15:47:06.578+0000] {logging_mixin.py:190} INFO - [2024-11-01T15:47:06.577+0000] {dag.py:3239} INFO - Sync 1 DAGs
[2024-11-01T15:47:06.597+0000] {logging_mixin.py:190} INFO - [2024-11-01T15:47:06.597+0000] {dag.py:4180} INFO - Setting next_dagrun for currency_rate_dag to 2024-11-01 12:00:00+00:00, run_after=2024-11-02 00:00:00+00:00
[2024-11-01T15:47:06.626+0000] {processor.py:208} INFO - Processing /opt/airflow/dags/telegram-dag.py took 0.104 seconds
[2024-11-01T15:47:37.479+0000] {processor.py:186} INFO - Started process (PID=2136) to work on /opt/airflow/dags/telegram-dag.py
[2024-11-01T15:47:37.480+0000] {processor.py:914} INFO - Processing file /opt/airflow/dags/telegram-dag.py for tasks to queue
[2024-11-01T15:47:37.484+0000] {logging_mixin.py:190} INFO - [2024-11-01T15:47:37.484+0000] {dagbag.py:588} INFO - Filling up the DagBag from /opt/airflow/dags/telegram-dag.py
[2024-11-01T15:47:37.517+0000] {processor.py:925} INFO - DAG(s) 'currency_rate_dag' retrieved from /opt/airflow/dags/telegram-dag.py
[2024-11-01T15:47:37.540+0000] {logging_mixin.py:190} INFO - [2024-11-01T15:47:37.540+0000] {dag.py:3239} INFO - Sync 1 DAGs
[2024-11-01T15:47:37.566+0000] {logging_mixin.py:190} INFO - [2024-11-01T15:47:37.565+0000] {dag.py:4180} INFO - Setting next_dagrun for currency_rate_dag to 2024-11-01 12:00:00+00:00, run_after=2024-11-02 00:00:00+00:00
[2024-11-01T15:47:37.600+0000] {processor.py:208} INFO - Processing /opt/airflow/dags/telegram-dag.py took 0.127 seconds
[2024-11-01T15:48:08.271+0000] {processor.py:186} INFO - Started process (PID=2207) to work on /opt/airflow/dags/telegram-dag.py
[2024-11-01T15:48:08.273+0000] {processor.py:914} INFO - Processing file /opt/airflow/dags/telegram-dag.py for tasks to queue
[2024-11-01T15:48:08.276+0000] {logging_mixin.py:190} INFO - [2024-11-01T15:48:08.276+0000] {dagbag.py:588} INFO - Filling up the DagBag from /opt/airflow/dags/telegram-dag.py
[2024-11-01T15:48:08.322+0000] {processor.py:925} INFO - DAG(s) 'currency_rate_dag' retrieved from /opt/airflow/dags/telegram-dag.py
[2024-11-01T15:48:08.349+0000] {logging_mixin.py:190} INFO - [2024-11-01T15:48:08.349+0000] {dag.py:3239} INFO - Sync 1 DAGs
[2024-11-01T15:48:08.377+0000] {logging_mixin.py:190} INFO - [2024-11-01T15:48:08.376+0000] {dag.py:4180} INFO - Setting next_dagrun for currency_rate_dag to 2024-11-01 12:00:00+00:00, run_after=2024-11-02 00:00:00+00:00
[2024-11-01T15:48:08.408+0000] {processor.py:208} INFO - Processing /opt/airflow/dags/telegram-dag.py took 0.142 seconds
[2024-11-01T15:48:38.553+0000] {processor.py:186} INFO - Started process (PID=2272) to work on /opt/airflow/dags/telegram-dag.py
[2024-11-01T15:48:38.555+0000] {processor.py:914} INFO - Processing file /opt/airflow/dags/telegram-dag.py for tasks to queue
[2024-11-01T15:48:38.560+0000] {logging_mixin.py:190} INFO - [2024-11-01T15:48:38.559+0000] {dagbag.py:588} INFO - Filling up the DagBag from /opt/airflow/dags/telegram-dag.py
[2024-11-01T15:48:38.630+0000] {processor.py:925} INFO - DAG(s) 'currency_rate_dag' retrieved from /opt/airflow/dags/telegram-dag.py
[2024-11-01T15:48:38.653+0000] {logging_mixin.py:190} INFO - [2024-11-01T15:48:38.652+0000] {dag.py:3239} INFO - Sync 1 DAGs
[2024-11-01T15:48:38.676+0000] {logging_mixin.py:190} INFO - [2024-11-01T15:48:38.676+0000] {dag.py:4180} INFO - Setting next_dagrun for currency_rate_dag to 2024-11-01 12:00:00+00:00, run_after=2024-11-02 00:00:00+00:00
[2024-11-01T15:48:38.706+0000] {processor.py:208} INFO - Processing /opt/airflow/dags/telegram-dag.py took 0.162 seconds
[2024-11-01T15:49:09.037+0000] {processor.py:186} INFO - Started process (PID=2337) to work on /opt/airflow/dags/telegram-dag.py
[2024-11-01T15:49:09.038+0000] {processor.py:914} INFO - Processing file /opt/airflow/dags/telegram-dag.py for tasks to queue
[2024-11-01T15:49:09.040+0000] {logging_mixin.py:190} INFO - [2024-11-01T15:49:09.040+0000] {dagbag.py:588} INFO - Filling up the DagBag from /opt/airflow/dags/telegram-dag.py
[2024-11-01T15:49:09.064+0000] {processor.py:925} INFO - DAG(s) 'currency_rate_dag' retrieved from /opt/airflow/dags/telegram-dag.py
[2024-11-01T15:49:09.081+0000] {logging_mixin.py:190} INFO - [2024-11-01T15:49:09.081+0000] {dag.py:3239} INFO - Sync 1 DAGs
[2024-11-01T15:49:09.103+0000] {logging_mixin.py:190} INFO - [2024-11-01T15:49:09.103+0000] {dag.py:4180} INFO - Setting next_dagrun for currency_rate_dag to 2024-11-01 12:00:00+00:00, run_after=2024-11-02 00:00:00+00:00
[2024-11-01T15:49:09.124+0000] {processor.py:208} INFO - Processing /opt/airflow/dags/telegram-dag.py took 0.092 seconds
[2024-11-01T15:49:39.278+0000] {processor.py:186} INFO - Started process (PID=2402) to work on /opt/airflow/dags/telegram-dag.py
[2024-11-01T15:49:39.280+0000] {processor.py:914} INFO - Processing file /opt/airflow/dags/telegram-dag.py for tasks to queue
[2024-11-01T15:49:39.282+0000] {logging_mixin.py:190} INFO - [2024-11-01T15:49:39.282+0000] {dagbag.py:588} INFO - Filling up the DagBag from /opt/airflow/dags/telegram-dag.py
[2024-11-01T15:49:39.312+0000] {processor.py:925} INFO - DAG(s) 'currency_rate_dag' retrieved from /opt/airflow/dags/telegram-dag.py
[2024-11-01T15:49:39.329+0000] {logging_mixin.py:190} INFO - [2024-11-01T15:49:39.329+0000] {dag.py:3239} INFO - Sync 1 DAGs
[2024-11-01T15:49:39.349+0000] {logging_mixin.py:190} INFO - [2024-11-01T15:49:39.349+0000] {dag.py:4180} INFO - Setting next_dagrun for currency_rate_dag to 2024-11-01 12:00:00+00:00, run_after=2024-11-02 00:00:00+00:00
[2024-11-01T15:49:39.367+0000] {processor.py:208} INFO - Processing /opt/airflow/dags/telegram-dag.py took 0.095 seconds
[2024-11-01T15:50:09.877+0000] {processor.py:186} INFO - Started process (PID=2467) to work on /opt/airflow/dags/telegram-dag.py
[2024-11-01T15:50:09.879+0000] {processor.py:914} INFO - Processing file /opt/airflow/dags/telegram-dag.py for tasks to queue
[2024-11-01T15:50:09.884+0000] {logging_mixin.py:190} INFO - [2024-11-01T15:50:09.884+0000] {dagbag.py:588} INFO - Filling up the DagBag from /opt/airflow/dags/telegram-dag.py
[2024-11-01T15:50:09.930+0000] {processor.py:925} INFO - DAG(s) 'currency_rate_dag' retrieved from /opt/airflow/dags/telegram-dag.py
[2024-11-01T15:50:09.956+0000] {logging_mixin.py:190} INFO - [2024-11-01T15:50:09.956+0000] {dag.py:3239} INFO - Sync 1 DAGs
[2024-11-01T15:50:09.989+0000] {logging_mixin.py:190} INFO - [2024-11-01T15:50:09.989+0000] {dag.py:4180} INFO - Setting next_dagrun for currency_rate_dag to 2024-11-01 12:00:00+00:00, run_after=2024-11-02 00:00:00+00:00
[2024-11-01T15:50:10.019+0000] {processor.py:208} INFO - Processing /opt/airflow/dags/telegram-dag.py took 0.149 seconds
