[2024-11-05T20:27:16.011+0000] {local_task_job_runner.py:123} INFO - ::group::Pre task execution logs
[2024-11-05T20:27:16.025+0000] {taskinstance.py:2612} INFO - Dependencies all met for dep_context=non-requeueable deps ti=<TaskInstance: fraud_transaction_analysis.convert_to_btc manual__2024-11-05T20:27:06.954614+00:00 [queued]>
[2024-11-05T20:27:16.035+0000] {taskinstance.py:2612} INFO - Dependencies all met for dep_context=requeueable deps ti=<TaskInstance: fraud_transaction_analysis.convert_to_btc manual__2024-11-05T20:27:06.954614+00:00 [queued]>
[2024-11-05T20:27:16.036+0000] {taskinstance.py:2865} INFO - Starting attempt 1 of 1
[2024-11-05T20:27:16.049+0000] {taskinstance.py:2888} INFO - Executing <Task(PythonOperator): convert_to_btc> on 2024-11-05 20:27:06.954614+00:00
[2024-11-05T20:27:16.055+0000] {warnings.py:112} WARNING - /home/***/.local/lib/python3.12/site-packages/***/task/task_runner/standard_task_runner.py:70: DeprecationWarning: This process (pid=101) is multi-threaded, use of fork() may lead to deadlocks in the child.
  pid = os.fork()

[2024-11-05T20:27:16.057+0000] {standard_task_runner.py:72} INFO - Started process 103 to run task
[2024-11-05T20:27:16.058+0000] {standard_task_runner.py:104} INFO - Running: ['***', 'tasks', 'run', 'fraud_transaction_analysis', 'convert_to_btc', 'manual__2024-11-05T20:27:06.954614+00:00', '--job-id', '100', '--raw', '--subdir', 'DAGS_FOLDER/fraud_transaktion_analysis-dag.py', '--cfg-path', '/tmp/tmpmqw415d3']
[2024-11-05T20:27:16.059+0000] {standard_task_runner.py:105} INFO - Job 100: Subtask convert_to_btc
[2024-11-05T20:27:16.104+0000] {task_command.py:467} INFO - Running <TaskInstance: fraud_transaction_analysis.convert_to_btc manual__2024-11-05T20:27:06.954614+00:00 [running]> on host 21d07c241839
[2024-11-05T20:27:16.181+0000] {taskinstance.py:3131} INFO - Exporting env vars: AIRFLOW_CTX_DAG_OWNER='***' AIRFLOW_CTX_DAG_ID='fraud_transaction_analysis' AIRFLOW_CTX_TASK_ID='convert_to_btc' AIRFLOW_CTX_EXECUTION_DATE='2024-11-05T20:27:06.954614+00:00' AIRFLOW_CTX_TRY_NUMBER='1' AIRFLOW_CTX_DAG_RUN_ID='manual__2024-11-05T20:27:06.954614+00:00'
[2024-11-05T20:27:16.183+0000] {logging_mixin.py:190} INFO - Task instance is in running state
[2024-11-05T20:27:16.184+0000] {logging_mixin.py:190} INFO -  Previous state of the Task instance: queued
[2024-11-05T20:27:16.184+0000] {logging_mixin.py:190} INFO - Current task name:convert_to_btc state:running start_date:2024-11-05 20:27:16.026869+00:00
[2024-11-05T20:27:16.184+0000] {logging_mixin.py:190} INFO - Dag name:fraud_transaction_analysis and current dag run status:running
[2024-11-05T20:27:16.185+0000] {taskinstance.py:731} INFO - ::endgroup::
[2024-11-05T20:27:16.185+0000] {python.py:240} INFO - Done. Returned value was: 0.8653010392927184
[2024-11-05T20:27:16.206+0000] {taskinstance.py:340} INFO - ::group::Post task execution logs
[2024-11-05T20:27:16.207+0000] {taskinstance.py:352} INFO - Marking task as SUCCESS. dag_id=fraud_transaction_analysis, task_id=convert_to_btc, run_id=manual__2024-11-05T20:27:06.954614+00:00, execution_date=20241105T202706, start_date=20241105T202716, end_date=20241105T202716
[2024-11-05T20:27:16.216+0000] {logging_mixin.py:190} INFO - Task instance in success state
[2024-11-05T20:27:16.217+0000] {logging_mixin.py:190} INFO -  Previous state of the Task instance: running
[2024-11-05T20:27:16.218+0000] {logging_mixin.py:190} INFO - Dag name:fraud_transaction_analysis queued_at:2024-11-05 20:27:06.980321+00:00
[2024-11-05T20:27:16.218+0000] {logging_mixin.py:190} INFO - Task hostname:21d07c241839 operator:PythonOperator
[2024-11-05T20:27:16.232+0000] {local_task_job_runner.py:266} INFO - Task exited with return code 0
[2024-11-05T20:27:16.241+0000] {warnings.py:112} WARNING - /home/***/.local/lib/python3.12/site-packages/***/models/baseoperator.py:1378: AirflowProviderDeprecationWarning: Call to deprecated class PostgresOperator. (Please use `***.providers.common.sql.operators.sql.SQLExecuteQueryOperator`.Also, you can provide `hook_params={'schema': <database>}`.)
  result = cls.__new__(cls)

[2024-11-05T20:27:16.254+0000] {taskinstance.py:3900} INFO - 1 downstream tasks scheduled from follow-on schedule check
[2024-11-05T20:27:16.257+0000] {local_task_job_runner.py:245} INFO - ::endgroup::
